#
# A fatal error has been detected by the Java Runtime Environment:
#
#  SIGSEGV (0xb) at pc=0x00007f317fcf2190, pid=3317, tid=139850068481792
#
# JRE version: Java(TM) SE Runtime Environment (8.0_20-b26) (build 1.8.0_20-b26)
# Java VM: Java HotSpot(TM) 64-Bit Server VM (25.20-b23 mixed mode linux-amd64 compressed oops)
# Problematic frame:
# V  [libjvm.so+0x873190]  Method::checked_resolve_jmethod_id(_jmethodID*)+0x20
#
# Failed to write core dump. Core dumps have been disabled. To enable core dumping, try "ulimit -c unlimited" before starting Java again
#
# If you would like to submit a bug report, please visit:
#   http://bugreport.sun.com/bugreport/crash.jsp
#

---------------  T H R E A D  ---------------

Current thread (0x00007f31780ba000):  JavaThread "JDWP Transport Listener: dt_socket" daemon [_thread_in_vm, id=3336, stack(0x00007f3161975000,0x00007f3161a76000)]

siginfo: si_signo: 11 (SIGSEGV), si_code: 1 (SEGV_MAPERR), si_addr: 0x0000000000000031

Registers:
RAX=0x0000000000000001, RBX=0x00007f31780036a0, RCX=0x00007f3180dfd340, RDX=0x00007f31803d6fe0
RSP=0x00007f3161a747d0, RBP=0x00007f3161a747e0, RSI=0x00007f31780ba000, RDI=0x0000000000000031
R8 =0x00007f3140007b40, R9 =0x0000000000000000, R10=0x0000000000000010, R11=0x00007f3180597ff0
R12=0x0000000000000017, R13=0x0000000000000031, R14=0x00007f31780ba000, R15=0x00007f3161a748e7
RIP=0x00007f317fcf2190, EFLAGS=0x0000000000010202, CSGSFS=0x0000000000000033, ERR=0x0000000000000004
  TRAPNO=0x000000000000000e

Top of Stack: (sp=0x00007f3161a747d0)
0x00007f3161a747d0:   0000000000000074 00007f31780036a0
0x00007f3161a747e0:   00007f3161a74850 00007f317fb8778e
0x00007f3161a747f0:   00007f3140007b40 00007f3161a74800
0x00007f3161a74800:   00007f31780ba000 0000000000000000
0x00007f3161a74810:   00007f3100000000 0000000000000000
0x00007f3161a74820:   00007f3161a74840 00007f317eb33d60
0x00007f3161a74830:   0000000000000031 00007f3161a748e7
0x00007f3161a74840:   0000000000000005 00007f3161a748e7
0x00007f3161a74850:   00007f3161a74880 00007f317e91f872
0x00007f3161a74860:   00007f3161a74880 0000000000000031
0x00007f3161a74870:   00007f3161a74950 0000000000000028
0x00007f3161a74880:   00007f3161a74910 00007f317e900a60
0x00007f3161a74890:   00007f3161a748c8 00007f3161a748c0
0x00007f3161a748a0:   00007f3161a748b8 00007f3161a748dc
0x00007f3161a748b0:   0000000140002ed0 0000000000000000
0x00007f3161a748c0:   0000000000000000 0000000000000000
0x00007f3161a748d0:   00007f3140007c40 0000000961a74950
0x00007f3161a748e0:   0000000000000006 0000000000000002
0x00007f3161a748f0:   000000000000000f 0000000000000002
0x00007f3161a74900:   00000000000f0200 000000000000000f
0x00007f3161a74910:   00007f3161a74b60 00007f317e90b976
0x00007f3161a74920:   00005ccf00000013 00007f317f0f0200
0x00007f3161a74930:   00007f3138000fb0 0000000000000000
0x00007f3161a74940:   00007f3161a74950 00007f3161a74ae0
0x00007f3161a74950:   00007f3161a74a59 00007f3100000073
0x00007f3161a74960:   00007f3161a74968 00000000000000b9
0x00007f3161a74970:   00007f3161a749a0 0000000000000000
0x00007f3161a74980:   00007f0000000000 00005ccf0000001c
0x00007f3161a74990:   00007f3100004a80 00007f3161a749a0
0x00007f3161a749a0:   317f000006000000 08000000606e0040
0x00007f3161a749b0:   3e74696e696c633c 0056292803000000
0x00007f3161a749c0:   0008000000000000 00586e0040317f00 

Instructions: (pc=0x00007f317fcf2190)
0x00007f317fcf2170:   55 48 89 e5 53 48 83 ec 08 48 85 ff 75 12 31 db
0x00007f317fcf2180:   48 89 d8 48 83 c4 08 5b c9 c3 66 0f 1f 44 00 00
0x00007f317fcf2190:   48 8b 1f 48 85 db 74 e6 48 83 fb 37 74 e0 48 8b
0x00007f317fcf21a0:   03 48 89 df ff 50 10 84 c0 0f 1f 80 00 00 00 00 

Register to memory mapping:

RAX=0x0000000000000001 is an unknown value
RBX=0x00007f31780036a0 is an unknown value
RCX=0x00007f3180dfd340: <offset 0x219340> in /lib/x86_64-linux-gnu/libpthread.so.0 at 0x00007f3180be4000
RDX=0x00007f31803d6fe0: <offset 0xf57fe0> in /home/hijj/software/javaAndroid/jdk/jdk8/jre/lib/amd64/server/libjvm.so at 0x00007f317f47f000
RSP=0x00007f3161a747d0 is pointing into the stack for thread: 0x00007f31780ba000
RBP=0x00007f3161a747e0 is pointing into the stack for thread: 0x00007f31780ba000
RSI=0x00007f31780ba000 is a thread
RDI=0x0000000000000031 is an unknown value
R8 =0x00007f3140007b40 is an unknown value
R9 =0x0000000000000000 is an unknown value
R10=0x0000000000000010 is an unknown value
R11=0x00007f3180597ff0: <offset 0x196ff0> in /lib/x86_64-linux-gnu/libc.so.6 at 0x00007f3180401000
R12=0x0000000000000017 is an unknown value
R13=0x0000000000000031 is an unknown value
R14=0x00007f31780ba000 is a thread
R15=0x00007f3161a748e7 is pointing into the stack for thread: 0x00007f31780ba000


Stack: [0x00007f3161975000,0x00007f3161a76000],  sp=0x00007f3161a747d0,  free space=1021k
Native frames: (J=compiled Java code, j=interpreted, Vv=VM code, C=native code)
V  [libjvm.so+0x873190]  Method::checked_resolve_jmethod_id(_jmethodID*)+0x20
V  [libjvm.so+0x70878e]  jvmti_IsMethodSynthetic+0x29e
C  [libjdwp.so+0x25872]  isMethodSynthetic+0x42
C  [libjdwp.so+0x6a60]  methods1+0x1b0
C  [libjdwp.so+0x11976]  debugLoop_run+0x2b6
C  [libjdwp.so+0x247af]  attachThread+0x2f
V  [libjvm.so+0x7744f2]  JvmtiAgentThread::call_start_function()+0xc2
V  [libjvm.so+0xa2990f]  JavaThread::thread_main_inner()+0xdf
V  [libjvm.so+0xa29a3c]  JavaThread::run()+0x11c
V  [libjvm.so+0x8e75f8]  java_start(Thread*)+0x108
C  [libpthread.so.0+0x76aa]  start_thread+0xca


---------------  P R O C E S S  ---------------

Java Threads: ( => current thread )
  0x00007f31780d2800 JavaThread "Service Thread" daemon [_thread_blocked, id=3346, stack(0x00007f316136f000,0x00007f3161470000)]
  0x00007f31780c5000 JavaThread "C1 CompilerThread2" daemon [_thread_blocked, id=3345, stack(0x00007f3161470000,0x00007f3161571000)]
  0x00007f31780c3000 JavaThread "C2 CompilerThread1" daemon [_thread_blocked, id=3344, stack(0x00007f3161571000,0x00007f3161672000)]
  0x00007f31780c0000 JavaThread "C2 CompilerThread0" daemon [_thread_blocked, id=3343, stack(0x00007f3161672000,0x00007f3161773000)]
  0x00007f3140001000 JavaThread "JDWP Command Reader" daemon [_thread_in_native, id=3340, stack(0x00007f3161773000,0x00007f3161874000)]
  0x00007f31780be000 JavaThread "JDWP Event Helper Thread" daemon [_thread_blocked, id=3338, stack(0x00007f3161874000,0x00007f3161975000)]
=>0x00007f31780ba000 JavaThread "JDWP Transport Listener: dt_socket" daemon [_thread_in_vm, id=3336, stack(0x00007f3161975000,0x00007f3161a76000)]
  0x00007f31780ad000 JavaThread "Signal Dispatcher" daemon [_thread_blocked, id=3334, stack(0x00007f3161c7a000,0x00007f3161d7b000)]
  0x00007f317807f000 JavaThread "Finalizer" daemon [_thread_blocked, id=3331, stack(0x00007f3161d7b000,0x00007f3161e7c000)]
  0x00007f317807d000 JavaThread "Reference Handler" daemon [_thread_blocked, id=3330, stack(0x00007f3161e7c000,0x00007f3161f7d000)]
  0x00007f317800c000 JavaThread "main" [_thread_in_native, id=3322, stack(0x00007f3180f04000,0x00007f3181005000)]

Other Threads:
  0x00007f3178075800 VMThread [stack: 0x00007f3161f7d000,0x00007f316207e000] [id=3329]
  0x00007f31780d5000 WatcherThread [stack: 0x00007f316126e000,0x00007f316136f000] [id=3347]

VM state:not at safepoint (normal execution)

VM Mutex/Monitor currently owned by a thread: None

Heap:
 PSYoungGen      total 17920K, used 2153K [0x00000000ec580000, 0x00000000ed980000, 0x0000000100000000)
  eden space 15360K, 14% used [0x00000000ec580000,0x00000000ec79a7e8,0x00000000ed480000)
  from space 2560K, 0% used [0x00000000ed700000,0x00000000ed700000,0x00000000ed980000)
  to   space 2560K, 0% used [0x00000000ed480000,0x00000000ed480000,0x00000000ed700000)
 ParOldGen       total 40960K, used 0K [0x00000000c5000000, 0x00000000c7800000, 0x00000000ec580000)
  object space 40960K, 0% used [0x00000000c5000000,0x00000000c5000000,0x00000000c7800000)
 Metaspace       used 3563K, capacity 4644K, committed 4864K, reserved 1056768K
  class space    used 394K, capacity 396K, committed 512K, reserved 1048576K

Card table byte_map: [0x00007f317d025000,0x00007f317d1fe000] byte_map_base: 0x00007f317c9fd000

Marking Bits: (ParMarkBitMap*) 0x00007f31803d6ac0
 Begin Bits: [0x00007f3162280000, 0x00007f3163140000)
 End Bits:   [0x00007f3163140000, 0x00007f3164000000)

Polling page: 0x00007f3181022000

CodeCache: size=245760Kb used=1197Kb max_used=1197Kb free=244562Kb
 bounds [0x00007f3169000000, 0x00007f3169270000, 0x00007f3178000000]
 total_blobs=301 nmethods=64 adapters=160
 compilation: enabled

Compilation events (10 events):
Event: 0.270 Thread 0x00007f31780c5000   58       3       java.lang.CharacterData::of (120 bytes)
Event: 0.270 Thread 0x00007f31780c5000 nmethod 58 0x00007f3169128cd0 code [0x00007f3169128e80, 0x00007f3169129410]
Event: 0.270 Thread 0x00007f31780c5000   59       3       java.lang.CharacterDataLatin1::getProperties (11 bytes)
Event: 0.271 Thread 0x00007f31780c5000 nmethod 59 0x00007f3169129690 code [0x00007f3169129800, 0x00007f3169129990]
Event: 0.272 Thread 0x00007f31780c5000   61       3       java.util.concurrent.ConcurrentHashMap::setTabAt (19 bytes)
Event: 0.273 Thread 0x00007f31780c5000 nmethod 61 0x00007f316912ae50 code [0x00007f316912afa0, 0x00007f316912b110]
Event: 0.273 Thread 0x00007f31780c5000   63       3       java.util.concurrent.ConcurrentHashMap::casTabAt (20 bytes)
Event: 0.273 Thread 0x00007f31780c5000 nmethod 63 0x00007f316912b190 code [0x00007f316912b2e0, 0x00007f316912b450]
Event: 780.937 Thread 0x00007f31780c5000   64       3       java.util.concurrent.ConcurrentHashMap$Node::<init> (26 bytes)
Event: 780.937 Thread 0x00007f31780c5000 nmethod 64 0x00007f316912b4d0 code [0x00007f316912b640, 0x00007f316912b830]

GC Heap History (0 events):
No events

Deoptimization events (0 events):
No events

Internal exceptions (10 events):
Event: 0.256 Thread 0x00007f317800c000 Exception <a 'java/security/PrivilegedActionException'> (0x00000000ec72c478) thrown at [/HUDSON/workspace/8-2-build-linux-amd64/jdk8u20/1074/hotspot/src/share/vm/prims/jvm.cpp, line 1275]
Event: 0.256 Thread 0x00007f317800c000 Exception <a 'java/security/PrivilegedActionException'> (0x00000000ec72d630) thrown at [/HUDSON/workspace/8-2-build-linux-amd64/jdk8u20/1074/hotspot/src/share/vm/prims/jvm.cpp, line 1275]
Event: 0.257 Thread 0x00007f317800c000 Exception <a 'java/security/PrivilegedActionException'> (0x00000000ec730050) thrown at [/HUDSON/workspace/8-2-build-linux-amd64/jdk8u20/1074/hotspot/src/share/vm/prims/jvm.cpp, line 1275]
Event: 0.258 Thread 0x00007f317800c000 Exception <a 'java/security/PrivilegedActionException'> (0x00000000ec7313f0) thrown at [/HUDSON/workspace/8-2-build-linux-amd64/jdk8u20/1074/hotspot/src/share/vm/prims/jvm.cpp, line 1275]
Event: 0.266 Thread 0x00007f317800c000 Exception <a 'java/security/PrivilegedActionException'> (0x00000000ec745190) thrown at [/HUDSON/workspace/8-2-build-linux-amd64/jdk8u20/1074/hotspot/src/share/vm/prims/jvm.cpp, line 1275]
Event: 0.267 Thread 0x00007f317800c000 Exception <a 'java/security/PrivilegedActionException'> (0x00000000ec746628) thrown at [/HUDSON/workspace/8-2-build-linux-amd64/jdk8u20/1074/hotspot/src/share/vm/prims/jvm.cpp, line 1275]
Event: 0.269 Thread 0x00007f317800c000 Exception <a 'java/security/PrivilegedActionException'> (0x00000000ec753ca8) thrown at [/HUDSON/workspace/8-2-build-linux-amd64/jdk8u20/1074/hotspot/src/share/vm/prims/jvm.cpp, line 1275]
Event: 0.269 Thread 0x00007f317800c000 Exception <a 'java/security/PrivilegedActionException'> (0x00000000ec755368) thrown at [/HUDSON/workspace/8-2-build-linux-amd64/jdk8u20/1074/hotspot/src/share/vm/prims/jvm.cpp, line 1275]
Event: 0.270 Thread 0x00007f317800c000 Exception <a 'java/security/PrivilegedActionException'> (0x00000000ec757a08) thrown at [/HUDSON/workspace/8-2-build-linux-amd64/jdk8u20/1074/hotspot/src/share/vm/prims/jvm.cpp, line 1275]
Event: 0.270 Thread 0x00007f317800c000 Exception <a 'java/security/PrivilegedActionException'> (0x00000000ec7590e8) thrown at [/HUDSON/workspace/8-2-build-linux-amd64/jdk8u20/1074/hotspot/src/share/vm/prims/jvm.cpp, line 1275]

Events (10 events):
Event: 781.002 Executing VM operation: ChangeBreakpoints
Event: 781.002 Executing VM operation: ChangeBreakpoints done
Event: 781.006 Executing VM operation: ChangeBreakpoints
Event: 781.006 Executing VM operation: ChangeBreakpoints done
Event: 781.006 Executing VM operation: ChangeBreakpoints
Event: 781.006 Executing VM operation: ChangeBreakpoints done
Event: 781.015 Executing VM operation: ChangeBreakpoints
Event: 781.015 Executing VM operation: ChangeBreakpoints done
Event: 792.649 Executing VM operation: RedefineClasses
Event: 792.649 Executing VM operation: RedefineClasses done


Dynamic libraries:
00400000-00401000 r-xp 00000000 08:08 2622385                            /home/hijj/software/javaAndroid/jdk/jdk8/bin/java
00600000-00601000 rw-p 00000000 08:08 2622385                            /home/hijj/software/javaAndroid/jdk/jdk8/bin/java
00c4a000-00c6b000 rw-p 00000000 00:00 0                                  [heap]
c5000000-c7800000 rw-p 00000000 00:00 0 
c7800000-ec580000 ---p 00000000 00:00 0 
ec580000-ed980000 rw-p 00000000 00:00 0 
ed980000-100000000 ---p 00000000 00:00 0 
100000000-100080000 rw-p 00000000 00:00 0 
100080000-140000000 ---p 00000000 00:00 0 
7f311c000000-7f311c021000 rw-p 00000000 00:00 0 
7f311c021000-7f3120000000 ---p 00000000 00:00 0 
7f3124000000-7f3124063000 rw-p 00000000 00:00 0 
7f3124063000-7f3128000000 ---p 00000000 00:00 0 
7f3128000000-7f3128021000 rw-p 00000000 00:00 0 
7f3128021000-7f312c000000 ---p 00000000 00:00 0 
7f312c000000-7f312c04e000 rw-p 00000000 00:00 0 
7f312c04e000-7f3130000000 ---p 00000000 00:00 0 
7f3130000000-7f3130021000 rw-p 00000000 00:00 0 
7f3130021000-7f3134000000 ---p 00000000 00:00 0 
7f3134000000-7f3134021000 rw-p 00000000 00:00 0 
7f3134021000-7f3138000000 ---p 00000000 00:00 0 
7f3138000000-7f3138021000 rw-p 00000000 00:00 0 
7f3138021000-7f313c000000 ---p 00000000 00:00 0 
7f313c000000-7f313c021000 rw-p 00000000 00:00 0 
7f313c021000-7f3140000000 ---p 00000000 00:00 0 
7f3140000000-7f3140022000 rw-p 00000000 00:00 0 
7f3140022000-7f3144000000 ---p 00000000 00:00 0 
7f3144000000-7f3144021000 rw-p 00000000 00:00 0 
7f3144021000-7f3148000000 ---p 00000000 00:00 0 
7f3148000000-7f3148021000 rw-p 00000000 00:00 0 
7f3148021000-7f314c000000 ---p 00000000 00:00 0 
7f314c000000-7f314c021000 rw-p 00000000 00:00 0 
7f314c021000-7f3150000000 ---p 00000000 00:00 0 
7f3150000000-7f3150021000 rw-p 00000000 00:00 0 
7f3150021000-7f3154000000 ---p 00000000 00:00 0 
7f3154000000-7f3154021000 rw-p 00000000 00:00 0 
7f3154021000-7f3158000000 ---p 00000000 00:00 0 
7f315c000000-7f315c021000 rw-p 00000000 00:00 0 
7f315c021000-7f3160000000 ---p 00000000 00:00 0 
7f3160ff9000-7f316126e000 rw-p 00000000 00:00 0 
7f316126e000-7f316126f000 ---p 00000000 00:00 0 
7f316126f000-7f316136f000 rw-p 00000000 00:00 0                          [stack:3347]
7f316136f000-7f3161372000 ---p 00000000 00:00 0 
7f3161372000-7f3161470000 rw-p 00000000 00:00 0                          [stack:3346]
7f3161470000-7f3161473000 ---p 00000000 00:00 0 
7f3161473000-7f3161571000 rw-p 00000000 00:00 0                          [stack:3345]
7f3161571000-7f3161574000 ---p 00000000 00:00 0 
7f3161574000-7f3161672000 rw-p 00000000 00:00 0                          [stack:3344]
7f3161672000-7f3161675000 ---p 00000000 00:00 0 
7f3161675000-7f3161773000 rw-p 00000000 00:00 0                          [stack:3343]
7f3161773000-7f3161776000 ---p 00000000 00:00 0 
7f3161776000-7f3161874000 rw-p 00000000 00:00 0                          [stack:3340]
7f3161874000-7f3161877000 ---p 00000000 00:00 0 
7f3161877000-7f3161975000 rw-p 00000000 00:00 0                          [stack:3338]
7f3161975000-7f3161978000 ---p 00000000 00:00 0 
7f3161978000-7f3161a76000 rw-p 00000000 00:00 0                          [stack:3336]
7f3161a76000-7f3161a7a000 r-xp 00000000 08:08 2628974                    /home/hijj/software/javaAndroid/jdk/jdk8/jre/lib/amd64/libdt_socket.so
7f3161a7a000-7f3161c79000 ---p 00004000 08:08 2628974                    /home/hijj/software/javaAndroid/jdk/jdk8/jre/lib/amd64/libdt_socket.so
7f3161c79000-7f3161c7a000 rw-p 00003000 08:08 2628974                    /home/hijj/software/javaAndroid/jdk/jdk8/jre/lib/amd64/libdt_socket.so
7f3161c7a000-7f3161c7d000 ---p 00000000 00:00 0 
7f3161c7d000-7f3161d7b000 rw-p 00000000 00:00 0                          [stack:3334]
7f3161d7b000-7f3161d7e000 ---p 00000000 00:00 0 
7f3161d7e000-7f3161e7c000 rw-p 00000000 00:00 0                          [stack:3331]
7f3161e7c000-7f3161e7f000 ---p 00000000 00:00 0 
7f3161e7f000-7f3161f7d000 rw-p 00000000 00:00 0                          [stack:3330]
7f3161f7d000-7f3161f7e000 ---p 00000000 00:00 0 
7f3161f7e000-7f3164000000 rw-p 00000000 00:00 0                          [stack:3329]
7f3164000000-7f3164021000 rw-p 00000000 00:00 0 
7f3164021000-7f3168000000 ---p 00000000 00:00 0 
7f31680cd000-7f31680e0000 r--s 00344000 08:08 2628842                    /home/hijj/software/javaAndroid/jdk/jdk8/jre/lib/resources.jar
7f31680e0000-7f31680fc000 r--s 00393000 08:08 2628860                    /home/hijj/software/javaAndroid/jdk/jdk8/jre/lib/ext/cldrdata.jar
7f31680fc000-7f3168e2a000 rw-p 00000000 00:00 0 
7f3168e2a000-7f3169000000 r--s 03ca8000 08:08 2628807                    /home/hijj/software/javaAndroid/jdk/jdk8/jre/lib/rt.jar
7f3169000000-7f3169270000 rwxp 00000000 00:00 0 
7f3169270000-7f3178000000 ---p 00000000 00:00 0 
7f3178000000-7f3178150000 rw-p 00000000 00:00 0 
7f3178150000-7f317c000000 ---p 00000000 00:00 0 
7f317c007000-7f317c54e000 rw-p 00000000 00:00 0 
7f317c54e000-7f317c90e000 ---p 00000000 00:00 0 
7f317c90e000-7f317cae6000 rw-p 00000000 00:00 0 
7f317cae6000-7f317cae7000 ---p 00000000 00:00 0 
7f317cae7000-7f317cbe7000 rw-p 00000000 00:00 0                          [stack:3327]
7f317cbe7000-7f317cbe8000 ---p 00000000 00:00 0 
7f317cbe8000-7f317cce8000 rw-p 00000000 00:00 0                          [stack:3326]
7f317cce8000-7f317cce9000 ---p 00000000 00:00 0 
7f317cce9000-7f317cde9000 rw-p 00000000 00:00 0                          [stack:3325]
7f317cde9000-7f317cdea000 ---p 00000000 00:00 0 
7f317cdea000-7f317cefe000 rw-p 00000000 00:00 0                          [stack:3324]
7f317cefe000-7f317d025000 ---p 00000000 00:00 0 
7f317d025000-7f317d039000 rw-p 00000000 00:00 0 
7f317d039000-7f317d15f000 ---p 00000000 00:00 0 
7f317d15f000-7f317d16a000 rw-p 00000000 00:00 0 
7f317d16a000-7f317d1fd000 ---p 00000000 00:00 0 
7f317d1fd000-7f317d208000 rw-p 00000000 00:00 0 
7f317d208000-7f317d5be000 ---p 00000000 00:00 0 
7f317d5be000-7f317d5d8000 r-xp 00000000 08:08 2629001                    /home/hijj/software/javaAndroid/jdk/jdk8/jre/lib/amd64/libzip.so
7f317d5d8000-7f317d7d8000 ---p 0001a000 08:08 2629001                    /home/hijj/software/javaAndroid/jdk/jdk8/jre/lib/amd64/libzip.so
7f317d7d8000-7f317d7d9000 rw-p 0001a000 08:08 2629001                    /home/hijj/software/javaAndroid/jdk/jdk8/jre/lib/amd64/libzip.so
7f317d7d9000-7f317d7e5000 r-xp 00000000 08:08 5771539                    /lib/x86_64-linux-gnu/libnss_files-2.21.so
7f317d7e5000-7f317d9e4000 ---p 0000c000 08:08 5771539                    /lib/x86_64-linux-gnu/libnss_files-2.21.so
7f317d9e4000-7f317d9e5000 r--p 0000b000 08:08 5771539                    /lib/x86_64-linux-gnu/libnss_files-2.21.so
7f317d9e5000-7f317d9e6000 rw-p 0000c000 08:08 5771539                    /lib/x86_64-linux-gnu/libnss_files-2.21.so
7f317d9e6000-7f317d9f1000 r-xp 00000000 08:08 5771549                    /lib/x86_64-linux-gnu/libnss_nis-2.21.so
7f317d9f1000-7f317dbf0000 ---p 0000b000 08:08 5771549                    /lib/x86_64-linux-gnu/libnss_nis-2.21.so
7f317dbf0000-7f317dbf1000 r--p 0000a000 08:08 5771549                    /lib/x86_64-linux-gnu/libnss_nis-2.21.so
7f317dbf1000-7f317dbf2000 rw-p 0000b000 08:08 5771549                    /lib/x86_64-linux-gnu/libnss_nis-2.21.so
7f317dbf2000-7f317dc09000 r-xp 00000000 08:08 5771533                    /lib/x86_64-linux-gnu/libnsl-2.21.so
7f317dc09000-7f317de08000 ---p 00017000 08:08 5771533                    /lib/x86_64-linux-gnu/libnsl-2.21.so
7f317de08000-7f317de09000 r--p 00016000 08:08 5771533                    /lib/x86_64-linux-gnu/libnsl-2.21.so
7f317de09000-7f317de0a000 rw-p 00017000 08:08 5771533                    /lib/x86_64-linux-gnu/libnsl-2.21.so
7f317de0a000-7f317de0c000 rw-p 00000000 00:00 0 
7f317de0c000-7f317de14000 r-xp 00000000 08:08 5771535                    /lib/x86_64-linux-gnu/libnss_compat-2.21.so
7f317de14000-7f317e013000 ---p 00008000 08:08 5771535                    /lib/x86_64-linux-gnu/libnss_compat-2.21.so
7f317e013000-7f317e014000 r--p 00007000 08:08 5771535                    /lib/x86_64-linux-gnu/libnss_compat-2.21.so
7f317e014000-7f317e015000 rw-p 00008000 08:08 5771535                    /lib/x86_64-linux-gnu/libnss_compat-2.21.so
7f317e015000-7f317e6f7000 r--p 00000000 08:08 4070784                    /usr/lib/locale/locale-archive
7f317e6f7000-7f317e6f9000 r-xp 00000000 08:08 2628975                    /home/hijj/software/javaAndroid/jdk/jdk8/jre/lib/amd64/libnpt.so
7f317e6f9000-7f317e8f9000 ---p 00002000 08:08 2628975                    /home/hijj/software/javaAndroid/jdk/jdk8/jre/lib/amd64/libnpt.so
7f317e8f9000-7f317e8fa000 rw-p 00002000 08:08 2628975                    /home/hijj/software/javaAndroid/jdk/jdk8/jre/lib/amd64/libnpt.so
7f317e8fa000-7f317e933000 r-xp 00000000 08:08 2628992                    /home/hijj/software/javaAndroid/jdk/jdk8/jre/lib/amd64/libjdwp.so
7f317e933000-7f317eb32000 ---p 00039000 08:08 2628992                    /home/hijj/software/javaAndroid/jdk/jdk8/jre/lib/amd64/libjdwp.so
7f317eb32000-7f317eb34000 rw-p 00038000 08:08 2628992                    /home/hijj/software/javaAndroid/jdk/jdk8/jre/lib/amd64/libjdwp.so
7f317eb34000-7f317eb5e000 r-xp 00000000 08:08 2628996                    /home/hijj/software/javaAndroid/jdk/jdk8/jre/lib/amd64/libjava.so
7f317eb5e000-7f317ed5e000 ---p 0002a000 08:08 2628996                    /home/hijj/software/javaAndroid/jdk/jdk8/jre/lib/amd64/libjava.so
7f317ed5e000-7f317ed60000 rw-p 0002a000 08:08 2628996                    /home/hijj/software/javaAndroid/jdk/jdk8/jre/lib/amd64/libjava.so
7f317ed60000-7f317ed6d000 r-xp 00000000 08:08 2629000                    /home/hijj/software/javaAndroid/jdk/jdk8/jre/lib/amd64/libverify.so
7f317ed6d000-7f317ef6d000 ---p 0000d000 08:08 2629000                    /home/hijj/software/javaAndroid/jdk/jdk8/jre/lib/amd64/libverify.so
7f317ef6d000-7f317ef6f000 rw-p 0000d000 08:08 2629000                    /home/hijj/software/javaAndroid/jdk/jdk8/jre/lib/amd64/libverify.so
7f317ef6f000-7f317ef76000 r-xp 00000000 08:08 5771594                    /lib/x86_64-linux-gnu/librt-2.21.so
7f317ef76000-7f317f175000 ---p 00007000 08:08 5771594                    /lib/x86_64-linux-gnu/librt-2.21.so
7f317f175000-7f317f176000 r--p 00006000 08:08 5771594                    /lib/x86_64-linux-gnu/librt-2.21.so
7f317f176000-7f317f177000 rw-p 00007000 08:08 5771594                    /lib/x86_64-linux-gnu/librt-2.21.so
7f317f177000-7f317f27e000 r-xp 00000000 08:08 5771512                    /lib/x86_64-linux-gnu/libm-2.21.so
7f317f27e000-7f317f47d000 ---p 00107000 08:08 5771512                    /lib/x86_64-linux-gnu/libm-2.21.so
7f317f47d000-7f317f47e000 r--p 00106000 08:08 5771512                    /lib/x86_64-linux-gnu/libm-2.21.so
7f317f47e000-7f317f47f000 rw-p 00107000 08:08 5771512                    /lib/x86_64-linux-gnu/libm-2.21.so
7f317f47f000-7f31800e9000 r-xp 00000000 08:08 2628982                    /home/hijj/software/javaAndroid/jdk/jdk8/jre/lib/amd64/server/libjvm.so
7f31800e9000-7f31802e8000 ---p 00c6a000 08:08 2628982                    /home/hijj/software/javaAndroid/jdk/jdk8/jre/lib/amd64/server/libjvm.so
7f31802e8000-7f31803bf000 rw-p 00c69000 08:08 2628982                    /home/hijj/software/javaAndroid/jdk/jdk8/jre/lib/amd64/server/libjvm.so
7f31803bf000-7f3180401000 rw-p 00000000 00:00 0 
7f3180401000-7f31805c1000 r-xp 00000000 08:08 5771453                    /lib/x86_64-linux-gnu/libc-2.21.so
7f31805c1000-7f31807c1000 ---p 001c0000 08:08 5771453                    /lib/x86_64-linux-gnu/libc-2.21.so
7f31807c1000-7f31807c5000 r--p 001c0000 08:08 5771453                    /lib/x86_64-linux-gnu/libc-2.21.so
7f31807c5000-7f31807c7000 rw-p 001c4000 08:08 5771453                    /lib/x86_64-linux-gnu/libc-2.21.so
7f31807c7000-7f31807cb000 rw-p 00000000 00:00 0 
7f31807cb000-7f31807ce000 r-xp 00000000 08:08 5771470                    /lib/x86_64-linux-gnu/libdl-2.21.so
7f31807ce000-7f31809cd000 ---p 00003000 08:08 5771470                    /lib/x86_64-linux-gnu/libdl-2.21.so
7f31809cd000-7f31809ce000 r--p 00002000 08:08 5771470                    /lib/x86_64-linux-gnu/libdl-2.21.so
7f31809ce000-7f31809cf000 rw-p 00003000 08:08 5771470                    /lib/x86_64-linux-gnu/libdl-2.21.so
7f31809cf000-7f31809e4000 r-xp 00000000 08:08 2628623                    /home/hijj/software/javaAndroid/jdk/jdk8/lib/amd64/jli/libjli.so
7f31809e4000-7f3180be3000 ---p 00015000 08:08 2628623                    /home/hijj/software/javaAndroid/jdk/jdk8/lib/amd64/jli/libjli.so
7f3180be3000-7f3180be4000 rw-p 00014000 08:08 2628623                    /home/hijj/software/javaAndroid/jdk/jdk8/lib/amd64/jli/libjli.so
7f3180be4000-7f3180bfc000 r-xp 00000000 08:08 5771586                    /lib/x86_64-linux-gnu/libpthread-2.21.so
7f3180bfc000-7f3180dfc000 ---p 00018000 08:08 5771586                    /lib/x86_64-linux-gnu/libpthread-2.21.so
7f3180dfc000-7f3180dfd000 r--p 00018000 08:08 5771586                    /lib/x86_64-linux-gnu/libpthread-2.21.so
7f3180dfd000-7f3180dfe000 rw-p 00019000 08:08 5771586                    /lib/x86_64-linux-gnu/libpthread-2.21.so
7f3180dfe000-7f3180e02000 rw-p 00000000 00:00 0 
7f3180e02000-7f3180e26000 r-xp 00000000 08:08 5771425                    /lib/x86_64-linux-gnu/ld-2.21.so
7f3180e2c000-7f3180f04000 rw-p 00000000 00:00 0 
7f3180f04000-7f3180f07000 ---p 00000000 00:00 0 
7f3180f07000-7f3181009000 rw-p 00000000 00:00 0                          [stack:3322]
7f318100c000-7f318100f000 rw-p 00000000 00:00 0 
7f318100f000-7f3181019000 r--s 00116000 08:08 2628866                    /home/hijj/software/javaAndroid/jdk/jdk8/jre/lib/ext/localedata.jar
7f3181019000-7f3181021000 rw-s 00000000 08:08 5265868                    /tmp/hsperfdata_hijj/3317
7f3181021000-7f3181022000 rw-p 00000000 00:00 0 
7f3181022000-7f3181023000 r--p 00000000 00:00 0 
7f3181023000-7f3181025000 rw-p 00000000 00:00 0 
7f3181025000-7f3181026000 r--p 00023000 08:08 5771425                    /lib/x86_64-linux-gnu/ld-2.21.so
7f3181026000-7f3181027000 rw-p 00024000 08:08 5771425                    /lib/x86_64-linux-gnu/ld-2.21.so
7f3181027000-7f3181028000 rw-p 00000000 00:00 0 
7ffe885f2000-7ffe88613000 rw-p 00000000 00:00 0                          [stack]
7ffe886eb000-7ffe886ed000 r--p 00000000 00:00 0                          [vvar]
7ffe886ed000-7ffe886ef000 r-xp 00000000 00:00 0                          [vdso]
ffffffffff600000-ffffffffff601000 r-xp 00000000 00:00 0                  [vsyscall]

VM Arguments:
jvm_args: -agentlib:jdwp=transport=dt_socket,suspend=y,address=localhost:52781 -Dfile.encoding=UTF-8 
java_command: learning.rzh1.rzh1
java_class_path (initial): /media/hijj/娱乐/github/repositories/ACM/Java/bin
Launcher Type: SUN_STANDARD

Environment Variables:
JAVA_HOME=/home/hijj/software/javaAndroid/jdk/jdk8
JRE_HOME=/home/hijj/software/javaAndroid/jdk/jdk8/jre
CLASSPATH=.:/home/hijj/software/javaAndroid/jdk/jdk8/lib:/home/hijj/software/javaAndroid/jdk/jdk8/jre/lib:.:$JAVA_HOME/lib:$JAVA_HOME/jre/lib
PATH=/home/hijj/software/javaAndroid/jdk/jdk8/bin:/home/hijj/software/javaAndroid/jdk/jdk8/jre/bin:/usr/local/sbin:/usr/local/bin:/usr/sbin:/usr/bin:/sbin:/bin:/usr/games:/usr/local/games:$JAVA_HOME/bin
SHELL=/bin/bash
DISPLAY=:0

Signal Handlers:
SIGSEGV: [libjvm.so+0xa77530], sa_mask[0]=11111111011111111101111111111110, sa_flags=SA_RESTART|SA_SIGINFO
SIGBUS: [libjvm.so+0xa77530], sa_mask[0]=11111111011111111101111111111110, sa_flags=SA_RESTART|SA_SIGINFO
SIGFPE: [libjvm.so+0x8e1d90], sa_mask[0]=11111111011111111101111111111110, sa_flags=SA_RESTART|SA_SIGINFO
SIGPIPE: [libjvm.so+0x8e1d90], sa_mask[0]=11111111011111111101111111111110, sa_flags=SA_RESTART|SA_SIGINFO
SIGXFSZ: [libjvm.so+0x8e1d90], sa_mask[0]=11111111011111111101111111111110, sa_flags=SA_RESTART|SA_SIGINFO
SIGILL: [libjvm.so+0x8e1d90], sa_mask[0]=11111111011111111101111111111110, sa_flags=SA_RESTART|SA_SIGINFO
SIGUSR1: SIG_DFL, sa_mask[0]=00000000000000000000000000000000, sa_flags=none
SIGUSR2: [libjvm.so+0x8e35c0], sa_mask[0]=00100000000000000000000000000000, sa_flags=SA_RESTART|SA_SIGINFO
SIGHUP: [libjvm.so+0x8e4980], sa_mask[0]=11111111011111111101111111111110, sa_flags=SA_RESTART|SA_SIGINFO
SIGINT: [libjvm.so+0x8e4980], sa_mask[0]=11111111011111111101111111111110, sa_flags=SA_RESTART|SA_SIGINFO
SIGTERM: [libjvm.so+0x8e4980], sa_mask[0]=11111111011111111101111111111110, sa_flags=SA_RESTART|SA_SIGINFO
SIGQUIT: [libjvm.so+0x8e4980], sa_mask[0]=11111111011111111101111111111110, sa_flags=SA_RESTART|SA_SIGINFO


---------------  S Y S T E M  ---------------

OS:DISTRIB_ID=Ubuntu
DISTRIB_RELEASE=15.04
DISTRIB_CODENAME=vivid
DISTRIB_DESCRIPTION="Ubuntu 15.04"

uname:Linux 3.19.0-32-generic #37-Ubuntu SMP Wed Oct 21 10:23:06 UTC 2015 x86_64
libc:glibc 2.21 NPTL 2.21 
rlimit: STACK 8192k, CORE 0k, NPROC 15002, NOFILE 65536, AS infinity
load average:0.13 0.17 0.25

/proc/meminfo:
MemTotal:        3863036 kB
MemFree:          522692 kB
MemAvailable:    1164640 kB
Buffers:          112756 kB
Cached:          1038720 kB
SwapCached:            0 kB
Active:          2297524 kB
Inactive:         818512 kB
Active(anon):    1968016 kB
Inactive(anon):   366344 kB
Active(file):     329508 kB
Inactive(file):   452168 kB
Unevictable:          48 kB
Mlocked:              48 kB
SwapTotal:       4005884 kB
SwapFree:        4005884 kB
Dirty:               548 kB
Writeback:             0 kB
AnonPages:       1964724 kB
Mapped:           339112 kB
Shmem:            369780 kB
Slab:              99248 kB
SReclaimable:      58428 kB
SUnreclaim:        40820 kB
KernelStack:       25664 kB
PageTables:        44192 kB
NFS_Unstable:          0 kB
Bounce:                0 kB
WritebackTmp:          0 kB
CommitLimit:     5937400 kB
Committed_AS:   11207260 kB
VmallocTotal:   34359738367 kB
VmallocUsed:      378056 kB
VmallocChunk:   34359349592 kB
HardwareCorrupted:     0 kB
AnonHugePages:    944128 kB
CmaTotal:              0 kB
CmaFree:               0 kB
HugePages_Total:       0
HugePages_Free:        0
HugePages_Rsvd:        0
HugePages_Surp:        0
Hugepagesize:       2048 kB
DirectMap4k:      142076 kB
DirectMap2M:     3866624 kB


CPU:total 4 (2 cores per cpu, 2 threads per core) family 6 model 58 stepping 9, cmov, cx8, fxsr, mmx, sse, sse2, sse3, ssse3, sse4.1, sse4.2, popcnt, avx, aes, clmul, erms, ht, tsc, tscinvbit, tscinv

/proc/cpuinfo:
processor	: 0
vendor_id	: GenuineIntel
cpu family	: 6
model		: 58
model name	: Intel(R) Core(TM) i5-3230M CPU @ 2.60GHz
stepping	: 9
microcode	: 0x17
cpu MHz		: 2999.953
cache size	: 3072 KB
physical id	: 0
siblings	: 4
core id		: 0
cpu cores	: 2
apicid		: 0
initial apicid	: 0
fpu		: yes
fpu_exception	: yes
cpuid level	: 13
wp		: yes
flags		: fpu vme de pse tsc msr pae mce cx8 apic sep mtrr pge mca cmov pat pse36 clflush dts acpi mmx fxsr sse sse2 ss ht tm pbe syscall nx rdtscp lm constant_tsc arch_perfmon pebs bts rep_good nopl xtopology nonstop_tsc aperfmperf eagerfpu pni pclmulqdq dtes64 monitor ds_cpl vmx est tm2 ssse3 cx16 xtpr pdcm pcid sse4_1 sse4_2 x2apic popcnt tsc_deadline_timer aes xsave avx f16c rdrand lahf_lm ida arat epb pln pts dtherm tpr_shadow vnmi flexpriority ept vpid fsgsbase smep erms xsaveopt
bugs		:
bogomips	: 5188.01
clflush size	: 64
cache_alignment	: 64
address sizes	: 36 bits physical, 48 bits virtual
power management:

processor	: 1
vendor_id	: GenuineIntel
cpu family	: 6
model		: 58
model name	: Intel(R) Core(TM) i5-3230M CPU @ 2.60GHz
stepping	: 9
microcode	: 0x17
cpu MHz		: 2999.953
cache size	: 3072 KB
physical id	: 0
siblings	: 4
core id		: 0
cpu cores	: 2
apicid		: 1
initial apicid	: 1
fpu		: yes
fpu_exception	: yes
cpuid level	: 13
wp		: yes
flags		: fpu vme de pse tsc msr pae mce cx8 apic sep mtrr pge mca cmov pat pse36 clflush dts acpi mmx fxsr sse sse2 ss ht tm pbe syscall nx rdtscp lm constant_tsc arch_perfmon pebs bts rep_good nopl xtopology nonstop_tsc aperfmperf eagerfpu pni pclmulqdq dtes64 monitor ds_cpl vmx est tm2 ssse3 cx16 xtpr pdcm pcid sse4_1 sse4_2 x2apic popcnt tsc_deadline_timer aes xsave avx f16c rdrand lahf_lm ida arat epb pln pts dtherm tpr_shadow vnmi flexpriority ept vpid fsgsbase smep erms xsaveopt
bugs		:
bogomips	: 5188.01
clflush size	: 64
cache_alignment	: 64
address sizes	: 36 bits physical, 48 bits virtual
power management:

processor	: 2
vendor_id	: GenuineIntel
cpu family	: 6
model		: 58
model name	: Intel(R) Core(TM) i5-3230M CPU @ 2.60GHz
stepping	: 9
microcode	: 0x17
cpu MHz		: 3000.054
cache size	: 3072 KB
physical id	: 0
siblings	: 4
core id		: 1
cpu cores	: 2
apicid		: 2
initial apicid	: 2
fpu		: yes
fpu_exception	: yes
cpuid level	: 13
wp		: yes
flags		: fpu vme de pse tsc msr pae mce cx8 apic sep mtrr pge mca cmov pat pse36 clflush dts acpi mmx fxsr sse sse2 ss ht tm pbe syscall nx rdtscp lm constant_tsc arch_perfmon pebs bts rep_good nopl xtopology nonstop_tsc aperfmperf eagerfpu pni pclmulqdq dtes64 monitor ds_cpl vmx est tm2 ssse3 cx16 xtpr pdcm pcid sse4_1 sse4_2 x2apic popcnt tsc_deadline_timer aes xsave avx f16c rdrand lahf_lm ida arat epb pln pts dtherm tpr_shadow vnmi flexpriority ept vpid fsgsbase smep erms xsaveopt
bugs		:
bogomips	: 5188.01
clflush size	: 64
cache_alignment	: 64
address sizes	: 36 bits physical, 48 bits virtual
power management:

processor	: 3
vendor_id	: GenuineIntel
cpu family	: 6
model		: 58
model name	: Intel(R) Core(TM) i5-3230M CPU @ 2.60GHz
stepping	: 9
microcode	: 0x17
cpu MHz		: 3000.054
cache size	: 3072 KB
physical id	: 0
siblings	: 4
core id		: 1
cpu cores	: 2
apicid		: 3
initial apicid	: 3
fpu		: yes
fpu_exception	: yes
cpuid level	: 13
wp		: yes
flags		: fpu vme de pse tsc msr pae mce cx8 apic sep mtrr pge mca cmov pat pse36 clflush dts acpi mmx fxsr sse sse2 ss ht tm pbe syscall nx rdtscp lm constant_tsc arch_perfmon pebs bts rep_good nopl xtopology nonstop_tsc aperfmperf eagerfpu pni pclmulqdq dtes64 monitor ds_cpl vmx est tm2 ssse3 cx16 xtpr pdcm pcid sse4_1 sse4_2 x2apic popcnt tsc_deadline_timer aes xsave avx f16c rdrand lahf_lm ida arat epb pln pts dtherm tpr_shadow vnmi flexpriority ept vpid fsgsbase smep erms xsaveopt
bugs		:
bogomips	: 5188.01
clflush size	: 64
cache_alignment	: 64
address sizes	: 36 bits physical, 48 bits virtual
power management:



Memory: 4k page, physical 3863036k(526408k free), swap 4005884k(4005884k free)

vm_info: Java HotSpot(TM) 64-Bit Server VM (25.20-b23) for linux-amd64 JRE (1.8.0_20-b26), built on Jul 30 2014 13:13:52 by "java_re" with gcc 4.3.0 20080428 (Red Hat 4.3.0-8)

time: Mon Nov  9 17:44:34 2015
elapsed time: 792 seconds (0d 0h 13m 12s)

