#
# A fatal error has been detected by the Java Runtime Environment:
#
#  SIGSEGV (0xb) at pc=0x00007fc3bb603190, pid=4719, tid=140478201145088
#
# JRE version: Java(TM) SE Runtime Environment (8.0_20-b26) (build 1.8.0_20-b26)
# Java VM: Java HotSpot(TM) 64-Bit Server VM (25.20-b23 mixed mode linux-amd64 compressed oops)
# Problematic frame:
# V  [libjvm.so+0x873190]  Method::checked_resolve_jmethod_id(_jmethodID*)+0x20
#
# Failed to write core dump. Core dumps have been disabled. To enable core dumping, try "ulimit -c unlimited" before starting Java again
#
# If you would like to submit a bug report, please visit:
#   http://bugreport.sun.com/bugreport/crash.jsp
#

---------------  T H R E A D  ---------------

Current thread (0x00007fc3b40b8800):  JavaThread "JDWP Transport Listener: dt_socket" daemon [_thread_in_vm, id=4735, stack(0x00007fc3a1372000,0x00007fc3a1473000)]

siginfo: si_signo: 11 (SIGSEGV), si_code: 128 (SI_KERNEL), si_addr: 0x0000000000000000

Registers:
RAX=0x0000000000000001, RBX=0x00007fc3b40036a0, RCX=0x00007fc3bc70e340, RDX=0x00007fc3bbce7fe0
RSP=0x00007fc3a14716d0, RBP=0x00007fc3a14716e0, RSI=0x00007fc3b40b8800, RDI=0x746361466e6f6974
R8 =0x00007fc380007910, R9 =0x0000000000000000, R10=0x0000000000000010, R11=0x00007fc3bbea8ff0
R12=0x0000000000000017, R13=0x746361466e6f6974, R14=0x00007fc3b40b8800, R15=0x00007fc3a14717e7
RIP=0x00007fc3bb603190, EFLAGS=0x0000000000010206, CSGSFS=0x0000000000000033, ERR=0x0000000000000000
  TRAPNO=0x000000000000000d

Top of Stack: (sp=0x00007fc3a14716d0)
0x00007fc3a14716d0:   0000000000000074 00007fc3b40036a0
0x00007fc3a14716e0:   00007fc3a1471750 00007fc3bb49878e
0x00007fc3a14716f0:   00007fc380007910 00007fc3a1471700
0x00007fc3a1471700:   00007fc3b40b8800 0000000000000000
0x00007fc3a1471710:   00007fc300000000 0000000000000000
0x00007fc3a1471720:   00007fc3a1471740 00007fc3ba444d60
0x00007fc3a1471730:   746361466e6f6974 00007fc3a14717e7
0x00007fc3a1471740:   0000000000000005 00007fc3a14717e7
0x00007fc3a1471750:   00007fc3a1471780 00007fc3ba230872
0x00007fc3a1471760:   00007fc3a1471780 746361466e6f6974
0x00007fc3a1471770:   00007fc3a1471850 0000000000000028
0x00007fc3a1471780:   00007fc3a1471810 00007fc3ba211a60
0x00007fc3a1471790:   00007fc3a14717c8 00007fc3a14717c0
0x00007fc3a14717a0:   00007fc3a14717b8 00007fc3a14717dc
0x00007fc3a14717b0:   00000001800030c0 0000000000000000
0x00007fc3a14717c0:   0000000000000000 0000000000000000
0x00007fc3a14717d0:   00007fc380009870 00000009a1471850
0x00007fc3a14717e0:   0000000000000006 0000000000000002
0x00007fc3a14717f0:   000000000000000f 0000000000000002
0x00007fc3a1471800:   00000000000f0200 000000000000000f
0x00007fc3a1471810:   00007fc3a1471a60 00007fc3ba21c976
0x00007fc3a1471820:   00005d9900000013 00007fc3bb0f0200
0x00007fc3a1471830:   00007fc378000fb0 0000000000000000
0x00007fc3a1471840:   00007fc3a1471850 00007fc3a14719e0
0x00007fc3a1471850:   00007fc3a1471959 00007fc300000073
0x00007fc3a1471860:   00007fc3a1471868 00000000000000b9
0x00007fc3a1471870:   00007fc3a14718a0 0000000000000000
0x00007fc3a1471880:   00007f0000000000 00005d990000001c
0x00007fc3a1471890:   00007fc300001980 00007fc3a14718a0
0x00007fc3a14718a0:   c37f000006000000 08000000606d0080
0x00007fc3a14718b0:   3e74696e696c633c 0056292803000000
0x00007fc3a14718c0:   0008000000000000 00586d0080c37f00 

Instructions: (pc=0x00007fc3bb603190)
0x00007fc3bb603170:   55 48 89 e5 53 48 83 ec 08 48 85 ff 75 12 31 db
0x00007fc3bb603180:   48 89 d8 48 83 c4 08 5b c9 c3 66 0f 1f 44 00 00
0x00007fc3bb603190:   48 8b 1f 48 85 db 74 e6 48 83 fb 37 74 e0 48 8b
0x00007fc3bb6031a0:   03 48 89 df ff 50 10 84 c0 0f 1f 80 00 00 00 00 

Register to memory mapping:

RAX=0x0000000000000001 is an unknown value
RBX=0x00007fc3b40036a0 is an unknown value
RCX=0x00007fc3bc70e340: <offset 0x219340> in /lib/x86_64-linux-gnu/libpthread.so.0 at 0x00007fc3bc4f5000
RDX=0x00007fc3bbce7fe0: <offset 0xf57fe0> in /home/hijj/software/javaAndroid/jdk/jdk8/jre/lib/amd64/server/libjvm.so at 0x00007fc3bad90000
RSP=0x00007fc3a14716d0 is pointing into the stack for thread: 0x00007fc3b40b8800
RBP=0x00007fc3a14716e0 is pointing into the stack for thread: 0x00007fc3b40b8800
RSI=0x00007fc3b40b8800 is a thread
RDI=0x746361466e6f6974 is an unknown value
R8 =0x00007fc380007910 is an unknown value
R9 =0x0000000000000000 is an unknown value
R10=0x0000000000000010 is an unknown value
R11=0x00007fc3bbea8ff0: <offset 0x196ff0> in /lib/x86_64-linux-gnu/libc.so.6 at 0x00007fc3bbd12000
R12=0x0000000000000017 is an unknown value
R13=0x746361466e6f6974 is an unknown value
R14=0x00007fc3b40b8800 is a thread
R15=0x00007fc3a14717e7 is pointing into the stack for thread: 0x00007fc3b40b8800


Stack: [0x00007fc3a1372000,0x00007fc3a1473000],  sp=0x00007fc3a14716d0,  free space=1021k
Native frames: (J=compiled Java code, j=interpreted, Vv=VM code, C=native code)
V  [libjvm.so+0x873190]  Method::checked_resolve_jmethod_id(_jmethodID*)+0x20
V  [libjvm.so+0x70878e]  jvmti_IsMethodSynthetic+0x29e
C  [libjdwp.so+0x25872]  isMethodSynthetic+0x42
C  [libjdwp.so+0x6a60]  methods1+0x1b0
C  [libjdwp.so+0x11976]  debugLoop_run+0x2b6
C  [libjdwp.so+0x247af]  attachThread+0x2f
V  [libjvm.so+0x7744f2]  JvmtiAgentThread::call_start_function()+0xc2
V  [libjvm.so+0xa2990f]  JavaThread::thread_main_inner()+0xdf
V  [libjvm.so+0xa29a3c]  JavaThread::run()+0x11c
V  [libjvm.so+0x8e75f8]  java_start(Thread*)+0x108
C  [libpthread.so.0+0x76aa]  start_thread+0xca


---------------  P R O C E S S  ---------------

Java Threads: ( => current thread )
  0x00007fc3b40d0800 JavaThread "Service Thread" daemon [_thread_blocked, id=4745, stack(0x00007fc3a0d6c000,0x00007fc3a0e6d000)]
  0x00007fc3b40c3000 JavaThread "C1 CompilerThread2" daemon [_thread_blocked, id=4744, stack(0x00007fc3a0e6d000,0x00007fc3a0f6e000)]
  0x00007fc3b40c1000 JavaThread "C2 CompilerThread1" daemon [_thread_blocked, id=4743, stack(0x00007fc3a0f6e000,0x00007fc3a106f000)]
  0x00007fc3b40be800 JavaThread "C2 CompilerThread0" daemon [_thread_blocked, id=4742, stack(0x00007fc3a106f000,0x00007fc3a1170000)]
  0x00007fc380001000 JavaThread "JDWP Command Reader" daemon [_thread_in_native, id=4739, stack(0x00007fc3a1170000,0x00007fc3a1271000)]
  0x00007fc3b40bc000 JavaThread "JDWP Event Helper Thread" daemon [_thread_blocked, id=4737, stack(0x00007fc3a1271000,0x00007fc3a1372000)]
=>0x00007fc3b40b8800 JavaThread "JDWP Transport Listener: dt_socket" daemon [_thread_in_vm, id=4735, stack(0x00007fc3a1372000,0x00007fc3a1473000)]
  0x00007fc3b40ab000 JavaThread "Signal Dispatcher" daemon [_thread_blocked, id=4733, stack(0x00007fc3a1677000,0x00007fc3a1778000)]
  0x00007fc3b407f000 JavaThread "Finalizer" daemon [_thread_blocked, id=4732, stack(0x00007fc3a1778000,0x00007fc3a1879000)]
  0x00007fc3b407d000 JavaThread "Reference Handler" daemon [_thread_blocked, id=4731, stack(0x00007fc3a1879000,0x00007fc3a197a000)]
  0x00007fc3b400c000 JavaThread "main" [_thread_blocked, id=4721, stack(0x00007fc3bc815000,0x00007fc3bc916000)]

Other Threads:
  0x00007fc3b4075800 VMThread [stack: 0x00007fc3a197a000,0x00007fc3a1a7b000] [id=4730]
  0x00007fc3b40d3000 WatcherThread [stack: 0x00007fc3a0c6b000,0x00007fc3a0d6c000] [id=4746]

VM state:not at safepoint (normal execution)

VM Mutex/Monitor currently owned by a thread: None

Heap:
 PSYoungGen      total 17920K, used 2153K [0x00000000ec580000, 0x00000000ed980000, 0x0000000100000000)
  eden space 15360K, 14% used [0x00000000ec580000,0x00000000ec79a7e8,0x00000000ed480000)
  from space 2560K, 0% used [0x00000000ed700000,0x00000000ed700000,0x00000000ed980000)
  to   space 2560K, 0% used [0x00000000ed480000,0x00000000ed480000,0x00000000ed700000)
 ParOldGen       total 40960K, used 0K [0x00000000c5000000, 0x00000000c7800000, 0x00000000ec580000)
  object space 40960K, 0% used [0x00000000c5000000,0x00000000c5000000,0x00000000c7800000)
 Metaspace       used 3594K, capacity 4676K, committed 4864K, reserved 1056768K
  class space    used 399K, capacity 428K, committed 512K, reserved 1048576K

Card table byte_map: [0x00007fc3b8936000,0x00007fc3b8b0f000] byte_map_base: 0x00007fc3b830e000

Marking Bits: (ParMarkBitMap*) 0x00007fc3bbce7ac0
 Begin Bits: [0x00007fc3a3280000, 0x00007fc3a4140000)
 End Bits:   [0x00007fc3a4140000, 0x00007fc3a5000000)

Polling page: 0x00007fc3bc933000

CodeCache: size=245760Kb used=1201Kb max_used=1201Kb free=244558Kb
 bounds [0x00007fc3a5000000, 0x00007fc3a5270000, 0x00007fc3b4000000]
 total_blobs=311 nmethods=74 adapters=160
 compilation: enabled

Compilation events (10 events):
Event: 1.470 Thread 0x00007fc3b40c3000   69       3       java.util.regex.Pattern::next (33 bytes)
Event: 1.471 Thread 0x00007fc3b40c3000 nmethod 69 0x00007fc3a512b490 code [0x00007fc3a512b620, 0x00007fc3a512b8e8]
Event: 1.471 Thread 0x00007fc3b40c3000   70       1       java.util.regex.Pattern::flags (5 bytes)
Event: 1.471 Thread 0x00007fc3b40c3000 nmethod 70 0x00007fc3a512ba10 code [0x00007fc3a512bb60, 0x00007fc3a512bc70]
Event: 20.192 Thread 0x00007fc3b40c3000   72       3       java.util.concurrent.ConcurrentHashMap$Node::<init> (26 bytes)
Event: 20.193 Thread 0x00007fc3b40c3000 nmethod 72 0x00007fc3a512bcd0 code [0x00007fc3a512be40, 0x00007fc3a512c030]
Event: 83.176 Thread 0x00007fc3b40c3000   73       1       java.nio.Buffer::position (5 bytes)
Event: 83.177 Thread 0x00007fc3b40c3000 nmethod 73 0x00007fc3a512c110 code [0x00007fc3a512c260, 0x00007fc3a512c370]
Event: 144.484 Thread 0x00007fc3b40c3000   74  s    1       java.util.Vector::size (5 bytes)
Event: 144.484 Thread 0x00007fc3b40c3000 nmethod 74 0x00007fc3a512c3d0 code [0x00007fc3a512c520, 0x00007fc3a512c790]

GC Heap History (0 events):
No events

Deoptimization events (0 events):
No events

Internal exceptions (10 events):
Event: 0.270 Thread 0x00007fc3b400c000 Exception <a 'java/security/PrivilegedActionException'> (0x00000000ec72c6c8) thrown at [/HUDSON/workspace/8-2-build-linux-amd64/jdk8u20/1074/hotspot/src/share/vm/prims/jvm.cpp, line 1275]
Event: 0.271 Thread 0x00007fc3b400c000 Exception <a 'java/security/PrivilegedActionException'> (0x00000000ec72d880) thrown at [/HUDSON/workspace/8-2-build-linux-amd64/jdk8u20/1074/hotspot/src/share/vm/prims/jvm.cpp, line 1275]
Event: 0.272 Thread 0x00007fc3b400c000 Exception <a 'java/security/PrivilegedActionException'> (0x00000000ec7302a0) thrown at [/HUDSON/workspace/8-2-build-linux-amd64/jdk8u20/1074/hotspot/src/share/vm/prims/jvm.cpp, line 1275]
Event: 0.273 Thread 0x00007fc3b400c000 Exception <a 'java/security/PrivilegedActionException'> (0x00000000ec731640) thrown at [/HUDSON/workspace/8-2-build-linux-amd64/jdk8u20/1074/hotspot/src/share/vm/prims/jvm.cpp, line 1275]
Event: 0.278 Thread 0x00007fc3b400c000 Exception <a 'java/security/PrivilegedActionException'> (0x00000000ec7453e0) thrown at [/HUDSON/workspace/8-2-build-linux-amd64/jdk8u20/1074/hotspot/src/share/vm/prims/jvm.cpp, line 1275]
Event: 0.278 Thread 0x00007fc3b400c000 Exception <a 'java/security/PrivilegedActionException'> (0x00000000ec746878) thrown at [/HUDSON/workspace/8-2-build-linux-amd64/jdk8u20/1074/hotspot/src/share/vm/prims/jvm.cpp, line 1275]
Event: 0.280 Thread 0x00007fc3b400c000 Exception <a 'java/security/PrivilegedActionException'> (0x00000000ec753ca8) thrown at [/HUDSON/workspace/8-2-build-linux-amd64/jdk8u20/1074/hotspot/src/share/vm/prims/jvm.cpp, line 1275]
Event: 0.280 Thread 0x00007fc3b400c000 Exception <a 'java/security/PrivilegedActionException'> (0x00000000ec755368) thrown at [/HUDSON/workspace/8-2-build-linux-amd64/jdk8u20/1074/hotspot/src/share/vm/prims/jvm.cpp, line 1275]
Event: 0.281 Thread 0x00007fc3b400c000 Exception <a 'java/security/PrivilegedActionException'> (0x00000000ec757a08) thrown at [/HUDSON/workspace/8-2-build-linux-amd64/jdk8u20/1074/hotspot/src/share/vm/prims/jvm.cpp, line 1275]
Event: 0.281 Thread 0x00007fc3b400c000 Exception <a 'java/security/PrivilegedActionException'> (0x00000000ec7590e8) thrown at [/HUDSON/workspace/8-2-build-linux-amd64/jdk8u20/1074/hotspot/src/share/vm/prims/jvm.cpp, line 1275]

Events (10 events):
Event: 338.398 Executing VM operation: ChangeBreakpoints
Event: 338.398 Executing VM operation: ChangeBreakpoints done
Event: 338.402 Executing VM operation: ChangeBreakpoints
Event: 338.402 Executing VM operation: ChangeBreakpoints done
Event: 338.402 Executing VM operation: ChangeBreakpoints
Event: 338.403 Executing VM operation: ChangeBreakpoints done
Event: 338.405 Executing VM operation: ChangeBreakpoints
Event: 338.405 Executing VM operation: ChangeBreakpoints done
Event: 352.607 Executing VM operation: RedefineClasses
Event: 352.608 Executing VM operation: RedefineClasses done


Dynamic libraries:
00400000-00401000 r-xp 00000000 08:08 2622385                            /home/hijj/software/javaAndroid/jdk/jdk8/bin/java
00600000-00601000 rw-p 00000000 08:08 2622385                            /home/hijj/software/javaAndroid/jdk/jdk8/bin/java
006db000-006fc000 rw-p 00000000 00:00 0                                  [heap]
c5000000-c7800000 rw-p 00000000 00:00 0 
c7800000-ec580000 ---p 00000000 00:00 0 
ec580000-ed980000 rw-p 00000000 00:00 0 
ed980000-100000000 ---p 00000000 00:00 0 
100000000-100080000 rw-p 00000000 00:00 0 
100080000-140000000 ---p 00000000 00:00 0 
7fc35c000000-7fc35c021000 rw-p 00000000 00:00 0 
7fc35c021000-7fc360000000 ---p 00000000 00:00 0 
7fc364000000-7fc364063000 rw-p 00000000 00:00 0 
7fc364063000-7fc368000000 ---p 00000000 00:00 0 
7fc368000000-7fc368021000 rw-p 00000000 00:00 0 
7fc368021000-7fc36c000000 ---p 00000000 00:00 0 
7fc36c000000-7fc36c056000 rw-p 00000000 00:00 0 
7fc36c056000-7fc370000000 ---p 00000000 00:00 0 
7fc370000000-7fc370021000 rw-p 00000000 00:00 0 
7fc370021000-7fc374000000 ---p 00000000 00:00 0 
7fc374000000-7fc374021000 rw-p 00000000 00:00 0 
7fc374021000-7fc378000000 ---p 00000000 00:00 0 
7fc378000000-7fc378021000 rw-p 00000000 00:00 0 
7fc378021000-7fc37c000000 ---p 00000000 00:00 0 
7fc37c000000-7fc37c021000 rw-p 00000000 00:00 0 
7fc37c021000-7fc380000000 ---p 00000000 00:00 0 
7fc380000000-7fc380022000 rw-p 00000000 00:00 0 
7fc380022000-7fc384000000 ---p 00000000 00:00 0 
7fc384000000-7fc384021000 rw-p 00000000 00:00 0 
7fc384021000-7fc388000000 ---p 00000000 00:00 0 
7fc388000000-7fc388021000 rw-p 00000000 00:00 0 
7fc388021000-7fc38c000000 ---p 00000000 00:00 0 
7fc38c000000-7fc38c021000 rw-p 00000000 00:00 0 
7fc38c021000-7fc390000000 ---p 00000000 00:00 0 
7fc390000000-7fc390021000 rw-p 00000000 00:00 0 
7fc390021000-7fc394000000 ---p 00000000 00:00 0 
7fc394000000-7fc394021000 rw-p 00000000 00:00 0 
7fc394021000-7fc398000000 ---p 00000000 00:00 0 
7fc398000000-7fc398021000 rw-p 00000000 00:00 0 
7fc398021000-7fc39c000000 ---p 00000000 00:00 0 
7fc39c000000-7fc39c021000 rw-p 00000000 00:00 0 
7fc39c021000-7fc3a0000000 ---p 00000000 00:00 0 
7fc3a09da000-7fc3a0c4f000 rw-p 00000000 00:00 0 
7fc3a0c4f000-7fc3a0c6b000 r--s 00393000 08:08 2628860                    /home/hijj/software/javaAndroid/jdk/jdk8/jre/lib/ext/cldrdata.jar
7fc3a0c6b000-7fc3a0c6c000 ---p 00000000 00:00 0 
7fc3a0c6c000-7fc3a0d6c000 rw-p 00000000 00:00 0                          [stack:4746]
7fc3a0d6c000-7fc3a0d6f000 ---p 00000000 00:00 0 
7fc3a0d6f000-7fc3a0e6d000 rw-p 00000000 00:00 0                          [stack:4745]
7fc3a0e6d000-7fc3a0e70000 ---p 00000000 00:00 0 
7fc3a0e70000-7fc3a0f6e000 rw-p 00000000 00:00 0                          [stack:4744]
7fc3a0f6e000-7fc3a0f71000 ---p 00000000 00:00 0 
7fc3a0f71000-7fc3a106f000 rw-p 00000000 00:00 0                          [stack:4743]
7fc3a106f000-7fc3a1072000 ---p 00000000 00:00 0 
7fc3a1072000-7fc3a1170000 rw-p 00000000 00:00 0                          [stack:4742]
7fc3a1170000-7fc3a1173000 ---p 00000000 00:00 0 
7fc3a1173000-7fc3a1271000 rw-p 00000000 00:00 0                          [stack:4739]
7fc3a1271000-7fc3a1274000 ---p 00000000 00:00 0 
7fc3a1274000-7fc3a1372000 rw-p 00000000 00:00 0                          [stack:4737]
7fc3a1372000-7fc3a1375000 ---p 00000000 00:00 0 
7fc3a1375000-7fc3a1473000 rw-p 00000000 00:00 0                          [stack:4735]
7fc3a1473000-7fc3a1477000 r-xp 00000000 08:08 2628974                    /home/hijj/software/javaAndroid/jdk/jdk8/jre/lib/amd64/libdt_socket.so
7fc3a1477000-7fc3a1676000 ---p 00004000 08:08 2628974                    /home/hijj/software/javaAndroid/jdk/jdk8/jre/lib/amd64/libdt_socket.so
7fc3a1676000-7fc3a1677000 rw-p 00003000 08:08 2628974                    /home/hijj/software/javaAndroid/jdk/jdk8/jre/lib/amd64/libdt_socket.so
7fc3a1677000-7fc3a167a000 ---p 00000000 00:00 0 
7fc3a167a000-7fc3a1778000 rw-p 00000000 00:00 0                          [stack:4733]
7fc3a1778000-7fc3a177b000 ---p 00000000 00:00 0 
7fc3a177b000-7fc3a1879000 rw-p 00000000 00:00 0                          [stack:4732]
7fc3a1879000-7fc3a187c000 ---p 00000000 00:00 0 
7fc3a187c000-7fc3a197a000 rw-p 00000000 00:00 0                          [stack:4731]
7fc3a197a000-7fc3a197b000 ---p 00000000 00:00 0 
7fc3a197b000-7fc3a28aa000 rw-p 00000000 00:00 0                          [stack:4730]
7fc3a28aa000-7fc3a2a80000 r--s 03ca8000 08:08 2628807                    /home/hijj/software/javaAndroid/jdk/jdk8/jre/lib/rt.jar
7fc3a2a80000-7fc3a2ec0000 rw-p 00000000 00:00 0 
7fc3a2ec0000-7fc3a3280000 ---p 00000000 00:00 0 
7fc3a3280000-7fc3a5000000 rw-p 00000000 00:00 0 
7fc3a5000000-7fc3a5270000 rwxp 00000000 00:00 0 
7fc3a5270000-7fc3b4000000 ---p 00000000 00:00 0 
7fc3b4000000-7fc3b414e000 rw-p 00000000 00:00 0 
7fc3b414e000-7fc3b8000000 ---p 00000000 00:00 0 
7fc3b8004000-7fc3b8017000 r--s 00344000 08:08 2628842                    /home/hijj/software/javaAndroid/jdk/jdk8/jre/lib/resources.jar
7fc3b8017000-7fc3b83f7000 rw-p 00000000 00:00 0 
7fc3b83f7000-7fc3b83f8000 ---p 00000000 00:00 0 
7fc3b83f8000-7fc3b84f8000 rw-p 00000000 00:00 0                          [stack:4729]
7fc3b84f8000-7fc3b84f9000 ---p 00000000 00:00 0 
7fc3b84f9000-7fc3b85f9000 rw-p 00000000 00:00 0                          [stack:4728]
7fc3b85f9000-7fc3b85fa000 ---p 00000000 00:00 0 
7fc3b85fa000-7fc3b86fa000 rw-p 00000000 00:00 0                          [stack:4727]
7fc3b86fa000-7fc3b86fb000 ---p 00000000 00:00 0 
7fc3b86fb000-7fc3b880f000 rw-p 00000000 00:00 0                          [stack:4726]
7fc3b880f000-7fc3b8936000 ---p 00000000 00:00 0 
7fc3b8936000-7fc3b894a000 rw-p 00000000 00:00 0 
7fc3b894a000-7fc3b8a70000 ---p 00000000 00:00 0 
7fc3b8a70000-7fc3b8a7b000 rw-p 00000000 00:00 0 
7fc3b8a7b000-7fc3b8b0e000 ---p 00000000 00:00 0 
7fc3b8b0e000-7fc3b8b19000 rw-p 00000000 00:00 0 
7fc3b8b19000-7fc3b8ecf000 ---p 00000000 00:00 0 
7fc3b8ecf000-7fc3b8ee9000 r-xp 00000000 08:08 2629001                    /home/hijj/software/javaAndroid/jdk/jdk8/jre/lib/amd64/libzip.so
7fc3b8ee9000-7fc3b90e9000 ---p 0001a000 08:08 2629001                    /home/hijj/software/javaAndroid/jdk/jdk8/jre/lib/amd64/libzip.so
7fc3b90e9000-7fc3b90ea000 rw-p 0001a000 08:08 2629001                    /home/hijj/software/javaAndroid/jdk/jdk8/jre/lib/amd64/libzip.so
7fc3b90ea000-7fc3b90f6000 r-xp 00000000 08:08 5771539                    /lib/x86_64-linux-gnu/libnss_files-2.21.so
7fc3b90f6000-7fc3b92f5000 ---p 0000c000 08:08 5771539                    /lib/x86_64-linux-gnu/libnss_files-2.21.so
7fc3b92f5000-7fc3b92f6000 r--p 0000b000 08:08 5771539                    /lib/x86_64-linux-gnu/libnss_files-2.21.so
7fc3b92f6000-7fc3b92f7000 rw-p 0000c000 08:08 5771539                    /lib/x86_64-linux-gnu/libnss_files-2.21.so
7fc3b92f7000-7fc3b9302000 r-xp 00000000 08:08 5771549                    /lib/x86_64-linux-gnu/libnss_nis-2.21.so
7fc3b9302000-7fc3b9501000 ---p 0000b000 08:08 5771549                    /lib/x86_64-linux-gnu/libnss_nis-2.21.so
7fc3b9501000-7fc3b9502000 r--p 0000a000 08:08 5771549                    /lib/x86_64-linux-gnu/libnss_nis-2.21.so
7fc3b9502000-7fc3b9503000 rw-p 0000b000 08:08 5771549                    /lib/x86_64-linux-gnu/libnss_nis-2.21.so
7fc3b9503000-7fc3b951a000 r-xp 00000000 08:08 5771533                    /lib/x86_64-linux-gnu/libnsl-2.21.so
7fc3b951a000-7fc3b9719000 ---p 00017000 08:08 5771533                    /lib/x86_64-linux-gnu/libnsl-2.21.so
7fc3b9719000-7fc3b971a000 r--p 00016000 08:08 5771533                    /lib/x86_64-linux-gnu/libnsl-2.21.so
7fc3b971a000-7fc3b971b000 rw-p 00017000 08:08 5771533                    /lib/x86_64-linux-gnu/libnsl-2.21.so
7fc3b971b000-7fc3b971d000 rw-p 00000000 00:00 0 
7fc3b971d000-7fc3b9725000 r-xp 00000000 08:08 5771535                    /lib/x86_64-linux-gnu/libnss_compat-2.21.so
7fc3b9725000-7fc3b9924000 ---p 00008000 08:08 5771535                    /lib/x86_64-linux-gnu/libnss_compat-2.21.so
7fc3b9924000-7fc3b9925000 r--p 00007000 08:08 5771535                    /lib/x86_64-linux-gnu/libnss_compat-2.21.so
7fc3b9925000-7fc3b9926000 rw-p 00008000 08:08 5771535                    /lib/x86_64-linux-gnu/libnss_compat-2.21.so
7fc3b9926000-7fc3ba008000 r--p 00000000 08:08 4070784                    /usr/lib/locale/locale-archive
7fc3ba008000-7fc3ba00a000 r-xp 00000000 08:08 2628975                    /home/hijj/software/javaAndroid/jdk/jdk8/jre/lib/amd64/libnpt.so
7fc3ba00a000-7fc3ba20a000 ---p 00002000 08:08 2628975                    /home/hijj/software/javaAndroid/jdk/jdk8/jre/lib/amd64/libnpt.so
7fc3ba20a000-7fc3ba20b000 rw-p 00002000 08:08 2628975                    /home/hijj/software/javaAndroid/jdk/jdk8/jre/lib/amd64/libnpt.so
7fc3ba20b000-7fc3ba244000 r-xp 00000000 08:08 2628992                    /home/hijj/software/javaAndroid/jdk/jdk8/jre/lib/amd64/libjdwp.so
7fc3ba244000-7fc3ba443000 ---p 00039000 08:08 2628992                    /home/hijj/software/javaAndroid/jdk/jdk8/jre/lib/amd64/libjdwp.so
7fc3ba443000-7fc3ba445000 rw-p 00038000 08:08 2628992                    /home/hijj/software/javaAndroid/jdk/jdk8/jre/lib/amd64/libjdwp.so
7fc3ba445000-7fc3ba46f000 r-xp 00000000 08:08 2628996                    /home/hijj/software/javaAndroid/jdk/jdk8/jre/lib/amd64/libjava.so
7fc3ba46f000-7fc3ba66f000 ---p 0002a000 08:08 2628996                    /home/hijj/software/javaAndroid/jdk/jdk8/jre/lib/amd64/libjava.so
7fc3ba66f000-7fc3ba671000 rw-p 0002a000 08:08 2628996                    /home/hijj/software/javaAndroid/jdk/jdk8/jre/lib/amd64/libjava.so
7fc3ba671000-7fc3ba67e000 r-xp 00000000 08:08 2629000                    /home/hijj/software/javaAndroid/jdk/jdk8/jre/lib/amd64/libverify.so
7fc3ba67e000-7fc3ba87e000 ---p 0000d000 08:08 2629000                    /home/hijj/software/javaAndroid/jdk/jdk8/jre/lib/amd64/libverify.so
7fc3ba87e000-7fc3ba880000 rw-p 0000d000 08:08 2629000                    /home/hijj/software/javaAndroid/jdk/jdk8/jre/lib/amd64/libverify.so
7fc3ba880000-7fc3ba887000 r-xp 00000000 08:08 5771594                    /lib/x86_64-linux-gnu/librt-2.21.so
7fc3ba887000-7fc3baa86000 ---p 00007000 08:08 5771594                    /lib/x86_64-linux-gnu/librt-2.21.so
7fc3baa86000-7fc3baa87000 r--p 00006000 08:08 5771594                    /lib/x86_64-linux-gnu/librt-2.21.so
7fc3baa87000-7fc3baa88000 rw-p 00007000 08:08 5771594                    /lib/x86_64-linux-gnu/librt-2.21.so
7fc3baa88000-7fc3bab8f000 r-xp 00000000 08:08 5771512                    /lib/x86_64-linux-gnu/libm-2.21.so
7fc3bab8f000-7fc3bad8e000 ---p 00107000 08:08 5771512                    /lib/x86_64-linux-gnu/libm-2.21.so
7fc3bad8e000-7fc3bad8f000 r--p 00106000 08:08 5771512                    /lib/x86_64-linux-gnu/libm-2.21.so
7fc3bad8f000-7fc3bad90000 rw-p 00107000 08:08 5771512                    /lib/x86_64-linux-gnu/libm-2.21.so
7fc3bad90000-7fc3bb9fa000 r-xp 00000000 08:08 2628982                    /home/hijj/software/javaAndroid/jdk/jdk8/jre/lib/amd64/server/libjvm.so
7fc3bb9fa000-7fc3bbbf9000 ---p 00c6a000 08:08 2628982                    /home/hijj/software/javaAndroid/jdk/jdk8/jre/lib/amd64/server/libjvm.so
7fc3bbbf9000-7fc3bbcd0000 rw-p 00c69000 08:08 2628982                    /home/hijj/software/javaAndroid/jdk/jdk8/jre/lib/amd64/server/libjvm.so
7fc3bbcd0000-7fc3bbd12000 rw-p 00000000 00:00 0 
7fc3bbd12000-7fc3bbed2000 r-xp 00000000 08:08 5771453                    /lib/x86_64-linux-gnu/libc-2.21.so
7fc3bbed2000-7fc3bc0d2000 ---p 001c0000 08:08 5771453                    /lib/x86_64-linux-gnu/libc-2.21.so
7fc3bc0d2000-7fc3bc0d6000 r--p 001c0000 08:08 5771453                    /lib/x86_64-linux-gnu/libc-2.21.so
7fc3bc0d6000-7fc3bc0d8000 rw-p 001c4000 08:08 5771453                    /lib/x86_64-linux-gnu/libc-2.21.so
7fc3bc0d8000-7fc3bc0dc000 rw-p 00000000 00:00 0 
7fc3bc0dc000-7fc3bc0df000 r-xp 00000000 08:08 5771470                    /lib/x86_64-linux-gnu/libdl-2.21.so
7fc3bc0df000-7fc3bc2de000 ---p 00003000 08:08 5771470                    /lib/x86_64-linux-gnu/libdl-2.21.so
7fc3bc2de000-7fc3bc2df000 r--p 00002000 08:08 5771470                    /lib/x86_64-linux-gnu/libdl-2.21.so
7fc3bc2df000-7fc3bc2e0000 rw-p 00003000 08:08 5771470                    /lib/x86_64-linux-gnu/libdl-2.21.so
7fc3bc2e0000-7fc3bc2f5000 r-xp 00000000 08:08 2628623                    /home/hijj/software/javaAndroid/jdk/jdk8/lib/amd64/jli/libjli.so
7fc3bc2f5000-7fc3bc4f4000 ---p 00015000 08:08 2628623                    /home/hijj/software/javaAndroid/jdk/jdk8/lib/amd64/jli/libjli.so
7fc3bc4f4000-7fc3bc4f5000 rw-p 00014000 08:08 2628623                    /home/hijj/software/javaAndroid/jdk/jdk8/lib/amd64/jli/libjli.so
7fc3bc4f5000-7fc3bc50d000 r-xp 00000000 08:08 5771586                    /lib/x86_64-linux-gnu/libpthread-2.21.so
7fc3bc50d000-7fc3bc70d000 ---p 00018000 08:08 5771586                    /lib/x86_64-linux-gnu/libpthread-2.21.so
7fc3bc70d000-7fc3bc70e000 r--p 00018000 08:08 5771586                    /lib/x86_64-linux-gnu/libpthread-2.21.so
7fc3bc70e000-7fc3bc70f000 rw-p 00019000 08:08 5771586                    /lib/x86_64-linux-gnu/libpthread-2.21.so
7fc3bc70f000-7fc3bc713000 rw-p 00000000 00:00 0 
7fc3bc713000-7fc3bc737000 r-xp 00000000 08:08 5771425                    /lib/x86_64-linux-gnu/ld-2.21.so
7fc3bc73d000-7fc3bc815000 rw-p 00000000 00:00 0 
7fc3bc815000-7fc3bc818000 ---p 00000000 00:00 0 
7fc3bc818000-7fc3bc91a000 rw-p 00000000 00:00 0                          [stack:4721]
7fc3bc91d000-7fc3bc920000 rw-p 00000000 00:00 0 
7fc3bc920000-7fc3bc92a000 r--s 00116000 08:08 2628866                    /home/hijj/software/javaAndroid/jdk/jdk8/jre/lib/ext/localedata.jar
7fc3bc92a000-7fc3bc932000 rw-s 00000000 08:08 5265880                    /tmp/hsperfdata_hijj/4719
7fc3bc932000-7fc3bc933000 rw-p 00000000 00:00 0 
7fc3bc933000-7fc3bc934000 r--p 00000000 00:00 0 
7fc3bc934000-7fc3bc936000 rw-p 00000000 00:00 0 
7fc3bc936000-7fc3bc937000 r--p 00023000 08:08 5771425                    /lib/x86_64-linux-gnu/ld-2.21.so
7fc3bc937000-7fc3bc938000 rw-p 00024000 08:08 5771425                    /lib/x86_64-linux-gnu/ld-2.21.so
7fc3bc938000-7fc3bc939000 rw-p 00000000 00:00 0 
7fff4e4b6000-7fff4e4d7000 rw-p 00000000 00:00 0                          [stack]
7fff4e4ff000-7fff4e501000 r--p 00000000 00:00 0                          [vvar]
7fff4e501000-7fff4e503000 r-xp 00000000 00:00 0                          [vdso]
ffffffffff600000-ffffffffff601000 r-xp 00000000 00:00 0                  [vsyscall]

VM Arguments:
jvm_args: -agentlib:jdwp=transport=dt_socket,suspend=y,address=localhost:52127 -Dfile.encoding=UTF-8 
java_command: learning.rzh1.rzh1
java_class_path (initial): /media/hijj/娱乐/github/repositories/ACM/Java/bin
Launcher Type: SUN_STANDARD

Environment Variables:
JAVA_HOME=/home/hijj/software/javaAndroid/jdk/jdk8
JRE_HOME=/home/hijj/software/javaAndroid/jdk/jdk8/jre
CLASSPATH=.:/home/hijj/software/javaAndroid/jdk/jdk8/lib:/home/hijj/software/javaAndroid/jdk/jdk8/jre/lib:.:$JAVA_HOME/lib:$JAVA_HOME/jre/lib
PATH=/home/hijj/software/javaAndroid/jdk/jdk8/bin:/home/hijj/software/javaAndroid/jdk/jdk8/jre/bin:/usr/local/sbin:/usr/local/bin:/usr/sbin:/usr/bin:/sbin:/bin:/usr/games:/usr/local/games:$JAVA_HOME/bin
SHELL=/bin/bash
DISPLAY=:0

Signal Handlers:
SIGSEGV: [libjvm.so+0xa77530], sa_mask[0]=11111111011111111101111111111110, sa_flags=SA_RESTART|SA_SIGINFO
SIGBUS: [libjvm.so+0xa77530], sa_mask[0]=11111111011111111101111111111110, sa_flags=SA_RESTART|SA_SIGINFO
SIGFPE: [libjvm.so+0x8e1d90], sa_mask[0]=11111111011111111101111111111110, sa_flags=SA_RESTART|SA_SIGINFO
SIGPIPE: [libjvm.so+0x8e1d90], sa_mask[0]=11111111011111111101111111111110, sa_flags=SA_RESTART|SA_SIGINFO
SIGXFSZ: [libjvm.so+0x8e1d90], sa_mask[0]=11111111011111111101111111111110, sa_flags=SA_RESTART|SA_SIGINFO
SIGILL: [libjvm.so+0x8e1d90], sa_mask[0]=11111111011111111101111111111110, sa_flags=SA_RESTART|SA_SIGINFO
SIGUSR1: SIG_DFL, sa_mask[0]=00000000000000000000000000000000, sa_flags=none
SIGUSR2: [libjvm.so+0x8e35c0], sa_mask[0]=00100000000000000000000000000000, sa_flags=SA_RESTART|SA_SIGINFO
SIGHUP: [libjvm.so+0x8e4980], sa_mask[0]=11111111011111111101111111111110, sa_flags=SA_RESTART|SA_SIGINFO
SIGINT: [libjvm.so+0x8e4980], sa_mask[0]=11111111011111111101111111111110, sa_flags=SA_RESTART|SA_SIGINFO
SIGTERM: [libjvm.so+0x8e4980], sa_mask[0]=11111111011111111101111111111110, sa_flags=SA_RESTART|SA_SIGINFO
SIGQUIT: [libjvm.so+0x8e4980], sa_mask[0]=11111111011111111101111111111110, sa_flags=SA_RESTART|SA_SIGINFO


---------------  S Y S T E M  ---------------

OS:DISTRIB_ID=Ubuntu
DISTRIB_RELEASE=15.04
DISTRIB_CODENAME=vivid
DISTRIB_DESCRIPTION="Ubuntu 15.04"

uname:Linux 3.19.0-32-generic #37-Ubuntu SMP Wed Oct 21 10:23:06 UTC 2015 x86_64
libc:glibc 2.21 NPTL 2.21 
rlimit: STACK 8192k, CORE 0k, NPROC 15002, NOFILE 65536, AS infinity
load average:1.65 0.49 0.35

/proc/meminfo:
MemTotal:        3863036 kB
MemFree:          741220 kB
MemAvailable:    1381588 kB
Buffers:          113288 kB
Cached:          1030264 kB
SwapCached:            0 kB
Active:          2103204 kB
Inactive:         809228 kB
Active(anon):    1772328 kB
Inactive(anon):   357672 kB
Active(file):     330876 kB
Inactive(file):   451556 kB
Unevictable:          48 kB
Mlocked:              48 kB
SwapTotal:       4005884 kB
SwapFree:        4005884 kB
Dirty:              1228 kB
Writeback:             0 kB
AnonPages:       1769020 kB
Mapped:           337476 kB
Shmem:            361116 kB
Slab:              94096 kB
SReclaimable:      53760 kB
SUnreclaim:        40336 kB
KernelStack:       20544 kB
PageTables:        40056 kB
NFS_Unstable:          0 kB
Bounce:                0 kB
WritebackTmp:          0 kB
CommitLimit:     5937400 kB
Committed_AS:    9309204 kB
VmallocTotal:   34359738367 kB
VmallocUsed:      378056 kB
VmallocChunk:   34359349592 kB
HardwareCorrupted:     0 kB
AnonHugePages:    849920 kB
CmaTotal:              0 kB
CmaFree:               0 kB
HugePages_Total:       0
HugePages_Free:        0
HugePages_Rsvd:        0
HugePages_Surp:        0
Hugepagesize:       2048 kB
DirectMap4k:      142076 kB
DirectMap2M:     3866624 kB


CPU:total 4 (2 cores per cpu, 2 threads per core) family 6 model 58 stepping 9, cmov, cx8, fxsr, mmx, sse, sse2, sse3, ssse3, sse4.1, sse4.2, popcnt, avx, aes, clmul, erms, ht, tsc, tscinvbit, tscinv

/proc/cpuinfo:
processor	: 0
vendor_id	: GenuineIntel
cpu family	: 6
model		: 58
model name	: Intel(R) Core(TM) i5-3230M CPU @ 2.60GHz
stepping	: 9
microcode	: 0x17
cpu MHz		: 2999.953
cache size	: 3072 KB
physical id	: 0
siblings	: 4
core id		: 0
cpu cores	: 2
apicid		: 0
initial apicid	: 0
fpu		: yes
fpu_exception	: yes
cpuid level	: 13
wp		: yes
flags		: fpu vme de pse tsc msr pae mce cx8 apic sep mtrr pge mca cmov pat pse36 clflush dts acpi mmx fxsr sse sse2 ss ht tm pbe syscall nx rdtscp lm constant_tsc arch_perfmon pebs bts rep_good nopl xtopology nonstop_tsc aperfmperf eagerfpu pni pclmulqdq dtes64 monitor ds_cpl vmx est tm2 ssse3 cx16 xtpr pdcm pcid sse4_1 sse4_2 x2apic popcnt tsc_deadline_timer aes xsave avx f16c rdrand lahf_lm ida arat epb pln pts dtherm tpr_shadow vnmi flexpriority ept vpid fsgsbase smep erms xsaveopt
bugs		:
bogomips	: 5188.01
clflush size	: 64
cache_alignment	: 64
address sizes	: 36 bits physical, 48 bits virtual
power management:

processor	: 1
vendor_id	: GenuineIntel
cpu family	: 6
model		: 58
model name	: Intel(R) Core(TM) i5-3230M CPU @ 2.60GHz
stepping	: 9
microcode	: 0x17
cpu MHz		: 2999.953
cache size	: 3072 KB
physical id	: 0
siblings	: 4
core id		: 0
cpu cores	: 2
apicid		: 1
initial apicid	: 1
fpu		: yes
fpu_exception	: yes
cpuid level	: 13
wp		: yes
flags		: fpu vme de pse tsc msr pae mce cx8 apic sep mtrr pge mca cmov pat pse36 clflush dts acpi mmx fxsr sse sse2 ss ht tm pbe syscall nx rdtscp lm constant_tsc arch_perfmon pebs bts rep_good nopl xtopology nonstop_tsc aperfmperf eagerfpu pni pclmulqdq dtes64 monitor ds_cpl vmx est tm2 ssse3 cx16 xtpr pdcm pcid sse4_1 sse4_2 x2apic popcnt tsc_deadline_timer aes xsave avx f16c rdrand lahf_lm ida arat epb pln pts dtherm tpr_shadow vnmi flexpriority ept vpid fsgsbase smep erms xsaveopt
bugs		:
bogomips	: 5188.01
clflush size	: 64
cache_alignment	: 64
address sizes	: 36 bits physical, 48 bits virtual
power management:

processor	: 2
vendor_id	: GenuineIntel
cpu family	: 6
model		: 58
model name	: Intel(R) Core(TM) i5-3230M CPU @ 2.60GHz
stepping	: 9
microcode	: 0x17
cpu MHz		: 2999.953
cache size	: 3072 KB
physical id	: 0
siblings	: 4
core id		: 1
cpu cores	: 2
apicid		: 2
initial apicid	: 2
fpu		: yes
fpu_exception	: yes
cpuid level	: 13
wp		: yes
flags		: fpu vme de pse tsc msr pae mce cx8 apic sep mtrr pge mca cmov pat pse36 clflush dts acpi mmx fxsr sse sse2 ss ht tm pbe syscall nx rdtscp lm constant_tsc arch_perfmon pebs bts rep_good nopl xtopology nonstop_tsc aperfmperf eagerfpu pni pclmulqdq dtes64 monitor ds_cpl vmx est tm2 ssse3 cx16 xtpr pdcm pcid sse4_1 sse4_2 x2apic popcnt tsc_deadline_timer aes xsave avx f16c rdrand lahf_lm ida arat epb pln pts dtherm tpr_shadow vnmi flexpriority ept vpid fsgsbase smep erms xsaveopt
bugs		:
bogomips	: 5188.01
clflush size	: 64
cache_alignment	: 64
address sizes	: 36 bits physical, 48 bits virtual
power management:

processor	: 3
vendor_id	: GenuineIntel
cpu family	: 6
model		: 58
model name	: Intel(R) Core(TM) i5-3230M CPU @ 2.60GHz
stepping	: 9
microcode	: 0x17
cpu MHz		: 2999.953
cache size	: 3072 KB
physical id	: 0
siblings	: 4
core id		: 1
cpu cores	: 2
apicid		: 3
initial apicid	: 3
fpu		: yes
fpu_exception	: yes
cpuid level	: 13
wp		: yes
flags		: fpu vme de pse tsc msr pae mce cx8 apic sep mtrr pge mca cmov pat pse36 clflush dts acpi mmx fxsr sse sse2 ss ht tm pbe syscall nx rdtscp lm constant_tsc arch_perfmon pebs bts rep_good nopl xtopology nonstop_tsc aperfmperf eagerfpu pni pclmulqdq dtes64 monitor ds_cpl vmx est tm2 ssse3 cx16 xtpr pdcm pcid sse4_1 sse4_2 x2apic popcnt tsc_deadline_timer aes xsave avx f16c rdrand lahf_lm ida arat epb pln pts dtherm tpr_shadow vnmi flexpriority ept vpid fsgsbase smep erms xsaveopt
bugs		:
bogomips	: 5188.01
clflush size	: 64
cache_alignment	: 64
address sizes	: 36 bits physical, 48 bits virtual
power management:



Memory: 4k page, physical 3863036k(741220k free), swap 4005884k(4005884k free)

vm_info: Java HotSpot(TM) 64-Bit Server VM (25.20-b23) for linux-amd64 JRE (1.8.0_20-b26), built on Jul 30 2014 13:13:52 by "java_re" with gcc 4.3.0 20080428 (Red Hat 4.3.0-8)

time: Mon Nov  9 17:44:38 2015
elapsed time: 352 seconds (0d 0h 5m 52s)

