#
# A fatal error has been detected by the Java Runtime Environment:
#
#  SIGSEGV (0xb) at pc=0x00007f28d1400190, pid=12317, tid=139812579243776
#
# JRE version: Java(TM) SE Runtime Environment (8.0_20-b26) (build 1.8.0_20-b26)
# Java VM: Java HotSpot(TM) 64-Bit Server VM (25.20-b23 mixed mode linux-amd64 compressed oops)
# Problematic frame:
# V  [libjvm.so+0x873190]  Method::checked_resolve_jmethod_id(_jmethodID*)+0x20
#
# Failed to write core dump. Core dumps have been disabled. To enable core dumping, try "ulimit -c unlimited" before starting Java again
#
# If you would like to submit a bug report, please visit:
#   http://bugreport.sun.com/bugreport/crash.jsp
#

---------------  T H R E A D  ---------------

Current thread (0x00007f28cc0ba800):  JavaThread "JDWP Transport Listener: dt_socket" daemon [_thread_in_vm, id=12334, stack(0x00007f28a70ef000,0x00007f28a71f0000)]

siginfo: si_signo: 11 (SIGSEGV), si_code: 128 (SI_KERNEL), si_addr: 0x0000000000000000

Registers:
RAX=0x0000000000000001, RBX=0x00007f28cc0036a0, RCX=0x00007f28d250b340, RDX=0x00007f28d1ae4fe0
RSP=0x00007f28a71ee7d0, RBP=0x00007f28a71ee7e0, RSI=0x00007f28cc0ba800, RDI=0x003b797274003b6e
R8 =0x00007f289400aad0, R9 =0x0000000000000000, R10=0x0000000000000020, R11=0x00007f28d1ca6230
R12=0x0000000000000017, R13=0x003b797274003b6e, R14=0x00007f28cc0ba800, R15=0x00007f28a71ee8e7
RIP=0x00007f28d1400190, EFLAGS=0x0000000000010202, CSGSFS=0x0000000000000033, ERR=0x0000000000000000
  TRAPNO=0x000000000000000d

Top of Stack: (sp=0x00007f28a71ee7d0)
0x00007f28a71ee7d0:   0000000000000074 00007f28cc0036a0
0x00007f28a71ee7e0:   00007f28a71ee850 00007f28d129578e
0x00007f28a71ee7f0:   00007f289400aad0 00007f28a71ee800
0x00007f28a71ee800:   00007f28cc0ba800 0000000000000000
0x00007f28a71ee810:   00007f2800000000 0000000000000000
0x00007f28a71ee820:   00007f28a71ee840 00007f28d0241d60
0x00007f28a71ee830:   003b797274003b6e 00007f28a71ee8e7
0x00007f28a71ee840:   0000000000000007 00007f28a71ee8e7
0x00007f28a71ee850:   00007f28a71ee880 00007f28d002d872
0x00007f28a71ee860:   00007f28a71ee880 003b797274003b6e
0x00007f28a71ee870:   00007f28a71ee950 0000000000000038
0x00007f28a71ee880:   00007f28a71ee910 00007f28d000ea60
0x00007f28a71ee890:   00007f28a71ee8c8 00007f28a71ee8c0
0x00007f28a71ee8a0:   00007f28a71ee8b8 00007f28a71ee8dc
0x00007f28a71ee8b0:   00000001940030c0 0000000000000000
0x00007f28a71ee8c0:   0000000000000000 0000000000000000
0x00007f28a71ee8d0:   00007f2894007e20 0000000aa71ee950
0x00007f28a71ee8e0:   0000000000000008 0000000000000002
0x00007f28a71ee8f0:   000000000000000f 0000000000000002
0x00007f28a71ee900:   00000000000f0200 000000000000000f
0x00007f28a71ee910:   00007f28a71eeb60 00007f28d0019976
0x00007f28a71ee920:   0001d84100000013 00007f28d10f0200
0x00007f28a71ee930:   00007f288c000fb0 0000000000000000
0x00007f28a71ee940:   00007f28a71ee950 00007f28a71eeae0
0x00007f28a71ee950:   00007f289400b591 00007f2800000237
0x00007f28a71ee960:   00007f2894005ee0 000000000000012c
0x00007f28a71ee970:   00007f28a71ee9a0 00007f2894005ee0
0x00007f28a71ee980:   00007f0000000000 0001d8410000001c
0x00007f28a71ee990:   00007f280000ea80 00007f28a71ee9a0
0x00007f28a71ee9a0:   287f000008000000 06000000985e0094
0x00007f28a71ee9b0:   00003e74696e693c 0000005629280300
0x00007f28a71ee9c0:   7f00000100000000 000000905e009428 

Instructions: (pc=0x00007f28d1400190)
0x00007f28d1400170:   55 48 89 e5 53 48 83 ec 08 48 85 ff 75 12 31 db
0x00007f28d1400180:   48 89 d8 48 83 c4 08 5b c9 c3 66 0f 1f 44 00 00
0x00007f28d1400190:   48 8b 1f 48 85 db 74 e6 48 83 fb 37 74 e0 48 8b
0x00007f28d14001a0:   03 48 89 df ff 50 10 84 c0 0f 1f 80 00 00 00 00 

Register to memory mapping:

RAX=0x0000000000000001 is an unknown value
RBX=0x00007f28cc0036a0 is an unknown value
RCX=0x00007f28d250b340: <offset 0x219340> in /lib/x86_64-linux-gnu/libpthread.so.0 at 0x00007f28d22f2000
RDX=0x00007f28d1ae4fe0: <offset 0xf57fe0> in /home/hijj/software/javaAndroid/jdk/jdk8/jre/lib/amd64/server/libjvm.so at 0x00007f28d0b8d000
RSP=0x00007f28a71ee7d0 is pointing into the stack for thread: 0x00007f28cc0ba800
RBP=0x00007f28a71ee7e0 is pointing into the stack for thread: 0x00007f28cc0ba800
RSI=0x00007f28cc0ba800 is a thread
RDI=0x003b797274003b6e is an unknown value
R8 =0x00007f289400aad0 is an unknown value
R9 =0x0000000000000000 is an unknown value
R10=0x0000000000000020 is an unknown value
R11=0x00007f28d1ca6230: <offset 0x197230> in /lib/x86_64-linux-gnu/libc.so.6 at 0x00007f28d1b0f000
R12=0x0000000000000017 is an unknown value
R13=0x003b797274003b6e is an unknown value
R14=0x00007f28cc0ba800 is a thread
R15=0x00007f28a71ee8e7 is pointing into the stack for thread: 0x00007f28cc0ba800


Stack: [0x00007f28a70ef000,0x00007f28a71f0000],  sp=0x00007f28a71ee7d0,  free space=1021k
Native frames: (J=compiled Java code, j=interpreted, Vv=VM code, C=native code)
V  [libjvm.so+0x873190]  Method::checked_resolve_jmethod_id(_jmethodID*)+0x20
V  [libjvm.so+0x70878e]  jvmti_IsMethodSynthetic+0x29e
C  [libjdwp.so+0x25872]  isMethodSynthetic+0x42
C  [libjdwp.so+0x6a60]  methods1+0x1b0
C  [libjdwp.so+0x11976]  debugLoop_run+0x2b6
C  [libjdwp.so+0x247af]  attachThread+0x2f
V  [libjvm.so+0x7744f2]  JvmtiAgentThread::call_start_function()+0xc2
V  [libjvm.so+0xa2990f]  JavaThread::thread_main_inner()+0xdf
V  [libjvm.so+0xa29a3c]  JavaThread::run()+0x11c
V  [libjvm.so+0x8e75f8]  java_start(Thread*)+0x108
C  [libpthread.so.0+0x76aa]  start_thread+0xca


---------------  P R O C E S S  ---------------

Java Threads: ( => current thread )
  0x00007f28cc0ea800 JavaThread "Service Thread" daemon [_thread_blocked, id=12344, stack(0x00007f28a6ae9000,0x00007f28a6bea000)]
  0x00007f28cc0c5000 JavaThread "C1 CompilerThread2" daemon [_thread_blocked, id=12343, stack(0x00007f28a6bea000,0x00007f28a6ceb000)]
  0x00007f28cc0c3000 JavaThread "C2 CompilerThread1" daemon [_thread_blocked, id=12342, stack(0x00007f28a6ceb000,0x00007f28a6dec000)]
  0x00007f28cc0c0800 JavaThread "C2 CompilerThread0" daemon [_thread_blocked, id=12341, stack(0x00007f28a6dec000,0x00007f28a6eed000)]
  0x00007f2894001000 JavaThread "JDWP Command Reader" daemon [_thread_in_native, id=12338, stack(0x00007f28a6eed000,0x00007f28a6fee000)]
  0x00007f28cc0be000 JavaThread "JDWP Event Helper Thread" daemon [_thread_blocked, id=12336, stack(0x00007f28a6fee000,0x00007f28a70ef000)]
=>0x00007f28cc0ba800 JavaThread "JDWP Transport Listener: dt_socket" daemon [_thread_in_vm, id=12334, stack(0x00007f28a70ef000,0x00007f28a71f0000)]
  0x00007f28cc0ad000 JavaThread "Signal Dispatcher" daemon [_thread_blocked, id=12332, stack(0x00007f28a73f4000,0x00007f28a74f5000)]
  0x00007f28cc07f000 JavaThread "Finalizer" daemon [_thread_blocked, id=12331, stack(0x00007f28a74f5000,0x00007f28a75f6000)]
  0x00007f28cc07d000 JavaThread "Reference Handler" daemon [_thread_blocked, id=12330, stack(0x00007f28a75f6000,0x00007f28a76f7000)]
  0x00007f28cc00c000 JavaThread "main" [_thread_in_native, id=12319, stack(0x00007f28d2612000,0x00007f28d2713000)]

Other Threads:
  0x00007f28cc075800 VMThread [stack: 0x00007f28a76f7000,0x00007f28a77f8000] [id=12329]
  0x00007f28cc0ed800 WatcherThread [stack: 0x00007f28a69e8000,0x00007f28a6ae9000] [id=12345]

VM state:not at safepoint (normal execution)

VM Mutex/Monitor currently owned by a thread: None

Heap:
 PSYoungGen      total 17920K, used 2151K [0x00000000ec580000, 0x00000000ed980000, 0x0000000100000000)
  eden space 15360K, 14% used [0x00000000ec580000,0x00000000ec799fe8,0x00000000ed480000)
  from space 2560K, 0% used [0x00000000ed700000,0x00000000ed700000,0x00000000ed980000)
  to   space 2560K, 0% used [0x00000000ed480000,0x00000000ed480000,0x00000000ed700000)
 ParOldGen       total 40960K, used 0K [0x00000000c5000000, 0x00000000c7800000, 0x00000000ec580000)
  object space 40960K, 0% used [0x00000000c5000000,0x00000000c5000000,0x00000000c7800000)
 Metaspace       used 4033K, capacity 5098K, committed 5376K, reserved 1056768K
  class space    used 416K, capacity 466K, committed 512K, reserved 1048576K

Card table byte_map: [0x00007f28bb72b000,0x00007f28bb904000] byte_map_base: 0x00007f28bb103000

Marking Bits: (ParMarkBitMap*) 0x00007f28d1ae4ac0
 Begin Bits: [0x00007f28b946c000, 0x00007f28ba32c000)
 End Bits:   [0x00007f28ba32c000, 0x00007f28bb1ec000)

Polling page: 0x00007f28d2730000

CodeCache: size=245760Kb used=1217Kb max_used=1217Kb free=244542Kb
 bounds [0x00007f28bbcc4000, 0x00007f28bbf34000, 0x00007f28cacc4000]
 total_blobs=316 nmethods=79 adapters=160
 compilation: enabled

Compilation events (10 events):
Event: 0.224 Thread 0x00007f28cc0c5000   75       3       java.util.regex.Pattern::peek (26 bytes)
Event: 0.225 Thread 0x00007f28cc0c5000 nmethod 75 0x00007f28bbdf3250 code [0x00007f28bbdf33e0, 0x00007f28bbdf36a8]
Event: 0.225 Thread 0x00007f28cc0c5000   77       3       java.util.regex.Pattern::next (33 bytes)
Event: 0.225 Thread 0x00007f28cc0c5000 nmethod 77 0x00007f28bbdf37d0 code [0x00007f28bbdf3960, 0x00007f28bbdf3c28]
Event: 0.225 Thread 0x00007f28cc0c5000   76       3       java.lang.Character::isBmpCodePoint (13 bytes)
Event: 0.225 Thread 0x00007f28cc0c5000 nmethod 76 0x00007f28bbdf3d50 code [0x00007f28bbdf3ec0, 0x00007f28bbdf4050]
Event: 0.225 Thread 0x00007f28cc0c5000   78       1       java.util.regex.Pattern::flags (5 bytes)
Event: 0.225 Thread 0x00007f28cc0c5000 nmethod 78 0x00007f28bbdf40d0 code [0x00007f28bbdf4220, 0x00007f28bbdf4330]
Event: 2751.550 Thread 0x00007f28cc0c5000   79       3       java.util.concurrent.ConcurrentHashMap$Node::<init> (26 bytes)
Event: 2751.551 Thread 0x00007f28cc0c5000 nmethod 79 0x00007f28bbdf4390 code [0x00007f28bbdf4500, 0x00007f28bbdf46f0]

GC Heap History (0 events):
No events

Deoptimization events (0 events):
No events

Internal exceptions (10 events):
Event: 0.211 Thread 0x00007f28cc00c000 Exception <a 'java/security/PrivilegedActionException'> (0x00000000ec72c980) thrown at [/HUDSON/workspace/8-2-build-linux-amd64/jdk8u20/1074/hotspot/src/share/vm/prims/jvm.cpp, line 1275]
Event: 0.211 Thread 0x00007f28cc00c000 Exception <a 'java/security/PrivilegedActionException'> (0x00000000ec72db38) thrown at [/HUDSON/workspace/8-2-build-linux-amd64/jdk8u20/1074/hotspot/src/share/vm/prims/jvm.cpp, line 1275]
Event: 0.213 Thread 0x00007f28cc00c000 Exception <a 'java/security/PrivilegedActionException'> (0x00000000ec730558) thrown at [/HUDSON/workspace/8-2-build-linux-amd64/jdk8u20/1074/hotspot/src/share/vm/prims/jvm.cpp, line 1275]
Event: 0.213 Thread 0x00007f28cc00c000 Exception <a 'java/security/PrivilegedActionException'> (0x00000000ec7318f8) thrown at [/HUDSON/workspace/8-2-build-linux-amd64/jdk8u20/1074/hotspot/src/share/vm/prims/jvm.cpp, line 1275]
Event: 0.218 Thread 0x00007f28cc00c000 Exception <a 'java/security/PrivilegedActionException'> (0x00000000ec745698) thrown at [/HUDSON/workspace/8-2-build-linux-amd64/jdk8u20/1074/hotspot/src/share/vm/prims/jvm.cpp, line 1275]
Event: 0.218 Thread 0x00007f28cc00c000 Exception <a 'java/security/PrivilegedActionException'> (0x00000000ec746b30) thrown at [/HUDSON/workspace/8-2-build-linux-amd64/jdk8u20/1074/hotspot/src/share/vm/prims/jvm.cpp, line 1275]
Event: 0.219 Thread 0x00007f28cc00c000 Exception <a 'java/security/PrivilegedActionException'> (0x00000000ec7540b8) thrown at [/HUDSON/workspace/8-2-build-linux-amd64/jdk8u20/1074/hotspot/src/share/vm/prims/jvm.cpp, line 1275]
Event: 0.219 Thread 0x00007f28cc00c000 Exception <a 'java/security/PrivilegedActionException'> (0x00000000ec755778) thrown at [/HUDSON/workspace/8-2-build-linux-amd64/jdk8u20/1074/hotspot/src/share/vm/prims/jvm.cpp, line 1275]
Event: 0.220 Thread 0x00007f28cc00c000 Exception <a 'java/security/PrivilegedActionException'> (0x00000000ec757e18) thrown at [/HUDSON/workspace/8-2-build-linux-amd64/jdk8u20/1074/hotspot/src/share/vm/prims/jvm.cpp, line 1275]
Event: 0.220 Thread 0x00007f28cc00c000 Exception <a 'java/security/PrivilegedActionException'> (0x00000000ec7594f8) thrown at [/HUDSON/workspace/8-2-build-linux-amd64/jdk8u20/1074/hotspot/src/share/vm/prims/jvm.cpp, line 1275]

Events (10 events):
Event: 1951.444 Executing VM operation: ChangeBreakpoints
Event: 1951.444 Executing VM operation: ChangeBreakpoints done
Event: 1951.447 Executing VM operation: ChangeBreakpoints
Event: 1951.447 Executing VM operation: ChangeBreakpoints done
Event: 1951.449 Executing VM operation: ChangeBreakpoints
Event: 1951.449 Executing VM operation: ChangeBreakpoints done
Event: 1951.449 Executing VM operation: ChangeBreakpoints
Event: 1951.449 Executing VM operation: ChangeBreakpoints done
Event: 2751.551 Executing VM operation: RedefineClasses
Event: 2751.552 Executing VM operation: RedefineClasses done


Dynamic libraries:
00400000-00401000 r-xp 00000000 08:08 2622385                            /home/hijj/software/javaAndroid/jdk/jdk8/bin/java
00600000-00601000 rw-p 00000000 08:08 2622385                            /home/hijj/software/javaAndroid/jdk/jdk8/bin/java
00e74000-00e95000 rw-p 00000000 00:00 0                                  [heap]
c5000000-c7800000 rw-p 00000000 00:00 0 
c7800000-ec580000 ---p 00000000 00:00 0 
ec580000-ed980000 rw-p 00000000 00:00 0 
ed980000-100000000 ---p 00000000 00:00 0 
100000000-100080000 rw-p 00000000 00:00 0 
100080000-140000000 ---p 00000000 00:00 0 
7f2870000000-7f2870021000 rw-p 00000000 00:00 0 
7f2870021000-7f2874000000 ---p 00000000 00:00 0 
7f2878000000-7f28780a3000 rw-p 00000000 00:00 0 
7f28780a3000-7f287c000000 ---p 00000000 00:00 0 
7f287c000000-7f287c021000 rw-p 00000000 00:00 0 
7f287c021000-7f2880000000 ---p 00000000 00:00 0 
7f2880000000-7f2880056000 rw-p 00000000 00:00 0 
7f2880056000-7f2884000000 ---p 00000000 00:00 0 
7f2884000000-7f2884021000 rw-p 00000000 00:00 0 
7f2884021000-7f2888000000 ---p 00000000 00:00 0 
7f2888000000-7f2888021000 rw-p 00000000 00:00 0 
7f2888021000-7f288c000000 ---p 00000000 00:00 0 
7f288c000000-7f288c021000 rw-p 00000000 00:00 0 
7f288c021000-7f2890000000 ---p 00000000 00:00 0 
7f2890000000-7f2890021000 rw-p 00000000 00:00 0 
7f2890021000-7f2894000000 ---p 00000000 00:00 0 
7f2894000000-7f2894025000 rw-p 00000000 00:00 0 
7f2894025000-7f2898000000 ---p 00000000 00:00 0 
7f2898000000-7f2898021000 rw-p 00000000 00:00 0 
7f2898021000-7f289c000000 ---p 00000000 00:00 0 
7f289c000000-7f289c021000 rw-p 00000000 00:00 0 
7f289c021000-7f28a0000000 ---p 00000000 00:00 0 
7f28a0000000-7f28a0021000 rw-p 00000000 00:00 0 
7f28a0021000-7f28a4000000 ---p 00000000 00:00 0 
7f28a6773000-7f28a69e8000 rw-p 00000000 00:00 0 
7f28a69e8000-7f28a69e9000 ---p 00000000 00:00 0 
7f28a69e9000-7f28a6ae9000 rw-p 00000000 00:00 0                          [stack:12345]
7f28a6ae9000-7f28a6aec000 ---p 00000000 00:00 0 
7f28a6aec000-7f28a6bea000 rw-p 00000000 00:00 0                          [stack:12344]
7f28a6bea000-7f28a6bed000 ---p 00000000 00:00 0 
7f28a6bed000-7f28a6ceb000 rw-p 00000000 00:00 0                          [stack:12343]
7f28a6ceb000-7f28a6cee000 ---p 00000000 00:00 0 
7f28a6cee000-7f28a6dec000 rw-p 00000000 00:00 0                          [stack:12342]
7f28a6dec000-7f28a6def000 ---p 00000000 00:00 0 
7f28a6def000-7f28a6eed000 rw-p 00000000 00:00 0                          [stack:12341]
7f28a6eed000-7f28a6ef0000 ---p 00000000 00:00 0 
7f28a6ef0000-7f28a6fee000 rw-p 00000000 00:00 0                          [stack:12338]
7f28a6fee000-7f28a6ff1000 ---p 00000000 00:00 0 
7f28a6ff1000-7f28a70ef000 rw-p 00000000 00:00 0                          [stack:12336]
7f28a70ef000-7f28a70f2000 ---p 00000000 00:00 0 
7f28a70f2000-7f28a71f0000 rw-p 00000000 00:00 0                          [stack:12334]
7f28a71f0000-7f28a71f4000 r-xp 00000000 08:08 2628974                    /home/hijj/software/javaAndroid/jdk/jdk8/jre/lib/amd64/libdt_socket.so
7f28a71f4000-7f28a73f3000 ---p 00004000 08:08 2628974                    /home/hijj/software/javaAndroid/jdk/jdk8/jre/lib/amd64/libdt_socket.so
7f28a73f3000-7f28a73f4000 rw-p 00003000 08:08 2628974                    /home/hijj/software/javaAndroid/jdk/jdk8/jre/lib/amd64/libdt_socket.so
7f28a73f4000-7f28a73f7000 ---p 00000000 00:00 0 
7f28a73f7000-7f28a74f5000 rw-p 00000000 00:00 0                          [stack:12332]
7f28a74f5000-7f28a74f8000 ---p 00000000 00:00 0 
7f28a74f8000-7f28a75f6000 rw-p 00000000 00:00 0                          [stack:12331]
7f28a75f6000-7f28a75f9000 ---p 00000000 00:00 0 
7f28a75f9000-7f28a76f7000 rw-p 00000000 00:00 0                          [stack:12330]
7f28a76f7000-7f28a76f8000 ---p 00000000 00:00 0 
7f28a76f8000-7f28a8000000 rw-p 00000000 00:00 0                          [stack:12329]
7f28a8000000-7f28a8021000 rw-p 00000000 00:00 0 
7f28a8021000-7f28ac000000 ---p 00000000 00:00 0 
7f28ac000000-7f28ac021000 rw-p 00000000 00:00 0 
7f28ac021000-7f28b0000000 ---p 00000000 00:00 0 
7f28b0000000-7f28b0021000 rw-p 00000000 00:00 0 
7f28b0021000-7f28b4000000 ---p 00000000 00:00 0 
7f28b4000000-7f28b4021000 rw-p 00000000 00:00 0 
7f28b4021000-7f28b8000000 ---p 00000000 00:00 0 
7f28b8060000-7f28b8073000 r--s 00344000 08:08 2628842                    /home/hijj/software/javaAndroid/jdk/jdk8/jre/lib/resources.jar
7f28b8073000-7f28b808f000 r--s 00393000 08:08 2628860                    /home/hijj/software/javaAndroid/jdk/jdk8/jre/lib/ext/cldrdata.jar
7f28b808f000-7f28b8848000 rw-p 00000000 00:00 0 
7f28b8848000-7f28b8a1e000 r--s 03ca8000 08:08 2628807                    /home/hijj/software/javaAndroid/jdk/jdk8/jre/lib/rt.jar
7f28b8a1e000-7f28b8f54000 rw-p 00000000 00:00 0 
7f28b8f54000-7f28b9294000 ---p 00000000 00:00 0 
7f28b9294000-7f28bb1ec000 rw-p 00000000 00:00 0 
7f28bb1ec000-7f28bb1ed000 ---p 00000000 00:00 0 
7f28bb1ed000-7f28bb2ed000 rw-p 00000000 00:00 0                          [stack:12323]
7f28bb2ed000-7f28bb2ee000 ---p 00000000 00:00 0 
7f28bb2ee000-7f28bb3ee000 rw-p 00000000 00:00 0                          [stack:12322]
7f28bb3ee000-7f28bb3ef000 ---p 00000000 00:00 0 
7f28bb3ef000-7f28bb4ef000 rw-p 00000000 00:00 0                          [stack:12321]
7f28bb4ef000-7f28bb4f0000 ---p 00000000 00:00 0 
7f28bb4f0000-7f28bb604000 rw-p 00000000 00:00 0                          [stack:12320]
7f28bb604000-7f28bb72b000 ---p 00000000 00:00 0 
7f28bb72b000-7f28bb73f000 rw-p 00000000 00:00 0 
7f28bb73f000-7f28bb865000 ---p 00000000 00:00 0 
7f28bb865000-7f28bb870000 rw-p 00000000 00:00 0 
7f28bb870000-7f28bb903000 ---p 00000000 00:00 0 
7f28bb903000-7f28bb90e000 rw-p 00000000 00:00 0 
7f28bb90e000-7f28bbcc4000 ---p 00000000 00:00 0 
7f28bbcc4000-7f28bbf34000 rwxp 00000000 00:00 0 
7f28bbf34000-7f28cacc4000 ---p 00000000 00:00 0 
7f28cacc4000-7f28cacde000 r-xp 00000000 08:08 2629001                    /home/hijj/software/javaAndroid/jdk/jdk8/jre/lib/amd64/libzip.so
7f28cacde000-7f28caede000 ---p 0001a000 08:08 2629001                    /home/hijj/software/javaAndroid/jdk/jdk8/jre/lib/amd64/libzip.so
7f28caede000-7f28caedf000 rw-p 0001a000 08:08 2629001                    /home/hijj/software/javaAndroid/jdk/jdk8/jre/lib/amd64/libzip.so
7f28caedf000-7f28caeeb000 r-xp 00000000 08:08 5771539                    /lib/x86_64-linux-gnu/libnss_files-2.21.so
7f28caeeb000-7f28cb0ea000 ---p 0000c000 08:08 5771539                    /lib/x86_64-linux-gnu/libnss_files-2.21.so
7f28cb0ea000-7f28cb0eb000 r--p 0000b000 08:08 5771539                    /lib/x86_64-linux-gnu/libnss_files-2.21.so
7f28cb0eb000-7f28cb0ec000 rw-p 0000c000 08:08 5771539                    /lib/x86_64-linux-gnu/libnss_files-2.21.so
7f28cb0ec000-7f28cb0f7000 r-xp 00000000 08:08 5771549                    /lib/x86_64-linux-gnu/libnss_nis-2.21.so
7f28cb0f7000-7f28cb2f6000 ---p 0000b000 08:08 5771549                    /lib/x86_64-linux-gnu/libnss_nis-2.21.so
7f28cb2f6000-7f28cb2f7000 r--p 0000a000 08:08 5771549                    /lib/x86_64-linux-gnu/libnss_nis-2.21.so
7f28cb2f7000-7f28cb2f8000 rw-p 0000b000 08:08 5771549                    /lib/x86_64-linux-gnu/libnss_nis-2.21.so
7f28cb2f8000-7f28cb30f000 r-xp 00000000 08:08 5771533                    /lib/x86_64-linux-gnu/libnsl-2.21.so
7f28cb30f000-7f28cb50e000 ---p 00017000 08:08 5771533                    /lib/x86_64-linux-gnu/libnsl-2.21.so
7f28cb50e000-7f28cb50f000 r--p 00016000 08:08 5771533                    /lib/x86_64-linux-gnu/libnsl-2.21.so
7f28cb50f000-7f28cb510000 rw-p 00017000 08:08 5771533                    /lib/x86_64-linux-gnu/libnsl-2.21.so
7f28cb510000-7f28cb512000 rw-p 00000000 00:00 0 
7f28cb512000-7f28cb51a000 r-xp 00000000 08:08 5771535                    /lib/x86_64-linux-gnu/libnss_compat-2.21.so
7f28cb51a000-7f28cb719000 ---p 00008000 08:08 5771535                    /lib/x86_64-linux-gnu/libnss_compat-2.21.so
7f28cb719000-7f28cb71a000 r--p 00007000 08:08 5771535                    /lib/x86_64-linux-gnu/libnss_compat-2.21.so
7f28cb71a000-7f28cb71b000 rw-p 00008000 08:08 5771535                    /lib/x86_64-linux-gnu/libnss_compat-2.21.so
7f28cb71b000-7f28cbdfd000 r--p 00000000 08:08 4070784                    /usr/lib/locale/locale-archive
7f28cbdfd000-7f28cbdff000 r-xp 00000000 08:08 2628975                    /home/hijj/software/javaAndroid/jdk/jdk8/jre/lib/amd64/libnpt.so
7f28cbdff000-7f28cbfff000 ---p 00002000 08:08 2628975                    /home/hijj/software/javaAndroid/jdk/jdk8/jre/lib/amd64/libnpt.so
7f28cbfff000-7f28cc000000 rw-p 00002000 08:08 2628975                    /home/hijj/software/javaAndroid/jdk/jdk8/jre/lib/amd64/libnpt.so
7f28cc000000-7f28cc161000 rw-p 00000000 00:00 0 
7f28cc161000-7f28d0000000 ---p 00000000 00:00 0 
7f28d0008000-7f28d0041000 r-xp 00000000 08:08 2628992                    /home/hijj/software/javaAndroid/jdk/jdk8/jre/lib/amd64/libjdwp.so
7f28d0041000-7f28d0240000 ---p 00039000 08:08 2628992                    /home/hijj/software/javaAndroid/jdk/jdk8/jre/lib/amd64/libjdwp.so
7f28d0240000-7f28d0242000 rw-p 00038000 08:08 2628992                    /home/hijj/software/javaAndroid/jdk/jdk8/jre/lib/amd64/libjdwp.so
7f28d0242000-7f28d026c000 r-xp 00000000 08:08 2628996                    /home/hijj/software/javaAndroid/jdk/jdk8/jre/lib/amd64/libjava.so
7f28d026c000-7f28d046c000 ---p 0002a000 08:08 2628996                    /home/hijj/software/javaAndroid/jdk/jdk8/jre/lib/amd64/libjava.so
7f28d046c000-7f28d046e000 rw-p 0002a000 08:08 2628996                    /home/hijj/software/javaAndroid/jdk/jdk8/jre/lib/amd64/libjava.so
7f28d046e000-7f28d047b000 r-xp 00000000 08:08 2629000                    /home/hijj/software/javaAndroid/jdk/jdk8/jre/lib/amd64/libverify.so
7f28d047b000-7f28d067b000 ---p 0000d000 08:08 2629000                    /home/hijj/software/javaAndroid/jdk/jdk8/jre/lib/amd64/libverify.so
7f28d067b000-7f28d067d000 rw-p 0000d000 08:08 2629000                    /home/hijj/software/javaAndroid/jdk/jdk8/jre/lib/amd64/libverify.so
7f28d067d000-7f28d0684000 r-xp 00000000 08:08 5771594                    /lib/x86_64-linux-gnu/librt-2.21.so
7f28d0684000-7f28d0883000 ---p 00007000 08:08 5771594                    /lib/x86_64-linux-gnu/librt-2.21.so
7f28d0883000-7f28d0884000 r--p 00006000 08:08 5771594                    /lib/x86_64-linux-gnu/librt-2.21.so
7f28d0884000-7f28d0885000 rw-p 00007000 08:08 5771594                    /lib/x86_64-linux-gnu/librt-2.21.so
7f28d0885000-7f28d098c000 r-xp 00000000 08:08 5771512                    /lib/x86_64-linux-gnu/libm-2.21.so
7f28d098c000-7f28d0b8b000 ---p 00107000 08:08 5771512                    /lib/x86_64-linux-gnu/libm-2.21.so
7f28d0b8b000-7f28d0b8c000 r--p 00106000 08:08 5771512                    /lib/x86_64-linux-gnu/libm-2.21.so
7f28d0b8c000-7f28d0b8d000 rw-p 00107000 08:08 5771512                    /lib/x86_64-linux-gnu/libm-2.21.so
7f28d0b8d000-7f28d17f7000 r-xp 00000000 08:08 2628982                    /home/hijj/software/javaAndroid/jdk/jdk8/jre/lib/amd64/server/libjvm.so
7f28d17f7000-7f28d19f6000 ---p 00c6a000 08:08 2628982                    /home/hijj/software/javaAndroid/jdk/jdk8/jre/lib/amd64/server/libjvm.so
7f28d19f6000-7f28d1acd000 rw-p 00c69000 08:08 2628982                    /home/hijj/software/javaAndroid/jdk/jdk8/jre/lib/amd64/server/libjvm.so
7f28d1acd000-7f28d1b0f000 rw-p 00000000 00:00 0 
7f28d1b0f000-7f28d1ccf000 r-xp 00000000 08:08 5771453                    /lib/x86_64-linux-gnu/libc-2.21.so
7f28d1ccf000-7f28d1ecf000 ---p 001c0000 08:08 5771453                    /lib/x86_64-linux-gnu/libc-2.21.so
7f28d1ecf000-7f28d1ed3000 r--p 001c0000 08:08 5771453                    /lib/x86_64-linux-gnu/libc-2.21.so
7f28d1ed3000-7f28d1ed5000 rw-p 001c4000 08:08 5771453                    /lib/x86_64-linux-gnu/libc-2.21.so
7f28d1ed5000-7f28d1ed9000 rw-p 00000000 00:00 0 
7f28d1ed9000-7f28d1edc000 r-xp 00000000 08:08 5771470                    /lib/x86_64-linux-gnu/libdl-2.21.so
7f28d1edc000-7f28d20db000 ---p 00003000 08:08 5771470                    /lib/x86_64-linux-gnu/libdl-2.21.so
7f28d20db000-7f28d20dc000 r--p 00002000 08:08 5771470                    /lib/x86_64-linux-gnu/libdl-2.21.so
7f28d20dc000-7f28d20dd000 rw-p 00003000 08:08 5771470                    /lib/x86_64-linux-gnu/libdl-2.21.so
7f28d20dd000-7f28d20f2000 r-xp 00000000 08:08 2628623                    /home/hijj/software/javaAndroid/jdk/jdk8/lib/amd64/jli/libjli.so
7f28d20f2000-7f28d22f1000 ---p 00015000 08:08 2628623                    /home/hijj/software/javaAndroid/jdk/jdk8/lib/amd64/jli/libjli.so
7f28d22f1000-7f28d22f2000 rw-p 00014000 08:08 2628623                    /home/hijj/software/javaAndroid/jdk/jdk8/lib/amd64/jli/libjli.so
7f28d22f2000-7f28d230a000 r-xp 00000000 08:08 5771586                    /lib/x86_64-linux-gnu/libpthread-2.21.so
7f28d230a000-7f28d250a000 ---p 00018000 08:08 5771586                    /lib/x86_64-linux-gnu/libpthread-2.21.so
7f28d250a000-7f28d250b000 r--p 00018000 08:08 5771586                    /lib/x86_64-linux-gnu/libpthread-2.21.so
7f28d250b000-7f28d250c000 rw-p 00019000 08:08 5771586                    /lib/x86_64-linux-gnu/libpthread-2.21.so
7f28d250c000-7f28d2510000 rw-p 00000000 00:00 0 
7f28d2510000-7f28d2534000 r-xp 00000000 08:08 5771425                    /lib/x86_64-linux-gnu/ld-2.21.so
7f28d253a000-7f28d2612000 rw-p 00000000 00:00 0 
7f28d2612000-7f28d2615000 ---p 00000000 00:00 0 
7f28d2615000-7f28d2717000 rw-p 00000000 00:00 0                          [stack:12319]
7f28d271a000-7f28d271d000 rw-p 00000000 00:00 0 
7f28d271d000-7f28d2727000 r--s 00116000 08:08 2628866                    /home/hijj/software/javaAndroid/jdk/jdk8/jre/lib/ext/localedata.jar
7f28d2727000-7f28d272f000 rw-s 00000000 08:08 1574304                    /tmp/hsperfdata_hijj/12317
7f28d272f000-7f28d2730000 rw-p 00000000 00:00 0 
7f28d2730000-7f28d2731000 r--p 00000000 00:00 0 
7f28d2731000-7f28d2733000 rw-p 00000000 00:00 0 
7f28d2733000-7f28d2734000 r--p 00023000 08:08 5771425                    /lib/x86_64-linux-gnu/ld-2.21.so
7f28d2734000-7f28d2735000 rw-p 00024000 08:08 5771425                    /lib/x86_64-linux-gnu/ld-2.21.so
7f28d2735000-7f28d2736000 rw-p 00000000 00:00 0 
7ffcc23d5000-7ffcc23f6000 rw-p 00000000 00:00 0                          [stack]
7ffcc23fb000-7ffcc23fd000 r--p 00000000 00:00 0                          [vvar]
7ffcc23fd000-7ffcc23ff000 r-xp 00000000 00:00 0                          [vdso]
ffffffffff600000-ffffffffff601000 r-xp 00000000 00:00 0                  [vsyscall]

VM Arguments:
jvm_args: -agentlib:jdwp=transport=dt_socket,suspend=y,address=localhost:36494 -Dfile.encoding=UTF-8 
java_command: learning.ks8.MainTest
java_class_path (initial): /media/hijj/娱乐/github/repositories/ACM/Java/bin
Launcher Type: SUN_STANDARD

Environment Variables:
JAVA_HOME=/home/hijj/software/javaAndroid/jdk/jdk8
JRE_HOME=/home/hijj/software/javaAndroid/jdk/jdk8/jre
CLASSPATH=.:/home/hijj/software/javaAndroid/jdk/jdk8/lib:/home/hijj/software/javaAndroid/jdk/jdk8/jre/lib:.:$JAVA_HOME/lib:$JAVA_HOME/jre/lib
PATH=/home/hijj/software/javaAndroid/sdk/android-sdk-linux/tools:/home/hijj/software/javaAndroid/sdk/android-sdk-linux/platform-tools:/home/hijj/software/javaAndroid/jdk/jdk8/bin:/home/hijj/software/javaAndroid/jdk/jdk8/jre/bin:/usr/local/sbin:/usr/local/bin:/usr/sbin:/usr/bin:/sbin:/bin:/usr/games:/usr/local/games:$JAVA_HOME/bin:$ANDROID_PATH/tools:$ANDROID_PATH/platform-tools
SHELL=/bin/bash
DISPLAY=:0

Signal Handlers:
SIGSEGV: [libjvm.so+0xa77530], sa_mask[0]=11111111011111111101111111111110, sa_flags=SA_RESTART|SA_SIGINFO
SIGBUS: [libjvm.so+0xa77530], sa_mask[0]=11111111011111111101111111111110, sa_flags=SA_RESTART|SA_SIGINFO
SIGFPE: [libjvm.so+0x8e1d90], sa_mask[0]=11111111011111111101111111111110, sa_flags=SA_RESTART|SA_SIGINFO
SIGPIPE: [libjvm.so+0x8e1d90], sa_mask[0]=11111111011111111101111111111110, sa_flags=SA_RESTART|SA_SIGINFO
SIGXFSZ: [libjvm.so+0x8e1d90], sa_mask[0]=11111111011111111101111111111110, sa_flags=SA_RESTART|SA_SIGINFO
SIGILL: [libjvm.so+0x8e1d90], sa_mask[0]=11111111011111111101111111111110, sa_flags=SA_RESTART|SA_SIGINFO
SIGUSR1: SIG_DFL, sa_mask[0]=00000000000000000000000000000000, sa_flags=none
SIGUSR2: [libjvm.so+0x8e35c0], sa_mask[0]=00100000000000000000000000000000, sa_flags=SA_RESTART|SA_SIGINFO
SIGHUP: [libjvm.so+0x8e4980], sa_mask[0]=11111111011111111101111111111110, sa_flags=SA_RESTART|SA_SIGINFO
SIGINT: [libjvm.so+0x8e4980], sa_mask[0]=11111111011111111101111111111110, sa_flags=SA_RESTART|SA_SIGINFO
SIGTERM: [libjvm.so+0x8e4980], sa_mask[0]=11111111011111111101111111111110, sa_flags=SA_RESTART|SA_SIGINFO
SIGQUIT: [libjvm.so+0x8e4980], sa_mask[0]=11111111011111111101111111111110, sa_flags=SA_RESTART|SA_SIGINFO


---------------  S Y S T E M  ---------------

OS:DISTRIB_ID=Ubuntu
DISTRIB_RELEASE=15.04
DISTRIB_CODENAME=vivid
DISTRIB_DESCRIPTION="Ubuntu 15.04"

uname:Linux 3.19.0-30-generic #34-Ubuntu SMP Fri Oct 2 22:08:41 UTC 2015 x86_64
libc:glibc 2.21 NPTL 2.21 
rlimit: STACK 8192k, CORE 0k, NPROC 15002, NOFILE 65536, AS infinity
load average:0.09 0.13 0.31

/proc/meminfo:
MemTotal:        3863036 kB
MemFree:          569308 kB
MemAvailable:    1006704 kB
Buffers:           63680 kB
Cached:           779200 kB
SwapCached:        42520 kB
Active:          1774024 kB
Inactive:        1254984 kB
Active(anon):    1473828 kB
Inactive(anon):   985420 kB
Active(file):     300196 kB
Inactive(file):   269564 kB
Unevictable:          48 kB
Mlocked:              48 kB
SwapTotal:       4005884 kB
SwapFree:        3440932 kB
Dirty:              1448 kB
Writeback:             0 kB
AnonPages:       2160408 kB
Mapped:           219016 kB
Shmem:            273072 kB
Slab:             121096 kB
SReclaimable:      73156 kB
SUnreclaim:        47940 kB
KernelStack:       36320 kB
PageTables:        51836 kB
NFS_Unstable:          0 kB
Bounce:                0 kB
WritebackTmp:          0 kB
CommitLimit:     5937400 kB
Committed_AS:   15029976 kB
VmallocTotal:   34359738367 kB
VmallocUsed:      378088 kB
VmallocChunk:   34359320912 kB
HardwareCorrupted:     0 kB
AnonHugePages:   1155072 kB
CmaTotal:              0 kB
CmaFree:               0 kB
HugePages_Total:       0
HugePages_Free:        0
HugePages_Rsvd:        0
HugePages_Surp:        0
Hugepagesize:       2048 kB
DirectMap4k:      185084 kB
DirectMap2M:     3823616 kB


CPU:total 4 (2 cores per cpu, 2 threads per core) family 6 model 58 stepping 9, cmov, cx8, fxsr, mmx, sse, sse2, sse3, ssse3, sse4.1, sse4.2, popcnt, avx, aes, clmul, erms, ht, tsc, tscinvbit, tscinv

/proc/cpuinfo:
processor	: 0
vendor_id	: GenuineIntel
cpu family	: 6
model		: 58
model name	: Intel(R) Core(TM) i5-3230M CPU @ 2.60GHz
stepping	: 9
microcode	: 0x17
cpu MHz		: 2999.953
cache size	: 3072 KB
physical id	: 0
siblings	: 4
core id		: 0
cpu cores	: 2
apicid		: 0
initial apicid	: 0
fpu		: yes
fpu_exception	: yes
cpuid level	: 13
wp		: yes
flags		: fpu vme de pse tsc msr pae mce cx8 apic sep mtrr pge mca cmov pat pse36 clflush dts acpi mmx fxsr sse sse2 ss ht tm pbe syscall nx rdtscp lm constant_tsc arch_perfmon pebs bts rep_good nopl xtopology nonstop_tsc aperfmperf eagerfpu pni pclmulqdq dtes64 monitor ds_cpl vmx est tm2 ssse3 cx16 xtpr pdcm pcid sse4_1 sse4_2 x2apic popcnt tsc_deadline_timer aes xsave avx f16c rdrand lahf_lm ida arat epb pln pts dtherm tpr_shadow vnmi flexpriority ept vpid fsgsbase smep erms xsaveopt
bugs		:
bogomips	: 5188.00
clflush size	: 64
cache_alignment	: 64
address sizes	: 36 bits physical, 48 bits virtual
power management:

processor	: 1
vendor_id	: GenuineIntel
cpu family	: 6
model		: 58
model name	: Intel(R) Core(TM) i5-3230M CPU @ 2.60GHz
stepping	: 9
microcode	: 0x17
cpu MHz		: 2999.953
cache size	: 3072 KB
physical id	: 0
siblings	: 4
core id		: 0
cpu cores	: 2
apicid		: 1
initial apicid	: 1
fpu		: yes
fpu_exception	: yes
cpuid level	: 13
wp		: yes
flags		: fpu vme de pse tsc msr pae mce cx8 apic sep mtrr pge mca cmov pat pse36 clflush dts acpi mmx fxsr sse sse2 ss ht tm pbe syscall nx rdtscp lm constant_tsc arch_perfmon pebs bts rep_good nopl xtopology nonstop_tsc aperfmperf eagerfpu pni pclmulqdq dtes64 monitor ds_cpl vmx est tm2 ssse3 cx16 xtpr pdcm pcid sse4_1 sse4_2 x2apic popcnt tsc_deadline_timer aes xsave avx f16c rdrand lahf_lm ida arat epb pln pts dtherm tpr_shadow vnmi flexpriority ept vpid fsgsbase smep erms xsaveopt
bugs		:
bogomips	: 5188.00
clflush size	: 64
cache_alignment	: 64
address sizes	: 36 bits physical, 48 bits virtual
power management:

processor	: 2
vendor_id	: GenuineIntel
cpu family	: 6
model		: 58
model name	: Intel(R) Core(TM) i5-3230M CPU @ 2.60GHz
stepping	: 9
microcode	: 0x17
cpu MHz		: 2999.953
cache size	: 3072 KB
physical id	: 0
siblings	: 4
core id		: 1
cpu cores	: 2
apicid		: 2
initial apicid	: 2
fpu		: yes
fpu_exception	: yes
cpuid level	: 13
wp		: yes
flags		: fpu vme de pse tsc msr pae mce cx8 apic sep mtrr pge mca cmov pat pse36 clflush dts acpi mmx fxsr sse sse2 ss ht tm pbe syscall nx rdtscp lm constant_tsc arch_perfmon pebs bts rep_good nopl xtopology nonstop_tsc aperfmperf eagerfpu pni pclmulqdq dtes64 monitor ds_cpl vmx est tm2 ssse3 cx16 xtpr pdcm pcid sse4_1 sse4_2 x2apic popcnt tsc_deadline_timer aes xsave avx f16c rdrand lahf_lm ida arat epb pln pts dtherm tpr_shadow vnmi flexpriority ept vpid fsgsbase smep erms xsaveopt
bugs		:
bogomips	: 5188.00
clflush size	: 64
cache_alignment	: 64
address sizes	: 36 bits physical, 48 bits virtual
power management:

processor	: 3
vendor_id	: GenuineIntel
cpu family	: 6
model		: 58
model name	: Intel(R) Core(TM) i5-3230M CPU @ 2.60GHz
stepping	: 9
microcode	: 0x17
cpu MHz		: 2999.953
cache size	: 3072 KB
physical id	: 0
siblings	: 4
core id		: 1
cpu cores	: 2
apicid		: 3
initial apicid	: 3
fpu		: yes
fpu_exception	: yes
cpuid level	: 13
wp		: yes
flags		: fpu vme de pse tsc msr pae mce cx8 apic sep mtrr pge mca cmov pat pse36 clflush dts acpi mmx fxsr sse sse2 ss ht tm pbe syscall nx rdtscp lm constant_tsc arch_perfmon pebs bts rep_good nopl xtopology nonstop_tsc aperfmperf eagerfpu pni pclmulqdq dtes64 monitor ds_cpl vmx est tm2 ssse3 cx16 xtpr pdcm pcid sse4_1 sse4_2 x2apic popcnt tsc_deadline_timer aes xsave avx f16c rdrand lahf_lm ida arat epb pln pts dtherm tpr_shadow vnmi flexpriority ept vpid fsgsbase smep erms xsaveopt
bugs		:
bogomips	: 5188.00
clflush size	: 64
cache_alignment	: 64
address sizes	: 36 bits physical, 48 bits virtual
power management:



Memory: 4k page, physical 3863036k(569308k free), swap 4005884k(3440932k free)

vm_info: Java HotSpot(TM) 64-Bit Server VM (25.20-b23) for linux-amd64 JRE (1.8.0_20-b26), built on Jul 30 2014 13:13:52 by "java_re" with gcc 4.3.0 20080428 (Red Hat 4.3.0-8)

time: Thu Oct 22 00:10:21 2015
elapsed time: 2751 seconds (0d 0h 45m 51s)

