#
# A fatal error has been detected by the Java Runtime Environment:
#
#  SIGSEGV (0xb) at pc=0x00007fe67e2621a4, pid=3967, tid=140627362707200
#
# JRE version: Java(TM) SE Runtime Environment (8.0_20-b26) (build 1.8.0_20-b26)
# Java VM: Java HotSpot(TM) 64-Bit Server VM (25.20-b23 mixed mode linux-amd64 compressed oops)
# Problematic frame:
# V  [libjvm.so+0x8731a4]  Method::checked_resolve_jmethod_id(_jmethodID*)+0x34
#
# Failed to write core dump. Core dumps have been disabled. To enable core dumping, try "ulimit -c unlimited" before starting Java again
#
# If you would like to submit a bug report, please visit:
#   http://bugreport.sun.com/bugreport/crash.jsp
#

---------------  T H R E A D  ---------------

Current thread (0x00007fe6780ba800):  JavaThread "JDWP Transport Listener: dt_socket" daemon [_thread_in_vm, id=3984, stack(0x00007fe65beff000,0x00007fe65c000000)]

siginfo: si_signo: 11 (SIGSEGV), si_code: 1 (SEGV_MAPERR), si_addr: 0x0000000000000010

Registers:
RAX=0x0000000000000000, RBX=0x00007fe63800a0c0, RCX=0x00007fe67f36d340, RDX=0x00007fe67e946fe0
RSP=0x00007fe65bffe6d0, RBP=0x00007fe65bffe6e0, RSI=0x00007fe6780ba800, RDI=0x00007fe63800a0c0
R8 =0x00007fe638007900, R9 =0x0000000000000000, R10=0x0000000000000010, R11=0x00007fe67eb07ff0
R12=0x0000000000000017, R13=0x00007fe638000078, R14=0x00007fe6780ba800, R15=0x00007fe65bffe7e7
RIP=0x00007fe67e2621a4, EFLAGS=0x0000000000010212, CSGSFS=0x0000000000000033, ERR=0x0000000000000004
  TRAPNO=0x000000000000000e

Top of Stack: (sp=0x00007fe65bffe6d0)
0x00007fe65bffe6d0:   0000000000000074 00007fe6780036a0
0x00007fe65bffe6e0:   00007fe65bffe750 00007fe67e0f778e
0x00007fe65bffe6f0:   00007fe638007900 00007fe65bffe700
0x00007fe65bffe700:   00007fe6780ba800 0000000000000000
0x00007fe65bffe710:   00007fe600000000 0000000000000000
0x00007fe65bffe720:   00007fe65bffe740 00007fe67d0a3d60
0x00007fe65bffe730:   00007fe638000078 00007fe65bffe7e7
0x00007fe65bffe740:   0000000000000005 00007fe65bffe7e7
0x00007fe65bffe750:   00007fe65bffe780 00007fe67ce8f872
0x00007fe65bffe760:   00007fe65bffe780 00007fe638000078
0x00007fe65bffe770:   00007fe65bffe850 0000000000000028
0x00007fe65bffe780:   00007fe65bffe810 00007fe67ce70a60
0x00007fe65bffe790:   00007fe65bffe7c8 00007fe65bffe7c0
0x00007fe65bffe7a0:   00007fe65bffe7b8 00007fe65bffe7dc
0x00007fe65bffe7b0:   0000000138002ed0 0000000000000000
0x00007fe65bffe7c0:   0000000000000000 0000000000000000
0x00007fe65bffe7d0:   00007fe638007a40 000000095bffe850
0x00007fe65bffe7e0:   0000000000000006 0000000000000002
0x00007fe65bffe7f0:   000000000000000f 0000000000000002
0x00007fe65bffe800:   00000000000f0200 000000000000000f
0x00007fe65bffe810:   00007fe65bffea60 00007fe67ce7b976
0x00007fe65bffe820:   00005d1800000013 00007fe67e0f0200
0x00007fe65bffe830:   00007fe630000ba0 0000000000000000
0x00007fe65bffe840:   00007fe65bffe850 00007fe65bffe9e0
0x00007fe65bffe850:   00007fe65bffe959 00007fe600000073
0x00007fe65bffe860:   00007fe65bffe868 00000000000000b9
0x00007fe65bffe870:   00007fe65bffe8a0 0000000000000000
0x00007fe65bffe880:   00007f0000000000 00005d180000001c
0x00007fe65bffe890:   00007fe60000e980 00007fe65bffe8a0
0x00007fe65bffe8a0:   e67f000006000000 08000000606e0038
0x00007fe65bffe8b0:   3e74696e696c633c 0056292803000000
0x00007fe65bffe8c0:   0008000000000000 00586e0038e67f00 

Instructions: (pc=0x00007fe67e2621a4)
0x00007fe67e262184:   83 c4 08 5b c9 c3 66 0f 1f 44 00 00 48 8b 1f 48
0x00007fe67e262194:   85 db 74 e6 48 83 fb 37 74 e0 48 8b 03 48 89 df
0x00007fe67e2621a4:   ff 50 10 84 c0 0f 1f 80 00 00 00 00 75 ce 66 0f
0x00007fe67e2621b4:   1f 44 00 00 eb c4 66 0f 1f 44 00 00 55 48 89 e5 

Register to memory mapping:

RAX=0x0000000000000000 is an unknown value
RBX=0x00007fe63800a0c0 is an unknown value
RCX=0x00007fe67f36d340: <offset 0x219340> in /lib/x86_64-linux-gnu/libpthread.so.0 at 0x00007fe67f154000
RDX=0x00007fe67e946fe0: <offset 0xf57fe0> in /home/hijj/software/javaAndroid/jdk/jdk8/jre/lib/amd64/server/libjvm.so at 0x00007fe67d9ef000
RSP=0x00007fe65bffe6d0 is pointing into the stack for thread: 0x00007fe6780ba800
RBP=0x00007fe65bffe6e0 is pointing into the stack for thread: 0x00007fe6780ba800
RSI=0x00007fe6780ba800 is a thread
RDI=0x00007fe63800a0c0 is an unknown value
R8 =0x00007fe638007900 is an unknown value
R9 =0x0000000000000000 is an unknown value
R10=0x0000000000000010 is an unknown value
R11=0x00007fe67eb07ff0: <offset 0x196ff0> in /lib/x86_64-linux-gnu/libc.so.6 at 0x00007fe67e971000
R12=0x0000000000000017 is an unknown value
R13=0x00007fe638000078 is an unknown value
R14=0x00007fe6780ba800 is a thread
R15=0x00007fe65bffe7e7 is pointing into the stack for thread: 0x00007fe6780ba800


Stack: [0x00007fe65beff000,0x00007fe65c000000],  sp=0x00007fe65bffe6d0,  free space=1021k
Native frames: (J=compiled Java code, j=interpreted, Vv=VM code, C=native code)
V  [libjvm.so+0x8731a4]  Method::checked_resolve_jmethod_id(_jmethodID*)+0x34
V  [libjvm.so+0x70878e]  jvmti_IsMethodSynthetic+0x29e
C  [libjdwp.so+0x25872]  isMethodSynthetic+0x42
C  [libjdwp.so+0x6a60]  methods1+0x1b0
C  [libjdwp.so+0x11976]  debugLoop_run+0x2b6
C  [libjdwp.so+0x247af]  attachThread+0x2f
V  [libjvm.so+0x7744f2]  JvmtiAgentThread::call_start_function()+0xc2
V  [libjvm.so+0xa2990f]  JavaThread::thread_main_inner()+0xdf
V  [libjvm.so+0xa29a3c]  JavaThread::run()+0x11c
V  [libjvm.so+0x8e75f8]  java_start(Thread*)+0x108
C  [libpthread.so.0+0x76aa]  start_thread+0xca


---------------  P R O C E S S  ---------------

Java Threads: ( => current thread )
  0x00007fe6780ca800 JavaThread "Service Thread" daemon [_thread_blocked, id=3995, stack(0x00007fe65b8f9000,0x00007fe65b9fa000)]
  0x00007fe6780c5000 JavaThread "C1 CompilerThread2" daemon [_thread_blocked, id=3994, stack(0x00007fe65b9fa000,0x00007fe65bafb000)]
  0x00007fe6780c3800 JavaThread "C2 CompilerThread1" daemon [_thread_blocked, id=3993, stack(0x00007fe65bafb000,0x00007fe65bbfc000)]
  0x00007fe6780c0800 JavaThread "C2 CompilerThread0" daemon [_thread_blocked, id=3992, stack(0x00007fe65bbfc000,0x00007fe65bcfd000)]
  0x00007fe638001000 JavaThread "JDWP Command Reader" daemon [_thread_in_native, id=3988, stack(0x00007fe65bcfd000,0x00007fe65bdfe000)]
  0x00007fe6780be000 JavaThread "JDWP Event Helper Thread" daemon [_thread_blocked, id=3987, stack(0x00007fe65bdfe000,0x00007fe65beff000)]
=>0x00007fe6780ba800 JavaThread "JDWP Transport Listener: dt_socket" daemon [_thread_in_vm, id=3984, stack(0x00007fe65beff000,0x00007fe65c000000)]
  0x00007fe6780ad000 JavaThread "Signal Dispatcher" daemon [_thread_blocked, id=3982, stack(0x00007fe6602d9000,0x00007fe6603da000)]
  0x00007fe67807f000 JavaThread "Finalizer" daemon [_thread_blocked, id=3981, stack(0x00007fe6603da000,0x00007fe6604db000)]
  0x00007fe67807d000 JavaThread "Reference Handler" daemon [_thread_blocked, id=3980, stack(0x00007fe6604db000,0x00007fe6605dc000)]
  0x00007fe67800c000 JavaThread "main" [_thread_blocked, id=3969, stack(0x00007fe67f474000,0x00007fe67f575000)]

Other Threads:
  0x00007fe678075800 VMThread [stack: 0x00007fe6605dc000,0x00007fe6606dd000] [id=3979]
  0x00007fe6780cd000 WatcherThread [stack: 0x00007fe65b7f8000,0x00007fe65b8f9000] [id=3996]

VM state:not at safepoint (normal execution)

VM Mutex/Monitor currently owned by a thread: None

Heap:
 PSYoungGen      total 17920K, used 1844K [0x00000000ec580000, 0x00000000ed980000, 0x0000000100000000)
  eden space 15360K, 12% used [0x00000000ec580000,0x00000000ec74d128,0x00000000ed480000)
  from space 2560K, 0% used [0x00000000ed700000,0x00000000ed700000,0x00000000ed980000)
  to   space 2560K, 0% used [0x00000000ed480000,0x00000000ed480000,0x00000000ed700000)
 ParOldGen       total 40960K, used 0K [0x00000000c5000000, 0x00000000c7800000, 0x00000000ec580000)
  object space 40960K, 0% used [0x00000000c5000000,0x00000000c5000000,0x00000000c7800000)
 Metaspace       used 3591K, capacity 4676K, committed 4864K, reserved 1056768K
  class space    used 398K, capacity 428K, committed 512K, reserved 1048576K

Card table byte_map: [0x00007fe668433000,0x00007fe66860c000] byte_map_base: 0x00007fe667e0b000

Marking Bits: (ParMarkBitMap*) 0x00007fe67e946ac0
 Begin Bits: [0x00007fe662280000, 0x00007fe663140000)
 End Bits:   [0x00007fe663140000, 0x00007fe664000000)

Polling page: 0x00007fe67f592000

CodeCache: size=245760Kb used=1209Kb max_used=1209Kb free=244550Kb
 bounds [0x00007fe6689cc000, 0x00007fe668c3c000, 0x00007fe6779cc000]
 total_blobs=315 nmethods=78 adapters=160
 compilation: enabled

Compilation events (10 events):
Event: 2.287 Thread 0x00007fe6780c5000   77       3       java.util.regex.ASCII::isAscii (13 bytes)
Event: 2.287 Thread 0x00007fe6780c5000 nmethod 77 0x00007fe668af9250 code [0x00007fe668af93c0, 0x00007fe668af9550]
Event: 2.287 Thread 0x00007fe6780c5000   74       3       java.lang.Character::isBmpCodePoint (13 bytes)
Event: 2.287 Thread 0x00007fe6780c5000 nmethod 74 0x00007fe668af95d0 code [0x00007fe668af9740, 0x00007fe668af98d0]
Event: 2.287 Thread 0x00007fe6780c5000   75       3       java.util.regex.Pattern::next (33 bytes)
Event: 2.287 Thread 0x00007fe6780c5000 nmethod 75 0x00007fe668af9950 code [0x00007fe668af9ae0, 0x00007fe668af9da8]
Event: 2.287 Thread 0x00007fe6780c5000   76       1       java.util.regex.Pattern::flags (5 bytes)
Event: 2.287 Thread 0x00007fe6780c5000 nmethod 76 0x00007fe668af9ed0 code [0x00007fe668afa020, 0x00007fe668afa130]
Event: 433.484 Thread 0x00007fe6780c5000   78       3       java.util.concurrent.ConcurrentHashMap$Node::<init> (26 bytes)
Event: 433.484 Thread 0x00007fe6780c5000 nmethod 78 0x00007fe668afa190 code [0x00007fe668afa300, 0x00007fe668afa4f0]

GC Heap History (0 events):
No events

Deoptimization events (0 events):
No events

Internal exceptions (10 events):
Event: 0.417 Thread 0x00007fe67800c000 Exception <a 'java/security/PrivilegedActionException'> (0x00000000ec6df980) thrown at [/HUDSON/workspace/8-2-build-linux-amd64/jdk8u20/1074/hotspot/src/share/vm/prims/jvm.cpp, line 1275]
Event: 0.417 Thread 0x00007fe67800c000 Exception <a 'java/security/PrivilegedActionException'> (0x00000000ec6e0b38) thrown at [/HUDSON/workspace/8-2-build-linux-amd64/jdk8u20/1074/hotspot/src/share/vm/prims/jvm.cpp, line 1275]
Event: 0.419 Thread 0x00007fe67800c000 Exception <a 'java/security/PrivilegedActionException'> (0x00000000ec6e3558) thrown at [/HUDSON/workspace/8-2-build-linux-amd64/jdk8u20/1074/hotspot/src/share/vm/prims/jvm.cpp, line 1275]
Event: 0.419 Thread 0x00007fe67800c000 Exception <a 'java/security/PrivilegedActionException'> (0x00000000ec6e48f8) thrown at [/HUDSON/workspace/8-2-build-linux-amd64/jdk8u20/1074/hotspot/src/share/vm/prims/jvm.cpp, line 1275]
Event: 0.425 Thread 0x00007fe67800c000 Exception <a 'java/security/PrivilegedActionException'> (0x00000000ec6f8698) thrown at [/HUDSON/workspace/8-2-build-linux-amd64/jdk8u20/1074/hotspot/src/share/vm/prims/jvm.cpp, line 1275]
Event: 0.426 Thread 0x00007fe67800c000 Exception <a 'java/security/PrivilegedActionException'> (0x00000000ec6f9b30) thrown at [/HUDSON/workspace/8-2-build-linux-amd64/jdk8u20/1074/hotspot/src/share/vm/prims/jvm.cpp, line 1275]
Event: 0.427 Thread 0x00007fe67800c000 Exception <a 'java/security/PrivilegedActionException'> (0x00000000ec7071f8) thrown at [/HUDSON/workspace/8-2-build-linux-amd64/jdk8u20/1074/hotspot/src/share/vm/prims/jvm.cpp, line 1275]
Event: 0.428 Thread 0x00007fe67800c000 Exception <a 'java/security/PrivilegedActionException'> (0x00000000ec7088b8) thrown at [/HUDSON/workspace/8-2-build-linux-amd64/jdk8u20/1074/hotspot/src/share/vm/prims/jvm.cpp, line 1275]
Event: 0.428 Thread 0x00007fe67800c000 Exception <a 'java/security/PrivilegedActionException'> (0x00000000ec70af58) thrown at [/HUDSON/workspace/8-2-build-linux-amd64/jdk8u20/1074/hotspot/src/share/vm/prims/jvm.cpp, line 1275]
Event: 0.429 Thread 0x00007fe67800c000 Exception <a 'java/security/PrivilegedActionException'> (0x00000000ec70c638) thrown at [/HUDSON/workspace/8-2-build-linux-amd64/jdk8u20/1074/hotspot/src/share/vm/prims/jvm.cpp, line 1275]

Events (10 events):
Event: 446.249 Executing VM operation: GetCurrentLocation
Event: 446.249 Executing VM operation: GetCurrentLocation done
Event: 446.249 Executing VM operation: EnterInterpOnlyMode
Event: 446.249 Executing VM operation: EnterInterpOnlyMode done
Event: 446.249 Executing VM operation: ChangeSingleStep
Event: 446.249 Executing VM operation: ChangeSingleStep done
Event: 446.249 Executing VM operation: ChangeSingleStep
Event: 446.249 Executing VM operation: ChangeSingleStep done
Event: 446.256 Executing VM operation: RedefineClasses
Event: 446.256 Executing VM operation: RedefineClasses done


Dynamic libraries:
00400000-00401000 r-xp 00000000 08:08 2622385                            /home/hijj/software/javaAndroid/jdk/jdk8/bin/java
00600000-00601000 rw-p 00000000 08:08 2622385                            /home/hijj/software/javaAndroid/jdk/jdk8/bin/java
00c71000-00c92000 rw-p 00000000 00:00 0                                  [heap]
c5000000-c7800000 rw-p 00000000 00:00 0 
c7800000-ec580000 ---p 00000000 00:00 0 
ec580000-ed980000 rw-p 00000000 00:00 0 
ed980000-100000000 ---p 00000000 00:00 0 
100000000-100080000 rw-p 00000000 00:00 0 
100080000-140000000 ---p 00000000 00:00 0 
7fe620000000-7fe620021000 rw-p 00000000 00:00 0 
7fe620021000-7fe624000000 ---p 00000000 00:00 0 
7fe624000000-7fe624021000 rw-p 00000000 00:00 0 
7fe624021000-7fe628000000 ---p 00000000 00:00 0 
7fe628000000-7fe628021000 rw-p 00000000 00:00 0 
7fe628021000-7fe62c000000 ---p 00000000 00:00 0 
7fe62c000000-7fe62c08b000 rw-p 00000000 00:00 0 
7fe62c08b000-7fe630000000 ---p 00000000 00:00 0 
7fe630000000-7fe630021000 rw-p 00000000 00:00 0 
7fe630021000-7fe634000000 ---p 00000000 00:00 0 
7fe634000000-7fe63404f000 rw-p 00000000 00:00 0 
7fe63404f000-7fe638000000 ---p 00000000 00:00 0 
7fe638000000-7fe638022000 rw-p 00000000 00:00 0 
7fe638022000-7fe63c000000 ---p 00000000 00:00 0 
7fe63c000000-7fe63c021000 rw-p 00000000 00:00 0 
7fe63c021000-7fe640000000 ---p 00000000 00:00 0 
7fe640000000-7fe640021000 rw-p 00000000 00:00 0 
7fe640021000-7fe644000000 ---p 00000000 00:00 0 
7fe644000000-7fe644021000 rw-p 00000000 00:00 0 
7fe644021000-7fe648000000 ---p 00000000 00:00 0 
7fe648000000-7fe648021000 rw-p 00000000 00:00 0 
7fe648021000-7fe64c000000 ---p 00000000 00:00 0 
7fe64c000000-7fe64c021000 rw-p 00000000 00:00 0 
7fe64c021000-7fe650000000 ---p 00000000 00:00 0 
7fe650000000-7fe650021000 rw-p 00000000 00:00 0 
7fe650021000-7fe654000000 ---p 00000000 00:00 0 
7fe654000000-7fe654021000 rw-p 00000000 00:00 0 
7fe654021000-7fe658000000 ---p 00000000 00:00 0 
7fe65b583000-7fe65b7f8000 rw-p 00000000 00:00 0 
7fe65b7f8000-7fe65b7f9000 ---p 00000000 00:00 0 
7fe65b7f9000-7fe65b8f9000 rw-p 00000000 00:00 0                          [stack:3996]
7fe65b8f9000-7fe65b8fc000 ---p 00000000 00:00 0 
7fe65b8fc000-7fe65b9fa000 rw-p 00000000 00:00 0                          [stack:3995]
7fe65b9fa000-7fe65b9fd000 ---p 00000000 00:00 0 
7fe65b9fd000-7fe65bafb000 rw-p 00000000 00:00 0                          [stack:3994]
7fe65bafb000-7fe65bafe000 ---p 00000000 00:00 0 
7fe65bafe000-7fe65bbfc000 rw-p 00000000 00:00 0                          [stack:3993]
7fe65bbfc000-7fe65bbff000 ---p 00000000 00:00 0 
7fe65bbff000-7fe65bcfd000 rw-p 00000000 00:00 0                          [stack:3992]
7fe65bcfd000-7fe65bd00000 ---p 00000000 00:00 0 
7fe65bd00000-7fe65bdfe000 rw-p 00000000 00:00 0                          [stack:3988]
7fe65bdfe000-7fe65be01000 ---p 00000000 00:00 0 
7fe65be01000-7fe65beff000 rw-p 00000000 00:00 0                          [stack:3987]
7fe65beff000-7fe65bf02000 ---p 00000000 00:00 0 
7fe65bf02000-7fe65c000000 rw-p 00000000 00:00 0                          [stack:3984]
7fe65c000000-7fe65c021000 rw-p 00000000 00:00 0 
7fe65c021000-7fe660000000 ---p 00000000 00:00 0 
7fe6600a6000-7fe6600b9000 r--s 00344000 08:08 2628842                    /home/hijj/software/javaAndroid/jdk/jdk8/jre/lib/resources.jar
7fe6600b9000-7fe6600d5000 r--s 00393000 08:08 2628860                    /home/hijj/software/javaAndroid/jdk/jdk8/jre/lib/ext/cldrdata.jar
7fe6600d5000-7fe6600d9000 r-xp 00000000 08:08 2628974                    /home/hijj/software/javaAndroid/jdk/jdk8/jre/lib/amd64/libdt_socket.so
7fe6600d9000-7fe6602d8000 ---p 00004000 08:08 2628974                    /home/hijj/software/javaAndroid/jdk/jdk8/jre/lib/amd64/libdt_socket.so
7fe6602d8000-7fe6602d9000 rw-p 00003000 08:08 2628974                    /home/hijj/software/javaAndroid/jdk/jdk8/jre/lib/amd64/libdt_socket.so
7fe6602d9000-7fe6602dc000 ---p 00000000 00:00 0 
7fe6602dc000-7fe6603da000 rw-p 00000000 00:00 0                          [stack:3982]
7fe6603da000-7fe6603dd000 ---p 00000000 00:00 0 
7fe6603dd000-7fe6604db000 rw-p 00000000 00:00 0                          [stack:3981]
7fe6604db000-7fe6604de000 ---p 00000000 00:00 0 
7fe6604de000-7fe6605dc000 rw-p 00000000 00:00 0                          [stack:3980]
7fe6605dc000-7fe6605dd000 ---p 00000000 00:00 0 
7fe6605dd000-7fe66165c000 rw-p 00000000 00:00 0                          [stack:3979]
7fe66165c000-7fe661832000 r--s 03ca8000 08:08 2628807                    /home/hijj/software/javaAndroid/jdk/jdk8/jre/lib/rt.jar
7fe661832000-7fe661ce8000 rw-p 00000000 00:00 0 
7fe661ce8000-7fe6620a8000 ---p 00000000 00:00 0 
7fe6620a8000-7fe664000000 rw-p 00000000 00:00 0 
7fe664000000-7fe664021000 rw-p 00000000 00:00 0 
7fe664021000-7fe668000000 ---p 00000000 00:00 0 
7fe66800e000-7fe66802f000 rw-p 00000000 00:00 0 
7fe66802f000-7fe668030000 ---p 00000000 00:00 0 
7fe668030000-7fe668130000 rw-p 00000000 00:00 0                          [stack:3978]
7fe668130000-7fe668131000 ---p 00000000 00:00 0 
7fe668131000-7fe668231000 rw-p 00000000 00:00 0                          [stack:3976]
7fe668231000-7fe668232000 ---p 00000000 00:00 0 
7fe668232000-7fe668332000 rw-p 00000000 00:00 0                          [stack:3975]
7fe668332000-7fe668333000 ---p 00000000 00:00 0 
7fe668333000-7fe668447000 rw-p 00000000 00:00 0                          [stack:3972]
7fe668447000-7fe66856d000 ---p 00000000 00:00 0 
7fe66856d000-7fe668578000 rw-p 00000000 00:00 0 
7fe668578000-7fe66860b000 ---p 00000000 00:00 0 
7fe66860b000-7fe668616000 rw-p 00000000 00:00 0 
7fe668616000-7fe6689cc000 ---p 00000000 00:00 0 
7fe6689cc000-7fe668c3c000 rwxp 00000000 00:00 0 
7fe668c3c000-7fe6779cc000 ---p 00000000 00:00 0 
7fe6779cc000-7fe6779e6000 r-xp 00000000 08:08 2629001                    /home/hijj/software/javaAndroid/jdk/jdk8/jre/lib/amd64/libzip.so
7fe6779e6000-7fe677be6000 ---p 0001a000 08:08 2629001                    /home/hijj/software/javaAndroid/jdk/jdk8/jre/lib/amd64/libzip.so
7fe677be6000-7fe677be7000 rw-p 0001a000 08:08 2629001                    /home/hijj/software/javaAndroid/jdk/jdk8/jre/lib/amd64/libzip.so
7fe677be7000-7fe677bf3000 r-xp 00000000 08:08 5771539                    /lib/x86_64-linux-gnu/libnss_files-2.21.so
7fe677bf3000-7fe677df2000 ---p 0000c000 08:08 5771539                    /lib/x86_64-linux-gnu/libnss_files-2.21.so
7fe677df2000-7fe677df3000 r--p 0000b000 08:08 5771539                    /lib/x86_64-linux-gnu/libnss_files-2.21.so
7fe677df3000-7fe677df4000 rw-p 0000c000 08:08 5771539                    /lib/x86_64-linux-gnu/libnss_files-2.21.so
7fe677df4000-7fe677dff000 r-xp 00000000 08:08 5771549                    /lib/x86_64-linux-gnu/libnss_nis-2.21.so
7fe677dff000-7fe677ffe000 ---p 0000b000 08:08 5771549                    /lib/x86_64-linux-gnu/libnss_nis-2.21.so
7fe677ffe000-7fe677fff000 r--p 0000a000 08:08 5771549                    /lib/x86_64-linux-gnu/libnss_nis-2.21.so
7fe677fff000-7fe678000000 rw-p 0000b000 08:08 5771549                    /lib/x86_64-linux-gnu/libnss_nis-2.21.so
7fe678000000-7fe678130000 rw-p 00000000 00:00 0 
7fe678130000-7fe67c000000 ---p 00000000 00:00 0 
7fe67c006000-7fe67c03b000 rw-p 00000000 00:00 0 
7fe67c03b000-7fe67c162000 ---p 00000000 00:00 0 
7fe67c162000-7fe67c179000 r-xp 00000000 08:08 5771533                    /lib/x86_64-linux-gnu/libnsl-2.21.so
7fe67c179000-7fe67c378000 ---p 00017000 08:08 5771533                    /lib/x86_64-linux-gnu/libnsl-2.21.so
7fe67c378000-7fe67c379000 r--p 00016000 08:08 5771533                    /lib/x86_64-linux-gnu/libnsl-2.21.so
7fe67c379000-7fe67c37a000 rw-p 00017000 08:08 5771533                    /lib/x86_64-linux-gnu/libnsl-2.21.so
7fe67c37a000-7fe67c37c000 rw-p 00000000 00:00 0 
7fe67c37c000-7fe67c384000 r-xp 00000000 08:08 5771535                    /lib/x86_64-linux-gnu/libnss_compat-2.21.so
7fe67c384000-7fe67c583000 ---p 00008000 08:08 5771535                    /lib/x86_64-linux-gnu/libnss_compat-2.21.so
7fe67c583000-7fe67c584000 r--p 00007000 08:08 5771535                    /lib/x86_64-linux-gnu/libnss_compat-2.21.so
7fe67c584000-7fe67c585000 rw-p 00008000 08:08 5771535                    /lib/x86_64-linux-gnu/libnss_compat-2.21.so
7fe67c585000-7fe67cc67000 r--p 00000000 08:08 4070784                    /usr/lib/locale/locale-archive
7fe67cc67000-7fe67cc69000 r-xp 00000000 08:08 2628975                    /home/hijj/software/javaAndroid/jdk/jdk8/jre/lib/amd64/libnpt.so
7fe67cc69000-7fe67ce69000 ---p 00002000 08:08 2628975                    /home/hijj/software/javaAndroid/jdk/jdk8/jre/lib/amd64/libnpt.so
7fe67ce69000-7fe67ce6a000 rw-p 00002000 08:08 2628975                    /home/hijj/software/javaAndroid/jdk/jdk8/jre/lib/amd64/libnpt.so
7fe67ce6a000-7fe67cea3000 r-xp 00000000 08:08 2628992                    /home/hijj/software/javaAndroid/jdk/jdk8/jre/lib/amd64/libjdwp.so
7fe67cea3000-7fe67d0a2000 ---p 00039000 08:08 2628992                    /home/hijj/software/javaAndroid/jdk/jdk8/jre/lib/amd64/libjdwp.so
7fe67d0a2000-7fe67d0a4000 rw-p 00038000 08:08 2628992                    /home/hijj/software/javaAndroid/jdk/jdk8/jre/lib/amd64/libjdwp.so
7fe67d0a4000-7fe67d0ce000 r-xp 00000000 08:08 2628996                    /home/hijj/software/javaAndroid/jdk/jdk8/jre/lib/amd64/libjava.so
7fe67d0ce000-7fe67d2ce000 ---p 0002a000 08:08 2628996                    /home/hijj/software/javaAndroid/jdk/jdk8/jre/lib/amd64/libjava.so
7fe67d2ce000-7fe67d2d0000 rw-p 0002a000 08:08 2628996                    /home/hijj/software/javaAndroid/jdk/jdk8/jre/lib/amd64/libjava.so
7fe67d2d0000-7fe67d2dd000 r-xp 00000000 08:08 2629000                    /home/hijj/software/javaAndroid/jdk/jdk8/jre/lib/amd64/libverify.so
7fe67d2dd000-7fe67d4dd000 ---p 0000d000 08:08 2629000                    /home/hijj/software/javaAndroid/jdk/jdk8/jre/lib/amd64/libverify.so
7fe67d4dd000-7fe67d4df000 rw-p 0000d000 08:08 2629000                    /home/hijj/software/javaAndroid/jdk/jdk8/jre/lib/amd64/libverify.so
7fe67d4df000-7fe67d4e6000 r-xp 00000000 08:08 5771594                    /lib/x86_64-linux-gnu/librt-2.21.so
7fe67d4e6000-7fe67d6e5000 ---p 00007000 08:08 5771594                    /lib/x86_64-linux-gnu/librt-2.21.so
7fe67d6e5000-7fe67d6e6000 r--p 00006000 08:08 5771594                    /lib/x86_64-linux-gnu/librt-2.21.so
7fe67d6e6000-7fe67d6e7000 rw-p 00007000 08:08 5771594                    /lib/x86_64-linux-gnu/librt-2.21.so
7fe67d6e7000-7fe67d7ee000 r-xp 00000000 08:08 5771512                    /lib/x86_64-linux-gnu/libm-2.21.so
7fe67d7ee000-7fe67d9ed000 ---p 00107000 08:08 5771512                    /lib/x86_64-linux-gnu/libm-2.21.so
7fe67d9ed000-7fe67d9ee000 r--p 00106000 08:08 5771512                    /lib/x86_64-linux-gnu/libm-2.21.so
7fe67d9ee000-7fe67d9ef000 rw-p 00107000 08:08 5771512                    /lib/x86_64-linux-gnu/libm-2.21.so
7fe67d9ef000-7fe67e659000 r-xp 00000000 08:08 2628982                    /home/hijj/software/javaAndroid/jdk/jdk8/jre/lib/amd64/server/libjvm.so
7fe67e659000-7fe67e858000 ---p 00c6a000 08:08 2628982                    /home/hijj/software/javaAndroid/jdk/jdk8/jre/lib/amd64/server/libjvm.so
7fe67e858000-7fe67e92f000 rw-p 00c69000 08:08 2628982                    /home/hijj/software/javaAndroid/jdk/jdk8/jre/lib/amd64/server/libjvm.so
7fe67e92f000-7fe67e971000 rw-p 00000000 00:00 0 
7fe67e971000-7fe67eb31000 r-xp 00000000 08:08 5771453                    /lib/x86_64-linux-gnu/libc-2.21.so
7fe67eb31000-7fe67ed31000 ---p 001c0000 08:08 5771453                    /lib/x86_64-linux-gnu/libc-2.21.so
7fe67ed31000-7fe67ed35000 r--p 001c0000 08:08 5771453                    /lib/x86_64-linux-gnu/libc-2.21.so
7fe67ed35000-7fe67ed37000 rw-p 001c4000 08:08 5771453                    /lib/x86_64-linux-gnu/libc-2.21.so
7fe67ed37000-7fe67ed3b000 rw-p 00000000 00:00 0 
7fe67ed3b000-7fe67ed3e000 r-xp 00000000 08:08 5771470                    /lib/x86_64-linux-gnu/libdl-2.21.so
7fe67ed3e000-7fe67ef3d000 ---p 00003000 08:08 5771470                    /lib/x86_64-linux-gnu/libdl-2.21.so
7fe67ef3d000-7fe67ef3e000 r--p 00002000 08:08 5771470                    /lib/x86_64-linux-gnu/libdl-2.21.so
7fe67ef3e000-7fe67ef3f000 rw-p 00003000 08:08 5771470                    /lib/x86_64-linux-gnu/libdl-2.21.so
7fe67ef3f000-7fe67ef54000 r-xp 00000000 08:08 2628623                    /home/hijj/software/javaAndroid/jdk/jdk8/lib/amd64/jli/libjli.so
7fe67ef54000-7fe67f153000 ---p 00015000 08:08 2628623                    /home/hijj/software/javaAndroid/jdk/jdk8/lib/amd64/jli/libjli.so
7fe67f153000-7fe67f154000 rw-p 00014000 08:08 2628623                    /home/hijj/software/javaAndroid/jdk/jdk8/lib/amd64/jli/libjli.so
7fe67f154000-7fe67f16c000 r-xp 00000000 08:08 5771586                    /lib/x86_64-linux-gnu/libpthread-2.21.so
7fe67f16c000-7fe67f36c000 ---p 00018000 08:08 5771586                    /lib/x86_64-linux-gnu/libpthread-2.21.so
7fe67f36c000-7fe67f36d000 r--p 00018000 08:08 5771586                    /lib/x86_64-linux-gnu/libpthread-2.21.so
7fe67f36d000-7fe67f36e000 rw-p 00019000 08:08 5771586                    /lib/x86_64-linux-gnu/libpthread-2.21.so
7fe67f36e000-7fe67f372000 rw-p 00000000 00:00 0 
7fe67f372000-7fe67f396000 r-xp 00000000 08:08 5771425                    /lib/x86_64-linux-gnu/ld-2.21.so
7fe67f39c000-7fe67f474000 rw-p 00000000 00:00 0 
7fe67f474000-7fe67f477000 ---p 00000000 00:00 0 
7fe67f477000-7fe67f579000 rw-p 00000000 00:00 0                          [stack:3969]
7fe67f57c000-7fe67f57f000 rw-p 00000000 00:00 0 
7fe67f57f000-7fe67f589000 r--s 00116000 08:08 2628866                    /home/hijj/software/javaAndroid/jdk/jdk8/jre/lib/ext/localedata.jar
7fe67f589000-7fe67f591000 rw-s 00000000 08:08 5265881                    /tmp/hsperfdata_hijj/3967
7fe67f591000-7fe67f592000 rw-p 00000000 00:00 0 
7fe67f592000-7fe67f593000 r--p 00000000 00:00 0 
7fe67f593000-7fe67f595000 rw-p 00000000 00:00 0 
7fe67f595000-7fe67f596000 r--p 00023000 08:08 5771425                    /lib/x86_64-linux-gnu/ld-2.21.so
7fe67f596000-7fe67f597000 rw-p 00024000 08:08 5771425                    /lib/x86_64-linux-gnu/ld-2.21.so
7fe67f597000-7fe67f598000 rw-p 00000000 00:00 0 
7ffe8ea4c000-7ffe8ea6d000 rw-p 00000000 00:00 0                          [stack]
7ffe8eb73000-7ffe8eb75000 r--p 00000000 00:00 0                          [vvar]
7ffe8eb75000-7ffe8eb77000 r-xp 00000000 00:00 0                          [vdso]
ffffffffff600000-ffffffffff601000 r-xp 00000000 00:00 0                  [vsyscall]

VM Arguments:
jvm_args: -agentlib:jdwp=transport=dt_socket,suspend=y,address=localhost:51373 -Dfile.encoding=UTF-8 
java_command: learning.rzh1.rzh1
java_class_path (initial): /media/hijj/娱乐/github/repositories/ACM/Java/bin
Launcher Type: SUN_STANDARD

Environment Variables:
JAVA_HOME=/home/hijj/software/javaAndroid/jdk/jdk8
JRE_HOME=/home/hijj/software/javaAndroid/jdk/jdk8/jre
CLASSPATH=.:/home/hijj/software/javaAndroid/jdk/jdk8/lib:/home/hijj/software/javaAndroid/jdk/jdk8/jre/lib:.:$JAVA_HOME/lib:$JAVA_HOME/jre/lib
PATH=/home/hijj/software/javaAndroid/jdk/jdk8/bin:/home/hijj/software/javaAndroid/jdk/jdk8/jre/bin:/usr/local/sbin:/usr/local/bin:/usr/sbin:/usr/bin:/sbin:/bin:/usr/games:/usr/local/games:$JAVA_HOME/bin
SHELL=/bin/bash
DISPLAY=:0

Signal Handlers:
SIGSEGV: [libjvm.so+0xa77530], sa_mask[0]=11111111011111111101111111111110, sa_flags=SA_RESTART|SA_SIGINFO
SIGBUS: [libjvm.so+0xa77530], sa_mask[0]=11111111011111111101111111111110, sa_flags=SA_RESTART|SA_SIGINFO
SIGFPE: [libjvm.so+0x8e1d90], sa_mask[0]=11111111011111111101111111111110, sa_flags=SA_RESTART|SA_SIGINFO
SIGPIPE: [libjvm.so+0x8e1d90], sa_mask[0]=11111111011111111101111111111110, sa_flags=SA_RESTART|SA_SIGINFO
SIGXFSZ: [libjvm.so+0x8e1d90], sa_mask[0]=11111111011111111101111111111110, sa_flags=SA_RESTART|SA_SIGINFO
SIGILL: [libjvm.so+0x8e1d90], sa_mask[0]=11111111011111111101111111111110, sa_flags=SA_RESTART|SA_SIGINFO
SIGUSR1: SIG_DFL, sa_mask[0]=00000000000000000000000000000000, sa_flags=none
SIGUSR2: [libjvm.so+0x8e35c0], sa_mask[0]=00100000000000000000000000000000, sa_flags=SA_RESTART|SA_SIGINFO
SIGHUP: [libjvm.so+0x8e4980], sa_mask[0]=11111111011111111101111111111110, sa_flags=SA_RESTART|SA_SIGINFO
SIGINT: [libjvm.so+0x8e4980], sa_mask[0]=11111111011111111101111111111110, sa_flags=SA_RESTART|SA_SIGINFO
SIGTERM: [libjvm.so+0x8e4980], sa_mask[0]=11111111011111111101111111111110, sa_flags=SA_RESTART|SA_SIGINFO
SIGQUIT: [libjvm.so+0x8e4980], sa_mask[0]=11111111011111111101111111111110, sa_flags=SA_RESTART|SA_SIGINFO


---------------  S Y S T E M  ---------------

OS:DISTRIB_ID=Ubuntu
DISTRIB_RELEASE=15.04
DISTRIB_CODENAME=vivid
DISTRIB_DESCRIPTION="Ubuntu 15.04"

uname:Linux 3.19.0-32-generic #37-Ubuntu SMP Wed Oct 21 10:23:06 UTC 2015 x86_64
libc:glibc 2.21 NPTL 2.21 
rlimit: STACK 8192k, CORE 0k, NPROC 15002, NOFILE 65536, AS infinity
load average:0.13 0.17 0.25

/proc/meminfo:
MemTotal:        3863036 kB
MemFree:          621004 kB
MemAvailable:    1262348 kB
Buffers:          112980 kB
Cached:          1038272 kB
SwapCached:            0 kB
Active:          2205388 kB
Inactive:         817520 kB
Active(anon):    1875140 kB
Inactive(anon):   365696 kB
Active(file):     330248 kB
Inactive(file):   451824 kB
Unevictable:          48 kB
Mlocked:              48 kB
SwapTotal:       4005884 kB
SwapFree:        4005884 kB
Dirty:               948 kB
Writeback:             0 kB
AnonPages:       1871752 kB
Mapped:           338216 kB
Shmem:            369164 kB
Slab:              96916 kB
SReclaimable:      56428 kB
SUnreclaim:        40488 kB
KernelStack:       23024 kB
PageTables:        42124 kB
NFS_Unstable:          0 kB
Bounce:                0 kB
WritebackTmp:          0 kB
CommitLimit:     5937400 kB
Committed_AS:   10344916 kB
VmallocTotal:   34359738367 kB
VmallocUsed:      378056 kB
VmallocChunk:   34359349592 kB
HardwareCorrupted:     0 kB
AnonHugePages:    892928 kB
CmaTotal:              0 kB
CmaFree:               0 kB
HugePages_Total:       0
HugePages_Free:        0
HugePages_Rsvd:        0
HugePages_Surp:        0
Hugepagesize:       2048 kB
DirectMap4k:      142076 kB
DirectMap2M:     3866624 kB


CPU:total 4 (2 cores per cpu, 2 threads per core) family 6 model 58 stepping 9, cmov, cx8, fxsr, mmx, sse, sse2, sse3, ssse3, sse4.1, sse4.2, popcnt, avx, aes, clmul, erms, ht, tsc, tscinvbit, tscinv

/proc/cpuinfo:
processor	: 0
vendor_id	: GenuineIntel
cpu family	: 6
model		: 58
model name	: Intel(R) Core(TM) i5-3230M CPU @ 2.60GHz
stepping	: 9
microcode	: 0x17
cpu MHz		: 2999.648
cache size	: 3072 KB
physical id	: 0
siblings	: 4
core id		: 0
cpu cores	: 2
apicid		: 0
initial apicid	: 0
fpu		: yes
fpu_exception	: yes
cpuid level	: 13
wp		: yes
flags		: fpu vme de pse tsc msr pae mce cx8 apic sep mtrr pge mca cmov pat pse36 clflush dts acpi mmx fxsr sse sse2 ss ht tm pbe syscall nx rdtscp lm constant_tsc arch_perfmon pebs bts rep_good nopl xtopology nonstop_tsc aperfmperf eagerfpu pni pclmulqdq dtes64 monitor ds_cpl vmx est tm2 ssse3 cx16 xtpr pdcm pcid sse4_1 sse4_2 x2apic popcnt tsc_deadline_timer aes xsave avx f16c rdrand lahf_lm ida arat epb pln pts dtherm tpr_shadow vnmi flexpriority ept vpid fsgsbase smep erms xsaveopt
bugs		:
bogomips	: 5188.01
clflush size	: 64
cache_alignment	: 64
address sizes	: 36 bits physical, 48 bits virtual
power management:

processor	: 1
vendor_id	: GenuineIntel
cpu family	: 6
model		: 58
model name	: Intel(R) Core(TM) i5-3230M CPU @ 2.60GHz
stepping	: 9
microcode	: 0x17
cpu MHz		: 2999.953
cache size	: 3072 KB
physical id	: 0
siblings	: 4
core id		: 0
cpu cores	: 2
apicid		: 1
initial apicid	: 1
fpu		: yes
fpu_exception	: yes
cpuid level	: 13
wp		: yes
flags		: fpu vme de pse tsc msr pae mce cx8 apic sep mtrr pge mca cmov pat pse36 clflush dts acpi mmx fxsr sse sse2 ss ht tm pbe syscall nx rdtscp lm constant_tsc arch_perfmon pebs bts rep_good nopl xtopology nonstop_tsc aperfmperf eagerfpu pni pclmulqdq dtes64 monitor ds_cpl vmx est tm2 ssse3 cx16 xtpr pdcm pcid sse4_1 sse4_2 x2apic popcnt tsc_deadline_timer aes xsave avx f16c rdrand lahf_lm ida arat epb pln pts dtherm tpr_shadow vnmi flexpriority ept vpid fsgsbase smep erms xsaveopt
bugs		:
bogomips	: 5188.01
clflush size	: 64
cache_alignment	: 64
address sizes	: 36 bits physical, 48 bits virtual
power management:

processor	: 2
vendor_id	: GenuineIntel
cpu family	: 6
model		: 58
model name	: Intel(R) Core(TM) i5-3230M CPU @ 2.60GHz
stepping	: 9
microcode	: 0x17
cpu MHz		: 2999.953
cache size	: 3072 KB
physical id	: 0
siblings	: 4
core id		: 1
cpu cores	: 2
apicid		: 2
initial apicid	: 2
fpu		: yes
fpu_exception	: yes
cpuid level	: 13
wp		: yes
flags		: fpu vme de pse tsc msr pae mce cx8 apic sep mtrr pge mca cmov pat pse36 clflush dts acpi mmx fxsr sse sse2 ss ht tm pbe syscall nx rdtscp lm constant_tsc arch_perfmon pebs bts rep_good nopl xtopology nonstop_tsc aperfmperf eagerfpu pni pclmulqdq dtes64 monitor ds_cpl vmx est tm2 ssse3 cx16 xtpr pdcm pcid sse4_1 sse4_2 x2apic popcnt tsc_deadline_timer aes xsave avx f16c rdrand lahf_lm ida arat epb pln pts dtherm tpr_shadow vnmi flexpriority ept vpid fsgsbase smep erms xsaveopt
bugs		:
bogomips	: 5188.01
clflush size	: 64
cache_alignment	: 64
address sizes	: 36 bits physical, 48 bits virtual
power management:

processor	: 3
vendor_id	: GenuineIntel
cpu family	: 6
model		: 58
model name	: Intel(R) Core(TM) i5-3230M CPU @ 2.60GHz
stepping	: 9
microcode	: 0x17
cpu MHz		: 2999.953
cache size	: 3072 KB
physical id	: 0
siblings	: 4
core id		: 1
cpu cores	: 2
apicid		: 3
initial apicid	: 3
fpu		: yes
fpu_exception	: yes
cpuid level	: 13
wp		: yes
flags		: fpu vme de pse tsc msr pae mce cx8 apic sep mtrr pge mca cmov pat pse36 clflush dts acpi mmx fxsr sse sse2 ss ht tm pbe syscall nx rdtscp lm constant_tsc arch_perfmon pebs bts rep_good nopl xtopology nonstop_tsc aperfmperf eagerfpu pni pclmulqdq dtes64 monitor ds_cpl vmx est tm2 ssse3 cx16 xtpr pdcm pcid sse4_1 sse4_2 x2apic popcnt tsc_deadline_timer aes xsave avx f16c rdrand lahf_lm ida arat epb pln pts dtherm tpr_shadow vnmi flexpriority ept vpid fsgsbase smep erms xsaveopt
bugs		:
bogomips	: 5188.01
clflush size	: 64
cache_alignment	: 64
address sizes	: 36 bits physical, 48 bits virtual
power management:



Memory: 4k page, physical 3863036k(621004k free), swap 4005884k(4005884k free)

vm_info: Java HotSpot(TM) 64-Bit Server VM (25.20-b23) for linux-amd64 JRE (1.8.0_20-b26), built on Jul 30 2014 13:13:52 by "java_re" with gcc 4.3.0 20080428 (Red Hat 4.3.0-8)

time: Mon Nov  9 17:44:36 2015
elapsed time: 446 seconds (0d 0h 7m 26s)

