#
# A fatal error has been detected by the Java Runtime Environment:
#
#  SIGSEGV (0xb) at pc=0x00007fc0b0000078, pid=19034, tid=140466302654208
#
# JRE version: Java(TM) SE Runtime Environment (8.0_20-b26) (build 1.8.0_20-b26)
# Java VM: Java HotSpot(TM) 64-Bit Server VM (25.20-b23 mixed mode linux-amd64 compressed oops)
# Problematic frame:
# C  0x00007fc0b0000078
#
# Failed to write core dump. Core dumps have been disabled. To enable core dumping, try "ulimit -c unlimited" before starting Java again
#
# If you would like to submit a bug report, please visit:
#   http://bugreport.sun.com/bugreport/crash.jsp
#

---------------  T H R E A D  ---------------

Current thread (0x00007fc0f40ba000):  JavaThread "JDWP Transport Listener: dt_socket" daemon [_thread_in_vm, id=19067, stack(0x00007fc0dc029000,0x00007fc0dc12a000)]

siginfo: si_signo: 11 (SIGSEGV), si_code: 2 (SEGV_ACCERR), si_addr: 0x00007fc0b0000078

Registers:
RAX=0x00007fc0b0000078, RBX=0x00007fc0b0000088, RCX=0x00007fc0fb3d0340, RDX=0x00007fc0fa9a9fe0
RSP=0x00007fc0dc128948, RBP=0x00007fc0dc128960, RSI=0x00007fc0f40ba000, RDI=0x00007fc0b0000088
R8 =0x00007fc0b0009e00, R9 =0x0000000000000000, R10=0x0000000000000020, R11=0x00007fc0fab6b230
R12=0x0000000000000017, R13=0x00007fc0b0000098, R14=0x00007fc0f40ba000, R15=0x00007fc0dc128a67
RIP=0x00007fc0b0000078, EFLAGS=0x0000000000010202, CSGSFS=0x0000000000000033, ERR=0x0000000000000015
  TRAPNO=0x000000000000000e

Top of Stack: (sp=0x00007fc0dc128948)
0x00007fc0dc128948:   00007fc0fa2c51a7 0000000000000074
0x00007fc0dc128958:   00007fc0f40036a0 00007fc0dc1289d0
0x00007fc0dc128968:   00007fc0fa15a78e 00007fc0b0009e00
0x00007fc0dc128978:   00007fc0dc128980 00007fc0f40ba000
0x00007fc0dc128988:   0000000000000000 00007fc000000000
0x00007fc0dc128998:   0000000000000000 00007fc0dc1289c0
0x00007fc0dc1289a8:   00007fc0f9106d60 00007fc0b0000098
0x00007fc0dc1289b8:   00007fc0dc128a67 0000000000000007
0x00007fc0dc1289c8:   00007fc0dc128a67 00007fc0dc128a00
0x00007fc0dc1289d8:   00007fc0f8ef2872 00007fc0dc128a00
0x00007fc0dc1289e8:   00007fc0b0000098 00007fc0dc128ad0
0x00007fc0dc1289f8:   0000000000000038 00007fc0dc128a90
0x00007fc0dc128a08:   00007fc0f8ed3a60 00007fc0dc128a48
0x00007fc0dc128a18:   00007fc0dc128a40 00007fc0dc128a38
0x00007fc0dc128a28:   00007fc0dc128a5c 00000001b0002ed0
0x00007fc0dc128a38:   0000000000000000 0000000000000000
0x00007fc0dc128a48:   0000000000000000 00007fc0b0009200
0x00007fc0dc128a58:   0000000adc128ad0 0000000000000008
0x00007fc0dc128a68:   0000000000000002 000000000000000f
0x00007fc0dc128a78:   0000000000000002 00000000000f0200
0x00007fc0dc128a88:   000000000000000f 00007fc0dc128ce0
0x00007fc0dc128a98:   00007fc0f8ede976 0001d88500000013
0x00007fc0dc128aa8:   00007fc0fa0f0200 00007fc0b4000fb0
0x00007fc0dc128ab8:   00007fc0f9106d60 00007fc0dc128ad0
0x00007fc0dc128ac8:   00007fc0dc128c60 00007fc0b000aed1
0x00007fc0dc128ad8:   00007fc000000237 00007fc0b0009e20
0x00007fc0dc128ae8:   000000000000012c 00007fc0dc128b20
0x00007fc0dc128af8:   00007fc0b0009e20 00007f0000000000
0x00007fc0dc128b08:   0001d8850000001c 00007fc00000cd80
0x00007fc0dc128b18:   00007fc0dc128b20 c07f000008000000
0x00007fc0dc128b28:   06000000986000b0 00003e74696e693c
0x00007fc0dc128b38:   0000005629280300 7f00000100000000 

Instructions: (pc=0x00007fc0b0000078)
0x00007fc0b0000058:   00 00 00 00 00 00 00 00 00 00 00 00 00 00 00 00
0x00007fc0b0000068:   00 00 00 00 00 00 00 00 00 00 00 00 00 00 00 00
0x00007fc0b0000078:   00 b1 00 b0 c0 7f 00 00 10 a3 00 b0 c0 7f 00 00
0x00007fc0b0000088:   78 00 00 b0 c0 7f 00 00 78 00 00 b0 c0 7f 00 00 

Register to memory mapping:

RAX=0x00007fc0b0000078 is an unknown value
RBX=0x00007fc0b0000088 is an unknown value
RCX=0x00007fc0fb3d0340: <offset 0x219340> in /lib/x86_64-linux-gnu/libpthread.so.0 at 0x00007fc0fb1b7000
RDX=0x00007fc0fa9a9fe0: <offset 0xf57fe0> in /home/hijj/software/javaAndroid/jdk/jdk8/jre/lib/amd64/server/libjvm.so at 0x00007fc0f9a52000
RSP=0x00007fc0dc128948 is pointing into the stack for thread: 0x00007fc0f40ba000
RBP=0x00007fc0dc128960 is pointing into the stack for thread: 0x00007fc0f40ba000
RSI=0x00007fc0f40ba000 is a thread
RDI=0x00007fc0b0000088 is an unknown value
R8 =0x00007fc0b0009e00 is an unknown value
R9 =0x0000000000000000 is an unknown value
R10=0x0000000000000020 is an unknown value
R11=0x00007fc0fab6b230: <offset 0x197230> in /lib/x86_64-linux-gnu/libc.so.6 at 0x00007fc0fa9d4000
R12=0x0000000000000017 is an unknown value
R13=0x00007fc0b0000098 is an unknown value
R14=0x00007fc0f40ba000 is a thread
R15=0x00007fc0dc128a67 is pointing into the stack for thread: 0x00007fc0f40ba000


Stack: [0x00007fc0dc029000,0x00007fc0dc12a000],  sp=0x00007fc0dc128948,  free space=1022k
Native frames: (J=compiled Java code, j=interpreted, Vv=VM code, C=native code)
C  0x00007fc0b0000078
V  [libjvm.so+0x70878e]  jvmti_IsMethodSynthetic+0x29e
C  [libjdwp.so+0x25872]  isMethodSynthetic+0x42
C  [libjdwp.so+0x6a60]  methods1+0x1b0
C  [libjdwp.so+0x11976]  debugLoop_run+0x2b6
C  [libjdwp.so+0x247af]  attachThread+0x2f
V  [libjvm.so+0x7744f2]  JvmtiAgentThread::call_start_function()+0xc2
V  [libjvm.so+0xa2990f]  JavaThread::thread_main_inner()+0xdf
V  [libjvm.so+0xa29a3c]  JavaThread::run()+0x11c
V  [libjvm.so+0x8e75f8]  java_start(Thread*)+0x108
C  [libpthread.so.0+0x76aa]  start_thread+0xca


---------------  P R O C E S S  ---------------

Java Threads: ( => current thread )
  0x00007fc0f40ca000 JavaThread "Service Thread" daemon [_thread_blocked, id=19703, stack(0x00007fc0d79fa000,0x00007fc0d7afb000)]
  0x00007fc0f40c5000 JavaThread "C1 CompilerThread2" daemon [_thread_blocked, id=19702, stack(0x00007fc0d7afb000,0x00007fc0d7bfc000)]
  0x00007fc0f40c3000 JavaThread "C2 CompilerThread1" daemon [_thread_blocked, id=19701, stack(0x00007fc0d7bfc000,0x00007fc0d7cfd000)]
  0x00007fc0f40c0000 JavaThread "C2 CompilerThread0" daemon [_thread_blocked, id=19700, stack(0x00007fc0d7cfd000,0x00007fc0d7dfe000)]
  0x00007fc0b0001000 JavaThread "JDWP Command Reader" daemon [_thread_in_native, id=19076, stack(0x00007fc0d7dfe000,0x00007fc0d7eff000)]
  0x00007fc0f40be000 JavaThread "JDWP Event Helper Thread" daemon [_thread_blocked, id=19070, stack(0x00007fc0d7eff000,0x00007fc0d8000000)]
=>0x00007fc0f40ba000 JavaThread "JDWP Transport Listener: dt_socket" daemon [_thread_in_vm, id=19067, stack(0x00007fc0dc029000,0x00007fc0dc12a000)]
  0x00007fc0f40ad000 JavaThread "Signal Dispatcher" daemon [_thread_blocked, id=19065, stack(0x00007fc0dc32e000,0x00007fc0dc42f000)]
  0x00007fc0f407f000 JavaThread "Finalizer" daemon [_thread_blocked, id=19055, stack(0x00007fc0dc42f000,0x00007fc0dc530000)]
  0x00007fc0f407d000 JavaThread "Reference Handler" daemon [_thread_blocked, id=19054, stack(0x00007fc0dc530000,0x00007fc0dc631000)]
  0x00007fc0f400c000 JavaThread "main" [_thread_blocked, id=19039, stack(0x00007fc0fb4d7000,0x00007fc0fb5d8000)]

Other Threads:
  0x00007fc0f4075800 VMThread [stack: 0x00007fc0dc631000,0x00007fc0dc732000] [id=19052]
  0x00007fc0f40cc800 WatcherThread [stack: 0x00007fc0d78f9000,0x00007fc0d79fa000] [id=19704]

VM state:not at safepoint (normal execution)

VM Mutex/Monitor currently owned by a thread: None

Heap:
 PSYoungGen      total 17920K, used 2153K [0x00000000ec580000, 0x00000000ed980000, 0x0000000100000000)
  eden space 15360K, 14% used [0x00000000ec580000,0x00000000ec79a7e8,0x00000000ed480000)
  from space 2560K, 0% used [0x00000000ed700000,0x00000000ed700000,0x00000000ed980000)
  to   space 2560K, 0% used [0x00000000ed480000,0x00000000ed480000,0x00000000ed700000)
 ParOldGen       total 40960K, used 0K [0x00000000c5000000, 0x00000000c7800000, 0x00000000ec580000)
  object space 40960K, 0% used [0x00000000c5000000,0x00000000c5000000,0x00000000c7800000)
 Metaspace       used 3908K, capacity 4970K, committed 5120K, reserved 1056768K
  class space    used 413K, capacity 466K, committed 512K, reserved 1048576K

Card table byte_map: [0x00007fc0e4433000,0x00007fc0e460c000] byte_map_base: 0x00007fc0e3e0b000

Marking Bits: (ParMarkBitMap*) 0x00007fc0fa9a9ac0
 Begin Bits: [0x00007fc0de280000, 0x00007fc0df140000)
 End Bits:   [0x00007fc0df140000, 0x00007fc0e0000000)

Polling page: 0x00007fc0fb5f5000

CodeCache: size=245760Kb used=1199Kb max_used=1199Kb free=244560Kb
 bounds [0x00007fc0e49cc000, 0x00007fc0e4c3c000, 0x00007fc0f39cc000]
 total_blobs=310 nmethods=73 adapters=160
 compilation: enabled

Compilation events (10 events):
Event: 0.984 Thread 0x00007fc0f40c5000   68       3       java.util.regex.ASCII::isAscii (13 bytes)
Event: 0.984 Thread 0x00007fc0f40c5000 nmethod 68 0x00007fc0e4af6d90 code [0x00007fc0e4af6f00, 0x00007fc0e4af7090]
Event: 0.984 Thread 0x00007fc0f40c5000   71       3       java.lang.Character::isBmpCodePoint (13 bytes)
Event: 0.984 Thread 0x00007fc0f40c5000 nmethod 71 0x00007fc0e4af7110 code [0x00007fc0e4af7280, 0x00007fc0e4af7410]
Event: 0.984 Thread 0x00007fc0f40c5000   70       1       java.util.regex.Pattern::flags (5 bytes)
Event: 0.984 Thread 0x00007fc0f40c5000 nmethod 70 0x00007fc0e4af7490 code [0x00007fc0e4af75e0, 0x00007fc0e4af76f0]
Event: 4.768 Thread 0x00007fc0f40c5000   72       1       java.nio.Buffer::position (5 bytes)
Event: 4.768 Thread 0x00007fc0f40c5000 nmethod 72 0x00007fc0e4af7750 code [0x00007fc0e4af78a0, 0x00007fc0e4af79b0]
Event: 4.768 Thread 0x00007fc0f40c5000   73       3       java.util.concurrent.ConcurrentHashMap$Node::<init> (26 bytes)
Event: 4.768 Thread 0x00007fc0f40c5000 nmethod 73 0x00007fc0e4af7a10 code [0x00007fc0e4af7b80, 0x00007fc0e4af7d70]

GC Heap History (0 events):
No events

Deoptimization events (0 events):
No events

Internal exceptions (10 events):
Event: 0.966 Thread 0x00007fc0f400c000 Exception <a 'java/security/PrivilegedActionException'> (0x00000000ec72d8f0) thrown at [/HUDSON/workspace/8-2-build-linux-amd64/jdk8u20/1074/hotspot/src/share/vm/prims/jvm.cpp, line 1275]
Event: 0.967 Thread 0x00007fc0f400c000 Exception <a 'java/security/PrivilegedActionException'> (0x00000000ec730310) thrown at [/HUDSON/workspace/8-2-build-linux-amd64/jdk8u20/1074/hotspot/src/share/vm/prims/jvm.cpp, line 1275]
Event: 0.967 Thread 0x00007fc0f400c000 Exception <a 'java/security/PrivilegedActionException'> (0x00000000ec7316b0) thrown at [/HUDSON/workspace/8-2-build-linux-amd64/jdk8u20/1074/hotspot/src/share/vm/prims/jvm.cpp, line 1275]
Event: 0.972 Thread 0x00007fc0f400c000 Exception <a 'java/security/PrivilegedActionException'> (0x00000000ec7453a8) thrown at [/HUDSON/workspace/8-2-build-linux-amd64/jdk8u20/1074/hotspot/src/share/vm/prims/jvm.cpp, line 1275]
Event: 0.972 Thread 0x00007fc0f400c000 Exception <a 'java/security/PrivilegedActionException'> (0x00000000ec746840) thrown at [/HUDSON/workspace/8-2-build-linux-amd64/jdk8u20/1074/hotspot/src/share/vm/prims/jvm.cpp, line 1275]
Event: 0.975 Thread 0x00007fc0f400c000 Exception <a 'java/security/PrivilegedActionException'> (0x00000000ec753ca8) thrown at [/HUDSON/workspace/8-2-build-linux-amd64/jdk8u20/1074/hotspot/src/share/vm/prims/jvm.cpp, line 1275]
Event: 0.976 Thread 0x00007fc0f400c000 Exception <a 'java/security/PrivilegedActionException'> (0x00000000ec755368) thrown at [/HUDSON/workspace/8-2-build-linux-amd64/jdk8u20/1074/hotspot/src/share/vm/prims/jvm.cpp, line 1275]
Event: 0.976 Thread 0x00007fc0f400c000 Exception <a 'java/security/PrivilegedActionException'> (0x00000000ec757a08) thrown at [/HUDSON/workspace/8-2-build-linux-amd64/jdk8u20/1074/hotspot/src/share/vm/prims/jvm.cpp, line 1275]
Event: 0.976 Thread 0x00007fc0f400c000 Exception <a 'java/security/PrivilegedActionException'> (0x00000000ec7590e8) thrown at [/HUDSON/workspace/8-2-build-linux-amd64/jdk8u20/1074/hotspot/src/share/vm/prims/jvm.cpp, line 1275]
Event: 4.769 Thread 0x00007fc0f400c000 Exception <a 'java/security/PrivilegedActionException'> (0x00000000ec772100) thrown at [/HUDSON/workspace/8-2-build-linux-amd64/jdk8u20/1074/hotspot/src/share/vm/prims/jvm.cpp, line 1275]

Events (10 events):
Event: 1420.064 Executing VM operation: ChangeBreakpoints
Event: 1420.064 Executing VM operation: ChangeBreakpoints done
Event: 1420.068 Executing VM operation: ChangeBreakpoints
Event: 1420.068 Executing VM operation: ChangeBreakpoints done
Event: 1420.071 Executing VM operation: ChangeBreakpoints
Event: 1420.071 Executing VM operation: ChangeBreakpoints done
Event: 1420.071 Executing VM operation: ChangeBreakpoints
Event: 1420.071 Executing VM operation: ChangeBreakpoints done
Event: 2220.953 Executing VM operation: RedefineClasses
Event: 2220.954 Executing VM operation: RedefineClasses done


Dynamic libraries:
00400000-00401000 r-xp 00000000 08:08 2622385                            /home/hijj/software/javaAndroid/jdk/jdk8/bin/java
00600000-00601000 rw-p 00000000 08:08 2622385                            /home/hijj/software/javaAndroid/jdk/jdk8/bin/java
019c5000-019e6000 rw-p 00000000 00:00 0                                  [heap]
c5000000-c7800000 rw-p 00000000 00:00 0 
c7800000-ec580000 ---p 00000000 00:00 0 
ec580000-ed980000 rw-p 00000000 00:00 0 
ed980000-100000000 ---p 00000000 00:00 0 
100000000-100080000 rw-p 00000000 00:00 0 
100080000-140000000 ---p 00000000 00:00 0 
7fc098000000-7fc098021000 rw-p 00000000 00:00 0 
7fc098021000-7fc09c000000 ---p 00000000 00:00 0 
7fc0a0000000-7fc0a0043000 rw-p 00000000 00:00 0 
7fc0a0043000-7fc0a4000000 ---p 00000000 00:00 0 
7fc0a4000000-7fc0a4021000 rw-p 00000000 00:00 0 
7fc0a4021000-7fc0a8000000 ---p 00000000 00:00 0 
7fc0a8000000-7fc0a804e000 rw-p 00000000 00:00 0 
7fc0a804e000-7fc0ac000000 ---p 00000000 00:00 0 
7fc0ac000000-7fc0ac021000 rw-p 00000000 00:00 0 
7fc0ac021000-7fc0b0000000 ---p 00000000 00:00 0 
7fc0b0000000-7fc0b0025000 rw-p 00000000 00:00 0 
7fc0b0025000-7fc0b4000000 ---p 00000000 00:00 0 
7fc0b4000000-7fc0b4021000 rw-p 00000000 00:00 0 
7fc0b4021000-7fc0b8000000 ---p 00000000 00:00 0 
7fc0b8000000-7fc0b8021000 rw-p 00000000 00:00 0 
7fc0b8021000-7fc0bc000000 ---p 00000000 00:00 0 
7fc0bc000000-7fc0bc021000 rw-p 00000000 00:00 0 
7fc0bc021000-7fc0c0000000 ---p 00000000 00:00 0 
7fc0c0000000-7fc0c0021000 rw-p 00000000 00:00 0 
7fc0c0021000-7fc0c4000000 ---p 00000000 00:00 0 
7fc0c4000000-7fc0c4021000 rw-p 00000000 00:00 0 
7fc0c4021000-7fc0c8000000 ---p 00000000 00:00 0 
7fc0c8000000-7fc0c8021000 rw-p 00000000 00:00 0 
7fc0c8021000-7fc0cc000000 ---p 00000000 00:00 0 
7fc0cc000000-7fc0cc021000 rw-p 00000000 00:00 0 
7fc0cc021000-7fc0d0000000 ---p 00000000 00:00 0 
7fc0d0000000-7fc0d0021000 rw-p 00000000 00:00 0 
7fc0d0021000-7fc0d4000000 ---p 00000000 00:00 0 
7fc0d7684000-7fc0d78f9000 rw-p 00000000 00:00 0 
7fc0d78f9000-7fc0d78fa000 ---p 00000000 00:00 0 
7fc0d78fa000-7fc0d79fa000 rw-p 00000000 00:00 0                          [stack:19704]
7fc0d79fa000-7fc0d79fd000 ---p 00000000 00:00 0 
7fc0d79fd000-7fc0d7afb000 rw-p 00000000 00:00 0                          [stack:19703]
7fc0d7afb000-7fc0d7afe000 ---p 00000000 00:00 0 
7fc0d7afe000-7fc0d7bfc000 rw-p 00000000 00:00 0                          [stack:19702]
7fc0d7bfc000-7fc0d7bff000 ---p 00000000 00:00 0 
7fc0d7bff000-7fc0d7cfd000 rw-p 00000000 00:00 0                          [stack:19701]
7fc0d7cfd000-7fc0d7d00000 ---p 00000000 00:00 0 
7fc0d7d00000-7fc0d7dfe000 rw-p 00000000 00:00 0                          [stack:19700]
7fc0d7dfe000-7fc0d7e01000 ---p 00000000 00:00 0 
7fc0d7e01000-7fc0d7eff000 rw-p 00000000 00:00 0                          [stack:19076]
7fc0d7eff000-7fc0d7f02000 ---p 00000000 00:00 0 
7fc0d7f02000-7fc0d8000000 rw-p 00000000 00:00 0                          [stack:19070]
7fc0d8000000-7fc0d8021000 rw-p 00000000 00:00 0 
7fc0d8021000-7fc0dc000000 ---p 00000000 00:00 0 
7fc0dc00d000-7fc0dc029000 r--s 00393000 08:08 2628860                    /home/hijj/software/javaAndroid/jdk/jdk8/jre/lib/ext/cldrdata.jar
7fc0dc029000-7fc0dc02c000 ---p 00000000 00:00 0 
7fc0dc02c000-7fc0dc12a000 rw-p 00000000 00:00 0                          [stack:19067]
7fc0dc12a000-7fc0dc12e000 r-xp 00000000 08:08 2628974                    /home/hijj/software/javaAndroid/jdk/jdk8/jre/lib/amd64/libdt_socket.so
7fc0dc12e000-7fc0dc32d000 ---p 00004000 08:08 2628974                    /home/hijj/software/javaAndroid/jdk/jdk8/jre/lib/amd64/libdt_socket.so
7fc0dc32d000-7fc0dc32e000 rw-p 00003000 08:08 2628974                    /home/hijj/software/javaAndroid/jdk/jdk8/jre/lib/amd64/libdt_socket.so
7fc0dc32e000-7fc0dc331000 ---p 00000000 00:00 0 
7fc0dc331000-7fc0dc42f000 rw-p 00000000 00:00 0                          [stack:19065]
7fc0dc42f000-7fc0dc432000 ---p 00000000 00:00 0 
7fc0dc432000-7fc0dc530000 rw-p 00000000 00:00 0                          [stack:19055]
7fc0dc530000-7fc0dc533000 ---p 00000000 00:00 0 
7fc0dc533000-7fc0dc631000 rw-p 00000000 00:00 0                          [stack:19054]
7fc0dc631000-7fc0dc632000 ---p 00000000 00:00 0 
7fc0dc632000-7fc0dd6d2000 rw-p 00000000 00:00 0                          [stack:19052]
7fc0dd6d2000-7fc0dd8a8000 r--s 03ca8000 08:08 2628807                    /home/hijj/software/javaAndroid/jdk/jdk8/jre/lib/rt.jar
7fc0dd8a8000-7fc0ddd28000 rw-p 00000000 00:00 0 
7fc0ddd28000-7fc0de0a8000 ---p 00000000 00:00 0 
7fc0de0a8000-7fc0e0000000 rw-p 00000000 00:00 0 
7fc0e0000000-7fc0e0021000 rw-p 00000000 00:00 0 
7fc0e0021000-7fc0e4000000 ---p 00000000 00:00 0 
7fc0e400e000-7fc0e402f000 rw-p 00000000 00:00 0 
7fc0e402f000-7fc0e4030000 ---p 00000000 00:00 0 
7fc0e4030000-7fc0e4130000 rw-p 00000000 00:00 0                          [stack:19049]
7fc0e4130000-7fc0e4131000 ---p 00000000 00:00 0 
7fc0e4131000-7fc0e4231000 rw-p 00000000 00:00 0                          [stack:19046]
7fc0e4231000-7fc0e4232000 ---p 00000000 00:00 0 
7fc0e4232000-7fc0e4332000 rw-p 00000000 00:00 0                          [stack:19045]
7fc0e4332000-7fc0e4333000 ---p 00000000 00:00 0 
7fc0e4333000-7fc0e4447000 rw-p 00000000 00:00 0                          [stack:19044]
7fc0e4447000-7fc0e456d000 ---p 00000000 00:00 0 
7fc0e456d000-7fc0e4578000 rw-p 00000000 00:00 0 
7fc0e4578000-7fc0e460b000 ---p 00000000 00:00 0 
7fc0e460b000-7fc0e4616000 rw-p 00000000 00:00 0 
7fc0e4616000-7fc0e49cc000 ---p 00000000 00:00 0 
7fc0e49cc000-7fc0e4c3c000 rwxp 00000000 00:00 0 
7fc0e4c3c000-7fc0f39cc000 ---p 00000000 00:00 0 
7fc0f39cc000-7fc0f39e6000 r-xp 00000000 08:08 2629001                    /home/hijj/software/javaAndroid/jdk/jdk8/jre/lib/amd64/libzip.so
7fc0f39e6000-7fc0f3be6000 ---p 0001a000 08:08 2629001                    /home/hijj/software/javaAndroid/jdk/jdk8/jre/lib/amd64/libzip.so
7fc0f3be6000-7fc0f3be7000 rw-p 0001a000 08:08 2629001                    /home/hijj/software/javaAndroid/jdk/jdk8/jre/lib/amd64/libzip.so
7fc0f3be7000-7fc0f3bf3000 r-xp 00000000 08:08 5771539                    /lib/x86_64-linux-gnu/libnss_files-2.21.so
7fc0f3bf3000-7fc0f3df2000 ---p 0000c000 08:08 5771539                    /lib/x86_64-linux-gnu/libnss_files-2.21.so
7fc0f3df2000-7fc0f3df3000 r--p 0000b000 08:08 5771539                    /lib/x86_64-linux-gnu/libnss_files-2.21.so
7fc0f3df3000-7fc0f3df4000 rw-p 0000c000 08:08 5771539                    /lib/x86_64-linux-gnu/libnss_files-2.21.so
7fc0f3df4000-7fc0f3dff000 r-xp 00000000 08:08 5771549                    /lib/x86_64-linux-gnu/libnss_nis-2.21.so
7fc0f3dff000-7fc0f3ffe000 ---p 0000b000 08:08 5771549                    /lib/x86_64-linux-gnu/libnss_nis-2.21.so
7fc0f3ffe000-7fc0f3fff000 r--p 0000a000 08:08 5771549                    /lib/x86_64-linux-gnu/libnss_nis-2.21.so
7fc0f3fff000-7fc0f4000000 rw-p 0000b000 08:08 5771549                    /lib/x86_64-linux-gnu/libnss_nis-2.21.so
7fc0f4000000-7fc0f4178000 rw-p 00000000 00:00 0 
7fc0f4178000-7fc0f8000000 ---p 00000000 00:00 0 
7fc0f8001000-7fc0f8014000 r--s 00344000 08:08 2628842                    /home/hijj/software/javaAndroid/jdk/jdk8/jre/lib/resources.jar
7fc0f8014000-7fc0f809e000 rw-p 00000000 00:00 0 
7fc0f809e000-7fc0f81c5000 ---p 00000000 00:00 0 
7fc0f81c5000-7fc0f81dc000 r-xp 00000000 08:08 5771533                    /lib/x86_64-linux-gnu/libnsl-2.21.so
7fc0f81dc000-7fc0f83db000 ---p 00017000 08:08 5771533                    /lib/x86_64-linux-gnu/libnsl-2.21.so
7fc0f83db000-7fc0f83dc000 r--p 00016000 08:08 5771533                    /lib/x86_64-linux-gnu/libnsl-2.21.so
7fc0f83dc000-7fc0f83dd000 rw-p 00017000 08:08 5771533                    /lib/x86_64-linux-gnu/libnsl-2.21.so
7fc0f83dd000-7fc0f83df000 rw-p 00000000 00:00 0 
7fc0f83df000-7fc0f83e7000 r-xp 00000000 08:08 5771535                    /lib/x86_64-linux-gnu/libnss_compat-2.21.so
7fc0f83e7000-7fc0f85e6000 ---p 00008000 08:08 5771535                    /lib/x86_64-linux-gnu/libnss_compat-2.21.so
7fc0f85e6000-7fc0f85e7000 r--p 00007000 08:08 5771535                    /lib/x86_64-linux-gnu/libnss_compat-2.21.so
7fc0f85e7000-7fc0f85e8000 rw-p 00008000 08:08 5771535                    /lib/x86_64-linux-gnu/libnss_compat-2.21.so
7fc0f85e8000-7fc0f8cca000 r--p 00000000 08:08 4070784                    /usr/lib/locale/locale-archive
7fc0f8cca000-7fc0f8ccc000 r-xp 00000000 08:08 2628975                    /home/hijj/software/javaAndroid/jdk/jdk8/jre/lib/amd64/libnpt.so
7fc0f8ccc000-7fc0f8ecc000 ---p 00002000 08:08 2628975                    /home/hijj/software/javaAndroid/jdk/jdk8/jre/lib/amd64/libnpt.so
7fc0f8ecc000-7fc0f8ecd000 rw-p 00002000 08:08 2628975                    /home/hijj/software/javaAndroid/jdk/jdk8/jre/lib/amd64/libnpt.so
7fc0f8ecd000-7fc0f8f06000 r-xp 00000000 08:08 2628992                    /home/hijj/software/javaAndroid/jdk/jdk8/jre/lib/amd64/libjdwp.so
7fc0f8f06000-7fc0f9105000 ---p 00039000 08:08 2628992                    /home/hijj/software/javaAndroid/jdk/jdk8/jre/lib/amd64/libjdwp.so
7fc0f9105000-7fc0f9107000 rw-p 00038000 08:08 2628992                    /home/hijj/software/javaAndroid/jdk/jdk8/jre/lib/amd64/libjdwp.so
7fc0f9107000-7fc0f9131000 r-xp 00000000 08:08 2628996                    /home/hijj/software/javaAndroid/jdk/jdk8/jre/lib/amd64/libjava.so
7fc0f9131000-7fc0f9331000 ---p 0002a000 08:08 2628996                    /home/hijj/software/javaAndroid/jdk/jdk8/jre/lib/amd64/libjava.so
7fc0f9331000-7fc0f9333000 rw-p 0002a000 08:08 2628996                    /home/hijj/software/javaAndroid/jdk/jdk8/jre/lib/amd64/libjava.so
7fc0f9333000-7fc0f9340000 r-xp 00000000 08:08 2629000                    /home/hijj/software/javaAndroid/jdk/jdk8/jre/lib/amd64/libverify.so
7fc0f9340000-7fc0f9540000 ---p 0000d000 08:08 2629000                    /home/hijj/software/javaAndroid/jdk/jdk8/jre/lib/amd64/libverify.so
7fc0f9540000-7fc0f9542000 rw-p 0000d000 08:08 2629000                    /home/hijj/software/javaAndroid/jdk/jdk8/jre/lib/amd64/libverify.so
7fc0f9542000-7fc0f9549000 r-xp 00000000 08:08 5771594                    /lib/x86_64-linux-gnu/librt-2.21.so
7fc0f9549000-7fc0f9748000 ---p 00007000 08:08 5771594                    /lib/x86_64-linux-gnu/librt-2.21.so
7fc0f9748000-7fc0f9749000 r--p 00006000 08:08 5771594                    /lib/x86_64-linux-gnu/librt-2.21.so
7fc0f9749000-7fc0f974a000 rw-p 00007000 08:08 5771594                    /lib/x86_64-linux-gnu/librt-2.21.so
7fc0f974a000-7fc0f9851000 r-xp 00000000 08:08 5771512                    /lib/x86_64-linux-gnu/libm-2.21.so
7fc0f9851000-7fc0f9a50000 ---p 00107000 08:08 5771512                    /lib/x86_64-linux-gnu/libm-2.21.so
7fc0f9a50000-7fc0f9a51000 r--p 00106000 08:08 5771512                    /lib/x86_64-linux-gnu/libm-2.21.so
7fc0f9a51000-7fc0f9a52000 rw-p 00107000 08:08 5771512                    /lib/x86_64-linux-gnu/libm-2.21.so
7fc0f9a52000-7fc0fa6bc000 r-xp 00000000 08:08 2628982                    /home/hijj/software/javaAndroid/jdk/jdk8/jre/lib/amd64/server/libjvm.so
7fc0fa6bc000-7fc0fa8bb000 ---p 00c6a000 08:08 2628982                    /home/hijj/software/javaAndroid/jdk/jdk8/jre/lib/amd64/server/libjvm.so
7fc0fa8bb000-7fc0fa992000 rw-p 00c69000 08:08 2628982                    /home/hijj/software/javaAndroid/jdk/jdk8/jre/lib/amd64/server/libjvm.so
7fc0fa992000-7fc0fa9d4000 rw-p 00000000 00:00 0 
7fc0fa9d4000-7fc0fab94000 r-xp 00000000 08:08 5771453                    /lib/x86_64-linux-gnu/libc-2.21.so
7fc0fab94000-7fc0fad94000 ---p 001c0000 08:08 5771453                    /lib/x86_64-linux-gnu/libc-2.21.so
7fc0fad94000-7fc0fad98000 r--p 001c0000 08:08 5771453                    /lib/x86_64-linux-gnu/libc-2.21.so
7fc0fad98000-7fc0fad9a000 rw-p 001c4000 08:08 5771453                    /lib/x86_64-linux-gnu/libc-2.21.so
7fc0fad9a000-7fc0fad9e000 rw-p 00000000 00:00 0 
7fc0fad9e000-7fc0fada1000 r-xp 00000000 08:08 5771470                    /lib/x86_64-linux-gnu/libdl-2.21.so
7fc0fada1000-7fc0fafa0000 ---p 00003000 08:08 5771470                    /lib/x86_64-linux-gnu/libdl-2.21.so
7fc0fafa0000-7fc0fafa1000 r--p 00002000 08:08 5771470                    /lib/x86_64-linux-gnu/libdl-2.21.so
7fc0fafa1000-7fc0fafa2000 rw-p 00003000 08:08 5771470                    /lib/x86_64-linux-gnu/libdl-2.21.so
7fc0fafa2000-7fc0fafb7000 r-xp 00000000 08:08 2628623                    /home/hijj/software/javaAndroid/jdk/jdk8/lib/amd64/jli/libjli.so
7fc0fafb7000-7fc0fb1b6000 ---p 00015000 08:08 2628623                    /home/hijj/software/javaAndroid/jdk/jdk8/lib/amd64/jli/libjli.so
7fc0fb1b6000-7fc0fb1b7000 rw-p 00014000 08:08 2628623                    /home/hijj/software/javaAndroid/jdk/jdk8/lib/amd64/jli/libjli.so
7fc0fb1b7000-7fc0fb1cf000 r-xp 00000000 08:08 5771586                    /lib/x86_64-linux-gnu/libpthread-2.21.so
7fc0fb1cf000-7fc0fb3cf000 ---p 00018000 08:08 5771586                    /lib/x86_64-linux-gnu/libpthread-2.21.so
7fc0fb3cf000-7fc0fb3d0000 r--p 00018000 08:08 5771586                    /lib/x86_64-linux-gnu/libpthread-2.21.so
7fc0fb3d0000-7fc0fb3d1000 rw-p 00019000 08:08 5771586                    /lib/x86_64-linux-gnu/libpthread-2.21.so
7fc0fb3d1000-7fc0fb3d5000 rw-p 00000000 00:00 0 
7fc0fb3d5000-7fc0fb3f9000 r-xp 00000000 08:08 5771425                    /lib/x86_64-linux-gnu/ld-2.21.so
7fc0fb3ff000-7fc0fb4d7000 rw-p 00000000 00:00 0 
7fc0fb4d7000-7fc0fb4da000 ---p 00000000 00:00 0 
7fc0fb4da000-7fc0fb5dc000 rw-p 00000000 00:00 0                          [stack:19039]
7fc0fb5df000-7fc0fb5e2000 rw-p 00000000 00:00 0 
7fc0fb5e2000-7fc0fb5ec000 r--s 00116000 08:08 2628866                    /home/hijj/software/javaAndroid/jdk/jdk8/jre/lib/ext/localedata.jar
7fc0fb5ec000-7fc0fb5f4000 rw-s 00000000 08:08 1574388                    /tmp/hsperfdata_hijj/19034
7fc0fb5f4000-7fc0fb5f5000 rw-p 00000000 00:00 0 
7fc0fb5f5000-7fc0fb5f6000 r--p 00000000 00:00 0 
7fc0fb5f6000-7fc0fb5f8000 rw-p 00000000 00:00 0 
7fc0fb5f8000-7fc0fb5f9000 r--p 00023000 08:08 5771425                    /lib/x86_64-linux-gnu/ld-2.21.so
7fc0fb5f9000-7fc0fb5fa000 rw-p 00024000 08:08 5771425                    /lib/x86_64-linux-gnu/ld-2.21.so
7fc0fb5fa000-7fc0fb5fb000 rw-p 00000000 00:00 0 
7ffd5bdbd000-7ffd5bdde000 rw-p 00000000 00:00 0                          [stack]
7ffd5bde4000-7ffd5bde6000 r--p 00000000 00:00 0                          [vvar]
7ffd5bde6000-7ffd5bde8000 r-xp 00000000 00:00 0                          [vdso]
ffffffffff600000-ffffffffff601000 r-xp 00000000 00:00 0                  [vsyscall]

VM Arguments:
jvm_args: -agentlib:jdwp=transport=dt_socket,suspend=y,address=localhost:58549 -Dfile.encoding=UTF-8 
java_command: learning.ks8.MainTest
java_class_path (initial): /media/hijj/娱乐/github/repositories/ACM/Java/bin
Launcher Type: SUN_STANDARD

Environment Variables:
JAVA_HOME=/home/hijj/software/javaAndroid/jdk/jdk8
JRE_HOME=/home/hijj/software/javaAndroid/jdk/jdk8/jre
CLASSPATH=.:/home/hijj/software/javaAndroid/jdk/jdk8/lib:/home/hijj/software/javaAndroid/jdk/jdk8/jre/lib:.:$JAVA_HOME/lib:$JAVA_HOME/jre/lib
PATH=/home/hijj/software/javaAndroid/sdk/android-sdk-linux/tools:/home/hijj/software/javaAndroid/sdk/android-sdk-linux/platform-tools:/home/hijj/software/javaAndroid/jdk/jdk8/bin:/home/hijj/software/javaAndroid/jdk/jdk8/jre/bin:/usr/local/sbin:/usr/local/bin:/usr/sbin:/usr/bin:/sbin:/bin:/usr/games:/usr/local/games:$JAVA_HOME/bin:$ANDROID_PATH/tools:$ANDROID_PATH/platform-tools
SHELL=/bin/bash
DISPLAY=:0

Signal Handlers:
SIGSEGV: [libjvm.so+0xa77530], sa_mask[0]=11111111011111111101111111111110, sa_flags=SA_RESTART|SA_SIGINFO
SIGBUS: [libjvm.so+0xa77530], sa_mask[0]=11111111011111111101111111111110, sa_flags=SA_RESTART|SA_SIGINFO
SIGFPE: [libjvm.so+0x8e1d90], sa_mask[0]=11111111011111111101111111111110, sa_flags=SA_RESTART|SA_SIGINFO
SIGPIPE: [libjvm.so+0x8e1d90], sa_mask[0]=11111111011111111101111111111110, sa_flags=SA_RESTART|SA_SIGINFO
SIGXFSZ: [libjvm.so+0x8e1d90], sa_mask[0]=11111111011111111101111111111110, sa_flags=SA_RESTART|SA_SIGINFO
SIGILL: [libjvm.so+0x8e1d90], sa_mask[0]=11111111011111111101111111111110, sa_flags=SA_RESTART|SA_SIGINFO
SIGUSR1: SIG_DFL, sa_mask[0]=00000000000000000000000000000000, sa_flags=none
SIGUSR2: [libjvm.so+0x8e35c0], sa_mask[0]=00100000000000000000000000000000, sa_flags=SA_RESTART|SA_SIGINFO
SIGHUP: [libjvm.so+0x8e4980], sa_mask[0]=11111111011111111101111111111110, sa_flags=SA_RESTART|SA_SIGINFO
SIGINT: [libjvm.so+0x8e4980], sa_mask[0]=11111111011111111101111111111110, sa_flags=SA_RESTART|SA_SIGINFO
SIGTERM: [libjvm.so+0x8e4980], sa_mask[0]=11111111011111111101111111111110, sa_flags=SA_RESTART|SA_SIGINFO
SIGQUIT: [libjvm.so+0x8e4980], sa_mask[0]=11111111011111111101111111111110, sa_flags=SA_RESTART|SA_SIGINFO


---------------  S Y S T E M  ---------------

OS:DISTRIB_ID=Ubuntu
DISTRIB_RELEASE=15.04
DISTRIB_CODENAME=vivid
DISTRIB_DESCRIPTION="Ubuntu 15.04"

uname:Linux 3.19.0-30-generic #34-Ubuntu SMP Fri Oct 2 22:08:41 UTC 2015 x86_64
libc:glibc 2.21 NPTL 2.21 
rlimit: STACK 8192k, CORE 0k, NPROC 15002, NOFILE 65536, AS infinity
load average:0.09 0.13 0.31

/proc/meminfo:
MemTotal:        3863036 kB
MemFree:          647244 kB
MemAvailable:    1084516 kB
Buffers:           63856 kB
Cached:           777916 kB
SwapCached:        42520 kB
Active:          1703392 kB
Inactive:        1251840 kB
Active(anon):    1401400 kB
Inactive(anon):   983260 kB
Active(file):     301992 kB
Inactive(file):   268580 kB
Unevictable:          48 kB
Mlocked:              48 kB
SwapTotal:       4005884 kB
SwapFree:        3440932 kB
Dirty:              1672 kB
Writeback:             0 kB
AnonPages:       2087856 kB
Mapped:           218608 kB
Shmem:            271180 kB
Slab:             119172 kB
SReclaimable:      71284 kB
SUnreclaim:        47888 kB
KernelStack:       34624 kB
PageTables:        50764 kB
NFS_Unstable:          0 kB
Bounce:                0 kB
WritebackTmp:          0 kB
CommitLimit:     5937400 kB
Committed_AS:   14587104 kB
VmallocTotal:   34359738367 kB
VmallocUsed:      378088 kB
VmallocChunk:   34359320912 kB
HardwareCorrupted:     0 kB
AnonHugePages:   1089536 kB
CmaTotal:              0 kB
CmaFree:               0 kB
HugePages_Total:       0
HugePages_Free:        0
HugePages_Rsvd:        0
HugePages_Surp:        0
Hugepagesize:       2048 kB
DirectMap4k:      185084 kB
DirectMap2M:     3823616 kB


CPU:total 4 (2 cores per cpu, 2 threads per core) family 6 model 58 stepping 9, cmov, cx8, fxsr, mmx, sse, sse2, sse3, ssse3, sse4.1, sse4.2, popcnt, avx, aes, clmul, erms, ht, tsc, tscinvbit, tscinv

/proc/cpuinfo:
processor	: 0
vendor_id	: GenuineIntel
cpu family	: 6
model		: 58
model name	: Intel(R) Core(TM) i5-3230M CPU @ 2.60GHz
stepping	: 9
microcode	: 0x17
cpu MHz		: 2999.953
cache size	: 3072 KB
physical id	: 0
siblings	: 4
core id		: 0
cpu cores	: 2
apicid		: 0
initial apicid	: 0
fpu		: yes
fpu_exception	: yes
cpuid level	: 13
wp		: yes
flags		: fpu vme de pse tsc msr pae mce cx8 apic sep mtrr pge mca cmov pat pse36 clflush dts acpi mmx fxsr sse sse2 ss ht tm pbe syscall nx rdtscp lm constant_tsc arch_perfmon pebs bts rep_good nopl xtopology nonstop_tsc aperfmperf eagerfpu pni pclmulqdq dtes64 monitor ds_cpl vmx est tm2 ssse3 cx16 xtpr pdcm pcid sse4_1 sse4_2 x2apic popcnt tsc_deadline_timer aes xsave avx f16c rdrand lahf_lm ida arat epb pln pts dtherm tpr_shadow vnmi flexpriority ept vpid fsgsbase smep erms xsaveopt
bugs		:
bogomips	: 5188.00
clflush size	: 64
cache_alignment	: 64
address sizes	: 36 bits physical, 48 bits virtual
power management:

processor	: 1
vendor_id	: GenuineIntel
cpu family	: 6
model		: 58
model name	: Intel(R) Core(TM) i5-3230M CPU @ 2.60GHz
stepping	: 9
microcode	: 0x17
cpu MHz		: 2999.953
cache size	: 3072 KB
physical id	: 0
siblings	: 4
core id		: 0
cpu cores	: 2
apicid		: 1
initial apicid	: 1
fpu		: yes
fpu_exception	: yes
cpuid level	: 13
wp		: yes
flags		: fpu vme de pse tsc msr pae mce cx8 apic sep mtrr pge mca cmov pat pse36 clflush dts acpi mmx fxsr sse sse2 ss ht tm pbe syscall nx rdtscp lm constant_tsc arch_perfmon pebs bts rep_good nopl xtopology nonstop_tsc aperfmperf eagerfpu pni pclmulqdq dtes64 monitor ds_cpl vmx est tm2 ssse3 cx16 xtpr pdcm pcid sse4_1 sse4_2 x2apic popcnt tsc_deadline_timer aes xsave avx f16c rdrand lahf_lm ida arat epb pln pts dtherm tpr_shadow vnmi flexpriority ept vpid fsgsbase smep erms xsaveopt
bugs		:
bogomips	: 5188.00
clflush size	: 64
cache_alignment	: 64
address sizes	: 36 bits physical, 48 bits virtual
power management:

processor	: 2
vendor_id	: GenuineIntel
cpu family	: 6
model		: 58
model name	: Intel(R) Core(TM) i5-3230M CPU @ 2.60GHz
stepping	: 9
microcode	: 0x17
cpu MHz		: 2999.953
cache size	: 3072 KB
physical id	: 0
siblings	: 4
core id		: 1
cpu cores	: 2
apicid		: 2
initial apicid	: 2
fpu		: yes
fpu_exception	: yes
cpuid level	: 13
wp		: yes
flags		: fpu vme de pse tsc msr pae mce cx8 apic sep mtrr pge mca cmov pat pse36 clflush dts acpi mmx fxsr sse sse2 ss ht tm pbe syscall nx rdtscp lm constant_tsc arch_perfmon pebs bts rep_good nopl xtopology nonstop_tsc aperfmperf eagerfpu pni pclmulqdq dtes64 monitor ds_cpl vmx est tm2 ssse3 cx16 xtpr pdcm pcid sse4_1 sse4_2 x2apic popcnt tsc_deadline_timer aes xsave avx f16c rdrand lahf_lm ida arat epb pln pts dtherm tpr_shadow vnmi flexpriority ept vpid fsgsbase smep erms xsaveopt
bugs		:
bogomips	: 5188.00
clflush size	: 64
cache_alignment	: 64
address sizes	: 36 bits physical, 48 bits virtual
power management:

processor	: 3
vendor_id	: GenuineIntel
cpu family	: 6
model		: 58
model name	: Intel(R) Core(TM) i5-3230M CPU @ 2.60GHz
stepping	: 9
microcode	: 0x17
cpu MHz		: 2999.953
cache size	: 3072 KB
physical id	: 0
siblings	: 4
core id		: 1
cpu cores	: 2
apicid		: 3
initial apicid	: 3
fpu		: yes
fpu_exception	: yes
cpuid level	: 13
wp		: yes
flags		: fpu vme de pse tsc msr pae mce cx8 apic sep mtrr pge mca cmov pat pse36 clflush dts acpi mmx fxsr sse sse2 ss ht tm pbe syscall nx rdtscp lm constant_tsc arch_perfmon pebs bts rep_good nopl xtopology nonstop_tsc aperfmperf eagerfpu pni pclmulqdq dtes64 monitor ds_cpl vmx est tm2 ssse3 cx16 xtpr pdcm pcid sse4_1 sse4_2 x2apic popcnt tsc_deadline_timer aes xsave avx f16c rdrand lahf_lm ida arat epb pln pts dtherm tpr_shadow vnmi flexpriority ept vpid fsgsbase smep erms xsaveopt
bugs		:
bogomips	: 5188.00
clflush size	: 64
cache_alignment	: 64
address sizes	: 36 bits physical, 48 bits virtual
power management:



Memory: 4k page, physical 3863036k(648112k free), swap 4005884k(3440932k free)

vm_info: Java HotSpot(TM) 64-Bit Server VM (25.20-b23) for linux-amd64 JRE (1.8.0_20-b26), built on Jul 30 2014 13:13:52 by "java_re" with gcc 4.3.0 20080428 (Red Hat 4.3.0-8)

time: Thu Oct 22 00:10:22 2015
elapsed time: 2221 seconds (0d 0h 37m 1s)

