#
# A fatal error has been detected by the Java Runtime Environment:
#
#  SIGSEGV (0xb) at pc=0x00007fec927e2190, pid=2981, tid=140653608900352
#
# JRE version: Java(TM) SE Runtime Environment (8.0_20-b26) (build 1.8.0_20-b26)
# Java VM: Java HotSpot(TM) 64-Bit Server VM (25.20-b23 mixed mode linux-amd64 compressed oops)
# Problematic frame:
# V  [libjvm.so+0x873190]  Method::checked_resolve_jmethod_id(_jmethodID*)+0x20
#
# Failed to write core dump. Core dumps have been disabled. To enable core dumping, try "ulimit -c unlimited" before starting Java again
#
# If you would like to submit a bug report, please visit:
#   http://bugreport.sun.com/bugreport/crash.jsp
#

---------------  T H R E A D  ---------------

Current thread (0x00007fec8c0ba000):  JavaThread "JDWP Transport Listener: dt_socket" daemon [_thread_in_vm, id=2999, stack(0x00007fec78551000,0x00007fec78652000)]

siginfo: si_signo: 11 (SIGSEGV), si_code: 1 (SEGV_MAPERR), si_addr: 0x0000000000000031

Registers:
RAX=0x0000000000000001, RBX=0x00007fec8c0036a0, RCX=0x00007fec938ed340, RDX=0x00007fec92ec6fe0
RSP=0x00007fec786507d0, RBP=0x00007fec786507e0, RSI=0x00007fec8c0ba000, RDI=0x0000000000000031
R8 =0x00007fec4c007b40, R9 =0x0000000000000000, R10=0x0000000000000010, R11=0x00007fec93087ff0
R12=0x0000000000000017, R13=0x0000000000000031, R14=0x00007fec8c0ba000, R15=0x00007fec786508e7
RIP=0x00007fec927e2190, EFLAGS=0x0000000000010202, CSGSFS=0x0000000000000033, ERR=0x0000000000000004
  TRAPNO=0x000000000000000e

Top of Stack: (sp=0x00007fec786507d0)
0x00007fec786507d0:   0000000000000074 00007fec8c0036a0
0x00007fec786507e0:   00007fec78650850 00007fec9267778e
0x00007fec786507f0:   00007fec4c007b40 00007fec78650800
0x00007fec78650800:   00007fec8c0ba000 0000000000000000
0x00007fec78650810:   00007fec00000000 0000000000000000
0x00007fec78650820:   00007fec78650840 00007fec91623d60
0x00007fec78650830:   0000000000000031 00007fec786508e7
0x00007fec78650840:   0000000000000005 00007fec786508e7
0x00007fec78650850:   00007fec78650880 00007fec9140f872
0x00007fec78650860:   00007fec78650880 0000000000000031
0x00007fec78650870:   00007fec78650950 0000000000000028
0x00007fec78650880:   00007fec78650910 00007fec913f0a60
0x00007fec78650890:   00007fec786508c8 00007fec786508c0
0x00007fec786508a0:   00007fec786508b8 00007fec786508dc
0x00007fec786508b0:   000000014c002ed0 0000000000000000
0x00007fec786508c0:   0000000000000000 0000000000000000
0x00007fec786508d0:   00007fec4c007c40 0000000978650950
0x00007fec786508e0:   0000000000000006 0000000000000002
0x00007fec786508f0:   000000000000000f 0000000000000002
0x00007fec78650900:   00000000000f0200 000000000000000f
0x00007fec78650910:   00007fec78650b60 00007fec913fb976
0x00007fec78650920:   00005c9800000013 00007fec920f0200
0x00007fec78650930:   00007fec44000ba0 0000000000000000
0x00007fec78650940:   00007fec78650950 00007fec78650ae0
0x00007fec78650950:   00007fec78650a59 00007fec00000073
0x00007fec78650960:   00007fec78650968 00000000000000b9
0x00007fec78650970:   00007fec786509a0 0000000000000000
0x00007fec78650980:   00007f0000000000 00005c980000001c
0x00007fec78650990:   00007fec00000a80 00007fec786509a0
0x00007fec786509a0:   ec7f000006000000 08000000606e004c
0x00007fec786509b0:   3e74696e696c633c 0056292803000000
0x00007fec786509c0:   0008000000000000 00586e004cec7f00 

Instructions: (pc=0x00007fec927e2190)
0x00007fec927e2170:   55 48 89 e5 53 48 83 ec 08 48 85 ff 75 12 31 db
0x00007fec927e2180:   48 89 d8 48 83 c4 08 5b c9 c3 66 0f 1f 44 00 00
0x00007fec927e2190:   48 8b 1f 48 85 db 74 e6 48 83 fb 37 74 e0 48 8b
0x00007fec927e21a0:   03 48 89 df ff 50 10 84 c0 0f 1f 80 00 00 00 00 

Register to memory mapping:

RAX=0x0000000000000001 is an unknown value
RBX=0x00007fec8c0036a0 is an unknown value
RCX=0x00007fec938ed340: <offset 0x219340> in /lib/x86_64-linux-gnu/libpthread.so.0 at 0x00007fec936d4000
RDX=0x00007fec92ec6fe0: <offset 0xf57fe0> in /home/hijj/software/javaAndroid/jdk/jdk8/jre/lib/amd64/server/libjvm.so at 0x00007fec91f6f000
RSP=0x00007fec786507d0 is pointing into the stack for thread: 0x00007fec8c0ba000
RBP=0x00007fec786507e0 is pointing into the stack for thread: 0x00007fec8c0ba000
RSI=0x00007fec8c0ba000 is a thread
RDI=0x0000000000000031 is an unknown value
R8 =0x00007fec4c007b40 is an unknown value
R9 =0x0000000000000000 is an unknown value
R10=0x0000000000000010 is an unknown value
R11=0x00007fec93087ff0: <offset 0x196ff0> in /lib/x86_64-linux-gnu/libc.so.6 at 0x00007fec92ef1000
R12=0x0000000000000017 is an unknown value
R13=0x0000000000000031 is an unknown value
R14=0x00007fec8c0ba000 is a thread
R15=0x00007fec786508e7 is pointing into the stack for thread: 0x00007fec8c0ba000


Stack: [0x00007fec78551000,0x00007fec78652000],  sp=0x00007fec786507d0,  free space=1021k
Native frames: (J=compiled Java code, j=interpreted, Vv=VM code, C=native code)
V  [libjvm.so+0x873190]  Method::checked_resolve_jmethod_id(_jmethodID*)+0x20
V  [libjvm.so+0x70878e]  jvmti_IsMethodSynthetic+0x29e
C  [libjdwp.so+0x25872]  isMethodSynthetic+0x42
C  [libjdwp.so+0x6a60]  methods1+0x1b0
C  [libjdwp.so+0x11976]  debugLoop_run+0x2b6
C  [libjdwp.so+0x247af]  attachThread+0x2f
V  [libjvm.so+0x7744f2]  JvmtiAgentThread::call_start_function()+0xc2
V  [libjvm.so+0xa2990f]  JavaThread::thread_main_inner()+0xdf
V  [libjvm.so+0xa29a3c]  JavaThread::run()+0x11c
V  [libjvm.so+0x8e75f8]  java_start(Thread*)+0x108
C  [libpthread.so.0+0x76aa]  start_thread+0xca


---------------  P R O C E S S  ---------------

Java Threads: ( => current thread )
  0x00007fec8c0da800 JavaThread "Service Thread" daemon [_thread_blocked, id=3009, stack(0x00007fec73eff000,0x00007fec74000000)]
  0x00007fec8c0c5000 JavaThread "C1 CompilerThread2" daemon [_thread_blocked, id=3008, stack(0x00007fec7804c000,0x00007fec7814d000)]
  0x00007fec8c0c3000 JavaThread "C2 CompilerThread1" daemon [_thread_blocked, id=3007, stack(0x00007fec7814d000,0x00007fec7824e000)]
  0x00007fec8c0c0000 JavaThread "C2 CompilerThread0" daemon [_thread_blocked, id=3006, stack(0x00007fec7824e000,0x00007fec7834f000)]
  0x00007fec4c001000 JavaThread "JDWP Command Reader" daemon [_thread_in_native, id=3001, stack(0x00007fec7834f000,0x00007fec78450000)]
  0x00007fec8c0be000 JavaThread "JDWP Event Helper Thread" daemon [_thread_blocked, id=3000, stack(0x00007fec78450000,0x00007fec78551000)]
=>0x00007fec8c0ba000 JavaThread "JDWP Transport Listener: dt_socket" daemon [_thread_in_vm, id=2999, stack(0x00007fec78551000,0x00007fec78652000)]
  0x00007fec8c0ad000 JavaThread "Signal Dispatcher" daemon [_thread_blocked, id=2997, stack(0x00007fec78856000,0x00007fec78957000)]
  0x00007fec8c07f000 JavaThread "Finalizer" daemon [_thread_blocked, id=2996, stack(0x00007fec78957000,0x00007fec78a58000)]
  0x00007fec8c07d000 JavaThread "Reference Handler" daemon [_thread_blocked, id=2995, stack(0x00007fec78a58000,0x00007fec78b59000)]
  0x00007fec8c00c000 JavaThread "main" [_thread_in_native, id=2987, stack(0x00007fec939f4000,0x00007fec93af5000)]

Other Threads:
  0x00007fec8c075800 VMThread [stack: 0x00007fec78b59000,0x00007fec78c5a000] [id=2994]
  0x00007fec8c0dd000 WatcherThread [stack: 0x00007fec73dfe000,0x00007fec73eff000] [id=3010]

VM state:not at safepoint (normal execution)

VM Mutex/Monitor currently owned by a thread: None

Heap:
 PSYoungGen      total 17920K, used 2154K [0x00000000ec580000, 0x00000000ed980000, 0x0000000100000000)
  eden space 15360K, 14% used [0x00000000ec580000,0x00000000ec79a800,0x00000000ed480000)
  from space 2560K, 0% used [0x00000000ed700000,0x00000000ed700000,0x00000000ed980000)
  to   space 2560K, 0% used [0x00000000ed480000,0x00000000ed480000,0x00000000ed700000)
 ParOldGen       total 40960K, used 0K [0x00000000c5000000, 0x00000000c7800000, 0x00000000ec580000)
  object space 40960K, 0% used [0x00000000c5000000,0x00000000c5000000,0x00000000c7800000)
 Metaspace       used 3564K, capacity 4644K, committed 4864K, reserved 1056768K
  class space    used 394K, capacity 396K, committed 512K, reserved 1048576K

Card table byte_map: [0x00007fec7ca67000,0x00007fec7cc40000] byte_map_base: 0x00007fec7c43f000

Marking Bits: (ParMarkBitMap*) 0x00007fec92ec6ac0
 Begin Bits: [0x00007fec7a7a8000, 0x00007fec7b668000)
 End Bits:   [0x00007fec7b668000, 0x00007fec7c528000)

Polling page: 0x00007fec93b12000

CodeCache: size=245760Kb used=1199Kb max_used=1199Kb free=244560Kb
 bounds [0x00007fec7d000000, 0x00007fec7d270000, 0x00007fec8c000000]
 total_blobs=302 nmethods=65 adapters=160
 compilation: enabled

Compilation events (10 events):
Event: 0.470 Thread 0x00007fec8c0c5000   59       3       java.lang.AbstractStringBuilder::<init> (12 bytes)
Event: 0.470 Thread 0x00007fec8c0c5000 nmethod 59 0x00007fec7d129bd0 code [0x00007fec7d129d40, 0x00007fec7d129f90]
Event: 0.470 Thread 0x00007fec8c0c5000   60       1       java.net.URL::getProtocol (5 bytes)
Event: 0.470 Thread 0x00007fec8c0c5000 nmethod 60 0x00007fec7d125090 code [0x00007fec7d1251e0, 0x00007fec7d1252f0]
Event: 0.471 Thread 0x00007fec8c0c5000   62       3       java.util.concurrent.ConcurrentHashMap::setTabAt (19 bytes)
Event: 0.472 Thread 0x00007fec8c0c5000 nmethod 62 0x00007fec7d12b410 code [0x00007fec7d12b560, 0x00007fec7d12b6d0]
Event: 0.472 Thread 0x00007fec8c0c5000   64       3       java.util.concurrent.ConcurrentHashMap::casTabAt (20 bytes)
Event: 0.472 Thread 0x00007fec8c0c5000 nmethod 64 0x00007fec7d12b750 code [0x00007fec7d12b8a0, 0x00007fec7d12ba10]
Event: 804.813 Thread 0x00007fec8c0c5000   65       3       java.util.concurrent.ConcurrentHashMap$Node::<init> (26 bytes)
Event: 804.814 Thread 0x00007fec8c0c5000 nmethod 65 0x00007fec7d12ba90 code [0x00007fec7d12bc00, 0x00007fec7d12bdf0]

GC Heap History (0 events):
No events

Deoptimization events (0 events):
No events

Internal exceptions (10 events):
Event: 0.462 Thread 0x00007fec8c00c000 Exception <a 'java/security/PrivilegedActionException'> (0x00000000ec72c478) thrown at [/HUDSON/workspace/8-2-build-linux-amd64/jdk8u20/1074/hotspot/src/share/vm/prims/jvm.cpp, line 1275]
Event: 0.462 Thread 0x00007fec8c00c000 Exception <a 'java/security/PrivilegedActionException'> (0x00000000ec72d630) thrown at [/HUDSON/workspace/8-2-build-linux-amd64/jdk8u20/1074/hotspot/src/share/vm/prims/jvm.cpp, line 1275]
Event: 0.463 Thread 0x00007fec8c00c000 Exception <a 'java/security/PrivilegedActionException'> (0x00000000ec730050) thrown at [/HUDSON/workspace/8-2-build-linux-amd64/jdk8u20/1074/hotspot/src/share/vm/prims/jvm.cpp, line 1275]
Event: 0.463 Thread 0x00007fec8c00c000 Exception <a 'java/security/PrivilegedActionException'> (0x00000000ec7313f0) thrown at [/HUDSON/workspace/8-2-build-linux-amd64/jdk8u20/1074/hotspot/src/share/vm/prims/jvm.cpp, line 1275]
Event: 0.467 Thread 0x00007fec8c00c000 Exception <a 'java/security/PrivilegedActionException'> (0x00000000ec745190) thrown at [/HUDSON/workspace/8-2-build-linux-amd64/jdk8u20/1074/hotspot/src/share/vm/prims/jvm.cpp, line 1275]
Event: 0.468 Thread 0x00007fec8c00c000 Exception <a 'java/security/PrivilegedActionException'> (0x00000000ec746628) thrown at [/HUDSON/workspace/8-2-build-linux-amd64/jdk8u20/1074/hotspot/src/share/vm/prims/jvm.cpp, line 1275]
Event: 0.469 Thread 0x00007fec8c00c000 Exception <a 'java/security/PrivilegedActionException'> (0x00000000ec753cc0) thrown at [/HUDSON/workspace/8-2-build-linux-amd64/jdk8u20/1074/hotspot/src/share/vm/prims/jvm.cpp, line 1275]
Event: 0.469 Thread 0x00007fec8c00c000 Exception <a 'java/security/PrivilegedActionException'> (0x00000000ec755380) thrown at [/HUDSON/workspace/8-2-build-linux-amd64/jdk8u20/1074/hotspot/src/share/vm/prims/jvm.cpp, line 1275]
Event: 0.469 Thread 0x00007fec8c00c000 Exception <a 'java/security/PrivilegedActionException'> (0x00000000ec757a20) thrown at [/HUDSON/workspace/8-2-build-linux-amd64/jdk8u20/1074/hotspot/src/share/vm/prims/jvm.cpp, line 1275]
Event: 0.470 Thread 0x00007fec8c00c000 Exception <a 'java/security/PrivilegedActionException'> (0x00000000ec759100) thrown at [/HUDSON/workspace/8-2-build-linux-amd64/jdk8u20/1074/hotspot/src/share/vm/prims/jvm.cpp, line 1275]

Events (10 events):
Event: 804.874 Executing VM operation: ChangeBreakpoints
Event: 804.875 Executing VM operation: ChangeBreakpoints done
Event: 804.883 Executing VM operation: ChangeBreakpoints
Event: 804.883 Executing VM operation: ChangeBreakpoints done
Event: 804.883 Executing VM operation: ChangeBreakpoints
Event: 804.883 Executing VM operation: ChangeBreakpoints done
Event: 804.894 Executing VM operation: ChangeBreakpoints
Event: 804.894 Executing VM operation: ChangeBreakpoints done
Event: 815.584 Executing VM operation: RedefineClasses
Event: 815.584 Executing VM operation: RedefineClasses done


Dynamic libraries:
00400000-00401000 r-xp 00000000 08:08 2622385                            /home/hijj/software/javaAndroid/jdk/jdk8/bin/java
00600000-00601000 rw-p 00000000 08:08 2622385                            /home/hijj/software/javaAndroid/jdk/jdk8/bin/java
0110b000-0112c000 rw-p 00000000 00:00 0                                  [heap]
c5000000-c7800000 rw-p 00000000 00:00 0 
c7800000-ec580000 ---p 00000000 00:00 0 
ec580000-ed980000 rw-p 00000000 00:00 0 
ed980000-100000000 ---p 00000000 00:00 0 
100000000-100080000 rw-p 00000000 00:00 0 
100080000-140000000 ---p 00000000 00:00 0 
7fec34000000-7fec34021000 rw-p 00000000 00:00 0 
7fec34021000-7fec38000000 ---p 00000000 00:00 0 
7fec38000000-7fec38021000 rw-p 00000000 00:00 0 
7fec38021000-7fec3c000000 ---p 00000000 00:00 0 
7fec3c000000-7fec3c021000 rw-p 00000000 00:00 0 
7fec3c021000-7fec40000000 ---p 00000000 00:00 0 
7fec40000000-7fec4008b000 rw-p 00000000 00:00 0 
7fec4008b000-7fec44000000 ---p 00000000 00:00 0 
7fec44000000-7fec44021000 rw-p 00000000 00:00 0 
7fec44021000-7fec48000000 ---p 00000000 00:00 0 
7fec48000000-7fec4804e000 rw-p 00000000 00:00 0 
7fec4804e000-7fec4c000000 ---p 00000000 00:00 0 
7fec4c000000-7fec4c022000 rw-p 00000000 00:00 0 
7fec4c022000-7fec50000000 ---p 00000000 00:00 0 
7fec50000000-7fec50021000 rw-p 00000000 00:00 0 
7fec50021000-7fec54000000 ---p 00000000 00:00 0 
7fec54000000-7fec54021000 rw-p 00000000 00:00 0 
7fec54021000-7fec58000000 ---p 00000000 00:00 0 
7fec58000000-7fec58021000 rw-p 00000000 00:00 0 
7fec58021000-7fec5c000000 ---p 00000000 00:00 0 
7fec5c000000-7fec5c021000 rw-p 00000000 00:00 0 
7fec5c021000-7fec60000000 ---p 00000000 00:00 0 
7fec60000000-7fec60021000 rw-p 00000000 00:00 0 
7fec60021000-7fec64000000 ---p 00000000 00:00 0 
7fec64000000-7fec64021000 rw-p 00000000 00:00 0 
7fec64021000-7fec68000000 ---p 00000000 00:00 0 
7fec68000000-7fec68021000 rw-p 00000000 00:00 0 
7fec68021000-7fec6c000000 ---p 00000000 00:00 0 
7fec6c000000-7fec6c021000 rw-p 00000000 00:00 0 
7fec6c021000-7fec70000000 ---p 00000000 00:00 0 
7fec73b89000-7fec73dfe000 rw-p 00000000 00:00 0 
7fec73dfe000-7fec73dff000 ---p 00000000 00:00 0 
7fec73dff000-7fec73eff000 rw-p 00000000 00:00 0                          [stack:3010]
7fec73eff000-7fec73f02000 ---p 00000000 00:00 0 
7fec73f02000-7fec74000000 rw-p 00000000 00:00 0                          [stack:3009]
7fec74000000-7fec74021000 rw-p 00000000 00:00 0 
7fec74021000-7fec78000000 ---p 00000000 00:00 0 
7fec78030000-7fec7804c000 r--s 00393000 08:08 2628860                    /home/hijj/software/javaAndroid/jdk/jdk8/jre/lib/ext/cldrdata.jar
7fec7804c000-7fec7804f000 ---p 00000000 00:00 0 
7fec7804f000-7fec7814d000 rw-p 00000000 00:00 0                          [stack:3008]
7fec7814d000-7fec78150000 ---p 00000000 00:00 0 
7fec78150000-7fec7824e000 rw-p 00000000 00:00 0                          [stack:3007]
7fec7824e000-7fec78251000 ---p 00000000 00:00 0 
7fec78251000-7fec7834f000 rw-p 00000000 00:00 0                          [stack:3006]
7fec7834f000-7fec78352000 ---p 00000000 00:00 0 
7fec78352000-7fec78450000 rw-p 00000000 00:00 0                          [stack:3001]
7fec78450000-7fec78453000 ---p 00000000 00:00 0 
7fec78453000-7fec78551000 rw-p 00000000 00:00 0                          [stack:3000]
7fec78551000-7fec78554000 ---p 00000000 00:00 0 
7fec78554000-7fec78652000 rw-p 00000000 00:00 0                          [stack:2999]
7fec78652000-7fec78656000 r-xp 00000000 08:08 2628974                    /home/hijj/software/javaAndroid/jdk/jdk8/jre/lib/amd64/libdt_socket.so
7fec78656000-7fec78855000 ---p 00004000 08:08 2628974                    /home/hijj/software/javaAndroid/jdk/jdk8/jre/lib/amd64/libdt_socket.so
7fec78855000-7fec78856000 rw-p 00003000 08:08 2628974                    /home/hijj/software/javaAndroid/jdk/jdk8/jre/lib/amd64/libdt_socket.so
7fec78856000-7fec78859000 ---p 00000000 00:00 0 
7fec78859000-7fec78957000 rw-p 00000000 00:00 0                          [stack:2997]
7fec78957000-7fec7895a000 ---p 00000000 00:00 0 
7fec7895a000-7fec78a58000 rw-p 00000000 00:00 0                          [stack:2996]
7fec78a58000-7fec78a5b000 ---p 00000000 00:00 0 
7fec78a5b000-7fec78b59000 rw-p 00000000 00:00 0                          [stack:2995]
7fec78b59000-7fec78b5a000 ---p 00000000 00:00 0 
7fec78b5a000-7fec79bfa000 rw-p 00000000 00:00 0                          [stack:2994]
7fec79bfa000-7fec79dd0000 r--s 03ca8000 08:08 2628807                    /home/hijj/software/javaAndroid/jdk/jdk8/jre/lib/rt.jar
7fec79dd0000-7fec7a210000 rw-p 00000000 00:00 0 
7fec7a210000-7fec7a5d0000 ---p 00000000 00:00 0 
7fec7a5d0000-7fec7c528000 rw-p 00000000 00:00 0 
7fec7c528000-7fec7c529000 ---p 00000000 00:00 0 
7fec7c529000-7fec7c629000 rw-p 00000000 00:00 0                          [stack:2992]
7fec7c629000-7fec7c62a000 ---p 00000000 00:00 0 
7fec7c62a000-7fec7c72a000 rw-p 00000000 00:00 0                          [stack:2991]
7fec7c72a000-7fec7c72b000 ---p 00000000 00:00 0 
7fec7c72b000-7fec7c82b000 rw-p 00000000 00:00 0                          [stack:2990]
7fec7c82b000-7fec7c82c000 ---p 00000000 00:00 0 
7fec7c82c000-7fec7c940000 rw-p 00000000 00:00 0                          [stack:2989]
7fec7c940000-7fec7ca67000 ---p 00000000 00:00 0 
7fec7ca67000-7fec7ca7b000 rw-p 00000000 00:00 0 
7fec7ca7b000-7fec7cba1000 ---p 00000000 00:00 0 
7fec7cba1000-7fec7cbac000 rw-p 00000000 00:00 0 
7fec7cbac000-7fec7cc3f000 ---p 00000000 00:00 0 
7fec7cc3f000-7fec7cc4a000 rw-p 00000000 00:00 0 
7fec7cc4a000-7fec7d000000 ---p 00000000 00:00 0 
7fec7d000000-7fec7d270000 rwxp 00000000 00:00 0 
7fec7d270000-7fec8c000000 ---p 00000000 00:00 0 
7fec8c000000-7fec8c168000 rw-p 00000000 00:00 0 
7fec8c168000-7fec90000000 ---p 00000000 00:00 0 
7fec90004000-7fec90017000 r--s 00344000 08:08 2628842                    /home/hijj/software/javaAndroid/jdk/jdk8/jre/lib/resources.jar
7fec90017000-7fec900ae000 rw-p 00000000 00:00 0 
7fec900ae000-7fec900c8000 r-xp 00000000 08:08 2629001                    /home/hijj/software/javaAndroid/jdk/jdk8/jre/lib/amd64/libzip.so
7fec900c8000-7fec902c8000 ---p 0001a000 08:08 2629001                    /home/hijj/software/javaAndroid/jdk/jdk8/jre/lib/amd64/libzip.so
7fec902c8000-7fec902c9000 rw-p 0001a000 08:08 2629001                    /home/hijj/software/javaAndroid/jdk/jdk8/jre/lib/amd64/libzip.so
7fec902c9000-7fec902d5000 r-xp 00000000 08:08 5771539                    /lib/x86_64-linux-gnu/libnss_files-2.21.so
7fec902d5000-7fec904d4000 ---p 0000c000 08:08 5771539                    /lib/x86_64-linux-gnu/libnss_files-2.21.so
7fec904d4000-7fec904d5000 r--p 0000b000 08:08 5771539                    /lib/x86_64-linux-gnu/libnss_files-2.21.so
7fec904d5000-7fec904d6000 rw-p 0000c000 08:08 5771539                    /lib/x86_64-linux-gnu/libnss_files-2.21.so
7fec904d6000-7fec904e1000 r-xp 00000000 08:08 5771549                    /lib/x86_64-linux-gnu/libnss_nis-2.21.so
7fec904e1000-7fec906e0000 ---p 0000b000 08:08 5771549                    /lib/x86_64-linux-gnu/libnss_nis-2.21.so
7fec906e0000-7fec906e1000 r--p 0000a000 08:08 5771549                    /lib/x86_64-linux-gnu/libnss_nis-2.21.so
7fec906e1000-7fec906e2000 rw-p 0000b000 08:08 5771549                    /lib/x86_64-linux-gnu/libnss_nis-2.21.so
7fec906e2000-7fec906f9000 r-xp 00000000 08:08 5771533                    /lib/x86_64-linux-gnu/libnsl-2.21.so
7fec906f9000-7fec908f8000 ---p 00017000 08:08 5771533                    /lib/x86_64-linux-gnu/libnsl-2.21.so
7fec908f8000-7fec908f9000 r--p 00016000 08:08 5771533                    /lib/x86_64-linux-gnu/libnsl-2.21.so
7fec908f9000-7fec908fa000 rw-p 00017000 08:08 5771533                    /lib/x86_64-linux-gnu/libnsl-2.21.so
7fec908fa000-7fec908fc000 rw-p 00000000 00:00 0 
7fec908fc000-7fec90904000 r-xp 00000000 08:08 5771535                    /lib/x86_64-linux-gnu/libnss_compat-2.21.so
7fec90904000-7fec90b03000 ---p 00008000 08:08 5771535                    /lib/x86_64-linux-gnu/libnss_compat-2.21.so
7fec90b03000-7fec90b04000 r--p 00007000 08:08 5771535                    /lib/x86_64-linux-gnu/libnss_compat-2.21.so
7fec90b04000-7fec90b05000 rw-p 00008000 08:08 5771535                    /lib/x86_64-linux-gnu/libnss_compat-2.21.so
7fec90b05000-7fec911e7000 r--p 00000000 08:08 4070784                    /usr/lib/locale/locale-archive
7fec911e7000-7fec911e9000 r-xp 00000000 08:08 2628975                    /home/hijj/software/javaAndroid/jdk/jdk8/jre/lib/amd64/libnpt.so
7fec911e9000-7fec913e9000 ---p 00002000 08:08 2628975                    /home/hijj/software/javaAndroid/jdk/jdk8/jre/lib/amd64/libnpt.so
7fec913e9000-7fec913ea000 rw-p 00002000 08:08 2628975                    /home/hijj/software/javaAndroid/jdk/jdk8/jre/lib/amd64/libnpt.so
7fec913ea000-7fec91423000 r-xp 00000000 08:08 2628992                    /home/hijj/software/javaAndroid/jdk/jdk8/jre/lib/amd64/libjdwp.so
7fec91423000-7fec91622000 ---p 00039000 08:08 2628992                    /home/hijj/software/javaAndroid/jdk/jdk8/jre/lib/amd64/libjdwp.so
7fec91622000-7fec91624000 rw-p 00038000 08:08 2628992                    /home/hijj/software/javaAndroid/jdk/jdk8/jre/lib/amd64/libjdwp.so
7fec91624000-7fec9164e000 r-xp 00000000 08:08 2628996                    /home/hijj/software/javaAndroid/jdk/jdk8/jre/lib/amd64/libjava.so
7fec9164e000-7fec9184e000 ---p 0002a000 08:08 2628996                    /home/hijj/software/javaAndroid/jdk/jdk8/jre/lib/amd64/libjava.so
7fec9184e000-7fec91850000 rw-p 0002a000 08:08 2628996                    /home/hijj/software/javaAndroid/jdk/jdk8/jre/lib/amd64/libjava.so
7fec91850000-7fec9185d000 r-xp 00000000 08:08 2629000                    /home/hijj/software/javaAndroid/jdk/jdk8/jre/lib/amd64/libverify.so
7fec9185d000-7fec91a5d000 ---p 0000d000 08:08 2629000                    /home/hijj/software/javaAndroid/jdk/jdk8/jre/lib/amd64/libverify.so
7fec91a5d000-7fec91a5f000 rw-p 0000d000 08:08 2629000                    /home/hijj/software/javaAndroid/jdk/jdk8/jre/lib/amd64/libverify.so
7fec91a5f000-7fec91a66000 r-xp 00000000 08:08 5771594                    /lib/x86_64-linux-gnu/librt-2.21.so
7fec91a66000-7fec91c65000 ---p 00007000 08:08 5771594                    /lib/x86_64-linux-gnu/librt-2.21.so
7fec91c65000-7fec91c66000 r--p 00006000 08:08 5771594                    /lib/x86_64-linux-gnu/librt-2.21.so
7fec91c66000-7fec91c67000 rw-p 00007000 08:08 5771594                    /lib/x86_64-linux-gnu/librt-2.21.so
7fec91c67000-7fec91d6e000 r-xp 00000000 08:08 5771512                    /lib/x86_64-linux-gnu/libm-2.21.so
7fec91d6e000-7fec91f6d000 ---p 00107000 08:08 5771512                    /lib/x86_64-linux-gnu/libm-2.21.so
7fec91f6d000-7fec91f6e000 r--p 00106000 08:08 5771512                    /lib/x86_64-linux-gnu/libm-2.21.so
7fec91f6e000-7fec91f6f000 rw-p 00107000 08:08 5771512                    /lib/x86_64-linux-gnu/libm-2.21.so
7fec91f6f000-7fec92bd9000 r-xp 00000000 08:08 2628982                    /home/hijj/software/javaAndroid/jdk/jdk8/jre/lib/amd64/server/libjvm.so
7fec92bd9000-7fec92dd8000 ---p 00c6a000 08:08 2628982                    /home/hijj/software/javaAndroid/jdk/jdk8/jre/lib/amd64/server/libjvm.so
7fec92dd8000-7fec92eaf000 rw-p 00c69000 08:08 2628982                    /home/hijj/software/javaAndroid/jdk/jdk8/jre/lib/amd64/server/libjvm.so
7fec92eaf000-7fec92ef1000 rw-p 00000000 00:00 0 
7fec92ef1000-7fec930b1000 r-xp 00000000 08:08 5771453                    /lib/x86_64-linux-gnu/libc-2.21.so
7fec930b1000-7fec932b1000 ---p 001c0000 08:08 5771453                    /lib/x86_64-linux-gnu/libc-2.21.so
7fec932b1000-7fec932b5000 r--p 001c0000 08:08 5771453                    /lib/x86_64-linux-gnu/libc-2.21.so
7fec932b5000-7fec932b7000 rw-p 001c4000 08:08 5771453                    /lib/x86_64-linux-gnu/libc-2.21.so
7fec932b7000-7fec932bb000 rw-p 00000000 00:00 0 
7fec932bb000-7fec932be000 r-xp 00000000 08:08 5771470                    /lib/x86_64-linux-gnu/libdl-2.21.so
7fec932be000-7fec934bd000 ---p 00003000 08:08 5771470                    /lib/x86_64-linux-gnu/libdl-2.21.so
7fec934bd000-7fec934be000 r--p 00002000 08:08 5771470                    /lib/x86_64-linux-gnu/libdl-2.21.so
7fec934be000-7fec934bf000 rw-p 00003000 08:08 5771470                    /lib/x86_64-linux-gnu/libdl-2.21.so
7fec934bf000-7fec934d4000 r-xp 00000000 08:08 2628623                    /home/hijj/software/javaAndroid/jdk/jdk8/lib/amd64/jli/libjli.so
7fec934d4000-7fec936d3000 ---p 00015000 08:08 2628623                    /home/hijj/software/javaAndroid/jdk/jdk8/lib/amd64/jli/libjli.so
7fec936d3000-7fec936d4000 rw-p 00014000 08:08 2628623                    /home/hijj/software/javaAndroid/jdk/jdk8/lib/amd64/jli/libjli.so
7fec936d4000-7fec936ec000 r-xp 00000000 08:08 5771586                    /lib/x86_64-linux-gnu/libpthread-2.21.so
7fec936ec000-7fec938ec000 ---p 00018000 08:08 5771586                    /lib/x86_64-linux-gnu/libpthread-2.21.so
7fec938ec000-7fec938ed000 r--p 00018000 08:08 5771586                    /lib/x86_64-linux-gnu/libpthread-2.21.so
7fec938ed000-7fec938ee000 rw-p 00019000 08:08 5771586                    /lib/x86_64-linux-gnu/libpthread-2.21.so
7fec938ee000-7fec938f2000 rw-p 00000000 00:00 0 
7fec938f2000-7fec93916000 r-xp 00000000 08:08 5771425                    /lib/x86_64-linux-gnu/ld-2.21.so
7fec9391c000-7fec939f4000 rw-p 00000000 00:00 0 
7fec939f4000-7fec939f7000 ---p 00000000 00:00 0 
7fec939f7000-7fec93af9000 rw-p 00000000 00:00 0                          [stack:2987]
7fec93afc000-7fec93aff000 rw-p 00000000 00:00 0 
7fec93aff000-7fec93b09000 r--s 00116000 08:08 2628866                    /home/hijj/software/javaAndroid/jdk/jdk8/jre/lib/ext/localedata.jar
7fec93b09000-7fec93b11000 rw-s 00000000 08:08 5265839                    /tmp/hsperfdata_hijj/2981
7fec93b11000-7fec93b12000 rw-p 00000000 00:00 0 
7fec93b12000-7fec93b13000 r--p 00000000 00:00 0 
7fec93b13000-7fec93b15000 rw-p 00000000 00:00 0 
7fec93b15000-7fec93b16000 r--p 00023000 08:08 5771425                    /lib/x86_64-linux-gnu/ld-2.21.so
7fec93b16000-7fec93b17000 rw-p 00024000 08:08 5771425                    /lib/x86_64-linux-gnu/ld-2.21.so
7fec93b17000-7fec93b18000 rw-p 00000000 00:00 0 
7ffd26a70000-7ffd26a91000 rw-p 00000000 00:00 0                          [stack]
7ffd26b74000-7ffd26b76000 r--p 00000000 00:00 0                          [vvar]
7ffd26b76000-7ffd26b78000 r-xp 00000000 00:00 0                          [vdso]
ffffffffff600000-ffffffffff601000 r-xp 00000000 00:00 0                  [vsyscall]

VM Arguments:
jvm_args: -agentlib:jdwp=transport=dt_socket,suspend=y,address=localhost:44956 -Dfile.encoding=UTF-8 
java_command: learning.rzh1.rzh1
java_class_path (initial): /media/hijj/娱乐/github/repositories/ACM/Java/bin
Launcher Type: SUN_STANDARD

Environment Variables:
JAVA_HOME=/home/hijj/software/javaAndroid/jdk/jdk8
JRE_HOME=/home/hijj/software/javaAndroid/jdk/jdk8/jre
CLASSPATH=.:/home/hijj/software/javaAndroid/jdk/jdk8/lib:/home/hijj/software/javaAndroid/jdk/jdk8/jre/lib:.:$JAVA_HOME/lib:$JAVA_HOME/jre/lib
PATH=/home/hijj/software/javaAndroid/jdk/jdk8/bin:/home/hijj/software/javaAndroid/jdk/jdk8/jre/bin:/usr/local/sbin:/usr/local/bin:/usr/sbin:/usr/bin:/sbin:/bin:/usr/games:/usr/local/games:$JAVA_HOME/bin
SHELL=/bin/bash
DISPLAY=:0

Signal Handlers:
SIGSEGV: [libjvm.so+0xa77530], sa_mask[0]=11111111011111111101111111111110, sa_flags=SA_RESTART|SA_SIGINFO
SIGBUS: [libjvm.so+0xa77530], sa_mask[0]=11111111011111111101111111111110, sa_flags=SA_RESTART|SA_SIGINFO
SIGFPE: [libjvm.so+0x8e1d90], sa_mask[0]=11111111011111111101111111111110, sa_flags=SA_RESTART|SA_SIGINFO
SIGPIPE: [libjvm.so+0x8e1d90], sa_mask[0]=11111111011111111101111111111110, sa_flags=SA_RESTART|SA_SIGINFO
SIGXFSZ: [libjvm.so+0x8e1d90], sa_mask[0]=11111111011111111101111111111110, sa_flags=SA_RESTART|SA_SIGINFO
SIGILL: [libjvm.so+0x8e1d90], sa_mask[0]=11111111011111111101111111111110, sa_flags=SA_RESTART|SA_SIGINFO
SIGUSR1: SIG_DFL, sa_mask[0]=00000000000000000000000000000000, sa_flags=none
SIGUSR2: [libjvm.so+0x8e35c0], sa_mask[0]=00100000000000000000000000000000, sa_flags=SA_RESTART|SA_SIGINFO
SIGHUP: [libjvm.so+0x8e4980], sa_mask[0]=11111111011111111101111111111110, sa_flags=SA_RESTART|SA_SIGINFO
SIGINT: [libjvm.so+0x8e4980], sa_mask[0]=11111111011111111101111111111110, sa_flags=SA_RESTART|SA_SIGINFO
SIGTERM: [libjvm.so+0x8e4980], sa_mask[0]=11111111011111111101111111111110, sa_flags=SA_RESTART|SA_SIGINFO
SIGQUIT: [libjvm.so+0x8e4980], sa_mask[0]=11111111011111111101111111111110, sa_flags=SA_RESTART|SA_SIGINFO


---------------  S Y S T E M  ---------------

OS:DISTRIB_ID=Ubuntu
DISTRIB_RELEASE=15.04
DISTRIB_CODENAME=vivid
DISTRIB_DESCRIPTION="Ubuntu 15.04"

uname:Linux 3.19.0-32-generic #37-Ubuntu SMP Wed Oct 21 10:23:06 UTC 2015 x86_64
libc:glibc 2.21 NPTL 2.21 
rlimit: STACK 8192k, CORE 0k, NPROC 15002, NOFILE 65536, AS infinity
load average:0.13 0.17 0.25

/proc/meminfo:
MemTotal:        3863036 kB
MemFree:          447320 kB
MemAvailable:    1089052 kB
Buffers:          112524 kB
Cached:          1037516 kB
SwapCached:            0 kB
Active:          2367472 kB
Inactive:         818080 kB
Active(anon):    2038972 kB
Inactive(anon):   365372 kB
Active(file):     328500 kB
Inactive(file):   452708 kB
Unevictable:          48 kB
Mlocked:              48 kB
SwapTotal:       4005884 kB
SwapFree:        4005884 kB
Dirty:              1028 kB
Writeback:             0 kB
AnonPages:       2035568 kB
Mapped:           338064 kB
Shmem:            368836 kB
Slab:              99764 kB
SReclaimable:      58932 kB
SUnreclaim:        40832 kB
KernelStack:       27040 kB
PageTables:        45524 kB
NFS_Unstable:          0 kB
Bounce:                0 kB
WritebackTmp:          0 kB
CommitLimit:     5937400 kB
Committed_AS:   11916288 kB
VmallocTotal:   34359738367 kB
VmallocUsed:      378056 kB
VmallocChunk:   34359349592 kB
HardwareCorrupted:     0 kB
AnonHugePages:    960512 kB
CmaTotal:              0 kB
CmaFree:               0 kB
HugePages_Total:       0
HugePages_Free:        0
HugePages_Rsvd:        0
HugePages_Surp:        0
Hugepagesize:       2048 kB
DirectMap4k:      142076 kB
DirectMap2M:     3866624 kB


CPU:total 4 (2 cores per cpu, 2 threads per core) family 6 model 58 stepping 9, cmov, cx8, fxsr, mmx, sse, sse2, sse3, ssse3, sse4.1, sse4.2, popcnt, avx, aes, clmul, erms, ht, tsc, tscinvbit, tscinv

/proc/cpuinfo:
processor	: 0
vendor_id	: GenuineIntel
cpu family	: 6
model		: 58
model name	: Intel(R) Core(TM) i5-3230M CPU @ 2.60GHz
stepping	: 9
microcode	: 0x17
cpu MHz		: 3000.359
cache size	: 3072 KB
physical id	: 0
siblings	: 4
core id		: 0
cpu cores	: 2
apicid		: 0
initial apicid	: 0
fpu		: yes
fpu_exception	: yes
cpuid level	: 13
wp		: yes
flags		: fpu vme de pse tsc msr pae mce cx8 apic sep mtrr pge mca cmov pat pse36 clflush dts acpi mmx fxsr sse sse2 ss ht tm pbe syscall nx rdtscp lm constant_tsc arch_perfmon pebs bts rep_good nopl xtopology nonstop_tsc aperfmperf eagerfpu pni pclmulqdq dtes64 monitor ds_cpl vmx est tm2 ssse3 cx16 xtpr pdcm pcid sse4_1 sse4_2 x2apic popcnt tsc_deadline_timer aes xsave avx f16c rdrand lahf_lm ida arat epb pln pts dtherm tpr_shadow vnmi flexpriority ept vpid fsgsbase smep erms xsaveopt
bugs		:
bogomips	: 5188.01
clflush size	: 64
cache_alignment	: 64
address sizes	: 36 bits physical, 48 bits virtual
power management:

processor	: 1
vendor_id	: GenuineIntel
cpu family	: 6
model		: 58
model name	: Intel(R) Core(TM) i5-3230M CPU @ 2.60GHz
stepping	: 9
microcode	: 0x17
cpu MHz		: 2999.953
cache size	: 3072 KB
physical id	: 0
siblings	: 4
core id		: 0
cpu cores	: 2
apicid		: 1
initial apicid	: 1
fpu		: yes
fpu_exception	: yes
cpuid level	: 13
wp		: yes
flags		: fpu vme de pse tsc msr pae mce cx8 apic sep mtrr pge mca cmov pat pse36 clflush dts acpi mmx fxsr sse sse2 ss ht tm pbe syscall nx rdtscp lm constant_tsc arch_perfmon pebs bts rep_good nopl xtopology nonstop_tsc aperfmperf eagerfpu pni pclmulqdq dtes64 monitor ds_cpl vmx est tm2 ssse3 cx16 xtpr pdcm pcid sse4_1 sse4_2 x2apic popcnt tsc_deadline_timer aes xsave avx f16c rdrand lahf_lm ida arat epb pln pts dtherm tpr_shadow vnmi flexpriority ept vpid fsgsbase smep erms xsaveopt
bugs		:
bogomips	: 5188.01
clflush size	: 64
cache_alignment	: 64
address sizes	: 36 bits physical, 48 bits virtual
power management:

processor	: 2
vendor_id	: GenuineIntel
cpu family	: 6
model		: 58
model name	: Intel(R) Core(TM) i5-3230M CPU @ 2.60GHz
stepping	: 9
microcode	: 0x17
cpu MHz		: 2999.953
cache size	: 3072 KB
physical id	: 0
siblings	: 4
core id		: 1
cpu cores	: 2
apicid		: 2
initial apicid	: 2
fpu		: yes
fpu_exception	: yes
cpuid level	: 13
wp		: yes
flags		: fpu vme de pse tsc msr pae mce cx8 apic sep mtrr pge mca cmov pat pse36 clflush dts acpi mmx fxsr sse sse2 ss ht tm pbe syscall nx rdtscp lm constant_tsc arch_perfmon pebs bts rep_good nopl xtopology nonstop_tsc aperfmperf eagerfpu pni pclmulqdq dtes64 monitor ds_cpl vmx est tm2 ssse3 cx16 xtpr pdcm pcid sse4_1 sse4_2 x2apic popcnt tsc_deadline_timer aes xsave avx f16c rdrand lahf_lm ida arat epb pln pts dtherm tpr_shadow vnmi flexpriority ept vpid fsgsbase smep erms xsaveopt
bugs		:
bogomips	: 5188.01
clflush size	: 64
cache_alignment	: 64
address sizes	: 36 bits physical, 48 bits virtual
power management:

processor	: 3
vendor_id	: GenuineIntel
cpu family	: 6
model		: 58
model name	: Intel(R) Core(TM) i5-3230M CPU @ 2.60GHz
stepping	: 9
microcode	: 0x17
cpu MHz		: 2999.953
cache size	: 3072 KB
physical id	: 0
siblings	: 4
core id		: 1
cpu cores	: 2
apicid		: 3
initial apicid	: 3
fpu		: yes
fpu_exception	: yes
cpuid level	: 13
wp		: yes
flags		: fpu vme de pse tsc msr pae mce cx8 apic sep mtrr pge mca cmov pat pse36 clflush dts acpi mmx fxsr sse sse2 ss ht tm pbe syscall nx rdtscp lm constant_tsc arch_perfmon pebs bts rep_good nopl xtopology nonstop_tsc aperfmperf eagerfpu pni pclmulqdq dtes64 monitor ds_cpl vmx est tm2 ssse3 cx16 xtpr pdcm pcid sse4_1 sse4_2 x2apic popcnt tsc_deadline_timer aes xsave avx f16c rdrand lahf_lm ida arat epb pln pts dtherm tpr_shadow vnmi flexpriority ept vpid fsgsbase smep erms xsaveopt
bugs		:
bogomips	: 5188.01
clflush size	: 64
cache_alignment	: 64
address sizes	: 36 bits physical, 48 bits virtual
power management:



Memory: 4k page, physical 3863036k(446728k free), swap 4005884k(4005884k free)

vm_info: Java HotSpot(TM) 64-Bit Server VM (25.20-b23) for linux-amd64 JRE (1.8.0_20-b26), built on Jul 30 2014 13:13:52 by "java_re" with gcc 4.3.0 20080428 (Red Hat 4.3.0-8)

time: Mon Nov  9 17:44:33 2015
elapsed time: 815 seconds (0d 0h 13m 35s)

