#
# A fatal error has been detected by the Java Runtime Environment:
#
#  SIGSEGV (0xb) at pc=0x00007f09dc000078, pid=11616, tid=139680922179328
#
# JRE version: Java(TM) SE Runtime Environment (8.0_20-b26) (build 1.8.0_20-b26)
# Java VM: Java HotSpot(TM) 64-Bit Server VM (25.20-b23 mixed mode linux-amd64 compressed oops)
# Problematic frame:
# C  0x00007f09dc000078
#
# Failed to write core dump. Core dumps have been disabled. To enable core dumping, try "ulimit -c unlimited" before starting Java again
#
# If you would like to submit a bug report, please visit:
#   http://bugreport.sun.com/bugreport/crash.jsp
#

---------------  T H R E A D  ---------------

Current thread (0x00007f0a180ba000):  JavaThread "JDWP Transport Listener: dt_socket" daemon [_thread_in_vm, id=11633, stack(0x00007f09ffaf9000,0x00007f09ffbfa000)]

siginfo: si_signo: 11 (SIGSEGV), si_code: 2 (SEGV_ACCERR), si_addr: 0x00007f09dc000078

Registers:
RAX=0x00007f09dc00ca60, RBX=0x00007f09dc000088, RCX=0x00007f0a1ef86340, RDX=0x00007f0a1e55ffe0
RSP=0x00007f09ffbf8a48, RBP=0x00007f09ffbf8a60, RSI=0x00007f0a180ba000, RDI=0x00007f09dc000088
R8 =0x00007f09dc007c20, R9 =0x0000000000000000, R10=0x0000000000000020, R11=0x00007f0a1e721230
R12=0x0000000000000017, R13=0x00007f09dc000098, R14=0x00007f0a180ba000, R15=0x00007f09ffbf8b67
RIP=0x00007f09dc000078, EFLAGS=0x0000000000010202, CSGSFS=0x0000000000000033, ERR=0x0000000000000015
  TRAPNO=0x000000000000000e

Top of Stack: (sp=0x00007f09ffbf8a48)
0x00007f09ffbf8a48:   00007f0a1de7b1a7 0000000000000074
0x00007f09ffbf8a58:   00007f0a180036a0 00007f09ffbf8ad0
0x00007f09ffbf8a68:   00007f0a1dd1078e 00007f09dc007c20
0x00007f09ffbf8a78:   00007f09ffbf8a80 00007f0a180ba000
0x00007f09ffbf8a88:   0000000000000000 00007f0900000000
0x00007f09ffbf8a98:   0000000000000000 00007f09ffbf8ac0
0x00007f09ffbf8aa8:   00007f0a1ccbcd60 00007f09dc000098
0x00007f09ffbf8ab8:   00007f09ffbf8b67 0000000000000007
0x00007f09ffbf8ac8:   00007f09ffbf8b67 00007f09ffbf8b00
0x00007f09ffbf8ad8:   00007f0a1caa8872 00007f09ffbf8b00
0x00007f09ffbf8ae8:   00007f09dc000098 00007f09ffbf8bd0
0x00007f09ffbf8af8:   0000000000000038 00007f09ffbf8b90
0x00007f09ffbf8b08:   00007f0a1ca89a60 00007f09ffbf8b48
0x00007f09ffbf8b18:   00007f09ffbf8b40 00007f09ffbf8b38
0x00007f09ffbf8b28:   00007f09ffbf8b5c 00000001dc002ed0
0x00007f09ffbf8b38:   0000000000000000 0000000000000000
0x00007f09ffbf8b48:   0000000000000000 00007f09dc0056e0
0x00007f09ffbf8b58:   0000000affbf8bd0 0000000000000008
0x00007f09ffbf8b68:   0000000000000002 000000000000000f
0x00007f09ffbf8b78:   0000000000000002 00000000000f0200
0x00007f09ffbf8b88:   000000000000000f 00007f09ffbf8de0
0x00007f09ffbf8b98:   00007f0a1ca94976 0001d80300000013
0x00007f09ffbf8ba8:   00007f0a1d0f0200 00007f09d4000fb0
0x00007f09ffbf8bb8:   00007f0a1dee880a 00007f09ffbf8bd0
0x00007f09ffbf8bc8:   00007f09ffbf8d60 00007f09dc00c811
0x00007f09ffbf8bd8:   00007f0a00000237 00007f09dc00ca50
0x00007f09ffbf8be8:   00007f0a0000012c 00007f09ffbf8c20
0x00007f09ffbf8bf8:   00007f09dc00ca50 0000000000000000
0x00007f09ffbf8c08:   0001d8030000001c 00007f0a0000a080
0x00007f09ffbf8c18:   00007f09ffbf8c20 097f000008000000
0x00007f09ffbf8c28:   06000000985e00dc 00003e74696e693c
0x00007f09ffbf8c38:   0000005629280300 7f00000100000000 

Instructions: (pc=0x00007f09dc000078)
0x00007f09dc000058:   00 00 00 00 00 00 00 00 00 00 00 00 00 00 00 00
0x00007f09dc000068:   00 00 00 00 00 00 00 00 00 00 00 00 00 00 00 00
0x00007f09dc000078:   a0 d7 00 dc 09 7f 00 00 60 ca 00 dc 09 7f 00 00
0x00007f09dc000088:   60 ca 00 dc 09 7f 00 00 60 ca 00 dc 09 7f 00 00 

Register to memory mapping:

RAX=0x00007f09dc00ca60 is an unknown value
RBX=0x00007f09dc000088 is an unknown value
RCX=0x00007f0a1ef86340: <offset 0x219340> in /lib/x86_64-linux-gnu/libpthread.so.0 at 0x00007f0a1ed6d000
RDX=0x00007f0a1e55ffe0: <offset 0xf57fe0> in /home/hijj/software/javaAndroid/jdk/jdk8/jre/lib/amd64/server/libjvm.so at 0x00007f0a1d608000
RSP=0x00007f09ffbf8a48 is pointing into the stack for thread: 0x00007f0a180ba000
RBP=0x00007f09ffbf8a60 is pointing into the stack for thread: 0x00007f0a180ba000
RSI=0x00007f0a180ba000 is a thread
RDI=0x00007f09dc000088 is an unknown value
R8 =0x00007f09dc007c20 is an unknown value
R9 =0x0000000000000000 is an unknown value
R10=0x0000000000000020 is an unknown value
R11=0x00007f0a1e721230: <offset 0x197230> in /lib/x86_64-linux-gnu/libc.so.6 at 0x00007f0a1e58a000
R12=0x0000000000000017 is an unknown value
R13=0x00007f09dc000098 is an unknown value
R14=0x00007f0a180ba000 is a thread
R15=0x00007f09ffbf8b67 is pointing into the stack for thread: 0x00007f0a180ba000


Stack: [0x00007f09ffaf9000,0x00007f09ffbfa000],  sp=0x00007f09ffbf8a48,  free space=1022k
Native frames: (J=compiled Java code, j=interpreted, Vv=VM code, C=native code)
C  0x00007f09dc000078
V  [libjvm.so+0x70878e]  jvmti_IsMethodSynthetic+0x29e
C  [libjdwp.so+0x25872]  isMethodSynthetic+0x42
C  [libjdwp.so+0x6a60]  methods1+0x1b0
C  [libjdwp.so+0x11976]  debugLoop_run+0x2b6
C  [libjdwp.so+0x247af]  attachThread+0x2f
V  [libjvm.so+0x7744f2]  JvmtiAgentThread::call_start_function()+0xc2
V  [libjvm.so+0xa2990f]  JavaThread::thread_main_inner()+0xdf
V  [libjvm.so+0xa29a3c]  JavaThread::run()+0x11c
V  [libjvm.so+0x8e75f8]  java_start(Thread*)+0x108
C  [libpthread.so.0+0x76aa]  start_thread+0xca


---------------  P R O C E S S  ---------------

Java Threads: ( => current thread )
  0x00007f0a180d2000 JavaThread "Service Thread" daemon [_thread_blocked, id=11644, stack(0x00007f09ff4f3000,0x00007f09ff5f4000)]
  0x00007f0a180c5000 JavaThread "C1 CompilerThread2" daemon [_thread_blocked, id=11643, stack(0x00007f09ff5f4000,0x00007f09ff6f5000)]
  0x00007f0a180c3000 JavaThread "C2 CompilerThread1" daemon [_thread_blocked, id=11642, stack(0x00007f09ff6f5000,0x00007f09ff7f6000)]
  0x00007f0a180c0000 JavaThread "C2 CompilerThread0" daemon [_thread_blocked, id=11641, stack(0x00007f09ff7f6000,0x00007f09ff8f7000)]
  0x00007f09dc001000 JavaThread "JDWP Command Reader" daemon [_thread_in_native, id=11637, stack(0x00007f09ff8f7000,0x00007f09ff9f8000)]
  0x00007f0a180bd800 JavaThread "JDWP Event Helper Thread" daemon [_thread_blocked, id=11636, stack(0x00007f09ff9f8000,0x00007f09ffaf9000)]
=>0x00007f0a180ba000 JavaThread "JDWP Transport Listener: dt_socket" daemon [_thread_in_vm, id=11633, stack(0x00007f09ffaf9000,0x00007f09ffbfa000)]
  0x00007f0a180ad000 JavaThread "Signal Dispatcher" daemon [_thread_blocked, id=11631, stack(0x00007f09ffdfe000,0x00007f09ffeff000)]
  0x00007f0a1807f000 JavaThread "Finalizer" daemon [_thread_blocked, id=11630, stack(0x00007f09ffeff000,0x00007f0a00000000)]
  0x00007f0a1807d000 JavaThread "Reference Handler" daemon [_thread_blocked, id=11629, stack(0x00007f0a040f4000,0x00007f0a041f5000)]
  0x00007f0a1800c000 JavaThread "main" [_thread_blocked, id=11618, stack(0x00007f0a1f08d000,0x00007f0a1f18e000)]

Other Threads:
  0x00007f0a18075800 VMThread [stack: 0x00007f0a041f5000,0x00007f0a042f6000] [id=11628]
  0x00007f0a180d5000 WatcherThread [stack: 0x00007f09ff3f2000,0x00007f09ff4f3000] [id=11645]

VM state:not at safepoint (normal execution)

VM Mutex/Monitor currently owned by a thread: None

Heap:
 PSYoungGen      total 17920K, used 2153K [0x00000000ec580000, 0x00000000ed980000, 0x0000000100000000)
  eden space 15360K, 14% used [0x00000000ec580000,0x00000000ec79a6d0,0x00000000ed480000)
  from space 2560K, 0% used [0x00000000ed700000,0x00000000ed700000,0x00000000ed980000)
  to   space 2560K, 0% used [0x00000000ed480000,0x00000000ed480000,0x00000000ed700000)
 ParOldGen       total 40960K, used 0K [0x00000000c5000000, 0x00000000c7800000, 0x00000000ec580000)
  object space 40960K, 0% used [0x00000000c5000000,0x00000000c5000000,0x00000000c7800000)
 Metaspace       used 4055K, capacity 5162K, committed 5376K, reserved 1056768K
  class space    used 419K, capacity 466K, committed 512K, reserved 1048576K

Card table byte_map: [0x00007f0a08010000,0x00007f0a081e9000] byte_map_base: 0x00007f0a079e8000

Marking Bits: (ParMarkBitMap*) 0x00007f0a1e55fac0
 Begin Bits: [0x00007f0a05e8c000, 0x00007f0a06d4c000)
 End Bits:   [0x00007f0a06d4c000, 0x00007f0a07c0c000)

Polling page: 0x00007f0a1f1ab000

CodeCache: size=245760Kb used=1202Kb max_used=1202Kb free=244557Kb
 bounds [0x00007f0a085a9000, 0x00007f0a08819000, 0x00007f0a175a9000]
 total_blobs=312 nmethods=75 adapters=160
 compilation: enabled

Compilation events (10 events):
Event: 0.257 Thread 0x00007f0a180c5000   71       3       java.lang.Character::isBmpCodePoint (13 bytes)
Event: 0.257 Thread 0x00007f0a180c5000 nmethod 71 0x00007f0a086d4a50 code [0x00007f0a086d4bc0, 0x00007f0a086d4d50]
Event: 0.257 Thread 0x00007f0a180c5000   72       3       java.util.regex.Pattern::next (33 bytes)
Event: 0.257 Thread 0x00007f0a180c5000 nmethod 72 0x00007f0a086d4dd0 code [0x00007f0a086d4f60, 0x00007f0a086d5228]
Event: 0.257 Thread 0x00007f0a180c5000   73       1       java.util.regex.Pattern::flags (5 bytes)
Event: 0.258 Thread 0x00007f0a180c5000 nmethod 73 0x00007f0a086d5350 code [0x00007f0a086d54a0, 0x00007f0a086d55b0]
Event: 5.976 Thread 0x00007f0a180c5000   74       1       java.nio.Buffer::position (5 bytes)
Event: 5.976 Thread 0x00007f0a180c5000 nmethod 74 0x00007f0a086d5610 code [0x00007f0a086d5760, 0x00007f0a086d5870]
Event: 5.976 Thread 0x00007f0a180c5000   75       3       java.util.concurrent.ConcurrentHashMap$Node::<init> (26 bytes)
Event: 5.977 Thread 0x00007f0a180c5000 nmethod 75 0x00007f0a086d58d0 code [0x00007f0a086d5a40, 0x00007f0a086d5c30]

GC Heap History (0 events):
No events

Deoptimization events (0 events):
No events

Internal exceptions (10 events):
Event: 0.241 Thread 0x00007f0a1800c000 Exception <a 'java/security/PrivilegedActionException'> (0x00000000ec72d6b0) thrown at [/HUDSON/workspace/8-2-build-linux-amd64/jdk8u20/1074/hotspot/src/share/vm/prims/jvm.cpp, line 1275]
Event: 0.243 Thread 0x00007f0a1800c000 Exception <a 'java/security/PrivilegedActionException'> (0x00000000ec7300d0) thrown at [/HUDSON/workspace/8-2-build-linux-amd64/jdk8u20/1074/hotspot/src/share/vm/prims/jvm.cpp, line 1275]
Event: 0.243 Thread 0x00007f0a1800c000 Exception <a 'java/security/PrivilegedActionException'> (0x00000000ec731470) thrown at [/HUDSON/workspace/8-2-build-linux-amd64/jdk8u20/1074/hotspot/src/share/vm/prims/jvm.cpp, line 1275]
Event: 0.249 Thread 0x00007f0a1800c000 Exception <a 'java/security/PrivilegedActionException'> (0x00000000ec745210) thrown at [/HUDSON/workspace/8-2-build-linux-amd64/jdk8u20/1074/hotspot/src/share/vm/prims/jvm.cpp, line 1275]
Event: 0.249 Thread 0x00007f0a1800c000 Exception <a 'java/security/PrivilegedActionException'> (0x00000000ec7466a8) thrown at [/HUDSON/workspace/8-2-build-linux-amd64/jdk8u20/1074/hotspot/src/share/vm/prims/jvm.cpp, line 1275]
Event: 0.251 Thread 0x00007f0a1800c000 Exception <a 'java/security/PrivilegedActionException'> (0x00000000ec753b90) thrown at [/HUDSON/workspace/8-2-build-linux-amd64/jdk8u20/1074/hotspot/src/share/vm/prims/jvm.cpp, line 1275]
Event: 0.251 Thread 0x00007f0a1800c000 Exception <a 'java/security/PrivilegedActionException'> (0x00000000ec755250) thrown at [/HUDSON/workspace/8-2-build-linux-amd64/jdk8u20/1074/hotspot/src/share/vm/prims/jvm.cpp, line 1275]
Event: 0.252 Thread 0x00007f0a1800c000 Exception <a 'java/security/PrivilegedActionException'> (0x00000000ec7578f0) thrown at [/HUDSON/workspace/8-2-build-linux-amd64/jdk8u20/1074/hotspot/src/share/vm/prims/jvm.cpp, line 1275]
Event: 0.252 Thread 0x00007f0a1800c000 Exception <a 'java/security/PrivilegedActionException'> (0x00000000ec758fd0) thrown at [/HUDSON/workspace/8-2-build-linux-amd64/jdk8u20/1074/hotspot/src/share/vm/prims/jvm.cpp, line 1275]
Event: 5.977 Thread 0x00007f0a1800c000 Exception <a 'java/security/PrivilegedActionException'> (0x00000000ec771fe8) thrown at [/HUDSON/workspace/8-2-build-linux-amd64/jdk8u20/1074/hotspot/src/share/vm/prims/jvm.cpp, line 1275]

Events (10 events):
Event: 2105.628 Executing VM operation: ChangeBreakpoints
Event: 2105.628 Executing VM operation: ChangeBreakpoints done
Event: 2105.632 Executing VM operation: ChangeBreakpoints
Event: 2105.632 Executing VM operation: ChangeBreakpoints done
Event: 2105.643 Executing VM operation: ChangeBreakpoints
Event: 2105.644 Executing VM operation: ChangeBreakpoints done
Event: 2105.644 Executing VM operation: ChangeBreakpoints
Event: 2105.644 Executing VM operation: ChangeBreakpoints done
Event: 2905.047 Executing VM operation: RedefineClasses
Event: 2905.048 Executing VM operation: RedefineClasses done


Dynamic libraries:
00400000-00401000 r-xp 00000000 08:08 2622385                            /home/hijj/software/javaAndroid/jdk/jdk8/bin/java
00600000-00601000 rw-p 00000000 08:08 2622385                            /home/hijj/software/javaAndroid/jdk/jdk8/bin/java
02098000-020b9000 rw-p 00000000 00:00 0                                  [heap]
c5000000-c7800000 rw-p 00000000 00:00 0 
c7800000-ec580000 ---p 00000000 00:00 0 
ec580000-ed980000 rw-p 00000000 00:00 0 
ed980000-100000000 ---p 00000000 00:00 0 
100000000-100080000 rw-p 00000000 00:00 0 
100080000-140000000 ---p 00000000 00:00 0 
7f09b8000000-7f09b8021000 rw-p 00000000 00:00 0 
7f09b8021000-7f09bc000000 ---p 00000000 00:00 0 
7f09c0000000-7f09c007b000 rw-p 00000000 00:00 0 
7f09c007b000-7f09c4000000 ---p 00000000 00:00 0 
7f09c4000000-7f09c4021000 rw-p 00000000 00:00 0 
7f09c4021000-7f09c8000000 ---p 00000000 00:00 0 
7f09c8000000-7f09c8066000 rw-p 00000000 00:00 0 
7f09c8066000-7f09cc000000 ---p 00000000 00:00 0 
7f09cc000000-7f09cc021000 rw-p 00000000 00:00 0 
7f09cc021000-7f09d0000000 ---p 00000000 00:00 0 
7f09d0000000-7f09d0021000 rw-p 00000000 00:00 0 
7f09d0021000-7f09d4000000 ---p 00000000 00:00 0 
7f09d4000000-7f09d4021000 rw-p 00000000 00:00 0 
7f09d4021000-7f09d8000000 ---p 00000000 00:00 0 
7f09d8000000-7f09d8021000 rw-p 00000000 00:00 0 
7f09d8021000-7f09dc000000 ---p 00000000 00:00 0 
7f09dc000000-7f09dc026000 rw-p 00000000 00:00 0 
7f09dc026000-7f09e0000000 ---p 00000000 00:00 0 
7f09e0000000-7f09e0021000 rw-p 00000000 00:00 0 
7f09e0021000-7f09e4000000 ---p 00000000 00:00 0 
7f09e4000000-7f09e4021000 rw-p 00000000 00:00 0 
7f09e4021000-7f09e8000000 ---p 00000000 00:00 0 
7f09e8000000-7f09e8021000 rw-p 00000000 00:00 0 
7f09e8021000-7f09ec000000 ---p 00000000 00:00 0 
7f09ec000000-7f09ec021000 rw-p 00000000 00:00 0 
7f09ec021000-7f09f0000000 ---p 00000000 00:00 0 
7f09f0000000-7f09f0021000 rw-p 00000000 00:00 0 
7f09f0021000-7f09f4000000 ---p 00000000 00:00 0 
7f09f8000000-7f09f8021000 rw-p 00000000 00:00 0 
7f09f8021000-7f09fc000000 ---p 00000000 00:00 0 
7f09ff17d000-7f09ff3f2000 rw-p 00000000 00:00 0 
7f09ff3f2000-7f09ff3f3000 ---p 00000000 00:00 0 
7f09ff3f3000-7f09ff4f3000 rw-p 00000000 00:00 0                          [stack:11645]
7f09ff4f3000-7f09ff4f6000 ---p 00000000 00:00 0 
7f09ff4f6000-7f09ff5f4000 rw-p 00000000 00:00 0                          [stack:11644]
7f09ff5f4000-7f09ff5f7000 ---p 00000000 00:00 0 
7f09ff5f7000-7f09ff6f5000 rw-p 00000000 00:00 0                          [stack:11643]
7f09ff6f5000-7f09ff6f8000 ---p 00000000 00:00 0 
7f09ff6f8000-7f09ff7f6000 rw-p 00000000 00:00 0                          [stack:11642]
7f09ff7f6000-7f09ff7f9000 ---p 00000000 00:00 0 
7f09ff7f9000-7f09ff8f7000 rw-p 00000000 00:00 0                          [stack:11641]
7f09ff8f7000-7f09ff8fa000 ---p 00000000 00:00 0 
7f09ff8fa000-7f09ff9f8000 rw-p 00000000 00:00 0                          [stack:11637]
7f09ff9f8000-7f09ff9fb000 ---p 00000000 00:00 0 
7f09ff9fb000-7f09ffaf9000 rw-p 00000000 00:00 0                          [stack:11636]
7f09ffaf9000-7f09ffafc000 ---p 00000000 00:00 0 
7f09ffafc000-7f09ffbfa000 rw-p 00000000 00:00 0                          [stack:11633]
7f09ffbfa000-7f09ffbfe000 r-xp 00000000 08:08 2628974                    /home/hijj/software/javaAndroid/jdk/jdk8/jre/lib/amd64/libdt_socket.so
7f09ffbfe000-7f09ffdfd000 ---p 00004000 08:08 2628974                    /home/hijj/software/javaAndroid/jdk/jdk8/jre/lib/amd64/libdt_socket.so
7f09ffdfd000-7f09ffdfe000 rw-p 00003000 08:08 2628974                    /home/hijj/software/javaAndroid/jdk/jdk8/jre/lib/amd64/libdt_socket.so
7f09ffdfe000-7f09ffe01000 ---p 00000000 00:00 0 
7f09ffe01000-7f09ffeff000 rw-p 00000000 00:00 0                          [stack:11631]
7f09ffeff000-7f09fff02000 ---p 00000000 00:00 0 
7f09fff02000-7f0a00000000 rw-p 00000000 00:00 0                          [stack:11630]
7f0a00000000-7f0a00021000 rw-p 00000000 00:00 0 
7f0a00021000-7f0a04000000 ---p 00000000 00:00 0 
7f0a040d8000-7f0a040f4000 r--s 00393000 08:08 2628860                    /home/hijj/software/javaAndroid/jdk/jdk8/jre/lib/ext/cldrdata.jar
7f0a040f4000-7f0a040f7000 ---p 00000000 00:00 0 
7f0a040f7000-7f0a041f5000 rw-p 00000000 00:00 0                          [stack:11629]
7f0a041f5000-7f0a041f6000 ---p 00000000 00:00 0 
7f0a041f6000-7f0a05268000 rw-p 00000000 00:00 0                          [stack:11628]
7f0a05268000-7f0a0543e000 r--s 03ca8000 08:08 2628807                    /home/hijj/software/javaAndroid/jdk/jdk8/jre/lib/rt.jar
7f0a0543e000-7f0a05974000 rw-p 00000000 00:00 0 
7f0a05974000-7f0a05cb4000 ---p 00000000 00:00 0 
7f0a05cb4000-7f0a07c0c000 rw-p 00000000 00:00 0 
7f0a07c0c000-7f0a07c0d000 ---p 00000000 00:00 0 
7f0a07c0d000-7f0a07d0d000 rw-p 00000000 00:00 0                          [stack:11626]
7f0a07d0d000-7f0a07d0e000 ---p 00000000 00:00 0 
7f0a07d0e000-7f0a07e0e000 rw-p 00000000 00:00 0                          [stack:11625]
7f0a07e0e000-7f0a07e0f000 ---p 00000000 00:00 0 
7f0a07e0f000-7f0a07f0f000 rw-p 00000000 00:00 0                          [stack:11624]
7f0a07f0f000-7f0a07f10000 ---p 00000000 00:00 0 
7f0a07f10000-7f0a08024000 rw-p 00000000 00:00 0                          [stack:11623]
7f0a08024000-7f0a0814a000 ---p 00000000 00:00 0 
7f0a0814a000-7f0a08155000 rw-p 00000000 00:00 0 
7f0a08155000-7f0a081e8000 ---p 00000000 00:00 0 
7f0a081e8000-7f0a081f3000 rw-p 00000000 00:00 0 
7f0a081f3000-7f0a085a9000 ---p 00000000 00:00 0 
7f0a085a9000-7f0a08819000 rwxp 00000000 00:00 0 
7f0a08819000-7f0a175a9000 ---p 00000000 00:00 0 
7f0a175a9000-7f0a175c3000 r-xp 00000000 08:08 2629001                    /home/hijj/software/javaAndroid/jdk/jdk8/jre/lib/amd64/libzip.so
7f0a175c3000-7f0a177c3000 ---p 0001a000 08:08 2629001                    /home/hijj/software/javaAndroid/jdk/jdk8/jre/lib/amd64/libzip.so
7f0a177c3000-7f0a177c4000 rw-p 0001a000 08:08 2629001                    /home/hijj/software/javaAndroid/jdk/jdk8/jre/lib/amd64/libzip.so
7f0a177c4000-7f0a177d0000 r-xp 00000000 08:08 5771539                    /lib/x86_64-linux-gnu/libnss_files-2.21.so
7f0a177d0000-7f0a179cf000 ---p 0000c000 08:08 5771539                    /lib/x86_64-linux-gnu/libnss_files-2.21.so
7f0a179cf000-7f0a179d0000 r--p 0000b000 08:08 5771539                    /lib/x86_64-linux-gnu/libnss_files-2.21.so
7f0a179d0000-7f0a179d1000 rw-p 0000c000 08:08 5771539                    /lib/x86_64-linux-gnu/libnss_files-2.21.so
7f0a179d1000-7f0a179dc000 r-xp 00000000 08:08 5771549                    /lib/x86_64-linux-gnu/libnss_nis-2.21.so
7f0a179dc000-7f0a17bdb000 ---p 0000b000 08:08 5771549                    /lib/x86_64-linux-gnu/libnss_nis-2.21.so
7f0a17bdb000-7f0a17bdc000 r--p 0000a000 08:08 5771549                    /lib/x86_64-linux-gnu/libnss_nis-2.21.so
7f0a17bdc000-7f0a17bdd000 rw-p 0000b000 08:08 5771549                    /lib/x86_64-linux-gnu/libnss_nis-2.21.so
7f0a17bdd000-7f0a17bf4000 r-xp 00000000 08:08 5771533                    /lib/x86_64-linux-gnu/libnsl-2.21.so
7f0a17bf4000-7f0a17df3000 ---p 00017000 08:08 5771533                    /lib/x86_64-linux-gnu/libnsl-2.21.so
7f0a17df3000-7f0a17df4000 r--p 00016000 08:08 5771533                    /lib/x86_64-linux-gnu/libnsl-2.21.so
7f0a17df4000-7f0a17df5000 rw-p 00017000 08:08 5771533                    /lib/x86_64-linux-gnu/libnsl-2.21.so
7f0a17df5000-7f0a17df7000 rw-p 00000000 00:00 0 
7f0a17df7000-7f0a17dff000 r-xp 00000000 08:08 5771535                    /lib/x86_64-linux-gnu/libnss_compat-2.21.so
7f0a17dff000-7f0a17ffe000 ---p 00008000 08:08 5771535                    /lib/x86_64-linux-gnu/libnss_compat-2.21.so
7f0a17ffe000-7f0a17fff000 r--p 00007000 08:08 5771535                    /lib/x86_64-linux-gnu/libnss_compat-2.21.so
7f0a17fff000-7f0a18000000 rw-p 00008000 08:08 5771535                    /lib/x86_64-linux-gnu/libnss_compat-2.21.so
7f0a18000000-7f0a18160000 rw-p 00000000 00:00 0 
7f0a18160000-7f0a1c000000 ---p 00000000 00:00 0 
7f0a1c001000-7f0a1c014000 r--s 00344000 08:08 2628842                    /home/hijj/software/javaAndroid/jdk/jdk8/jre/lib/resources.jar
7f0a1c014000-7f0a1c077000 rw-p 00000000 00:00 0 
7f0a1c077000-7f0a1c19e000 ---p 00000000 00:00 0 
7f0a1c19e000-7f0a1c880000 r--p 00000000 08:08 4070784                    /usr/lib/locale/locale-archive
7f0a1c880000-7f0a1c882000 r-xp 00000000 08:08 2628975                    /home/hijj/software/javaAndroid/jdk/jdk8/jre/lib/amd64/libnpt.so
7f0a1c882000-7f0a1ca82000 ---p 00002000 08:08 2628975                    /home/hijj/software/javaAndroid/jdk/jdk8/jre/lib/amd64/libnpt.so
7f0a1ca82000-7f0a1ca83000 rw-p 00002000 08:08 2628975                    /home/hijj/software/javaAndroid/jdk/jdk8/jre/lib/amd64/libnpt.so
7f0a1ca83000-7f0a1cabc000 r-xp 00000000 08:08 2628992                    /home/hijj/software/javaAndroid/jdk/jdk8/jre/lib/amd64/libjdwp.so
7f0a1cabc000-7f0a1ccbb000 ---p 00039000 08:08 2628992                    /home/hijj/software/javaAndroid/jdk/jdk8/jre/lib/amd64/libjdwp.so
7f0a1ccbb000-7f0a1ccbd000 rw-p 00038000 08:08 2628992                    /home/hijj/software/javaAndroid/jdk/jdk8/jre/lib/amd64/libjdwp.so
7f0a1ccbd000-7f0a1cce7000 r-xp 00000000 08:08 2628996                    /home/hijj/software/javaAndroid/jdk/jdk8/jre/lib/amd64/libjava.so
7f0a1cce7000-7f0a1cee7000 ---p 0002a000 08:08 2628996                    /home/hijj/software/javaAndroid/jdk/jdk8/jre/lib/amd64/libjava.so
7f0a1cee7000-7f0a1cee9000 rw-p 0002a000 08:08 2628996                    /home/hijj/software/javaAndroid/jdk/jdk8/jre/lib/amd64/libjava.so
7f0a1cee9000-7f0a1cef6000 r-xp 00000000 08:08 2629000                    /home/hijj/software/javaAndroid/jdk/jdk8/jre/lib/amd64/libverify.so
7f0a1cef6000-7f0a1d0f6000 ---p 0000d000 08:08 2629000                    /home/hijj/software/javaAndroid/jdk/jdk8/jre/lib/amd64/libverify.so
7f0a1d0f6000-7f0a1d0f8000 rw-p 0000d000 08:08 2629000                    /home/hijj/software/javaAndroid/jdk/jdk8/jre/lib/amd64/libverify.so
7f0a1d0f8000-7f0a1d0ff000 r-xp 00000000 08:08 5771594                    /lib/x86_64-linux-gnu/librt-2.21.so
7f0a1d0ff000-7f0a1d2fe000 ---p 00007000 08:08 5771594                    /lib/x86_64-linux-gnu/librt-2.21.so
7f0a1d2fe000-7f0a1d2ff000 r--p 00006000 08:08 5771594                    /lib/x86_64-linux-gnu/librt-2.21.so
7f0a1d2ff000-7f0a1d300000 rw-p 00007000 08:08 5771594                    /lib/x86_64-linux-gnu/librt-2.21.so
7f0a1d300000-7f0a1d407000 r-xp 00000000 08:08 5771512                    /lib/x86_64-linux-gnu/libm-2.21.so
7f0a1d407000-7f0a1d606000 ---p 00107000 08:08 5771512                    /lib/x86_64-linux-gnu/libm-2.21.so
7f0a1d606000-7f0a1d607000 r--p 00106000 08:08 5771512                    /lib/x86_64-linux-gnu/libm-2.21.so
7f0a1d607000-7f0a1d608000 rw-p 00107000 08:08 5771512                    /lib/x86_64-linux-gnu/libm-2.21.so
7f0a1d608000-7f0a1e272000 r-xp 00000000 08:08 2628982                    /home/hijj/software/javaAndroid/jdk/jdk8/jre/lib/amd64/server/libjvm.so
7f0a1e272000-7f0a1e471000 ---p 00c6a000 08:08 2628982                    /home/hijj/software/javaAndroid/jdk/jdk8/jre/lib/amd64/server/libjvm.so
7f0a1e471000-7f0a1e548000 rw-p 00c69000 08:08 2628982                    /home/hijj/software/javaAndroid/jdk/jdk8/jre/lib/amd64/server/libjvm.so
7f0a1e548000-7f0a1e58a000 rw-p 00000000 00:00 0 
7f0a1e58a000-7f0a1e74a000 r-xp 00000000 08:08 5771453                    /lib/x86_64-linux-gnu/libc-2.21.so
7f0a1e74a000-7f0a1e94a000 ---p 001c0000 08:08 5771453                    /lib/x86_64-linux-gnu/libc-2.21.so
7f0a1e94a000-7f0a1e94e000 r--p 001c0000 08:08 5771453                    /lib/x86_64-linux-gnu/libc-2.21.so
7f0a1e94e000-7f0a1e950000 rw-p 001c4000 08:08 5771453                    /lib/x86_64-linux-gnu/libc-2.21.so
7f0a1e950000-7f0a1e954000 rw-p 00000000 00:00 0 
7f0a1e954000-7f0a1e957000 r-xp 00000000 08:08 5771470                    /lib/x86_64-linux-gnu/libdl-2.21.so
7f0a1e957000-7f0a1eb56000 ---p 00003000 08:08 5771470                    /lib/x86_64-linux-gnu/libdl-2.21.so
7f0a1eb56000-7f0a1eb57000 r--p 00002000 08:08 5771470                    /lib/x86_64-linux-gnu/libdl-2.21.so
7f0a1eb57000-7f0a1eb58000 rw-p 00003000 08:08 5771470                    /lib/x86_64-linux-gnu/libdl-2.21.so
7f0a1eb58000-7f0a1eb6d000 r-xp 00000000 08:08 2628623                    /home/hijj/software/javaAndroid/jdk/jdk8/lib/amd64/jli/libjli.so
7f0a1eb6d000-7f0a1ed6c000 ---p 00015000 08:08 2628623                    /home/hijj/software/javaAndroid/jdk/jdk8/lib/amd64/jli/libjli.so
7f0a1ed6c000-7f0a1ed6d000 rw-p 00014000 08:08 2628623                    /home/hijj/software/javaAndroid/jdk/jdk8/lib/amd64/jli/libjli.so
7f0a1ed6d000-7f0a1ed85000 r-xp 00000000 08:08 5771586                    /lib/x86_64-linux-gnu/libpthread-2.21.so
7f0a1ed85000-7f0a1ef85000 ---p 00018000 08:08 5771586                    /lib/x86_64-linux-gnu/libpthread-2.21.so
7f0a1ef85000-7f0a1ef86000 r--p 00018000 08:08 5771586                    /lib/x86_64-linux-gnu/libpthread-2.21.so
7f0a1ef86000-7f0a1ef87000 rw-p 00019000 08:08 5771586                    /lib/x86_64-linux-gnu/libpthread-2.21.so
7f0a1ef87000-7f0a1ef8b000 rw-p 00000000 00:00 0 
7f0a1ef8b000-7f0a1efaf000 r-xp 00000000 08:08 5771425                    /lib/x86_64-linux-gnu/ld-2.21.so
7f0a1efb5000-7f0a1f08d000 rw-p 00000000 00:00 0 
7f0a1f08d000-7f0a1f090000 ---p 00000000 00:00 0 
7f0a1f090000-7f0a1f192000 rw-p 00000000 00:00 0                          [stack:11618]
7f0a1f195000-7f0a1f198000 rw-p 00000000 00:00 0 
7f0a1f198000-7f0a1f1a2000 r--s 00116000 08:08 2628866                    /home/hijj/software/javaAndroid/jdk/jdk8/jre/lib/ext/localedata.jar
7f0a1f1a2000-7f0a1f1aa000 rw-s 00000000 08:08 1574300                    /tmp/hsperfdata_hijj/11616
7f0a1f1aa000-7f0a1f1ab000 rw-p 00000000 00:00 0 
7f0a1f1ab000-7f0a1f1ac000 r--p 00000000 00:00 0 
7f0a1f1ac000-7f0a1f1ae000 rw-p 00000000 00:00 0 
7f0a1f1ae000-7f0a1f1af000 r--p 00023000 08:08 5771425                    /lib/x86_64-linux-gnu/ld-2.21.so
7f0a1f1af000-7f0a1f1b0000 rw-p 00024000 08:08 5771425                    /lib/x86_64-linux-gnu/ld-2.21.so
7f0a1f1b0000-7f0a1f1b1000 rw-p 00000000 00:00 0 
7fff6a246000-7fff6a267000 rw-p 00000000 00:00 0                          [stack]
7fff6a2a3000-7fff6a2a5000 r--p 00000000 00:00 0                          [vvar]
7fff6a2a5000-7fff6a2a7000 r-xp 00000000 00:00 0                          [vdso]
ffffffffff600000-ffffffffff601000 r-xp 00000000 00:00 0                  [vsyscall]

VM Arguments:
jvm_args: -agentlib:jdwp=transport=dt_socket,suspend=y,address=localhost:45792 -Dfile.encoding=UTF-8 
java_command: learning.ks8.MainTest
java_class_path (initial): /media/hijj/娱乐/github/repositories/ACM/Java/bin
Launcher Type: SUN_STANDARD

Environment Variables:
JAVA_HOME=/home/hijj/software/javaAndroid/jdk/jdk8
JRE_HOME=/home/hijj/software/javaAndroid/jdk/jdk8/jre
CLASSPATH=.:/home/hijj/software/javaAndroid/jdk/jdk8/lib:/home/hijj/software/javaAndroid/jdk/jdk8/jre/lib:.:$JAVA_HOME/lib:$JAVA_HOME/jre/lib
PATH=/home/hijj/software/javaAndroid/sdk/android-sdk-linux/tools:/home/hijj/software/javaAndroid/sdk/android-sdk-linux/platform-tools:/home/hijj/software/javaAndroid/jdk/jdk8/bin:/home/hijj/software/javaAndroid/jdk/jdk8/jre/bin:/usr/local/sbin:/usr/local/bin:/usr/sbin:/usr/bin:/sbin:/bin:/usr/games:/usr/local/games:$JAVA_HOME/bin:$ANDROID_PATH/tools:$ANDROID_PATH/platform-tools
SHELL=/bin/bash
DISPLAY=:0

Signal Handlers:
SIGSEGV: [libjvm.so+0xa77530], sa_mask[0]=11111111011111111101111111111110, sa_flags=SA_RESTART|SA_SIGINFO
SIGBUS: [libjvm.so+0xa77530], sa_mask[0]=11111111011111111101111111111110, sa_flags=SA_RESTART|SA_SIGINFO
SIGFPE: [libjvm.so+0x8e1d90], sa_mask[0]=11111111011111111101111111111110, sa_flags=SA_RESTART|SA_SIGINFO
SIGPIPE: [libjvm.so+0x8e1d90], sa_mask[0]=11111111011111111101111111111110, sa_flags=SA_RESTART|SA_SIGINFO
SIGXFSZ: [libjvm.so+0x8e1d90], sa_mask[0]=11111111011111111101111111111110, sa_flags=SA_RESTART|SA_SIGINFO
SIGILL: [libjvm.so+0x8e1d90], sa_mask[0]=11111111011111111101111111111110, sa_flags=SA_RESTART|SA_SIGINFO
SIGUSR1: SIG_DFL, sa_mask[0]=00000000000000000000000000000000, sa_flags=none
SIGUSR2: [libjvm.so+0x8e35c0], sa_mask[0]=00100000000000000000000000000000, sa_flags=SA_RESTART|SA_SIGINFO
SIGHUP: [libjvm.so+0x8e4980], sa_mask[0]=11111111011111111101111111111110, sa_flags=SA_RESTART|SA_SIGINFO
SIGINT: [libjvm.so+0x8e4980], sa_mask[0]=11111111011111111101111111111110, sa_flags=SA_RESTART|SA_SIGINFO
SIGTERM: [libjvm.so+0x8e4980], sa_mask[0]=11111111011111111101111111111110, sa_flags=SA_RESTART|SA_SIGINFO
SIGQUIT: [libjvm.so+0x8e4980], sa_mask[0]=11111111011111111101111111111110, sa_flags=SA_RESTART|SA_SIGINFO


---------------  S Y S T E M  ---------------

OS:DISTRIB_ID=Ubuntu
DISTRIB_RELEASE=15.04
DISTRIB_CODENAME=vivid
DISTRIB_DESCRIPTION="Ubuntu 15.04"

uname:Linux 3.19.0-30-generic #34-Ubuntu SMP Fri Oct 2 22:08:41 UTC 2015 x86_64
libc:glibc 2.21 NPTL 2.21 
rlimit: STACK 8192k, CORE 0k, NPROC 15002, NOFILE 65536, AS infinity
load average:0.09 0.13 0.31

/proc/meminfo:
MemTotal:        3863036 kB
MemFree:          451364 kB
MemAvailable:     889116 kB
Buffers:           63528 kB
Cached:           779120 kB
SwapCached:        42520 kB
Active:          1876300 kB
Inactive:        1266052 kB
Active(anon):    1576492 kB
Inactive(anon):   996312 kB
Active(file):     299808 kB
Inactive(file):   269740 kB
Unevictable:          48 kB
Mlocked:              48 kB
SwapTotal:       4005884 kB
SwapFree:        3440932 kB
Dirty:              1280 kB
Writeback:             0 kB
AnonPages:       2274104 kB
Mapped:           219292 kB
Shmem:            273072 kB
Slab:             122304 kB
SReclaimable:      74296 kB
SUnreclaim:        48008 kB
KernelStack:       38320 kB
PageTables:        53016 kB
NFS_Unstable:          0 kB
Bounce:                0 kB
WritebackTmp:          0 kB
CommitLimit:     5937400 kB
Committed_AS:   15610084 kB
VmallocTotal:   34359738367 kB
VmallocUsed:      378088 kB
VmallocChunk:   34359320912 kB
HardwareCorrupted:     0 kB
AnonHugePages:   1247232 kB
CmaTotal:              0 kB
CmaFree:               0 kB
HugePages_Total:       0
HugePages_Free:        0
HugePages_Rsvd:        0
HugePages_Surp:        0
Hugepagesize:       2048 kB
DirectMap4k:      185084 kB
DirectMap2M:     3823616 kB


CPU:total 4 (2 cores per cpu, 2 threads per core) family 6 model 58 stepping 9, cmov, cx8, fxsr, mmx, sse, sse2, sse3, ssse3, sse4.1, sse4.2, popcnt, avx, aes, clmul, erms, ht, tsc, tscinvbit, tscinv

/proc/cpuinfo:
processor	: 0
vendor_id	: GenuineIntel
cpu family	: 6
model		: 58
model name	: Intel(R) Core(TM) i5-3230M CPU @ 2.60GHz
stepping	: 9
microcode	: 0x17
cpu MHz		: 2999.953
cache size	: 3072 KB
physical id	: 0
siblings	: 4
core id		: 0
cpu cores	: 2
apicid		: 0
initial apicid	: 0
fpu		: yes
fpu_exception	: yes
cpuid level	: 13
wp		: yes
flags		: fpu vme de pse tsc msr pae mce cx8 apic sep mtrr pge mca cmov pat pse36 clflush dts acpi mmx fxsr sse sse2 ss ht tm pbe syscall nx rdtscp lm constant_tsc arch_perfmon pebs bts rep_good nopl xtopology nonstop_tsc aperfmperf eagerfpu pni pclmulqdq dtes64 monitor ds_cpl vmx est tm2 ssse3 cx16 xtpr pdcm pcid sse4_1 sse4_2 x2apic popcnt tsc_deadline_timer aes xsave avx f16c rdrand lahf_lm ida arat epb pln pts dtherm tpr_shadow vnmi flexpriority ept vpid fsgsbase smep erms xsaveopt
bugs		:
bogomips	: 5188.00
clflush size	: 64
cache_alignment	: 64
address sizes	: 36 bits physical, 48 bits virtual
power management:

processor	: 1
vendor_id	: GenuineIntel
cpu family	: 6
model		: 58
model name	: Intel(R) Core(TM) i5-3230M CPU @ 2.60GHz
stepping	: 9
microcode	: 0x17
cpu MHz		: 2999.953
cache size	: 3072 KB
physical id	: 0
siblings	: 4
core id		: 0
cpu cores	: 2
apicid		: 1
initial apicid	: 1
fpu		: yes
fpu_exception	: yes
cpuid level	: 13
wp		: yes
flags		: fpu vme de pse tsc msr pae mce cx8 apic sep mtrr pge mca cmov pat pse36 clflush dts acpi mmx fxsr sse sse2 ss ht tm pbe syscall nx rdtscp lm constant_tsc arch_perfmon pebs bts rep_good nopl xtopology nonstop_tsc aperfmperf eagerfpu pni pclmulqdq dtes64 monitor ds_cpl vmx est tm2 ssse3 cx16 xtpr pdcm pcid sse4_1 sse4_2 x2apic popcnt tsc_deadline_timer aes xsave avx f16c rdrand lahf_lm ida arat epb pln pts dtherm tpr_shadow vnmi flexpriority ept vpid fsgsbase smep erms xsaveopt
bugs		:
bogomips	: 5188.00
clflush size	: 64
cache_alignment	: 64
address sizes	: 36 bits physical, 48 bits virtual
power management:

processor	: 2
vendor_id	: GenuineIntel
cpu family	: 6
model		: 58
model name	: Intel(R) Core(TM) i5-3230M CPU @ 2.60GHz
stepping	: 9
microcode	: 0x17
cpu MHz		: 2999.953
cache size	: 3072 KB
physical id	: 0
siblings	: 4
core id		: 1
cpu cores	: 2
apicid		: 2
initial apicid	: 2
fpu		: yes
fpu_exception	: yes
cpuid level	: 13
wp		: yes
flags		: fpu vme de pse tsc msr pae mce cx8 apic sep mtrr pge mca cmov pat pse36 clflush dts acpi mmx fxsr sse sse2 ss ht tm pbe syscall nx rdtscp lm constant_tsc arch_perfmon pebs bts rep_good nopl xtopology nonstop_tsc aperfmperf eagerfpu pni pclmulqdq dtes64 monitor ds_cpl vmx est tm2 ssse3 cx16 xtpr pdcm pcid sse4_1 sse4_2 x2apic popcnt tsc_deadline_timer aes xsave avx f16c rdrand lahf_lm ida arat epb pln pts dtherm tpr_shadow vnmi flexpriority ept vpid fsgsbase smep erms xsaveopt
bugs		:
bogomips	: 5188.00
clflush size	: 64
cache_alignment	: 64
address sizes	: 36 bits physical, 48 bits virtual
power management:

processor	: 3
vendor_id	: GenuineIntel
cpu family	: 6
model		: 58
model name	: Intel(R) Core(TM) i5-3230M CPU @ 2.60GHz
stepping	: 9
microcode	: 0x17
cpu MHz		: 2999.953
cache size	: 3072 KB
physical id	: 0
siblings	: 4
core id		: 1
cpu cores	: 2
apicid		: 3
initial apicid	: 3
fpu		: yes
fpu_exception	: yes
cpuid level	: 13
wp		: yes
flags		: fpu vme de pse tsc msr pae mce cx8 apic sep mtrr pge mca cmov pat pse36 clflush dts acpi mmx fxsr sse sse2 ss ht tm pbe syscall nx rdtscp lm constant_tsc arch_perfmon pebs bts rep_good nopl xtopology nonstop_tsc aperfmperf eagerfpu pni pclmulqdq dtes64 monitor ds_cpl vmx est tm2 ssse3 cx16 xtpr pdcm pcid sse4_1 sse4_2 x2apic popcnt tsc_deadline_timer aes xsave avx f16c rdrand lahf_lm ida arat epb pln pts dtherm tpr_shadow vnmi flexpriority ept vpid fsgsbase smep erms xsaveopt
bugs		:
bogomips	: 5188.00
clflush size	: 64
cache_alignment	: 64
address sizes	: 36 bits physical, 48 bits virtual
power management:



Memory: 4k page, physical 3863036k(451364k free), swap 4005884k(3440932k free)

vm_info: Java HotSpot(TM) 64-Bit Server VM (25.20-b23) for linux-amd64 JRE (1.8.0_20-b26), built on Jul 30 2014 13:13:52 by "java_re" with gcc 4.3.0 20080428 (Red Hat 4.3.0-8)

time: Thu Oct 22 00:10:20 2015
elapsed time: 2905 seconds (0d 0h 48m 25s)

