#
# A fatal error has been detected by the Java Runtime Environment:
#
#  SIGSEGV (0xb) at pc=0x00007f8dab9e9190, pid=4122, tid=140245940512512
#
# JRE version: Java(TM) SE Runtime Environment (8.0_20-b26) (build 1.8.0_20-b26)
# Java VM: Java HotSpot(TM) 64-Bit Server VM (25.20-b23 mixed mode linux-amd64 compressed oops)
# Problematic frame:
# V  [libjvm.so+0x873190]  Method::checked_resolve_jmethod_id(_jmethodID*)+0x20
#
# Failed to write core dump. Core dumps have been disabled. To enable core dumping, try "ulimit -c unlimited" before starting Java again
#
# If you would like to submit a bug report, please visit:
#   http://bugreport.sun.com/bugreport/crash.jsp
#

---------------  T H R E A D  ---------------

Current thread (0x00007f8da40ba000):  JavaThread "JDWP Transport Listener: dt_socket" daemon [_thread_in_vm, id=4139, stack(0x00007f8d8d672000,0x00007f8d8d773000)]

siginfo: si_signo: 11 (SIGSEGV), si_code: 128 (SI_KERNEL), si_addr: 0x0000000000000000

Registers:
RAX=0x0000000000000001, RBX=0x00007f8da40036a0, RCX=0x00007f8dacaf4340, RDX=0x00007f8dac0cdfe0
RSP=0x00007f8d8d771950, RBP=0x00007f8d8d771960, RSI=0x00007f8da40ba000, RDI=0x4c003b00003b7200
R8 =0x00007f8d68006cc0, R9 =0x0000000000000000, R10=0x0000000000000010, R11=0x00007f8dac28eff0
R12=0x0000000000000017, R13=0x4c003b00003b7200, R14=0x00007f8da40ba000, R15=0x00007f8d8d771a67
RIP=0x00007f8dab9e9190, EFLAGS=0x0000000000010206, CSGSFS=0x0000000000000033, ERR=0x0000000000000000
  TRAPNO=0x000000000000000d

Top of Stack: (sp=0x00007f8d8d771950)
0x00007f8d8d771950:   0000000000000074 00007f8da40036a0
0x00007f8d8d771960:   00007f8d8d7719d0 00007f8dab87e78e
0x00007f8d8d771970:   00007f8d68006cc0 00007f8d8d771980
0x00007f8d8d771980:   00007f8da40ba000 0000000000000000
0x00007f8d8d771990:   00007f8d00000000 0000000000000000
0x00007f8d8d7719a0:   00007f8d8d7719c0 00007f8daa82ad60
0x00007f8d8d7719b0:   4c003b00003b7200 00007f8d8d771a67
0x00007f8d8d7719c0:   0000000000000005 00007f8d8d771a67
0x00007f8d8d7719d0:   00007f8d8d771a00 00007f8daa616872
0x00007f8d8d7719e0:   00007f8d8d771a00 4c003b00003b7200
0x00007f8d8d7719f0:   00007f8d8d771ad0 0000000000000028
0x00007f8d8d771a00:   00007f8d8d771a90 00007f8daa5f7a60
0x00007f8d8d771a10:   00007f8d8d771a48 00007f8d8d771a40
0x00007f8d8d771a20:   00007f8d8d771a38 00007f8d8d771a5c
0x00007f8d8d771a30:   0000000168002ed0 0000000000000000
0x00007f8d8d771a40:   0000000000000000 0000000000000000
0x00007f8d8d771a50:   00007f8d68007c40 000000098d771ad0
0x00007f8d8d771a60:   0000000000000006 0000000000000002
0x00007f8d8d771a70:   000000000000000f 0000000000000002
0x00007f8d8d771a80:   00000000000f0200 000000000000000f
0x00007f8d8d771a90:   00007f8d8d771ce0 00007f8daa602976
0x00007f8d8d771aa0:   00005d3500000013 00007f8dab0f0200
0x00007f8d8d771ab0:   00007f8d60000fb0 0000000000000000
0x00007f8d8d771ac0:   00007f8d8d771ad0 00007f8d8d771c60
0x00007f8d8d771ad0:   00007f8d8d771bd9 00007f8d00000073
0x00007f8d8d771ae0:   00007f8d8d771ae8 00000000000000b9
0x00007f8d8d771af0:   00007f8d8d771b20 0000000000000000
0x00007f8d8d771b00:   00007f0000000000 00005d350000001c
0x00007f8d8d771b10:   00007f8d00001c80 00007f8d8d771b20
0x00007f8d8d771b20:   8d7f000006000000 08000000606e0068
0x00007f8d8d771b30:   3e74696e696c633c 0056292803000000
0x00007f8d8d771b40:   0008000000000000 00586e00688d7f00 

Instructions: (pc=0x00007f8dab9e9190)
0x00007f8dab9e9170:   55 48 89 e5 53 48 83 ec 08 48 85 ff 75 12 31 db
0x00007f8dab9e9180:   48 89 d8 48 83 c4 08 5b c9 c3 66 0f 1f 44 00 00
0x00007f8dab9e9190:   48 8b 1f 48 85 db 74 e6 48 83 fb 37 74 e0 48 8b
0x00007f8dab9e91a0:   03 48 89 df ff 50 10 84 c0 0f 1f 80 00 00 00 00 

Register to memory mapping:

RAX=0x0000000000000001 is an unknown value
RBX=0x00007f8da40036a0 is an unknown value
RCX=0x00007f8dacaf4340: <offset 0x219340> in /lib/x86_64-linux-gnu/libpthread.so.0 at 0x00007f8dac8db000
RDX=0x00007f8dac0cdfe0: <offset 0xf57fe0> in /home/hijj/software/javaAndroid/jdk/jdk8/jre/lib/amd64/server/libjvm.so at 0x00007f8dab176000
RSP=0x00007f8d8d771950 is pointing into the stack for thread: 0x00007f8da40ba000
RBP=0x00007f8d8d771960 is pointing into the stack for thread: 0x00007f8da40ba000
RSI=0x00007f8da40ba000 is a thread
RDI=0x4c003b00003b7200 is an unknown value
R8 =0x00007f8d68006cc0 is an unknown value
R9 =0x0000000000000000 is an unknown value
R10=0x0000000000000010 is an unknown value
R11=0x00007f8dac28eff0: <offset 0x196ff0> in /lib/x86_64-linux-gnu/libc.so.6 at 0x00007f8dac0f8000
R12=0x0000000000000017 is an unknown value
R13=0x4c003b00003b7200 is an unknown value
R14=0x00007f8da40ba000 is a thread
R15=0x00007f8d8d771a67 is pointing into the stack for thread: 0x00007f8da40ba000


Stack: [0x00007f8d8d672000,0x00007f8d8d773000],  sp=0x00007f8d8d771950,  free space=1022k
Native frames: (J=compiled Java code, j=interpreted, Vv=VM code, C=native code)
V  [libjvm.so+0x873190]  Method::checked_resolve_jmethod_id(_jmethodID*)+0x20
V  [libjvm.so+0x70878e]  jvmti_IsMethodSynthetic+0x29e
C  [libjdwp.so+0x25872]  isMethodSynthetic+0x42
C  [libjdwp.so+0x6a60]  methods1+0x1b0
C  [libjdwp.so+0x11976]  debugLoop_run+0x2b6
C  [libjdwp.so+0x247af]  attachThread+0x2f
V  [libjvm.so+0x7744f2]  JvmtiAgentThread::call_start_function()+0xc2
V  [libjvm.so+0xa2990f]  JavaThread::thread_main_inner()+0xdf
V  [libjvm.so+0xa29a3c]  JavaThread::run()+0x11c
V  [libjvm.so+0x8e75f8]  java_start(Thread*)+0x108
C  [libpthread.so.0+0x76aa]  start_thread+0xca


---------------  P R O C E S S  ---------------

Java Threads: ( => current thread )
  0x00007f8da40ca000 JavaThread "Service Thread" daemon [_thread_blocked, id=4151, stack(0x00007f8d8d06c000,0x00007f8d8d16d000)]
  0x00007f8da40c5000 JavaThread "C1 CompilerThread2" daemon [_thread_blocked, id=4150, stack(0x00007f8d8d16d000,0x00007f8d8d26e000)]
  0x00007f8da40c3000 JavaThread "C2 CompilerThread1" daemon [_thread_blocked, id=4149, stack(0x00007f8d8d26e000,0x00007f8d8d36f000)]
  0x00007f8da40c0000 JavaThread "C2 CompilerThread0" daemon [_thread_blocked, id=4148, stack(0x00007f8d8d36f000,0x00007f8d8d470000)]
  0x00007f8d68001000 JavaThread "JDWP Command Reader" daemon [_thread_in_native, id=4143, stack(0x00007f8d8d470000,0x00007f8d8d571000)]
  0x00007f8da40be000 JavaThread "JDWP Event Helper Thread" daemon [_thread_blocked, id=4141, stack(0x00007f8d8d571000,0x00007f8d8d672000)]
=>0x00007f8da40ba000 JavaThread "JDWP Transport Listener: dt_socket" daemon [_thread_in_vm, id=4139, stack(0x00007f8d8d672000,0x00007f8d8d773000)]
  0x00007f8da40ad000 JavaThread "Signal Dispatcher" daemon [_thread_blocked, id=4137, stack(0x00007f8d8d977000,0x00007f8d8da78000)]
  0x00007f8da407f000 JavaThread "Finalizer" daemon [_thread_blocked, id=4136, stack(0x00007f8d8da78000,0x00007f8d8db79000)]
  0x00007f8da407d000 JavaThread "Reference Handler" daemon [_thread_blocked, id=4135, stack(0x00007f8d8db79000,0x00007f8d8dc7a000)]
  0x00007f8da400c000 JavaThread "main" [_thread_in_native, id=4126, stack(0x00007f8dacbfb000,0x00007f8daccfc000)]

Other Threads:
  0x00007f8da4075800 VMThread [stack: 0x00007f8d8dc7a000,0x00007f8d8dd7b000] [id=4134]
  0x00007f8da40cc800 WatcherThread [stack: 0x00007f8d8cf6b000,0x00007f8d8d06c000] [id=4152]

VM state:not at safepoint (normal execution)

VM Mutex/Monitor currently owned by a thread: None

Heap:
 PSYoungGen      total 17920K, used 2153K [0x00000000ec580000, 0x00000000ed980000, 0x0000000100000000)
  eden space 15360K, 14% used [0x00000000ec580000,0x00000000ec79a7e8,0x00000000ed480000)
  from space 2560K, 0% used [0x00000000ed700000,0x00000000ed700000,0x00000000ed980000)
  to   space 2560K, 0% used [0x00000000ed480000,0x00000000ed480000,0x00000000ed700000)
 ParOldGen       total 40960K, used 0K [0x00000000c5000000, 0x00000000c7800000, 0x00000000ec580000)
  object space 40960K, 0% used [0x00000000c5000000,0x00000000c5000000,0x00000000c7800000)
 Metaspace       used 3562K, capacity 4644K, committed 4864K, reserved 1056768K
  class space    used 394K, capacity 396K, committed 512K, reserved 1048576K

Card table byte_map: [0x00007f8da8d1c000,0x00007f8da8ef5000] byte_map_base: 0x00007f8da86f4000

Marking Bits: (ParMarkBitMap*) 0x00007f8dac0cdac0
 Begin Bits: [0x00007f8d8e280000, 0x00007f8d8f140000)
 End Bits:   [0x00007f8d8f140000, 0x00007f8d90000000)

Polling page: 0x00007f8dacd19000

CodeCache: size=245760Kb used=1194Kb max_used=1194Kb free=244565Kb
 bounds [0x00007f8d95000000, 0x00007f8d95270000, 0x00007f8da4000000]
 total_blobs=302 nmethods=65 adapters=160
 compilation: enabled

Compilation events (10 events):
Event: 0.287 Thread 0x00007f8da40c5000   59       3       java.lang.StringBuilder::toString (17 bytes)
Event: 0.287 Thread 0x00007f8da40c5000 nmethod 59 0x00007f8d95124a10 code [0x00007f8d95124b80, 0x00007f8d95124d88]
Event: 0.287 Thread 0x00007f8da40c5000   60       3       java.lang.String::indexOf (166 bytes)
Event: 0.288 Thread 0x00007f8da40c5000 nmethod 60 0x00007f8d95127f90 code [0x00007f8d95128140, 0x00007f8d95128790]
Event: 0.289 Thread 0x00007f8da40c5000   62       3       java.util.concurrent.ConcurrentHashMap::setTabAt (19 bytes)
Event: 0.290 Thread 0x00007f8da40c5000 nmethod 62 0x00007f8d95129f90 code [0x00007f8d9512a0e0, 0x00007f8d9512a250]
Event: 0.290 Thread 0x00007f8da40c5000   64       3       java.util.concurrent.ConcurrentHashMap::casTabAt (20 bytes)
Event: 0.290 Thread 0x00007f8da40c5000 nmethod 64 0x00007f8d9512a2d0 code [0x00007f8d9512a420, 0x00007f8d9512a590]
Event: 411.641 Thread 0x00007f8da40c5000   65       3       java.util.concurrent.ConcurrentHashMap$Node::<init> (26 bytes)
Event: 411.641 Thread 0x00007f8da40c5000 nmethod 65 0x00007f8d9512a610 code [0x00007f8d9512a780, 0x00007f8d9512a970]

GC Heap History (0 events):
No events

Deoptimization events (0 events):
No events

Internal exceptions (10 events):
Event: 0.276 Thread 0x00007f8da400c000 Exception <a 'java/security/PrivilegedActionException'> (0x00000000ec72c478) thrown at [/HUDSON/workspace/8-2-build-linux-amd64/jdk8u20/1074/hotspot/src/share/vm/prims/jvm.cpp, line 1275]
Event: 0.276 Thread 0x00007f8da400c000 Exception <a 'java/security/PrivilegedActionException'> (0x00000000ec72d630) thrown at [/HUDSON/workspace/8-2-build-linux-amd64/jdk8u20/1074/hotspot/src/share/vm/prims/jvm.cpp, line 1275]
Event: 0.277 Thread 0x00007f8da400c000 Exception <a 'java/security/PrivilegedActionException'> (0x00000000ec730050) thrown at [/HUDSON/workspace/8-2-build-linux-amd64/jdk8u20/1074/hotspot/src/share/vm/prims/jvm.cpp, line 1275]
Event: 0.277 Thread 0x00007f8da400c000 Exception <a 'java/security/PrivilegedActionException'> (0x00000000ec7313f0) thrown at [/HUDSON/workspace/8-2-build-linux-amd64/jdk8u20/1074/hotspot/src/share/vm/prims/jvm.cpp, line 1275]
Event: 0.284 Thread 0x00007f8da400c000 Exception <a 'java/security/PrivilegedActionException'> (0x00000000ec745190) thrown at [/HUDSON/workspace/8-2-build-linux-amd64/jdk8u20/1074/hotspot/src/share/vm/prims/jvm.cpp, line 1275]
Event: 0.284 Thread 0x00007f8da400c000 Exception <a 'java/security/PrivilegedActionException'> (0x00000000ec746628) thrown at [/HUDSON/workspace/8-2-build-linux-amd64/jdk8u20/1074/hotspot/src/share/vm/prims/jvm.cpp, line 1275]
Event: 0.286 Thread 0x00007f8da400c000 Exception <a 'java/security/PrivilegedActionException'> (0x00000000ec753ca8) thrown at [/HUDSON/workspace/8-2-build-linux-amd64/jdk8u20/1074/hotspot/src/share/vm/prims/jvm.cpp, line 1275]
Event: 0.286 Thread 0x00007f8da400c000 Exception <a 'java/security/PrivilegedActionException'> (0x00000000ec755368) thrown at [/HUDSON/workspace/8-2-build-linux-amd64/jdk8u20/1074/hotspot/src/share/vm/prims/jvm.cpp, line 1275]
Event: 0.287 Thread 0x00007f8da400c000 Exception <a 'java/security/PrivilegedActionException'> (0x00000000ec757a08) thrown at [/HUDSON/workspace/8-2-build-linux-amd64/jdk8u20/1074/hotspot/src/share/vm/prims/jvm.cpp, line 1275]
Event: 0.287 Thread 0x00007f8da400c000 Exception <a 'java/security/PrivilegedActionException'> (0x00000000ec7590e8) thrown at [/HUDSON/workspace/8-2-build-linux-amd64/jdk8u20/1074/hotspot/src/share/vm/prims/jvm.cpp, line 1275]

Events (10 events):
Event: 411.679 Executing VM operation: ChangeBreakpoints
Event: 411.679 Executing VM operation: ChangeBreakpoints done
Event: 411.682 Executing VM operation: ChangeBreakpoints
Event: 411.682 Executing VM operation: ChangeBreakpoints done
Event: 411.683 Executing VM operation: ChangeBreakpoints
Event: 411.683 Executing VM operation: ChangeBreakpoints done
Event: 411.685 Executing VM operation: ChangeBreakpoints
Event: 411.685 Executing VM operation: ChangeBreakpoints done
Event: 424.693 Executing VM operation: RedefineClasses
Event: 424.694 Executing VM operation: RedefineClasses done


Dynamic libraries:
00400000-00401000 r-xp 00000000 08:08 2622385                            /home/hijj/software/javaAndroid/jdk/jdk8/bin/java
00600000-00601000 rw-p 00000000 08:08 2622385                            /home/hijj/software/javaAndroid/jdk/jdk8/bin/java
0207c000-0209d000 rw-p 00000000 00:00 0                                  [heap]
c5000000-c7800000 rw-p 00000000 00:00 0 
c7800000-ec580000 ---p 00000000 00:00 0 
ec580000-ed980000 rw-p 00000000 00:00 0 
ed980000-100000000 ---p 00000000 00:00 0 
100000000-100080000 rw-p 00000000 00:00 0 
100080000-140000000 ---p 00000000 00:00 0 
7f8d50000000-7f8d50021000 rw-p 00000000 00:00 0 
7f8d50021000-7f8d54000000 ---p 00000000 00:00 0 
7f8d54000000-7f8d54021000 rw-p 00000000 00:00 0 
7f8d54021000-7f8d58000000 ---p 00000000 00:00 0 
7f8d58000000-7f8d58021000 rw-p 00000000 00:00 0 
7f8d58021000-7f8d5c000000 ---p 00000000 00:00 0 
7f8d5c000000-7f8d5c05a000 rw-p 00000000 00:00 0 
7f8d5c05a000-7f8d60000000 ---p 00000000 00:00 0 
7f8d60000000-7f8d60021000 rw-p 00000000 00:00 0 
7f8d60021000-7f8d64000000 ---p 00000000 00:00 0 
7f8d64000000-7f8d6404e000 rw-p 00000000 00:00 0 
7f8d6404e000-7f8d68000000 ---p 00000000 00:00 0 
7f8d68000000-7f8d68022000 rw-p 00000000 00:00 0 
7f8d68022000-7f8d6c000000 ---p 00000000 00:00 0 
7f8d6c000000-7f8d6c021000 rw-p 00000000 00:00 0 
7f8d6c021000-7f8d70000000 ---p 00000000 00:00 0 
7f8d70000000-7f8d70021000 rw-p 00000000 00:00 0 
7f8d70021000-7f8d74000000 ---p 00000000 00:00 0 
7f8d74000000-7f8d74021000 rw-p 00000000 00:00 0 
7f8d74021000-7f8d78000000 ---p 00000000 00:00 0 
7f8d78000000-7f8d78021000 rw-p 00000000 00:00 0 
7f8d78021000-7f8d7c000000 ---p 00000000 00:00 0 
7f8d7c000000-7f8d7c021000 rw-p 00000000 00:00 0 
7f8d7c021000-7f8d80000000 ---p 00000000 00:00 0 
7f8d80000000-7f8d80021000 rw-p 00000000 00:00 0 
7f8d80021000-7f8d84000000 ---p 00000000 00:00 0 
7f8d84000000-7f8d84021000 rw-p 00000000 00:00 0 
7f8d84021000-7f8d88000000 ---p 00000000 00:00 0 
7f8d88000000-7f8d88021000 rw-p 00000000 00:00 0 
7f8d88021000-7f8d8c000000 ---p 00000000 00:00 0 
7f8d8ccf6000-7f8d8cf6b000 rw-p 00000000 00:00 0 
7f8d8cf6b000-7f8d8cf6c000 ---p 00000000 00:00 0 
7f8d8cf6c000-7f8d8d06c000 rw-p 00000000 00:00 0                          [stack:4152]
7f8d8d06c000-7f8d8d06f000 ---p 00000000 00:00 0 
7f8d8d06f000-7f8d8d16d000 rw-p 00000000 00:00 0                          [stack:4151]
7f8d8d16d000-7f8d8d170000 ---p 00000000 00:00 0 
7f8d8d170000-7f8d8d26e000 rw-p 00000000 00:00 0                          [stack:4150]
7f8d8d26e000-7f8d8d271000 ---p 00000000 00:00 0 
7f8d8d271000-7f8d8d36f000 rw-p 00000000 00:00 0                          [stack:4149]
7f8d8d36f000-7f8d8d372000 ---p 00000000 00:00 0 
7f8d8d372000-7f8d8d470000 rw-p 00000000 00:00 0                          [stack:4148]
7f8d8d470000-7f8d8d473000 ---p 00000000 00:00 0 
7f8d8d473000-7f8d8d571000 rw-p 00000000 00:00 0                          [stack:4143]
7f8d8d571000-7f8d8d574000 ---p 00000000 00:00 0 
7f8d8d574000-7f8d8d672000 rw-p 00000000 00:00 0                          [stack:4141]
7f8d8d672000-7f8d8d675000 ---p 00000000 00:00 0 
7f8d8d675000-7f8d8d773000 rw-p 00000000 00:00 0                          [stack:4139]
7f8d8d773000-7f8d8d777000 r-xp 00000000 08:08 2628974                    /home/hijj/software/javaAndroid/jdk/jdk8/jre/lib/amd64/libdt_socket.so
7f8d8d777000-7f8d8d976000 ---p 00004000 08:08 2628974                    /home/hijj/software/javaAndroid/jdk/jdk8/jre/lib/amd64/libdt_socket.so
7f8d8d976000-7f8d8d977000 rw-p 00003000 08:08 2628974                    /home/hijj/software/javaAndroid/jdk/jdk8/jre/lib/amd64/libdt_socket.so
7f8d8d977000-7f8d8d97a000 ---p 00000000 00:00 0 
7f8d8d97a000-7f8d8da78000 rw-p 00000000 00:00 0                          [stack:4137]
7f8d8da78000-7f8d8da7b000 ---p 00000000 00:00 0 
7f8d8da7b000-7f8d8db79000 rw-p 00000000 00:00 0                          [stack:4136]
7f8d8db79000-7f8d8db7c000 ---p 00000000 00:00 0 
7f8d8db7c000-7f8d8dc7a000 rw-p 00000000 00:00 0                          [stack:4135]
7f8d8dc7a000-7f8d8dc7b000 ---p 00000000 00:00 0 
7f8d8dc7b000-7f8d90000000 rw-p 00000000 00:00 0                          [stack:4134]
7f8d90000000-7f8d90021000 rw-p 00000000 00:00 0 
7f8d90021000-7f8d94000000 ---p 00000000 00:00 0 
7f8d940ca000-7f8d940dd000 r--s 00344000 08:08 2628842                    /home/hijj/software/javaAndroid/jdk/jdk8/jre/lib/resources.jar
7f8d940dd000-7f8d940f9000 r--s 00393000 08:08 2628860                    /home/hijj/software/javaAndroid/jdk/jdk8/jre/lib/ext/cldrdata.jar
7f8d940f9000-7f8d94c40000 rw-p 00000000 00:00 0 
7f8d94c40000-7f8d95000000 ---p 00000000 00:00 0 
7f8d95000000-7f8d95270000 rwxp 00000000 00:00 0 
7f8d95270000-7f8da4000000 ---p 00000000 00:00 0 
7f8da4000000-7f8da4160000 rw-p 00000000 00:00 0 
7f8da4160000-7f8da8000000 ---p 00000000 00:00 0 
7f8da8004000-7f8da83b9000 rw-p 00000000 00:00 0 
7f8da83b9000-7f8da858f000 r--s 03ca8000 08:08 2628807                    /home/hijj/software/javaAndroid/jdk/jdk8/jre/lib/rt.jar
7f8da858f000-7f8da87dd000 rw-p 00000000 00:00 0 
7f8da87dd000-7f8da87de000 ---p 00000000 00:00 0 
7f8da87de000-7f8da88de000 rw-p 00000000 00:00 0                          [stack:4130]
7f8da88de000-7f8da88df000 ---p 00000000 00:00 0 
7f8da88df000-7f8da89df000 rw-p 00000000 00:00 0                          [stack:4129]
7f8da89df000-7f8da89e0000 ---p 00000000 00:00 0 
7f8da89e0000-7f8da8ae0000 rw-p 00000000 00:00 0                          [stack:4128]
7f8da8ae0000-7f8da8ae1000 ---p 00000000 00:00 0 
7f8da8ae1000-7f8da8bf5000 rw-p 00000000 00:00 0                          [stack:4127]
7f8da8bf5000-7f8da8d1c000 ---p 00000000 00:00 0 
7f8da8d1c000-7f8da8d30000 rw-p 00000000 00:00 0 
7f8da8d30000-7f8da8e56000 ---p 00000000 00:00 0 
7f8da8e56000-7f8da8e61000 rw-p 00000000 00:00 0 
7f8da8e61000-7f8da8ef4000 ---p 00000000 00:00 0 
7f8da8ef4000-7f8da8eff000 rw-p 00000000 00:00 0 
7f8da8eff000-7f8da92b5000 ---p 00000000 00:00 0 
7f8da92b5000-7f8da92cf000 r-xp 00000000 08:08 2629001                    /home/hijj/software/javaAndroid/jdk/jdk8/jre/lib/amd64/libzip.so
7f8da92cf000-7f8da94cf000 ---p 0001a000 08:08 2629001                    /home/hijj/software/javaAndroid/jdk/jdk8/jre/lib/amd64/libzip.so
7f8da94cf000-7f8da94d0000 rw-p 0001a000 08:08 2629001                    /home/hijj/software/javaAndroid/jdk/jdk8/jre/lib/amd64/libzip.so
7f8da94d0000-7f8da94dc000 r-xp 00000000 08:08 5771539                    /lib/x86_64-linux-gnu/libnss_files-2.21.so
7f8da94dc000-7f8da96db000 ---p 0000c000 08:08 5771539                    /lib/x86_64-linux-gnu/libnss_files-2.21.so
7f8da96db000-7f8da96dc000 r--p 0000b000 08:08 5771539                    /lib/x86_64-linux-gnu/libnss_files-2.21.so
7f8da96dc000-7f8da96dd000 rw-p 0000c000 08:08 5771539                    /lib/x86_64-linux-gnu/libnss_files-2.21.so
7f8da96dd000-7f8da96e8000 r-xp 00000000 08:08 5771549                    /lib/x86_64-linux-gnu/libnss_nis-2.21.so
7f8da96e8000-7f8da98e7000 ---p 0000b000 08:08 5771549                    /lib/x86_64-linux-gnu/libnss_nis-2.21.so
7f8da98e7000-7f8da98e8000 r--p 0000a000 08:08 5771549                    /lib/x86_64-linux-gnu/libnss_nis-2.21.so
7f8da98e8000-7f8da98e9000 rw-p 0000b000 08:08 5771549                    /lib/x86_64-linux-gnu/libnss_nis-2.21.so
7f8da98e9000-7f8da9900000 r-xp 00000000 08:08 5771533                    /lib/x86_64-linux-gnu/libnsl-2.21.so
7f8da9900000-7f8da9aff000 ---p 00017000 08:08 5771533                    /lib/x86_64-linux-gnu/libnsl-2.21.so
7f8da9aff000-7f8da9b00000 r--p 00016000 08:08 5771533                    /lib/x86_64-linux-gnu/libnsl-2.21.so
7f8da9b00000-7f8da9b01000 rw-p 00017000 08:08 5771533                    /lib/x86_64-linux-gnu/libnsl-2.21.so
7f8da9b01000-7f8da9b03000 rw-p 00000000 00:00 0 
7f8da9b03000-7f8da9b0b000 r-xp 00000000 08:08 5771535                    /lib/x86_64-linux-gnu/libnss_compat-2.21.so
7f8da9b0b000-7f8da9d0a000 ---p 00008000 08:08 5771535                    /lib/x86_64-linux-gnu/libnss_compat-2.21.so
7f8da9d0a000-7f8da9d0b000 r--p 00007000 08:08 5771535                    /lib/x86_64-linux-gnu/libnss_compat-2.21.so
7f8da9d0b000-7f8da9d0c000 rw-p 00008000 08:08 5771535                    /lib/x86_64-linux-gnu/libnss_compat-2.21.so
7f8da9d0c000-7f8daa3ee000 r--p 00000000 08:08 4070784                    /usr/lib/locale/locale-archive
7f8daa3ee000-7f8daa3f0000 r-xp 00000000 08:08 2628975                    /home/hijj/software/javaAndroid/jdk/jdk8/jre/lib/amd64/libnpt.so
7f8daa3f0000-7f8daa5f0000 ---p 00002000 08:08 2628975                    /home/hijj/software/javaAndroid/jdk/jdk8/jre/lib/amd64/libnpt.so
7f8daa5f0000-7f8daa5f1000 rw-p 00002000 08:08 2628975                    /home/hijj/software/javaAndroid/jdk/jdk8/jre/lib/amd64/libnpt.so
7f8daa5f1000-7f8daa62a000 r-xp 00000000 08:08 2628992                    /home/hijj/software/javaAndroid/jdk/jdk8/jre/lib/amd64/libjdwp.so
7f8daa62a000-7f8daa829000 ---p 00039000 08:08 2628992                    /home/hijj/software/javaAndroid/jdk/jdk8/jre/lib/amd64/libjdwp.so
7f8daa829000-7f8daa82b000 rw-p 00038000 08:08 2628992                    /home/hijj/software/javaAndroid/jdk/jdk8/jre/lib/amd64/libjdwp.so
7f8daa82b000-7f8daa855000 r-xp 00000000 08:08 2628996                    /home/hijj/software/javaAndroid/jdk/jdk8/jre/lib/amd64/libjava.so
7f8daa855000-7f8daaa55000 ---p 0002a000 08:08 2628996                    /home/hijj/software/javaAndroid/jdk/jdk8/jre/lib/amd64/libjava.so
7f8daaa55000-7f8daaa57000 rw-p 0002a000 08:08 2628996                    /home/hijj/software/javaAndroid/jdk/jdk8/jre/lib/amd64/libjava.so
7f8daaa57000-7f8daaa64000 r-xp 00000000 08:08 2629000                    /home/hijj/software/javaAndroid/jdk/jdk8/jre/lib/amd64/libverify.so
7f8daaa64000-7f8daac64000 ---p 0000d000 08:08 2629000                    /home/hijj/software/javaAndroid/jdk/jdk8/jre/lib/amd64/libverify.so
7f8daac64000-7f8daac66000 rw-p 0000d000 08:08 2629000                    /home/hijj/software/javaAndroid/jdk/jdk8/jre/lib/amd64/libverify.so
7f8daac66000-7f8daac6d000 r-xp 00000000 08:08 5771594                    /lib/x86_64-linux-gnu/librt-2.21.so
7f8daac6d000-7f8daae6c000 ---p 00007000 08:08 5771594                    /lib/x86_64-linux-gnu/librt-2.21.so
7f8daae6c000-7f8daae6d000 r--p 00006000 08:08 5771594                    /lib/x86_64-linux-gnu/librt-2.21.so
7f8daae6d000-7f8daae6e000 rw-p 00007000 08:08 5771594                    /lib/x86_64-linux-gnu/librt-2.21.so
7f8daae6e000-7f8daaf75000 r-xp 00000000 08:08 5771512                    /lib/x86_64-linux-gnu/libm-2.21.so
7f8daaf75000-7f8dab174000 ---p 00107000 08:08 5771512                    /lib/x86_64-linux-gnu/libm-2.21.so
7f8dab174000-7f8dab175000 r--p 00106000 08:08 5771512                    /lib/x86_64-linux-gnu/libm-2.21.so
7f8dab175000-7f8dab176000 rw-p 00107000 08:08 5771512                    /lib/x86_64-linux-gnu/libm-2.21.so
7f8dab176000-7f8dabde0000 r-xp 00000000 08:08 2628982                    /home/hijj/software/javaAndroid/jdk/jdk8/jre/lib/amd64/server/libjvm.so
7f8dabde0000-7f8dabfdf000 ---p 00c6a000 08:08 2628982                    /home/hijj/software/javaAndroid/jdk/jdk8/jre/lib/amd64/server/libjvm.so
7f8dabfdf000-7f8dac0b6000 rw-p 00c69000 08:08 2628982                    /home/hijj/software/javaAndroid/jdk/jdk8/jre/lib/amd64/server/libjvm.so
7f8dac0b6000-7f8dac0f8000 rw-p 00000000 00:00 0 
7f8dac0f8000-7f8dac2b8000 r-xp 00000000 08:08 5771453                    /lib/x86_64-linux-gnu/libc-2.21.so
7f8dac2b8000-7f8dac4b8000 ---p 001c0000 08:08 5771453                    /lib/x86_64-linux-gnu/libc-2.21.so
7f8dac4b8000-7f8dac4bc000 r--p 001c0000 08:08 5771453                    /lib/x86_64-linux-gnu/libc-2.21.so
7f8dac4bc000-7f8dac4be000 rw-p 001c4000 08:08 5771453                    /lib/x86_64-linux-gnu/libc-2.21.so
7f8dac4be000-7f8dac4c2000 rw-p 00000000 00:00 0 
7f8dac4c2000-7f8dac4c5000 r-xp 00000000 08:08 5771470                    /lib/x86_64-linux-gnu/libdl-2.21.so
7f8dac4c5000-7f8dac6c4000 ---p 00003000 08:08 5771470                    /lib/x86_64-linux-gnu/libdl-2.21.so
7f8dac6c4000-7f8dac6c5000 r--p 00002000 08:08 5771470                    /lib/x86_64-linux-gnu/libdl-2.21.so
7f8dac6c5000-7f8dac6c6000 rw-p 00003000 08:08 5771470                    /lib/x86_64-linux-gnu/libdl-2.21.so
7f8dac6c6000-7f8dac6db000 r-xp 00000000 08:08 2628623                    /home/hijj/software/javaAndroid/jdk/jdk8/lib/amd64/jli/libjli.so
7f8dac6db000-7f8dac8da000 ---p 00015000 08:08 2628623                    /home/hijj/software/javaAndroid/jdk/jdk8/lib/amd64/jli/libjli.so
7f8dac8da000-7f8dac8db000 rw-p 00014000 08:08 2628623                    /home/hijj/software/javaAndroid/jdk/jdk8/lib/amd64/jli/libjli.so
7f8dac8db000-7f8dac8f3000 r-xp 00000000 08:08 5771586                    /lib/x86_64-linux-gnu/libpthread-2.21.so
7f8dac8f3000-7f8dacaf3000 ---p 00018000 08:08 5771586                    /lib/x86_64-linux-gnu/libpthread-2.21.so
7f8dacaf3000-7f8dacaf4000 r--p 00018000 08:08 5771586                    /lib/x86_64-linux-gnu/libpthread-2.21.so
7f8dacaf4000-7f8dacaf5000 rw-p 00019000 08:08 5771586                    /lib/x86_64-linux-gnu/libpthread-2.21.so
7f8dacaf5000-7f8dacaf9000 rw-p 00000000 00:00 0 
7f8dacaf9000-7f8dacb1d000 r-xp 00000000 08:08 5771425                    /lib/x86_64-linux-gnu/ld-2.21.so
7f8dacb23000-7f8dacbfb000 rw-p 00000000 00:00 0 
7f8dacbfb000-7f8dacbfe000 ---p 00000000 00:00 0 
7f8dacbfe000-7f8dacd00000 rw-p 00000000 00:00 0                          [stack:4126]
7f8dacd03000-7f8dacd06000 rw-p 00000000 00:00 0 
7f8dacd06000-7f8dacd10000 r--s 00116000 08:08 2628866                    /home/hijj/software/javaAndroid/jdk/jdk8/jre/lib/ext/localedata.jar
7f8dacd10000-7f8dacd18000 rw-s 00000000 08:08 5265886                    /tmp/hsperfdata_hijj/4122
7f8dacd18000-7f8dacd19000 rw-p 00000000 00:00 0 
7f8dacd19000-7f8dacd1a000 r--p 00000000 00:00 0 
7f8dacd1a000-7f8dacd1c000 rw-p 00000000 00:00 0 
7f8dacd1c000-7f8dacd1d000 r--p 00023000 08:08 5771425                    /lib/x86_64-linux-gnu/ld-2.21.so
7f8dacd1d000-7f8dacd1e000 rw-p 00024000 08:08 5771425                    /lib/x86_64-linux-gnu/ld-2.21.so
7f8dacd1e000-7f8dacd1f000 rw-p 00000000 00:00 0 
7ffebeca1000-7ffebecc2000 rw-p 00000000 00:00 0                          [stack]
7ffebed30000-7ffebed32000 r--p 00000000 00:00 0                          [vvar]
7ffebed32000-7ffebed34000 r-xp 00000000 00:00 0                          [vdso]
ffffffffff600000-ffffffffff601000 r-xp 00000000 00:00 0                  [vsyscall]

VM Arguments:
jvm_args: -agentlib:jdwp=transport=dt_socket,suspend=y,address=localhost:53478 -Dfile.encoding=UTF-8 
java_command: learning.rzh1.rzh1
java_class_path (initial): /media/hijj/娱乐/github/repositories/ACM/Java/bin
Launcher Type: SUN_STANDARD

Environment Variables:
JAVA_HOME=/home/hijj/software/javaAndroid/jdk/jdk8
JRE_HOME=/home/hijj/software/javaAndroid/jdk/jdk8/jre
CLASSPATH=.:/home/hijj/software/javaAndroid/jdk/jdk8/lib:/home/hijj/software/javaAndroid/jdk/jdk8/jre/lib:.:$JAVA_HOME/lib:$JAVA_HOME/jre/lib
PATH=/home/hijj/software/javaAndroid/jdk/jdk8/bin:/home/hijj/software/javaAndroid/jdk/jdk8/jre/bin:/usr/local/sbin:/usr/local/bin:/usr/sbin:/usr/bin:/sbin:/bin:/usr/games:/usr/local/games:$JAVA_HOME/bin
SHELL=/bin/bash
DISPLAY=:0

Signal Handlers:
SIGSEGV: [libjvm.so+0xa77530], sa_mask[0]=11111111011111111101111111111110, sa_flags=SA_RESTART|SA_SIGINFO
SIGBUS: [libjvm.so+0xa77530], sa_mask[0]=11111111011111111101111111111110, sa_flags=SA_RESTART|SA_SIGINFO
SIGFPE: [libjvm.so+0x8e1d90], sa_mask[0]=11111111011111111101111111111110, sa_flags=SA_RESTART|SA_SIGINFO
SIGPIPE: [libjvm.so+0x8e1d90], sa_mask[0]=11111111011111111101111111111110, sa_flags=SA_RESTART|SA_SIGINFO
SIGXFSZ: [libjvm.so+0x8e1d90], sa_mask[0]=11111111011111111101111111111110, sa_flags=SA_RESTART|SA_SIGINFO
SIGILL: [libjvm.so+0x8e1d90], sa_mask[0]=11111111011111111101111111111110, sa_flags=SA_RESTART|SA_SIGINFO
SIGUSR1: SIG_DFL, sa_mask[0]=00000000000000000000000000000000, sa_flags=none
SIGUSR2: [libjvm.so+0x8e35c0], sa_mask[0]=00100000000000000000000000000000, sa_flags=SA_RESTART|SA_SIGINFO
SIGHUP: [libjvm.so+0x8e4980], sa_mask[0]=11111111011111111101111111111110, sa_flags=SA_RESTART|SA_SIGINFO
SIGINT: [libjvm.so+0x8e4980], sa_mask[0]=11111111011111111101111111111110, sa_flags=SA_RESTART|SA_SIGINFO
SIGTERM: [libjvm.so+0x8e4980], sa_mask[0]=11111111011111111101111111111110, sa_flags=SA_RESTART|SA_SIGINFO
SIGQUIT: [libjvm.so+0x8e4980], sa_mask[0]=11111111011111111101111111111110, sa_flags=SA_RESTART|SA_SIGINFO


---------------  S Y S T E M  ---------------

OS:DISTRIB_ID=Ubuntu
DISTRIB_RELEASE=15.04
DISTRIB_CODENAME=vivid
DISTRIB_DESCRIPTION="Ubuntu 15.04"

uname:Linux 3.19.0-32-generic #37-Ubuntu SMP Wed Oct 21 10:23:06 UTC 2015 x86_64
libc:glibc 2.21 NPTL 2.21 
rlimit: STACK 8192k, CORE 0k, NPROC 15002, NOFILE 65536, AS infinity
load average:0.13 0.17 0.25

/proc/meminfo:
MemTotal:        3863036 kB
MemFree:          653388 kB
MemAvailable:    1294520 kB
Buffers:          113056 kB
Cached:          1038196 kB
SwapCached:            0 kB
Active:          2174920 kB
Inactive:         817520 kB
Active(anon):    1844672 kB
Inactive(anon):   365696 kB
Active(file):     330248 kB
Inactive(file):   451824 kB
Unevictable:          48 kB
Mlocked:              48 kB
SwapTotal:       4005884 kB
SwapFree:        4005884 kB
Dirty:               948 kB
Writeback:             0 kB
AnonPages:       1841284 kB
Mapped:           338216 kB
Shmem:            369164 kB
Slab:              96492 kB
SReclaimable:      56004 kB
SUnreclaim:        40488 kB
KernelStack:       23024 kB
PageTables:        41720 kB
NFS_Unstable:          0 kB
Bounce:                0 kB
WritebackTmp:          0 kB
CommitLimit:     5937400 kB
Committed_AS:   10044924 kB
VmallocTotal:   34359738367 kB
VmallocUsed:      378056 kB
VmallocChunk:   34359349592 kB
HardwareCorrupted:     0 kB
AnonHugePages:    892928 kB
CmaTotal:              0 kB
CmaFree:               0 kB
HugePages_Total:       0
HugePages_Free:        0
HugePages_Rsvd:        0
HugePages_Surp:        0
Hugepagesize:       2048 kB
DirectMap4k:      142076 kB
DirectMap2M:     3866624 kB


CPU:total 4 (2 cores per cpu, 2 threads per core) family 6 model 58 stepping 9, cmov, cx8, fxsr, mmx, sse, sse2, sse3, ssse3, sse4.1, sse4.2, popcnt, avx, aes, clmul, erms, ht, tsc, tscinvbit, tscinv

/proc/cpuinfo:
processor	: 0
vendor_id	: GenuineIntel
cpu family	: 6
model		: 58
model name	: Intel(R) Core(TM) i5-3230M CPU @ 2.60GHz
stepping	: 9
microcode	: 0x17
cpu MHz		: 2999.953
cache size	: 3072 KB
physical id	: 0
siblings	: 4
core id		: 0
cpu cores	: 2
apicid		: 0
initial apicid	: 0
fpu		: yes
fpu_exception	: yes
cpuid level	: 13
wp		: yes
flags		: fpu vme de pse tsc msr pae mce cx8 apic sep mtrr pge mca cmov pat pse36 clflush dts acpi mmx fxsr sse sse2 ss ht tm pbe syscall nx rdtscp lm constant_tsc arch_perfmon pebs bts rep_good nopl xtopology nonstop_tsc aperfmperf eagerfpu pni pclmulqdq dtes64 monitor ds_cpl vmx est tm2 ssse3 cx16 xtpr pdcm pcid sse4_1 sse4_2 x2apic popcnt tsc_deadline_timer aes xsave avx f16c rdrand lahf_lm ida arat epb pln pts dtherm tpr_shadow vnmi flexpriority ept vpid fsgsbase smep erms xsaveopt
bugs		:
bogomips	: 5188.01
clflush size	: 64
cache_alignment	: 64
address sizes	: 36 bits physical, 48 bits virtual
power management:

processor	: 1
vendor_id	: GenuineIntel
cpu family	: 6
model		: 58
model name	: Intel(R) Core(TM) i5-3230M CPU @ 2.60GHz
stepping	: 9
microcode	: 0x17
cpu MHz		: 2999.953
cache size	: 3072 KB
physical id	: 0
siblings	: 4
core id		: 0
cpu cores	: 2
apicid		: 1
initial apicid	: 1
fpu		: yes
fpu_exception	: yes
cpuid level	: 13
wp		: yes
flags		: fpu vme de pse tsc msr pae mce cx8 apic sep mtrr pge mca cmov pat pse36 clflush dts acpi mmx fxsr sse sse2 ss ht tm pbe syscall nx rdtscp lm constant_tsc arch_perfmon pebs bts rep_good nopl xtopology nonstop_tsc aperfmperf eagerfpu pni pclmulqdq dtes64 monitor ds_cpl vmx est tm2 ssse3 cx16 xtpr pdcm pcid sse4_1 sse4_2 x2apic popcnt tsc_deadline_timer aes xsave avx f16c rdrand lahf_lm ida arat epb pln pts dtherm tpr_shadow vnmi flexpriority ept vpid fsgsbase smep erms xsaveopt
bugs		:
bogomips	: 5188.01
clflush size	: 64
cache_alignment	: 64
address sizes	: 36 bits physical, 48 bits virtual
power management:

processor	: 2
vendor_id	: GenuineIntel
cpu family	: 6
model		: 58
model name	: Intel(R) Core(TM) i5-3230M CPU @ 2.60GHz
stepping	: 9
microcode	: 0x17
cpu MHz		: 2999.953
cache size	: 3072 KB
physical id	: 0
siblings	: 4
core id		: 1
cpu cores	: 2
apicid		: 2
initial apicid	: 2
fpu		: yes
fpu_exception	: yes
cpuid level	: 13
wp		: yes
flags		: fpu vme de pse tsc msr pae mce cx8 apic sep mtrr pge mca cmov pat pse36 clflush dts acpi mmx fxsr sse sse2 ss ht tm pbe syscall nx rdtscp lm constant_tsc arch_perfmon pebs bts rep_good nopl xtopology nonstop_tsc aperfmperf eagerfpu pni pclmulqdq dtes64 monitor ds_cpl vmx est tm2 ssse3 cx16 xtpr pdcm pcid sse4_1 sse4_2 x2apic popcnt tsc_deadline_timer aes xsave avx f16c rdrand lahf_lm ida arat epb pln pts dtherm tpr_shadow vnmi flexpriority ept vpid fsgsbase smep erms xsaveopt
bugs		:
bogomips	: 5188.01
clflush size	: 64
cache_alignment	: 64
address sizes	: 36 bits physical, 48 bits virtual
power management:

processor	: 3
vendor_id	: GenuineIntel
cpu family	: 6
model		: 58
model name	: Intel(R) Core(TM) i5-3230M CPU @ 2.60GHz
stepping	: 9
microcode	: 0x17
cpu MHz		: 2999.953
cache size	: 3072 KB
physical id	: 0
siblings	: 4
core id		: 1
cpu cores	: 2
apicid		: 3
initial apicid	: 3
fpu		: yes
fpu_exception	: yes
cpuid level	: 13
wp		: yes
flags		: fpu vme de pse tsc msr pae mce cx8 apic sep mtrr pge mca cmov pat pse36 clflush dts acpi mmx fxsr sse sse2 ss ht tm pbe syscall nx rdtscp lm constant_tsc arch_perfmon pebs bts rep_good nopl xtopology nonstop_tsc aperfmperf eagerfpu pni pclmulqdq dtes64 monitor ds_cpl vmx est tm2 ssse3 cx16 xtpr pdcm pcid sse4_1 sse4_2 x2apic popcnt tsc_deadline_timer aes xsave avx f16c rdrand lahf_lm ida arat epb pln pts dtherm tpr_shadow vnmi flexpriority ept vpid fsgsbase smep erms xsaveopt
bugs		:
bogomips	: 5188.01
clflush size	: 64
cache_alignment	: 64
address sizes	: 36 bits physical, 48 bits virtual
power management:



Memory: 4k page, physical 3863036k(653388k free), swap 4005884k(4005884k free)

vm_info: Java HotSpot(TM) 64-Bit Server VM (25.20-b23) for linux-amd64 JRE (1.8.0_20-b26), built on Jul 30 2014 13:13:52 by "java_re" with gcc 4.3.0 20080428 (Red Hat 4.3.0-8)

time: Mon Nov  9 17:44:36 2015
elapsed time: 424 seconds (0d 0h 7m 4s)

