#
# A fatal error has been detected by the Java Runtime Environment:
#
#  SIGSEGV (0xb) at pc=0x00007f4abaae5190, pid=3520, tid=139958498514688
#
# JRE version: Java(TM) SE Runtime Environment (8.0_20-b26) (build 1.8.0_20-b26)
# Java VM: Java HotSpot(TM) 64-Bit Server VM (25.20-b23 mixed mode linux-amd64 compressed oops)
# Problematic frame:
# V  [libjvm.so+0x873190]  Method::checked_resolve_jmethod_id(_jmethodID*)+0x20
#
# Failed to write core dump. Core dumps have been disabled. To enable core dumping, try "ulimit -c unlimited" before starting Java again
#
# If you would like to submit a bug report, please visit:
#   http://bugreport.sun.com/bugreport/crash.jsp
#

---------------  T H R E A D  ---------------

Current thread (0x00007f4ab40ba000):  JavaThread "JDWP Transport Listener: dt_socket" daemon [_thread_in_vm, id=3539, stack(0x00007f4aa0865000,0x00007f4aa0966000)]

siginfo: si_signo: 11 (SIGSEGV), si_code: 1 (SEGV_MAPERR), si_addr: 0x0000000000000031

Registers:
RAX=0x0000000000000001, RBX=0x00007f4ab40036a0, RCX=0x00007f4abbbf0340, RDX=0x00007f4abb1c9fe0
RSP=0x00007f4aa0964a50, RBP=0x00007f4aa0964a60, RSI=0x00007f4ab40ba000, RDI=0x0000000000000031
R8 =0x00007f4a74007b40, R9 =0x0000000000000000, R10=0x0000000000000010, R11=0x00007f4abb38aff0
R12=0x0000000000000017, R13=0x0000000000000031, R14=0x00007f4ab40ba000, R15=0x00007f4aa0964b67
RIP=0x00007f4abaae5190, EFLAGS=0x0000000000010202, CSGSFS=0x0000000000000033, ERR=0x0000000000000004
  TRAPNO=0x000000000000000e

Top of Stack: (sp=0x00007f4aa0964a50)
0x00007f4aa0964a50:   0000000000000074 00007f4ab40036a0
0x00007f4aa0964a60:   00007f4aa0964ad0 00007f4aba97a78e
0x00007f4aa0964a70:   00007f4a74007b40 00007f4aa0964a80
0x00007f4aa0964a80:   00007f4ab40ba000 0000000000000000
0x00007f4aa0964a90:   00007f4a00000000 0000000000000000
0x00007f4aa0964aa0:   00007f4aa0964ac0 00007f4ab9926d60
0x00007f4aa0964ab0:   0000000000000031 00007f4aa0964b67
0x00007f4aa0964ac0:   0000000000000005 00007f4aa0964b67
0x00007f4aa0964ad0:   00007f4aa0964b00 00007f4ab9712872
0x00007f4aa0964ae0:   00007f4aa0964b00 0000000000000031
0x00007f4aa0964af0:   00007f4aa0964bd0 0000000000000028
0x00007f4aa0964b00:   00007f4aa0964b90 00007f4ab96f3a60
0x00007f4aa0964b10:   00007f4aa0964b48 00007f4aa0964b40
0x00007f4aa0964b20:   00007f4aa0964b38 00007f4aa0964b5c
0x00007f4aa0964b30:   0000000174002ed0 0000000000000000
0x00007f4aa0964b40:   0000000000000000 0000000000000000
0x00007f4aa0964b50:   00007f4a74007c40 00000009a0964bd0
0x00007f4aa0964b60:   0000000000000006 0000000000000002
0x00007f4aa0964b70:   000000000000000f 0000000000000002
0x00007f4aa0964b80:   00000000000f0200 000000000000000f
0x00007f4aa0964b90:   00007f4aa0964de0 00007f4ab96fe976
0x00007f4aa0964ba0:   00005cfb00000013 00007f4aba0f0200
0x00007f4aa0964bb0:   00007f4a6c000fb0 0000000000000000
0x00007f4aa0964bc0:   00007f4aa0964bd0 00007f4aa0964d60
0x00007f4aa0964bd0:   00007f4aa0964cd9 00007f4a00000073
0x00007f4aa0964be0:   00007f4aa0964be8 00000000000000b9
0x00007f4aa0964bf0:   00007f4aa0964c20 0000000000000000
0x00007f4aa0964c00:   00007f0000000000 00005cfb0000001c
0x00007f4aa0964c10:   00007f4a00004d80 00007f4aa0964c20
0x00007f4aa0964c20:   4a7f000006000000 08000000606e0074
0x00007f4aa0964c30:   3e74696e696c633c 0056292803000000
0x00007f4aa0964c40:   0008000000000000 00586e00744a7f00 

Instructions: (pc=0x00007f4abaae5190)
0x00007f4abaae5170:   55 48 89 e5 53 48 83 ec 08 48 85 ff 75 12 31 db
0x00007f4abaae5180:   48 89 d8 48 83 c4 08 5b c9 c3 66 0f 1f 44 00 00
0x00007f4abaae5190:   48 8b 1f 48 85 db 74 e6 48 83 fb 37 74 e0 48 8b
0x00007f4abaae51a0:   03 48 89 df ff 50 10 84 c0 0f 1f 80 00 00 00 00 

Register to memory mapping:

RAX=0x0000000000000001 is an unknown value
RBX=0x00007f4ab40036a0 is an unknown value
RCX=0x00007f4abbbf0340: <offset 0x219340> in /lib/x86_64-linux-gnu/libpthread.so.0 at 0x00007f4abb9d7000
RDX=0x00007f4abb1c9fe0: <offset 0xf57fe0> in /home/hijj/software/javaAndroid/jdk/jdk8/jre/lib/amd64/server/libjvm.so at 0x00007f4aba272000
RSP=0x00007f4aa0964a50 is pointing into the stack for thread: 0x00007f4ab40ba000
RBP=0x00007f4aa0964a60 is pointing into the stack for thread: 0x00007f4ab40ba000
RSI=0x00007f4ab40ba000 is a thread
RDI=0x0000000000000031 is an unknown value
R8 =0x00007f4a74007b40 is an unknown value
R9 =0x0000000000000000 is an unknown value
R10=0x0000000000000010 is an unknown value
R11=0x00007f4abb38aff0: <offset 0x196ff0> in /lib/x86_64-linux-gnu/libc.so.6 at 0x00007f4abb1f4000
R12=0x0000000000000017 is an unknown value
R13=0x0000000000000031 is an unknown value
R14=0x00007f4ab40ba000 is a thread
R15=0x00007f4aa0964b67 is pointing into the stack for thread: 0x00007f4ab40ba000


Stack: [0x00007f4aa0865000,0x00007f4aa0966000],  sp=0x00007f4aa0964a50,  free space=1022k
Native frames: (J=compiled Java code, j=interpreted, Vv=VM code, C=native code)
V  [libjvm.so+0x873190]  Method::checked_resolve_jmethod_id(_jmethodID*)+0x20
V  [libjvm.so+0x70878e]  jvmti_IsMethodSynthetic+0x29e
C  [libjdwp.so+0x25872]  isMethodSynthetic+0x42
C  [libjdwp.so+0x6a60]  methods1+0x1b0
C  [libjdwp.so+0x11976]  debugLoop_run+0x2b6
C  [libjdwp.so+0x247af]  attachThread+0x2f
V  [libjvm.so+0x7744f2]  JvmtiAgentThread::call_start_function()+0xc2
V  [libjvm.so+0xa2990f]  JavaThread::thread_main_inner()+0xdf
V  [libjvm.so+0xa29a3c]  JavaThread::run()+0x11c
V  [libjvm.so+0x8e75f8]  java_start(Thread*)+0x108
C  [libpthread.so.0+0x76aa]  start_thread+0xca


---------------  P R O C E S S  ---------------

Java Threads: ( => current thread )
  0x00007f4ab40da800 JavaThread "Service Thread" daemon [_thread_blocked, id=3549, stack(0x00007f4aa025f000,0x00007f4aa0360000)]
  0x00007f4ab40c5000 JavaThread "C1 CompilerThread2" daemon [_thread_blocked, id=3548, stack(0x00007f4aa0360000,0x00007f4aa0461000)]
  0x00007f4ab40c3000 JavaThread "C2 CompilerThread1" daemon [_thread_blocked, id=3547, stack(0x00007f4aa0461000,0x00007f4aa0562000)]
  0x00007f4ab40c0000 JavaThread "C2 CompilerThread0" daemon [_thread_blocked, id=3546, stack(0x00007f4aa0562000,0x00007f4aa0663000)]
  0x00007f4a74001000 JavaThread "JDWP Command Reader" daemon [_thread_in_native, id=3543, stack(0x00007f4aa0663000,0x00007f4aa0764000)]
  0x00007f4ab40be000 JavaThread "JDWP Event Helper Thread" daemon [_thread_blocked, id=3541, stack(0x00007f4aa0764000,0x00007f4aa0865000)]
=>0x00007f4ab40ba000 JavaThread "JDWP Transport Listener: dt_socket" daemon [_thread_in_vm, id=3539, stack(0x00007f4aa0865000,0x00007f4aa0966000)]
  0x00007f4ab40ad000 JavaThread "Signal Dispatcher" daemon [_thread_blocked, id=3537, stack(0x00007f4aa0b6a000,0x00007f4aa0c6b000)]
  0x00007f4ab407f000 JavaThread "Finalizer" daemon [_thread_blocked, id=3535, stack(0x00007f4aa0c6b000,0x00007f4aa0d6c000)]
  0x00007f4ab407d000 JavaThread "Reference Handler" daemon [_thread_blocked, id=3534, stack(0x00007f4aa0d6c000,0x00007f4aa0e6d000)]
  0x00007f4ab400c000 JavaThread "main" [_thread_in_native, id=3522, stack(0x00007f4abbcf7000,0x00007f4abbdf8000)]

Other Threads:
  0x00007f4ab4075800 VMThread [stack: 0x00007f4aa0e6d000,0x00007f4aa0f6e000] [id=3533]
  0x00007f4ab40dd000 WatcherThread [stack: 0x00007f4aa015e000,0x00007f4aa025f000] [id=3550]

VM state:not at safepoint (normal execution)

VM Mutex/Monitor currently owned by a thread: None

Heap:
 PSYoungGen      total 17920K, used 2154K [0x00000000ec580000, 0x00000000ed980000, 0x0000000100000000)
  eden space 15360K, 14% used [0x00000000ec580000,0x00000000ec79a800,0x00000000ed480000)
  from space 2560K, 0% used [0x00000000ed700000,0x00000000ed700000,0x00000000ed980000)
  to   space 2560K, 0% used [0x00000000ed480000,0x00000000ed480000,0x00000000ed700000)
 ParOldGen       total 40960K, used 0K [0x00000000c5000000, 0x00000000c7800000, 0x00000000ec580000)
  object space 40960K, 0% used [0x00000000c5000000,0x00000000c5000000,0x00000000c7800000)
 Metaspace       used 3565K, capacity 4644K, committed 4864K, reserved 1056768K
  class space    used 394K, capacity 396K, committed 512K, reserved 1048576K

Card table byte_map: [0x00007f4ab81d8000,0x00007f4ab83b1000] byte_map_base: 0x00007f4ab7bb0000

Marking Bits: (ParMarkBitMap*) 0x00007f4abb1c9ac0
 Begin Bits: [0x00007f4aa2abc000, 0x00007f4aa397c000)
 End Bits:   [0x00007f4aa397c000, 0x00007f4aa483c000)

Polling page: 0x00007f4abbe15000

CodeCache: size=245760Kb used=1203Kb max_used=1203Kb free=244556Kb
 bounds [0x00007f4aa5000000, 0x00007f4aa5270000, 0x00007f4ab4000000]
 total_blobs=304 nmethods=67 adapters=160
 compilation: enabled

Compilation events (10 events):
Event: 0.304 Thread 0x00007f4ab40c5000   61       3       java.lang.StringBuilder::toString (17 bytes)
Event: 0.304 Thread 0x00007f4ab40c5000 nmethod 61 0x00007f4aa512a350 code [0x00007f4aa512a4c0, 0x00007f4aa512a6c8]
Event: 0.304 Thread 0x00007f4ab40c5000   62       3       java.lang.String::indexOf (166 bytes)
Event: 0.304 Thread 0x00007f4ab40c5000 nmethod 62 0x00007f4aa512a790 code [0x00007f4aa512a940, 0x00007f4aa512af90]
Event: 0.305 Thread 0x00007f4ab40c5000   64       3       java.util.concurrent.ConcurrentHashMap::setTabAt (19 bytes)
Event: 0.305 Thread 0x00007f4ab40c5000 nmethod 64 0x00007f4aa512c790 code [0x00007f4aa512c8e0, 0x00007f4aa512ca50]
Event: 0.305 Thread 0x00007f4ab40c5000   66       3       java.util.concurrent.ConcurrentHashMap::casTabAt (20 bytes)
Event: 0.306 Thread 0x00007f4ab40c5000 nmethod 66 0x00007f4aa512cad0 code [0x00007f4aa512cc20, 0x00007f4aa512cd90]
Event: 753.568 Thread 0x00007f4ab40c5000   67       3       java.util.concurrent.ConcurrentHashMap$Node::<init> (26 bytes)
Event: 753.568 Thread 0x00007f4ab40c5000 nmethod 67 0x00007f4aa512ce10 code [0x00007f4aa512cf80, 0x00007f4aa512d170]

GC Heap History (0 events):
No events

Deoptimization events (0 events):
No events

Internal exceptions (10 events):
Event: 0.296 Thread 0x00007f4ab400c000 Exception <a 'java/security/PrivilegedActionException'> (0x00000000ec72c478) thrown at [/HUDSON/workspace/8-2-build-linux-amd64/jdk8u20/1074/hotspot/src/share/vm/prims/jvm.cpp, line 1275]
Event: 0.296 Thread 0x00007f4ab400c000 Exception <a 'java/security/PrivilegedActionException'> (0x00000000ec72d630) thrown at [/HUDSON/workspace/8-2-build-linux-amd64/jdk8u20/1074/hotspot/src/share/vm/prims/jvm.cpp, line 1275]
Event: 0.297 Thread 0x00007f4ab400c000 Exception <a 'java/security/PrivilegedActionException'> (0x00000000ec730050) thrown at [/HUDSON/workspace/8-2-build-linux-amd64/jdk8u20/1074/hotspot/src/share/vm/prims/jvm.cpp, line 1275]
Event: 0.297 Thread 0x00007f4ab400c000 Exception <a 'java/security/PrivilegedActionException'> (0x00000000ec7313f0) thrown at [/HUDSON/workspace/8-2-build-linux-amd64/jdk8u20/1074/hotspot/src/share/vm/prims/jvm.cpp, line 1275]
Event: 0.301 Thread 0x00007f4ab400c000 Exception <a 'java/security/PrivilegedActionException'> (0x00000000ec745190) thrown at [/HUDSON/workspace/8-2-build-linux-amd64/jdk8u20/1074/hotspot/src/share/vm/prims/jvm.cpp, line 1275]
Event: 0.301 Thread 0x00007f4ab400c000 Exception <a 'java/security/PrivilegedActionException'> (0x00000000ec746628) thrown at [/HUDSON/workspace/8-2-build-linux-amd64/jdk8u20/1074/hotspot/src/share/vm/prims/jvm.cpp, line 1275]
Event: 0.303 Thread 0x00007f4ab400c000 Exception <a 'java/security/PrivilegedActionException'> (0x00000000ec753cc0) thrown at [/HUDSON/workspace/8-2-build-linux-amd64/jdk8u20/1074/hotspot/src/share/vm/prims/jvm.cpp, line 1275]
Event: 0.303 Thread 0x00007f4ab400c000 Exception <a 'java/security/PrivilegedActionException'> (0x00000000ec755380) thrown at [/HUDSON/workspace/8-2-build-linux-amd64/jdk8u20/1074/hotspot/src/share/vm/prims/jvm.cpp, line 1275]
Event: 0.303 Thread 0x00007f4ab400c000 Exception <a 'java/security/PrivilegedActionException'> (0x00000000ec757a20) thrown at [/HUDSON/workspace/8-2-build-linux-amd64/jdk8u20/1074/hotspot/src/share/vm/prims/jvm.cpp, line 1275]
Event: 0.303 Thread 0x00007f4ab400c000 Exception <a 'java/security/PrivilegedActionException'> (0x00000000ec759100) thrown at [/HUDSON/workspace/8-2-build-linux-amd64/jdk8u20/1074/hotspot/src/share/vm/prims/jvm.cpp, line 1275]

Events (10 events):
Event: 753.620 Executing VM operation: ChangeBreakpoints
Event: 753.621 Executing VM operation: ChangeBreakpoints done
Event: 753.629 Executing VM operation: ChangeBreakpoints
Event: 753.629 Executing VM operation: ChangeBreakpoints done
Event: 753.629 Executing VM operation: ChangeBreakpoints
Event: 753.629 Executing VM operation: ChangeBreakpoints done
Event: 753.632 Executing VM operation: ChangeBreakpoints
Event: 753.632 Executing VM operation: ChangeBreakpoints done
Event: 765.932 Executing VM operation: RedefineClasses
Event: 765.933 Executing VM operation: RedefineClasses done


Dynamic libraries:
00400000-00401000 r-xp 00000000 08:08 2622385                            /home/hijj/software/javaAndroid/jdk/jdk8/bin/java
00600000-00601000 rw-p 00000000 08:08 2622385                            /home/hijj/software/javaAndroid/jdk/jdk8/bin/java
017f4000-01815000 rw-p 00000000 00:00 0                                  [heap]
c5000000-c7800000 rw-p 00000000 00:00 0 
c7800000-ec580000 ---p 00000000 00:00 0 
ec580000-ed980000 rw-p 00000000 00:00 0 
ed980000-100000000 ---p 00000000 00:00 0 
100000000-100080000 rw-p 00000000 00:00 0 
100080000-140000000 ---p 00000000 00:00 0 
7f4a5c000000-7f4a5c021000 rw-p 00000000 00:00 0 
7f4a5c021000-7f4a60000000 ---p 00000000 00:00 0 
7f4a60000000-7f4a60021000 rw-p 00000000 00:00 0 
7f4a60021000-7f4a64000000 ---p 00000000 00:00 0 
7f4a64000000-7f4a64021000 rw-p 00000000 00:00 0 
7f4a64021000-7f4a68000000 ---p 00000000 00:00 0 
7f4a68000000-7f4a680a4000 rw-p 00000000 00:00 0 
7f4a680a4000-7f4a6c000000 ---p 00000000 00:00 0 
7f4a6c000000-7f4a6c021000 rw-p 00000000 00:00 0 
7f4a6c021000-7f4a70000000 ---p 00000000 00:00 0 
7f4a70000000-7f4a70036000 rw-p 00000000 00:00 0 
7f4a70036000-7f4a74000000 ---p 00000000 00:00 0 
7f4a74000000-7f4a74022000 rw-p 00000000 00:00 0 
7f4a74022000-7f4a78000000 ---p 00000000 00:00 0 
7f4a78000000-7f4a78021000 rw-p 00000000 00:00 0 
7f4a78021000-7f4a7c000000 ---p 00000000 00:00 0 
7f4a7c000000-7f4a7c021000 rw-p 00000000 00:00 0 
7f4a7c021000-7f4a80000000 ---p 00000000 00:00 0 
7f4a80000000-7f4a80021000 rw-p 00000000 00:00 0 
7f4a80021000-7f4a84000000 ---p 00000000 00:00 0 
7f4a84000000-7f4a84021000 rw-p 00000000 00:00 0 
7f4a84021000-7f4a88000000 ---p 00000000 00:00 0 
7f4a88000000-7f4a88021000 rw-p 00000000 00:00 0 
7f4a88021000-7f4a8c000000 ---p 00000000 00:00 0 
7f4a8c000000-7f4a8c021000 rw-p 00000000 00:00 0 
7f4a8c021000-7f4a90000000 ---p 00000000 00:00 0 
7f4a90000000-7f4a90021000 rw-p 00000000 00:00 0 
7f4a90021000-7f4a94000000 ---p 00000000 00:00 0 
7f4a94000000-7f4a94021000 rw-p 00000000 00:00 0 
7f4a94021000-7f4a98000000 ---p 00000000 00:00 0 
7f4a9be76000-7f4a9c000000 rw-p 00000000 00:00 0 
7f4a9c000000-7f4a9c021000 rw-p 00000000 00:00 0 
7f4a9c021000-7f4aa0000000 ---p 00000000 00:00 0 
7f4aa0044000-7f4aa012f000 rw-p 00000000 00:00 0 
7f4aa012f000-7f4aa0142000 r--s 00344000 08:08 2628842                    /home/hijj/software/javaAndroid/jdk/jdk8/jre/lib/resources.jar
7f4aa0142000-7f4aa015e000 r--s 00393000 08:08 2628860                    /home/hijj/software/javaAndroid/jdk/jdk8/jre/lib/ext/cldrdata.jar
7f4aa015e000-7f4aa015f000 ---p 00000000 00:00 0 
7f4aa015f000-7f4aa025f000 rw-p 00000000 00:00 0                          [stack:3550]
7f4aa025f000-7f4aa0262000 ---p 00000000 00:00 0 
7f4aa0262000-7f4aa0360000 rw-p 00000000 00:00 0                          [stack:3549]
7f4aa0360000-7f4aa0363000 ---p 00000000 00:00 0 
7f4aa0363000-7f4aa0461000 rw-p 00000000 00:00 0                          [stack:3548]
7f4aa0461000-7f4aa0464000 ---p 00000000 00:00 0 
7f4aa0464000-7f4aa0562000 rw-p 00000000 00:00 0                          [stack:3547]
7f4aa0562000-7f4aa0565000 ---p 00000000 00:00 0 
7f4aa0565000-7f4aa0663000 rw-p 00000000 00:00 0                          [stack:3546]
7f4aa0663000-7f4aa0666000 ---p 00000000 00:00 0 
7f4aa0666000-7f4aa0764000 rw-p 00000000 00:00 0                          [stack:3543]
7f4aa0764000-7f4aa0767000 ---p 00000000 00:00 0 
7f4aa0767000-7f4aa0865000 rw-p 00000000 00:00 0                          [stack:3541]
7f4aa0865000-7f4aa0868000 ---p 00000000 00:00 0 
7f4aa0868000-7f4aa0966000 rw-p 00000000 00:00 0                          [stack:3539]
7f4aa0966000-7f4aa096a000 r-xp 00000000 08:08 2628974                    /home/hijj/software/javaAndroid/jdk/jdk8/jre/lib/amd64/libdt_socket.so
7f4aa096a000-7f4aa0b69000 ---p 00004000 08:08 2628974                    /home/hijj/software/javaAndroid/jdk/jdk8/jre/lib/amd64/libdt_socket.so
7f4aa0b69000-7f4aa0b6a000 rw-p 00003000 08:08 2628974                    /home/hijj/software/javaAndroid/jdk/jdk8/jre/lib/amd64/libdt_socket.so
7f4aa0b6a000-7f4aa0b6d000 ---p 00000000 00:00 0 
7f4aa0b6d000-7f4aa0c6b000 rw-p 00000000 00:00 0                          [stack:3537]
7f4aa0c6b000-7f4aa0c6e000 ---p 00000000 00:00 0 
7f4aa0c6e000-7f4aa0d6c000 rw-p 00000000 00:00 0                          [stack:3535]
7f4aa0d6c000-7f4aa0d6f000 ---p 00000000 00:00 0 
7f4aa0d6f000-7f4aa0e6d000 rw-p 00000000 00:00 0                          [stack:3534]
7f4aa0e6d000-7f4aa0e6e000 ---p 00000000 00:00 0 
7f4aa0e6e000-7f4aa1f0e000 rw-p 00000000 00:00 0                          [stack:3533]
7f4aa1f0e000-7f4aa20e4000 r--s 03ca8000 08:08 2628807                    /home/hijj/software/javaAndroid/jdk/jdk8/jre/lib/rt.jar
7f4aa20e4000-7f4aa2524000 rw-p 00000000 00:00 0 
7f4aa2524000-7f4aa28e4000 ---p 00000000 00:00 0 
7f4aa28e4000-7f4aa483c000 rw-p 00000000 00:00 0 
7f4aa483c000-7f4aa483d000 ---p 00000000 00:00 0 
7f4aa483d000-7f4aa493d000 rw-p 00000000 00:00 0                          [stack:3530]
7f4aa493d000-7f4aa493e000 ---p 00000000 00:00 0 
7f4aa493e000-7f4aa4a3e000 rw-p 00000000 00:00 0                          [stack:3529]
7f4aa4a3e000-7f4aa4a3f000 ---p 00000000 00:00 0 
7f4aa4a3f000-7f4aa4b3f000 rw-p 00000000 00:00 0                          [stack:3528]
7f4aa4b3f000-7f4aa4b40000 ---p 00000000 00:00 0 
7f4aa4b40000-7f4aa4c4a000 rw-p 00000000 00:00 0                          [stack:3525]
7f4aa4c4a000-7f4aa5000000 ---p 00000000 00:00 0 
7f4aa5000000-7f4aa5270000 rwxp 00000000 00:00 0 
7f4aa5270000-7f4ab4000000 ---p 00000000 00:00 0 
7f4ab4000000-7f4ab4168000 rw-p 00000000 00:00 0 
7f4ab4168000-7f4ab8000000 ---p 00000000 00:00 0 
7f4ab8006000-7f4ab80b1000 rw-p 00000000 00:00 0 
7f4ab80b1000-7f4ab81d8000 ---p 00000000 00:00 0 
7f4ab81d8000-7f4ab81ec000 rw-p 00000000 00:00 0 
7f4ab81ec000-7f4ab8312000 ---p 00000000 00:00 0 
7f4ab8312000-7f4ab831d000 rw-p 00000000 00:00 0 
7f4ab831d000-7f4ab83b0000 ---p 00000000 00:00 0 
7f4ab83b0000-7f4ab83b1000 rw-p 00000000 00:00 0 
7f4ab83b1000-7f4ab83cb000 r-xp 00000000 08:08 2629001                    /home/hijj/software/javaAndroid/jdk/jdk8/jre/lib/amd64/libzip.so
7f4ab83cb000-7f4ab85cb000 ---p 0001a000 08:08 2629001                    /home/hijj/software/javaAndroid/jdk/jdk8/jre/lib/amd64/libzip.so
7f4ab85cb000-7f4ab85cc000 rw-p 0001a000 08:08 2629001                    /home/hijj/software/javaAndroid/jdk/jdk8/jre/lib/amd64/libzip.so
7f4ab85cc000-7f4ab85d8000 r-xp 00000000 08:08 5771539                    /lib/x86_64-linux-gnu/libnss_files-2.21.so
7f4ab85d8000-7f4ab87d7000 ---p 0000c000 08:08 5771539                    /lib/x86_64-linux-gnu/libnss_files-2.21.so
7f4ab87d7000-7f4ab87d8000 r--p 0000b000 08:08 5771539                    /lib/x86_64-linux-gnu/libnss_files-2.21.so
7f4ab87d8000-7f4ab87d9000 rw-p 0000c000 08:08 5771539                    /lib/x86_64-linux-gnu/libnss_files-2.21.so
7f4ab87d9000-7f4ab87e4000 r-xp 00000000 08:08 5771549                    /lib/x86_64-linux-gnu/libnss_nis-2.21.so
7f4ab87e4000-7f4ab89e3000 ---p 0000b000 08:08 5771549                    /lib/x86_64-linux-gnu/libnss_nis-2.21.so
7f4ab89e3000-7f4ab89e4000 r--p 0000a000 08:08 5771549                    /lib/x86_64-linux-gnu/libnss_nis-2.21.so
7f4ab89e4000-7f4ab89e5000 rw-p 0000b000 08:08 5771549                    /lib/x86_64-linux-gnu/libnss_nis-2.21.so
7f4ab89e5000-7f4ab89fc000 r-xp 00000000 08:08 5771533                    /lib/x86_64-linux-gnu/libnsl-2.21.so
7f4ab89fc000-7f4ab8bfb000 ---p 00017000 08:08 5771533                    /lib/x86_64-linux-gnu/libnsl-2.21.so
7f4ab8bfb000-7f4ab8bfc000 r--p 00016000 08:08 5771533                    /lib/x86_64-linux-gnu/libnsl-2.21.so
7f4ab8bfc000-7f4ab8bfd000 rw-p 00017000 08:08 5771533                    /lib/x86_64-linux-gnu/libnsl-2.21.so
7f4ab8bfd000-7f4ab8bff000 rw-p 00000000 00:00 0 
7f4ab8bff000-7f4ab8c07000 r-xp 00000000 08:08 5771535                    /lib/x86_64-linux-gnu/libnss_compat-2.21.so
7f4ab8c07000-7f4ab8e06000 ---p 00008000 08:08 5771535                    /lib/x86_64-linux-gnu/libnss_compat-2.21.so
7f4ab8e06000-7f4ab8e07000 r--p 00007000 08:08 5771535                    /lib/x86_64-linux-gnu/libnss_compat-2.21.so
7f4ab8e07000-7f4ab8e08000 rw-p 00008000 08:08 5771535                    /lib/x86_64-linux-gnu/libnss_compat-2.21.so
7f4ab8e08000-7f4ab94ea000 r--p 00000000 08:08 4070784                    /usr/lib/locale/locale-archive
7f4ab94ea000-7f4ab94ec000 r-xp 00000000 08:08 2628975                    /home/hijj/software/javaAndroid/jdk/jdk8/jre/lib/amd64/libnpt.so
7f4ab94ec000-7f4ab96ec000 ---p 00002000 08:08 2628975                    /home/hijj/software/javaAndroid/jdk/jdk8/jre/lib/amd64/libnpt.so
7f4ab96ec000-7f4ab96ed000 rw-p 00002000 08:08 2628975                    /home/hijj/software/javaAndroid/jdk/jdk8/jre/lib/amd64/libnpt.so
7f4ab96ed000-7f4ab9726000 r-xp 00000000 08:08 2628992                    /home/hijj/software/javaAndroid/jdk/jdk8/jre/lib/amd64/libjdwp.so
7f4ab9726000-7f4ab9925000 ---p 00039000 08:08 2628992                    /home/hijj/software/javaAndroid/jdk/jdk8/jre/lib/amd64/libjdwp.so
7f4ab9925000-7f4ab9927000 rw-p 00038000 08:08 2628992                    /home/hijj/software/javaAndroid/jdk/jdk8/jre/lib/amd64/libjdwp.so
7f4ab9927000-7f4ab9951000 r-xp 00000000 08:08 2628996                    /home/hijj/software/javaAndroid/jdk/jdk8/jre/lib/amd64/libjava.so
7f4ab9951000-7f4ab9b51000 ---p 0002a000 08:08 2628996                    /home/hijj/software/javaAndroid/jdk/jdk8/jre/lib/amd64/libjava.so
7f4ab9b51000-7f4ab9b53000 rw-p 0002a000 08:08 2628996                    /home/hijj/software/javaAndroid/jdk/jdk8/jre/lib/amd64/libjava.so
7f4ab9b53000-7f4ab9b60000 r-xp 00000000 08:08 2629000                    /home/hijj/software/javaAndroid/jdk/jdk8/jre/lib/amd64/libverify.so
7f4ab9b60000-7f4ab9d60000 ---p 0000d000 08:08 2629000                    /home/hijj/software/javaAndroid/jdk/jdk8/jre/lib/amd64/libverify.so
7f4ab9d60000-7f4ab9d62000 rw-p 0000d000 08:08 2629000                    /home/hijj/software/javaAndroid/jdk/jdk8/jre/lib/amd64/libverify.so
7f4ab9d62000-7f4ab9d69000 r-xp 00000000 08:08 5771594                    /lib/x86_64-linux-gnu/librt-2.21.so
7f4ab9d69000-7f4ab9f68000 ---p 00007000 08:08 5771594                    /lib/x86_64-linux-gnu/librt-2.21.so
7f4ab9f68000-7f4ab9f69000 r--p 00006000 08:08 5771594                    /lib/x86_64-linux-gnu/librt-2.21.so
7f4ab9f69000-7f4ab9f6a000 rw-p 00007000 08:08 5771594                    /lib/x86_64-linux-gnu/librt-2.21.so
7f4ab9f6a000-7f4aba071000 r-xp 00000000 08:08 5771512                    /lib/x86_64-linux-gnu/libm-2.21.so
7f4aba071000-7f4aba270000 ---p 00107000 08:08 5771512                    /lib/x86_64-linux-gnu/libm-2.21.so
7f4aba270000-7f4aba271000 r--p 00106000 08:08 5771512                    /lib/x86_64-linux-gnu/libm-2.21.so
7f4aba271000-7f4aba272000 rw-p 00107000 08:08 5771512                    /lib/x86_64-linux-gnu/libm-2.21.so
7f4aba272000-7f4abaedc000 r-xp 00000000 08:08 2628982                    /home/hijj/software/javaAndroid/jdk/jdk8/jre/lib/amd64/server/libjvm.so
7f4abaedc000-7f4abb0db000 ---p 00c6a000 08:08 2628982                    /home/hijj/software/javaAndroid/jdk/jdk8/jre/lib/amd64/server/libjvm.so
7f4abb0db000-7f4abb1b2000 rw-p 00c69000 08:08 2628982                    /home/hijj/software/javaAndroid/jdk/jdk8/jre/lib/amd64/server/libjvm.so
7f4abb1b2000-7f4abb1f4000 rw-p 00000000 00:00 0 
7f4abb1f4000-7f4abb3b4000 r-xp 00000000 08:08 5771453                    /lib/x86_64-linux-gnu/libc-2.21.so
7f4abb3b4000-7f4abb5b4000 ---p 001c0000 08:08 5771453                    /lib/x86_64-linux-gnu/libc-2.21.so
7f4abb5b4000-7f4abb5b8000 r--p 001c0000 08:08 5771453                    /lib/x86_64-linux-gnu/libc-2.21.so
7f4abb5b8000-7f4abb5ba000 rw-p 001c4000 08:08 5771453                    /lib/x86_64-linux-gnu/libc-2.21.so
7f4abb5ba000-7f4abb5be000 rw-p 00000000 00:00 0 
7f4abb5be000-7f4abb5c1000 r-xp 00000000 08:08 5771470                    /lib/x86_64-linux-gnu/libdl-2.21.so
7f4abb5c1000-7f4abb7c0000 ---p 00003000 08:08 5771470                    /lib/x86_64-linux-gnu/libdl-2.21.so
7f4abb7c0000-7f4abb7c1000 r--p 00002000 08:08 5771470                    /lib/x86_64-linux-gnu/libdl-2.21.so
7f4abb7c1000-7f4abb7c2000 rw-p 00003000 08:08 5771470                    /lib/x86_64-linux-gnu/libdl-2.21.so
7f4abb7c2000-7f4abb7d7000 r-xp 00000000 08:08 2628623                    /home/hijj/software/javaAndroid/jdk/jdk8/lib/amd64/jli/libjli.so
7f4abb7d7000-7f4abb9d6000 ---p 00015000 08:08 2628623                    /home/hijj/software/javaAndroid/jdk/jdk8/lib/amd64/jli/libjli.so
7f4abb9d6000-7f4abb9d7000 rw-p 00014000 08:08 2628623                    /home/hijj/software/javaAndroid/jdk/jdk8/lib/amd64/jli/libjli.so
7f4abb9d7000-7f4abb9ef000 r-xp 00000000 08:08 5771586                    /lib/x86_64-linux-gnu/libpthread-2.21.so
7f4abb9ef000-7f4abbbef000 ---p 00018000 08:08 5771586                    /lib/x86_64-linux-gnu/libpthread-2.21.so
7f4abbbef000-7f4abbbf0000 r--p 00018000 08:08 5771586                    /lib/x86_64-linux-gnu/libpthread-2.21.so
7f4abbbf0000-7f4abbbf1000 rw-p 00019000 08:08 5771586                    /lib/x86_64-linux-gnu/libpthread-2.21.so
7f4abbbf1000-7f4abbbf5000 rw-p 00000000 00:00 0 
7f4abbbf5000-7f4abbc19000 r-xp 00000000 08:08 5771425                    /lib/x86_64-linux-gnu/ld-2.21.so
7f4abbc1f000-7f4abbcf7000 rw-p 00000000 00:00 0 
7f4abbcf7000-7f4abbcfa000 ---p 00000000 00:00 0 
7f4abbcfa000-7f4abbdfc000 rw-p 00000000 00:00 0                          [stack:3522]
7f4abbdff000-7f4abbe02000 rw-p 00000000 00:00 0 
7f4abbe02000-7f4abbe0c000 r--s 00116000 08:08 2628866                    /home/hijj/software/javaAndroid/jdk/jdk8/jre/lib/ext/localedata.jar
7f4abbe0c000-7f4abbe14000 rw-s 00000000 08:08 5265877                    /tmp/hsperfdata_hijj/3520
7f4abbe14000-7f4abbe15000 rw-p 00000000 00:00 0 
7f4abbe15000-7f4abbe16000 r--p 00000000 00:00 0 
7f4abbe16000-7f4abbe18000 rw-p 00000000 00:00 0 
7f4abbe18000-7f4abbe19000 r--p 00023000 08:08 5771425                    /lib/x86_64-linux-gnu/ld-2.21.so
7f4abbe19000-7f4abbe1a000 rw-p 00024000 08:08 5771425                    /lib/x86_64-linux-gnu/ld-2.21.so
7f4abbe1a000-7f4abbe1b000 rw-p 00000000 00:00 0 
7ffdba4f5000-7ffdba516000 rw-p 00000000 00:00 0                          [stack]
7ffdba5a5000-7ffdba5a7000 r--p 00000000 00:00 0                          [vvar]
7ffdba5a7000-7ffdba5a9000 r-xp 00000000 00:00 0                          [vdso]
ffffffffff600000-ffffffffff601000 r-xp 00000000 00:00 0                  [vsyscall]

VM Arguments:
jvm_args: -agentlib:jdwp=transport=dt_socket,suspend=y,address=localhost:52881 -Dfile.encoding=UTF-8 
java_command: learning.rzh1.rzh1
java_class_path (initial): /media/hijj/娱乐/github/repositories/ACM/Java/bin
Launcher Type: SUN_STANDARD

Environment Variables:
JAVA_HOME=/home/hijj/software/javaAndroid/jdk/jdk8
JRE_HOME=/home/hijj/software/javaAndroid/jdk/jdk8/jre
CLASSPATH=.:/home/hijj/software/javaAndroid/jdk/jdk8/lib:/home/hijj/software/javaAndroid/jdk/jdk8/jre/lib:.:$JAVA_HOME/lib:$JAVA_HOME/jre/lib
PATH=/home/hijj/software/javaAndroid/jdk/jdk8/bin:/home/hijj/software/javaAndroid/jdk/jdk8/jre/bin:/usr/local/sbin:/usr/local/bin:/usr/sbin:/usr/bin:/sbin:/bin:/usr/games:/usr/local/games:$JAVA_HOME/bin
SHELL=/bin/bash
DISPLAY=:0

Signal Handlers:
SIGSEGV: [libjvm.so+0xa77530], sa_mask[0]=11111111011111111101111111111110, sa_flags=SA_RESTART|SA_SIGINFO
SIGBUS: [libjvm.so+0xa77530], sa_mask[0]=11111111011111111101111111111110, sa_flags=SA_RESTART|SA_SIGINFO
SIGFPE: [libjvm.so+0x8e1d90], sa_mask[0]=11111111011111111101111111111110, sa_flags=SA_RESTART|SA_SIGINFO
SIGPIPE: [libjvm.so+0x8e1d90], sa_mask[0]=11111111011111111101111111111110, sa_flags=SA_RESTART|SA_SIGINFO
SIGXFSZ: [libjvm.so+0x8e1d90], sa_mask[0]=11111111011111111101111111111110, sa_flags=SA_RESTART|SA_SIGINFO
SIGILL: [libjvm.so+0x8e1d90], sa_mask[0]=11111111011111111101111111111110, sa_flags=SA_RESTART|SA_SIGINFO
SIGUSR1: SIG_DFL, sa_mask[0]=00000000000000000000000000000000, sa_flags=none
SIGUSR2: [libjvm.so+0x8e35c0], sa_mask[0]=00100000000000000000000000000000, sa_flags=SA_RESTART|SA_SIGINFO
SIGHUP: [libjvm.so+0x8e4980], sa_mask[0]=11111111011111111101111111111110, sa_flags=SA_RESTART|SA_SIGINFO
SIGINT: [libjvm.so+0x8e4980], sa_mask[0]=11111111011111111101111111111110, sa_flags=SA_RESTART|SA_SIGINFO
SIGTERM: [libjvm.so+0x8e4980], sa_mask[0]=11111111011111111101111111111110, sa_flags=SA_RESTART|SA_SIGINFO
SIGQUIT: [libjvm.so+0x8e4980], sa_mask[0]=11111111011111111101111111111110, sa_flags=SA_RESTART|SA_SIGINFO


---------------  S Y S T E M  ---------------

OS:DISTRIB_ID=Ubuntu
DISTRIB_RELEASE=15.04
DISTRIB_CODENAME=vivid
DISTRIB_DESCRIPTION="Ubuntu 15.04"

uname:Linux 3.19.0-32-generic #37-Ubuntu SMP Wed Oct 21 10:23:06 UTC 2015 x86_64
libc:glibc 2.21 NPTL 2.21 
rlimit: STACK 8192k, CORE 0k, NPROC 15002, NOFILE 65536, AS infinity
load average:0.13 0.17 0.25

/proc/meminfo:
MemTotal:        3863036 kB
MemFree:          588608 kB
MemAvailable:    1230148 kB
Buffers:          112904 kB
Cached:          1038324 kB
SwapCached:            0 kB
Active:          2235140 kB
Inactive:         817756 kB
Active(anon):    1905192 kB
Inactive(anon):   365788 kB
Active(file):     329948 kB
Inactive(file):   451968 kB
Unevictable:          48 kB
Mlocked:              48 kB
SwapTotal:       4005884 kB
SwapFree:        4005884 kB
Dirty:               816 kB
Writeback:             0 kB
AnonPages:       1901884 kB
Mapped:           338320 kB
Shmem:            369092 kB
Slab:              97780 kB
SReclaimable:      57132 kB
SUnreclaim:        40648 kB
KernelStack:       24640 kB
PageTables:        42872 kB
NFS_Unstable:          0 kB
Bounce:                0 kB
WritebackTmp:          0 kB
CommitLimit:     5937400 kB
Committed_AS:   10643552 kB
VmallocTotal:   34359738367 kB
VmallocUsed:      378056 kB
VmallocChunk:   34359349592 kB
HardwareCorrupted:     0 kB
AnonHugePages:    919552 kB
CmaTotal:              0 kB
CmaFree:               0 kB
HugePages_Total:       0
HugePages_Free:        0
HugePages_Rsvd:        0
HugePages_Surp:        0
Hugepagesize:       2048 kB
DirectMap4k:      142076 kB
DirectMap2M:     3866624 kB


CPU:total 4 (2 cores per cpu, 2 threads per core) family 6 model 58 stepping 9, cmov, cx8, fxsr, mmx, sse, sse2, sse3, ssse3, sse4.1, sse4.2, popcnt, avx, aes, clmul, erms, ht, tsc, tscinvbit, tscinv

/proc/cpuinfo:
processor	: 0
vendor_id	: GenuineIntel
cpu family	: 6
model		: 58
model name	: Intel(R) Core(TM) i5-3230M CPU @ 2.60GHz
stepping	: 9
microcode	: 0x17
cpu MHz		: 2999.953
cache size	: 3072 KB
physical id	: 0
siblings	: 4
core id		: 0
cpu cores	: 2
apicid		: 0
initial apicid	: 0
fpu		: yes
fpu_exception	: yes
cpuid level	: 13
wp		: yes
flags		: fpu vme de pse tsc msr pae mce cx8 apic sep mtrr pge mca cmov pat pse36 clflush dts acpi mmx fxsr sse sse2 ss ht tm pbe syscall nx rdtscp lm constant_tsc arch_perfmon pebs bts rep_good nopl xtopology nonstop_tsc aperfmperf eagerfpu pni pclmulqdq dtes64 monitor ds_cpl vmx est tm2 ssse3 cx16 xtpr pdcm pcid sse4_1 sse4_2 x2apic popcnt tsc_deadline_timer aes xsave avx f16c rdrand lahf_lm ida arat epb pln pts dtherm tpr_shadow vnmi flexpriority ept vpid fsgsbase smep erms xsaveopt
bugs		:
bogomips	: 5188.01
clflush size	: 64
cache_alignment	: 64
address sizes	: 36 bits physical, 48 bits virtual
power management:

processor	: 1
vendor_id	: GenuineIntel
cpu family	: 6
model		: 58
model name	: Intel(R) Core(TM) i5-3230M CPU @ 2.60GHz
stepping	: 9
microcode	: 0x17
cpu MHz		: 3000.156
cache size	: 3072 KB
physical id	: 0
siblings	: 4
core id		: 0
cpu cores	: 2
apicid		: 1
initial apicid	: 1
fpu		: yes
fpu_exception	: yes
cpuid level	: 13
wp		: yes
flags		: fpu vme de pse tsc msr pae mce cx8 apic sep mtrr pge mca cmov pat pse36 clflush dts acpi mmx fxsr sse sse2 ss ht tm pbe syscall nx rdtscp lm constant_tsc arch_perfmon pebs bts rep_good nopl xtopology nonstop_tsc aperfmperf eagerfpu pni pclmulqdq dtes64 monitor ds_cpl vmx est tm2 ssse3 cx16 xtpr pdcm pcid sse4_1 sse4_2 x2apic popcnt tsc_deadline_timer aes xsave avx f16c rdrand lahf_lm ida arat epb pln pts dtherm tpr_shadow vnmi flexpriority ept vpid fsgsbase smep erms xsaveopt
bugs		:
bogomips	: 5188.01
clflush size	: 64
cache_alignment	: 64
address sizes	: 36 bits physical, 48 bits virtual
power management:

processor	: 2
vendor_id	: GenuineIntel
cpu family	: 6
model		: 58
model name	: Intel(R) Core(TM) i5-3230M CPU @ 2.60GHz
stepping	: 9
microcode	: 0x17
cpu MHz		: 2999.953
cache size	: 3072 KB
physical id	: 0
siblings	: 4
core id		: 1
cpu cores	: 2
apicid		: 2
initial apicid	: 2
fpu		: yes
fpu_exception	: yes
cpuid level	: 13
wp		: yes
flags		: fpu vme de pse tsc msr pae mce cx8 apic sep mtrr pge mca cmov pat pse36 clflush dts acpi mmx fxsr sse sse2 ss ht tm pbe syscall nx rdtscp lm constant_tsc arch_perfmon pebs bts rep_good nopl xtopology nonstop_tsc aperfmperf eagerfpu pni pclmulqdq dtes64 monitor ds_cpl vmx est tm2 ssse3 cx16 xtpr pdcm pcid sse4_1 sse4_2 x2apic popcnt tsc_deadline_timer aes xsave avx f16c rdrand lahf_lm ida arat epb pln pts dtherm tpr_shadow vnmi flexpriority ept vpid fsgsbase smep erms xsaveopt
bugs		:
bogomips	: 5188.01
clflush size	: 64
cache_alignment	: 64
address sizes	: 36 bits physical, 48 bits virtual
power management:

processor	: 3
vendor_id	: GenuineIntel
cpu family	: 6
model		: 58
model name	: Intel(R) Core(TM) i5-3230M CPU @ 2.60GHz
stepping	: 9
microcode	: 0x17
cpu MHz		: 2999.953
cache size	: 3072 KB
physical id	: 0
siblings	: 4
core id		: 1
cpu cores	: 2
apicid		: 3
initial apicid	: 3
fpu		: yes
fpu_exception	: yes
cpuid level	: 13
wp		: yes
flags		: fpu vme de pse tsc msr pae mce cx8 apic sep mtrr pge mca cmov pat pse36 clflush dts acpi mmx fxsr sse sse2 ss ht tm pbe syscall nx rdtscp lm constant_tsc arch_perfmon pebs bts rep_good nopl xtopology nonstop_tsc aperfmperf eagerfpu pni pclmulqdq dtes64 monitor ds_cpl vmx est tm2 ssse3 cx16 xtpr pdcm pcid sse4_1 sse4_2 x2apic popcnt tsc_deadline_timer aes xsave avx f16c rdrand lahf_lm ida arat epb pln pts dtherm tpr_shadow vnmi flexpriority ept vpid fsgsbase smep erms xsaveopt
bugs		:
bogomips	: 5188.01
clflush size	: 64
cache_alignment	: 64
address sizes	: 36 bits physical, 48 bits virtual
power management:



Memory: 4k page, physical 3863036k(588608k free), swap 4005884k(4005884k free)

vm_info: Java HotSpot(TM) 64-Bit Server VM (25.20-b23) for linux-amd64 JRE (1.8.0_20-b26), built on Jul 30 2014 13:13:52 by "java_re" with gcc 4.3.0 20080428 (Red Hat 4.3.0-8)

time: Mon Nov  9 17:44:35 2015
elapsed time: 766 seconds (0d 0h 12m 46s)

