#
# A fatal error has been detected by the Java Runtime Environment:
#
#  SIGSEGV (0xb) at pc=0x00007f3a1b2fa190, pid=9797, tid=139887035991808
#
# JRE version: Java(TM) SE Runtime Environment (8.0_20-b26) (build 1.8.0_20-b26)
# Java VM: Java HotSpot(TM) 64-Bit Server VM (25.20-b23 mixed mode linux-amd64 compressed oops)
# Problematic frame:
# V  [libjvm.so+0x873190]  Method::checked_resolve_jmethod_id(_jmethodID*)+0x20
#
# Failed to write core dump. Core dumps have been disabled. To enable core dumping, try "ulimit -c unlimited" before starting Java again
#
# If you would like to submit a bug report, please visit:
#   http://bugreport.sun.com/bugreport/crash.jsp
#

---------------  T H R E A D  ---------------

Current thread (0x00007f3a140ba800):  JavaThread "JDWP Transport Listener: dt_socket" daemon [_thread_in_vm, id=9814, stack(0x00007f39fd06c000,0x00007f39fd16d000)]

siginfo: si_signo: 11 (SIGSEGV), si_code: 128 (SI_KERNEL), si_addr: 0x0000000000000000

Registers:
RAX=0x0000000000000001, RBX=0x00007f3a140036a0, RCX=0x00007f3a1c405340, RDX=0x00007f3a1b9defe0
RSP=0x00007f39fd16b7d0, RBP=0x00007f39fd16b7e0, RSI=0x00007f3a140ba800, RDI=0x003b797274003b6e
R8 =0x00007f39d800ab20, R9 =0x0000000000000000, R10=0x0000000000000020, R11=0x00007f3a1bba0230
R12=0x0000000000000017, R13=0x003b797274003b6e, R14=0x00007f3a140ba800, R15=0x00007f39fd16b8e7
RIP=0x00007f3a1b2fa190, EFLAGS=0x0000000000010202, CSGSFS=0x0000000000000033, ERR=0x0000000000000000
  TRAPNO=0x000000000000000d

Top of Stack: (sp=0x00007f39fd16b7d0)
0x00007f39fd16b7d0:   0000000000000074 00007f3a140036a0
0x00007f39fd16b7e0:   00007f39fd16b850 00007f3a1b18f78e
0x00007f39fd16b7f0:   00007f39d800ab20 00007f39fd16b800
0x00007f39fd16b800:   00007f3a140ba800 0000000000000000
0x00007f39fd16b810:   00007f3900000000 0000000000000000
0x00007f39fd16b820:   00007f39fd16b840 00007f3a1a13bd60
0x00007f39fd16b830:   003b797274003b6e 00007f39fd16b8e7
0x00007f39fd16b840:   0000000000000007 00007f39fd16b8e7
0x00007f39fd16b850:   00007f39fd16b880 00007f3a19f27872
0x00007f39fd16b860:   00007f39fd16b880 003b797274003b6e
0x00007f39fd16b870:   00007f39fd16b950 0000000000000038
0x00007f39fd16b880:   00007f39fd16b910 00007f3a19f08a60
0x00007f39fd16b890:   00007f39fd16b8c8 00007f39fd16b8c0
0x00007f39fd16b8a0:   00007f39fd16b8b8 00007f39fd16b8dc
0x00007f39fd16b8b0:   00000001d8008490 0000000000000000
0x00007f39fd16b8c0:   0000000000000000 0000000000000000
0x00007f39fd16b8d0:   00007f39d800ab40 0000000afd16b950
0x00007f39fd16b8e0:   0000000000000008 0000000000000002
0x00007f39fd16b8f0:   000000000000000f 0000000000000002
0x00007f39fd16b900:   00000000000f0200 000000000000000f
0x00007f39fd16b910:   00007f39fd16bb60 00007f3a19f13976
0x00007f39fd16b920:   0001d7b400000013 00007f3a1b0f0200
0x00007f39fd16b930:   00007f39d0000fb0 0000000000000000
0x00007f39fd16b940:   00007f39fd16b950 00007f39fd16bae0
0x00007f39fd16b950:   00007f39d800d001 00007f3a00000237
0x00007f39fd16b960:   00007f39d800d240 000000000000012c
0x00007f39fd16b970:   00007f39fd16b9a0 00007f39d800d240
0x00007f39fd16b980:   00007f0000000000 0001d7b40000001c
0x00007f39fd16b990:   00007f390000ba80 00007f39fd16b9a0
0x00007f39fd16b9a0:   397f000008000000 06000000985e00d8
0x00007f39fd16b9b0:   00003e74696e693c 0000005629280300
0x00007f39fd16b9c0:   7f00000100000000 000000905e00d839 

Instructions: (pc=0x00007f3a1b2fa190)
0x00007f3a1b2fa170:   55 48 89 e5 53 48 83 ec 08 48 85 ff 75 12 31 db
0x00007f3a1b2fa180:   48 89 d8 48 83 c4 08 5b c9 c3 66 0f 1f 44 00 00
0x00007f3a1b2fa190:   48 8b 1f 48 85 db 74 e6 48 83 fb 37 74 e0 48 8b
0x00007f3a1b2fa1a0:   03 48 89 df ff 50 10 84 c0 0f 1f 80 00 00 00 00 

Register to memory mapping:

RAX=0x0000000000000001 is an unknown value
RBX=0x00007f3a140036a0 is an unknown value
RCX=0x00007f3a1c405340: <offset 0x219340> in /lib/x86_64-linux-gnu/libpthread.so.0 at 0x00007f3a1c1ec000
RDX=0x00007f3a1b9defe0: <offset 0xf57fe0> in /home/hijj/software/javaAndroid/jdk/jdk8/jre/lib/amd64/server/libjvm.so at 0x00007f3a1aa87000
RSP=0x00007f39fd16b7d0 is pointing into the stack for thread: 0x00007f3a140ba800
RBP=0x00007f39fd16b7e0 is pointing into the stack for thread: 0x00007f3a140ba800
RSI=0x00007f3a140ba800 is a thread
RDI=0x003b797274003b6e is an unknown value
R8 =0x00007f39d800ab20 is an unknown value
R9 =0x0000000000000000 is an unknown value
R10=0x0000000000000020 is an unknown value
R11=0x00007f3a1bba0230: <offset 0x197230> in /lib/x86_64-linux-gnu/libc.so.6 at 0x00007f3a1ba09000
R12=0x0000000000000017 is an unknown value
R13=0x003b797274003b6e is an unknown value
R14=0x00007f3a140ba800 is a thread
R15=0x00007f39fd16b8e7 is pointing into the stack for thread: 0x00007f3a140ba800


Stack: [0x00007f39fd06c000,0x00007f39fd16d000],  sp=0x00007f39fd16b7d0,  free space=1021k
Native frames: (J=compiled Java code, j=interpreted, Vv=VM code, C=native code)
V  [libjvm.so+0x873190]  Method::checked_resolve_jmethod_id(_jmethodID*)+0x20
V  [libjvm.so+0x70878e]  jvmti_IsMethodSynthetic+0x29e
C  [libjdwp.so+0x25872]  isMethodSynthetic+0x42
C  [libjdwp.so+0x6a60]  methods1+0x1b0
C  [libjdwp.so+0x11976]  debugLoop_run+0x2b6
C  [libjdwp.so+0x247af]  attachThread+0x2f
V  [libjvm.so+0x7744f2]  JvmtiAgentThread::call_start_function()+0xc2
V  [libjvm.so+0xa2990f]  JavaThread::thread_main_inner()+0xdf
V  [libjvm.so+0xa29a3c]  JavaThread::run()+0x11c
V  [libjvm.so+0x8e75f8]  java_start(Thread*)+0x108
C  [libpthread.so.0+0x76aa]  start_thread+0xca


---------------  P R O C E S S  ---------------

Java Threads: ( => current thread )
  0x00007f3a140ca800 JavaThread "Service Thread" daemon [_thread_blocked, id=9825, stack(0x00007f39fca66000,0x00007f39fcb67000)]
  0x00007f3a140c5000 JavaThread "C1 CompilerThread2" daemon [_thread_blocked, id=9823, stack(0x00007f39fcb67000,0x00007f39fcc68000)]
  0x00007f3a140c3000 JavaThread "C2 CompilerThread1" daemon [_thread_blocked, id=9822, stack(0x00007f39fcc68000,0x00007f39fcd69000)]
  0x00007f3a140c0800 JavaThread "C2 CompilerThread0" daemon [_thread_blocked, id=9821, stack(0x00007f39fcd69000,0x00007f39fce6a000)]
  0x00007f39d8001000 JavaThread "JDWP Command Reader" daemon [_thread_in_native, id=9818, stack(0x00007f39fce6a000,0x00007f39fcf6b000)]
  0x00007f3a140be000 JavaThread "JDWP Event Helper Thread" daemon [_thread_blocked, id=9816, stack(0x00007f39fcf6b000,0x00007f39fd06c000)]
=>0x00007f3a140ba800 JavaThread "JDWP Transport Listener: dt_socket" daemon [_thread_in_vm, id=9814, stack(0x00007f39fd06c000,0x00007f39fd16d000)]
  0x00007f3a140ad000 JavaThread "Signal Dispatcher" daemon [_thread_blocked, id=9812, stack(0x00007f39fd371000,0x00007f39fd472000)]
  0x00007f3a1407f000 JavaThread "Finalizer" daemon [_thread_blocked, id=9811, stack(0x00007f39fd472000,0x00007f39fd573000)]
  0x00007f3a1407d000 JavaThread "Reference Handler" daemon [_thread_blocked, id=9810, stack(0x00007f39fd573000,0x00007f39fd674000)]
  0x00007f3a1400c000 JavaThread "main" [_thread_blocked, id=9803, stack(0x00007f3a1c50c000,0x00007f3a1c60d000)]

Other Threads:
  0x00007f3a14075800 VMThread [stack: 0x00007f39fd674000,0x00007f39fd775000] [id=9809]
  0x00007f3a140cd000 WatcherThread [stack: 0x00007f39fc965000,0x00007f39fca66000] [id=9826]

VM state:not at safepoint (normal execution)

VM Mutex/Monitor currently owned by a thread: None

Heap:
 PSYoungGen      total 17920K, used 2151K [0x00000000ec580000, 0x00000000ed980000, 0x0000000100000000)
  eden space 15360K, 14% used [0x00000000ec580000,0x00000000ec799fe8,0x00000000ed480000)
  from space 2560K, 0% used [0x00000000ed700000,0x00000000ed700000,0x00000000ed980000)
  to   space 2560K, 0% used [0x00000000ed480000,0x00000000ed480000,0x00000000ed700000)
 ParOldGen       total 40960K, used 0K [0x00000000c5000000, 0x00000000c7800000, 0x00000000ec580000)
  object space 40960K, 0% used [0x00000000c5000000,0x00000000c5000000,0x00000000c7800000)
 Metaspace       used 4118K, capacity 5226K, committed 5376K, reserved 1056768K
  class space    used 421K, capacity 466K, committed 512K, reserved 1048576K

Card table byte_map: [0x00007f3a1862d000,0x00007f3a18806000] byte_map_base: 0x00007f3a18005000

Marking Bits: (ParMarkBitMap*) 0x00007f3a1b9deac0
 Begin Bits: [0x00007f39fe280000, 0x00007f39ff140000)
 End Bits:   [0x00007f39ff140000, 0x00007f3a00000000)

Polling page: 0x00007f3a1c62a000

CodeCache: size=245760Kb used=1213Kb max_used=1213Kb free=244546Kb
 bounds [0x00007f3a05000000, 0x00007f3a05270000, 0x00007f3a14000000]
 total_blobs=315 nmethods=78 adapters=160
 compilation: enabled

Compilation events (10 events):
Event: 0.225 Thread 0x00007f3a140c5000   74       3       java.lang.Character::isBmpCodePoint (13 bytes)
Event: 0.225 Thread 0x00007f3a140c5000 nmethod 74 0x00007f3a0512e5d0 code [0x00007f3a0512e740, 0x00007f3a0512e8d0]
Event: 0.225 Thread 0x00007f3a140c5000   75       3       java.util.regex.Pattern::next (33 bytes)
Event: 0.225 Thread 0x00007f3a140c5000 nmethod 75 0x00007f3a0512e950 code [0x00007f3a0512eae0, 0x00007f3a0512eda8]
Event: 0.225 Thread 0x00007f3a140c5000   76       1       java.util.regex.Pattern::flags (5 bytes)
Event: 0.225 Thread 0x00007f3a140c5000 nmethod 76 0x00007f3a0512eed0 code [0x00007f3a0512f020, 0x00007f3a0512f130]
Event: 7.926 Thread 0x00007f3a140c5000   77       1       java.nio.Buffer::position (5 bytes)
Event: 7.926 Thread 0x00007f3a140c5000 nmethod 77 0x00007f3a0512f190 code [0x00007f3a0512f2e0, 0x00007f3a0512f3f0]
Event: 7.926 Thread 0x00007f3a140c5000   78       3       java.util.concurrent.ConcurrentHashMap$Node::<init> (26 bytes)
Event: 7.926 Thread 0x00007f3a140c5000 nmethod 78 0x00007f3a0512f450 code [0x00007f3a0512f5c0, 0x00007f3a0512f7b0]

GC Heap History (0 events):
No events

Deoptimization events (0 events):
No events

Internal exceptions (10 events):
Event: 0.210 Thread 0x00007f3a1400c000 Exception <a 'java/security/PrivilegedActionException'> (0x00000000ec72daf8) thrown at [/HUDSON/workspace/8-2-build-linux-amd64/jdk8u20/1074/hotspot/src/share/vm/prims/jvm.cpp, line 1275]
Event: 0.211 Thread 0x00007f3a1400c000 Exception <a 'java/security/PrivilegedActionException'> (0x00000000ec730518) thrown at [/HUDSON/workspace/8-2-build-linux-amd64/jdk8u20/1074/hotspot/src/share/vm/prims/jvm.cpp, line 1275]
Event: 0.211 Thread 0x00007f3a1400c000 Exception <a 'java/security/PrivilegedActionException'> (0x00000000ec7318b8) thrown at [/HUDSON/workspace/8-2-build-linux-amd64/jdk8u20/1074/hotspot/src/share/vm/prims/jvm.cpp, line 1275]
Event: 0.216 Thread 0x00007f3a1400c000 Exception <a 'java/security/PrivilegedActionException'> (0x00000000ec745658) thrown at [/HUDSON/workspace/8-2-build-linux-amd64/jdk8u20/1074/hotspot/src/share/vm/prims/jvm.cpp, line 1275]
Event: 0.216 Thread 0x00007f3a1400c000 Exception <a 'java/security/PrivilegedActionException'> (0x00000000ec746af0) thrown at [/HUDSON/workspace/8-2-build-linux-amd64/jdk8u20/1074/hotspot/src/share/vm/prims/jvm.cpp, line 1275]
Event: 0.218 Thread 0x00007f3a1400c000 Exception <a 'java/security/PrivilegedActionException'> (0x00000000ec7540b8) thrown at [/HUDSON/workspace/8-2-build-linux-amd64/jdk8u20/1074/hotspot/src/share/vm/prims/jvm.cpp, line 1275]
Event: 0.218 Thread 0x00007f3a1400c000 Exception <a 'java/security/PrivilegedActionException'> (0x00000000ec755778) thrown at [/HUDSON/workspace/8-2-build-linux-amd64/jdk8u20/1074/hotspot/src/share/vm/prims/jvm.cpp, line 1275]
Event: 0.219 Thread 0x00007f3a1400c000 Exception <a 'java/security/PrivilegedActionException'> (0x00000000ec757e18) thrown at [/HUDSON/workspace/8-2-build-linux-amd64/jdk8u20/1074/hotspot/src/share/vm/prims/jvm.cpp, line 1275]
Event: 0.220 Thread 0x00007f3a1400c000 Exception <a 'java/security/PrivilegedActionException'> (0x00000000ec7594f8) thrown at [/HUDSON/workspace/8-2-build-linux-amd64/jdk8u20/1074/hotspot/src/share/vm/prims/jvm.cpp, line 1275]
Event: 7.926 Thread 0x00007f3a1400c000 Exception <a 'java/security/PrivilegedActionException'> (0x00000000ec772510) thrown at [/HUDSON/workspace/8-2-build-linux-amd64/jdk8u20/1074/hotspot/src/share/vm/prims/jvm.cpp, line 1275]

Events (10 events):
Event: 2356.190 Executing VM operation: ChangeBreakpoints
Event: 2356.190 Executing VM operation: ChangeBreakpoints done
Event: 2356.192 Executing VM operation: ChangeBreakpoints
Event: 2356.192 Executing VM operation: ChangeBreakpoints done
Event: 2356.194 Executing VM operation: ChangeBreakpoints
Event: 2356.194 Executing VM operation: ChangeBreakpoints done
Event: 2356.194 Executing VM operation: ChangeBreakpoints
Event: 2356.195 Executing VM operation: ChangeBreakpoints done
Event: 3154.849 Executing VM operation: RedefineClasses
Event: 3154.849 Executing VM operation: RedefineClasses done


Dynamic libraries:
00400000-00401000 r-xp 00000000 08:08 2622385                            /home/hijj/software/javaAndroid/jdk/jdk8/bin/java
00600000-00601000 rw-p 00000000 08:08 2622385                            /home/hijj/software/javaAndroid/jdk/jdk8/bin/java
0258f000-025b0000 rw-p 00000000 00:00 0                                  [heap]
c5000000-c7800000 rw-p 00000000 00:00 0 
c7800000-ec580000 ---p 00000000 00:00 0 
ec580000-ed980000 rw-p 00000000 00:00 0 
ed980000-100000000 ---p 00000000 00:00 0 
100000000-100080000 rw-p 00000000 00:00 0 
100080000-140000000 ---p 00000000 00:00 0 
7f39c0000000-7f39c0021000 rw-p 00000000 00:00 0 
7f39c0021000-7f39c4000000 ---p 00000000 00:00 0 
7f39c4000000-7f39c4021000 rw-p 00000000 00:00 0 
7f39c4021000-7f39c8000000 ---p 00000000 00:00 0 
7f39c8000000-7f39c8021000 rw-p 00000000 00:00 0 
7f39c8021000-7f39cc000000 ---p 00000000 00:00 0 
7f39cc000000-7f39cc084000 rw-p 00000000 00:00 0 
7f39cc084000-7f39d0000000 ---p 00000000 00:00 0 
7f39d0000000-7f39d0021000 rw-p 00000000 00:00 0 
7f39d0021000-7f39d4000000 ---p 00000000 00:00 0 
7f39d4000000-7f39d404f000 rw-p 00000000 00:00 0 
7f39d404f000-7f39d8000000 ---p 00000000 00:00 0 
7f39d8000000-7f39d8027000 rw-p 00000000 00:00 0 
7f39d8027000-7f39dc000000 ---p 00000000 00:00 0 
7f39dc000000-7f39dc021000 rw-p 00000000 00:00 0 
7f39dc021000-7f39e0000000 ---p 00000000 00:00 0 
7f39e0000000-7f39e0021000 rw-p 00000000 00:00 0 
7f39e0021000-7f39e4000000 ---p 00000000 00:00 0 
7f39e4000000-7f39e4021000 rw-p 00000000 00:00 0 
7f39e4021000-7f39e8000000 ---p 00000000 00:00 0 
7f39e8000000-7f39e8021000 rw-p 00000000 00:00 0 
7f39e8021000-7f39ec000000 ---p 00000000 00:00 0 
7f39ec000000-7f39ec021000 rw-p 00000000 00:00 0 
7f39ec021000-7f39f0000000 ---p 00000000 00:00 0 
7f39f0000000-7f39f0021000 rw-p 00000000 00:00 0 
7f39f0021000-7f39f4000000 ---p 00000000 00:00 0 
7f39f4000000-7f39f4021000 rw-p 00000000 00:00 0 
7f39f4021000-7f39f8000000 ---p 00000000 00:00 0 
7f39f8000000-7f39f8021000 rw-p 00000000 00:00 0 
7f39f8021000-7f39fc000000 ---p 00000000 00:00 0 
7f39fc6c1000-7f39fc936000 rw-p 00000000 00:00 0 
7f39fc936000-7f39fc949000 r--s 00344000 08:08 2628842                    /home/hijj/software/javaAndroid/jdk/jdk8/jre/lib/resources.jar
7f39fc949000-7f39fc965000 r--s 00393000 08:08 2628860                    /home/hijj/software/javaAndroid/jdk/jdk8/jre/lib/ext/cldrdata.jar
7f39fc965000-7f39fc966000 ---p 00000000 00:00 0 
7f39fc966000-7f39fca66000 rw-p 00000000 00:00 0                          [stack:9826]
7f39fca66000-7f39fca69000 ---p 00000000 00:00 0 
7f39fca69000-7f39fcb67000 rw-p 00000000 00:00 0                          [stack:9825]
7f39fcb67000-7f39fcb6a000 ---p 00000000 00:00 0 
7f39fcb6a000-7f39fcc68000 rw-p 00000000 00:00 0                          [stack:9823]
7f39fcc68000-7f39fcc6b000 ---p 00000000 00:00 0 
7f39fcc6b000-7f39fcd69000 rw-p 00000000 00:00 0                          [stack:9822]
7f39fcd69000-7f39fcd6c000 ---p 00000000 00:00 0 
7f39fcd6c000-7f39fce6a000 rw-p 00000000 00:00 0                          [stack:9821]
7f39fce6a000-7f39fce6d000 ---p 00000000 00:00 0 
7f39fce6d000-7f39fcf6b000 rw-p 00000000 00:00 0                          [stack:9818]
7f39fcf6b000-7f39fcf6e000 ---p 00000000 00:00 0 
7f39fcf6e000-7f39fd06c000 rw-p 00000000 00:00 0                          [stack:9816]
7f39fd06c000-7f39fd06f000 ---p 00000000 00:00 0 
7f39fd06f000-7f39fd16d000 rw-p 00000000 00:00 0                          [stack:9814]
7f39fd16d000-7f39fd171000 r-xp 00000000 08:08 2628974                    /home/hijj/software/javaAndroid/jdk/jdk8/jre/lib/amd64/libdt_socket.so
7f39fd171000-7f39fd370000 ---p 00004000 08:08 2628974                    /home/hijj/software/javaAndroid/jdk/jdk8/jre/lib/amd64/libdt_socket.so
7f39fd370000-7f39fd371000 rw-p 00003000 08:08 2628974                    /home/hijj/software/javaAndroid/jdk/jdk8/jre/lib/amd64/libdt_socket.so
7f39fd371000-7f39fd374000 ---p 00000000 00:00 0 
7f39fd374000-7f39fd472000 rw-p 00000000 00:00 0                          [stack:9812]
7f39fd472000-7f39fd475000 ---p 00000000 00:00 0 
7f39fd475000-7f39fd573000 rw-p 00000000 00:00 0                          [stack:9811]
7f39fd573000-7f39fd576000 ---p 00000000 00:00 0 
7f39fd576000-7f39fd674000 rw-p 00000000 00:00 0                          [stack:9810]
7f39fd674000-7f39fd675000 ---p 00000000 00:00 0 
7f39fd675000-7f3a00000000 rw-p 00000000 00:00 0                          [stack:9809]
7f3a00000000-7f3a00021000 rw-p 00000000 00:00 0 
7f3a00021000-7f3a04000000 ---p 00000000 00:00 0 
7f3a0400c000-7f3a04452000 rw-p 00000000 00:00 0 
7f3a04452000-7f3a04628000 r--s 03ca8000 08:08 2628807                    /home/hijj/software/javaAndroid/jdk/jdk8/jre/lib/rt.jar
7f3a04628000-7f3a04ae8000 rw-p 00000000 00:00 0 
7f3a04ae8000-7f3a04e28000 ---p 00000000 00:00 0 
7f3a04e28000-7f3a05000000 rw-p 00000000 00:00 0 
7f3a05000000-7f3a05270000 rwxp 00000000 00:00 0 
7f3a05270000-7f3a14000000 ---p 00000000 00:00 0 
7f3a14000000-7f3a14180000 rw-p 00000000 00:00 0 
7f3a14180000-7f3a18000000 ---p 00000000 00:00 0 
7f3a18008000-7f3a180ee000 rw-p 00000000 00:00 0 
7f3a180ee000-7f3a180ef000 ---p 00000000 00:00 0 
7f3a180ef000-7f3a181ef000 rw-p 00000000 00:00 0                          [stack:9807]
7f3a181ef000-7f3a181f0000 ---p 00000000 00:00 0 
7f3a181f0000-7f3a182f0000 rw-p 00000000 00:00 0                          [stack:9806]
7f3a182f0000-7f3a182f1000 ---p 00000000 00:00 0 
7f3a182f1000-7f3a183f1000 rw-p 00000000 00:00 0                          [stack:9805]
7f3a183f1000-7f3a183f2000 ---p 00000000 00:00 0 
7f3a183f2000-7f3a18506000 rw-p 00000000 00:00 0                          [stack:9804]
7f3a18506000-7f3a1862d000 ---p 00000000 00:00 0 
7f3a1862d000-7f3a18641000 rw-p 00000000 00:00 0 
7f3a18641000-7f3a18767000 ---p 00000000 00:00 0 
7f3a18767000-7f3a18772000 rw-p 00000000 00:00 0 
7f3a18772000-7f3a18805000 ---p 00000000 00:00 0 
7f3a18805000-7f3a18810000 rw-p 00000000 00:00 0 
7f3a18810000-7f3a18bc6000 ---p 00000000 00:00 0 
7f3a18bc6000-7f3a18be0000 r-xp 00000000 08:08 2629001                    /home/hijj/software/javaAndroid/jdk/jdk8/jre/lib/amd64/libzip.so
7f3a18be0000-7f3a18de0000 ---p 0001a000 08:08 2629001                    /home/hijj/software/javaAndroid/jdk/jdk8/jre/lib/amd64/libzip.so
7f3a18de0000-7f3a18de1000 rw-p 0001a000 08:08 2629001                    /home/hijj/software/javaAndroid/jdk/jdk8/jre/lib/amd64/libzip.so
7f3a18de1000-7f3a18ded000 r-xp 00000000 08:08 5771539                    /lib/x86_64-linux-gnu/libnss_files-2.21.so
7f3a18ded000-7f3a18fec000 ---p 0000c000 08:08 5771539                    /lib/x86_64-linux-gnu/libnss_files-2.21.so
7f3a18fec000-7f3a18fed000 r--p 0000b000 08:08 5771539                    /lib/x86_64-linux-gnu/libnss_files-2.21.so
7f3a18fed000-7f3a18fee000 rw-p 0000c000 08:08 5771539                    /lib/x86_64-linux-gnu/libnss_files-2.21.so
7f3a18fee000-7f3a18ff9000 r-xp 00000000 08:08 5771549                    /lib/x86_64-linux-gnu/libnss_nis-2.21.so
7f3a18ff9000-7f3a191f8000 ---p 0000b000 08:08 5771549                    /lib/x86_64-linux-gnu/libnss_nis-2.21.so
7f3a191f8000-7f3a191f9000 r--p 0000a000 08:08 5771549                    /lib/x86_64-linux-gnu/libnss_nis-2.21.so
7f3a191f9000-7f3a191fa000 rw-p 0000b000 08:08 5771549                    /lib/x86_64-linux-gnu/libnss_nis-2.21.so
7f3a191fa000-7f3a19211000 r-xp 00000000 08:08 5771533                    /lib/x86_64-linux-gnu/libnsl-2.21.so
7f3a19211000-7f3a19410000 ---p 00017000 08:08 5771533                    /lib/x86_64-linux-gnu/libnsl-2.21.so
7f3a19410000-7f3a19411000 r--p 00016000 08:08 5771533                    /lib/x86_64-linux-gnu/libnsl-2.21.so
7f3a19411000-7f3a19412000 rw-p 00017000 08:08 5771533                    /lib/x86_64-linux-gnu/libnsl-2.21.so
7f3a19412000-7f3a19414000 rw-p 00000000 00:00 0 
7f3a19414000-7f3a1941c000 r-xp 00000000 08:08 5771535                    /lib/x86_64-linux-gnu/libnss_compat-2.21.so
7f3a1941c000-7f3a1961b000 ---p 00008000 08:08 5771535                    /lib/x86_64-linux-gnu/libnss_compat-2.21.so
7f3a1961b000-7f3a1961c000 r--p 00007000 08:08 5771535                    /lib/x86_64-linux-gnu/libnss_compat-2.21.so
7f3a1961c000-7f3a1961d000 rw-p 00008000 08:08 5771535                    /lib/x86_64-linux-gnu/libnss_compat-2.21.so
7f3a1961d000-7f3a19cff000 r--p 00000000 08:08 4070784                    /usr/lib/locale/locale-archive
7f3a19cff000-7f3a19d01000 r-xp 00000000 08:08 2628975                    /home/hijj/software/javaAndroid/jdk/jdk8/jre/lib/amd64/libnpt.so
7f3a19d01000-7f3a19f01000 ---p 00002000 08:08 2628975                    /home/hijj/software/javaAndroid/jdk/jdk8/jre/lib/amd64/libnpt.so
7f3a19f01000-7f3a19f02000 rw-p 00002000 08:08 2628975                    /home/hijj/software/javaAndroid/jdk/jdk8/jre/lib/amd64/libnpt.so
7f3a19f02000-7f3a19f3b000 r-xp 00000000 08:08 2628992                    /home/hijj/software/javaAndroid/jdk/jdk8/jre/lib/amd64/libjdwp.so
7f3a19f3b000-7f3a1a13a000 ---p 00039000 08:08 2628992                    /home/hijj/software/javaAndroid/jdk/jdk8/jre/lib/amd64/libjdwp.so
7f3a1a13a000-7f3a1a13c000 rw-p 00038000 08:08 2628992                    /home/hijj/software/javaAndroid/jdk/jdk8/jre/lib/amd64/libjdwp.so
7f3a1a13c000-7f3a1a166000 r-xp 00000000 08:08 2628996                    /home/hijj/software/javaAndroid/jdk/jdk8/jre/lib/amd64/libjava.so
7f3a1a166000-7f3a1a366000 ---p 0002a000 08:08 2628996                    /home/hijj/software/javaAndroid/jdk/jdk8/jre/lib/amd64/libjava.so
7f3a1a366000-7f3a1a368000 rw-p 0002a000 08:08 2628996                    /home/hijj/software/javaAndroid/jdk/jdk8/jre/lib/amd64/libjava.so
7f3a1a368000-7f3a1a375000 r-xp 00000000 08:08 2629000                    /home/hijj/software/javaAndroid/jdk/jdk8/jre/lib/amd64/libverify.so
7f3a1a375000-7f3a1a575000 ---p 0000d000 08:08 2629000                    /home/hijj/software/javaAndroid/jdk/jdk8/jre/lib/amd64/libverify.so
7f3a1a575000-7f3a1a577000 rw-p 0000d000 08:08 2629000                    /home/hijj/software/javaAndroid/jdk/jdk8/jre/lib/amd64/libverify.so
7f3a1a577000-7f3a1a57e000 r-xp 00000000 08:08 5771594                    /lib/x86_64-linux-gnu/librt-2.21.so
7f3a1a57e000-7f3a1a77d000 ---p 00007000 08:08 5771594                    /lib/x86_64-linux-gnu/librt-2.21.so
7f3a1a77d000-7f3a1a77e000 r--p 00006000 08:08 5771594                    /lib/x86_64-linux-gnu/librt-2.21.so
7f3a1a77e000-7f3a1a77f000 rw-p 00007000 08:08 5771594                    /lib/x86_64-linux-gnu/librt-2.21.so
7f3a1a77f000-7f3a1a886000 r-xp 00000000 08:08 5771512                    /lib/x86_64-linux-gnu/libm-2.21.so
7f3a1a886000-7f3a1aa85000 ---p 00107000 08:08 5771512                    /lib/x86_64-linux-gnu/libm-2.21.so
7f3a1aa85000-7f3a1aa86000 r--p 00106000 08:08 5771512                    /lib/x86_64-linux-gnu/libm-2.21.so
7f3a1aa86000-7f3a1aa87000 rw-p 00107000 08:08 5771512                    /lib/x86_64-linux-gnu/libm-2.21.so
7f3a1aa87000-7f3a1b6f1000 r-xp 00000000 08:08 2628982                    /home/hijj/software/javaAndroid/jdk/jdk8/jre/lib/amd64/server/libjvm.so
7f3a1b6f1000-7f3a1b8f0000 ---p 00c6a000 08:08 2628982                    /home/hijj/software/javaAndroid/jdk/jdk8/jre/lib/amd64/server/libjvm.so
7f3a1b8f0000-7f3a1b9c7000 rw-p 00c69000 08:08 2628982                    /home/hijj/software/javaAndroid/jdk/jdk8/jre/lib/amd64/server/libjvm.so
7f3a1b9c7000-7f3a1ba09000 rw-p 00000000 00:00 0 
7f3a1ba09000-7f3a1bbc9000 r-xp 00000000 08:08 5771453                    /lib/x86_64-linux-gnu/libc-2.21.so
7f3a1bbc9000-7f3a1bdc9000 ---p 001c0000 08:08 5771453                    /lib/x86_64-linux-gnu/libc-2.21.so
7f3a1bdc9000-7f3a1bdcd000 r--p 001c0000 08:08 5771453                    /lib/x86_64-linux-gnu/libc-2.21.so
7f3a1bdcd000-7f3a1bdcf000 rw-p 001c4000 08:08 5771453                    /lib/x86_64-linux-gnu/libc-2.21.so
7f3a1bdcf000-7f3a1bdd3000 rw-p 00000000 00:00 0 
7f3a1bdd3000-7f3a1bdd6000 r-xp 00000000 08:08 5771470                    /lib/x86_64-linux-gnu/libdl-2.21.so
7f3a1bdd6000-7f3a1bfd5000 ---p 00003000 08:08 5771470                    /lib/x86_64-linux-gnu/libdl-2.21.so
7f3a1bfd5000-7f3a1bfd6000 r--p 00002000 08:08 5771470                    /lib/x86_64-linux-gnu/libdl-2.21.so
7f3a1bfd6000-7f3a1bfd7000 rw-p 00003000 08:08 5771470                    /lib/x86_64-linux-gnu/libdl-2.21.so
7f3a1bfd7000-7f3a1bfec000 r-xp 00000000 08:08 2628623                    /home/hijj/software/javaAndroid/jdk/jdk8/lib/amd64/jli/libjli.so
7f3a1bfec000-7f3a1c1eb000 ---p 00015000 08:08 2628623                    /home/hijj/software/javaAndroid/jdk/jdk8/lib/amd64/jli/libjli.so
7f3a1c1eb000-7f3a1c1ec000 rw-p 00014000 08:08 2628623                    /home/hijj/software/javaAndroid/jdk/jdk8/lib/amd64/jli/libjli.so
7f3a1c1ec000-7f3a1c204000 r-xp 00000000 08:08 5771586                    /lib/x86_64-linux-gnu/libpthread-2.21.so
7f3a1c204000-7f3a1c404000 ---p 00018000 08:08 5771586                    /lib/x86_64-linux-gnu/libpthread-2.21.so
7f3a1c404000-7f3a1c405000 r--p 00018000 08:08 5771586                    /lib/x86_64-linux-gnu/libpthread-2.21.so
7f3a1c405000-7f3a1c406000 rw-p 00019000 08:08 5771586                    /lib/x86_64-linux-gnu/libpthread-2.21.so
7f3a1c406000-7f3a1c40a000 rw-p 00000000 00:00 0 
7f3a1c40a000-7f3a1c42e000 r-xp 00000000 08:08 5771425                    /lib/x86_64-linux-gnu/ld-2.21.so
7f3a1c434000-7f3a1c50c000 rw-p 00000000 00:00 0 
7f3a1c50c000-7f3a1c50f000 ---p 00000000 00:00 0 
7f3a1c50f000-7f3a1c611000 rw-p 00000000 00:00 0                          [stack:9803]
7f3a1c614000-7f3a1c617000 rw-p 00000000 00:00 0 
7f3a1c617000-7f3a1c621000 r--s 00116000 08:08 2628866                    /home/hijj/software/javaAndroid/jdk/jdk8/jre/lib/ext/localedata.jar
7f3a1c621000-7f3a1c629000 rw-s 00000000 08:08 1574291                    /tmp/hsperfdata_hijj/9797
7f3a1c629000-7f3a1c62a000 rw-p 00000000 00:00 0 
7f3a1c62a000-7f3a1c62b000 r--p 00000000 00:00 0 
7f3a1c62b000-7f3a1c62d000 rw-p 00000000 00:00 0 
7f3a1c62d000-7f3a1c62e000 r--p 00023000 08:08 5771425                    /lib/x86_64-linux-gnu/ld-2.21.so
7f3a1c62e000-7f3a1c62f000 rw-p 00024000 08:08 5771425                    /lib/x86_64-linux-gnu/ld-2.21.so
7f3a1c62f000-7f3a1c630000 rw-p 00000000 00:00 0 
7fff416d5000-7fff416f6000 rw-p 00000000 00:00 0                          [stack]
7fff41756000-7fff41758000 r--p 00000000 00:00 0                          [vvar]
7fff41758000-7fff4175a000 r-xp 00000000 00:00 0                          [vdso]
ffffffffff600000-ffffffffff601000 r-xp 00000000 00:00 0                  [vsyscall]

VM Arguments:
jvm_args: -agentlib:jdwp=transport=dt_socket,suspend=y,address=localhost:42723 -Dfile.encoding=UTF-8 
java_command: learning.ks8.MainTest
java_class_path (initial): /media/hijj/娱乐/github/repositories/ACM/Java/bin
Launcher Type: SUN_STANDARD

Environment Variables:
JAVA_HOME=/home/hijj/software/javaAndroid/jdk/jdk8
JRE_HOME=/home/hijj/software/javaAndroid/jdk/jdk8/jre
CLASSPATH=.:/home/hijj/software/javaAndroid/jdk/jdk8/lib:/home/hijj/software/javaAndroid/jdk/jdk8/jre/lib:.:$JAVA_HOME/lib:$JAVA_HOME/jre/lib
PATH=/home/hijj/software/javaAndroid/sdk/android-sdk-linux/tools:/home/hijj/software/javaAndroid/sdk/android-sdk-linux/platform-tools:/home/hijj/software/javaAndroid/jdk/jdk8/bin:/home/hijj/software/javaAndroid/jdk/jdk8/jre/bin:/usr/local/sbin:/usr/local/bin:/usr/sbin:/usr/bin:/sbin:/bin:/usr/games:/usr/local/games:$JAVA_HOME/bin:$ANDROID_PATH/tools:$ANDROID_PATH/platform-tools
SHELL=/bin/bash
DISPLAY=:0

Signal Handlers:
SIGSEGV: [libjvm.so+0xa77530], sa_mask[0]=11111111011111111101111111111110, sa_flags=SA_RESTART|SA_SIGINFO
SIGBUS: [libjvm.so+0xa77530], sa_mask[0]=11111111011111111101111111111110, sa_flags=SA_RESTART|SA_SIGINFO
SIGFPE: [libjvm.so+0x8e1d90], sa_mask[0]=11111111011111111101111111111110, sa_flags=SA_RESTART|SA_SIGINFO
SIGPIPE: [libjvm.so+0x8e1d90], sa_mask[0]=11111111011111111101111111111110, sa_flags=SA_RESTART|SA_SIGINFO
SIGXFSZ: [libjvm.so+0x8e1d90], sa_mask[0]=11111111011111111101111111111110, sa_flags=SA_RESTART|SA_SIGINFO
SIGILL: [libjvm.so+0x8e1d90], sa_mask[0]=11111111011111111101111111111110, sa_flags=SA_RESTART|SA_SIGINFO
SIGUSR1: SIG_DFL, sa_mask[0]=00000000000000000000000000000000, sa_flags=none
SIGUSR2: [libjvm.so+0x8e35c0], sa_mask[0]=00100000000000000000000000000000, sa_flags=SA_RESTART|SA_SIGINFO
SIGHUP: [libjvm.so+0x8e4980], sa_mask[0]=11111111011111111101111111111110, sa_flags=SA_RESTART|SA_SIGINFO
SIGINT: [libjvm.so+0x8e4980], sa_mask[0]=11111111011111111101111111111110, sa_flags=SA_RESTART|SA_SIGINFO
SIGTERM: [libjvm.so+0x8e4980], sa_mask[0]=11111111011111111101111111111110, sa_flags=SA_RESTART|SA_SIGINFO
SIGQUIT: [libjvm.so+0x8e4980], sa_mask[0]=11111111011111111101111111111110, sa_flags=SA_RESTART|SA_SIGINFO


---------------  S Y S T E M  ---------------

OS:DISTRIB_ID=Ubuntu
DISTRIB_RELEASE=15.04
DISTRIB_CODENAME=vivid
DISTRIB_DESCRIPTION="Ubuntu 15.04"

uname:Linux 3.19.0-30-generic #34-Ubuntu SMP Fri Oct 2 22:08:41 UTC 2015 x86_64
libc:glibc 2.21 NPTL 2.21 
rlimit: STACK 8192k, CORE 0k, NPROC 15002, NOFILE 65536, AS infinity
load average:0.09 0.13 0.31

/proc/meminfo:
MemTotal:        3863036 kB
MemFree:          324000 kB
MemAvailable:     762236 kB
Buffers:           63328 kB
Cached:           779288 kB
SwapCached:        42520 kB
Active:          1964272 kB
Inactive:        1300236 kB
Active(anon):    1664908 kB
Inactive(anon):  1030256 kB
Active(file):     299364 kB
Inactive(file):   269980 kB
Unevictable:          48 kB
Mlocked:              48 kB
SwapTotal:       4005884 kB
SwapFree:        3440932 kB
Dirty:              1116 kB
Writeback:             0 kB
AnonPages:       2396044 kB
Mapped:           219304 kB
Shmem:            273264 kB
Slab:             123684 kB
SReclaimable:      75668 kB
SUnreclaim:        48016 kB
KernelStack:       40320 kB
PageTables:        54748 kB
NFS_Unstable:          0 kB
Bounce:                0 kB
WritebackTmp:          0 kB
CommitLimit:     5937400 kB
Committed_AS:   16338964 kB
VmallocTotal:   34359738367 kB
VmallocUsed:      378088 kB
VmallocChunk:   34359320912 kB
HardwareCorrupted:     0 kB
AnonHugePages:   1339392 kB
CmaTotal:              0 kB
CmaFree:               0 kB
HugePages_Total:       0
HugePages_Free:        0
HugePages_Rsvd:        0
HugePages_Surp:        0
Hugepagesize:       2048 kB
DirectMap4k:      185084 kB
DirectMap2M:     3823616 kB


CPU:total 4 (2 cores per cpu, 2 threads per core) family 6 model 58 stepping 9, cmov, cx8, fxsr, mmx, sse, sse2, sse3, ssse3, sse4.1, sse4.2, popcnt, avx, aes, clmul, erms, ht, tsc, tscinvbit, tscinv

/proc/cpuinfo:
processor	: 0
vendor_id	: GenuineIntel
cpu family	: 6
model		: 58
model name	: Intel(R) Core(TM) i5-3230M CPU @ 2.60GHz
stepping	: 9
microcode	: 0x17
cpu MHz		: 2999.953
cache size	: 3072 KB
physical id	: 0
siblings	: 4
core id		: 0
cpu cores	: 2
apicid		: 0
initial apicid	: 0
fpu		: yes
fpu_exception	: yes
cpuid level	: 13
wp		: yes
flags		: fpu vme de pse tsc msr pae mce cx8 apic sep mtrr pge mca cmov pat pse36 clflush dts acpi mmx fxsr sse sse2 ss ht tm pbe syscall nx rdtscp lm constant_tsc arch_perfmon pebs bts rep_good nopl xtopology nonstop_tsc aperfmperf eagerfpu pni pclmulqdq dtes64 monitor ds_cpl vmx est tm2 ssse3 cx16 xtpr pdcm pcid sse4_1 sse4_2 x2apic popcnt tsc_deadline_timer aes xsave avx f16c rdrand lahf_lm ida arat epb pln pts dtherm tpr_shadow vnmi flexpriority ept vpid fsgsbase smep erms xsaveopt
bugs		:
bogomips	: 5188.00
clflush size	: 64
cache_alignment	: 64
address sizes	: 36 bits physical, 48 bits virtual
power management:

processor	: 1
vendor_id	: GenuineIntel
cpu family	: 6
model		: 58
model name	: Intel(R) Core(TM) i5-3230M CPU @ 2.60GHz
stepping	: 9
microcode	: 0x17
cpu MHz		: 2999.953
cache size	: 3072 KB
physical id	: 0
siblings	: 4
core id		: 0
cpu cores	: 2
apicid		: 1
initial apicid	: 1
fpu		: yes
fpu_exception	: yes
cpuid level	: 13
wp		: yes
flags		: fpu vme de pse tsc msr pae mce cx8 apic sep mtrr pge mca cmov pat pse36 clflush dts acpi mmx fxsr sse sse2 ss ht tm pbe syscall nx rdtscp lm constant_tsc arch_perfmon pebs bts rep_good nopl xtopology nonstop_tsc aperfmperf eagerfpu pni pclmulqdq dtes64 monitor ds_cpl vmx est tm2 ssse3 cx16 xtpr pdcm pcid sse4_1 sse4_2 x2apic popcnt tsc_deadline_timer aes xsave avx f16c rdrand lahf_lm ida arat epb pln pts dtherm tpr_shadow vnmi flexpriority ept vpid fsgsbase smep erms xsaveopt
bugs		:
bogomips	: 5188.00
clflush size	: 64
cache_alignment	: 64
address sizes	: 36 bits physical, 48 bits virtual
power management:

processor	: 2
vendor_id	: GenuineIntel
cpu family	: 6
model		: 58
model name	: Intel(R) Core(TM) i5-3230M CPU @ 2.60GHz
stepping	: 9
microcode	: 0x17
cpu MHz		: 3004.117
cache size	: 3072 KB
physical id	: 0
siblings	: 4
core id		: 1
cpu cores	: 2
apicid		: 2
initial apicid	: 2
fpu		: yes
fpu_exception	: yes
cpuid level	: 13
wp		: yes
flags		: fpu vme de pse tsc msr pae mce cx8 apic sep mtrr pge mca cmov pat pse36 clflush dts acpi mmx fxsr sse sse2 ss ht tm pbe syscall nx rdtscp lm constant_tsc arch_perfmon pebs bts rep_good nopl xtopology nonstop_tsc aperfmperf eagerfpu pni pclmulqdq dtes64 monitor ds_cpl vmx est tm2 ssse3 cx16 xtpr pdcm pcid sse4_1 sse4_2 x2apic popcnt tsc_deadline_timer aes xsave avx f16c rdrand lahf_lm ida arat epb pln pts dtherm tpr_shadow vnmi flexpriority ept vpid fsgsbase smep erms xsaveopt
bugs		:
bogomips	: 5188.00
clflush size	: 64
cache_alignment	: 64
address sizes	: 36 bits physical, 48 bits virtual
power management:

processor	: 3
vendor_id	: GenuineIntel
cpu family	: 6
model		: 58
model name	: Intel(R) Core(TM) i5-3230M CPU @ 2.60GHz
stepping	: 9
microcode	: 0x17
cpu MHz		: 3000.054
cache size	: 3072 KB
physical id	: 0
siblings	: 4
core id		: 1
cpu cores	: 2
apicid		: 3
initial apicid	: 3
fpu		: yes
fpu_exception	: yes
cpuid level	: 13
wp		: yes
flags		: fpu vme de pse tsc msr pae mce cx8 apic sep mtrr pge mca cmov pat pse36 clflush dts acpi mmx fxsr sse sse2 ss ht tm pbe syscall nx rdtscp lm constant_tsc arch_perfmon pebs bts rep_good nopl xtopology nonstop_tsc aperfmperf eagerfpu pni pclmulqdq dtes64 monitor ds_cpl vmx est tm2 ssse3 cx16 xtpr pdcm pcid sse4_1 sse4_2 x2apic popcnt tsc_deadline_timer aes xsave avx f16c rdrand lahf_lm ida arat epb pln pts dtherm tpr_shadow vnmi flexpriority ept vpid fsgsbase smep erms xsaveopt
bugs		:
bogomips	: 5188.00
clflush size	: 64
cache_alignment	: 64
address sizes	: 36 bits physical, 48 bits virtual
power management:



Memory: 4k page, physical 3863036k(324000k free), swap 4005884k(3440932k free)

vm_info: Java HotSpot(TM) 64-Bit Server VM (25.20-b23) for linux-amd64 JRE (1.8.0_20-b26), built on Jul 30 2014 13:13:52 by "java_re" with gcc 4.3.0 20080428 (Red Hat 4.3.0-8)

time: Thu Oct 22 00:10:19 2015
elapsed time: 3154 seconds (0d 0h 52m 34s)

