#
# A fatal error has been detected by the Java Runtime Environment:
#
#  SIGSEGV (0xb) at pc=0x00007f795edf8190, pid=13128, tid=140158620346112
#
# JRE version: Java(TM) SE Runtime Environment (8.0_20-b26) (build 1.8.0_20-b26)
# Java VM: Java HotSpot(TM) 64-Bit Server VM (25.20-b23 mixed mode linux-amd64 compressed oops)
# Problematic frame:
# V  [libjvm.so+0x873190]  Method::checked_resolve_jmethod_id(_jmethodID*)+0x20
#
# Failed to write core dump. Core dumps have been disabled. To enable core dumping, try "ulimit -c unlimited" before starting Java again
#
# If you would like to submit a bug report, please visit:
#   http://bugreport.sun.com/bugreport/crash.jsp
#

---------------  T H R E A D  ---------------

Current thread (0x00007f79580ba000):  JavaThread "JDWP Transport Listener: dt_socket" daemon [_thread_in_vm, id=13180, stack(0x00007f7938b72000,0x00007f7938c73000)]

siginfo: si_signo: 11 (SIGSEGV), si_code: 1 (SEGV_MAPERR), si_addr: 0x0000000000000021

Registers:
RAX=0x0000000000000001, RBX=0x00007f79580036a0, RCX=0x00007f795ff03340, RDX=0x00007f795f4dcfe0
RSP=0x00007f7938c71a50, RBP=0x00007f7938c71a60, RSI=0x00007f79580ba000, RDI=0x0000000000000021
R8 =0x00007f791c00bb00, R9 =0x0000000000000000, R10=0x0000000000000020, R11=0x00007f795f69e230
R12=0x0000000000000017, R13=0x0000000000000021, R14=0x00007f79580ba000, R15=0x00007f7938c71b67
RIP=0x00007f795edf8190, EFLAGS=0x0000000000010206, CSGSFS=0x0000000000000033, ERR=0x0000000000000004
  TRAPNO=0x000000000000000e

Top of Stack: (sp=0x00007f7938c71a50)
0x00007f7938c71a50:   0000000000000074 00007f79580036a0
0x00007f7938c71a60:   00007f7938c71ad0 00007f795ec8d78e
0x00007f7938c71a70:   00007f791c00bb00 00007f7938c71a80
0x00007f7938c71a80:   00007f79580ba000 0000000000000000
0x00007f7938c71a90:   00007f7900000000 0000000000000000
0x00007f7938c71aa0:   00007f7938c71ac0 00007f795dc39d60
0x00007f7938c71ab0:   0000000000000021 00007f7938c71b67
0x00007f7938c71ac0:   0000000000000007 00007f7938c71b67
0x00007f7938c71ad0:   00007f7938c71b00 00007f795da25872
0x00007f7938c71ae0:   00007f7938c71b00 0000000000000021
0x00007f7938c71af0:   00007f7938c71bd0 0000000000000038
0x00007f7938c71b00:   00007f7938c71b90 00007f795da06a60
0x00007f7938c71b10:   00007f7938c71b48 00007f7938c71b40
0x00007f7938c71b20:   00007f7938c71b38 00007f7938c71b5c
0x00007f7938c71b30:   000000011c0083a0 0000000000000000
0x00007f7938c71b40:   0000000000000000 0000000000000000
0x00007f7938c71b50:   00007f791c002f70 0000000a38c71bd0
0x00007f7938c71b60:   0000000000000008 0000000000000002
0x00007f7938c71b70:   000000000000000f 0000000000000002
0x00007f7938c71b80:   00000000000f0200 000000000000000f
0x00007f7938c71b90:   00007f7938c71de0 00007f795da11976
0x00007f7938c71ba0:   0001d87400000013 00007f795e0f0200
0x00007f7938c71bb0:   00007f7914000ba0 0000000000000000
0x00007f7938c71bc0:   00007f7938c71bd0 00007f7938c71d60
0x00007f7938c71bd0:   00007f791c00b181 00007f7900000237
0x00007f7938c71be0:   00007f791c00bb20 000000000000012c
0x00007f7938c71bf0:   00007f7938c71c20 00007f791c00bb20
0x00007f7938c71c00:   00007f0000000000 0001d8740000001c
0x00007f7938c71c10:   00007f7900001d80 00007f7938c71c20
0x00007f7938c71c20:   797f000008000000 060000009860001c
0x00007f7938c71c30:   00003e74696e693c 0000005629280300
0x00007f7938c71c40:   7f00000100000000 0000009060001c79 

Instructions: (pc=0x00007f795edf8190)
0x00007f795edf8170:   55 48 89 e5 53 48 83 ec 08 48 85 ff 75 12 31 db
0x00007f795edf8180:   48 89 d8 48 83 c4 08 5b c9 c3 66 0f 1f 44 00 00
0x00007f795edf8190:   48 8b 1f 48 85 db 74 e6 48 83 fb 37 74 e0 48 8b
0x00007f795edf81a0:   03 48 89 df ff 50 10 84 c0 0f 1f 80 00 00 00 00 

Register to memory mapping:

RAX=0x0000000000000001 is an unknown value
RBX=0x00007f79580036a0 is an unknown value
RCX=0x00007f795ff03340: <offset 0x219340> in /lib/x86_64-linux-gnu/libpthread.so.0 at 0x00007f795fcea000
RDX=0x00007f795f4dcfe0: <offset 0xf57fe0> in /home/hijj/software/javaAndroid/jdk/jdk8/jre/lib/amd64/server/libjvm.so at 0x00007f795e585000
RSP=0x00007f7938c71a50 is pointing into the stack for thread: 0x00007f79580ba000
RBP=0x00007f7938c71a60 is pointing into the stack for thread: 0x00007f79580ba000
RSI=0x00007f79580ba000 is a thread
RDI=0x0000000000000021 is an unknown value
R8 =0x00007f791c00bb00 is an unknown value
R9 =0x0000000000000000 is an unknown value
R10=0x0000000000000020 is an unknown value
R11=0x00007f795f69e230: <offset 0x197230> in /lib/x86_64-linux-gnu/libc.so.6 at 0x00007f795f507000
R12=0x0000000000000017 is an unknown value
R13=0x0000000000000021 is an unknown value
R14=0x00007f79580ba000 is a thread
R15=0x00007f7938c71b67 is pointing into the stack for thread: 0x00007f79580ba000


Stack: [0x00007f7938b72000,0x00007f7938c73000],  sp=0x00007f7938c71a50,  free space=1022k
Native frames: (J=compiled Java code, j=interpreted, Vv=VM code, C=native code)
V  [libjvm.so+0x873190]  Method::checked_resolve_jmethod_id(_jmethodID*)+0x20
V  [libjvm.so+0x70878e]  jvmti_IsMethodSynthetic+0x29e
C  [libjdwp.so+0x25872]  isMethodSynthetic+0x42
C  [libjdwp.so+0x6a60]  methods1+0x1b0
C  [libjdwp.so+0x11976]  debugLoop_run+0x2b6
C  [libjdwp.so+0x247af]  attachThread+0x2f
V  [libjvm.so+0x7744f2]  JvmtiAgentThread::call_start_function()+0xc2
V  [libjvm.so+0xa2990f]  JavaThread::thread_main_inner()+0xdf
V  [libjvm.so+0xa29a3c]  JavaThread::run()+0x11c
V  [libjvm.so+0x8e75f8]  java_start(Thread*)+0x108
C  [libpthread.so.0+0x76aa]  start_thread+0xca


---------------  P R O C E S S  ---------------

Java Threads: ( => current thread )
  0x00007f79580da800 JavaThread "Service Thread" daemon [_thread_blocked, id=13705, stack(0x00007f793856c000,0x00007f793866d000)]
  0x00007f79580c5000 JavaThread "C1 CompilerThread2" daemon [_thread_blocked, id=13704, stack(0x00007f793866d000,0x00007f793876e000)]
  0x00007f79580c3000 JavaThread "C2 CompilerThread1" daemon [_thread_blocked, id=13703, stack(0x00007f793876e000,0x00007f793886f000)]
  0x00007f79580c0000 JavaThread "C2 CompilerThread0" daemon [_thread_blocked, id=13702, stack(0x00007f793886f000,0x00007f7938970000)]
  0x00007f791c001000 JavaThread "JDWP Command Reader" daemon [_thread_in_native, id=13186, stack(0x00007f7938970000,0x00007f7938a71000)]
  0x00007f79580be000 JavaThread "JDWP Event Helper Thread" daemon [_thread_blocked, id=13183, stack(0x00007f7938a71000,0x00007f7938b72000)]
=>0x00007f79580ba000 JavaThread "JDWP Transport Listener: dt_socket" daemon [_thread_in_vm, id=13180, stack(0x00007f7938b72000,0x00007f7938c73000)]
  0x00007f79580ad000 JavaThread "Signal Dispatcher" daemon [_thread_blocked, id=13176, stack(0x00007f7938e77000,0x00007f7938f78000)]
  0x00007f795807f000 JavaThread "Finalizer" daemon [_thread_blocked, id=13148, stack(0x00007f7938f78000,0x00007f7939079000)]
  0x00007f795807d000 JavaThread "Reference Handler" daemon [_thread_blocked, id=13147, stack(0x00007f7939079000,0x00007f793917a000)]
  0x00007f795800c000 JavaThread "main" [_thread_blocked, id=13131, stack(0x00007f796000a000,0x00007f796010b000)]

Other Threads:
  0x00007f7958075800 VMThread [stack: 0x00007f793917a000,0x00007f793927b000] [id=13144]
  0x00007f79580dd000 WatcherThread [stack: 0x00007f793846b000,0x00007f793856c000] [id=13706]

VM state:not at safepoint (normal execution)

VM Mutex/Monitor currently owned by a thread: None

Heap:
 PSYoungGen      total 17920K, used 2153K [0x00000000ec580000, 0x00000000ed980000, 0x0000000100000000)
  eden space 15360K, 14% used [0x00000000ec580000,0x00000000ec79a7e8,0x00000000ed480000)
  from space 2560K, 0% used [0x00000000ed700000,0x00000000ed700000,0x00000000ed980000)
  to   space 2560K, 0% used [0x00000000ed480000,0x00000000ed480000,0x00000000ed700000)
 ParOldGen       total 40960K, used 0K [0x00000000c5000000, 0x00000000c7800000, 0x00000000ec580000)
  object space 40960K, 0% used [0x00000000c5000000,0x00000000c5000000,0x00000000c7800000)
 Metaspace       used 4019K, capacity 5098K, committed 5376K, reserved 1056768K
  class space    used 417K, capacity 466K, committed 512K, reserved 1048576K

Card table byte_map: [0x00007f795c12b000,0x00007f795c304000] byte_map_base: 0x00007f795bb03000

Marking Bits: (ParMarkBitMap*) 0x00007f795f4dcac0
 Begin Bits: [0x00007f793a280000, 0x00007f793b140000)
 End Bits:   [0x00007f793b140000, 0x00007f793c000000)

Polling page: 0x00007f7960128000

CodeCache: size=245760Kb used=1207Kb max_used=1207Kb free=244553Kb
 bounds [0x00007f7949000000, 0x00007f7949270000, 0x00007f7958000000]
 total_blobs=315 nmethods=78 adapters=160
 compilation: enabled

Compilation events (10 events):
Event: 1.165 Thread 0x00007f79580c5000   74       3       java.lang.Character::isBmpCodePoint (13 bytes)
Event: 1.165 Thread 0x00007f79580c5000 nmethod 74 0x00007f794912cd50 code [0x00007f794912cec0, 0x00007f794912d050]
Event: 1.165 Thread 0x00007f79580c5000   75       3       java.util.regex.Pattern::next (33 bytes)
Event: 1.165 Thread 0x00007f79580c5000 nmethod 75 0x00007f794912d0d0 code [0x00007f794912d260, 0x00007f794912d528]
Event: 1.165 Thread 0x00007f79580c5000   76       1       java.util.regex.Pattern::flags (5 bytes)
Event: 1.165 Thread 0x00007f79580c5000 nmethod 76 0x00007f794912d650 code [0x00007f794912d7a0, 0x00007f794912d8b0]
Event: 5.049 Thread 0x00007f79580c5000   77       1       java.nio.Buffer::position (5 bytes)
Event: 5.049 Thread 0x00007f79580c5000 nmethod 77 0x00007f794912d910 code [0x00007f794912da60, 0x00007f794912db70]
Event: 5.049 Thread 0x00007f79580c5000   78       3       java.util.concurrent.ConcurrentHashMap$Node::<init> (26 bytes)
Event: 5.049 Thread 0x00007f79580c5000 nmethod 78 0x00007f794912dbd0 code [0x00007f794912dd40, 0x00007f794912df30]

GC Heap History (0 events):
No events

Deoptimization events (0 events):
No events

Internal exceptions (10 events):
Event: 1.136 Thread 0x00007f795800c000 Exception <a 'java/security/PrivilegedActionException'> (0x00000000ec72d938) thrown at [/HUDSON/workspace/8-2-build-linux-amd64/jdk8u20/1074/hotspot/src/share/vm/prims/jvm.cpp, line 1275]
Event: 1.138 Thread 0x00007f795800c000 Exception <a 'java/security/PrivilegedActionException'> (0x00000000ec730358) thrown at [/HUDSON/workspace/8-2-build-linux-amd64/jdk8u20/1074/hotspot/src/share/vm/prims/jvm.cpp, line 1275]
Event: 1.139 Thread 0x00007f795800c000 Exception <a 'java/security/PrivilegedActionException'> (0x00000000ec7316f8) thrown at [/HUDSON/workspace/8-2-build-linux-amd64/jdk8u20/1074/hotspot/src/share/vm/prims/jvm.cpp, line 1275]
Event: 1.151 Thread 0x00007f795800c000 Exception <a 'java/security/PrivilegedActionException'> (0x00000000ec745498) thrown at [/HUDSON/workspace/8-2-build-linux-amd64/jdk8u20/1074/hotspot/src/share/vm/prims/jvm.cpp, line 1275]
Event: 1.152 Thread 0x00007f795800c000 Exception <a 'java/security/PrivilegedActionException'> (0x00000000ec746930) thrown at [/HUDSON/workspace/8-2-build-linux-amd64/jdk8u20/1074/hotspot/src/share/vm/prims/jvm.cpp, line 1275]
Event: 1.155 Thread 0x00007f795800c000 Exception <a 'java/security/PrivilegedActionException'> (0x00000000ec753ca8) thrown at [/HUDSON/workspace/8-2-build-linux-amd64/jdk8u20/1074/hotspot/src/share/vm/prims/jvm.cpp, line 1275]
Event: 1.155 Thread 0x00007f795800c000 Exception <a 'java/security/PrivilegedActionException'> (0x00000000ec755368) thrown at [/HUDSON/workspace/8-2-build-linux-amd64/jdk8u20/1074/hotspot/src/share/vm/prims/jvm.cpp, line 1275]
Event: 1.156 Thread 0x00007f795800c000 Exception <a 'java/security/PrivilegedActionException'> (0x00000000ec757a08) thrown at [/HUDSON/workspace/8-2-build-linux-amd64/jdk8u20/1074/hotspot/src/share/vm/prims/jvm.cpp, line 1275]
Event: 1.156 Thread 0x00007f795800c000 Exception <a 'java/security/PrivilegedActionException'> (0x00000000ec7590e8) thrown at [/HUDSON/workspace/8-2-build-linux-amd64/jdk8u20/1074/hotspot/src/share/vm/prims/jvm.cpp, line 1275]
Event: 5.049 Thread 0x00007f795800c000 Exception <a 'java/security/PrivilegedActionException'> (0x00000000ec772100) thrown at [/HUDSON/workspace/8-2-build-linux-amd64/jdk8u20/1074/hotspot/src/share/vm/prims/jvm.cpp, line 1275]

Events (10 events):
Event: 1769.138 Executing VM operation: ChangeBreakpoints
Event: 1769.138 Executing VM operation: ChangeBreakpoints done
Event: 1769.140 Executing VM operation: ChangeBreakpoints
Event: 1769.140 Executing VM operation: ChangeBreakpoints done
Event: 1769.143 Executing VM operation: ChangeBreakpoints
Event: 1769.143 Executing VM operation: ChangeBreakpoints done
Event: 1769.145 Executing VM operation: ChangeBreakpoints
Event: 1769.145 Executing VM operation: ChangeBreakpoints done
Event: 2569.895 Executing VM operation: RedefineClasses
Event: 2569.896 Executing VM operation: RedefineClasses done


Dynamic libraries:
00400000-00401000 r-xp 00000000 08:08 2622385                            /home/hijj/software/javaAndroid/jdk/jdk8/bin/java
00600000-00601000 rw-p 00000000 08:08 2622385                            /home/hijj/software/javaAndroid/jdk/jdk8/bin/java
014d2000-014f3000 rw-p 00000000 00:00 0                                  [heap]
c5000000-c7800000 rw-p 00000000 00:00 0 
c7800000-ec580000 ---p 00000000 00:00 0 
ec580000-ed980000 rw-p 00000000 00:00 0 
ed980000-100000000 ---p 00000000 00:00 0 
100000000-100080000 rw-p 00000000 00:00 0 
100080000-140000000 ---p 00000000 00:00 0 
7f7904000000-7f7904021000 rw-p 00000000 00:00 0 
7f7904021000-7f7908000000 ---p 00000000 00:00 0 
7f7908000000-7f7908021000 rw-p 00000000 00:00 0 
7f7908021000-7f790c000000 ---p 00000000 00:00 0 
7f790c000000-7f790c021000 rw-p 00000000 00:00 0 
7f790c021000-7f7910000000 ---p 00000000 00:00 0 
7f7910000000-7f7910073000 rw-p 00000000 00:00 0 
7f7910073000-7f7914000000 ---p 00000000 00:00 0 
7f7914000000-7f7914021000 rw-p 00000000 00:00 0 
7f7914021000-7f7918000000 ---p 00000000 00:00 0 
7f7918000000-7f791804e000 rw-p 00000000 00:00 0 
7f791804e000-7f791c000000 ---p 00000000 00:00 0 
7f791c000000-7f791c026000 rw-p 00000000 00:00 0 
7f791c026000-7f7920000000 ---p 00000000 00:00 0 
7f7920000000-7f7920021000 rw-p 00000000 00:00 0 
7f7920021000-7f7924000000 ---p 00000000 00:00 0 
7f7924000000-7f7924021000 rw-p 00000000 00:00 0 
7f7924021000-7f7928000000 ---p 00000000 00:00 0 
7f7928000000-7f7928021000 rw-p 00000000 00:00 0 
7f7928021000-7f792c000000 ---p 00000000 00:00 0 
7f792c000000-7f792c021000 rw-p 00000000 00:00 0 
7f792c021000-7f7930000000 ---p 00000000 00:00 0 
7f7930000000-7f7930021000 rw-p 00000000 00:00 0 
7f7930021000-7f7934000000 ---p 00000000 00:00 0 
7f7934000000-7f7934021000 rw-p 00000000 00:00 0 
7f7934021000-7f7938000000 ---p 00000000 00:00 0 
7f79381c7000-7f793843c000 rw-p 00000000 00:00 0 
7f793843c000-7f793844f000 r--s 00344000 08:08 2628842                    /home/hijj/software/javaAndroid/jdk/jdk8/jre/lib/resources.jar
7f793844f000-7f793846b000 r--s 00393000 08:08 2628860                    /home/hijj/software/javaAndroid/jdk/jdk8/jre/lib/ext/cldrdata.jar
7f793846b000-7f793846c000 ---p 00000000 00:00 0 
7f793846c000-7f793856c000 rw-p 00000000 00:00 0                          [stack:13706]
7f793856c000-7f793856f000 ---p 00000000 00:00 0 
7f793856f000-7f793866d000 rw-p 00000000 00:00 0                          [stack:13705]
7f793866d000-7f7938670000 ---p 00000000 00:00 0 
7f7938670000-7f793876e000 rw-p 00000000 00:00 0                          [stack:13704]
7f793876e000-7f7938771000 ---p 00000000 00:00 0 
7f7938771000-7f793886f000 rw-p 00000000 00:00 0                          [stack:13703]
7f793886f000-7f7938872000 ---p 00000000 00:00 0 
7f7938872000-7f7938970000 rw-p 00000000 00:00 0                          [stack:13702]
7f7938970000-7f7938973000 ---p 00000000 00:00 0 
7f7938973000-7f7938a71000 rw-p 00000000 00:00 0                          [stack:13186]
7f7938a71000-7f7938a74000 ---p 00000000 00:00 0 
7f7938a74000-7f7938b72000 rw-p 00000000 00:00 0                          [stack:13183]
7f7938b72000-7f7938b75000 ---p 00000000 00:00 0 
7f7938b75000-7f7938c73000 rw-p 00000000 00:00 0                          [stack:13180]
7f7938c73000-7f7938c77000 r-xp 00000000 08:08 2628974                    /home/hijj/software/javaAndroid/jdk/jdk8/jre/lib/amd64/libdt_socket.so
7f7938c77000-7f7938e76000 ---p 00004000 08:08 2628974                    /home/hijj/software/javaAndroid/jdk/jdk8/jre/lib/amd64/libdt_socket.so
7f7938e76000-7f7938e77000 rw-p 00003000 08:08 2628974                    /home/hijj/software/javaAndroid/jdk/jdk8/jre/lib/amd64/libdt_socket.so
7f7938e77000-7f7938e7a000 ---p 00000000 00:00 0 
7f7938e7a000-7f7938f78000 rw-p 00000000 00:00 0                          [stack:13176]
7f7938f78000-7f7938f7b000 ---p 00000000 00:00 0 
7f7938f7b000-7f7939079000 rw-p 00000000 00:00 0                          [stack:13148]
7f7939079000-7f793907c000 ---p 00000000 00:00 0 
7f793907c000-7f793917a000 rw-p 00000000 00:00 0                          [stack:13147]
7f793917a000-7f793917b000 ---p 00000000 00:00 0 
7f793917b000-7f793a0aa000 rw-p 00000000 00:00 0                          [stack:13144]
7f793a0aa000-7f793a280000 r--s 03ca8000 08:08 2628807                    /home/hijj/software/javaAndroid/jdk/jdk8/jre/lib/rt.jar
7f793a280000-7f793c000000 rw-p 00000000 00:00 0 
7f793c000000-7f793c021000 rw-p 00000000 00:00 0 
7f793c021000-7f7940000000 ---p 00000000 00:00 0 
7f7940000000-7f7940021000 rw-p 00000000 00:00 0 
7f7940021000-7f7944000000 ---p 00000000 00:00 0 
7f7944000000-7f7944021000 rw-p 00000000 00:00 0 
7f7944021000-7f7948000000 ---p 00000000 00:00 0 
7f7948003000-7f79486aa000 rw-p 00000000 00:00 0 
7f79486aa000-7f79489ea000 ---p 00000000 00:00 0 
7f79489ea000-7f7948bc2000 rw-p 00000000 00:00 0 
7f7948bc2000-7f7948bc3000 ---p 00000000 00:00 0 
7f7948bc3000-7f7948cc3000 rw-p 00000000 00:00 0                          [stack:13140]
7f7948cc3000-7f7948cc4000 ---p 00000000 00:00 0 
7f7948cc4000-7f7948dc4000 rw-p 00000000 00:00 0                          [stack:13139]
7f7948dc4000-7f7948dc5000 ---p 00000000 00:00 0 
7f7948dc5000-7f7948ed9000 rw-p 00000000 00:00 0                          [stack:13138]
7f7948ed9000-7f7949000000 ---p 00000000 00:00 0 
7f7949000000-7f7949270000 rwxp 00000000 00:00 0 
7f7949270000-7f7958000000 ---p 00000000 00:00 0 
7f7958000000-7f7958148000 rw-p 00000000 00:00 0 
7f7958148000-7f795c000000 ---p 00000000 00:00 0 
7f795c009000-7f795c02a000 rw-p 00000000 00:00 0 
7f795c02a000-7f795c02b000 ---p 00000000 00:00 0 
7f795c02b000-7f795c13f000 rw-p 00000000 00:00 0                          [stack:13137]
7f795c13f000-7f795c265000 ---p 00000000 00:00 0 
7f795c265000-7f795c270000 rw-p 00000000 00:00 0 
7f795c270000-7f795c303000 ---p 00000000 00:00 0 
7f795c303000-7f795c30e000 rw-p 00000000 00:00 0 
7f795c30e000-7f795c6c4000 ---p 00000000 00:00 0 
7f795c6c4000-7f795c6de000 r-xp 00000000 08:08 2629001                    /home/hijj/software/javaAndroid/jdk/jdk8/jre/lib/amd64/libzip.so
7f795c6de000-7f795c8de000 ---p 0001a000 08:08 2629001                    /home/hijj/software/javaAndroid/jdk/jdk8/jre/lib/amd64/libzip.so
7f795c8de000-7f795c8df000 rw-p 0001a000 08:08 2629001                    /home/hijj/software/javaAndroid/jdk/jdk8/jre/lib/amd64/libzip.so
7f795c8df000-7f795c8eb000 r-xp 00000000 08:08 5771539                    /lib/x86_64-linux-gnu/libnss_files-2.21.so
7f795c8eb000-7f795caea000 ---p 0000c000 08:08 5771539                    /lib/x86_64-linux-gnu/libnss_files-2.21.so
7f795caea000-7f795caeb000 r--p 0000b000 08:08 5771539                    /lib/x86_64-linux-gnu/libnss_files-2.21.so
7f795caeb000-7f795caec000 rw-p 0000c000 08:08 5771539                    /lib/x86_64-linux-gnu/libnss_files-2.21.so
7f795caec000-7f795caf7000 r-xp 00000000 08:08 5771549                    /lib/x86_64-linux-gnu/libnss_nis-2.21.so
7f795caf7000-7f795ccf6000 ---p 0000b000 08:08 5771549                    /lib/x86_64-linux-gnu/libnss_nis-2.21.so
7f795ccf6000-7f795ccf7000 r--p 0000a000 08:08 5771549                    /lib/x86_64-linux-gnu/libnss_nis-2.21.so
7f795ccf7000-7f795ccf8000 rw-p 0000b000 08:08 5771549                    /lib/x86_64-linux-gnu/libnss_nis-2.21.so
7f795ccf8000-7f795cd0f000 r-xp 00000000 08:08 5771533                    /lib/x86_64-linux-gnu/libnsl-2.21.so
7f795cd0f000-7f795cf0e000 ---p 00017000 08:08 5771533                    /lib/x86_64-linux-gnu/libnsl-2.21.so
7f795cf0e000-7f795cf0f000 r--p 00016000 08:08 5771533                    /lib/x86_64-linux-gnu/libnsl-2.21.so
7f795cf0f000-7f795cf10000 rw-p 00017000 08:08 5771533                    /lib/x86_64-linux-gnu/libnsl-2.21.so
7f795cf10000-7f795cf12000 rw-p 00000000 00:00 0 
7f795cf12000-7f795cf1a000 r-xp 00000000 08:08 5771535                    /lib/x86_64-linux-gnu/libnss_compat-2.21.so
7f795cf1a000-7f795d119000 ---p 00008000 08:08 5771535                    /lib/x86_64-linux-gnu/libnss_compat-2.21.so
7f795d119000-7f795d11a000 r--p 00007000 08:08 5771535                    /lib/x86_64-linux-gnu/libnss_compat-2.21.so
7f795d11a000-7f795d11b000 rw-p 00008000 08:08 5771535                    /lib/x86_64-linux-gnu/libnss_compat-2.21.so
7f795d11b000-7f795d7fd000 r--p 00000000 08:08 4070784                    /usr/lib/locale/locale-archive
7f795d7fd000-7f795d7ff000 r-xp 00000000 08:08 2628975                    /home/hijj/software/javaAndroid/jdk/jdk8/jre/lib/amd64/libnpt.so
7f795d7ff000-7f795d9ff000 ---p 00002000 08:08 2628975                    /home/hijj/software/javaAndroid/jdk/jdk8/jre/lib/amd64/libnpt.so
7f795d9ff000-7f795da00000 rw-p 00002000 08:08 2628975                    /home/hijj/software/javaAndroid/jdk/jdk8/jre/lib/amd64/libnpt.so
7f795da00000-7f795da39000 r-xp 00000000 08:08 2628992                    /home/hijj/software/javaAndroid/jdk/jdk8/jre/lib/amd64/libjdwp.so
7f795da39000-7f795dc38000 ---p 00039000 08:08 2628992                    /home/hijj/software/javaAndroid/jdk/jdk8/jre/lib/amd64/libjdwp.so
7f795dc38000-7f795dc3a000 rw-p 00038000 08:08 2628992                    /home/hijj/software/javaAndroid/jdk/jdk8/jre/lib/amd64/libjdwp.so
7f795dc3a000-7f795dc64000 r-xp 00000000 08:08 2628996                    /home/hijj/software/javaAndroid/jdk/jdk8/jre/lib/amd64/libjava.so
7f795dc64000-7f795de64000 ---p 0002a000 08:08 2628996                    /home/hijj/software/javaAndroid/jdk/jdk8/jre/lib/amd64/libjava.so
7f795de64000-7f795de66000 rw-p 0002a000 08:08 2628996                    /home/hijj/software/javaAndroid/jdk/jdk8/jre/lib/amd64/libjava.so
7f795de66000-7f795de73000 r-xp 00000000 08:08 2629000                    /home/hijj/software/javaAndroid/jdk/jdk8/jre/lib/amd64/libverify.so
7f795de73000-7f795e073000 ---p 0000d000 08:08 2629000                    /home/hijj/software/javaAndroid/jdk/jdk8/jre/lib/amd64/libverify.so
7f795e073000-7f795e075000 rw-p 0000d000 08:08 2629000                    /home/hijj/software/javaAndroid/jdk/jdk8/jre/lib/amd64/libverify.so
7f795e075000-7f795e07c000 r-xp 00000000 08:08 5771594                    /lib/x86_64-linux-gnu/librt-2.21.so
7f795e07c000-7f795e27b000 ---p 00007000 08:08 5771594                    /lib/x86_64-linux-gnu/librt-2.21.so
7f795e27b000-7f795e27c000 r--p 00006000 08:08 5771594                    /lib/x86_64-linux-gnu/librt-2.21.so
7f795e27c000-7f795e27d000 rw-p 00007000 08:08 5771594                    /lib/x86_64-linux-gnu/librt-2.21.so
7f795e27d000-7f795e384000 r-xp 00000000 08:08 5771512                    /lib/x86_64-linux-gnu/libm-2.21.so
7f795e384000-7f795e583000 ---p 00107000 08:08 5771512                    /lib/x86_64-linux-gnu/libm-2.21.so
7f795e583000-7f795e584000 r--p 00106000 08:08 5771512                    /lib/x86_64-linux-gnu/libm-2.21.so
7f795e584000-7f795e585000 rw-p 00107000 08:08 5771512                    /lib/x86_64-linux-gnu/libm-2.21.so
7f795e585000-7f795f1ef000 r-xp 00000000 08:08 2628982                    /home/hijj/software/javaAndroid/jdk/jdk8/jre/lib/amd64/server/libjvm.so
7f795f1ef000-7f795f3ee000 ---p 00c6a000 08:08 2628982                    /home/hijj/software/javaAndroid/jdk/jdk8/jre/lib/amd64/server/libjvm.so
7f795f3ee000-7f795f4c5000 rw-p 00c69000 08:08 2628982                    /home/hijj/software/javaAndroid/jdk/jdk8/jre/lib/amd64/server/libjvm.so
7f795f4c5000-7f795f507000 rw-p 00000000 00:00 0 
7f795f507000-7f795f6c7000 r-xp 00000000 08:08 5771453                    /lib/x86_64-linux-gnu/libc-2.21.so
7f795f6c7000-7f795f8c7000 ---p 001c0000 08:08 5771453                    /lib/x86_64-linux-gnu/libc-2.21.so
7f795f8c7000-7f795f8cb000 r--p 001c0000 08:08 5771453                    /lib/x86_64-linux-gnu/libc-2.21.so
7f795f8cb000-7f795f8cd000 rw-p 001c4000 08:08 5771453                    /lib/x86_64-linux-gnu/libc-2.21.so
7f795f8cd000-7f795f8d1000 rw-p 00000000 00:00 0 
7f795f8d1000-7f795f8d4000 r-xp 00000000 08:08 5771470                    /lib/x86_64-linux-gnu/libdl-2.21.so
7f795f8d4000-7f795fad3000 ---p 00003000 08:08 5771470                    /lib/x86_64-linux-gnu/libdl-2.21.so
7f795fad3000-7f795fad4000 r--p 00002000 08:08 5771470                    /lib/x86_64-linux-gnu/libdl-2.21.so
7f795fad4000-7f795fad5000 rw-p 00003000 08:08 5771470                    /lib/x86_64-linux-gnu/libdl-2.21.so
7f795fad5000-7f795faea000 r-xp 00000000 08:08 2628623                    /home/hijj/software/javaAndroid/jdk/jdk8/lib/amd64/jli/libjli.so
7f795faea000-7f795fce9000 ---p 00015000 08:08 2628623                    /home/hijj/software/javaAndroid/jdk/jdk8/lib/amd64/jli/libjli.so
7f795fce9000-7f795fcea000 rw-p 00014000 08:08 2628623                    /home/hijj/software/javaAndroid/jdk/jdk8/lib/amd64/jli/libjli.so
7f795fcea000-7f795fd02000 r-xp 00000000 08:08 5771586                    /lib/x86_64-linux-gnu/libpthread-2.21.so
7f795fd02000-7f795ff02000 ---p 00018000 08:08 5771586                    /lib/x86_64-linux-gnu/libpthread-2.21.so
7f795ff02000-7f795ff03000 r--p 00018000 08:08 5771586                    /lib/x86_64-linux-gnu/libpthread-2.21.so
7f795ff03000-7f795ff04000 rw-p 00019000 08:08 5771586                    /lib/x86_64-linux-gnu/libpthread-2.21.so
7f795ff04000-7f795ff08000 rw-p 00000000 00:00 0 
7f795ff08000-7f795ff2c000 r-xp 00000000 08:08 5771425                    /lib/x86_64-linux-gnu/ld-2.21.so
7f795ff32000-7f796000a000 rw-p 00000000 00:00 0 
7f796000a000-7f796000d000 ---p 00000000 00:00 0 
7f796000d000-7f796010f000 rw-p 00000000 00:00 0                          [stack:13131]
7f7960112000-7f7960115000 rw-p 00000000 00:00 0 
7f7960115000-7f796011f000 r--s 00116000 08:08 2628866                    /home/hijj/software/javaAndroid/jdk/jdk8/jre/lib/ext/localedata.jar
7f796011f000-7f7960127000 rw-s 00000000 08:08 1574307                    /tmp/hsperfdata_hijj/13128
7f7960127000-7f7960128000 rw-p 00000000 00:00 0 
7f7960128000-7f7960129000 r--p 00000000 00:00 0 
7f7960129000-7f796012b000 rw-p 00000000 00:00 0 
7f796012b000-7f796012c000 r--p 00023000 08:08 5771425                    /lib/x86_64-linux-gnu/ld-2.21.so
7f796012c000-7f796012d000 rw-p 00024000 08:08 5771425                    /lib/x86_64-linux-gnu/ld-2.21.so
7f796012d000-7f796012e000 rw-p 00000000 00:00 0 
7ffc3b481000-7ffc3b4a2000 rw-p 00000000 00:00 0                          [stack]
7ffc3b4bd000-7ffc3b4bf000 r--p 00000000 00:00 0                          [vvar]
7ffc3b4bf000-7ffc3b4c1000 r-xp 00000000 00:00 0                          [vdso]
ffffffffff600000-ffffffffff601000 r-xp 00000000 00:00 0                  [vsyscall]

VM Arguments:
jvm_args: -agentlib:jdwp=transport=dt_socket,suspend=y,address=localhost:40065 -Dfile.encoding=UTF-8 
java_command: learning.ks8.MainTest
java_class_path (initial): /media/hijj/娱乐/github/repositories/ACM/Java/bin
Launcher Type: SUN_STANDARD

Environment Variables:
JAVA_HOME=/home/hijj/software/javaAndroid/jdk/jdk8
JRE_HOME=/home/hijj/software/javaAndroid/jdk/jdk8/jre
CLASSPATH=.:/home/hijj/software/javaAndroid/jdk/jdk8/lib:/home/hijj/software/javaAndroid/jdk/jdk8/jre/lib:.:$JAVA_HOME/lib:$JAVA_HOME/jre/lib
PATH=/home/hijj/software/javaAndroid/sdk/android-sdk-linux/tools:/home/hijj/software/javaAndroid/sdk/android-sdk-linux/platform-tools:/home/hijj/software/javaAndroid/jdk/jdk8/bin:/home/hijj/software/javaAndroid/jdk/jdk8/jre/bin:/usr/local/sbin:/usr/local/bin:/usr/sbin:/usr/bin:/sbin:/bin:/usr/games:/usr/local/games:$JAVA_HOME/bin:$ANDROID_PATH/tools:$ANDROID_PATH/platform-tools
SHELL=/bin/bash
DISPLAY=:0

Signal Handlers:
SIGSEGV: [libjvm.so+0xa77530], sa_mask[0]=11111111011111111101111111111110, sa_flags=SA_RESTART|SA_SIGINFO
SIGBUS: [libjvm.so+0xa77530], sa_mask[0]=11111111011111111101111111111110, sa_flags=SA_RESTART|SA_SIGINFO
SIGFPE: [libjvm.so+0x8e1d90], sa_mask[0]=11111111011111111101111111111110, sa_flags=SA_RESTART|SA_SIGINFO
SIGPIPE: [libjvm.so+0x8e1d90], sa_mask[0]=11111111011111111101111111111110, sa_flags=SA_RESTART|SA_SIGINFO
SIGXFSZ: [libjvm.so+0x8e1d90], sa_mask[0]=11111111011111111101111111111110, sa_flags=SA_RESTART|SA_SIGINFO
SIGILL: [libjvm.so+0x8e1d90], sa_mask[0]=11111111011111111101111111111110, sa_flags=SA_RESTART|SA_SIGINFO
SIGUSR1: SIG_DFL, sa_mask[0]=00000000000000000000000000000000, sa_flags=none
SIGUSR2: [libjvm.so+0x8e35c0], sa_mask[0]=00100000000000000000000000000000, sa_flags=SA_RESTART|SA_SIGINFO
SIGHUP: [libjvm.so+0x8e4980], sa_mask[0]=11111111011111111101111111111110, sa_flags=SA_RESTART|SA_SIGINFO
SIGINT: [libjvm.so+0x8e4980], sa_mask[0]=11111111011111111101111111111110, sa_flags=SA_RESTART|SA_SIGINFO
SIGTERM: [libjvm.so+0x8e4980], sa_mask[0]=11111111011111111101111111111110, sa_flags=SA_RESTART|SA_SIGINFO
SIGQUIT: [libjvm.so+0x8e4980], sa_mask[0]=11111111011111111101111111111110, sa_flags=SA_RESTART|SA_SIGINFO


---------------  S Y S T E M  ---------------

OS:DISTRIB_ID=Ubuntu
DISTRIB_RELEASE=15.04
DISTRIB_CODENAME=vivid
DISTRIB_DESCRIPTION="Ubuntu 15.04"

uname:Linux 3.19.0-30-generic #34-Ubuntu SMP Fri Oct 2 22:08:41 UTC 2015 x86_64
libc:glibc 2.21 NPTL 2.21 
rlimit: STACK 8192k, CORE 0k, NPROC 15002, NOFILE 65536, AS infinity
load average:0.09 0.13 0.31

/proc/meminfo:
MemTotal:        3863036 kB
MemFree:          625456 kB
MemAvailable:    1062808 kB
Buffers:           63820 kB
Cached:           777908 kB
SwapCached:        42520 kB
Active:          1723548 kB
Inactive:        1252096 kB
Active(anon):    1421776 kB
Inactive(anon):   983344 kB
Active(file):     301772 kB
Inactive(file):   268752 kB
Unevictable:          48 kB
Mlocked:              48 kB
SwapTotal:       4005884 kB
SwapFree:        3440932 kB
Dirty:              1616 kB
Writeback:             0 kB
AnonPages:       2108228 kB
Mapped:           218604 kB
Shmem:            271180 kB
Slab:             119428 kB
SReclaimable:      71540 kB
SUnreclaim:        47888 kB
KernelStack:       34640 kB
PageTables:        50872 kB
NFS_Unstable:          0 kB
Bounce:                0 kB
WritebackTmp:          0 kB
CommitLimit:     5937400 kB
Committed_AS:   14730336 kB
VmallocTotal:   34359738367 kB
VmallocUsed:      378088 kB
VmallocChunk:   34359320912 kB
HardwareCorrupted:     0 kB
AnonHugePages:   1105920 kB
CmaTotal:              0 kB
CmaFree:               0 kB
HugePages_Total:       0
HugePages_Free:        0
HugePages_Rsvd:        0
HugePages_Surp:        0
Hugepagesize:       2048 kB
DirectMap4k:      185084 kB
DirectMap2M:     3823616 kB


CPU:total 4 (2 cores per cpu, 2 threads per core) family 6 model 58 stepping 9, cmov, cx8, fxsr, mmx, sse, sse2, sse3, ssse3, sse4.1, sse4.2, popcnt, avx, aes, clmul, erms, ht, tsc, tscinvbit, tscinv

/proc/cpuinfo:
processor	: 0
vendor_id	: GenuineIntel
cpu family	: 6
model		: 58
model name	: Intel(R) Core(TM) i5-3230M CPU @ 2.60GHz
stepping	: 9
microcode	: 0x17
cpu MHz		: 3107.101
cache size	: 3072 KB
physical id	: 0
siblings	: 4
core id		: 0
cpu cores	: 2
apicid		: 0
initial apicid	: 0
fpu		: yes
fpu_exception	: yes
cpuid level	: 13
wp		: yes
flags		: fpu vme de pse tsc msr pae mce cx8 apic sep mtrr pge mca cmov pat pse36 clflush dts acpi mmx fxsr sse sse2 ss ht tm pbe syscall nx rdtscp lm constant_tsc arch_perfmon pebs bts rep_good nopl xtopology nonstop_tsc aperfmperf eagerfpu pni pclmulqdq dtes64 monitor ds_cpl vmx est tm2 ssse3 cx16 xtpr pdcm pcid sse4_1 sse4_2 x2apic popcnt tsc_deadline_timer aes xsave avx f16c rdrand lahf_lm ida arat epb pln pts dtherm tpr_shadow vnmi flexpriority ept vpid fsgsbase smep erms xsaveopt
bugs		:
bogomips	: 5188.00
clflush size	: 64
cache_alignment	: 64
address sizes	: 36 bits physical, 48 bits virtual
power management:

processor	: 1
vendor_id	: GenuineIntel
cpu family	: 6
model		: 58
model name	: Intel(R) Core(TM) i5-3230M CPU @ 2.60GHz
stepping	: 9
microcode	: 0x17
cpu MHz		: 3118.273
cache size	: 3072 KB
physical id	: 0
siblings	: 4
core id		: 0
cpu cores	: 2
apicid		: 1
initial apicid	: 1
fpu		: yes
fpu_exception	: yes
cpuid level	: 13
wp		: yes
flags		: fpu vme de pse tsc msr pae mce cx8 apic sep mtrr pge mca cmov pat pse36 clflush dts acpi mmx fxsr sse sse2 ss ht tm pbe syscall nx rdtscp lm constant_tsc arch_perfmon pebs bts rep_good nopl xtopology nonstop_tsc aperfmperf eagerfpu pni pclmulqdq dtes64 monitor ds_cpl vmx est tm2 ssse3 cx16 xtpr pdcm pcid sse4_1 sse4_2 x2apic popcnt tsc_deadline_timer aes xsave avx f16c rdrand lahf_lm ida arat epb pln pts dtherm tpr_shadow vnmi flexpriority ept vpid fsgsbase smep erms xsaveopt
bugs		:
bogomips	: 5188.00
clflush size	: 64
cache_alignment	: 64
address sizes	: 36 bits physical, 48 bits virtual
power management:

processor	: 2
vendor_id	: GenuineIntel
cpu family	: 6
model		: 58
model name	: Intel(R) Core(TM) i5-3230M CPU @ 2.60GHz
stepping	: 9
microcode	: 0x17
cpu MHz		: 2999.953
cache size	: 3072 KB
physical id	: 0
siblings	: 4
core id		: 1
cpu cores	: 2
apicid		: 2
initial apicid	: 2
fpu		: yes
fpu_exception	: yes
cpuid level	: 13
wp		: yes
flags		: fpu vme de pse tsc msr pae mce cx8 apic sep mtrr pge mca cmov pat pse36 clflush dts acpi mmx fxsr sse sse2 ss ht tm pbe syscall nx rdtscp lm constant_tsc arch_perfmon pebs bts rep_good nopl xtopology nonstop_tsc aperfmperf eagerfpu pni pclmulqdq dtes64 monitor ds_cpl vmx est tm2 ssse3 cx16 xtpr pdcm pcid sse4_1 sse4_2 x2apic popcnt tsc_deadline_timer aes xsave avx f16c rdrand lahf_lm ida arat epb pln pts dtherm tpr_shadow vnmi flexpriority ept vpid fsgsbase smep erms xsaveopt
bugs		:
bogomips	: 5188.00
clflush size	: 64
cache_alignment	: 64
address sizes	: 36 bits physical, 48 bits virtual
power management:

processor	: 3
vendor_id	: GenuineIntel
cpu family	: 6
model		: 58
model name	: Intel(R) Core(TM) i5-3230M CPU @ 2.60GHz
stepping	: 9
microcode	: 0x17
cpu MHz		: 2999.953
cache size	: 3072 KB
physical id	: 0
siblings	: 4
core id		: 1
cpu cores	: 2
apicid		: 3
initial apicid	: 3
fpu		: yes
fpu_exception	: yes
cpuid level	: 13
wp		: yes
flags		: fpu vme de pse tsc msr pae mce cx8 apic sep mtrr pge mca cmov pat pse36 clflush dts acpi mmx fxsr sse sse2 ss ht tm pbe syscall nx rdtscp lm constant_tsc arch_perfmon pebs bts rep_good nopl xtopology nonstop_tsc aperfmperf eagerfpu pni pclmulqdq dtes64 monitor ds_cpl vmx est tm2 ssse3 cx16 xtpr pdcm pcid sse4_1 sse4_2 x2apic popcnt tsc_deadline_timer aes xsave avx f16c rdrand lahf_lm ida arat epb pln pts dtherm tpr_shadow vnmi flexpriority ept vpid fsgsbase smep erms xsaveopt
bugs		:
bogomips	: 5188.00
clflush size	: 64
cache_alignment	: 64
address sizes	: 36 bits physical, 48 bits virtual
power management:



Memory: 4k page, physical 3863036k(625456k free), swap 4005884k(3440932k free)

vm_info: Java HotSpot(TM) 64-Bit Server VM (25.20-b23) for linux-amd64 JRE (1.8.0_20-b26), built on Jul 30 2014 13:13:52 by "java_re" with gcc 4.3.0 20080428 (Red Hat 4.3.0-8)

time: Thu Oct 22 00:10:21 2015
elapsed time: 2569 seconds (0d 0h 42m 49s)

