#
# A fatal error has been detected by the Java Runtime Environment:
#
#  SIGSEGV (0xb) at pc=0x00007efd2a3f5190, pid=6359, tid=139625160746752
#
# JRE version: Java(TM) SE Runtime Environment (8.0_20-b26) (build 1.8.0_20-b26)
# Java VM: Java HotSpot(TM) 64-Bit Server VM (25.20-b23 mixed mode linux-amd64 compressed oops)
# Problematic frame:
# V  [libjvm.so+0x873190]  Method::checked_resolve_jmethod_id(_jmethodID*)+0x20
#
# Failed to write core dump. Core dumps have been disabled. To enable core dumping, try "ulimit -c unlimited" before starting Java again
#
# If you would like to submit a bug report, please visit:
#   http://bugreport.sun.com/bugreport/crash.jsp
#

---------------  T H R E A D  ---------------

Current thread (0x00007efd240ba000):  JavaThread "JDWP Transport Listener: dt_socket" daemon [_thread_in_vm, id=6377, stack(0x00007efd040ba000,0x00007efd041bb000)]

siginfo: si_signo: 11 (SIGSEGV), si_code: 1 (SEGV_MAPERR), si_addr: 0x0000000000000040

Registers:
RAX=0x0000000000000001, RBX=0x00007efd240036a0, RCX=0x00007efd2b500340, RDX=0x00007efd2aad9fe0
RSP=0x00007efd041b96d0, RBP=0x00007efd041b96e0, RSI=0x00007efd240ba000, RDI=0x0000000000000040
R8 =0x00007efcf0007c50, R9 =0x0000000000000000, R10=0x0000000000000010, R11=0x00007efd2ac9aff0
R12=0x0000000000000017, R13=0x0000000000000040, R14=0x00007efd240ba000, R15=0x00007efd041b97e7
RIP=0x00007efd2a3f5190, EFLAGS=0x0000000000010202, CSGSFS=0x0000000000000033, ERR=0x0000000000000004
  TRAPNO=0x000000000000000e

Top of Stack: (sp=0x00007efd041b96d0)
0x00007efd041b96d0:   0000000000000074 00007efd240036a0
0x00007efd041b96e0:   00007efd041b9750 00007efd2a28a78e
0x00007efd041b96f0:   00007efcf0007c50 00007efd041b9700
0x00007efd041b9700:   00007efd240ba000 0000000000000000
0x00007efd041b9710:   00007efd00000000 0000000000000000
0x00007efd041b9720:   00007efd041b9740 00007efd29236d60
0x00007efd041b9730:   0000000000000040 00007efd041b97e7
0x00007efd041b9740:   0000000000000006 00007efd041b97e7
0x00007efd041b9750:   00007efd041b9780 00007efd29022872
0x00007efd041b9760:   00007efd041b9780 0000000000000040
0x00007efd041b9770:   00007efd041b9850 0000000000000030
0x00007efd041b9780:   00007efd041b9810 00007efd29003a60
0x00007efd041b9790:   00007efd041b97c8 00007efd041b97c0
0x00007efd041b97a0:   00007efd041b97b8 00007efd041b97dc
0x00007efd041b97b0:   00000001f0002f00 0000000000000000
0x00007efd041b97c0:   0000000000000000 0000000000000000
0x00007efd041b97d0:   00007efcf0005c10 0000000a041b9850
0x00007efd041b97e0:   0000000000000007 0000000000000002
0x00007efd041b97f0:   000000000000000f 0000000000000002
0x00007efd041b9800:   00000000000f0200 000000000000000f
0x00007efd041b9810:   00007efd041b9a60 00007efd2900e976
0x00007efd041b9820:   000000a800000013 00007efd2a0f0200
0x00007efd041b9830:   00007efcdc001010 0000000000000000
0x00007efd041b9840:   00007efd041b9850 00007efd041b99e0
0x00007efd041b9850:   00007efd041b99b7 00007efd00000015
0x00007efd041b9860:   00007efd041b9868 0000000000000117
0x00007efd041b9870:   00007efd041b98a0 0000000000000000
0x00007efd041b9880:   00007e0000000000 000000a80000001c
0x00007efd041b9890:   00007efd00009980 00007efd041b98a0
0x00007efd041b98a0:   fd7e000007000000 0400000020281524
0x00007efd041b98b0:   0300000074696e69 0000000000562928
0x00007efd041b98c0:   24fd7e00000a0000 430a000000082815 

Instructions: (pc=0x00007efd2a3f5190)
0x00007efd2a3f5170:   55 48 89 e5 53 48 83 ec 08 48 85 ff 75 12 31 db
0x00007efd2a3f5180:   48 89 d8 48 83 c4 08 5b c9 c3 66 0f 1f 44 00 00
0x00007efd2a3f5190:   48 8b 1f 48 85 db 74 e6 48 83 fb 37 74 e0 48 8b
0x00007efd2a3f51a0:   03 48 89 df ff 50 10 84 c0 0f 1f 80 00 00 00 00 

Register to memory mapping:

RAX=0x0000000000000001 is an unknown value
RBX=0x00007efd240036a0 is an unknown value
RCX=0x00007efd2b500340: <offset 0x219340> in /lib/x86_64-linux-gnu/libpthread.so.0 at 0x00007efd2b2e7000
RDX=0x00007efd2aad9fe0: <offset 0xf57fe0> in /home/hijj/software/javaAndroid/jdk/jdk8/jre/lib/amd64/server/libjvm.so at 0x00007efd29b82000
RSP=0x00007efd041b96d0 is pointing into the stack for thread: 0x00007efd240ba000
RBP=0x00007efd041b96e0 is pointing into the stack for thread: 0x00007efd240ba000
RSI=0x00007efd240ba000 is a thread
RDI=0x0000000000000040 is an unknown value
R8 =0x00007efcf0007c50 is an unknown value
R9 =0x0000000000000000 is an unknown value
R10=0x0000000000000010 is an unknown value
R11=0x00007efd2ac9aff0: <offset 0x196ff0> in /lib/x86_64-linux-gnu/libc.so.6 at 0x00007efd2ab04000
R12=0x0000000000000017 is an unknown value
R13=0x0000000000000040 is an unknown value
R14=0x00007efd240ba000 is a thread
R15=0x00007efd041b97e7 is pointing into the stack for thread: 0x00007efd240ba000


Stack: [0x00007efd040ba000,0x00007efd041bb000],  sp=0x00007efd041b96d0,  free space=1021k
Native frames: (J=compiled Java code, j=interpreted, Vv=VM code, C=native code)
V  [libjvm.so+0x873190]  Method::checked_resolve_jmethod_id(_jmethodID*)+0x20
V  [libjvm.so+0x70878e]  jvmti_IsMethodSynthetic+0x29e
C  [libjdwp.so+0x25872]  isMethodSynthetic+0x42
C  [libjdwp.so+0x6a60]  methods1+0x1b0
C  [libjdwp.so+0x11976]  debugLoop_run+0x2b6
C  [libjdwp.so+0x247af]  attachThread+0x2f
V  [libjvm.so+0x7744f2]  JvmtiAgentThread::call_start_function()+0xc2
V  [libjvm.so+0xa2990f]  JavaThread::thread_main_inner()+0xdf
V  [libjvm.so+0xa29a3c]  JavaThread::run()+0x11c
V  [libjvm.so+0x8e75f8]  java_start(Thread*)+0x108
C  [libpthread.so.0+0x76aa]  start_thread+0xca


---------------  P R O C E S S  ---------------

Java Threads: ( => current thread )
  0x00007efd240da800 JavaThread "Service Thread" daemon [_thread_blocked, id=6386, stack(0x00007efceb9fa000,0x00007efcebafb000)]
  0x00007efd240c5000 JavaThread "C1 CompilerThread2" daemon [_thread_blocked, id=6385, stack(0x00007efcebafb000,0x00007efcebbfc000)]
  0x00007efd240c3000 JavaThread "C2 CompilerThread1" daemon [_thread_blocked, id=6384, stack(0x00007efcebbfc000,0x00007efcebcfd000)]
  0x00007efd240c0000 JavaThread "C2 CompilerThread0" daemon [_thread_blocked, id=6383, stack(0x00007efcebcfd000,0x00007efcebdfe000)]
  0x00007efcf0001000 JavaThread "JDWP Command Reader" daemon [_thread_in_native, id=6379, stack(0x00007efcebdfe000,0x00007efcebeff000)]
  0x00007efd240be000 JavaThread "JDWP Event Helper Thread" daemon [_thread_blocked, id=6378, stack(0x00007efcebeff000,0x00007efcec000000)]
=>0x00007efd240ba000 JavaThread "JDWP Transport Listener: dt_socket" daemon [_thread_in_vm, id=6377, stack(0x00007efd040ba000,0x00007efd041bb000)]
  0x00007efd240ad000 JavaThread "Signal Dispatcher" daemon [_thread_blocked, id=6375, stack(0x00007efd043bf000,0x00007efd044c0000)]
  0x00007efd2407f000 JavaThread "Finalizer" daemon [_thread_blocked, id=6373, stack(0x00007efd044c0000,0x00007efd045c1000)]
  0x00007efd2407d000 JavaThread "Reference Handler" daemon [_thread_blocked, id=6372, stack(0x00007efd045c1000,0x00007efd046c2000)]
  0x00007efd2400c000 JavaThread "main" [_thread_in_native, id=6360, stack(0x00007efd2b607000,0x00007efd2b708000)]

Other Threads:
  0x00007efd24075800 VMThread [stack: 0x00007efd046c2000,0x00007efd047c3000] [id=6371]
  0x00007efd240e5000 WatcherThread [stack: 0x00007efceb8f9000,0x00007efceb9fa000] [id=6387]

VM state:not at safepoint (normal execution)

VM Mutex/Monitor currently owned by a thread: None

Heap:
 PSYoungGen      total 17920K, used 2154K [0x00000000ec580000, 0x00000000ed980000, 0x0000000100000000)
  eden space 15360K, 14% used [0x00000000ec580000,0x00000000ec79a800,0x00000000ed480000)
  from space 2560K, 0% used [0x00000000ed700000,0x00000000ed700000,0x00000000ed980000)
  to   space 2560K, 0% used [0x00000000ed480000,0x00000000ed480000,0x00000000ed700000)
 ParOldGen       total 40960K, used 0K [0x00000000c5000000, 0x00000000c7800000, 0x00000000ec580000)
  object space 40960K, 0% used [0x00000000c5000000,0x00000000c5000000,0x00000000c7800000)
 Metaspace       used 3750K, capacity 4842K, committed 5120K, reserved 1056768K
  class space    used 406K, capacity 466K, committed 512K, reserved 1048576K

Card table byte_map: [0x00007efd1463f000,0x00007efd14818000] byte_map_base: 0x00007efd14017000

Marking Bits: (ParMarkBitMap*) 0x00007efd2aad9ac0
 Begin Bits: [0x00007efd06280000, 0x00007efd07140000)
 End Bits:   [0x00007efd07140000, 0x00007efd08000000)

Polling page: 0x00007efd2b725000

CodeCache: size=245760Kb used=1195Kb max_used=1195Kb free=244564Kb
 bounds [0x00007efd14bd8000, 0x00007efd14e48000, 0x00007efd23bd8000]
 total_blobs=304 nmethods=67 adapters=160
 compilation: enabled

Compilation events (10 events):
Event: 0.575 Thread 0x00007efd240c5000   62       3       java.lang.Character::isHighSurrogate (18 bytes)
Event: 0.575 Thread 0x00007efd240c5000 nmethod 62 0x00007efd14d01f10 code [0x00007efd14d02080, 0x00007efd14d02250]
Event: 0.575 Thread 0x00007efd240c5000   65       1       java.util.regex.Pattern::flags (5 bytes)
Event: 0.575 Thread 0x00007efd240c5000 nmethod 65 0x00007efd14d022d0 code [0x00007efd14d02420, 0x00007efd14d02530]
Event: 0.575 Thread 0x00007efd240c5000   56       3       java.lang.AbstractStringBuilder::<init> (12 bytes)
Event: 0.575 Thread 0x00007efd240c5000 nmethod 56 0x00007efd14d02590 code [0x00007efd14d02700, 0x00007efd14d02950]
Event: 0.575 Thread 0x00007efd240c5000   57       1       java.net.URL::getProtocol (5 bytes)
Event: 0.576 Thread 0x00007efd240c5000 nmethod 57 0x00007efd14d02a10 code [0x00007efd14d02b60, 0x00007efd14d02c70]
Event: 248.988 Thread 0x00007efd240c5000   67       3       java.util.concurrent.ConcurrentHashMap$Node::<init> (26 bytes)
Event: 248.989 Thread 0x00007efd240c5000 nmethod 67 0x00007efd14d02cd0 code [0x00007efd14d02e40, 0x00007efd14d03030]

GC Heap History (0 events):
No events

Deoptimization events (0 events):
No events

Internal exceptions (10 events):
Event: 0.554 Thread 0x00007efd2400c000 Exception <a 'java/security/PrivilegedActionException'> (0x00000000ec72c5e0) thrown at [/HUDSON/workspace/8-2-build-linux-amd64/jdk8u20/1074/hotspot/src/share/vm/prims/jvm.cpp, line 1275]
Event: 0.555 Thread 0x00007efd2400c000 Exception <a 'java/security/PrivilegedActionException'> (0x00000000ec72d798) thrown at [/HUDSON/workspace/8-2-build-linux-amd64/jdk8u20/1074/hotspot/src/share/vm/prims/jvm.cpp, line 1275]
Event: 0.556 Thread 0x00007efd2400c000 Exception <a 'java/security/PrivilegedActionException'> (0x00000000ec7301b8) thrown at [/HUDSON/workspace/8-2-build-linux-amd64/jdk8u20/1074/hotspot/src/share/vm/prims/jvm.cpp, line 1275]
Event: 0.556 Thread 0x00007efd2400c000 Exception <a 'java/security/PrivilegedActionException'> (0x00000000ec731558) thrown at [/HUDSON/workspace/8-2-build-linux-amd64/jdk8u20/1074/hotspot/src/share/vm/prims/jvm.cpp, line 1275]
Event: 0.561 Thread 0x00007efd2400c000 Exception <a 'java/security/PrivilegedActionException'> (0x00000000ec7452f8) thrown at [/HUDSON/workspace/8-2-build-linux-amd64/jdk8u20/1074/hotspot/src/share/vm/prims/jvm.cpp, line 1275]
Event: 0.562 Thread 0x00007efd2400c000 Exception <a 'java/security/PrivilegedActionException'> (0x00000000ec746790) thrown at [/HUDSON/workspace/8-2-build-linux-amd64/jdk8u20/1074/hotspot/src/share/vm/prims/jvm.cpp, line 1275]
Event: 0.565 Thread 0x00007efd2400c000 Exception <a 'java/security/PrivilegedActionException'> (0x00000000ec753cc0) thrown at [/HUDSON/workspace/8-2-build-linux-amd64/jdk8u20/1074/hotspot/src/share/vm/prims/jvm.cpp, line 1275]
Event: 0.565 Thread 0x00007efd2400c000 Exception <a 'java/security/PrivilegedActionException'> (0x00000000ec755380) thrown at [/HUDSON/workspace/8-2-build-linux-amd64/jdk8u20/1074/hotspot/src/share/vm/prims/jvm.cpp, line 1275]
Event: 0.566 Thread 0x00007efd2400c000 Exception <a 'java/security/PrivilegedActionException'> (0x00000000ec757a20) thrown at [/HUDSON/workspace/8-2-build-linux-amd64/jdk8u20/1074/hotspot/src/share/vm/prims/jvm.cpp, line 1275]
Event: 0.566 Thread 0x00007efd2400c000 Exception <a 'java/security/PrivilegedActionException'> (0x00000000ec759100) thrown at [/HUDSON/workspace/8-2-build-linux-amd64/jdk8u20/1074/hotspot/src/share/vm/prims/jvm.cpp, line 1275]

Events (10 events):
Event: 718.984 Executing VM operation: RedefineClasses
Event: 718.984 Executing VM operation: RedefineClasses done
Event: 825.963 Executing VM operation: RedefineClasses
Event: 825.963 Executing VM operation: RedefineClasses done
Event: 860.617 Executing VM operation: RedefineClasses
Event: 860.617 Executing VM operation: RedefineClasses done
Event: 870.720 Executing VM operation: RedefineClasses
Event: 870.721 Executing VM operation: RedefineClasses done
Event: 903.644 Executing VM operation: RedefineClasses
Event: 903.968 Executing VM operation: RedefineClasses done


Dynamic libraries:
00400000-00401000 r-xp 00000000 08:08 2622385                            /home/hijj/software/javaAndroid/jdk/jdk8/bin/java
00600000-00601000 rw-p 00000000 08:08 2622385                            /home/hijj/software/javaAndroid/jdk/jdk8/bin/java
0169e000-016bf000 rw-p 00000000 00:00 0                                  [heap]
c5000000-c7800000 rw-p 00000000 00:00 0 
c7800000-ec580000 ---p 00000000 00:00 0 
ec580000-ed980000 rw-p 00000000 00:00 0 
ed980000-100000000 ---p 00000000 00:00 0 
100000000-100080000 rw-p 00000000 00:00 0 
100080000-140000000 ---p 00000000 00:00 0 
7efccc000000-7efccc021000 rw-p 00000000 00:00 0 
7efccc021000-7efcd0000000 ---p 00000000 00:00 0 
7efcd0000000-7efcd0021000 rw-p 00000000 00:00 0 
7efcd0021000-7efcd4000000 ---p 00000000 00:00 0 
7efcd4000000-7efcd4021000 rw-p 00000000 00:00 0 
7efcd4021000-7efcd8000000 ---p 00000000 00:00 0 
7efcd8000000-7efcd8063000 rw-p 00000000 00:00 0 
7efcd8063000-7efcdc000000 ---p 00000000 00:00 0 
7efcdc000000-7efcdc021000 rw-p 00000000 00:00 0 
7efcdc021000-7efce0000000 ---p 00000000 00:00 0 
7efce0000000-7efce003e000 rw-p 00000000 00:00 0 
7efce003e000-7efce4000000 ---p 00000000 00:00 0 
7efce4000000-7efce4021000 rw-p 00000000 00:00 0 
7efce4021000-7efce8000000 ---p 00000000 00:00 0 
7efceb684000-7efceb8f9000 rw-p 00000000 00:00 0 
7efceb8f9000-7efceb8fa000 ---p 00000000 00:00 0 
7efceb8fa000-7efceb9fa000 rw-p 00000000 00:00 0                          [stack:6387]
7efceb9fa000-7efceb9fd000 ---p 00000000 00:00 0 
7efceb9fd000-7efcebafb000 rw-p 00000000 00:00 0                          [stack:6386]
7efcebafb000-7efcebafe000 ---p 00000000 00:00 0 
7efcebafe000-7efcebbfc000 rw-p 00000000 00:00 0                          [stack:6385]
7efcebbfc000-7efcebbff000 ---p 00000000 00:00 0 
7efcebbff000-7efcebcfd000 rw-p 00000000 00:00 0                          [stack:6384]
7efcebcfd000-7efcebd00000 ---p 00000000 00:00 0 
7efcebd00000-7efcebdfe000 rw-p 00000000 00:00 0                          [stack:6383]
7efcebdfe000-7efcebe01000 ---p 00000000 00:00 0 
7efcebe01000-7efcebeff000 rw-p 00000000 00:00 0                          [stack:6379]
7efcebeff000-7efcebf02000 ---p 00000000 00:00 0 
7efcebf02000-7efcec000000 rw-p 00000000 00:00 0                          [stack:6378]
7efcec000000-7efcec021000 rw-p 00000000 00:00 0 
7efcec021000-7efcf0000000 ---p 00000000 00:00 0 
7efcf0000000-7efcf0022000 rw-p 00000000 00:00 0 
7efcf0022000-7efcf4000000 ---p 00000000 00:00 0 
7efcf4000000-7efcf4021000 rw-p 00000000 00:00 0 
7efcf4021000-7efcf8000000 ---p 00000000 00:00 0 
7efcf8000000-7efcf8021000 rw-p 00000000 00:00 0 
7efcf8021000-7efcfc000000 ---p 00000000 00:00 0 
7efcfc000000-7efcfc021000 rw-p 00000000 00:00 0 
7efcfc021000-7efd00000000 ---p 00000000 00:00 0 
7efd00000000-7efd00021000 rw-p 00000000 00:00 0 
7efd00021000-7efd04000000 ---p 00000000 00:00 0 
7efd040ba000-7efd040bd000 ---p 00000000 00:00 0 
7efd040bd000-7efd041bb000 rw-p 00000000 00:00 0                          [stack:6377]
7efd041bb000-7efd041bf000 r-xp 00000000 08:08 2628974                    /home/hijj/software/javaAndroid/jdk/jdk8/jre/lib/amd64/libdt_socket.so
7efd041bf000-7efd043be000 ---p 00004000 08:08 2628974                    /home/hijj/software/javaAndroid/jdk/jdk8/jre/lib/amd64/libdt_socket.so
7efd043be000-7efd043bf000 rw-p 00003000 08:08 2628974                    /home/hijj/software/javaAndroid/jdk/jdk8/jre/lib/amd64/libdt_socket.so
7efd043bf000-7efd043c2000 ---p 00000000 00:00 0 
7efd043c2000-7efd044c0000 rw-p 00000000 00:00 0                          [stack:6375]
7efd044c0000-7efd044c3000 ---p 00000000 00:00 0 
7efd044c3000-7efd045c1000 rw-p 00000000 00:00 0                          [stack:6373]
7efd045c1000-7efd045c4000 ---p 00000000 00:00 0 
7efd045c4000-7efd046c2000 rw-p 00000000 00:00 0                          [stack:6372]
7efd046c2000-7efd046c3000 ---p 00000000 00:00 0 
7efd046c3000-7efd056d2000 rw-p 00000000 00:00 0                          [stack:6371]
7efd056d2000-7efd058a8000 r--s 03ca8000 08:08 2628807                    /home/hijj/software/javaAndroid/jdk/jdk8/jre/lib/rt.jar
7efd058a8000-7efd05d28000 rw-p 00000000 00:00 0 
7efd05d28000-7efd060a8000 ---p 00000000 00:00 0 
7efd060a8000-7efd08000000 rw-p 00000000 00:00 0 
7efd08000000-7efd08021000 rw-p 00000000 00:00 0 
7efd08021000-7efd0c000000 ---p 00000000 00:00 0 
7efd0c000000-7efd0c021000 rw-p 00000000 00:00 0 
7efd0c021000-7efd10000000 ---p 00000000 00:00 0 
7efd10000000-7efd10021000 rw-p 00000000 00:00 0 
7efd10021000-7efd14000000 ---p 00000000 00:00 0 
7efd1408f000-7efd140a2000 r--s 00344000 08:08 2628842                    /home/hijj/software/javaAndroid/jdk/jdk8/jre/lib/resources.jar
7efd140a2000-7efd140be000 r--s 00393000 08:08 2628860                    /home/hijj/software/javaAndroid/jdk/jdk8/jre/lib/ext/cldrdata.jar
7efd140be000-7efd14100000 rw-p 00000000 00:00 0 
7efd14100000-7efd14101000 ---p 00000000 00:00 0 
7efd14101000-7efd14201000 rw-p 00000000 00:00 0                          [stack:6369]
7efd14201000-7efd14202000 ---p 00000000 00:00 0 
7efd14202000-7efd14302000 rw-p 00000000 00:00 0                          [stack:6368]
7efd14302000-7efd14303000 ---p 00000000 00:00 0 
7efd14303000-7efd14403000 rw-p 00000000 00:00 0                          [stack:6367]
7efd14403000-7efd14404000 ---p 00000000 00:00 0 
7efd14404000-7efd14518000 rw-p 00000000 00:00 0                          [stack:6366]
7efd14518000-7efd1463f000 ---p 00000000 00:00 0 
7efd1463f000-7efd14653000 rw-p 00000000 00:00 0 
7efd14653000-7efd14779000 ---p 00000000 00:00 0 
7efd14779000-7efd14784000 rw-p 00000000 00:00 0 
7efd14784000-7efd14817000 ---p 00000000 00:00 0 
7efd14817000-7efd14822000 rw-p 00000000 00:00 0 
7efd14822000-7efd14bd8000 ---p 00000000 00:00 0 
7efd14bd8000-7efd14e48000 rwxp 00000000 00:00 0 
7efd14e48000-7efd23bd8000 ---p 00000000 00:00 0 
7efd23bd8000-7efd23bf2000 r-xp 00000000 08:08 2629001                    /home/hijj/software/javaAndroid/jdk/jdk8/jre/lib/amd64/libzip.so
7efd23bf2000-7efd23df2000 ---p 0001a000 08:08 2629001                    /home/hijj/software/javaAndroid/jdk/jdk8/jre/lib/amd64/libzip.so
7efd23df2000-7efd23df3000 rw-p 0001a000 08:08 2629001                    /home/hijj/software/javaAndroid/jdk/jdk8/jre/lib/amd64/libzip.so
7efd23df3000-7efd23dff000 r-xp 00000000 08:08 5771539                    /lib/x86_64-linux-gnu/libnss_files-2.21.so
7efd23dff000-7efd23ffe000 ---p 0000c000 08:08 5771539                    /lib/x86_64-linux-gnu/libnss_files-2.21.so
7efd23ffe000-7efd23fff000 r--p 0000b000 08:08 5771539                    /lib/x86_64-linux-gnu/libnss_files-2.21.so
7efd23fff000-7efd24000000 rw-p 0000c000 08:08 5771539                    /lib/x86_64-linux-gnu/libnss_files-2.21.so
7efd24000000-7efd24160000 rw-p 00000000 00:00 0 
7efd24160000-7efd28000000 ---p 00000000 00:00 0 
7efd28003000-7efd280e9000 rw-p 00000000 00:00 0 
7efd280e9000-7efd280f4000 r-xp 00000000 08:08 5771549                    /lib/x86_64-linux-gnu/libnss_nis-2.21.so
7efd280f4000-7efd282f3000 ---p 0000b000 08:08 5771549                    /lib/x86_64-linux-gnu/libnss_nis-2.21.so
7efd282f3000-7efd282f4000 r--p 0000a000 08:08 5771549                    /lib/x86_64-linux-gnu/libnss_nis-2.21.so
7efd282f4000-7efd282f5000 rw-p 0000b000 08:08 5771549                    /lib/x86_64-linux-gnu/libnss_nis-2.21.so
7efd282f5000-7efd2830c000 r-xp 00000000 08:08 5771533                    /lib/x86_64-linux-gnu/libnsl-2.21.so
7efd2830c000-7efd2850b000 ---p 00017000 08:08 5771533                    /lib/x86_64-linux-gnu/libnsl-2.21.so
7efd2850b000-7efd2850c000 r--p 00016000 08:08 5771533                    /lib/x86_64-linux-gnu/libnsl-2.21.so
7efd2850c000-7efd2850d000 rw-p 00017000 08:08 5771533                    /lib/x86_64-linux-gnu/libnsl-2.21.so
7efd2850d000-7efd2850f000 rw-p 00000000 00:00 0 
7efd2850f000-7efd28517000 r-xp 00000000 08:08 5771535                    /lib/x86_64-linux-gnu/libnss_compat-2.21.so
7efd28517000-7efd28716000 ---p 00008000 08:08 5771535                    /lib/x86_64-linux-gnu/libnss_compat-2.21.so
7efd28716000-7efd28717000 r--p 00007000 08:08 5771535                    /lib/x86_64-linux-gnu/libnss_compat-2.21.so
7efd28717000-7efd28718000 rw-p 00008000 08:08 5771535                    /lib/x86_64-linux-gnu/libnss_compat-2.21.so
7efd28718000-7efd28dfa000 r--p 00000000 08:08 4070784                    /usr/lib/locale/locale-archive
7efd28dfa000-7efd28dfc000 r-xp 00000000 08:08 2628975                    /home/hijj/software/javaAndroid/jdk/jdk8/jre/lib/amd64/libnpt.so
7efd28dfc000-7efd28ffc000 ---p 00002000 08:08 2628975                    /home/hijj/software/javaAndroid/jdk/jdk8/jre/lib/amd64/libnpt.so
7efd28ffc000-7efd28ffd000 rw-p 00002000 08:08 2628975                    /home/hijj/software/javaAndroid/jdk/jdk8/jre/lib/amd64/libnpt.so
7efd28ffd000-7efd29036000 r-xp 00000000 08:08 2628992                    /home/hijj/software/javaAndroid/jdk/jdk8/jre/lib/amd64/libjdwp.so
7efd29036000-7efd29235000 ---p 00039000 08:08 2628992                    /home/hijj/software/javaAndroid/jdk/jdk8/jre/lib/amd64/libjdwp.so
7efd29235000-7efd29237000 rw-p 00038000 08:08 2628992                    /home/hijj/software/javaAndroid/jdk/jdk8/jre/lib/amd64/libjdwp.so
7efd29237000-7efd29261000 r-xp 00000000 08:08 2628996                    /home/hijj/software/javaAndroid/jdk/jdk8/jre/lib/amd64/libjava.so
7efd29261000-7efd29461000 ---p 0002a000 08:08 2628996                    /home/hijj/software/javaAndroid/jdk/jdk8/jre/lib/amd64/libjava.so
7efd29461000-7efd29463000 rw-p 0002a000 08:08 2628996                    /home/hijj/software/javaAndroid/jdk/jdk8/jre/lib/amd64/libjava.so
7efd29463000-7efd29470000 r-xp 00000000 08:08 2629000                    /home/hijj/software/javaAndroid/jdk/jdk8/jre/lib/amd64/libverify.so
7efd29470000-7efd29670000 ---p 0000d000 08:08 2629000                    /home/hijj/software/javaAndroid/jdk/jdk8/jre/lib/amd64/libverify.so
7efd29670000-7efd29672000 rw-p 0000d000 08:08 2629000                    /home/hijj/software/javaAndroid/jdk/jdk8/jre/lib/amd64/libverify.so
7efd29672000-7efd29679000 r-xp 00000000 08:08 5771594                    /lib/x86_64-linux-gnu/librt-2.21.so
7efd29679000-7efd29878000 ---p 00007000 08:08 5771594                    /lib/x86_64-linux-gnu/librt-2.21.so
7efd29878000-7efd29879000 r--p 00006000 08:08 5771594                    /lib/x86_64-linux-gnu/librt-2.21.so
7efd29879000-7efd2987a000 rw-p 00007000 08:08 5771594                    /lib/x86_64-linux-gnu/librt-2.21.so
7efd2987a000-7efd29981000 r-xp 00000000 08:08 5771512                    /lib/x86_64-linux-gnu/libm-2.21.so
7efd29981000-7efd29b80000 ---p 00107000 08:08 5771512                    /lib/x86_64-linux-gnu/libm-2.21.so
7efd29b80000-7efd29b81000 r--p 00106000 08:08 5771512                    /lib/x86_64-linux-gnu/libm-2.21.so
7efd29b81000-7efd29b82000 rw-p 00107000 08:08 5771512                    /lib/x86_64-linux-gnu/libm-2.21.so
7efd29b82000-7efd2a7ec000 r-xp 00000000 08:08 2628982                    /home/hijj/software/javaAndroid/jdk/jdk8/jre/lib/amd64/server/libjvm.so
7efd2a7ec000-7efd2a9eb000 ---p 00c6a000 08:08 2628982                    /home/hijj/software/javaAndroid/jdk/jdk8/jre/lib/amd64/server/libjvm.so
7efd2a9eb000-7efd2aac2000 rw-p 00c69000 08:08 2628982                    /home/hijj/software/javaAndroid/jdk/jdk8/jre/lib/amd64/server/libjvm.so
7efd2aac2000-7efd2ab04000 rw-p 00000000 00:00 0 
7efd2ab04000-7efd2acc4000 r-xp 00000000 08:08 5771453                    /lib/x86_64-linux-gnu/libc-2.21.so
7efd2acc4000-7efd2aec4000 ---p 001c0000 08:08 5771453                    /lib/x86_64-linux-gnu/libc-2.21.so
7efd2aec4000-7efd2aec8000 r--p 001c0000 08:08 5771453                    /lib/x86_64-linux-gnu/libc-2.21.so
7efd2aec8000-7efd2aeca000 rw-p 001c4000 08:08 5771453                    /lib/x86_64-linux-gnu/libc-2.21.so
7efd2aeca000-7efd2aece000 rw-p 00000000 00:00 0 
7efd2aece000-7efd2aed1000 r-xp 00000000 08:08 5771470                    /lib/x86_64-linux-gnu/libdl-2.21.so
7efd2aed1000-7efd2b0d0000 ---p 00003000 08:08 5771470                    /lib/x86_64-linux-gnu/libdl-2.21.so
7efd2b0d0000-7efd2b0d1000 r--p 00002000 08:08 5771470                    /lib/x86_64-linux-gnu/libdl-2.21.so
7efd2b0d1000-7efd2b0d2000 rw-p 00003000 08:08 5771470                    /lib/x86_64-linux-gnu/libdl-2.21.so
7efd2b0d2000-7efd2b0e7000 r-xp 00000000 08:08 2628623                    /home/hijj/software/javaAndroid/jdk/jdk8/lib/amd64/jli/libjli.so
7efd2b0e7000-7efd2b2e6000 ---p 00015000 08:08 2628623                    /home/hijj/software/javaAndroid/jdk/jdk8/lib/amd64/jli/libjli.so
7efd2b2e6000-7efd2b2e7000 rw-p 00014000 08:08 2628623                    /home/hijj/software/javaAndroid/jdk/jdk8/lib/amd64/jli/libjli.so
7efd2b2e7000-7efd2b2ff000 r-xp 00000000 08:08 5771586                    /lib/x86_64-linux-gnu/libpthread-2.21.so
7efd2b2ff000-7efd2b4ff000 ---p 00018000 08:08 5771586                    /lib/x86_64-linux-gnu/libpthread-2.21.so
7efd2b4ff000-7efd2b500000 r--p 00018000 08:08 5771586                    /lib/x86_64-linux-gnu/libpthread-2.21.so
7efd2b500000-7efd2b501000 rw-p 00019000 08:08 5771586                    /lib/x86_64-linux-gnu/libpthread-2.21.so
7efd2b501000-7efd2b505000 rw-p 00000000 00:00 0 
7efd2b505000-7efd2b529000 r-xp 00000000 08:08 5771425                    /lib/x86_64-linux-gnu/ld-2.21.so
7efd2b52f000-7efd2b607000 rw-p 00000000 00:00 0 
7efd2b607000-7efd2b60a000 ---p 00000000 00:00 0 
7efd2b60a000-7efd2b70c000 rw-p 00000000 00:00 0                          [stack:6360]
7efd2b70f000-7efd2b712000 rw-p 00000000 00:00 0 
7efd2b712000-7efd2b71c000 r--s 00116000 08:08 2628866                    /home/hijj/software/javaAndroid/jdk/jdk8/jre/lib/ext/localedata.jar
7efd2b71c000-7efd2b724000 rw-s 00000000 08:08 1574163                    /tmp/hsperfdata_hijj/6359
7efd2b724000-7efd2b725000 rw-p 00000000 00:00 0 
7efd2b725000-7efd2b726000 r--p 00000000 00:00 0 
7efd2b726000-7efd2b728000 rw-p 00000000 00:00 0 
7efd2b728000-7efd2b729000 r--p 00023000 08:08 5771425                    /lib/x86_64-linux-gnu/ld-2.21.so
7efd2b729000-7efd2b72a000 rw-p 00024000 08:08 5771425                    /lib/x86_64-linux-gnu/ld-2.21.so
7efd2b72a000-7efd2b72b000 rw-p 00000000 00:00 0 
7ffdddd9c000-7ffddddbd000 rw-p 00000000 00:00 0                          [stack]
7ffddddf6000-7ffddddf8000 r--p 00000000 00:00 0                          [vvar]
7ffddddf8000-7ffddddfa000 r-xp 00000000 00:00 0                          [vdso]
ffffffffff600000-ffffffffff601000 r-xp 00000000 00:00 0                  [vsyscall]

VM Arguments:
jvm_args: -agentlib:jdwp=transport=dt_socket,suspend=y,address=localhost:34705 -Dfile.encoding=UTF-8 
java_command: learning.ks8.MainTest
java_class_path (initial): /media/hijj/娱乐/github/repositories/ACM/Java/bin
Launcher Type: SUN_STANDARD

Environment Variables:
JAVA_HOME=/home/hijj/software/javaAndroid/jdk/jdk8
JRE_HOME=/home/hijj/software/javaAndroid/jdk/jdk8/jre
CLASSPATH=.:/home/hijj/software/javaAndroid/jdk/jdk8/lib:/home/hijj/software/javaAndroid/jdk/jdk8/jre/lib:.:$JAVA_HOME/lib:$JAVA_HOME/jre/lib
PATH=/home/hijj/software/javaAndroid/sdk/android-sdk-linux/tools:/home/hijj/software/javaAndroid/sdk/android-sdk-linux/platform-tools:/home/hijj/software/javaAndroid/jdk/jdk8/bin:/home/hijj/software/javaAndroid/jdk/jdk8/jre/bin:/usr/local/sbin:/usr/local/bin:/usr/sbin:/usr/bin:/sbin:/bin:/usr/games:/usr/local/games:$JAVA_HOME/bin:$ANDROID_PATH/tools:$ANDROID_PATH/platform-tools
SHELL=/bin/bash
DISPLAY=:0

Signal Handlers:
SIGSEGV: [libjvm.so+0xa77530], sa_mask[0]=11111111011111111101111111111110, sa_flags=SA_RESTART|SA_SIGINFO
SIGBUS: [libjvm.so+0xa77530], sa_mask[0]=11111111011111111101111111111110, sa_flags=SA_RESTART|SA_SIGINFO
SIGFPE: [libjvm.so+0x8e1d90], sa_mask[0]=11111111011111111101111111111110, sa_flags=SA_RESTART|SA_SIGINFO
SIGPIPE: [libjvm.so+0x8e1d90], sa_mask[0]=11111111011111111101111111111110, sa_flags=SA_RESTART|SA_SIGINFO
SIGXFSZ: [libjvm.so+0x8e1d90], sa_mask[0]=11111111011111111101111111111110, sa_flags=SA_RESTART|SA_SIGINFO
SIGILL: [libjvm.so+0x8e1d90], sa_mask[0]=11111111011111111101111111111110, sa_flags=SA_RESTART|SA_SIGINFO
SIGUSR1: SIG_DFL, sa_mask[0]=00000000000000000000000000000000, sa_flags=none
SIGUSR2: [libjvm.so+0x8e35c0], sa_mask[0]=00100000000000000000000000000000, sa_flags=SA_RESTART|SA_SIGINFO
SIGHUP: [libjvm.so+0x8e4980], sa_mask[0]=11111111011111111101111111111110, sa_flags=SA_RESTART|SA_SIGINFO
SIGINT: [libjvm.so+0x8e4980], sa_mask[0]=11111111011111111101111111111110, sa_flags=SA_RESTART|SA_SIGINFO
SIGTERM: [libjvm.so+0x8e4980], sa_mask[0]=11111111011111111101111111111110, sa_flags=SA_RESTART|SA_SIGINFO
SIGQUIT: [libjvm.so+0x8e4980], sa_mask[0]=11111111011111111101111111111110, sa_flags=SA_RESTART|SA_SIGINFO


---------------  S Y S T E M  ---------------

OS:DISTRIB_ID=Ubuntu
DISTRIB_RELEASE=15.04
DISTRIB_CODENAME=vivid
DISTRIB_DESCRIPTION="Ubuntu 15.04"

uname:Linux 3.19.0-30-generic #34-Ubuntu SMP Fri Oct 2 22:08:41 UTC 2015 x86_64
libc:glibc 2.21 NPTL 2.21 
rlimit: STACK 8192k, CORE 0k, NPROC 15002, NOFILE 65536, AS infinity
load average:12.50 9.10 4.21

/proc/meminfo:
MemTotal:        3863036 kB
MemFree:          734228 kB
MemAvailable:     736616 kB
Buffers:            6720 kB
Cached:           283844 kB
SwapCached:       128304 kB
Active:          1926364 kB
Inactive:        1022668 kB
Active(anon):    1861504 kB
Inactive(anon):   945412 kB
Active(file):      64860 kB
Inactive(file):    77256 kB
Unevictable:          64 kB
Mlocked:              64 kB
SwapTotal:       4005884 kB
SwapFree:        2277100 kB
Dirty:               168 kB
Writeback:             0 kB
AnonPages:       2612772 kB
Mapped:           119016 kB
Shmem:            148016 kB
Slab:              71380 kB
SReclaimable:      31596 kB
SUnreclaim:        39784 kB
KernelStack:       13248 kB
PageTables:        47660 kB
NFS_Unstable:          0 kB
Bounce:                0 kB
WritebackTmp:          0 kB
CommitLimit:     5937400 kB
Committed_AS:    9749572 kB
VmallocTotal:   34359738367 kB
VmallocUsed:      378144 kB
VmallocChunk:   34359287292 kB
HardwareCorrupted:     0 kB
AnonHugePages:    503808 kB
CmaTotal:              0 kB
CmaFree:               0 kB
HugePages_Total:       0
HugePages_Free:        0
HugePages_Rsvd:        0
HugePages_Surp:        0
Hugepagesize:       2048 kB
DirectMap4k:      176892 kB
DirectMap2M:     3831808 kB


CPU:total 4 (2 cores per cpu, 2 threads per core) family 6 model 58 stepping 9, cmov, cx8, fxsr, mmx, sse, sse2, sse3, ssse3, sse4.1, sse4.2, popcnt, avx, aes, clmul, erms, ht, tsc, tscinvbit, tscinv

/proc/cpuinfo:
processor	: 0
vendor_id	: GenuineIntel
cpu family	: 6
model		: 58
model name	: Intel(R) Core(TM) i5-3230M CPU @ 2.60GHz
stepping	: 9
microcode	: 0x17
cpu MHz		: 2600.000
cache size	: 3072 KB
physical id	: 0
siblings	: 4
core id		: 0
cpu cores	: 2
apicid		: 0
initial apicid	: 0
fpu		: yes
fpu_exception	: yes
cpuid level	: 13
wp		: yes
flags		: fpu vme de pse tsc msr pae mce cx8 apic sep mtrr pge mca cmov pat pse36 clflush dts acpi mmx fxsr sse sse2 ss ht tm pbe syscall nx rdtscp lm constant_tsc arch_perfmon pebs bts rep_good nopl xtopology nonstop_tsc aperfmperf eagerfpu pni pclmulqdq dtes64 monitor ds_cpl vmx est tm2 ssse3 cx16 xtpr pdcm pcid sse4_1 sse4_2 x2apic popcnt tsc_deadline_timer aes xsave avx f16c rdrand lahf_lm ida arat epb pln pts dtherm tpr_shadow vnmi flexpriority ept vpid fsgsbase smep erms xsaveopt
bugs		:
bogomips	: 5188.00
clflush size	: 64
cache_alignment	: 64
address sizes	: 36 bits physical, 48 bits virtual
power management:

processor	: 1
vendor_id	: GenuineIntel
cpu family	: 6
model		: 58
model name	: Intel(R) Core(TM) i5-3230M CPU @ 2.60GHz
stepping	: 9
microcode	: 0x17
cpu MHz		: 2599.898
cache size	: 3072 KB
physical id	: 0
siblings	: 4
core id		: 0
cpu cores	: 2
apicid		: 1
initial apicid	: 1
fpu		: yes
fpu_exception	: yes
cpuid level	: 13
wp		: yes
flags		: fpu vme de pse tsc msr pae mce cx8 apic sep mtrr pge mca cmov pat pse36 clflush dts acpi mmx fxsr sse sse2 ss ht tm pbe syscall nx rdtscp lm constant_tsc arch_perfmon pebs bts rep_good nopl xtopology nonstop_tsc aperfmperf eagerfpu pni pclmulqdq dtes64 monitor ds_cpl vmx est tm2 ssse3 cx16 xtpr pdcm pcid sse4_1 sse4_2 x2apic popcnt tsc_deadline_timer aes xsave avx f16c rdrand lahf_lm ida arat epb pln pts dtherm tpr_shadow vnmi flexpriority ept vpid fsgsbase smep erms xsaveopt
bugs		:
bogomips	: 5188.00
clflush size	: 64
cache_alignment	: 64
address sizes	: 36 bits physical, 48 bits virtual
power management:

processor	: 2
vendor_id	: GenuineIntel
cpu family	: 6
model		: 58
model name	: Intel(R) Core(TM) i5-3230M CPU @ 2.60GHz
stepping	: 9
microcode	: 0x17
cpu MHz		: 2599.898
cache size	: 3072 KB
physical id	: 0
siblings	: 4
core id		: 1
cpu cores	: 2
apicid		: 2
initial apicid	: 2
fpu		: yes
fpu_exception	: yes
cpuid level	: 13
wp		: yes
flags		: fpu vme de pse tsc msr pae mce cx8 apic sep mtrr pge mca cmov pat pse36 clflush dts acpi mmx fxsr sse sse2 ss ht tm pbe syscall nx rdtscp lm constant_tsc arch_perfmon pebs bts rep_good nopl xtopology nonstop_tsc aperfmperf eagerfpu pni pclmulqdq dtes64 monitor ds_cpl vmx est tm2 ssse3 cx16 xtpr pdcm pcid sse4_1 sse4_2 x2apic popcnt tsc_deadline_timer aes xsave avx f16c rdrand lahf_lm ida arat epb pln pts dtherm tpr_shadow vnmi flexpriority ept vpid fsgsbase smep erms xsaveopt
bugs		:
bogomips	: 5188.00
clflush size	: 64
cache_alignment	: 64
address sizes	: 36 bits physical, 48 bits virtual
power management:

processor	: 3
vendor_id	: GenuineIntel
cpu family	: 6
model		: 58
model name	: Intel(R) Core(TM) i5-3230M CPU @ 2.60GHz
stepping	: 9
microcode	: 0x17
cpu MHz		: 2599.898
cache size	: 3072 KB
physical id	: 0
siblings	: 4
core id		: 1
cpu cores	: 2
apicid		: 3
initial apicid	: 3
fpu		: yes
fpu_exception	: yes
cpuid level	: 13
wp		: yes
flags		: fpu vme de pse tsc msr pae mce cx8 apic sep mtrr pge mca cmov pat pse36 clflush dts acpi mmx fxsr sse sse2 ss ht tm pbe syscall nx rdtscp lm constant_tsc arch_perfmon pebs bts rep_good nopl xtopology nonstop_tsc aperfmperf eagerfpu pni pclmulqdq dtes64 monitor ds_cpl vmx est tm2 ssse3 cx16 xtpr pdcm pcid sse4_1 sse4_2 x2apic popcnt tsc_deadline_timer aes xsave avx f16c rdrand lahf_lm ida arat epb pln pts dtherm tpr_shadow vnmi flexpriority ept vpid fsgsbase smep erms xsaveopt
bugs		:
bogomips	: 5188.00
clflush size	: 64
cache_alignment	: 64
address sizes	: 36 bits physical, 48 bits virtual
power management:



Memory: 4k page, physical 3863036k(734228k free), swap 4005884k(2277100k free)

vm_info: Java HotSpot(TM) 64-Bit Server VM (25.20-b23) for linux-amd64 JRE (1.8.0_20-b26), built on Jul 30 2014 13:13:52 by "java_re" with gcc 4.3.0 20080428 (Red Hat 4.3.0-8)

time: Wed Oct 21 22:28:33 2015
elapsed time: 1142 seconds (0d 0h 19m 2s)

