#
# A fatal error has been detected by the Java Runtime Environment:
#
#  SIGSEGV (0xb) at pc=0x00007f525e44a190, pid=4050, tid=139991106426624
#
# JRE version: Java(TM) SE Runtime Environment (8.0_20-b26) (build 1.8.0_20-b26)
# Java VM: Java HotSpot(TM) 64-Bit Server VM (25.20-b23 mixed mode linux-amd64 compressed oops)
# Problematic frame:
# V  [libjvm.so+0x873190]  Method::checked_resolve_jmethod_id(_jmethodID*)+0x20
#
# Failed to write core dump. Core dumps have been disabled. To enable core dumping, try "ulimit -c unlimited" before starting Java again
#
# If you would like to submit a bug report, please visit:
#   http://bugreport.sun.com/bugreport/crash.jsp
#

---------------  T H R E A D  ---------------

Current thread (0x00007f52580ba800):  JavaThread "JDWP Transport Listener: dt_socket" daemon [_thread_in_vm, id=4068, stack(0x00007f52381b9000,0x00007f52382ba000)]

siginfo: si_signo: 11 (SIGSEGV), si_code: 1 (SEGV_MAPERR), si_addr: 0x0000000000000031

Registers:
RAX=0x0000000000000001, RBX=0x00007f52580036a0, RCX=0x00007f525f555340, RDX=0x00007f525eb2efe0
RSP=0x00007f52382b8950, RBP=0x00007f52382b8960, RSI=0x00007f52580ba800, RDI=0x0000000000000031
R8 =0x00007f521c007a40, R9 =0x0000000000000000, R10=0x0000000000000010, R11=0x00007f525ecefff0
R12=0x0000000000000017, R13=0x0000000000000031, R14=0x00007f52580ba800, R15=0x00007f52382b8a67
RIP=0x00007f525e44a190, EFLAGS=0x0000000000010202, CSGSFS=0x0000000000000033, ERR=0x0000000000000004
  TRAPNO=0x000000000000000e

Top of Stack: (sp=0x00007f52382b8950)
0x00007f52382b8950:   0000000000000074 00007f52580036a0
0x00007f52382b8960:   00007f52382b89d0 00007f525e2df78e
0x00007f52382b8970:   00007f521c007a40 00007f52382b8980
0x00007f52382b8980:   00007f52580ba800 0000000000000000
0x00007f52382b8990:   00007f5200000000 0000000000000000
0x00007f52382b89a0:   00007f52382b89c0 00007f525d28bd60
0x00007f52382b89b0:   0000000000000031 00007f52382b8a67
0x00007f52382b89c0:   0000000000000005 00007f52382b8a67
0x00007f52382b89d0:   00007f52382b8a00 00007f525d077872
0x00007f52382b89e0:   00007f52382b8a00 0000000000000031
0x00007f52382b89f0:   00007f52382b8ad0 0000000000000028
0x00007f52382b8a00:   00007f52382b8a90 00007f525d058a60
0x00007f52382b8a10:   00007f52382b8a48 00007f52382b8a40
0x00007f52382b8a20:   00007f52382b8a38 00007f52382b8a5c
0x00007f52382b8a30:   000000011c002ed0 0000000000000000
0x00007f52382b8a40:   0000000000000000 0000000000000000
0x00007f52382b8a50:   00007f521c0073b0 00000009382b8ad0
0x00007f52382b8a60:   0000000000000006 0000000000000002
0x00007f52382b8a70:   000000000000000f 0000000000000002
0x00007f52382b8a80:   00000000000f0200 000000000000000f
0x00007f52382b8a90:   00007f52382b8ce0 00007f525d063976
0x00007f52382b8aa0:   00005d2a00000013 00007f525e0f0200
0x00007f52382b8ab0:   00007f5210000fb0 0000000000000000
0x00007f52382b8ac0:   00007f52382b8ad0 00007f52382b8c60
0x00007f52382b8ad0:   00007f52382b8bd9 00007f5200000073
0x00007f52382b8ae0:   00007f52382b8ae8 00000000000000b9
0x00007f52382b8af0:   00007f52382b8b20 0000000000000000
0x00007f52382b8b00:   00007f0000000000 00005d2a0000001c
0x00007f52382b8b10:   00007f5200008c80 00007f52382b8b20
0x00007f52382b8b20:   527f000006000000 08000000606e001c
0x00007f52382b8b30:   3e74696e696c633c 0056292803000000
0x00007f52382b8b40:   0008000000000000 00586e001c527f00 

Instructions: (pc=0x00007f525e44a190)
0x00007f525e44a170:   55 48 89 e5 53 48 83 ec 08 48 85 ff 75 12 31 db
0x00007f525e44a180:   48 89 d8 48 83 c4 08 5b c9 c3 66 0f 1f 44 00 00
0x00007f525e44a190:   48 8b 1f 48 85 db 74 e6 48 83 fb 37 74 e0 48 8b
0x00007f525e44a1a0:   03 48 89 df ff 50 10 84 c0 0f 1f 80 00 00 00 00 

Register to memory mapping:

RAX=0x0000000000000001 is an unknown value
RBX=0x00007f52580036a0 is an unknown value
RCX=0x00007f525f555340: <offset 0x219340> in /lib/x86_64-linux-gnu/libpthread.so.0 at 0x00007f525f33c000
RDX=0x00007f525eb2efe0: <offset 0xf57fe0> in /home/hijj/software/javaAndroid/jdk/jdk8/jre/lib/amd64/server/libjvm.so at 0x00007f525dbd7000
RSP=0x00007f52382b8950 is pointing into the stack for thread: 0x00007f52580ba800
RBP=0x00007f52382b8960 is pointing into the stack for thread: 0x00007f52580ba800
RSI=0x00007f52580ba800 is a thread
RDI=0x0000000000000031 is an unknown value
R8 =0x00007f521c007a40 is an unknown value
R9 =0x0000000000000000 is an unknown value
R10=0x0000000000000010 is an unknown value
R11=0x00007f525ecefff0: <offset 0x196ff0> in /lib/x86_64-linux-gnu/libc.so.6 at 0x00007f525eb59000
R12=0x0000000000000017 is an unknown value
R13=0x0000000000000031 is an unknown value
R14=0x00007f52580ba800 is a thread
R15=0x00007f52382b8a67 is pointing into the stack for thread: 0x00007f52580ba800


Stack: [0x00007f52381b9000,0x00007f52382ba000],  sp=0x00007f52382b8950,  free space=1022k
Native frames: (J=compiled Java code, j=interpreted, Vv=VM code, C=native code)
V  [libjvm.so+0x873190]  Method::checked_resolve_jmethod_id(_jmethodID*)+0x20
V  [libjvm.so+0x70878e]  jvmti_IsMethodSynthetic+0x29e
C  [libjdwp.so+0x25872]  isMethodSynthetic+0x42
C  [libjdwp.so+0x6a60]  methods1+0x1b0
C  [libjdwp.so+0x11976]  debugLoop_run+0x2b6
C  [libjdwp.so+0x247af]  attachThread+0x2f
V  [libjvm.so+0x7744f2]  JvmtiAgentThread::call_start_function()+0xc2
V  [libjvm.so+0xa2990f]  JavaThread::thread_main_inner()+0xdf
V  [libjvm.so+0xa29a3c]  JavaThread::run()+0x11c
V  [libjvm.so+0x8e75f8]  java_start(Thread*)+0x108
C  [libpthread.so.0+0x76aa]  start_thread+0xca


---------------  P R O C E S S  ---------------

Java Threads: ( => current thread )
  0x00007f52580ca800 JavaThread "Service Thread" daemon [_thread_blocked, id=4079, stack(0x00007f5223afb000,0x00007f5223bfc000)]
  0x00007f52580c5000 JavaThread "C1 CompilerThread2" daemon [_thread_blocked, id=4078, stack(0x00007f5223bfc000,0x00007f5223cfd000)]
  0x00007f52580c3000 JavaThread "C2 CompilerThread1" daemon [_thread_blocked, id=4076, stack(0x00007f5223cfd000,0x00007f5223dfe000)]
  0x00007f52580c0800 JavaThread "C2 CompilerThread0" daemon [_thread_blocked, id=4075, stack(0x00007f5223dfe000,0x00007f5223eff000)]
  0x00007f521c001000 JavaThread "JDWP Command Reader" daemon [_thread_in_native, id=4072, stack(0x00007f5223eff000,0x00007f5224000000)]
  0x00007f52580be000 JavaThread "JDWP Event Helper Thread" daemon [_thread_blocked, id=4069, stack(0x00007f52380b8000,0x00007f52381b9000)]
=>0x00007f52580ba800 JavaThread "JDWP Transport Listener: dt_socket" daemon [_thread_in_vm, id=4068, stack(0x00007f52381b9000,0x00007f52382ba000)]
  0x00007f52580ad000 JavaThread "Signal Dispatcher" daemon [_thread_blocked, id=4066, stack(0x00007f52384be000,0x00007f52385bf000)]
  0x00007f525807f000 JavaThread "Finalizer" daemon [_thread_blocked, id=4065, stack(0x00007f52385bf000,0x00007f52386c0000)]
  0x00007f525807d000 JavaThread "Reference Handler" daemon [_thread_blocked, id=4064, stack(0x00007f52386c0000,0x00007f52387c1000)]
  0x00007f525800c000 JavaThread "main" [_thread_blocked, id=4058, stack(0x00007f525f65c000,0x00007f525f75d000)]

Other Threads:
  0x00007f5258075800 VMThread [stack: 0x00007f52387c1000,0x00007f52388c2000] [id=4063]
  0x00007f52580cd000 WatcherThread [stack: 0x00007f52239fa000,0x00007f5223afb000] [id=4080]

VM state:not at safepoint (normal execution)

VM Mutex/Monitor currently owned by a thread: None

Heap:
 PSYoungGen      total 17920K, used 2153K [0x00000000ec580000, 0x00000000ed980000, 0x0000000100000000)
  eden space 15360K, 14% used [0x00000000ec580000,0x00000000ec79a7e8,0x00000000ed480000)
  from space 2560K, 0% used [0x00000000ed700000,0x00000000ed700000,0x00000000ed980000)
  to   space 2560K, 0% used [0x00000000ed480000,0x00000000ed480000,0x00000000ed700000)
 ParOldGen       total 40960K, used 0K [0x00000000c5000000, 0x00000000c7800000, 0x00000000ec580000)
  object space 40960K, 0% used [0x00000000c5000000,0x00000000c5000000,0x00000000c7800000)
 Metaspace       used 3593K, capacity 4676K, committed 4864K, reserved 1056768K
  class space    used 398K, capacity 428K, committed 512K, reserved 1048576K

Card table byte_map: [0x00007f524863f000,0x00007f5248818000] byte_map_base: 0x00007f5248017000

Marking Bits: (ParMarkBitMap*) 0x00007f525eb2eac0
 Begin Bits: [0x00007f523a280000, 0x00007f523b140000)
 End Bits:   [0x00007f523b140000, 0x00007f523c000000)

Polling page: 0x00007f525f77a000

CodeCache: size=245760Kb used=1215Kb max_used=1215Kb free=244544Kb
 bounds [0x00007f5248bd8000, 0x00007f5248e48000, 0x00007f5257bd8000]
 total_blobs=315 nmethods=78 adapters=160
 compilation: enabled

Compilation events (10 events):
Event: 1.590 Thread 0x00007f52580c5000   74       3       java.util.regex.Pattern::peek (26 bytes)
Event: 1.590 Thread 0x00007f52580c5000 nmethod 74 0x00007f5248d06b50 code [0x00007f5248d06ce0, 0x00007f5248d06fa8]
Event: 1.591 Thread 0x00007f52580c5000   75       3       java.lang.Character::isBmpCodePoint (13 bytes)
Event: 1.592 Thread 0x00007f52580c5000 nmethod 75 0x00007f5248d070d0 code [0x00007f5248d07240, 0x00007f5248d073d0]
Event: 1.592 Thread 0x00007f52580c5000   76       3       java.util.regex.Pattern::next (33 bytes)
Event: 1.592 Thread 0x00007f52580c5000 nmethod 76 0x00007f5248d07450 code [0x00007f5248d075e0, 0x00007f5248d078a8]
Event: 1.592 Thread 0x00007f52580c5000   77       1       java.util.regex.Pattern::flags (5 bytes)
Event: 1.592 Thread 0x00007f52580c5000 nmethod 77 0x00007f5248d079d0 code [0x00007f5248d07b20, 0x00007f5248d07c30]
Event: 418.722 Thread 0x00007f52580c5000   78       3       java.util.concurrent.ConcurrentHashMap$Node::<init> (26 bytes)
Event: 418.723 Thread 0x00007f52580c5000 nmethod 78 0x00007f5248d07c90 code [0x00007f5248d07e00, 0x00007f5248d07ff0]

GC Heap History (0 events):
No events

Deoptimization events (0 events):
No events

Internal exceptions (10 events):
Event: 0.244 Thread 0x00007f525800c000 Exception <a 'java/security/PrivilegedActionException'> (0x00000000ec72c6c8) thrown at [/HUDSON/workspace/8-2-build-linux-amd64/jdk8u20/1074/hotspot/src/share/vm/prims/jvm.cpp, line 1275]
Event: 0.244 Thread 0x00007f525800c000 Exception <a 'java/security/PrivilegedActionException'> (0x00000000ec72d880) thrown at [/HUDSON/workspace/8-2-build-linux-amd64/jdk8u20/1074/hotspot/src/share/vm/prims/jvm.cpp, line 1275]
Event: 0.245 Thread 0x00007f525800c000 Exception <a 'java/security/PrivilegedActionException'> (0x00000000ec7302a0) thrown at [/HUDSON/workspace/8-2-build-linux-amd64/jdk8u20/1074/hotspot/src/share/vm/prims/jvm.cpp, line 1275]
Event: 0.245 Thread 0x00007f525800c000 Exception <a 'java/security/PrivilegedActionException'> (0x00000000ec731640) thrown at [/HUDSON/workspace/8-2-build-linux-amd64/jdk8u20/1074/hotspot/src/share/vm/prims/jvm.cpp, line 1275]
Event: 0.249 Thread 0x00007f525800c000 Exception <a 'java/security/PrivilegedActionException'> (0x00000000ec7453e0) thrown at [/HUDSON/workspace/8-2-build-linux-amd64/jdk8u20/1074/hotspot/src/share/vm/prims/jvm.cpp, line 1275]
Event: 0.250 Thread 0x00007f525800c000 Exception <a 'java/security/PrivilegedActionException'> (0x00000000ec746878) thrown at [/HUDSON/workspace/8-2-build-linux-amd64/jdk8u20/1074/hotspot/src/share/vm/prims/jvm.cpp, line 1275]
Event: 0.251 Thread 0x00007f525800c000 Exception <a 'java/security/PrivilegedActionException'> (0x00000000ec753ca8) thrown at [/HUDSON/workspace/8-2-build-linux-amd64/jdk8u20/1074/hotspot/src/share/vm/prims/jvm.cpp, line 1275]
Event: 0.251 Thread 0x00007f525800c000 Exception <a 'java/security/PrivilegedActionException'> (0x00000000ec755368) thrown at [/HUDSON/workspace/8-2-build-linux-amd64/jdk8u20/1074/hotspot/src/share/vm/prims/jvm.cpp, line 1275]
Event: 0.252 Thread 0x00007f525800c000 Exception <a 'java/security/PrivilegedActionException'> (0x00000000ec757a08) thrown at [/HUDSON/workspace/8-2-build-linux-amd64/jdk8u20/1074/hotspot/src/share/vm/prims/jvm.cpp, line 1275]
Event: 0.252 Thread 0x00007f525800c000 Exception <a 'java/security/PrivilegedActionException'> (0x00000000ec7590e8) thrown at [/HUDSON/workspace/8-2-build-linux-amd64/jdk8u20/1074/hotspot/src/share/vm/prims/jvm.cpp, line 1275]

Events (10 events):
Event: 431.630 Executing VM operation: GetCurrentLocation
Event: 431.630 Executing VM operation: GetCurrentLocation done
Event: 431.630 Executing VM operation: EnterInterpOnlyMode
Event: 431.630 Executing VM operation: EnterInterpOnlyMode done
Event: 431.630 Executing VM operation: ChangeSingleStep
Event: 431.630 Executing VM operation: ChangeSingleStep done
Event: 431.630 Executing VM operation: ChangeSingleStep
Event: 431.630 Executing VM operation: ChangeSingleStep done
Event: 431.632 Executing VM operation: RedefineClasses
Event: 431.633 Executing VM operation: RedefineClasses done


Dynamic libraries:
00400000-00401000 r-xp 00000000 08:08 2622385                            /home/hijj/software/javaAndroid/jdk/jdk8/bin/java
00600000-00601000 rw-p 00000000 08:08 2622385                            /home/hijj/software/javaAndroid/jdk/jdk8/bin/java
0151f000-01540000 rw-p 00000000 00:00 0                                  [heap]
c5000000-c7800000 rw-p 00000000 00:00 0 
c7800000-ec580000 ---p 00000000 00:00 0 
ec580000-ed980000 rw-p 00000000 00:00 0 
ed980000-100000000 ---p 00000000 00:00 0 
100000000-100080000 rw-p 00000000 00:00 0 
100080000-140000000 ---p 00000000 00:00 0 
7f5200000000-7f5200021000 rw-p 00000000 00:00 0 
7f5200021000-7f5204000000 ---p 00000000 00:00 0 
7f5204000000-7f5204021000 rw-p 00000000 00:00 0 
7f5204021000-7f5208000000 ---p 00000000 00:00 0 
7f5208000000-7f5208093000 rw-p 00000000 00:00 0 
7f5208093000-7f520c000000 ---p 00000000 00:00 0 
7f520c000000-7f520c021000 rw-p 00000000 00:00 0 
7f520c021000-7f5210000000 ---p 00000000 00:00 0 
7f5210000000-7f5210021000 rw-p 00000000 00:00 0 
7f5210021000-7f5214000000 ---p 00000000 00:00 0 
7f5214000000-7f521405e000 rw-p 00000000 00:00 0 
7f521405e000-7f5218000000 ---p 00000000 00:00 0 
7f5218000000-7f5218021000 rw-p 00000000 00:00 0 
7f5218021000-7f521c000000 ---p 00000000 00:00 0 
7f521c000000-7f521c022000 rw-p 00000000 00:00 0 
7f521c022000-7f5220000000 ---p 00000000 00:00 0 
7f5223785000-7f52239fa000 rw-p 00000000 00:00 0 
7f52239fa000-7f52239fb000 ---p 00000000 00:00 0 
7f52239fb000-7f5223afb000 rw-p 00000000 00:00 0                          [stack:4080]
7f5223afb000-7f5223afe000 ---p 00000000 00:00 0 
7f5223afe000-7f5223bfc000 rw-p 00000000 00:00 0                          [stack:4079]
7f5223bfc000-7f5223bff000 ---p 00000000 00:00 0 
7f5223bff000-7f5223cfd000 rw-p 00000000 00:00 0                          [stack:4078]
7f5223cfd000-7f5223d00000 ---p 00000000 00:00 0 
7f5223d00000-7f5223dfe000 rw-p 00000000 00:00 0                          [stack:4076]
7f5223dfe000-7f5223e01000 ---p 00000000 00:00 0 
7f5223e01000-7f5223eff000 rw-p 00000000 00:00 0                          [stack:4075]
7f5223eff000-7f5223f02000 ---p 00000000 00:00 0 
7f5223f02000-7f5224000000 rw-p 00000000 00:00 0                          [stack:4072]
7f5224000000-7f5224021000 rw-p 00000000 00:00 0 
7f5224021000-7f5228000000 ---p 00000000 00:00 0 
7f5228000000-7f5228021000 rw-p 00000000 00:00 0 
7f5228021000-7f522c000000 ---p 00000000 00:00 0 
7f522c000000-7f522c021000 rw-p 00000000 00:00 0 
7f522c021000-7f5230000000 ---p 00000000 00:00 0 
7f5230000000-7f5230021000 rw-p 00000000 00:00 0 
7f5230021000-7f5234000000 ---p 00000000 00:00 0 
7f5234000000-7f5234021000 rw-p 00000000 00:00 0 
7f5234021000-7f5238000000 ---p 00000000 00:00 0 
7f523809c000-7f52380b8000 r--s 00393000 08:08 2628860                    /home/hijj/software/javaAndroid/jdk/jdk8/jre/lib/ext/cldrdata.jar
7f52380b8000-7f52380bb000 ---p 00000000 00:00 0 
7f52380bb000-7f52381b9000 rw-p 00000000 00:00 0                          [stack:4069]
7f52381b9000-7f52381bc000 ---p 00000000 00:00 0 
7f52381bc000-7f52382ba000 rw-p 00000000 00:00 0                          [stack:4068]
7f52382ba000-7f52382be000 r-xp 00000000 08:08 2628974                    /home/hijj/software/javaAndroid/jdk/jdk8/jre/lib/amd64/libdt_socket.so
7f52382be000-7f52384bd000 ---p 00004000 08:08 2628974                    /home/hijj/software/javaAndroid/jdk/jdk8/jre/lib/amd64/libdt_socket.so
7f52384bd000-7f52384be000 rw-p 00003000 08:08 2628974                    /home/hijj/software/javaAndroid/jdk/jdk8/jre/lib/amd64/libdt_socket.so
7f52384be000-7f52384c1000 ---p 00000000 00:00 0 
7f52384c1000-7f52385bf000 rw-p 00000000 00:00 0                          [stack:4066]
7f52385bf000-7f52385c2000 ---p 00000000 00:00 0 
7f52385c2000-7f52386c0000 rw-p 00000000 00:00 0                          [stack:4065]
7f52386c0000-7f52386c3000 ---p 00000000 00:00 0 
7f52386c3000-7f52387c1000 rw-p 00000000 00:00 0                          [stack:4064]
7f52387c1000-7f52387c2000 ---p 00000000 00:00 0 
7f52387c2000-7f5239834000 rw-p 00000000 00:00 0                          [stack:4063]
7f5239834000-7f5239a0a000 r--s 03ca8000 08:08 2628807                    /home/hijj/software/javaAndroid/jdk/jdk8/jre/lib/rt.jar
7f5239a0a000-7f5239ec0000 rw-p 00000000 00:00 0 
7f5239ec0000-7f523a280000 ---p 00000000 00:00 0 
7f523a280000-7f523c000000 rw-p 00000000 00:00 0 
7f523c000000-7f523c021000 rw-p 00000000 00:00 0 
7f523c021000-7f5240000000 ---p 00000000 00:00 0 
7f5240000000-7f5240021000 rw-p 00000000 00:00 0 
7f5240021000-7f5244000000 ---p 00000000 00:00 0 
7f5244000000-7f5244021000 rw-p 00000000 00:00 0 
7f5244021000-7f5248000000 ---p 00000000 00:00 0 
7f5248001000-7f5248014000 r--s 00344000 08:08 2628842                    /home/hijj/software/javaAndroid/jdk/jdk8/jre/lib/resources.jar
7f5248014000-7f524823b000 rw-p 00000000 00:00 0 
7f524823b000-7f524823c000 ---p 00000000 00:00 0 
7f524823c000-7f524833c000 rw-p 00000000 00:00 0                          [stack:4062]
7f524833c000-7f524833d000 ---p 00000000 00:00 0 
7f524833d000-7f524843d000 rw-p 00000000 00:00 0                          [stack:4061]
7f524843d000-7f524843e000 ---p 00000000 00:00 0 
7f524843e000-7f524853e000 rw-p 00000000 00:00 0                          [stack:4060]
7f524853e000-7f524853f000 ---p 00000000 00:00 0 
7f524853f000-7f5248653000 rw-p 00000000 00:00 0                          [stack:4059]
7f5248653000-7f5248779000 ---p 00000000 00:00 0 
7f5248779000-7f5248784000 rw-p 00000000 00:00 0 
7f5248784000-7f5248817000 ---p 00000000 00:00 0 
7f5248817000-7f5248822000 rw-p 00000000 00:00 0 
7f5248822000-7f5248bd8000 ---p 00000000 00:00 0 
7f5248bd8000-7f5248e48000 rwxp 00000000 00:00 0 
7f5248e48000-7f5257bd8000 ---p 00000000 00:00 0 
7f5257bd8000-7f5257bf2000 r-xp 00000000 08:08 2629001                    /home/hijj/software/javaAndroid/jdk/jdk8/jre/lib/amd64/libzip.so
7f5257bf2000-7f5257df2000 ---p 0001a000 08:08 2629001                    /home/hijj/software/javaAndroid/jdk/jdk8/jre/lib/amd64/libzip.so
7f5257df2000-7f5257df3000 rw-p 0001a000 08:08 2629001                    /home/hijj/software/javaAndroid/jdk/jdk8/jre/lib/amd64/libzip.so
7f5257df3000-7f5257dff000 r-xp 00000000 08:08 5771539                    /lib/x86_64-linux-gnu/libnss_files-2.21.so
7f5257dff000-7f5257ffe000 ---p 0000c000 08:08 5771539                    /lib/x86_64-linux-gnu/libnss_files-2.21.so
7f5257ffe000-7f5257fff000 r--p 0000b000 08:08 5771539                    /lib/x86_64-linux-gnu/libnss_files-2.21.so
7f5257fff000-7f5258000000 rw-p 0000c000 08:08 5771539                    /lib/x86_64-linux-gnu/libnss_files-2.21.so
7f5258000000-7f5258168000 rw-p 00000000 00:00 0 
7f5258168000-7f525c000000 ---p 00000000 00:00 0 
7f525c003000-7f525c017000 rw-p 00000000 00:00 0 
7f525c017000-7f525c13e000 ---p 00000000 00:00 0 
7f525c13e000-7f525c149000 r-xp 00000000 08:08 5771549                    /lib/x86_64-linux-gnu/libnss_nis-2.21.so
7f525c149000-7f525c348000 ---p 0000b000 08:08 5771549                    /lib/x86_64-linux-gnu/libnss_nis-2.21.so
7f525c348000-7f525c349000 r--p 0000a000 08:08 5771549                    /lib/x86_64-linux-gnu/libnss_nis-2.21.so
7f525c349000-7f525c34a000 rw-p 0000b000 08:08 5771549                    /lib/x86_64-linux-gnu/libnss_nis-2.21.so
7f525c34a000-7f525c361000 r-xp 00000000 08:08 5771533                    /lib/x86_64-linux-gnu/libnsl-2.21.so
7f525c361000-7f525c560000 ---p 00017000 08:08 5771533                    /lib/x86_64-linux-gnu/libnsl-2.21.so
7f525c560000-7f525c561000 r--p 00016000 08:08 5771533                    /lib/x86_64-linux-gnu/libnsl-2.21.so
7f525c561000-7f525c562000 rw-p 00017000 08:08 5771533                    /lib/x86_64-linux-gnu/libnsl-2.21.so
7f525c562000-7f525c564000 rw-p 00000000 00:00 0 
7f525c564000-7f525c56c000 r-xp 00000000 08:08 5771535                    /lib/x86_64-linux-gnu/libnss_compat-2.21.so
7f525c56c000-7f525c76b000 ---p 00008000 08:08 5771535                    /lib/x86_64-linux-gnu/libnss_compat-2.21.so
7f525c76b000-7f525c76c000 r--p 00007000 08:08 5771535                    /lib/x86_64-linux-gnu/libnss_compat-2.21.so
7f525c76c000-7f525c76d000 rw-p 00008000 08:08 5771535                    /lib/x86_64-linux-gnu/libnss_compat-2.21.so
7f525c76d000-7f525ce4f000 r--p 00000000 08:08 4070784                    /usr/lib/locale/locale-archive
7f525ce4f000-7f525ce51000 r-xp 00000000 08:08 2628975                    /home/hijj/software/javaAndroid/jdk/jdk8/jre/lib/amd64/libnpt.so
7f525ce51000-7f525d051000 ---p 00002000 08:08 2628975                    /home/hijj/software/javaAndroid/jdk/jdk8/jre/lib/amd64/libnpt.so
7f525d051000-7f525d052000 rw-p 00002000 08:08 2628975                    /home/hijj/software/javaAndroid/jdk/jdk8/jre/lib/amd64/libnpt.so
7f525d052000-7f525d08b000 r-xp 00000000 08:08 2628992                    /home/hijj/software/javaAndroid/jdk/jdk8/jre/lib/amd64/libjdwp.so
7f525d08b000-7f525d28a000 ---p 00039000 08:08 2628992                    /home/hijj/software/javaAndroid/jdk/jdk8/jre/lib/amd64/libjdwp.so
7f525d28a000-7f525d28c000 rw-p 00038000 08:08 2628992                    /home/hijj/software/javaAndroid/jdk/jdk8/jre/lib/amd64/libjdwp.so
7f525d28c000-7f525d2b6000 r-xp 00000000 08:08 2628996                    /home/hijj/software/javaAndroid/jdk/jdk8/jre/lib/amd64/libjava.so
7f525d2b6000-7f525d4b6000 ---p 0002a000 08:08 2628996                    /home/hijj/software/javaAndroid/jdk/jdk8/jre/lib/amd64/libjava.so
7f525d4b6000-7f525d4b8000 rw-p 0002a000 08:08 2628996                    /home/hijj/software/javaAndroid/jdk/jdk8/jre/lib/amd64/libjava.so
7f525d4b8000-7f525d4c5000 r-xp 00000000 08:08 2629000                    /home/hijj/software/javaAndroid/jdk/jdk8/jre/lib/amd64/libverify.so
7f525d4c5000-7f525d6c5000 ---p 0000d000 08:08 2629000                    /home/hijj/software/javaAndroid/jdk/jdk8/jre/lib/amd64/libverify.so
7f525d6c5000-7f525d6c7000 rw-p 0000d000 08:08 2629000                    /home/hijj/software/javaAndroid/jdk/jdk8/jre/lib/amd64/libverify.so
7f525d6c7000-7f525d6ce000 r-xp 00000000 08:08 5771594                    /lib/x86_64-linux-gnu/librt-2.21.so
7f525d6ce000-7f525d8cd000 ---p 00007000 08:08 5771594                    /lib/x86_64-linux-gnu/librt-2.21.so
7f525d8cd000-7f525d8ce000 r--p 00006000 08:08 5771594                    /lib/x86_64-linux-gnu/librt-2.21.so
7f525d8ce000-7f525d8cf000 rw-p 00007000 08:08 5771594                    /lib/x86_64-linux-gnu/librt-2.21.so
7f525d8cf000-7f525d9d6000 r-xp 00000000 08:08 5771512                    /lib/x86_64-linux-gnu/libm-2.21.so
7f525d9d6000-7f525dbd5000 ---p 00107000 08:08 5771512                    /lib/x86_64-linux-gnu/libm-2.21.so
7f525dbd5000-7f525dbd6000 r--p 00106000 08:08 5771512                    /lib/x86_64-linux-gnu/libm-2.21.so
7f525dbd6000-7f525dbd7000 rw-p 00107000 08:08 5771512                    /lib/x86_64-linux-gnu/libm-2.21.so
7f525dbd7000-7f525e841000 r-xp 00000000 08:08 2628982                    /home/hijj/software/javaAndroid/jdk/jdk8/jre/lib/amd64/server/libjvm.so
7f525e841000-7f525ea40000 ---p 00c6a000 08:08 2628982                    /home/hijj/software/javaAndroid/jdk/jdk8/jre/lib/amd64/server/libjvm.so
7f525ea40000-7f525eb17000 rw-p 00c69000 08:08 2628982                    /home/hijj/software/javaAndroid/jdk/jdk8/jre/lib/amd64/server/libjvm.so
7f525eb17000-7f525eb59000 rw-p 00000000 00:00 0 
7f525eb59000-7f525ed19000 r-xp 00000000 08:08 5771453                    /lib/x86_64-linux-gnu/libc-2.21.so
7f525ed19000-7f525ef19000 ---p 001c0000 08:08 5771453                    /lib/x86_64-linux-gnu/libc-2.21.so
7f525ef19000-7f525ef1d000 r--p 001c0000 08:08 5771453                    /lib/x86_64-linux-gnu/libc-2.21.so
7f525ef1d000-7f525ef1f000 rw-p 001c4000 08:08 5771453                    /lib/x86_64-linux-gnu/libc-2.21.so
7f525ef1f000-7f525ef23000 rw-p 00000000 00:00 0 
7f525ef23000-7f525ef26000 r-xp 00000000 08:08 5771470                    /lib/x86_64-linux-gnu/libdl-2.21.so
7f525ef26000-7f525f125000 ---p 00003000 08:08 5771470                    /lib/x86_64-linux-gnu/libdl-2.21.so
7f525f125000-7f525f126000 r--p 00002000 08:08 5771470                    /lib/x86_64-linux-gnu/libdl-2.21.so
7f525f126000-7f525f127000 rw-p 00003000 08:08 5771470                    /lib/x86_64-linux-gnu/libdl-2.21.so
7f525f127000-7f525f13c000 r-xp 00000000 08:08 2628623                    /home/hijj/software/javaAndroid/jdk/jdk8/lib/amd64/jli/libjli.so
7f525f13c000-7f525f33b000 ---p 00015000 08:08 2628623                    /home/hijj/software/javaAndroid/jdk/jdk8/lib/amd64/jli/libjli.so
7f525f33b000-7f525f33c000 rw-p 00014000 08:08 2628623                    /home/hijj/software/javaAndroid/jdk/jdk8/lib/amd64/jli/libjli.so
7f525f33c000-7f525f354000 r-xp 00000000 08:08 5771586                    /lib/x86_64-linux-gnu/libpthread-2.21.so
7f525f354000-7f525f554000 ---p 00018000 08:08 5771586                    /lib/x86_64-linux-gnu/libpthread-2.21.so
7f525f554000-7f525f555000 r--p 00018000 08:08 5771586                    /lib/x86_64-linux-gnu/libpthread-2.21.so
7f525f555000-7f525f556000 rw-p 00019000 08:08 5771586                    /lib/x86_64-linux-gnu/libpthread-2.21.so
7f525f556000-7f525f55a000 rw-p 00000000 00:00 0 
7f525f55a000-7f525f57e000 r-xp 00000000 08:08 5771425                    /lib/x86_64-linux-gnu/ld-2.21.so
7f525f584000-7f525f65c000 rw-p 00000000 00:00 0 
7f525f65c000-7f525f65f000 ---p 00000000 00:00 0 
7f525f65f000-7f525f761000 rw-p 00000000 00:00 0                          [stack:4058]
7f525f764000-7f525f767000 rw-p 00000000 00:00 0 
7f525f767000-7f525f771000 r--s 00116000 08:08 2628866                    /home/hijj/software/javaAndroid/jdk/jdk8/jre/lib/ext/localedata.jar
7f525f771000-7f525f779000 rw-s 00000000 08:08 5265884                    /tmp/hsperfdata_hijj/4050
7f525f779000-7f525f77a000 rw-p 00000000 00:00 0 
7f525f77a000-7f525f77b000 r--p 00000000 00:00 0 
7f525f77b000-7f525f77d000 rw-p 00000000 00:00 0 
7f525f77d000-7f525f77e000 r--p 00023000 08:08 5771425                    /lib/x86_64-linux-gnu/ld-2.21.so
7f525f77e000-7f525f77f000 rw-p 00024000 08:08 5771425                    /lib/x86_64-linux-gnu/ld-2.21.so
7f525f77f000-7f525f780000 rw-p 00000000 00:00 0 
7ffd6fa76000-7ffd6fa97000 rw-p 00000000 00:00 0                          [stack]
7ffd6fb25000-7ffd6fb27000 r--p 00000000 00:00 0                          [vvar]
7ffd6fb27000-7ffd6fb29000 r-xp 00000000 00:00 0                          [vdso]
ffffffffff600000-ffffffffff601000 r-xp 00000000 00:00 0                  [vsyscall]

VM Arguments:
jvm_args: -agentlib:jdwp=transport=dt_socket,suspend=y,address=localhost:50972 -Dfile.encoding=UTF-8 
java_command: learning.rzh1.rzh1
java_class_path (initial): /media/hijj/娱乐/github/repositories/ACM/Java/bin
Launcher Type: SUN_STANDARD

Environment Variables:
JAVA_HOME=/home/hijj/software/javaAndroid/jdk/jdk8
JRE_HOME=/home/hijj/software/javaAndroid/jdk/jdk8/jre
CLASSPATH=.:/home/hijj/software/javaAndroid/jdk/jdk8/lib:/home/hijj/software/javaAndroid/jdk/jdk8/jre/lib:.:$JAVA_HOME/lib:$JAVA_HOME/jre/lib
PATH=/home/hijj/software/javaAndroid/jdk/jdk8/bin:/home/hijj/software/javaAndroid/jdk/jdk8/jre/bin:/usr/local/sbin:/usr/local/bin:/usr/sbin:/usr/bin:/sbin:/bin:/usr/games:/usr/local/games:$JAVA_HOME/bin
SHELL=/bin/bash
DISPLAY=:0

Signal Handlers:
SIGSEGV: [libjvm.so+0xa77530], sa_mask[0]=11111111011111111101111111111110, sa_flags=SA_RESTART|SA_SIGINFO
SIGBUS: [libjvm.so+0xa77530], sa_mask[0]=11111111011111111101111111111110, sa_flags=SA_RESTART|SA_SIGINFO
SIGFPE: [libjvm.so+0x8e1d90], sa_mask[0]=11111111011111111101111111111110, sa_flags=SA_RESTART|SA_SIGINFO
SIGPIPE: [libjvm.so+0x8e1d90], sa_mask[0]=11111111011111111101111111111110, sa_flags=SA_RESTART|SA_SIGINFO
SIGXFSZ: [libjvm.so+0x8e1d90], sa_mask[0]=11111111011111111101111111111110, sa_flags=SA_RESTART|SA_SIGINFO
SIGILL: [libjvm.so+0x8e1d90], sa_mask[0]=11111111011111111101111111111110, sa_flags=SA_RESTART|SA_SIGINFO
SIGUSR1: SIG_DFL, sa_mask[0]=00000000000000000000000000000000, sa_flags=none
SIGUSR2: [libjvm.so+0x8e35c0], sa_mask[0]=00100000000000000000000000000000, sa_flags=SA_RESTART|SA_SIGINFO
SIGHUP: [libjvm.so+0x8e4980], sa_mask[0]=11111111011111111101111111111110, sa_flags=SA_RESTART|SA_SIGINFO
SIGINT: [libjvm.so+0x8e4980], sa_mask[0]=11111111011111111101111111111110, sa_flags=SA_RESTART|SA_SIGINFO
SIGTERM: [libjvm.so+0x8e4980], sa_mask[0]=11111111011111111101111111111110, sa_flags=SA_RESTART|SA_SIGINFO
SIGQUIT: [libjvm.so+0x8e4980], sa_mask[0]=11111111011111111101111111111110, sa_flags=SA_RESTART|SA_SIGINFO


---------------  S Y S T E M  ---------------

OS:DISTRIB_ID=Ubuntu
DISTRIB_RELEASE=15.04
DISTRIB_CODENAME=vivid
DISTRIB_DESCRIPTION="Ubuntu 15.04"

uname:Linux 3.19.0-32-generic #37-Ubuntu SMP Wed Oct 21 10:23:06 UTC 2015 x86_64
libc:glibc 2.21 NPTL 2.21 
rlimit: STACK 8192k, CORE 0k, NPROC 15002, NOFILE 65536, AS infinity
load average:0.13 0.17 0.25

/proc/meminfo:
MemTotal:        3863036 kB
MemFree:          636436 kB
MemAvailable:    1277640 kB
Buffers:          113020 kB
Cached:          1038232 kB
SwapCached:            0 kB
Active:          2190828 kB
Inactive:         817520 kB
Active(anon):    1860580 kB
Inactive(anon):   365696 kB
Active(file):     330248 kB
Inactive(file):   451824 kB
Unevictable:          48 kB
Mlocked:              48 kB
SwapTotal:       4005884 kB
SwapFree:        4005884 kB
Dirty:               948 kB
Writeback:             0 kB
AnonPages:       1857192 kB
Mapped:           338216 kB
Shmem:            369164 kB
Slab:              96640 kB
SReclaimable:      56152 kB
SUnreclaim:        40488 kB
KernelStack:       23024 kB
PageTables:        41904 kB
NFS_Unstable:          0 kB
Bounce:                0 kB
WritebackTmp:          0 kB
CommitLimit:     5937400 kB
Committed_AS:   10196980 kB
VmallocTotal:   34359738367 kB
VmallocUsed:      378056 kB
VmallocChunk:   34359349592 kB
HardwareCorrupted:     0 kB
AnonHugePages:    892928 kB
CmaTotal:              0 kB
CmaFree:               0 kB
HugePages_Total:       0
HugePages_Free:        0
HugePages_Rsvd:        0
HugePages_Surp:        0
Hugepagesize:       2048 kB
DirectMap4k:      142076 kB
DirectMap2M:     3866624 kB


CPU:total 4 (2 cores per cpu, 2 threads per core) family 6 model 58 stepping 9, cmov, cx8, fxsr, mmx, sse, sse2, sse3, ssse3, sse4.1, sse4.2, popcnt, avx, aes, clmul, erms, ht, tsc, tscinvbit, tscinv

/proc/cpuinfo:
processor	: 0
vendor_id	: GenuineIntel
cpu family	: 6
model		: 58
model name	: Intel(R) Core(TM) i5-3230M CPU @ 2.60GHz
stepping	: 9
microcode	: 0x17
cpu MHz		: 2999.953
cache size	: 3072 KB
physical id	: 0
siblings	: 4
core id		: 0
cpu cores	: 2
apicid		: 0
initial apicid	: 0
fpu		: yes
fpu_exception	: yes
cpuid level	: 13
wp		: yes
flags		: fpu vme de pse tsc msr pae mce cx8 apic sep mtrr pge mca cmov pat pse36 clflush dts acpi mmx fxsr sse sse2 ss ht tm pbe syscall nx rdtscp lm constant_tsc arch_perfmon pebs bts rep_good nopl xtopology nonstop_tsc aperfmperf eagerfpu pni pclmulqdq dtes64 monitor ds_cpl vmx est tm2 ssse3 cx16 xtpr pdcm pcid sse4_1 sse4_2 x2apic popcnt tsc_deadline_timer aes xsave avx f16c rdrand lahf_lm ida arat epb pln pts dtherm tpr_shadow vnmi flexpriority ept vpid fsgsbase smep erms xsaveopt
bugs		:
bogomips	: 5188.01
clflush size	: 64
cache_alignment	: 64
address sizes	: 36 bits physical, 48 bits virtual
power management:

processor	: 1
vendor_id	: GenuineIntel
cpu family	: 6
model		: 58
model name	: Intel(R) Core(TM) i5-3230M CPU @ 2.60GHz
stepping	: 9
microcode	: 0x17
cpu MHz		: 2999.953
cache size	: 3072 KB
physical id	: 0
siblings	: 4
core id		: 0
cpu cores	: 2
apicid		: 1
initial apicid	: 1
fpu		: yes
fpu_exception	: yes
cpuid level	: 13
wp		: yes
flags		: fpu vme de pse tsc msr pae mce cx8 apic sep mtrr pge mca cmov pat pse36 clflush dts acpi mmx fxsr sse sse2 ss ht tm pbe syscall nx rdtscp lm constant_tsc arch_perfmon pebs bts rep_good nopl xtopology nonstop_tsc aperfmperf eagerfpu pni pclmulqdq dtes64 monitor ds_cpl vmx est tm2 ssse3 cx16 xtpr pdcm pcid sse4_1 sse4_2 x2apic popcnt tsc_deadline_timer aes xsave avx f16c rdrand lahf_lm ida arat epb pln pts dtherm tpr_shadow vnmi flexpriority ept vpid fsgsbase smep erms xsaveopt
bugs		:
bogomips	: 5188.01
clflush size	: 64
cache_alignment	: 64
address sizes	: 36 bits physical, 48 bits virtual
power management:

processor	: 2
vendor_id	: GenuineIntel
cpu family	: 6
model		: 58
model name	: Intel(R) Core(TM) i5-3230M CPU @ 2.60GHz
stepping	: 9
microcode	: 0x17
cpu MHz		: 2999.953
cache size	: 3072 KB
physical id	: 0
siblings	: 4
core id		: 1
cpu cores	: 2
apicid		: 2
initial apicid	: 2
fpu		: yes
fpu_exception	: yes
cpuid level	: 13
wp		: yes
flags		: fpu vme de pse tsc msr pae mce cx8 apic sep mtrr pge mca cmov pat pse36 clflush dts acpi mmx fxsr sse sse2 ss ht tm pbe syscall nx rdtscp lm constant_tsc arch_perfmon pebs bts rep_good nopl xtopology nonstop_tsc aperfmperf eagerfpu pni pclmulqdq dtes64 monitor ds_cpl vmx est tm2 ssse3 cx16 xtpr pdcm pcid sse4_1 sse4_2 x2apic popcnt tsc_deadline_timer aes xsave avx f16c rdrand lahf_lm ida arat epb pln pts dtherm tpr_shadow vnmi flexpriority ept vpid fsgsbase smep erms xsaveopt
bugs		:
bogomips	: 5188.01
clflush size	: 64
cache_alignment	: 64
address sizes	: 36 bits physical, 48 bits virtual
power management:

processor	: 3
vendor_id	: GenuineIntel
cpu family	: 6
model		: 58
model name	: Intel(R) Core(TM) i5-3230M CPU @ 2.60GHz
stepping	: 9
microcode	: 0x17
cpu MHz		: 2999.953
cache size	: 3072 KB
physical id	: 0
siblings	: 4
core id		: 1
cpu cores	: 2
apicid		: 3
initial apicid	: 3
fpu		: yes
fpu_exception	: yes
cpuid level	: 13
wp		: yes
flags		: fpu vme de pse tsc msr pae mce cx8 apic sep mtrr pge mca cmov pat pse36 clflush dts acpi mmx fxsr sse sse2 ss ht tm pbe syscall nx rdtscp lm constant_tsc arch_perfmon pebs bts rep_good nopl xtopology nonstop_tsc aperfmperf eagerfpu pni pclmulqdq dtes64 monitor ds_cpl vmx est tm2 ssse3 cx16 xtpr pdcm pcid sse4_1 sse4_2 x2apic popcnt tsc_deadline_timer aes xsave avx f16c rdrand lahf_lm ida arat epb pln pts dtherm tpr_shadow vnmi flexpriority ept vpid fsgsbase smep erms xsaveopt
bugs		:
bogomips	: 5188.01
clflush size	: 64
cache_alignment	: 64
address sizes	: 36 bits physical, 48 bits virtual
power management:



Memory: 4k page, physical 3863036k(636436k free), swap 4005884k(4005884k free)

vm_info: Java HotSpot(TM) 64-Bit Server VM (25.20-b23) for linux-amd64 JRE (1.8.0_20-b26), built on Jul 30 2014 13:13:52 by "java_re" with gcc 4.3.0 20080428 (Red Hat 4.3.0-8)

time: Mon Nov  9 17:44:36 2015
elapsed time: 431 seconds (0d 0h 7m 11s)

