#
# A fatal error has been detected by the Java Runtime Environment:
#
#  SIGSEGV (0xb) at pc=0x00007fe091e49190, pid=3184, tid=140601857120000
#
# JRE version: Java(TM) SE Runtime Environment (8.0_20-b26) (build 1.8.0_20-b26)
# Java VM: Java HotSpot(TM) 64-Bit Server VM (25.20-b23 mixed mode linux-amd64 compressed oops)
# Problematic frame:
# V  [libjvm.so+0x873190]  Method::checked_resolve_jmethod_id(_jmethodID*)+0x20
#
# Failed to write core dump. Core dumps have been disabled. To enable core dumping, try "ulimit -c unlimited" before starting Java again
#
# If you would like to submit a bug report, please visit:
#   http://bugreport.sun.com/bugreport/crash.jsp
#

---------------  T H R E A D  ---------------

Current thread (0x00007fe08c0ba800):  JavaThread "JDWP Transport Listener: dt_socket" daemon [_thread_in_vm, id=3204, stack(0x00007fe06baf9000,0x00007fe06bbfa000)]

siginfo: si_signo: 11 (SIGSEGV), si_code: 1 (SEGV_MAPERR), si_addr: 0x0000000000000031

Registers:
RAX=0x0000000000000001, RBX=0x00007fe08c0036a0, RCX=0x00007fe092f54340, RDX=0x00007fe09252dfe0
RSP=0x00007fe06bbf8a50, RBP=0x00007fe06bbf8a60, RSI=0x00007fe08c0ba800, RDI=0x0000000000000031
R8 =0x00007fe050007b40, R9 =0x0000000000000000, R10=0x0000000000000010, R11=0x00007fe0926eeff0
R12=0x0000000000000017, R13=0x0000000000000031, R14=0x00007fe08c0ba800, R15=0x00007fe06bbf8b67
RIP=0x00007fe091e49190, EFLAGS=0x0000000000010202, CSGSFS=0x0000000000000033, ERR=0x0000000000000004
  TRAPNO=0x000000000000000e

Top of Stack: (sp=0x00007fe06bbf8a50)
0x00007fe06bbf8a50:   0000000000000074 00007fe08c0036a0
0x00007fe06bbf8a60:   00007fe06bbf8ad0 00007fe091cde78e
0x00007fe06bbf8a70:   00007fe050007b40 00007fe06bbf8a80
0x00007fe06bbf8a80:   00007fe08c0ba800 0000000000000000
0x00007fe06bbf8a90:   00007fe000000000 0000000000000000
0x00007fe06bbf8aa0:   00007fe06bbf8ac0 00007fe090c8ad60
0x00007fe06bbf8ab0:   0000000000000031 00007fe06bbf8b67
0x00007fe06bbf8ac0:   0000000000000005 00007fe06bbf8b67
0x00007fe06bbf8ad0:   00007fe06bbf8b00 00007fe090a76872
0x00007fe06bbf8ae0:   00007fe06bbf8b00 0000000000000031
0x00007fe06bbf8af0:   00007fe06bbf8bd0 0000000000000028
0x00007fe06bbf8b00:   00007fe06bbf8b90 00007fe090a57a60
0x00007fe06bbf8b10:   00007fe06bbf8b48 00007fe06bbf8b40
0x00007fe06bbf8b20:   00007fe06bbf8b38 00007fe06bbf8b5c
0x00007fe06bbf8b30:   0000000150002ed0 0000000000000000
0x00007fe06bbf8b40:   0000000000000000 0000000000000000
0x00007fe06bbf8b50:   00007fe050007c40 000000096bbf8bd0
0x00007fe06bbf8b60:   0000000000000006 0000000000000002
0x00007fe06bbf8b70:   000000000000000f 0000000000000002
0x00007fe06bbf8b80:   00000000000f0200 000000000000000f
0x00007fe06bbf8b90:   00007fe06bbf8de0 00007fe090a62976
0x00007fe06bbf8ba0:   00005cb900000013 00007fe0910f0200
0x00007fe06bbf8bb0:   00007fe048000ba0 00007fe091eb680a
0x00007fe06bbf8bc0:   00007fe06bbf8bd0 00007fe06bbf8d60
0x00007fe06bbf8bd0:   00007fe06bbf8cd9 00007fe000000073
0x00007fe06bbf8be0:   00007fe06bbf8be8 00007fe0000000b9
0x00007fe06bbf8bf0:   00007fe06bbf8c20 0000000000000000
0x00007fe06bbf8c00:   0000000000000000 00005cb90000001c
0x00007fe06bbf8c10:   00007fe00000a880 00007fe06bbf8c20
0x00007fe06bbf8c20:   e07f000006000000 08000000606e0050
0x00007fe06bbf8c30:   3e74696e696c633c 0056292803000000
0x00007fe06bbf8c40:   0008000000000000 00586e0050e07f00 

Instructions: (pc=0x00007fe091e49190)
0x00007fe091e49170:   55 48 89 e5 53 48 83 ec 08 48 85 ff 75 12 31 db
0x00007fe091e49180:   48 89 d8 48 83 c4 08 5b c9 c3 66 0f 1f 44 00 00
0x00007fe091e49190:   48 8b 1f 48 85 db 74 e6 48 83 fb 37 74 e0 48 8b
0x00007fe091e491a0:   03 48 89 df ff 50 10 84 c0 0f 1f 80 00 00 00 00 

Register to memory mapping:

RAX=0x0000000000000001 is an unknown value
RBX=0x00007fe08c0036a0 is an unknown value
RCX=0x00007fe092f54340: <offset 0x219340> in /lib/x86_64-linux-gnu/libpthread.so.0 at 0x00007fe092d3b000
RDX=0x00007fe09252dfe0: <offset 0xf57fe0> in /home/hijj/software/javaAndroid/jdk/jdk8/jre/lib/amd64/server/libjvm.so at 0x00007fe0915d6000
RSP=0x00007fe06bbf8a50 is pointing into the stack for thread: 0x00007fe08c0ba800
RBP=0x00007fe06bbf8a60 is pointing into the stack for thread: 0x00007fe08c0ba800
RSI=0x00007fe08c0ba800 is a thread
RDI=0x0000000000000031 is an unknown value
R8 =0x00007fe050007b40 is an unknown value
R9 =0x0000000000000000 is an unknown value
R10=0x0000000000000010 is an unknown value
R11=0x00007fe0926eeff0: <offset 0x196ff0> in /lib/x86_64-linux-gnu/libc.so.6 at 0x00007fe092558000
R12=0x0000000000000017 is an unknown value
R13=0x0000000000000031 is an unknown value
R14=0x00007fe08c0ba800 is a thread
R15=0x00007fe06bbf8b67 is pointing into the stack for thread: 0x00007fe08c0ba800


Stack: [0x00007fe06baf9000,0x00007fe06bbfa000],  sp=0x00007fe06bbf8a50,  free space=1022k
Native frames: (J=compiled Java code, j=interpreted, Vv=VM code, C=native code)
V  [libjvm.so+0x873190]  Method::checked_resolve_jmethod_id(_jmethodID*)+0x20
V  [libjvm.so+0x70878e]  jvmti_IsMethodSynthetic+0x29e
C  [libjdwp.so+0x25872]  isMethodSynthetic+0x42
C  [libjdwp.so+0x6a60]  methods1+0x1b0
C  [libjdwp.so+0x11976]  debugLoop_run+0x2b6
C  [libjdwp.so+0x247af]  attachThread+0x2f
V  [libjvm.so+0x7744f2]  JvmtiAgentThread::call_start_function()+0xc2
V  [libjvm.so+0xa2990f]  JavaThread::thread_main_inner()+0xdf
V  [libjvm.so+0xa29a3c]  JavaThread::run()+0x11c
V  [libjvm.so+0x8e75f8]  java_start(Thread*)+0x108
C  [libpthread.so.0+0x76aa]  start_thread+0xca


---------------  P R O C E S S  ---------------

Java Threads: ( => current thread )
  0x00007fe08c0da800 JavaThread "Service Thread" daemon [_thread_blocked, id=3212, stack(0x00007fe06b4f3000,0x00007fe06b5f4000)]
  0x00007fe08c0c5000 JavaThread "C1 CompilerThread2" daemon [_thread_blocked, id=3211, stack(0x00007fe06b5f4000,0x00007fe06b6f5000)]
  0x00007fe08c0c3800 JavaThread "C2 CompilerThread1" daemon [_thread_blocked, id=3210, stack(0x00007fe06b6f5000,0x00007fe06b7f6000)]
  0x00007fe08c0c0800 JavaThread "C2 CompilerThread0" daemon [_thread_blocked, id=3209, stack(0x00007fe06b7f6000,0x00007fe06b8f7000)]
  0x00007fe050001000 JavaThread "JDWP Command Reader" daemon [_thread_in_native, id=3206, stack(0x00007fe06b8f7000,0x00007fe06b9f8000)]
  0x00007fe08c0be000 JavaThread "JDWP Event Helper Thread" daemon [_thread_blocked, id=3205, stack(0x00007fe06b9f8000,0x00007fe06baf9000)]
=>0x00007fe08c0ba800 JavaThread "JDWP Transport Listener: dt_socket" daemon [_thread_in_vm, id=3204, stack(0x00007fe06baf9000,0x00007fe06bbfa000)]
  0x00007fe08c0ad000 JavaThread "Signal Dispatcher" daemon [_thread_blocked, id=3200, stack(0x00007fe06bdfe000,0x00007fe06beff000)]
  0x00007fe08c07f000 JavaThread "Finalizer" daemon [_thread_blocked, id=3198, stack(0x00007fe06beff000,0x00007fe06c000000)]
  0x00007fe08c07d000 JavaThread "Reference Handler" daemon [_thread_blocked, id=3197, stack(0x00007fe0780c6000,0x00007fe0781c7000)]
  0x00007fe08c00c000 JavaThread "main" [_thread_in_native, id=3190, stack(0x00007fe09305b000,0x00007fe09315c000)]

Other Threads:
  0x00007fe08c075800 VMThread [stack: 0x00007fe0781c7000,0x00007fe0782c8000] [id=3196]
  0x00007fe08c0dd000 WatcherThread [stack: 0x00007fe06b3f2000,0x00007fe06b4f3000] [id=3213]

VM state:not at safepoint (normal execution)

VM Mutex/Monitor currently owned by a thread: None

Heap:
 PSYoungGen      total 17920K, used 1844K [0x00000000ec580000, 0x00000000ed980000, 0x0000000100000000)
  eden space 15360K, 12% used [0x00000000ec580000,0x00000000ec74d128,0x00000000ed480000)
  from space 2560K, 0% used [0x00000000ed700000,0x00000000ed700000,0x00000000ed980000)
  to   space 2560K, 0% used [0x00000000ed480000,0x00000000ed480000,0x00000000ed700000)
 ParOldGen       total 40960K, used 0K [0x00000000c5000000, 0x00000000c7800000, 0x00000000ec580000)
  object space 40960K, 0% used [0x00000000c5000000,0x00000000c5000000,0x00000000c7800000)
 Metaspace       used 3565K, capacity 4644K, committed 4864K, reserved 1056768K
  class space    used 394K, capacity 396K, committed 512K, reserved 1048576K

Card table byte_map: [0x00007fe07c010000,0x00007fe07c1e9000] byte_map_base: 0x00007fe07b9e8000

Marking Bits: (ParMarkBitMap*) 0x00007fe09252dac0
 Begin Bits: [0x00007fe079e8c000, 0x00007fe07ad4c000)
 End Bits:   [0x00007fe07ad4c000, 0x00007fe07bc0c000)

Polling page: 0x00007fe093179000

CodeCache: size=245760Kb used=1202Kb max_used=1202Kb free=244557Kb
 bounds [0x00007fe07c5a9000, 0x00007fe07c819000, 0x00007fe08b5a9000]
 total_blobs=303 nmethods=66 adapters=160
 compilation: enabled

Compilation events (10 events):
Event: 0.277 Thread 0x00007fe08c0c5000   60       3       java.lang.StringBuilder::toString (17 bytes)
Event: 0.277 Thread 0x00007fe08c0c5000 nmethod 60 0x00007fe07c6d2c50 code [0x00007fe07c6d2dc0, 0x00007fe07c6d2fc8]
Event: 0.277 Thread 0x00007fe08c0c5000   61       3       java.lang.String::indexOf (166 bytes)
Event: 0.279 Thread 0x00007fe08c0c5000 nmethod 61 0x00007fe07c6d3090 code [0x00007fe07c6d3240, 0x00007fe07c6d3890]
Event: 0.280 Thread 0x00007fe08c0c5000   63       3       java.util.concurrent.ConcurrentHashMap::setTabAt (19 bytes)
Event: 0.281 Thread 0x00007fe08c0c5000 nmethod 63 0x00007fe07c6d5090 code [0x00007fe07c6d51e0, 0x00007fe07c6d5350]
Event: 0.281 Thread 0x00007fe08c0c5000   65       3       java.util.concurrent.ConcurrentHashMap::casTabAt (20 bytes)
Event: 0.281 Thread 0x00007fe08c0c5000 nmethod 65 0x00007fe07c6d53d0 code [0x00007fe07c6d5520, 0x00007fe07c6d5690]
Event: 792.470 Thread 0x00007fe08c0c5000   66       3       java.util.concurrent.ConcurrentHashMap$Node::<init> (26 bytes)
Event: 792.472 Thread 0x00007fe08c0c5000 nmethod 66 0x00007fe07c6d5710 code [0x00007fe07c6d5880, 0x00007fe07c6d5a70]

GC Heap History (0 events):
No events

Deoptimization events (0 events):
No events

Internal exceptions (10 events):
Event: 0.265 Thread 0x00007fe08c00c000 Exception <a 'java/security/PrivilegedActionException'> (0x00000000ec6df980) thrown at [/HUDSON/workspace/8-2-build-linux-amd64/jdk8u20/1074/hotspot/src/share/vm/prims/jvm.cpp, line 1275]
Event: 0.266 Thread 0x00007fe08c00c000 Exception <a 'java/security/PrivilegedActionException'> (0x00000000ec6e0b38) thrown at [/HUDSON/workspace/8-2-build-linux-amd64/jdk8u20/1074/hotspot/src/share/vm/prims/jvm.cpp, line 1275]
Event: 0.266 Thread 0x00007fe08c00c000 Exception <a 'java/security/PrivilegedActionException'> (0x00000000ec6e3558) thrown at [/HUDSON/workspace/8-2-build-linux-amd64/jdk8u20/1074/hotspot/src/share/vm/prims/jvm.cpp, line 1275]
Event: 0.268 Thread 0x00007fe08c00c000 Exception <a 'java/security/PrivilegedActionException'> (0x00000000ec6e48f8) thrown at [/HUDSON/workspace/8-2-build-linux-amd64/jdk8u20/1074/hotspot/src/share/vm/prims/jvm.cpp, line 1275]
Event: 0.274 Thread 0x00007fe08c00c000 Exception <a 'java/security/PrivilegedActionException'> (0x00000000ec6f8698) thrown at [/HUDSON/workspace/8-2-build-linux-amd64/jdk8u20/1074/hotspot/src/share/vm/prims/jvm.cpp, line 1275]
Event: 0.274 Thread 0x00007fe08c00c000 Exception <a 'java/security/PrivilegedActionException'> (0x00000000ec6f9b30) thrown at [/HUDSON/workspace/8-2-build-linux-amd64/jdk8u20/1074/hotspot/src/share/vm/prims/jvm.cpp, line 1275]
Event: 0.276 Thread 0x00007fe08c00c000 Exception <a 'java/security/PrivilegedActionException'> (0x00000000ec7071f8) thrown at [/HUDSON/workspace/8-2-build-linux-amd64/jdk8u20/1074/hotspot/src/share/vm/prims/jvm.cpp, line 1275]
Event: 0.276 Thread 0x00007fe08c00c000 Exception <a 'java/security/PrivilegedActionException'> (0x00000000ec7088b8) thrown at [/HUDSON/workspace/8-2-build-linux-amd64/jdk8u20/1074/hotspot/src/share/vm/prims/jvm.cpp, line 1275]
Event: 0.277 Thread 0x00007fe08c00c000 Exception <a 'java/security/PrivilegedActionException'> (0x00000000ec70af58) thrown at [/HUDSON/workspace/8-2-build-linux-amd64/jdk8u20/1074/hotspot/src/share/vm/prims/jvm.cpp, line 1275]
Event: 0.277 Thread 0x00007fe08c00c000 Exception <a 'java/security/PrivilegedActionException'> (0x00000000ec70c638) thrown at [/HUDSON/workspace/8-2-build-linux-amd64/jdk8u20/1074/hotspot/src/share/vm/prims/jvm.cpp, line 1275]

Events (10 events):
Event: 792.535 Executing VM operation: ChangeBreakpoints
Event: 792.535 Executing VM operation: ChangeBreakpoints done
Event: 792.547 Executing VM operation: ChangeBreakpoints
Event: 792.547 Executing VM operation: ChangeBreakpoints done
Event: 792.547 Executing VM operation: ChangeBreakpoints
Event: 792.547 Executing VM operation: ChangeBreakpoints done
Event: 792.564 Executing VM operation: ChangeBreakpoints
Event: 792.564 Executing VM operation: ChangeBreakpoints done
Event: 803.913 Executing VM operation: RedefineClasses
Event: 803.913 Executing VM operation: RedefineClasses done


Dynamic libraries:
00400000-00401000 r-xp 00000000 08:08 2622385                            /home/hijj/software/javaAndroid/jdk/jdk8/bin/java
00600000-00601000 rw-p 00000000 08:08 2622385                            /home/hijj/software/javaAndroid/jdk/jdk8/bin/java
00d04000-00d25000 rw-p 00000000 00:00 0                                  [heap]
c5000000-c7800000 rw-p 00000000 00:00 0 
c7800000-ec580000 ---p 00000000 00:00 0 
ec580000-ed980000 rw-p 00000000 00:00 0 
ed980000-100000000 ---p 00000000 00:00 0 
100000000-100080000 rw-p 00000000 00:00 0 
100080000-140000000 ---p 00000000 00:00 0 
7fe02c000000-7fe02c021000 rw-p 00000000 00:00 0 
7fe02c021000-7fe030000000 ---p 00000000 00:00 0 
7fe034000000-7fe03405b000 rw-p 00000000 00:00 0 
7fe03405b000-7fe038000000 ---p 00000000 00:00 0 
7fe038000000-7fe038021000 rw-p 00000000 00:00 0 
7fe038021000-7fe03c000000 ---p 00000000 00:00 0 
7fe03c000000-7fe03c021000 rw-p 00000000 00:00 0 
7fe03c021000-7fe040000000 ---p 00000000 00:00 0 
7fe040000000-7fe04004e000 rw-p 00000000 00:00 0 
7fe04004e000-7fe044000000 ---p 00000000 00:00 0 
7fe044000000-7fe044021000 rw-p 00000000 00:00 0 
7fe044021000-7fe048000000 ---p 00000000 00:00 0 
7fe048000000-7fe048021000 rw-p 00000000 00:00 0 
7fe048021000-7fe04c000000 ---p 00000000 00:00 0 
7fe04c000000-7fe04c021000 rw-p 00000000 00:00 0 
7fe04c021000-7fe050000000 ---p 00000000 00:00 0 
7fe050000000-7fe050022000 rw-p 00000000 00:00 0 
7fe050022000-7fe054000000 ---p 00000000 00:00 0 
7fe054000000-7fe054021000 rw-p 00000000 00:00 0 
7fe054021000-7fe058000000 ---p 00000000 00:00 0 
7fe058000000-7fe058021000 rw-p 00000000 00:00 0 
7fe058021000-7fe05c000000 ---p 00000000 00:00 0 
7fe05c000000-7fe05c021000 rw-p 00000000 00:00 0 
7fe05c021000-7fe060000000 ---p 00000000 00:00 0 
7fe064000000-7fe064021000 rw-p 00000000 00:00 0 
7fe064021000-7fe068000000 ---p 00000000 00:00 0 
7fe06b17d000-7fe06b3f2000 rw-p 00000000 00:00 0 
7fe06b3f2000-7fe06b3f3000 ---p 00000000 00:00 0 
7fe06b3f3000-7fe06b4f3000 rw-p 00000000 00:00 0                          [stack:3213]
7fe06b4f3000-7fe06b4f6000 ---p 00000000 00:00 0 
7fe06b4f6000-7fe06b5f4000 rw-p 00000000 00:00 0                          [stack:3212]
7fe06b5f4000-7fe06b5f7000 ---p 00000000 00:00 0 
7fe06b5f7000-7fe06b6f5000 rw-p 00000000 00:00 0                          [stack:3211]
7fe06b6f5000-7fe06b6f8000 ---p 00000000 00:00 0 
7fe06b6f8000-7fe06b7f6000 rw-p 00000000 00:00 0                          [stack:3210]
7fe06b7f6000-7fe06b7f9000 ---p 00000000 00:00 0 
7fe06b7f9000-7fe06b8f7000 rw-p 00000000 00:00 0                          [stack:3209]
7fe06b8f7000-7fe06b8fa000 ---p 00000000 00:00 0 
7fe06b8fa000-7fe06b9f8000 rw-p 00000000 00:00 0                          [stack:3206]
7fe06b9f8000-7fe06b9fb000 ---p 00000000 00:00 0 
7fe06b9fb000-7fe06baf9000 rw-p 00000000 00:00 0                          [stack:3205]
7fe06baf9000-7fe06bafc000 ---p 00000000 00:00 0 
7fe06bafc000-7fe06bbfa000 rw-p 00000000 00:00 0                          [stack:3204]
7fe06bbfa000-7fe06bbfe000 r-xp 00000000 08:08 2628974                    /home/hijj/software/javaAndroid/jdk/jdk8/jre/lib/amd64/libdt_socket.so
7fe06bbfe000-7fe06bdfd000 ---p 00004000 08:08 2628974                    /home/hijj/software/javaAndroid/jdk/jdk8/jre/lib/amd64/libdt_socket.so
7fe06bdfd000-7fe06bdfe000 rw-p 00003000 08:08 2628974                    /home/hijj/software/javaAndroid/jdk/jdk8/jre/lib/amd64/libdt_socket.so
7fe06bdfe000-7fe06be01000 ---p 00000000 00:00 0 
7fe06be01000-7fe06beff000 rw-p 00000000 00:00 0                          [stack:3200]
7fe06beff000-7fe06bf02000 ---p 00000000 00:00 0 
7fe06bf02000-7fe06c000000 rw-p 00000000 00:00 0                          [stack:3198]
7fe06c000000-7fe06c021000 rw-p 00000000 00:00 0 
7fe06c021000-7fe070000000 ---p 00000000 00:00 0 
7fe070000000-7fe070021000 rw-p 00000000 00:00 0 
7fe070021000-7fe074000000 ---p 00000000 00:00 0 
7fe074000000-7fe074021000 rw-p 00000000 00:00 0 
7fe074021000-7fe078000000 ---p 00000000 00:00 0 
7fe078097000-7fe0780aa000 r--s 00344000 08:08 2628842                    /home/hijj/software/javaAndroid/jdk/jdk8/jre/lib/resources.jar
7fe0780aa000-7fe0780c6000 r--s 00393000 08:08 2628860                    /home/hijj/software/javaAndroid/jdk/jdk8/jre/lib/ext/cldrdata.jar
7fe0780c6000-7fe0780c9000 ---p 00000000 00:00 0 
7fe0780c9000-7fe0781c7000 rw-p 00000000 00:00 0                          [stack:3197]
7fe0781c7000-7fe0781c8000 ---p 00000000 00:00 0 
7fe0781c8000-7fe079268000 rw-p 00000000 00:00 0                          [stack:3196]
7fe079268000-7fe07943e000 r--s 03ca8000 08:08 2628807                    /home/hijj/software/javaAndroid/jdk/jdk8/jre/lib/rt.jar
7fe07943e000-7fe0798f4000 rw-p 00000000 00:00 0 
7fe0798f4000-7fe079cb4000 ---p 00000000 00:00 0 
7fe079cb4000-7fe07bc0c000 rw-p 00000000 00:00 0 
7fe07bc0c000-7fe07bc0d000 ---p 00000000 00:00 0 
7fe07bc0d000-7fe07bd0d000 rw-p 00000000 00:00 0                          [stack:3195]
7fe07bd0d000-7fe07bd0e000 ---p 00000000 00:00 0 
7fe07bd0e000-7fe07be0e000 rw-p 00000000 00:00 0                          [stack:3194]
7fe07be0e000-7fe07be0f000 ---p 00000000 00:00 0 
7fe07be0f000-7fe07bf0f000 rw-p 00000000 00:00 0                          [stack:3193]
7fe07bf0f000-7fe07bf10000 ---p 00000000 00:00 0 
7fe07bf10000-7fe07c024000 rw-p 00000000 00:00 0                          [stack:3192]
7fe07c024000-7fe07c14a000 ---p 00000000 00:00 0 
7fe07c14a000-7fe07c155000 rw-p 00000000 00:00 0 
7fe07c155000-7fe07c1e8000 ---p 00000000 00:00 0 
7fe07c1e8000-7fe07c1f3000 rw-p 00000000 00:00 0 
7fe07c1f3000-7fe07c5a9000 ---p 00000000 00:00 0 
7fe07c5a9000-7fe07c819000 rwxp 00000000 00:00 0 
7fe07c819000-7fe08b5a9000 ---p 00000000 00:00 0 
7fe08b5a9000-7fe08b5c3000 r-xp 00000000 08:08 2629001                    /home/hijj/software/javaAndroid/jdk/jdk8/jre/lib/amd64/libzip.so
7fe08b5c3000-7fe08b7c3000 ---p 0001a000 08:08 2629001                    /home/hijj/software/javaAndroid/jdk/jdk8/jre/lib/amd64/libzip.so
7fe08b7c3000-7fe08b7c4000 rw-p 0001a000 08:08 2629001                    /home/hijj/software/javaAndroid/jdk/jdk8/jre/lib/amd64/libzip.so
7fe08b7c4000-7fe08b7d0000 r-xp 00000000 08:08 5771539                    /lib/x86_64-linux-gnu/libnss_files-2.21.so
7fe08b7d0000-7fe08b9cf000 ---p 0000c000 08:08 5771539                    /lib/x86_64-linux-gnu/libnss_files-2.21.so
7fe08b9cf000-7fe08b9d0000 r--p 0000b000 08:08 5771539                    /lib/x86_64-linux-gnu/libnss_files-2.21.so
7fe08b9d0000-7fe08b9d1000 rw-p 0000c000 08:08 5771539                    /lib/x86_64-linux-gnu/libnss_files-2.21.so
7fe08b9d1000-7fe08b9dc000 r-xp 00000000 08:08 5771549                    /lib/x86_64-linux-gnu/libnss_nis-2.21.so
7fe08b9dc000-7fe08bbdb000 ---p 0000b000 08:08 5771549                    /lib/x86_64-linux-gnu/libnss_nis-2.21.so
7fe08bbdb000-7fe08bbdc000 r--p 0000a000 08:08 5771549                    /lib/x86_64-linux-gnu/libnss_nis-2.21.so
7fe08bbdc000-7fe08bbdd000 rw-p 0000b000 08:08 5771549                    /lib/x86_64-linux-gnu/libnss_nis-2.21.so
7fe08bbdd000-7fe08bbf4000 r-xp 00000000 08:08 5771533                    /lib/x86_64-linux-gnu/libnsl-2.21.so
7fe08bbf4000-7fe08bdf3000 ---p 00017000 08:08 5771533                    /lib/x86_64-linux-gnu/libnsl-2.21.so
7fe08bdf3000-7fe08bdf4000 r--p 00016000 08:08 5771533                    /lib/x86_64-linux-gnu/libnsl-2.21.so
7fe08bdf4000-7fe08bdf5000 rw-p 00017000 08:08 5771533                    /lib/x86_64-linux-gnu/libnsl-2.21.so
7fe08bdf5000-7fe08bdf7000 rw-p 00000000 00:00 0 
7fe08bdf7000-7fe08bdff000 r-xp 00000000 08:08 5771535                    /lib/x86_64-linux-gnu/libnss_compat-2.21.so
7fe08bdff000-7fe08bffe000 ---p 00008000 08:08 5771535                    /lib/x86_64-linux-gnu/libnss_compat-2.21.so
7fe08bffe000-7fe08bfff000 r--p 00007000 08:08 5771535                    /lib/x86_64-linux-gnu/libnss_compat-2.21.so
7fe08bfff000-7fe08c000000 rw-p 00008000 08:08 5771535                    /lib/x86_64-linux-gnu/libnss_compat-2.21.so
7fe08c000000-7fe08c188000 rw-p 00000000 00:00 0 
7fe08c188000-7fe090000000 ---p 00000000 00:00 0 
7fe090010000-7fe090045000 rw-p 00000000 00:00 0 
7fe090045000-7fe09016c000 ---p 00000000 00:00 0 
7fe09016c000-7fe09084e000 r--p 00000000 08:08 4070784                    /usr/lib/locale/locale-archive
7fe09084e000-7fe090850000 r-xp 00000000 08:08 2628975                    /home/hijj/software/javaAndroid/jdk/jdk8/jre/lib/amd64/libnpt.so
7fe090850000-7fe090a50000 ---p 00002000 08:08 2628975                    /home/hijj/software/javaAndroid/jdk/jdk8/jre/lib/amd64/libnpt.so
7fe090a50000-7fe090a51000 rw-p 00002000 08:08 2628975                    /home/hijj/software/javaAndroid/jdk/jdk8/jre/lib/amd64/libnpt.so
7fe090a51000-7fe090a8a000 r-xp 00000000 08:08 2628992                    /home/hijj/software/javaAndroid/jdk/jdk8/jre/lib/amd64/libjdwp.so
7fe090a8a000-7fe090c89000 ---p 00039000 08:08 2628992                    /home/hijj/software/javaAndroid/jdk/jdk8/jre/lib/amd64/libjdwp.so
7fe090c89000-7fe090c8b000 rw-p 00038000 08:08 2628992                    /home/hijj/software/javaAndroid/jdk/jdk8/jre/lib/amd64/libjdwp.so
7fe090c8b000-7fe090cb5000 r-xp 00000000 08:08 2628996                    /home/hijj/software/javaAndroid/jdk/jdk8/jre/lib/amd64/libjava.so
7fe090cb5000-7fe090eb5000 ---p 0002a000 08:08 2628996                    /home/hijj/software/javaAndroid/jdk/jdk8/jre/lib/amd64/libjava.so
7fe090eb5000-7fe090eb7000 rw-p 0002a000 08:08 2628996                    /home/hijj/software/javaAndroid/jdk/jdk8/jre/lib/amd64/libjava.so
7fe090eb7000-7fe090ec4000 r-xp 00000000 08:08 2629000                    /home/hijj/software/javaAndroid/jdk/jdk8/jre/lib/amd64/libverify.so
7fe090ec4000-7fe0910c4000 ---p 0000d000 08:08 2629000                    /home/hijj/software/javaAndroid/jdk/jdk8/jre/lib/amd64/libverify.so
7fe0910c4000-7fe0910c6000 rw-p 0000d000 08:08 2629000                    /home/hijj/software/javaAndroid/jdk/jdk8/jre/lib/amd64/libverify.so
7fe0910c6000-7fe0910cd000 r-xp 00000000 08:08 5771594                    /lib/x86_64-linux-gnu/librt-2.21.so
7fe0910cd000-7fe0912cc000 ---p 00007000 08:08 5771594                    /lib/x86_64-linux-gnu/librt-2.21.so
7fe0912cc000-7fe0912cd000 r--p 00006000 08:08 5771594                    /lib/x86_64-linux-gnu/librt-2.21.so
7fe0912cd000-7fe0912ce000 rw-p 00007000 08:08 5771594                    /lib/x86_64-linux-gnu/librt-2.21.so
7fe0912ce000-7fe0913d5000 r-xp 00000000 08:08 5771512                    /lib/x86_64-linux-gnu/libm-2.21.so
7fe0913d5000-7fe0915d4000 ---p 00107000 08:08 5771512                    /lib/x86_64-linux-gnu/libm-2.21.so
7fe0915d4000-7fe0915d5000 r--p 00106000 08:08 5771512                    /lib/x86_64-linux-gnu/libm-2.21.so
7fe0915d5000-7fe0915d6000 rw-p 00107000 08:08 5771512                    /lib/x86_64-linux-gnu/libm-2.21.so
7fe0915d6000-7fe092240000 r-xp 00000000 08:08 2628982                    /home/hijj/software/javaAndroid/jdk/jdk8/jre/lib/amd64/server/libjvm.so
7fe092240000-7fe09243f000 ---p 00c6a000 08:08 2628982                    /home/hijj/software/javaAndroid/jdk/jdk8/jre/lib/amd64/server/libjvm.so
7fe09243f000-7fe092516000 rw-p 00c69000 08:08 2628982                    /home/hijj/software/javaAndroid/jdk/jdk8/jre/lib/amd64/server/libjvm.so
7fe092516000-7fe092558000 rw-p 00000000 00:00 0 
7fe092558000-7fe092718000 r-xp 00000000 08:08 5771453                    /lib/x86_64-linux-gnu/libc-2.21.so
7fe092718000-7fe092918000 ---p 001c0000 08:08 5771453                    /lib/x86_64-linux-gnu/libc-2.21.so
7fe092918000-7fe09291c000 r--p 001c0000 08:08 5771453                    /lib/x86_64-linux-gnu/libc-2.21.so
7fe09291c000-7fe09291e000 rw-p 001c4000 08:08 5771453                    /lib/x86_64-linux-gnu/libc-2.21.so
7fe09291e000-7fe092922000 rw-p 00000000 00:00 0 
7fe092922000-7fe092925000 r-xp 00000000 08:08 5771470                    /lib/x86_64-linux-gnu/libdl-2.21.so
7fe092925000-7fe092b24000 ---p 00003000 08:08 5771470                    /lib/x86_64-linux-gnu/libdl-2.21.so
7fe092b24000-7fe092b25000 r--p 00002000 08:08 5771470                    /lib/x86_64-linux-gnu/libdl-2.21.so
7fe092b25000-7fe092b26000 rw-p 00003000 08:08 5771470                    /lib/x86_64-linux-gnu/libdl-2.21.so
7fe092b26000-7fe092b3b000 r-xp 00000000 08:08 2628623                    /home/hijj/software/javaAndroid/jdk/jdk8/lib/amd64/jli/libjli.so
7fe092b3b000-7fe092d3a000 ---p 00015000 08:08 2628623                    /home/hijj/software/javaAndroid/jdk/jdk8/lib/amd64/jli/libjli.so
7fe092d3a000-7fe092d3b000 rw-p 00014000 08:08 2628623                    /home/hijj/software/javaAndroid/jdk/jdk8/lib/amd64/jli/libjli.so
7fe092d3b000-7fe092d53000 r-xp 00000000 08:08 5771586                    /lib/x86_64-linux-gnu/libpthread-2.21.so
7fe092d53000-7fe092f53000 ---p 00018000 08:08 5771586                    /lib/x86_64-linux-gnu/libpthread-2.21.so
7fe092f53000-7fe092f54000 r--p 00018000 08:08 5771586                    /lib/x86_64-linux-gnu/libpthread-2.21.so
7fe092f54000-7fe092f55000 rw-p 00019000 08:08 5771586                    /lib/x86_64-linux-gnu/libpthread-2.21.so
7fe092f55000-7fe092f59000 rw-p 00000000 00:00 0 
7fe092f59000-7fe092f7d000 r-xp 00000000 08:08 5771425                    /lib/x86_64-linux-gnu/ld-2.21.so
7fe092f83000-7fe09305b000 rw-p 00000000 00:00 0 
7fe09305b000-7fe09305e000 ---p 00000000 00:00 0 
7fe09305e000-7fe093160000 rw-p 00000000 00:00 0                          [stack:3190]
7fe093163000-7fe093166000 rw-p 00000000 00:00 0 
7fe093166000-7fe093170000 r--s 00116000 08:08 2628866                    /home/hijj/software/javaAndroid/jdk/jdk8/jre/lib/ext/localedata.jar
7fe093170000-7fe093178000 rw-s 00000000 08:08 5265861                    /tmp/hsperfdata_hijj/3184
7fe093178000-7fe093179000 rw-p 00000000 00:00 0 
7fe093179000-7fe09317a000 r--p 00000000 00:00 0 
7fe09317a000-7fe09317c000 rw-p 00000000 00:00 0 
7fe09317c000-7fe09317d000 r--p 00023000 08:08 5771425                    /lib/x86_64-linux-gnu/ld-2.21.so
7fe09317d000-7fe09317e000 rw-p 00024000 08:08 5771425                    /lib/x86_64-linux-gnu/ld-2.21.so
7fe09317e000-7fe09317f000 rw-p 00000000 00:00 0 
7fffb19f9000-7fffb1a1a000 rw-p 00000000 00:00 0                          [stack]
7fffb1a4d000-7fffb1a4f000 r--p 00000000 00:00 0                          [vvar]
7fffb1a4f000-7fffb1a51000 r-xp 00000000 00:00 0                          [vdso]
ffffffffff600000-ffffffffff601000 r-xp 00000000 00:00 0                  [vsyscall]

VM Arguments:
jvm_args: -agentlib:jdwp=transport=dt_socket,suspend=y,address=localhost:34875 -Dfile.encoding=UTF-8 
java_command: learning.rzh1.rzh1
java_class_path (initial): /media/hijj/娱乐/github/repositories/ACM/Java/bin
Launcher Type: SUN_STANDARD

Environment Variables:
JAVA_HOME=/home/hijj/software/javaAndroid/jdk/jdk8
JRE_HOME=/home/hijj/software/javaAndroid/jdk/jdk8/jre
CLASSPATH=.:/home/hijj/software/javaAndroid/jdk/jdk8/lib:/home/hijj/software/javaAndroid/jdk/jdk8/jre/lib:.:$JAVA_HOME/lib:$JAVA_HOME/jre/lib
PATH=/home/hijj/software/javaAndroid/jdk/jdk8/bin:/home/hijj/software/javaAndroid/jdk/jdk8/jre/bin:/usr/local/sbin:/usr/local/bin:/usr/sbin:/usr/bin:/sbin:/bin:/usr/games:/usr/local/games:$JAVA_HOME/bin
SHELL=/bin/bash
DISPLAY=:0

Signal Handlers:
SIGSEGV: [libjvm.so+0xa77530], sa_mask[0]=11111111011111111101111111111110, sa_flags=SA_RESTART|SA_SIGINFO
SIGBUS: [libjvm.so+0xa77530], sa_mask[0]=11111111011111111101111111111110, sa_flags=SA_RESTART|SA_SIGINFO
SIGFPE: [libjvm.so+0x8e1d90], sa_mask[0]=11111111011111111101111111111110, sa_flags=SA_RESTART|SA_SIGINFO
SIGPIPE: [libjvm.so+0x8e1d90], sa_mask[0]=11111111011111111101111111111110, sa_flags=SA_RESTART|SA_SIGINFO
SIGXFSZ: [libjvm.so+0x8e1d90], sa_mask[0]=11111111011111111101111111111110, sa_flags=SA_RESTART|SA_SIGINFO
SIGILL: [libjvm.so+0x8e1d90], sa_mask[0]=11111111011111111101111111111110, sa_flags=SA_RESTART|SA_SIGINFO
SIGUSR1: SIG_DFL, sa_mask[0]=00000000000000000000000000000000, sa_flags=none
SIGUSR2: [libjvm.so+0x8e35c0], sa_mask[0]=00100000000000000000000000000000, sa_flags=SA_RESTART|SA_SIGINFO
SIGHUP: [libjvm.so+0x8e4980], sa_mask[0]=11111111011111111101111111111110, sa_flags=SA_RESTART|SA_SIGINFO
SIGINT: [libjvm.so+0x8e4980], sa_mask[0]=11111111011111111101111111111110, sa_flags=SA_RESTART|SA_SIGINFO
SIGTERM: [libjvm.so+0x8e4980], sa_mask[0]=11111111011111111101111111111110, sa_flags=SA_RESTART|SA_SIGINFO
SIGQUIT: [libjvm.so+0x8e4980], sa_mask[0]=11111111011111111101111111111110, sa_flags=SA_RESTART|SA_SIGINFO


---------------  S Y S T E M  ---------------

OS:DISTRIB_ID=Ubuntu
DISTRIB_RELEASE=15.04
DISTRIB_CODENAME=vivid
DISTRIB_DESCRIPTION="Ubuntu 15.04"

uname:Linux 3.19.0-32-generic #37-Ubuntu SMP Wed Oct 21 10:23:06 UTC 2015 x86_64
libc:glibc 2.21 NPTL 2.21 
rlimit: STACK 8192k, CORE 0k, NPROC 15002, NOFILE 65536, AS infinity
load average:0.13 0.17 0.25

/proc/meminfo:
MemTotal:        3863036 kB
MemFree:          493864 kB
MemAvailable:    1135812 kB
Buffers:          112684 kB
Cached:          1038792 kB
SwapCached:            0 kB
Active:          2323888 kB
Inactive:         818512 kB
Active(anon):    1994380 kB
Inactive(anon):   366344 kB
Active(file):     329508 kB
Inactive(file):   452168 kB
Unevictable:          48 kB
Mlocked:              48 kB
SwapTotal:       4005884 kB
SwapFree:        4005884 kB
Dirty:               548 kB
Writeback:             0 kB
AnonPages:       1991048 kB
Mapped:           338928 kB
Shmem:            369780 kB
Slab:              99248 kB
SReclaimable:      58428 kB
SUnreclaim:        40820 kB
KernelStack:       26256 kB
PageTables:        44816 kB
NFS_Unstable:          0 kB
Bounce:                0 kB
WritebackTmp:          0 kB
CommitLimit:     5937400 kB
Committed_AS:   11485244 kB
VmallocTotal:   34359738367 kB
VmallocUsed:      378056 kB
VmallocChunk:   34359349592 kB
HardwareCorrupted:     0 kB
AnonHugePages:    944128 kB
CmaTotal:              0 kB
CmaFree:               0 kB
HugePages_Total:       0
HugePages_Free:        0
HugePages_Rsvd:        0
HugePages_Surp:        0
Hugepagesize:       2048 kB
DirectMap4k:      142076 kB
DirectMap2M:     3866624 kB


CPU:total 4 (2 cores per cpu, 2 threads per core) family 6 model 58 stepping 9, cmov, cx8, fxsr, mmx, sse, sse2, sse3, ssse3, sse4.1, sse4.2, popcnt, avx, aes, clmul, erms, ht, tsc, tscinvbit, tscinv

/proc/cpuinfo:
processor	: 0
vendor_id	: GenuineIntel
cpu family	: 6
model		: 58
model name	: Intel(R) Core(TM) i5-3230M CPU @ 2.60GHz
stepping	: 9
microcode	: 0x17
cpu MHz		: 2999.953
cache size	: 3072 KB
physical id	: 0
siblings	: 4
core id		: 0
cpu cores	: 2
apicid		: 0
initial apicid	: 0
fpu		: yes
fpu_exception	: yes
cpuid level	: 13
wp		: yes
flags		: fpu vme de pse tsc msr pae mce cx8 apic sep mtrr pge mca cmov pat pse36 clflush dts acpi mmx fxsr sse sse2 ss ht tm pbe syscall nx rdtscp lm constant_tsc arch_perfmon pebs bts rep_good nopl xtopology nonstop_tsc aperfmperf eagerfpu pni pclmulqdq dtes64 monitor ds_cpl vmx est tm2 ssse3 cx16 xtpr pdcm pcid sse4_1 sse4_2 x2apic popcnt tsc_deadline_timer aes xsave avx f16c rdrand lahf_lm ida arat epb pln pts dtherm tpr_shadow vnmi flexpriority ept vpid fsgsbase smep erms xsaveopt
bugs		:
bogomips	: 5188.01
clflush size	: 64
cache_alignment	: 64
address sizes	: 36 bits physical, 48 bits virtual
power management:

processor	: 1
vendor_id	: GenuineIntel
cpu family	: 6
model		: 58
model name	: Intel(R) Core(TM) i5-3230M CPU @ 2.60GHz
stepping	: 9
microcode	: 0x17
cpu MHz		: 2999.953
cache size	: 3072 KB
physical id	: 0
siblings	: 4
core id		: 0
cpu cores	: 2
apicid		: 1
initial apicid	: 1
fpu		: yes
fpu_exception	: yes
cpuid level	: 13
wp		: yes
flags		: fpu vme de pse tsc msr pae mce cx8 apic sep mtrr pge mca cmov pat pse36 clflush dts acpi mmx fxsr sse sse2 ss ht tm pbe syscall nx rdtscp lm constant_tsc arch_perfmon pebs bts rep_good nopl xtopology nonstop_tsc aperfmperf eagerfpu pni pclmulqdq dtes64 monitor ds_cpl vmx est tm2 ssse3 cx16 xtpr pdcm pcid sse4_1 sse4_2 x2apic popcnt tsc_deadline_timer aes xsave avx f16c rdrand lahf_lm ida arat epb pln pts dtherm tpr_shadow vnmi flexpriority ept vpid fsgsbase smep erms xsaveopt
bugs		:
bogomips	: 5188.01
clflush size	: 64
cache_alignment	: 64
address sizes	: 36 bits physical, 48 bits virtual
power management:

processor	: 2
vendor_id	: GenuineIntel
cpu family	: 6
model		: 58
model name	: Intel(R) Core(TM) i5-3230M CPU @ 2.60GHz
stepping	: 9
microcode	: 0x17
cpu MHz		: 2999.953
cache size	: 3072 KB
physical id	: 0
siblings	: 4
core id		: 1
cpu cores	: 2
apicid		: 2
initial apicid	: 2
fpu		: yes
fpu_exception	: yes
cpuid level	: 13
wp		: yes
flags		: fpu vme de pse tsc msr pae mce cx8 apic sep mtrr pge mca cmov pat pse36 clflush dts acpi mmx fxsr sse sse2 ss ht tm pbe syscall nx rdtscp lm constant_tsc arch_perfmon pebs bts rep_good nopl xtopology nonstop_tsc aperfmperf eagerfpu pni pclmulqdq dtes64 monitor ds_cpl vmx est tm2 ssse3 cx16 xtpr pdcm pcid sse4_1 sse4_2 x2apic popcnt tsc_deadline_timer aes xsave avx f16c rdrand lahf_lm ida arat epb pln pts dtherm tpr_shadow vnmi flexpriority ept vpid fsgsbase smep erms xsaveopt
bugs		:
bogomips	: 5188.01
clflush size	: 64
cache_alignment	: 64
address sizes	: 36 bits physical, 48 bits virtual
power management:

processor	: 3
vendor_id	: GenuineIntel
cpu family	: 6
model		: 58
model name	: Intel(R) Core(TM) i5-3230M CPU @ 2.60GHz
stepping	: 9
microcode	: 0x17
cpu MHz		: 2999.953
cache size	: 3072 KB
physical id	: 0
siblings	: 4
core id		: 1
cpu cores	: 2
apicid		: 3
initial apicid	: 3
fpu		: yes
fpu_exception	: yes
cpuid level	: 13
wp		: yes
flags		: fpu vme de pse tsc msr pae mce cx8 apic sep mtrr pge mca cmov pat pse36 clflush dts acpi mmx fxsr sse sse2 ss ht tm pbe syscall nx rdtscp lm constant_tsc arch_perfmon pebs bts rep_good nopl xtopology nonstop_tsc aperfmperf eagerfpu pni pclmulqdq dtes64 monitor ds_cpl vmx est tm2 ssse3 cx16 xtpr pdcm pcid sse4_1 sse4_2 x2apic popcnt tsc_deadline_timer aes xsave avx f16c rdrand lahf_lm ida arat epb pln pts dtherm tpr_shadow vnmi flexpriority ept vpid fsgsbase smep erms xsaveopt
bugs		:
bogomips	: 5188.01
clflush size	: 64
cache_alignment	: 64
address sizes	: 36 bits physical, 48 bits virtual
power management:



Memory: 4k page, physical 3863036k(493600k free), swap 4005884k(4005884k free)

vm_info: Java HotSpot(TM) 64-Bit Server VM (25.20-b23) for linux-amd64 JRE (1.8.0_20-b26), built on Jul 30 2014 13:13:52 by "java_re" with gcc 4.3.0 20080428 (Red Hat 4.3.0-8)

time: Mon Nov  9 17:44:34 2015
elapsed time: 804 seconds (0d 0h 13m 24s)

