#
# A fatal error has been detected by the Java Runtime Environment:
#
#  SIGSEGV (0xb) at pc=0x00007f42d0000078, pid=21968, tid=139925478606592
#
# JRE version: Java(TM) SE Runtime Environment (8.0_20-b26) (build 1.8.0_20-b26)
# Java VM: Java HotSpot(TM) 64-Bit Server VM (25.20-b23 mixed mode linux-amd64 compressed oops)
# Problematic frame:
# C  0x00007f42d0000078
#
# Failed to write core dump. Core dumps have been disabled. To enable core dumping, try "ulimit -c unlimited" before starting Java again
#
# If you would like to submit a bug report, please visit:
#   http://bugreport.sun.com/bugreport/crash.jsp
#

---------------  T H R E A D  ---------------

Current thread (0x00007f43080ba800):  JavaThread "JDWP Transport Listener: dt_socket" daemon [_thread_in_vm, id=21986, stack(0x00007f42f0628000,0x00007f42f0729000)]

siginfo: si_signo: 11 (SIGSEGV), si_code: 2 (SEGV_ACCERR), si_addr: 0x00007f42d0000078

Registers:
RAX=0x00007f42d0000078, RBX=0x00007f42d0000088, RCX=0x00007f430f9d7340, RDX=0x00007f430efb0fe0
RSP=0x00007f42f0727a48, RBP=0x00007f42f0727a60, RSI=0x00007f43080ba800, RDI=0x00007f42d0000088
R8 =0x00007f42d00098c0, R9 =0x0000000000000000, R10=0x0000000000000020, R11=0x00007f430f172230
R12=0x0000000000000017, R13=0x00007f42d0000098, R14=0x00007f43080ba800, R15=0x00007f42f0727b67
RIP=0x00007f42d0000078, EFLAGS=0x0000000000010202, CSGSFS=0x0000000000000033, ERR=0x0000000000000015
  TRAPNO=0x000000000000000e

Top of Stack: (sp=0x00007f42f0727a48)
0x00007f42f0727a48:   00007f430e8cc1a7 0000000000000074
0x00007f42f0727a58:   00007f43080036a0 00007f42f0727ad0
0x00007f42f0727a68:   00007f430e76178e 00007f42d00098c0
0x00007f42f0727a78:   00007f42f0727a80 00007f43080ba800
0x00007f42f0727a88:   0000000000000000 00007f4200000000
0x00007f42f0727a98:   0000000000000000 00007f42f0727ac0
0x00007f42f0727aa8:   00007f430d70dd60 00007f42d0000098
0x00007f42f0727ab8:   00007f42f0727b67 0000000000000007
0x00007f42f0727ac8:   00007f42f0727b67 00007f42f0727b00
0x00007f42f0727ad8:   00007f430d4f9872 00007f42f0727b00
0x00007f42f0727ae8:   00007f42d0000098 00007f42f0727bd0
0x00007f42f0727af8:   0000000000000038 00007f42f0727b90
0x00007f42f0727b08:   00007f430d4daa60 00007f42f0727b48
0x00007f42f0727b18:   00007f42f0727b40 00007f42f0727b38
0x00007f42f0727b28:   00007f42f0727b5c 00000001d0002ed0
0x00007f42f0727b38:   0000000000000000 0000000000000000
0x00007f42f0727b48:   0000000000000000 00007f42d0009280
0x00007f42f0727b58:   0000000af0727bd0 0000000000000008
0x00007f42f0727b68:   0000000000000002 000000000000000f
0x00007f42f0727b78:   0000000000000002 00000000000f0200
0x00007f42f0727b88:   000000000000000f 00007f42f0727de0
0x00007f42f0727b98:   00007f430d4e5976 0001d8d400000013
0x00007f42f0727ba8:   00007f430e0f0200 00007f42c8000fb0
0x00007f42f0727bb8:   0000000000000000 00007f42f0727bd0
0x00007f42f0727bc8:   00007f42f0727d60 00007f42d000aba1
0x00007f42f0727bd8:   00007f4300000237 00007f42d00098e0
0x00007f42f0727be8:   000000000000012c 00007f42f0727c20
0x00007f42f0727bf8:   00007f42d00098e0 00007f0000000000
0x00007f42f0727c08:   0001d8d40000001c 00007f4200007d80
0x00007f42f0727c18:   00007f42f0727c20 427f000008000000
0x00007f42f0727c28:   06000000986000d0 00003e74696e693c
0x00007f42f0727c38:   0000005629280300 7f00000100000000 

Instructions: (pc=0x00007f42d0000078)
0x00007f42d0000058:   00 00 00 00 00 00 00 00 00 00 00 00 00 00 00 00
0x00007f42d0000068:   00 00 00 00 00 00 00 00 00 00 00 00 00 00 00 00
0x00007f42d0000078:   d0 ad 00 d0 42 7f 00 00 c0 9d 00 d0 42 7f 00 00
0x00007f42d0000088:   78 00 00 d0 42 7f 00 00 78 00 00 d0 42 7f 00 00 

Register to memory mapping:

RAX=0x00007f42d0000078 is an unknown value
RBX=0x00007f42d0000088 is an unknown value
RCX=0x00007f430f9d7340: <offset 0x219340> in /lib/x86_64-linux-gnu/libpthread.so.0 at 0x00007f430f7be000
RDX=0x00007f430efb0fe0: <offset 0xf57fe0> in /home/hijj/software/javaAndroid/jdk/jdk8/jre/lib/amd64/server/libjvm.so at 0x00007f430e059000
RSP=0x00007f42f0727a48 is pointing into the stack for thread: 0x00007f43080ba800
RBP=0x00007f42f0727a60 is pointing into the stack for thread: 0x00007f43080ba800
RSI=0x00007f43080ba800 is a thread
RDI=0x00007f42d0000088 is an unknown value
R8 =0x00007f42d00098c0 is an unknown value
R9 =0x0000000000000000 is an unknown value
R10=0x0000000000000020 is an unknown value
R11=0x00007f430f172230: <offset 0x197230> in /lib/x86_64-linux-gnu/libc.so.6 at 0x00007f430efdb000
R12=0x0000000000000017 is an unknown value
R13=0x00007f42d0000098 is an unknown value
R14=0x00007f43080ba800 is a thread
R15=0x00007f42f0727b67 is pointing into the stack for thread: 0x00007f43080ba800


Stack: [0x00007f42f0628000,0x00007f42f0729000],  sp=0x00007f42f0727a48,  free space=1022k
Native frames: (J=compiled Java code, j=interpreted, Vv=VM code, C=native code)
C  0x00007f42d0000078
V  [libjvm.so+0x70878e]  jvmti_IsMethodSynthetic+0x29e
C  [libjdwp.so+0x25872]  isMethodSynthetic+0x42
C  [libjdwp.so+0x6a60]  methods1+0x1b0
C  [libjdwp.so+0x11976]  debugLoop_run+0x2b6
C  [libjdwp.so+0x247af]  attachThread+0x2f
V  [libjvm.so+0x7744f2]  JvmtiAgentThread::call_start_function()+0xc2
V  [libjvm.so+0xa2990f]  JavaThread::thread_main_inner()+0xdf
V  [libjvm.so+0xa29a3c]  JavaThread::run()+0x11c
V  [libjvm.so+0x8e75f8]  java_start(Thread*)+0x108
C  [libpthread.so.0+0x76aa]  start_thread+0xca


---------------  P R O C E S S  ---------------

Java Threads: ( => current thread )
  0x00007f43080d2800 JavaThread "Service Thread" daemon [_thread_blocked, id=21996, stack(0x00007f42f0022000,0x00007f42f0123000)]
  0x00007f43080c5000 JavaThread "C1 CompilerThread2" daemon [_thread_blocked, id=21995, stack(0x00007f42f0123000,0x00007f42f0224000)]
  0x00007f43080c3000 JavaThread "C2 CompilerThread1" daemon [_thread_blocked, id=21994, stack(0x00007f42f0224000,0x00007f42f0325000)]
  0x00007f43080c0000 JavaThread "C2 CompilerThread0" daemon [_thread_blocked, id=21993, stack(0x00007f42f0325000,0x00007f42f0426000)]
  0x00007f42d0001000 JavaThread "JDWP Command Reader" daemon [_thread_in_native, id=21990, stack(0x00007f42f0426000,0x00007f42f0527000)]
  0x00007f43080be000 JavaThread "JDWP Event Helper Thread" daemon [_thread_blocked, id=21989, stack(0x00007f42f0527000,0x00007f42f0628000)]
=>0x00007f43080ba800 JavaThread "JDWP Transport Listener: dt_socket" daemon [_thread_in_vm, id=21986, stack(0x00007f42f0628000,0x00007f42f0729000)]
  0x00007f43080ad000 JavaThread "Signal Dispatcher" daemon [_thread_blocked, id=21984, stack(0x00007f42f092d000,0x00007f42f0a2e000)]
  0x00007f430807f000 JavaThread "Finalizer" daemon [_thread_blocked, id=21982, stack(0x00007f42f0a2e000,0x00007f42f0b2f000)]
  0x00007f430807d000 JavaThread "Reference Handler" daemon [_thread_blocked, id=21981, stack(0x00007f42f0b2f000,0x00007f42f0c30000)]
  0x00007f430800c000 JavaThread "main" [_thread_blocked, id=21974, stack(0x00007f430fade000,0x00007f430fbdf000)]

Other Threads:
  0x00007f4308075800 VMThread [stack: 0x00007f42f0c30000,0x00007f42f0d31000] [id=21980]
  0x00007f43080d5000 WatcherThread [stack: 0x00007f42ebeff000,0x00007f42ec000000] [id=21997]

VM state:not at safepoint (normal execution)

VM Mutex/Monitor currently owned by a thread: None

Heap:
 PSYoungGen      total 17920K, used 2151K [0x00000000ec580000, 0x00000000ed980000, 0x0000000100000000)
  eden space 15360K, 14% used [0x00000000ec580000,0x00000000ec799ea8,0x00000000ed480000)
  from space 2560K, 0% used [0x00000000ed700000,0x00000000ed700000,0x00000000ed980000)
  to   space 2560K, 0% used [0x00000000ed480000,0x00000000ed480000,0x00000000ed700000)
 ParOldGen       total 40960K, used 0K [0x00000000c5000000, 0x00000000c7800000, 0x00000000ec580000)
  object space 40960K, 0% used [0x00000000c5000000,0x00000000c5000000,0x00000000c7800000)
 Metaspace       used 3884K, capacity 4970K, committed 5120K, reserved 1056768K
  class space    used 412K, capacity 466K, committed 512K, reserved 1048576K

Card table byte_map: [0x00007f42f8a67000,0x00007f42f8c40000] byte_map_base: 0x00007f42f843f000

Marking Bits: (ParMarkBitMap*) 0x00007f430efb0ac0
 Begin Bits: [0x00007f42f2280000, 0x00007f42f3140000)
 End Bits:   [0x00007f42f3140000, 0x00007f42f4000000)

Polling page: 0x00007f430fbfc000

CodeCache: size=245760Kb used=1206Kb max_used=1206Kb free=244553Kb
 bounds [0x00007f42f9000000, 0x00007f42f9270000, 0x00007f4308000000]
 total_blobs=314 nmethods=77 adapters=160
 compilation: enabled

Compilation events (10 events):
Event: 0.296 Thread 0x00007f43080c5000   73       3       java.lang.Character::isBmpCodePoint (13 bytes)
Event: 0.296 Thread 0x00007f43080c5000 nmethod 73 0x00007f42f912c990 code [0x00007f42f912cb00, 0x00007f42f912cc90]
Event: 0.296 Thread 0x00007f43080c5000   74       3       java.util.regex.Pattern::next (33 bytes)
Event: 0.296 Thread 0x00007f43080c5000 nmethod 74 0x00007f42f912cd10 code [0x00007f42f912cea0, 0x00007f42f912d168]
Event: 0.296 Thread 0x00007f43080c5000   75       1       java.util.regex.Pattern::flags (5 bytes)
Event: 0.296 Thread 0x00007f43080c5000 nmethod 75 0x00007f42f912d290 code [0x00007f42f912d3e0, 0x00007f42f912d4f0]
Event: 7.281 Thread 0x00007f43080c5000   76       1       java.nio.Buffer::position (5 bytes)
Event: 7.281 Thread 0x00007f43080c5000 nmethod 76 0x00007f42f912d550 code [0x00007f42f912d6a0, 0x00007f42f912d7b0]
Event: 7.281 Thread 0x00007f43080c5000   77       3       java.util.concurrent.ConcurrentHashMap$Node::<init> (26 bytes)
Event: 7.282 Thread 0x00007f43080c5000 nmethod 77 0x00007f42f912d810 code [0x00007f42f912d980, 0x00007f42f912db70]

GC Heap History (0 events):
No events

Deoptimization events (0 events):
No events

Internal exceptions (10 events):
Event: 0.282 Thread 0x00007f430800c000 Exception <a 'java/security/PrivilegedActionException'> (0x00000000ec72d8f8) thrown at [/HUDSON/workspace/8-2-build-linux-amd64/jdk8u20/1074/hotspot/src/share/vm/prims/jvm.cpp, line 1275]
Event: 0.282 Thread 0x00007f430800c000 Exception <a 'java/security/PrivilegedActionException'> (0x00000000ec730318) thrown at [/HUDSON/workspace/8-2-build-linux-amd64/jdk8u20/1074/hotspot/src/share/vm/prims/jvm.cpp, line 1275]
Event: 0.283 Thread 0x00007f430800c000 Exception <a 'java/security/PrivilegedActionException'> (0x00000000ec7316b8) thrown at [/HUDSON/workspace/8-2-build-linux-amd64/jdk8u20/1074/hotspot/src/share/vm/prims/jvm.cpp, line 1275]
Event: 0.289 Thread 0x00007f430800c000 Exception <a 'java/security/PrivilegedActionException'> (0x00000000ec745458) thrown at [/HUDSON/workspace/8-2-build-linux-amd64/jdk8u20/1074/hotspot/src/share/vm/prims/jvm.cpp, line 1275]
Event: 0.289 Thread 0x00007f430800c000 Exception <a 'java/security/PrivilegedActionException'> (0x00000000ec7468f0) thrown at [/HUDSON/workspace/8-2-build-linux-amd64/jdk8u20/1074/hotspot/src/share/vm/prims/jvm.cpp, line 1275]
Event: 0.290 Thread 0x00007f430800c000 Exception <a 'java/security/PrivilegedActionException'> (0x00000000ec753f78) thrown at [/HUDSON/workspace/8-2-build-linux-amd64/jdk8u20/1074/hotspot/src/share/vm/prims/jvm.cpp, line 1275]
Event: 0.291 Thread 0x00007f430800c000 Exception <a 'java/security/PrivilegedActionException'> (0x00000000ec755638) thrown at [/HUDSON/workspace/8-2-build-linux-amd64/jdk8u20/1074/hotspot/src/share/vm/prims/jvm.cpp, line 1275]
Event: 0.291 Thread 0x00007f430800c000 Exception <a 'java/security/PrivilegedActionException'> (0x00000000ec757cd8) thrown at [/HUDSON/workspace/8-2-build-linux-amd64/jdk8u20/1074/hotspot/src/share/vm/prims/jvm.cpp, line 1275]
Event: 0.291 Thread 0x00007f430800c000 Exception <a 'java/security/PrivilegedActionException'> (0x00000000ec7593b8) thrown at [/HUDSON/workspace/8-2-build-linux-amd64/jdk8u20/1074/hotspot/src/share/vm/prims/jvm.cpp, line 1275]
Event: 7.282 Thread 0x00007f430800c000 Exception <a 'java/security/PrivilegedActionException'> (0x00000000ec7723d0) thrown at [/HUDSON/workspace/8-2-build-linux-amd64/jdk8u20/1074/hotspot/src/share/vm/prims/jvm.cpp, line 1275]

Events (10 events):
Event: 1217.321 Executing VM operation: ChangeBreakpoints
Event: 1217.321 Executing VM operation: ChangeBreakpoints done
Event: 1217.323 Executing VM operation: ChangeBreakpoints
Event: 1217.323 Executing VM operation: ChangeBreakpoints done
Event: 1217.325 Executing VM operation: ChangeBreakpoints
Event: 1217.325 Executing VM operation: ChangeBreakpoints done
Event: 1217.325 Executing VM operation: ChangeBreakpoints
Event: 1217.325 Executing VM operation: ChangeBreakpoints done
Event: 2019.060 Executing VM operation: RedefineClasses
Event: 2019.060 Executing VM operation: RedefineClasses done


Dynamic libraries:
00400000-00401000 r-xp 00000000 08:08 2622385                            /home/hijj/software/javaAndroid/jdk/jdk8/bin/java
00600000-00601000 rw-p 00000000 08:08 2622385                            /home/hijj/software/javaAndroid/jdk/jdk8/bin/java
015d1000-015f2000 rw-p 00000000 00:00 0                                  [heap]
c5000000-c7800000 rw-p 00000000 00:00 0 
c7800000-ec580000 ---p 00000000 00:00 0 
ec580000-ed980000 rw-p 00000000 00:00 0 
ed980000-100000000 ---p 00000000 00:00 0 
100000000-100080000 rw-p 00000000 00:00 0 
100080000-140000000 ---p 00000000 00:00 0 
7f42ac000000-7f42ac021000 rw-p 00000000 00:00 0 
7f42ac021000-7f42b0000000 ---p 00000000 00:00 0 
7f42b4000000-7f42b405b000 rw-p 00000000 00:00 0 
7f42b405b000-7f42b8000000 ---p 00000000 00:00 0 
7f42b8000000-7f42b8021000 rw-p 00000000 00:00 0 
7f42b8021000-7f42bc000000 ---p 00000000 00:00 0 
7f42bc000000-7f42bc05f000 rw-p 00000000 00:00 0 
7f42bc05f000-7f42c0000000 ---p 00000000 00:00 0 
7f42c0000000-7f42c0021000 rw-p 00000000 00:00 0 
7f42c0021000-7f42c4000000 ---p 00000000 00:00 0 
7f42c4000000-7f42c4021000 rw-p 00000000 00:00 0 
7f42c4021000-7f42c8000000 ---p 00000000 00:00 0 
7f42c8000000-7f42c8021000 rw-p 00000000 00:00 0 
7f42c8021000-7f42cc000000 ---p 00000000 00:00 0 
7f42cc000000-7f42cc021000 rw-p 00000000 00:00 0 
7f42cc021000-7f42d0000000 ---p 00000000 00:00 0 
7f42d0000000-7f42d0024000 rw-p 00000000 00:00 0 
7f42d0024000-7f42d4000000 ---p 00000000 00:00 0 
7f42d4000000-7f42d4021000 rw-p 00000000 00:00 0 
7f42d4021000-7f42d8000000 ---p 00000000 00:00 0 
7f42d8000000-7f42d8021000 rw-p 00000000 00:00 0 
7f42d8021000-7f42dc000000 ---p 00000000 00:00 0 
7f42dc000000-7f42dc021000 rw-p 00000000 00:00 0 
7f42dc021000-7f42e0000000 ---p 00000000 00:00 0 
7f42e0000000-7f42e0021000 rw-p 00000000 00:00 0 
7f42e0021000-7f42e4000000 ---p 00000000 00:00 0 
7f42e4000000-7f42e4021000 rw-p 00000000 00:00 0 
7f42e4021000-7f42e8000000 ---p 00000000 00:00 0 
7f42ebc8a000-7f42ebeff000 rw-p 00000000 00:00 0 
7f42ebeff000-7f42ebf00000 ---p 00000000 00:00 0 
7f42ebf00000-7f42ec000000 rw-p 00000000 00:00 0                          [stack:21997]
7f42ec000000-7f42ec021000 rw-p 00000000 00:00 0 
7f42ec021000-7f42f0000000 ---p 00000000 00:00 0 
7f42f000f000-7f42f0022000 r--s 00344000 08:08 2628842                    /home/hijj/software/javaAndroid/jdk/jdk8/jre/lib/resources.jar
7f42f0022000-7f42f0025000 ---p 00000000 00:00 0 
7f42f0025000-7f42f0123000 rw-p 00000000 00:00 0                          [stack:21996]
7f42f0123000-7f42f0126000 ---p 00000000 00:00 0 
7f42f0126000-7f42f0224000 rw-p 00000000 00:00 0                          [stack:21995]
7f42f0224000-7f42f0227000 ---p 00000000 00:00 0 
7f42f0227000-7f42f0325000 rw-p 00000000 00:00 0                          [stack:21994]
7f42f0325000-7f42f0328000 ---p 00000000 00:00 0 
7f42f0328000-7f42f0426000 rw-p 00000000 00:00 0                          [stack:21993]
7f42f0426000-7f42f0429000 ---p 00000000 00:00 0 
7f42f0429000-7f42f0527000 rw-p 00000000 00:00 0                          [stack:21990]
7f42f0527000-7f42f052a000 ---p 00000000 00:00 0 
7f42f052a000-7f42f0628000 rw-p 00000000 00:00 0                          [stack:21989]
7f42f0628000-7f42f062b000 ---p 00000000 00:00 0 
7f42f062b000-7f42f0729000 rw-p 00000000 00:00 0                          [stack:21986]
7f42f0729000-7f42f072d000 r-xp 00000000 08:08 2628974                    /home/hijj/software/javaAndroid/jdk/jdk8/jre/lib/amd64/libdt_socket.so
7f42f072d000-7f42f092c000 ---p 00004000 08:08 2628974                    /home/hijj/software/javaAndroid/jdk/jdk8/jre/lib/amd64/libdt_socket.so
7f42f092c000-7f42f092d000 rw-p 00003000 08:08 2628974                    /home/hijj/software/javaAndroid/jdk/jdk8/jre/lib/amd64/libdt_socket.so
7f42f092d000-7f42f0930000 ---p 00000000 00:00 0 
7f42f0930000-7f42f0a2e000 rw-p 00000000 00:00 0                          [stack:21984]
7f42f0a2e000-7f42f0a31000 ---p 00000000 00:00 0 
7f42f0a31000-7f42f0b2f000 rw-p 00000000 00:00 0                          [stack:21982]
7f42f0b2f000-7f42f0b32000 ---p 00000000 00:00 0 
7f42f0b32000-7f42f0c30000 rw-p 00000000 00:00 0                          [stack:21981]
7f42f0c30000-7f42f0c31000 ---p 00000000 00:00 0 
7f42f0c31000-7f42f1f00000 rw-p 00000000 00:00 0                          [stack:21980]
7f42f1f00000-7f42f2280000 ---p 00000000 00:00 0 
7f42f2280000-7f42f4000000 rw-p 00000000 00:00 0 
7f42f4000000-7f42f4021000 rw-p 00000000 00:00 0 
7f42f4021000-7f42f8000000 ---p 00000000 00:00 0 
7f42f8000000-7f42f801c000 r--s 00393000 08:08 2628860                    /home/hijj/software/javaAndroid/jdk/jdk8/jre/lib/ext/cldrdata.jar
7f42f801c000-7f42f823f000 rw-p 00000000 00:00 0 
7f42f823f000-7f42f8415000 r--s 03ca8000 08:08 2628807                    /home/hijj/software/javaAndroid/jdk/jdk8/jre/lib/rt.jar
7f42f8415000-7f42f8663000 rw-p 00000000 00:00 0 
7f42f8663000-7f42f8664000 ---p 00000000 00:00 0 
7f42f8664000-7f42f8764000 rw-p 00000000 00:00 0                          [stack:21978]
7f42f8764000-7f42f8765000 ---p 00000000 00:00 0 
7f42f8765000-7f42f8865000 rw-p 00000000 00:00 0                          [stack:21977]
7f42f8865000-7f42f8866000 ---p 00000000 00:00 0 
7f42f8866000-7f42f8966000 rw-p 00000000 00:00 0                          [stack:21976]
7f42f8966000-7f42f8967000 ---p 00000000 00:00 0 
7f42f8967000-7f42f8a7b000 rw-p 00000000 00:00 0                          [stack:21975]
7f42f8a7b000-7f42f8ba1000 ---p 00000000 00:00 0 
7f42f8ba1000-7f42f8bac000 rw-p 00000000 00:00 0 
7f42f8bac000-7f42f8c3f000 ---p 00000000 00:00 0 
7f42f8c3f000-7f42f8c4a000 rw-p 00000000 00:00 0 
7f42f8c4a000-7f42f9000000 ---p 00000000 00:00 0 
7f42f9000000-7f42f9270000 rwxp 00000000 00:00 0 
7f42f9270000-7f4308000000 ---p 00000000 00:00 0 
7f4308000000-7f4308148000 rw-p 00000000 00:00 0 
7f4308148000-7f430c000000 ---p 00000000 00:00 0 
7f430c00e000-7f430c071000 rw-p 00000000 00:00 0 
7f430c071000-7f430c198000 ---p 00000000 00:00 0 
7f430c198000-7f430c1b2000 r-xp 00000000 08:08 2629001                    /home/hijj/software/javaAndroid/jdk/jdk8/jre/lib/amd64/libzip.so
7f430c1b2000-7f430c3b2000 ---p 0001a000 08:08 2629001                    /home/hijj/software/javaAndroid/jdk/jdk8/jre/lib/amd64/libzip.so
7f430c3b2000-7f430c3b3000 rw-p 0001a000 08:08 2629001                    /home/hijj/software/javaAndroid/jdk/jdk8/jre/lib/amd64/libzip.so
7f430c3b3000-7f430c3bf000 r-xp 00000000 08:08 5771539                    /lib/x86_64-linux-gnu/libnss_files-2.21.so
7f430c3bf000-7f430c5be000 ---p 0000c000 08:08 5771539                    /lib/x86_64-linux-gnu/libnss_files-2.21.so
7f430c5be000-7f430c5bf000 r--p 0000b000 08:08 5771539                    /lib/x86_64-linux-gnu/libnss_files-2.21.so
7f430c5bf000-7f430c5c0000 rw-p 0000c000 08:08 5771539                    /lib/x86_64-linux-gnu/libnss_files-2.21.so
7f430c5c0000-7f430c5cb000 r-xp 00000000 08:08 5771549                    /lib/x86_64-linux-gnu/libnss_nis-2.21.so
7f430c5cb000-7f430c7ca000 ---p 0000b000 08:08 5771549                    /lib/x86_64-linux-gnu/libnss_nis-2.21.so
7f430c7ca000-7f430c7cb000 r--p 0000a000 08:08 5771549                    /lib/x86_64-linux-gnu/libnss_nis-2.21.so
7f430c7cb000-7f430c7cc000 rw-p 0000b000 08:08 5771549                    /lib/x86_64-linux-gnu/libnss_nis-2.21.so
7f430c7cc000-7f430c7e3000 r-xp 00000000 08:08 5771533                    /lib/x86_64-linux-gnu/libnsl-2.21.so
7f430c7e3000-7f430c9e2000 ---p 00017000 08:08 5771533                    /lib/x86_64-linux-gnu/libnsl-2.21.so
7f430c9e2000-7f430c9e3000 r--p 00016000 08:08 5771533                    /lib/x86_64-linux-gnu/libnsl-2.21.so
7f430c9e3000-7f430c9e4000 rw-p 00017000 08:08 5771533                    /lib/x86_64-linux-gnu/libnsl-2.21.so
7f430c9e4000-7f430c9e6000 rw-p 00000000 00:00 0 
7f430c9e6000-7f430c9ee000 r-xp 00000000 08:08 5771535                    /lib/x86_64-linux-gnu/libnss_compat-2.21.so
7f430c9ee000-7f430cbed000 ---p 00008000 08:08 5771535                    /lib/x86_64-linux-gnu/libnss_compat-2.21.so
7f430cbed000-7f430cbee000 r--p 00007000 08:08 5771535                    /lib/x86_64-linux-gnu/libnss_compat-2.21.so
7f430cbee000-7f430cbef000 rw-p 00008000 08:08 5771535                    /lib/x86_64-linux-gnu/libnss_compat-2.21.so
7f430cbef000-7f430d2d1000 r--p 00000000 08:08 4070784                    /usr/lib/locale/locale-archive
7f430d2d1000-7f430d2d3000 r-xp 00000000 08:08 2628975                    /home/hijj/software/javaAndroid/jdk/jdk8/jre/lib/amd64/libnpt.so
7f430d2d3000-7f430d4d3000 ---p 00002000 08:08 2628975                    /home/hijj/software/javaAndroid/jdk/jdk8/jre/lib/amd64/libnpt.so
7f430d4d3000-7f430d4d4000 rw-p 00002000 08:08 2628975                    /home/hijj/software/javaAndroid/jdk/jdk8/jre/lib/amd64/libnpt.so
7f430d4d4000-7f430d50d000 r-xp 00000000 08:08 2628992                    /home/hijj/software/javaAndroid/jdk/jdk8/jre/lib/amd64/libjdwp.so
7f430d50d000-7f430d70c000 ---p 00039000 08:08 2628992                    /home/hijj/software/javaAndroid/jdk/jdk8/jre/lib/amd64/libjdwp.so
7f430d70c000-7f430d70e000 rw-p 00038000 08:08 2628992                    /home/hijj/software/javaAndroid/jdk/jdk8/jre/lib/amd64/libjdwp.so
7f430d70e000-7f430d738000 r-xp 00000000 08:08 2628996                    /home/hijj/software/javaAndroid/jdk/jdk8/jre/lib/amd64/libjava.so
7f430d738000-7f430d938000 ---p 0002a000 08:08 2628996                    /home/hijj/software/javaAndroid/jdk/jdk8/jre/lib/amd64/libjava.so
7f430d938000-7f430d93a000 rw-p 0002a000 08:08 2628996                    /home/hijj/software/javaAndroid/jdk/jdk8/jre/lib/amd64/libjava.so
7f430d93a000-7f430d947000 r-xp 00000000 08:08 2629000                    /home/hijj/software/javaAndroid/jdk/jdk8/jre/lib/amd64/libverify.so
7f430d947000-7f430db47000 ---p 0000d000 08:08 2629000                    /home/hijj/software/javaAndroid/jdk/jdk8/jre/lib/amd64/libverify.so
7f430db47000-7f430db49000 rw-p 0000d000 08:08 2629000                    /home/hijj/software/javaAndroid/jdk/jdk8/jre/lib/amd64/libverify.so
7f430db49000-7f430db50000 r-xp 00000000 08:08 5771594                    /lib/x86_64-linux-gnu/librt-2.21.so
7f430db50000-7f430dd4f000 ---p 00007000 08:08 5771594                    /lib/x86_64-linux-gnu/librt-2.21.so
7f430dd4f000-7f430dd50000 r--p 00006000 08:08 5771594                    /lib/x86_64-linux-gnu/librt-2.21.so
7f430dd50000-7f430dd51000 rw-p 00007000 08:08 5771594                    /lib/x86_64-linux-gnu/librt-2.21.so
7f430dd51000-7f430de58000 r-xp 00000000 08:08 5771512                    /lib/x86_64-linux-gnu/libm-2.21.so
7f430de58000-7f430e057000 ---p 00107000 08:08 5771512                    /lib/x86_64-linux-gnu/libm-2.21.so
7f430e057000-7f430e058000 r--p 00106000 08:08 5771512                    /lib/x86_64-linux-gnu/libm-2.21.so
7f430e058000-7f430e059000 rw-p 00107000 08:08 5771512                    /lib/x86_64-linux-gnu/libm-2.21.so
7f430e059000-7f430ecc3000 r-xp 00000000 08:08 2628982                    /home/hijj/software/javaAndroid/jdk/jdk8/jre/lib/amd64/server/libjvm.so
7f430ecc3000-7f430eec2000 ---p 00c6a000 08:08 2628982                    /home/hijj/software/javaAndroid/jdk/jdk8/jre/lib/amd64/server/libjvm.so
7f430eec2000-7f430ef99000 rw-p 00c69000 08:08 2628982                    /home/hijj/software/javaAndroid/jdk/jdk8/jre/lib/amd64/server/libjvm.so
7f430ef99000-7f430efdb000 rw-p 00000000 00:00 0 
7f430efdb000-7f430f19b000 r-xp 00000000 08:08 5771453                    /lib/x86_64-linux-gnu/libc-2.21.so
7f430f19b000-7f430f39b000 ---p 001c0000 08:08 5771453                    /lib/x86_64-linux-gnu/libc-2.21.so
7f430f39b000-7f430f39f000 r--p 001c0000 08:08 5771453                    /lib/x86_64-linux-gnu/libc-2.21.so
7f430f39f000-7f430f3a1000 rw-p 001c4000 08:08 5771453                    /lib/x86_64-linux-gnu/libc-2.21.so
7f430f3a1000-7f430f3a5000 rw-p 00000000 00:00 0 
7f430f3a5000-7f430f3a8000 r-xp 00000000 08:08 5771470                    /lib/x86_64-linux-gnu/libdl-2.21.so
7f430f3a8000-7f430f5a7000 ---p 00003000 08:08 5771470                    /lib/x86_64-linux-gnu/libdl-2.21.so
7f430f5a7000-7f430f5a8000 r--p 00002000 08:08 5771470                    /lib/x86_64-linux-gnu/libdl-2.21.so
7f430f5a8000-7f430f5a9000 rw-p 00003000 08:08 5771470                    /lib/x86_64-linux-gnu/libdl-2.21.so
7f430f5a9000-7f430f5be000 r-xp 00000000 08:08 2628623                    /home/hijj/software/javaAndroid/jdk/jdk8/lib/amd64/jli/libjli.so
7f430f5be000-7f430f7bd000 ---p 00015000 08:08 2628623                    /home/hijj/software/javaAndroid/jdk/jdk8/lib/amd64/jli/libjli.so
7f430f7bd000-7f430f7be000 rw-p 00014000 08:08 2628623                    /home/hijj/software/javaAndroid/jdk/jdk8/lib/amd64/jli/libjli.so
7f430f7be000-7f430f7d6000 r-xp 00000000 08:08 5771586                    /lib/x86_64-linux-gnu/libpthread-2.21.so
7f430f7d6000-7f430f9d6000 ---p 00018000 08:08 5771586                    /lib/x86_64-linux-gnu/libpthread-2.21.so
7f430f9d6000-7f430f9d7000 r--p 00018000 08:08 5771586                    /lib/x86_64-linux-gnu/libpthread-2.21.so
7f430f9d7000-7f430f9d8000 rw-p 00019000 08:08 5771586                    /lib/x86_64-linux-gnu/libpthread-2.21.so
7f430f9d8000-7f430f9dc000 rw-p 00000000 00:00 0 
7f430f9dc000-7f430fa00000 r-xp 00000000 08:08 5771425                    /lib/x86_64-linux-gnu/ld-2.21.so
7f430fa06000-7f430fade000 rw-p 00000000 00:00 0 
7f430fade000-7f430fae1000 ---p 00000000 00:00 0 
7f430fae1000-7f430fbe3000 rw-p 00000000 00:00 0                          [stack:21974]
7f430fbe6000-7f430fbe9000 rw-p 00000000 00:00 0 
7f430fbe9000-7f430fbf3000 r--s 00116000 08:08 2628866                    /home/hijj/software/javaAndroid/jdk/jdk8/jre/lib/ext/localedata.jar
7f430fbf3000-7f430fbfb000 rw-s 00000000 08:08 1574398                    /tmp/hsperfdata_hijj/21968
7f430fbfb000-7f430fbfc000 rw-p 00000000 00:00 0 
7f430fbfc000-7f430fbfd000 r--p 00000000 00:00 0 
7f430fbfd000-7f430fbff000 rw-p 00000000 00:00 0 
7f430fbff000-7f430fc00000 r--p 00023000 08:08 5771425                    /lib/x86_64-linux-gnu/ld-2.21.so
7f430fc00000-7f430fc01000 rw-p 00024000 08:08 5771425                    /lib/x86_64-linux-gnu/ld-2.21.so
7f430fc01000-7f430fc02000 rw-p 00000000 00:00 0 
7ffd479b8000-7ffd479d9000 rw-p 00000000 00:00 0                          [stack]
7ffd479eb000-7ffd479ed000 r--p 00000000 00:00 0                          [vvar]
7ffd479ed000-7ffd479ef000 r-xp 00000000 00:00 0                          [vdso]
ffffffffff600000-ffffffffff601000 r-xp 00000000 00:00 0                  [vsyscall]

VM Arguments:
jvm_args: -agentlib:jdwp=transport=dt_socket,suspend=y,address=localhost:46097 -Dfile.encoding=UTF-8 
java_command: learning.ks8.MainTest
java_class_path (initial): /media/hijj/娱乐/github/repositories/ACM/Java/bin
Launcher Type: SUN_STANDARD

Environment Variables:
JAVA_HOME=/home/hijj/software/javaAndroid/jdk/jdk8
JRE_HOME=/home/hijj/software/javaAndroid/jdk/jdk8/jre
CLASSPATH=.:/home/hijj/software/javaAndroid/jdk/jdk8/lib:/home/hijj/software/javaAndroid/jdk/jdk8/jre/lib:.:$JAVA_HOME/lib:$JAVA_HOME/jre/lib
PATH=/home/hijj/software/javaAndroid/sdk/android-sdk-linux/tools:/home/hijj/software/javaAndroid/sdk/android-sdk-linux/platform-tools:/home/hijj/software/javaAndroid/jdk/jdk8/bin:/home/hijj/software/javaAndroid/jdk/jdk8/jre/bin:/usr/local/sbin:/usr/local/bin:/usr/sbin:/usr/bin:/sbin:/bin:/usr/games:/usr/local/games:$JAVA_HOME/bin:$ANDROID_PATH/tools:$ANDROID_PATH/platform-tools
SHELL=/bin/bash
DISPLAY=:0

Signal Handlers:
SIGSEGV: [libjvm.so+0xa77530], sa_mask[0]=11111111011111111101111111111110, sa_flags=SA_RESTART|SA_SIGINFO
SIGBUS: [libjvm.so+0xa77530], sa_mask[0]=11111111011111111101111111111110, sa_flags=SA_RESTART|SA_SIGINFO
SIGFPE: [libjvm.so+0x8e1d90], sa_mask[0]=11111111011111111101111111111110, sa_flags=SA_RESTART|SA_SIGINFO
SIGPIPE: [libjvm.so+0x8e1d90], sa_mask[0]=11111111011111111101111111111110, sa_flags=SA_RESTART|SA_SIGINFO
SIGXFSZ: [libjvm.so+0x8e1d90], sa_mask[0]=11111111011111111101111111111110, sa_flags=SA_RESTART|SA_SIGINFO
SIGILL: [libjvm.so+0x8e1d90], sa_mask[0]=11111111011111111101111111111110, sa_flags=SA_RESTART|SA_SIGINFO
SIGUSR1: SIG_DFL, sa_mask[0]=00000000000000000000000000000000, sa_flags=none
SIGUSR2: [libjvm.so+0x8e35c0], sa_mask[0]=00100000000000000000000000000000, sa_flags=SA_RESTART|SA_SIGINFO
SIGHUP: [libjvm.so+0x8e4980], sa_mask[0]=11111111011111111101111111111110, sa_flags=SA_RESTART|SA_SIGINFO
SIGINT: [libjvm.so+0x8e4980], sa_mask[0]=11111111011111111101111111111110, sa_flags=SA_RESTART|SA_SIGINFO
SIGTERM: [libjvm.so+0x8e4980], sa_mask[0]=11111111011111111101111111111110, sa_flags=SA_RESTART|SA_SIGINFO
SIGQUIT: [libjvm.so+0x8e4980], sa_mask[0]=11111111011111111101111111111110, sa_flags=SA_RESTART|SA_SIGINFO


---------------  S Y S T E M  ---------------

OS:DISTRIB_ID=Ubuntu
DISTRIB_RELEASE=15.04
DISTRIB_CODENAME=vivid
DISTRIB_DESCRIPTION="Ubuntu 15.04"

uname:Linux 3.19.0-30-generic #34-Ubuntu SMP Fri Oct 2 22:08:41 UTC 2015 x86_64
libc:glibc 2.21 NPTL 2.21 
rlimit: STACK 8192k, CORE 0k, NPROC 15002, NOFILE 65536, AS infinity
load average:0.09 0.13 0.31

/proc/meminfo:
MemTotal:        3863036 kB
MemFree:          724960 kB
MemAvailable:    1161492 kB
Buffers:           64104 kB
Cached:           779476 kB
SwapCached:        42520 kB
Active:          1629680 kB
Inactive:        1253012 kB
Active(anon):    1327328 kB
Inactive(anon):   984544 kB
Active(file):     302352 kB
Inactive(file):   268468 kB
Unevictable:          48 kB
Mlocked:              48 kB
SwapTotal:       4005884 kB
SwapFree:        3440932 kB
Dirty:              1852 kB
Writeback:             0 kB
AnonPages:       2013720 kB
Mapped:           218628 kB
Shmem:            272704 kB
Slab:             117104 kB
SReclaimable:      69308 kB
SUnreclaim:        47796 kB
KernelStack:       32640 kB
PageTables:        49096 kB
NFS_Unstable:          0 kB
Bounce:                0 kB
WritebackTmp:          0 kB
CommitLimit:     5937400 kB
Committed_AS:   13865184 kB
VmallocTotal:   34359738367 kB
VmallocUsed:      378088 kB
VmallocChunk:   34359320912 kB
HardwareCorrupted:     0 kB
AnonHugePages:   1056768 kB
CmaTotal:              0 kB
CmaFree:               0 kB
HugePages_Total:       0
HugePages_Free:        0
HugePages_Rsvd:        0
HugePages_Surp:        0
Hugepagesize:       2048 kB
DirectMap4k:      185084 kB
DirectMap2M:     3823616 kB


CPU:total 4 (2 cores per cpu, 2 threads per core) family 6 model 58 stepping 9, cmov, cx8, fxsr, mmx, sse, sse2, sse3, ssse3, sse4.1, sse4.2, popcnt, avx, aes, clmul, erms, ht, tsc, tscinvbit, tscinv

/proc/cpuinfo:
processor	: 0
vendor_id	: GenuineIntel
cpu family	: 6
model		: 58
model name	: Intel(R) Core(TM) i5-3230M CPU @ 2.60GHz
stepping	: 9
microcode	: 0x17
cpu MHz		: 2999.953
cache size	: 3072 KB
physical id	: 0
siblings	: 4
core id		: 0
cpu cores	: 2
apicid		: 0
initial apicid	: 0
fpu		: yes
fpu_exception	: yes
cpuid level	: 13
wp		: yes
flags		: fpu vme de pse tsc msr pae mce cx8 apic sep mtrr pge mca cmov pat pse36 clflush dts acpi mmx fxsr sse sse2 ss ht tm pbe syscall nx rdtscp lm constant_tsc arch_perfmon pebs bts rep_good nopl xtopology nonstop_tsc aperfmperf eagerfpu pni pclmulqdq dtes64 monitor ds_cpl vmx est tm2 ssse3 cx16 xtpr pdcm pcid sse4_1 sse4_2 x2apic popcnt tsc_deadline_timer aes xsave avx f16c rdrand lahf_lm ida arat epb pln pts dtherm tpr_shadow vnmi flexpriority ept vpid fsgsbase smep erms xsaveopt
bugs		:
bogomips	: 5188.00
clflush size	: 64
cache_alignment	: 64
address sizes	: 36 bits physical, 48 bits virtual
power management:

processor	: 1
vendor_id	: GenuineIntel
cpu family	: 6
model		: 58
model name	: Intel(R) Core(TM) i5-3230M CPU @ 2.60GHz
stepping	: 9
microcode	: 0x17
cpu MHz		: 2999.953
cache size	: 3072 KB
physical id	: 0
siblings	: 4
core id		: 0
cpu cores	: 2
apicid		: 1
initial apicid	: 1
fpu		: yes
fpu_exception	: yes
cpuid level	: 13
wp		: yes
flags		: fpu vme de pse tsc msr pae mce cx8 apic sep mtrr pge mca cmov pat pse36 clflush dts acpi mmx fxsr sse sse2 ss ht tm pbe syscall nx rdtscp lm constant_tsc arch_perfmon pebs bts rep_good nopl xtopology nonstop_tsc aperfmperf eagerfpu pni pclmulqdq dtes64 monitor ds_cpl vmx est tm2 ssse3 cx16 xtpr pdcm pcid sse4_1 sse4_2 x2apic popcnt tsc_deadline_timer aes xsave avx f16c rdrand lahf_lm ida arat epb pln pts dtherm tpr_shadow vnmi flexpriority ept vpid fsgsbase smep erms xsaveopt
bugs		:
bogomips	: 5188.00
clflush size	: 64
cache_alignment	: 64
address sizes	: 36 bits physical, 48 bits virtual
power management:

processor	: 2
vendor_id	: GenuineIntel
cpu family	: 6
model		: 58
model name	: Intel(R) Core(TM) i5-3230M CPU @ 2.60GHz
stepping	: 9
microcode	: 0x17
cpu MHz		: 2999.953
cache size	: 3072 KB
physical id	: 0
siblings	: 4
core id		: 1
cpu cores	: 2
apicid		: 2
initial apicid	: 2
fpu		: yes
fpu_exception	: yes
cpuid level	: 13
wp		: yes
flags		: fpu vme de pse tsc msr pae mce cx8 apic sep mtrr pge mca cmov pat pse36 clflush dts acpi mmx fxsr sse sse2 ss ht tm pbe syscall nx rdtscp lm constant_tsc arch_perfmon pebs bts rep_good nopl xtopology nonstop_tsc aperfmperf eagerfpu pni pclmulqdq dtes64 monitor ds_cpl vmx est tm2 ssse3 cx16 xtpr pdcm pcid sse4_1 sse4_2 x2apic popcnt tsc_deadline_timer aes xsave avx f16c rdrand lahf_lm ida arat epb pln pts dtherm tpr_shadow vnmi flexpriority ept vpid fsgsbase smep erms xsaveopt
bugs		:
bogomips	: 5188.00
clflush size	: 64
cache_alignment	: 64
address sizes	: 36 bits physical, 48 bits virtual
power management:

processor	: 3
vendor_id	: GenuineIntel
cpu family	: 6
model		: 58
model name	: Intel(R) Core(TM) i5-3230M CPU @ 2.60GHz
stepping	: 9
microcode	: 0x17
cpu MHz		: 2999.648
cache size	: 3072 KB
physical id	: 0
siblings	: 4
core id		: 1
cpu cores	: 2
apicid		: 3
initial apicid	: 3
fpu		: yes
fpu_exception	: yes
cpuid level	: 13
wp		: yes
flags		: fpu vme de pse tsc msr pae mce cx8 apic sep mtrr pge mca cmov pat pse36 clflush dts acpi mmx fxsr sse sse2 ss ht tm pbe syscall nx rdtscp lm constant_tsc arch_perfmon pebs bts rep_good nopl xtopology nonstop_tsc aperfmperf eagerfpu pni pclmulqdq dtes64 monitor ds_cpl vmx est tm2 ssse3 cx16 xtpr pdcm pcid sse4_1 sse4_2 x2apic popcnt tsc_deadline_timer aes xsave avx f16c rdrand lahf_lm ida arat epb pln pts dtherm tpr_shadow vnmi flexpriority ept vpid fsgsbase smep erms xsaveopt
bugs		:
bogomips	: 5188.00
clflush size	: 64
cache_alignment	: 64
address sizes	: 36 bits physical, 48 bits virtual
power management:



Memory: 4k page, physical 3863036k(724960k free), swap 4005884k(3440932k free)

vm_info: Java HotSpot(TM) 64-Bit Server VM (25.20-b23) for linux-amd64 JRE (1.8.0_20-b26), built on Jul 30 2014 13:13:52 by "java_re" with gcc 4.3.0 20080428 (Red Hat 4.3.0-8)

time: Thu Oct 22 00:10:23 2015
elapsed time: 2019 seconds (0d 0h 33m 39s)

