#
# A fatal error has been detected by the Java Runtime Environment:
#
#  SIGSEGV (0xb) at pc=0x00007f0cf0356190, pid=4173, tid=139693108152064
#
# JRE version: Java(TM) SE Runtime Environment (8.0_20-b26) (build 1.8.0_20-b26)
# Java VM: Java HotSpot(TM) 64-Bit Server VM (25.20-b23 mixed mode linux-amd64 compressed oops)
# Problematic frame:
# V  [libjvm.so+0x873190]  Method::checked_resolve_jmethod_id(_jmethodID*)+0x20
#
# Failed to write core dump. Core dumps have been disabled. To enable core dumping, try "ulimit -c unlimited" before starting Java again
#
# If you would like to submit a bug report, please visit:
#   http://bugreport.sun.com/bugreport/crash.jsp
#

---------------  T H R E A D  ---------------

Current thread (0x00007f0ce80ba000):  JavaThread "JDWP Transport Listener: dt_socket" daemon [_thread_in_vm, id=4192, stack(0x00007f0cd606c000,0x00007f0cd616d000)]

siginfo: si_signo: 11 (SIGSEGV), si_code: 1 (SEGV_MAPERR), si_addr: 0x0000000000000031

Registers:
RAX=0x0000000000000001, RBX=0x00007f0ce80036a0, RCX=0x00007f0cf1461340, RDX=0x00007f0cf0a3afe0
RSP=0x00007f0cd616b7d0, RBP=0x00007f0cd616b7e0, RSI=0x00007f0ce80ba000, RDI=0x0000000000000031
R8 =0x00007f0ca8007a40, R9 =0x0000000000000000, R10=0x0000000000000010, R11=0x00007f0cf0bfbff0
R12=0x0000000000000017, R13=0x0000000000000031, R14=0x00007f0ce80ba000, R15=0x00007f0cd616b8e7
RIP=0x00007f0cf0356190, EFLAGS=0x0000000000010202, CSGSFS=0x0000000000000033, ERR=0x0000000000000004
  TRAPNO=0x000000000000000e

Top of Stack: (sp=0x00007f0cd616b7d0)
0x00007f0cd616b7d0:   0000000000000074 00007f0ce80036a0
0x00007f0cd616b7e0:   00007f0cd616b850 00007f0cf01eb78e
0x00007f0cd616b7f0:   00007f0ca8007a40 00007f0cd616b800
0x00007f0cd616b800:   00007f0ce80ba000 0000000000000000
0x00007f0cd616b810:   00007f0c00000000 0000000000000000
0x00007f0cd616b820:   00007f0cd616b840 00007f0cef197d60
0x00007f0cd616b830:   0000000000000031 00007f0cd616b8e7
0x00007f0cd616b840:   0000000000000005 00007f0cd616b8e7
0x00007f0cd616b850:   00007f0cd616b880 00007f0ceef83872
0x00007f0cd616b860:   00007f0cd616b880 0000000000000031
0x00007f0cd616b870:   00007f0cd616b950 0000000000000028
0x00007f0cd616b880:   00007f0cd616b910 00007f0ceef64a60
0x00007f0cd616b890:   00007f0cd616b8c8 00007f0cd616b8c0
0x00007f0cd616b8a0:   00007f0cd616b8b8 00007f0cd616b8dc
0x00007f0cd616b8b0:   00000001a8002ed0 0000000000000000
0x00007f0cd616b8c0:   0000000000000000 0000000000000000
0x00007f0cd616b8d0:   00007f0ca80073b0 00000009d616b950
0x00007f0cd616b8e0:   0000000000000006 0000000000000002
0x00007f0cd616b8f0:   000000000000000f 0000000000000002
0x00007f0cd616b900:   00000000000f0200 000000000000000f
0x00007f0cd616b910:   00007f0cd616bb60 00007f0ceef6f976
0x00007f0cd616b920:   00005d4700000013 00007f0cf00f0200
0x00007f0cd616b930:   00007f0cac000fb0 00007f0cef197d60
0x00007f0cd616b940:   00007f0cd616b950 00007f0cd616bae0
0x00007f0cd616b950:   00007f0cd616ba59 00007f0c00000073
0x00007f0cd616b960:   00007f0cd616b968 00000000000000b9
0x00007f0cd616b970:   00007f0cd616b9a0 0000000000000000
0x00007f0cd616b980:   00007f0000000000 00005d470000001c
0x00007f0cd616b990:   00007f0c0000ba80 00007f0cd616b9a0
0x00007f0cd616b9a0:   0c7f000006000000 08000000606e00a8
0x00007f0cd616b9b0:   3e74696e696c633c 0056292803000000
0x00007f0cd616b9c0:   0008000000000000 00586e00a80c7f00 

Instructions: (pc=0x00007f0cf0356190)
0x00007f0cf0356170:   55 48 89 e5 53 48 83 ec 08 48 85 ff 75 12 31 db
0x00007f0cf0356180:   48 89 d8 48 83 c4 08 5b c9 c3 66 0f 1f 44 00 00
0x00007f0cf0356190:   48 8b 1f 48 85 db 74 e6 48 83 fb 37 74 e0 48 8b
0x00007f0cf03561a0:   03 48 89 df ff 50 10 84 c0 0f 1f 80 00 00 00 00 

Register to memory mapping:

RAX=0x0000000000000001 is an unknown value
RBX=0x00007f0ce80036a0 is an unknown value
RCX=0x00007f0cf1461340: <offset 0x219340> in /lib/x86_64-linux-gnu/libpthread.so.0 at 0x00007f0cf1248000
RDX=0x00007f0cf0a3afe0: <offset 0xf57fe0> in /home/hijj/software/javaAndroid/jdk/jdk8/jre/lib/amd64/server/libjvm.so at 0x00007f0cefae3000
RSP=0x00007f0cd616b7d0 is pointing into the stack for thread: 0x00007f0ce80ba000
RBP=0x00007f0cd616b7e0 is pointing into the stack for thread: 0x00007f0ce80ba000
RSI=0x00007f0ce80ba000 is a thread
RDI=0x0000000000000031 is an unknown value
R8 =0x00007f0ca8007a40 is an unknown value
R9 =0x0000000000000000 is an unknown value
R10=0x0000000000000010 is an unknown value
R11=0x00007f0cf0bfbff0: <offset 0x196ff0> in /lib/x86_64-linux-gnu/libc.so.6 at 0x00007f0cf0a65000
R12=0x0000000000000017 is an unknown value
R13=0x0000000000000031 is an unknown value
R14=0x00007f0ce80ba000 is a thread
R15=0x00007f0cd616b8e7 is pointing into the stack for thread: 0x00007f0ce80ba000


Stack: [0x00007f0cd606c000,0x00007f0cd616d000],  sp=0x00007f0cd616b7d0,  free space=1021k
Native frames: (J=compiled Java code, j=interpreted, Vv=VM code, C=native code)
V  [libjvm.so+0x873190]  Method::checked_resolve_jmethod_id(_jmethodID*)+0x20
V  [libjvm.so+0x70878e]  jvmti_IsMethodSynthetic+0x29e
C  [libjdwp.so+0x25872]  isMethodSynthetic+0x42
C  [libjdwp.so+0x6a60]  methods1+0x1b0
C  [libjdwp.so+0x11976]  debugLoop_run+0x2b6
C  [libjdwp.so+0x247af]  attachThread+0x2f
V  [libjvm.so+0x7744f2]  JvmtiAgentThread::call_start_function()+0xc2
V  [libjvm.so+0xa2990f]  JavaThread::thread_main_inner()+0xdf
V  [libjvm.so+0xa29a3c]  JavaThread::run()+0x11c
V  [libjvm.so+0x8e75f8]  java_start(Thread*)+0x108
C  [libpthread.so.0+0x76aa]  start_thread+0xca


---------------  P R O C E S S  ---------------

Java Threads: ( => current thread )
  0x00007f0ce80ca000 JavaThread "Service Thread" daemon [_thread_blocked, id=4200, stack(0x00007f0cd5a66000,0x00007f0cd5b67000)]
  0x00007f0ce80c5000 JavaThread "C1 CompilerThread2" daemon [_thread_blocked, id=4198, stack(0x00007f0cd5b67000,0x00007f0cd5c68000)]
  0x00007f0ce80c3000 JavaThread "C2 CompilerThread1" daemon [_thread_blocked, id=4197, stack(0x00007f0cd5c68000,0x00007f0cd5d69000)]
  0x00007f0ce80c0000 JavaThread "C2 CompilerThread0" daemon [_thread_blocked, id=4196, stack(0x00007f0cd5d69000,0x00007f0cd5e6a000)]
  0x00007f0ca8001000 JavaThread "JDWP Command Reader" daemon [_thread_in_native, id=4194, stack(0x00007f0cd5e6a000,0x00007f0cd5f6b000)]
  0x00007f0ce80be000 JavaThread "JDWP Event Helper Thread" daemon [_thread_blocked, id=4193, stack(0x00007f0cd5f6b000,0x00007f0cd606c000)]
=>0x00007f0ce80ba000 JavaThread "JDWP Transport Listener: dt_socket" daemon [_thread_in_vm, id=4192, stack(0x00007f0cd606c000,0x00007f0cd616d000)]
  0x00007f0ce80ad000 JavaThread "Signal Dispatcher" daemon [_thread_blocked, id=4188, stack(0x00007f0cd6371000,0x00007f0cd6472000)]
  0x00007f0ce807f000 JavaThread "Finalizer" daemon [_thread_blocked, id=4187, stack(0x00007f0cd6472000,0x00007f0cd6573000)]
  0x00007f0ce807d000 JavaThread "Reference Handler" daemon [_thread_blocked, id=4186, stack(0x00007f0cd6573000,0x00007f0cd6674000)]
  0x00007f0ce800c000 JavaThread "main" [_thread_blocked, id=4179, stack(0x00007f0cf1568000,0x00007f0cf1669000)]

Other Threads:
  0x00007f0ce8075800 VMThread [stack: 0x00007f0cd6674000,0x00007f0cd6775000] [id=4185]
  0x00007f0ce80cc800 WatcherThread [stack: 0x00007f0cd5965000,0x00007f0cd5a66000] [id=4201]

VM state:not at safepoint (normal execution)

VM Mutex/Monitor currently owned by a thread: None

Heap:
 PSYoungGen      total 17920K, used 2153K [0x00000000ec580000, 0x00000000ed980000, 0x0000000100000000)
  eden space 15360K, 14% used [0x00000000ec580000,0x00000000ec79a698,0x00000000ed480000)
  from space 2560K, 0% used [0x00000000ed700000,0x00000000ed700000,0x00000000ed980000)
  to   space 2560K, 0% used [0x00000000ed480000,0x00000000ed480000,0x00000000ed700000)
 ParOldGen       total 40960K, used 0K [0x00000000c5000000, 0x00000000c7800000, 0x00000000ec580000)
  object space 40960K, 0% used [0x00000000c5000000,0x00000000c5000000,0x00000000c7800000)
 Metaspace       used 3594K, capacity 4676K, committed 4864K, reserved 1056768K
  class space    used 398K, capacity 428K, committed 512K, reserved 1048576K

Card table byte_map: [0x00007f0ced689000,0x00007f0ced862000] byte_map_base: 0x00007f0ced061000

Marking Bits: (ParMarkBitMap*) 0x00007f0cf0a3aac0
 Begin Bits: [0x00007f0cd7280000, 0x00007f0cd8140000)
 End Bits:   [0x00007f0cd8140000, 0x00007f0cd9000000)

Polling page: 0x00007f0cf1686000

CodeCache: size=245760Kb used=1223Kb max_used=1223Kb free=244536Kb
 bounds [0x00007f0cd9000000, 0x00007f0cd9270000, 0x00007f0ce8000000]
 total_blobs=319 nmethods=82 adapters=160
 compilation: enabled

Compilation events (10 events):
Event: 2.238 Thread 0x00007f0ce80c5000   78       3       java.lang.Character::isBmpCodePoint (13 bytes)
Event: 2.238 Thread 0x00007f0ce80c5000 nmethod 78 0x00007f0cd9130ed0 code [0x00007f0cd9131040, 0x00007f0cd91311d0]
Event: 2.238 Thread 0x00007f0ce80c5000   79       3       java.util.regex.Pattern::next (33 bytes)
Event: 2.239 Thread 0x00007f0ce80c5000 nmethod 79 0x00007f0cd9131250 code [0x00007f0cd91313e0, 0x00007f0cd91316a8]
Event: 2.240 Thread 0x00007f0ce80c5000   80       1       java.util.regex.Pattern::flags (5 bytes)
Event: 2.241 Thread 0x00007f0ce80c5000 nmethod 80 0x00007f0cd91317d0 code [0x00007f0cd9131920, 0x00007f0cd9131a30]
Event: 2.241 Thread 0x00007f0ce80c5000   81       3       java.util.regex.ASCII::isAscii (13 bytes)
Event: 2.241 Thread 0x00007f0ce80c5000 nmethod 81 0x00007f0cd9131a90 code [0x00007f0cd9131c00, 0x00007f0cd9131d90]
Event: 410.540 Thread 0x00007f0ce80c5000   82       3       java.util.concurrent.ConcurrentHashMap$Node::<init> (26 bytes)
Event: 410.541 Thread 0x00007f0ce80c5000 nmethod 82 0x00007f0cd9131e10 code [0x00007f0cd9131f80, 0x00007f0cd9132170]

GC Heap History (0 events):
No events

Deoptimization events (0 events):
No events

Internal exceptions (10 events):
Event: 0.272 Thread 0x00007f0ce800c000 Exception <a 'java/security/PrivilegedActionException'> (0x00000000ec72c4c0) thrown at [/HUDSON/workspace/8-2-build-linux-amd64/jdk8u20/1074/hotspot/src/share/vm/prims/jvm.cpp, line 1275]
Event: 0.273 Thread 0x00007f0ce800c000 Exception <a 'java/security/PrivilegedActionException'> (0x00000000ec72d678) thrown at [/HUDSON/workspace/8-2-build-linux-amd64/jdk8u20/1074/hotspot/src/share/vm/prims/jvm.cpp, line 1275]
Event: 0.275 Thread 0x00007f0ce800c000 Exception <a 'java/security/PrivilegedActionException'> (0x00000000ec730098) thrown at [/HUDSON/workspace/8-2-build-linux-amd64/jdk8u20/1074/hotspot/src/share/vm/prims/jvm.cpp, line 1275]
Event: 0.278 Thread 0x00007f0ce800c000 Exception <a 'java/security/PrivilegedActionException'> (0x00000000ec731438) thrown at [/HUDSON/workspace/8-2-build-linux-amd64/jdk8u20/1074/hotspot/src/share/vm/prims/jvm.cpp, line 1275]
Event: 0.299 Thread 0x00007f0ce800c000 Exception <a 'java/security/PrivilegedActionException'> (0x00000000ec7451d8) thrown at [/HUDSON/workspace/8-2-build-linux-amd64/jdk8u20/1074/hotspot/src/share/vm/prims/jvm.cpp, line 1275]
Event: 0.299 Thread 0x00007f0ce800c000 Exception <a 'java/security/PrivilegedActionException'> (0x00000000ec746670) thrown at [/HUDSON/workspace/8-2-build-linux-amd64/jdk8u20/1074/hotspot/src/share/vm/prims/jvm.cpp, line 1275]
Event: 0.303 Thread 0x00007f0ce800c000 Exception <a 'java/security/PrivilegedActionException'> (0x00000000ec753b58) thrown at [/HUDSON/workspace/8-2-build-linux-amd64/jdk8u20/1074/hotspot/src/share/vm/prims/jvm.cpp, line 1275]
Event: 0.303 Thread 0x00007f0ce800c000 Exception <a 'java/security/PrivilegedActionException'> (0x00000000ec755218) thrown at [/HUDSON/workspace/8-2-build-linux-amd64/jdk8u20/1074/hotspot/src/share/vm/prims/jvm.cpp, line 1275]
Event: 0.304 Thread 0x00007f0ce800c000 Exception <a 'java/security/PrivilegedActionException'> (0x00000000ec7578b8) thrown at [/HUDSON/workspace/8-2-build-linux-amd64/jdk8u20/1074/hotspot/src/share/vm/prims/jvm.cpp, line 1275]
Event: 0.305 Thread 0x00007f0ce800c000 Exception <a 'java/security/PrivilegedActionException'> (0x00000000ec758f98) thrown at [/HUDSON/workspace/8-2-build-linux-amd64/jdk8u20/1074/hotspot/src/share/vm/prims/jvm.cpp, line 1275]

Events (10 events):
Event: 423.755 Executing VM operation: GetCurrentLocation
Event: 423.755 Executing VM operation: GetCurrentLocation done
Event: 423.756 Executing VM operation: EnterInterpOnlyMode
Event: 423.756 Executing VM operation: EnterInterpOnlyMode done
Event: 423.756 Executing VM operation: ChangeSingleStep
Event: 423.756 Executing VM operation: ChangeSingleStep done
Event: 423.756 Executing VM operation: ChangeSingleStep
Event: 423.756 Executing VM operation: ChangeSingleStep done
Event: 423.763 Executing VM operation: RedefineClasses
Event: 423.764 Executing VM operation: RedefineClasses done


Dynamic libraries:
00400000-00401000 r-xp 00000000 08:08 2622385                            /home/hijj/software/javaAndroid/jdk/jdk8/bin/java
00600000-00601000 rw-p 00000000 08:08 2622385                            /home/hijj/software/javaAndroid/jdk/jdk8/bin/java
00d92000-00db3000 rw-p 00000000 00:00 0                                  [heap]
c5000000-c7800000 rw-p 00000000 00:00 0 
c7800000-ec580000 ---p 00000000 00:00 0 
ec580000-ed980000 rw-p 00000000 00:00 0 
ed980000-100000000 ---p 00000000 00:00 0 
100000000-100080000 rw-p 00000000 00:00 0 
100080000-140000000 ---p 00000000 00:00 0 
7f0c90000000-7f0c90021000 rw-p 00000000 00:00 0 
7f0c90021000-7f0c94000000 ---p 00000000 00:00 0 
7f0c98000000-7f0c98054000 rw-p 00000000 00:00 0 
7f0c98054000-7f0c9c000000 ---p 00000000 00:00 0 
7f0c9c000000-7f0c9c021000 rw-p 00000000 00:00 0 
7f0c9c021000-7f0ca0000000 ---p 00000000 00:00 0 
7f0ca0000000-7f0ca004f000 rw-p 00000000 00:00 0 
7f0ca004f000-7f0ca4000000 ---p 00000000 00:00 0 
7f0ca4000000-7f0ca4021000 rw-p 00000000 00:00 0 
7f0ca4021000-7f0ca8000000 ---p 00000000 00:00 0 
7f0ca8000000-7f0ca8022000 rw-p 00000000 00:00 0 
7f0ca8022000-7f0cac000000 ---p 00000000 00:00 0 
7f0cac000000-7f0cac021000 rw-p 00000000 00:00 0 
7f0cac021000-7f0cb0000000 ---p 00000000 00:00 0 
7f0cb0000000-7f0cb0021000 rw-p 00000000 00:00 0 
7f0cb0021000-7f0cb4000000 ---p 00000000 00:00 0 
7f0cb4000000-7f0cb4021000 rw-p 00000000 00:00 0 
7f0cb4021000-7f0cb8000000 ---p 00000000 00:00 0 
7f0cb8000000-7f0cb8021000 rw-p 00000000 00:00 0 
7f0cb8021000-7f0cbc000000 ---p 00000000 00:00 0 
7f0cbc000000-7f0cbc021000 rw-p 00000000 00:00 0 
7f0cbc021000-7f0cc0000000 ---p 00000000 00:00 0 
7f0cc0000000-7f0cc0021000 rw-p 00000000 00:00 0 
7f0cc0021000-7f0cc4000000 ---p 00000000 00:00 0 
7f0cc4000000-7f0cc4021000 rw-p 00000000 00:00 0 
7f0cc4021000-7f0cc8000000 ---p 00000000 00:00 0 
7f0cc8000000-7f0cc8021000 rw-p 00000000 00:00 0 
7f0cc8021000-7f0ccc000000 ---p 00000000 00:00 0 
7f0ccc000000-7f0ccc021000 rw-p 00000000 00:00 0 
7f0ccc021000-7f0cd0000000 ---p 00000000 00:00 0 
7f0cd0000000-7f0cd0021000 rw-p 00000000 00:00 0 
7f0cd0021000-7f0cd4000000 ---p 00000000 00:00 0 
7f0cd56f0000-7f0cd5965000 rw-p 00000000 00:00 0 
7f0cd5965000-7f0cd5966000 ---p 00000000 00:00 0 
7f0cd5966000-7f0cd5a66000 rw-p 00000000 00:00 0                          [stack:4201]
7f0cd5a66000-7f0cd5a69000 ---p 00000000 00:00 0 
7f0cd5a69000-7f0cd5b67000 rw-p 00000000 00:00 0                          [stack:4200]
7f0cd5b67000-7f0cd5b6a000 ---p 00000000 00:00 0 
7f0cd5b6a000-7f0cd5c68000 rw-p 00000000 00:00 0                          [stack:4198]
7f0cd5c68000-7f0cd5c6b000 ---p 00000000 00:00 0 
7f0cd5c6b000-7f0cd5d69000 rw-p 00000000 00:00 0                          [stack:4197]
7f0cd5d69000-7f0cd5d6c000 ---p 00000000 00:00 0 
7f0cd5d6c000-7f0cd5e6a000 rw-p 00000000 00:00 0                          [stack:4196]
7f0cd5e6a000-7f0cd5e6d000 ---p 00000000 00:00 0 
7f0cd5e6d000-7f0cd5f6b000 rw-p 00000000 00:00 0                          [stack:4194]
7f0cd5f6b000-7f0cd5f6e000 ---p 00000000 00:00 0 
7f0cd5f6e000-7f0cd606c000 rw-p 00000000 00:00 0                          [stack:4193]
7f0cd606c000-7f0cd606f000 ---p 00000000 00:00 0 
7f0cd606f000-7f0cd616d000 rw-p 00000000 00:00 0                          [stack:4192]
7f0cd616d000-7f0cd6171000 r-xp 00000000 08:08 2628974                    /home/hijj/software/javaAndroid/jdk/jdk8/jre/lib/amd64/libdt_socket.so
7f0cd6171000-7f0cd6370000 ---p 00004000 08:08 2628974                    /home/hijj/software/javaAndroid/jdk/jdk8/jre/lib/amd64/libdt_socket.so
7f0cd6370000-7f0cd6371000 rw-p 00003000 08:08 2628974                    /home/hijj/software/javaAndroid/jdk/jdk8/jre/lib/amd64/libdt_socket.so
7f0cd6371000-7f0cd6374000 ---p 00000000 00:00 0 
7f0cd6374000-7f0cd6472000 rw-p 00000000 00:00 0                          [stack:4188]
7f0cd6472000-7f0cd6475000 ---p 00000000 00:00 0 
7f0cd6475000-7f0cd6573000 rw-p 00000000 00:00 0                          [stack:4187]
7f0cd6573000-7f0cd6576000 ---p 00000000 00:00 0 
7f0cd6576000-7f0cd6674000 rw-p 00000000 00:00 0                          [stack:4186]
7f0cd6674000-7f0cd6675000 ---p 00000000 00:00 0 
7f0cd6675000-7f0cd9000000 rw-p 00000000 00:00 0                          [stack:4185]
7f0cd9000000-7f0cd9270000 rwxp 00000000 00:00 0 
7f0cd9270000-7f0ce8000000 ---p 00000000 00:00 0 
7f0ce8000000-7f0ce8168000 rw-p 00000000 00:00 0 
7f0ce8168000-7f0cec000000 ---p 00000000 00:00 0 
7f0cec041000-7f0cec054000 r--s 00344000 08:08 2628842                    /home/hijj/software/javaAndroid/jdk/jdk8/jre/lib/resources.jar
7f0cec054000-7f0cec070000 r--s 00393000 08:08 2628860                    /home/hijj/software/javaAndroid/jdk/jdk8/jre/lib/ext/cldrdata.jar
7f0cec070000-7f0cec526000 rw-p 00000000 00:00 0 
7f0cec526000-7f0cec6fc000 r--s 03ca8000 08:08 2628807                    /home/hijj/software/javaAndroid/jdk/jdk8/jre/lib/rt.jar
7f0cec6fc000-7f0cecbb2000 rw-p 00000000 00:00 0 
7f0cecbb2000-7f0cecf72000 ---p 00000000 00:00 0 
7f0cecf72000-7f0ced14a000 rw-p 00000000 00:00 0 
7f0ced14a000-7f0ced14b000 ---p 00000000 00:00 0 
7f0ced14b000-7f0ced24b000 rw-p 00000000 00:00 0                          [stack:4184]
7f0ced24b000-7f0ced24c000 ---p 00000000 00:00 0 
7f0ced24c000-7f0ced34c000 rw-p 00000000 00:00 0                          [stack:4183]
7f0ced34c000-7f0ced34d000 ---p 00000000 00:00 0 
7f0ced34d000-7f0ced44d000 rw-p 00000000 00:00 0                          [stack:4182]
7f0ced44d000-7f0ced44e000 ---p 00000000 00:00 0 
7f0ced44e000-7f0ced562000 rw-p 00000000 00:00 0                          [stack:4181]
7f0ced562000-7f0ced689000 ---p 00000000 00:00 0 
7f0ced689000-7f0ced69d000 rw-p 00000000 00:00 0 
7f0ced69d000-7f0ced7c3000 ---p 00000000 00:00 0 
7f0ced7c3000-7f0ced7ce000 rw-p 00000000 00:00 0 
7f0ced7ce000-7f0ced861000 ---p 00000000 00:00 0 
7f0ced861000-7f0ced86c000 rw-p 00000000 00:00 0 
7f0ced86c000-7f0cedc22000 ---p 00000000 00:00 0 
7f0cedc22000-7f0cedc3c000 r-xp 00000000 08:08 2629001                    /home/hijj/software/javaAndroid/jdk/jdk8/jre/lib/amd64/libzip.so
7f0cedc3c000-7f0cede3c000 ---p 0001a000 08:08 2629001                    /home/hijj/software/javaAndroid/jdk/jdk8/jre/lib/amd64/libzip.so
7f0cede3c000-7f0cede3d000 rw-p 0001a000 08:08 2629001                    /home/hijj/software/javaAndroid/jdk/jdk8/jre/lib/amd64/libzip.so
7f0cede3d000-7f0cede49000 r-xp 00000000 08:08 5771539                    /lib/x86_64-linux-gnu/libnss_files-2.21.so
7f0cede49000-7f0cee048000 ---p 0000c000 08:08 5771539                    /lib/x86_64-linux-gnu/libnss_files-2.21.so
7f0cee048000-7f0cee049000 r--p 0000b000 08:08 5771539                    /lib/x86_64-linux-gnu/libnss_files-2.21.so
7f0cee049000-7f0cee04a000 rw-p 0000c000 08:08 5771539                    /lib/x86_64-linux-gnu/libnss_files-2.21.so
7f0cee04a000-7f0cee055000 r-xp 00000000 08:08 5771549                    /lib/x86_64-linux-gnu/libnss_nis-2.21.so
7f0cee055000-7f0cee254000 ---p 0000b000 08:08 5771549                    /lib/x86_64-linux-gnu/libnss_nis-2.21.so
7f0cee254000-7f0cee255000 r--p 0000a000 08:08 5771549                    /lib/x86_64-linux-gnu/libnss_nis-2.21.so
7f0cee255000-7f0cee256000 rw-p 0000b000 08:08 5771549                    /lib/x86_64-linux-gnu/libnss_nis-2.21.so
7f0cee256000-7f0cee26d000 r-xp 00000000 08:08 5771533                    /lib/x86_64-linux-gnu/libnsl-2.21.so
7f0cee26d000-7f0cee46c000 ---p 00017000 08:08 5771533                    /lib/x86_64-linux-gnu/libnsl-2.21.so
7f0cee46c000-7f0cee46d000 r--p 00016000 08:08 5771533                    /lib/x86_64-linux-gnu/libnsl-2.21.so
7f0cee46d000-7f0cee46e000 rw-p 00017000 08:08 5771533                    /lib/x86_64-linux-gnu/libnsl-2.21.so
7f0cee46e000-7f0cee470000 rw-p 00000000 00:00 0 
7f0cee470000-7f0cee478000 r-xp 00000000 08:08 5771535                    /lib/x86_64-linux-gnu/libnss_compat-2.21.so
7f0cee478000-7f0cee677000 ---p 00008000 08:08 5771535                    /lib/x86_64-linux-gnu/libnss_compat-2.21.so
7f0cee677000-7f0cee678000 r--p 00007000 08:08 5771535                    /lib/x86_64-linux-gnu/libnss_compat-2.21.so
7f0cee678000-7f0cee679000 rw-p 00008000 08:08 5771535                    /lib/x86_64-linux-gnu/libnss_compat-2.21.so
7f0cee679000-7f0ceed5b000 r--p 00000000 08:08 4070784                    /usr/lib/locale/locale-archive
7f0ceed5b000-7f0ceed5d000 r-xp 00000000 08:08 2628975                    /home/hijj/software/javaAndroid/jdk/jdk8/jre/lib/amd64/libnpt.so
7f0ceed5d000-7f0ceef5d000 ---p 00002000 08:08 2628975                    /home/hijj/software/javaAndroid/jdk/jdk8/jre/lib/amd64/libnpt.so
7f0ceef5d000-7f0ceef5e000 rw-p 00002000 08:08 2628975                    /home/hijj/software/javaAndroid/jdk/jdk8/jre/lib/amd64/libnpt.so
7f0ceef5e000-7f0ceef97000 r-xp 00000000 08:08 2628992                    /home/hijj/software/javaAndroid/jdk/jdk8/jre/lib/amd64/libjdwp.so
7f0ceef97000-7f0cef196000 ---p 00039000 08:08 2628992                    /home/hijj/software/javaAndroid/jdk/jdk8/jre/lib/amd64/libjdwp.so
7f0cef196000-7f0cef198000 rw-p 00038000 08:08 2628992                    /home/hijj/software/javaAndroid/jdk/jdk8/jre/lib/amd64/libjdwp.so
7f0cef198000-7f0cef1c2000 r-xp 00000000 08:08 2628996                    /home/hijj/software/javaAndroid/jdk/jdk8/jre/lib/amd64/libjava.so
7f0cef1c2000-7f0cef3c2000 ---p 0002a000 08:08 2628996                    /home/hijj/software/javaAndroid/jdk/jdk8/jre/lib/amd64/libjava.so
7f0cef3c2000-7f0cef3c4000 rw-p 0002a000 08:08 2628996                    /home/hijj/software/javaAndroid/jdk/jdk8/jre/lib/amd64/libjava.so
7f0cef3c4000-7f0cef3d1000 r-xp 00000000 08:08 2629000                    /home/hijj/software/javaAndroid/jdk/jdk8/jre/lib/amd64/libverify.so
7f0cef3d1000-7f0cef5d1000 ---p 0000d000 08:08 2629000                    /home/hijj/software/javaAndroid/jdk/jdk8/jre/lib/amd64/libverify.so
7f0cef5d1000-7f0cef5d3000 rw-p 0000d000 08:08 2629000                    /home/hijj/software/javaAndroid/jdk/jdk8/jre/lib/amd64/libverify.so
7f0cef5d3000-7f0cef5da000 r-xp 00000000 08:08 5771594                    /lib/x86_64-linux-gnu/librt-2.21.so
7f0cef5da000-7f0cef7d9000 ---p 00007000 08:08 5771594                    /lib/x86_64-linux-gnu/librt-2.21.so
7f0cef7d9000-7f0cef7da000 r--p 00006000 08:08 5771594                    /lib/x86_64-linux-gnu/librt-2.21.so
7f0cef7da000-7f0cef7db000 rw-p 00007000 08:08 5771594                    /lib/x86_64-linux-gnu/librt-2.21.so
7f0cef7db000-7f0cef8e2000 r-xp 00000000 08:08 5771512                    /lib/x86_64-linux-gnu/libm-2.21.so
7f0cef8e2000-7f0cefae1000 ---p 00107000 08:08 5771512                    /lib/x86_64-linux-gnu/libm-2.21.so
7f0cefae1000-7f0cefae2000 r--p 00106000 08:08 5771512                    /lib/x86_64-linux-gnu/libm-2.21.so
7f0cefae2000-7f0cefae3000 rw-p 00107000 08:08 5771512                    /lib/x86_64-linux-gnu/libm-2.21.so
7f0cefae3000-7f0cf074d000 r-xp 00000000 08:08 2628982                    /home/hijj/software/javaAndroid/jdk/jdk8/jre/lib/amd64/server/libjvm.so
7f0cf074d000-7f0cf094c000 ---p 00c6a000 08:08 2628982                    /home/hijj/software/javaAndroid/jdk/jdk8/jre/lib/amd64/server/libjvm.so
7f0cf094c000-7f0cf0a23000 rw-p 00c69000 08:08 2628982                    /home/hijj/software/javaAndroid/jdk/jdk8/jre/lib/amd64/server/libjvm.so
7f0cf0a23000-7f0cf0a65000 rw-p 00000000 00:00 0 
7f0cf0a65000-7f0cf0c25000 r-xp 00000000 08:08 5771453                    /lib/x86_64-linux-gnu/libc-2.21.so
7f0cf0c25000-7f0cf0e25000 ---p 001c0000 08:08 5771453                    /lib/x86_64-linux-gnu/libc-2.21.so
7f0cf0e25000-7f0cf0e29000 r--p 001c0000 08:08 5771453                    /lib/x86_64-linux-gnu/libc-2.21.so
7f0cf0e29000-7f0cf0e2b000 rw-p 001c4000 08:08 5771453                    /lib/x86_64-linux-gnu/libc-2.21.so
7f0cf0e2b000-7f0cf0e2f000 rw-p 00000000 00:00 0 
7f0cf0e2f000-7f0cf0e32000 r-xp 00000000 08:08 5771470                    /lib/x86_64-linux-gnu/libdl-2.21.so
7f0cf0e32000-7f0cf1031000 ---p 00003000 08:08 5771470                    /lib/x86_64-linux-gnu/libdl-2.21.so
7f0cf1031000-7f0cf1032000 r--p 00002000 08:08 5771470                    /lib/x86_64-linux-gnu/libdl-2.21.so
7f0cf1032000-7f0cf1033000 rw-p 00003000 08:08 5771470                    /lib/x86_64-linux-gnu/libdl-2.21.so
7f0cf1033000-7f0cf1048000 r-xp 00000000 08:08 2628623                    /home/hijj/software/javaAndroid/jdk/jdk8/lib/amd64/jli/libjli.so
7f0cf1048000-7f0cf1247000 ---p 00015000 08:08 2628623                    /home/hijj/software/javaAndroid/jdk/jdk8/lib/amd64/jli/libjli.so
7f0cf1247000-7f0cf1248000 rw-p 00014000 08:08 2628623                    /home/hijj/software/javaAndroid/jdk/jdk8/lib/amd64/jli/libjli.so
7f0cf1248000-7f0cf1260000 r-xp 00000000 08:08 5771586                    /lib/x86_64-linux-gnu/libpthread-2.21.so
7f0cf1260000-7f0cf1460000 ---p 00018000 08:08 5771586                    /lib/x86_64-linux-gnu/libpthread-2.21.so
7f0cf1460000-7f0cf1461000 r--p 00018000 08:08 5771586                    /lib/x86_64-linux-gnu/libpthread-2.21.so
7f0cf1461000-7f0cf1462000 rw-p 00019000 08:08 5771586                    /lib/x86_64-linux-gnu/libpthread-2.21.so
7f0cf1462000-7f0cf1466000 rw-p 00000000 00:00 0 
7f0cf1466000-7f0cf148a000 r-xp 00000000 08:08 5771425                    /lib/x86_64-linux-gnu/ld-2.21.so
7f0cf1490000-7f0cf1568000 rw-p 00000000 00:00 0 
7f0cf1568000-7f0cf156b000 ---p 00000000 00:00 0 
7f0cf156b000-7f0cf166d000 rw-p 00000000 00:00 0                          [stack:4179]
7f0cf1670000-7f0cf1673000 rw-p 00000000 00:00 0 
7f0cf1673000-7f0cf167d000 r--s 00116000 08:08 2628866                    /home/hijj/software/javaAndroid/jdk/jdk8/jre/lib/ext/localedata.jar
7f0cf167d000-7f0cf1685000 rw-s 00000000 08:08 5265887                    /tmp/hsperfdata_hijj/4173
7f0cf1685000-7f0cf1686000 rw-p 00000000 00:00 0 
7f0cf1686000-7f0cf1687000 r--p 00000000 00:00 0 
7f0cf1687000-7f0cf1689000 rw-p 00000000 00:00 0 
7f0cf1689000-7f0cf168a000 r--p 00023000 08:08 5771425                    /lib/x86_64-linux-gnu/ld-2.21.so
7f0cf168a000-7f0cf168b000 rw-p 00024000 08:08 5771425                    /lib/x86_64-linux-gnu/ld-2.21.so
7f0cf168b000-7f0cf168c000 rw-p 00000000 00:00 0 
7ffdd9c7f000-7ffdd9ca0000 rw-p 00000000 00:00 0                          [stack]
7ffdd9dde000-7ffdd9de0000 r--p 00000000 00:00 0                          [vvar]
7ffdd9de0000-7ffdd9de2000 r-xp 00000000 00:00 0                          [vdso]
ffffffffff600000-ffffffffff601000 r-xp 00000000 00:00 0                  [vsyscall]

VM Arguments:
jvm_args: -agentlib:jdwp=transport=dt_socket,suspend=y,address=localhost:36131 -Dfile.encoding=UTF-8 
java_command: learning.rzh1.rzh1
java_class_path (initial): /media/hijj/娱乐/github/repositories/ACM/Java/bin
Launcher Type: SUN_STANDARD

Environment Variables:
JAVA_HOME=/home/hijj/software/javaAndroid/jdk/jdk8
JRE_HOME=/home/hijj/software/javaAndroid/jdk/jdk8/jre
CLASSPATH=.:/home/hijj/software/javaAndroid/jdk/jdk8/lib:/home/hijj/software/javaAndroid/jdk/jdk8/jre/lib:.:$JAVA_HOME/lib:$JAVA_HOME/jre/lib
PATH=/home/hijj/software/javaAndroid/jdk/jdk8/bin:/home/hijj/software/javaAndroid/jdk/jdk8/jre/bin:/usr/local/sbin:/usr/local/bin:/usr/sbin:/usr/bin:/sbin:/bin:/usr/games:/usr/local/games:$JAVA_HOME/bin
SHELL=/bin/bash
DISPLAY=:0

Signal Handlers:
SIGSEGV: [libjvm.so+0xa77530], sa_mask[0]=11111111011111111101111111111110, sa_flags=SA_RESTART|SA_SIGINFO
SIGBUS: [libjvm.so+0xa77530], sa_mask[0]=11111111011111111101111111111110, sa_flags=SA_RESTART|SA_SIGINFO
SIGFPE: [libjvm.so+0x8e1d90], sa_mask[0]=11111111011111111101111111111110, sa_flags=SA_RESTART|SA_SIGINFO
SIGPIPE: [libjvm.so+0x8e1d90], sa_mask[0]=11111111011111111101111111111110, sa_flags=SA_RESTART|SA_SIGINFO
SIGXFSZ: [libjvm.so+0x8e1d90], sa_mask[0]=11111111011111111101111111111110, sa_flags=SA_RESTART|SA_SIGINFO
SIGILL: [libjvm.so+0x8e1d90], sa_mask[0]=11111111011111111101111111111110, sa_flags=SA_RESTART|SA_SIGINFO
SIGUSR1: SIG_DFL, sa_mask[0]=00000000000000000000000000000000, sa_flags=none
SIGUSR2: [libjvm.so+0x8e35c0], sa_mask[0]=00100000000000000000000000000000, sa_flags=SA_RESTART|SA_SIGINFO
SIGHUP: [libjvm.so+0x8e4980], sa_mask[0]=11111111011111111101111111111110, sa_flags=SA_RESTART|SA_SIGINFO
SIGINT: [libjvm.so+0x8e4980], sa_mask[0]=11111111011111111101111111111110, sa_flags=SA_RESTART|SA_SIGINFO
SIGTERM: [libjvm.so+0x8e4980], sa_mask[0]=11111111011111111101111111111110, sa_flags=SA_RESTART|SA_SIGINFO
SIGQUIT: [libjvm.so+0x8e4980], sa_mask[0]=11111111011111111101111111111110, sa_flags=SA_RESTART|SA_SIGINFO


---------------  S Y S T E M  ---------------

OS:DISTRIB_ID=Ubuntu
DISTRIB_RELEASE=15.04
DISTRIB_CODENAME=vivid
DISTRIB_DESCRIPTION="Ubuntu 15.04"

uname:Linux 3.19.0-32-generic #37-Ubuntu SMP Wed Oct 21 10:23:06 UTC 2015 x86_64
libc:glibc 2.21 NPTL 2.21 
rlimit: STACK 8192k, CORE 0k, NPROC 15002, NOFILE 65536, AS infinity
load average:1.65 0.49 0.35

/proc/meminfo:
MemTotal:        3863036 kB
MemFree:          669960 kB
MemAvailable:    1310876 kB
Buffers:          113092 kB
Cached:          1038244 kB
SwapCached:            0 kB
Active:          2159544 kB
Inactive:         817380 kB
Active(anon):    1829076 kB
Inactive(anon):   365696 kB
Active(file):     330468 kB
Inactive(file):   451684 kB
Unevictable:          48 kB
Mlocked:              48 kB
SwapTotal:       4005884 kB
SwapFree:        4005884 kB
Dirty:              1004 kB
Writeback:             0 kB
AnonPages:       1825680 kB
Mapped:           338324 kB
Shmem:            369164 kB
Slab:              95820 kB
SReclaimable:      55416 kB
SUnreclaim:        40404 kB
KernelStack:       21104 kB
PageTables:        41268 kB
NFS_Unstable:          0 kB
Bounce:                0 kB
WritebackTmp:          0 kB
CommitLimit:     5937400 kB
Committed_AS:    9893824 kB
VmallocTotal:   34359738367 kB
VmallocUsed:      378056 kB
VmallocChunk:   34359349592 kB
HardwareCorrupted:     0 kB
AnonHugePages:    870400 kB
CmaTotal:              0 kB
CmaFree:               0 kB
HugePages_Total:       0
HugePages_Free:        0
HugePages_Rsvd:        0
HugePages_Surp:        0
Hugepagesize:       2048 kB
DirectMap4k:      142076 kB
DirectMap2M:     3866624 kB


CPU:total 4 (2 cores per cpu, 2 threads per core) family 6 model 58 stepping 9, cmov, cx8, fxsr, mmx, sse, sse2, sse3, ssse3, sse4.1, sse4.2, popcnt, avx, aes, clmul, erms, ht, tsc, tscinvbit, tscinv

/proc/cpuinfo:
processor	: 0
vendor_id	: GenuineIntel
cpu family	: 6
model		: 58
model name	: Intel(R) Core(TM) i5-3230M CPU @ 2.60GHz
stepping	: 9
microcode	: 0x17
cpu MHz		: 2999.953
cache size	: 3072 KB
physical id	: 0
siblings	: 4
core id		: 0
cpu cores	: 2
apicid		: 0
initial apicid	: 0
fpu		: yes
fpu_exception	: yes
cpuid level	: 13
wp		: yes
flags		: fpu vme de pse tsc msr pae mce cx8 apic sep mtrr pge mca cmov pat pse36 clflush dts acpi mmx fxsr sse sse2 ss ht tm pbe syscall nx rdtscp lm constant_tsc arch_perfmon pebs bts rep_good nopl xtopology nonstop_tsc aperfmperf eagerfpu pni pclmulqdq dtes64 monitor ds_cpl vmx est tm2 ssse3 cx16 xtpr pdcm pcid sse4_1 sse4_2 x2apic popcnt tsc_deadline_timer aes xsave avx f16c rdrand lahf_lm ida arat epb pln pts dtherm tpr_shadow vnmi flexpriority ept vpid fsgsbase smep erms xsaveopt
bugs		:
bogomips	: 5188.01
clflush size	: 64
cache_alignment	: 64
address sizes	: 36 bits physical, 48 bits virtual
power management:

processor	: 1
vendor_id	: GenuineIntel
cpu family	: 6
model		: 58
model name	: Intel(R) Core(TM) i5-3230M CPU @ 2.60GHz
stepping	: 9
microcode	: 0x17
cpu MHz		: 2999.953
cache size	: 3072 KB
physical id	: 0
siblings	: 4
core id		: 0
cpu cores	: 2
apicid		: 1
initial apicid	: 1
fpu		: yes
fpu_exception	: yes
cpuid level	: 13
wp		: yes
flags		: fpu vme de pse tsc msr pae mce cx8 apic sep mtrr pge mca cmov pat pse36 clflush dts acpi mmx fxsr sse sse2 ss ht tm pbe syscall nx rdtscp lm constant_tsc arch_perfmon pebs bts rep_good nopl xtopology nonstop_tsc aperfmperf eagerfpu pni pclmulqdq dtes64 monitor ds_cpl vmx est tm2 ssse3 cx16 xtpr pdcm pcid sse4_1 sse4_2 x2apic popcnt tsc_deadline_timer aes xsave avx f16c rdrand lahf_lm ida arat epb pln pts dtherm tpr_shadow vnmi flexpriority ept vpid fsgsbase smep erms xsaveopt
bugs		:
bogomips	: 5188.01
clflush size	: 64
cache_alignment	: 64
address sizes	: 36 bits physical, 48 bits virtual
power management:

processor	: 2
vendor_id	: GenuineIntel
cpu family	: 6
model		: 58
model name	: Intel(R) Core(TM) i5-3230M CPU @ 2.60GHz
stepping	: 9
microcode	: 0x17
cpu MHz		: 2999.953
cache size	: 3072 KB
physical id	: 0
siblings	: 4
core id		: 1
cpu cores	: 2
apicid		: 2
initial apicid	: 2
fpu		: yes
fpu_exception	: yes
cpuid level	: 13
wp		: yes
flags		: fpu vme de pse tsc msr pae mce cx8 apic sep mtrr pge mca cmov pat pse36 clflush dts acpi mmx fxsr sse sse2 ss ht tm pbe syscall nx rdtscp lm constant_tsc arch_perfmon pebs bts rep_good nopl xtopology nonstop_tsc aperfmperf eagerfpu pni pclmulqdq dtes64 monitor ds_cpl vmx est tm2 ssse3 cx16 xtpr pdcm pcid sse4_1 sse4_2 x2apic popcnt tsc_deadline_timer aes xsave avx f16c rdrand lahf_lm ida arat epb pln pts dtherm tpr_shadow vnmi flexpriority ept vpid fsgsbase smep erms xsaveopt
bugs		:
bogomips	: 5188.01
clflush size	: 64
cache_alignment	: 64
address sizes	: 36 bits physical, 48 bits virtual
power management:

processor	: 3
vendor_id	: GenuineIntel
cpu family	: 6
model		: 58
model name	: Intel(R) Core(TM) i5-3230M CPU @ 2.60GHz
stepping	: 9
microcode	: 0x17
cpu MHz		: 2999.953
cache size	: 3072 KB
physical id	: 0
siblings	: 4
core id		: 1
cpu cores	: 2
apicid		: 3
initial apicid	: 3
fpu		: yes
fpu_exception	: yes
cpuid level	: 13
wp		: yes
flags		: fpu vme de pse tsc msr pae mce cx8 apic sep mtrr pge mca cmov pat pse36 clflush dts acpi mmx fxsr sse sse2 ss ht tm pbe syscall nx rdtscp lm constant_tsc arch_perfmon pebs bts rep_good nopl xtopology nonstop_tsc aperfmperf eagerfpu pni pclmulqdq dtes64 monitor ds_cpl vmx est tm2 ssse3 cx16 xtpr pdcm pcid sse4_1 sse4_2 x2apic popcnt tsc_deadline_timer aes xsave avx f16c rdrand lahf_lm ida arat epb pln pts dtherm tpr_shadow vnmi flexpriority ept vpid fsgsbase smep erms xsaveopt
bugs		:
bogomips	: 5188.01
clflush size	: 64
cache_alignment	: 64
address sizes	: 36 bits physical, 48 bits virtual
power management:



Memory: 4k page, physical 3863036k(665732k free), swap 4005884k(4005884k free)

vm_info: Java HotSpot(TM) 64-Bit Server VM (25.20-b23) for linux-amd64 JRE (1.8.0_20-b26), built on Jul 30 2014 13:13:52 by "java_re" with gcc 4.3.0 20080428 (Red Hat 4.3.0-8)

time: Mon Nov  9 17:44:37 2015
elapsed time: 423 seconds (0d 0h 7m 3s)

