#
# A fatal error has been detected by the Java Runtime Environment:
#
#  SIGSEGV (0xb) at pc=0x00007ffba0000078, pid=8784, tid=140719238489856
#
# JRE version: Java(TM) SE Runtime Environment (8.0_20-b26) (build 1.8.0_20-b26)
# Java VM: Java HotSpot(TM) 64-Bit Server VM (25.20-b23 mixed mode linux-amd64 compressed oops)
# Problematic frame:
# C  0x00007ffba0000078
#
# Failed to write core dump. Core dumps have been disabled. To enable core dumping, try "ulimit -c unlimited" before starting Java again
#
# If you would like to submit a bug report, please visit:
#   http://bugreport.sun.com/bugreport/crash.jsp
#

---------------  T H R E A D  ---------------

Current thread (0x00007ffbd80ba800):  JavaThread "JDWP Transport Listener: dt_socket" daemon [_thread_in_vm, id=8809, stack(0x00007ffbc0292000,0x00007ffbc0393000)]

siginfo: si_signo: 11 (SIGSEGV), si_code: 2 (SEGV_ACCERR), si_addr: 0x00007ffba0000078

Registers:
RAX=0x00007ffba0000078, RBX=0x00007ffba0000088, RCX=0x00007ffbdf699340, RDX=0x00007ffbdec72fe0
RSP=0x00007ffbc0391a48, RBP=0x00007ffbc0391a60, RSI=0x00007ffbd80ba800, RDI=0x00007ffba0000088
R8 =0x00007ffba000d620, R9 =0x0000000000000000, R10=0x0000000000000020, R11=0x00007ffbdee34230
R12=0x0000000000000017, R13=0x00007ffba0000098, R14=0x00007ffbd80ba800, R15=0x00007ffbc0391b67
RIP=0x00007ffba0000078, EFLAGS=0x0000000000010202, CSGSFS=0x0000000000000033, ERR=0x0000000000000015
  TRAPNO=0x000000000000000e

Top of Stack: (sp=0x00007ffbc0391a48)
0x00007ffbc0391a48:   00007ffbde58e1a7 0000000000000074
0x00007ffbc0391a58:   00007ffbd80036a0 00007ffbc0391ad0
0x00007ffbc0391a68:   00007ffbde42378e 00007ffba000d620
0x00007ffbc0391a78:   00007ffbc0391a80 00007ffbd80ba800
0x00007ffbc0391a88:   0000000000000000 00007ffb00000000
0x00007ffbc0391a98:   0000000000000000 00007ffbc0391ac0
0x00007ffbc0391aa8:   00007ffbdd3cfd60 00007ffba0000098
0x00007ffbc0391ab8:   00007ffbc0391b67 0000000000000007
0x00007ffbc0391ac8:   00007ffbc0391b67 00007ffbc0391b00
0x00007ffbc0391ad8:   00007ffbdd1bb872 00007ffbc0391b00
0x00007ffbc0391ae8:   00007ffba0000098 00007ffbc0391bd0
0x00007ffbc0391af8:   0000000000000038 00007ffbc0391b90
0x00007ffbc0391b08:   00007ffbdd19ca60 00007ffbc0391b48
0x00007ffbc0391b18:   00007ffbc0391b40 00007ffbc0391b38
0x00007ffbc0391b28:   00007ffbc0391b5c 00000001a0002ed0
0x00007ffbc0391b38:   0000000000000000 0000000000000000
0x00007ffbc0391b48:   0000000000000000 00007ffba0008110
0x00007ffbc0391b58:   0000000ac0391bd0 0000000000000008
0x00007ffbc0391b68:   0000000000000002 000000000000000f
0x00007ffbc0391b78:   0000000000000002 00000000000f0200
0x00007ffbc0391b88:   000000000000000f 00007ffbc0391de0
0x00007ffbc0391b98:   00007ffbdd1a7976 0001d77600000013
0x00007ffbc0391ba8:   00007ffbde0f0200 00007ffb98000fb0
0x00007ffbc0391bb8:   0000000000000000 00007ffbc0391bd0
0x00007ffbc0391bc8:   00007ffbc0391d60 00007ffba000dc01
0x00007ffbc0391bd8:   00007ffb00000237 00007ffba000d640
0x00007ffbc0391be8:   000000000000012c 00007ffbc0391c20
0x00007ffbc0391bf8:   00007ffba000d640 00007f0000000000
0x00007ffbc0391c08:   0001d7760000001c 00007ffb00001d80
0x00007ffbc0391c18:   00007ffbc0391c20 fb7f000008000000
0x00007ffbc0391c28:   06000000985e00a0 00003e74696e693c
0x00007ffbc0391c38:   0000005629280300 7f00000100000000 

Instructions: (pc=0x00007ffba0000078)
0x00007ffba0000058:   00 00 00 00 00 00 00 00 00 00 00 00 00 00 00 00
0x00007ffba0000068:   00 00 00 00 00 00 00 00 00 00 00 00 00 00 00 00
0x00007ffba0000078:   30 de 00 a0 fb 7f 00 00 40 cc 00 a0 fb 7f 00 00
0x00007ffba0000088:   78 00 00 a0 fb 7f 00 00 78 00 00 a0 fb 7f 00 00 

Register to memory mapping:

RAX=0x00007ffba0000078 is an unknown value
RBX=0x00007ffba0000088 is an unknown value
RCX=0x00007ffbdf699340: <offset 0x219340> in /lib/x86_64-linux-gnu/libpthread.so.0 at 0x00007ffbdf480000
RDX=0x00007ffbdec72fe0: <offset 0xf57fe0> in /home/hijj/software/javaAndroid/jdk/jdk8/jre/lib/amd64/server/libjvm.so at 0x00007ffbddd1b000
RSP=0x00007ffbc0391a48 is pointing into the stack for thread: 0x00007ffbd80ba800
RBP=0x00007ffbc0391a60 is pointing into the stack for thread: 0x00007ffbd80ba800
RSI=0x00007ffbd80ba800 is a thread
RDI=0x00007ffba0000088 is an unknown value
R8 =0x00007ffba000d620 is an unknown value
R9 =0x0000000000000000 is an unknown value
R10=0x0000000000000020 is an unknown value
R11=0x00007ffbdee34230: <offset 0x197230> in /lib/x86_64-linux-gnu/libc.so.6 at 0x00007ffbdec9d000
R12=0x0000000000000017 is an unknown value
R13=0x00007ffba0000098 is an unknown value
R14=0x00007ffbd80ba800 is a thread
R15=0x00007ffbc0391b67 is pointing into the stack for thread: 0x00007ffbd80ba800


Stack: [0x00007ffbc0292000,0x00007ffbc0393000],  sp=0x00007ffbc0391a48,  free space=1022k
Native frames: (J=compiled Java code, j=interpreted, Vv=VM code, C=native code)
C  0x00007ffba0000078
V  [libjvm.so+0x70878e]  jvmti_IsMethodSynthetic+0x29e
C  [libjdwp.so+0x25872]  isMethodSynthetic+0x42
C  [libjdwp.so+0x6a60]  methods1+0x1b0
C  [libjdwp.so+0x11976]  debugLoop_run+0x2b6
C  [libjdwp.so+0x247af]  attachThread+0x2f
V  [libjvm.so+0x7744f2]  JvmtiAgentThread::call_start_function()+0xc2
V  [libjvm.so+0xa2990f]  JavaThread::thread_main_inner()+0xdf
V  [libjvm.so+0xa29a3c]  JavaThread::run()+0x11c
V  [libjvm.so+0x8e75f8]  java_start(Thread*)+0x108
C  [libpthread.so.0+0x76aa]  start_thread+0xca


---------------  P R O C E S S  ---------------

Java Threads: ( => current thread )
  0x00007ffbd80ca800 JavaThread "Service Thread" daemon [_thread_blocked, id=8857, stack(0x00007ffbb3bfc000,0x00007ffbb3cfd000)]
  0x00007ffbd80c5000 JavaThread "C1 CompilerThread2" daemon [_thread_blocked, id=8856, stack(0x00007ffbb3cfd000,0x00007ffbb3dfe000)]
  0x00007ffbd80c3800 JavaThread "C2 CompilerThread1" daemon [_thread_blocked, id=8855, stack(0x00007ffbb3dfe000,0x00007ffbb3eff000)]
  0x00007ffbd80c0800 JavaThread "C2 CompilerThread0" daemon [_thread_blocked, id=8854, stack(0x00007ffbb3eff000,0x00007ffbb4000000)]
  0x00007ffba0001000 JavaThread "JDWP Command Reader" daemon [_thread_in_native, id=8811, stack(0x00007ffbc0090000,0x00007ffbc0191000)]
  0x00007ffbd80be000 JavaThread "JDWP Event Helper Thread" daemon [_thread_blocked, id=8810, stack(0x00007ffbc0191000,0x00007ffbc0292000)]
=>0x00007ffbd80ba800 JavaThread "JDWP Transport Listener: dt_socket" daemon [_thread_in_vm, id=8809, stack(0x00007ffbc0292000,0x00007ffbc0393000)]
  0x00007ffbd80ad000 JavaThread "Signal Dispatcher" daemon [_thread_blocked, id=8805, stack(0x00007ffbc0597000,0x00007ffbc0698000)]
  0x00007ffbd807f000 JavaThread "Finalizer" daemon [_thread_blocked, id=8798, stack(0x00007ffbc0698000,0x00007ffbc0799000)]
  0x00007ffbd807d000 JavaThread "Reference Handler" daemon [_thread_blocked, id=8797, stack(0x00007ffbc0799000,0x00007ffbc089a000)]
  0x00007ffbd800c000 JavaThread "main" [_thread_blocked, id=8786, stack(0x00007ffbdf7a0000,0x00007ffbdf8a1000)]

Other Threads:
  0x00007ffbd8075800 VMThread [stack: 0x00007ffbc089a000,0x00007ffbc099b000] [id=8796]
  0x00007ffbd80cd000 WatcherThread [stack: 0x00007ffbb3afb000,0x00007ffbb3bfc000] [id=8858]

VM state:not at safepoint (normal execution)

VM Mutex/Monitor currently owned by a thread: None

Heap:
 PSYoungGen      total 17920K, used 1844K [0x00000000ec580000, 0x00000000ed980000, 0x0000000100000000)
  eden space 15360K, 12% used [0x00000000ec580000,0x00000000ec74d128,0x00000000ed480000)
  from space 2560K, 0% used [0x00000000ed700000,0x00000000ed700000,0x00000000ed980000)
  to   space 2560K, 0% used [0x00000000ed480000,0x00000000ed480000,0x00000000ed700000)
 ParOldGen       total 40960K, used 0K [0x00000000c5000000, 0x00000000c7800000, 0x00000000ec580000)
  object space 40960K, 0% used [0x00000000c5000000,0x00000000c5000000,0x00000000c7800000)
 Metaspace       used 4165K, capacity 5226K, committed 5376K, reserved 1056768K
  class space    used 423K, capacity 466K, committed 512K, reserved 1048576K

Card table byte_map: [0x00007ffbc884c000,0x00007ffbc8a25000] byte_map_base: 0x00007ffbc8224000

Marking Bits: (ParMarkBitMap*) 0x00007ffbdec72ac0
 Begin Bits: [0x00007ffbc2280000, 0x00007ffbc3140000)
 End Bits:   [0x00007ffbc3140000, 0x00007ffbc4000000)

Polling page: 0x00007ffbdf8be000

CodeCache: size=245760Kb used=1211Kb max_used=1211Kb free=244549Kb
 bounds [0x00007ffbc8de5000, 0x00007ffbc9055000, 0x00007ffbd7de5000]
 total_blobs=317 nmethods=80 adapters=160
 compilation: enabled

Compilation events (10 events):
Event: 0.560 Thread 0x00007ffbd80c5000   76       3       java.lang.Character::isBmpCodePoint (13 bytes)
Event: 0.561 Thread 0x00007ffbd80c5000 nmethod 76 0x00007ffbc8f12a50 code [0x00007ffbc8f12bc0, 0x00007ffbc8f12d50]
Event: 0.561 Thread 0x00007ffbd80c5000   77       3       java.util.regex.Pattern::next (33 bytes)
Event: 0.561 Thread 0x00007ffbd80c5000 nmethod 77 0x00007ffbc8f12dd0 code [0x00007ffbc8f12f60, 0x00007ffbc8f13228]
Event: 0.561 Thread 0x00007ffbd80c5000   78       1       java.util.regex.Pattern::flags (5 bytes)
Event: 0.561 Thread 0x00007ffbd80c5000 nmethod 78 0x00007ffbc8f13350 code [0x00007ffbc8f134a0, 0x00007ffbc8f135b0]
Event: 184.994 Thread 0x00007ffbd80c5000   79       1       java.nio.Buffer::position (5 bytes)
Event: 184.994 Thread 0x00007ffbd80c5000 nmethod 79 0x00007ffbc8f13610 code [0x00007ffbc8f13760, 0x00007ffbc8f13870]
Event: 184.994 Thread 0x00007ffbd80c5000   80       3       java.util.concurrent.ConcurrentHashMap$Node::<init> (26 bytes)
Event: 184.994 Thread 0x00007ffbd80c5000 nmethod 80 0x00007ffbc8f138d0 code [0x00007ffbc8f13a40, 0x00007ffbc8f13c30]

GC Heap History (0 events):
No events

Deoptimization events (0 events):
No events

Internal exceptions (10 events):
Event: 0.521 Thread 0x00007ffbd800c000 Exception <a 'java/security/PrivilegedActionException'> (0x00000000ec6e0c78) thrown at [/HUDSON/workspace/8-2-build-linux-amd64/jdk8u20/1074/hotspot/src/share/vm/prims/jvm.cpp, line 1275]
Event: 0.522 Thread 0x00007ffbd800c000 Exception <a 'java/security/PrivilegedActionException'> (0x00000000ec6e3698) thrown at [/HUDSON/workspace/8-2-build-linux-amd64/jdk8u20/1074/hotspot/src/share/vm/prims/jvm.cpp, line 1275]
Event: 0.524 Thread 0x00007ffbd800c000 Exception <a 'java/security/PrivilegedActionException'> (0x00000000ec6e4a38) thrown at [/HUDSON/workspace/8-2-build-linux-amd64/jdk8u20/1074/hotspot/src/share/vm/prims/jvm.cpp, line 1275]
Event: 0.536 Thread 0x00007ffbd800c000 Exception <a 'java/security/PrivilegedActionException'> (0x00000000ec6f87d8) thrown at [/HUDSON/workspace/8-2-build-linux-amd64/jdk8u20/1074/hotspot/src/share/vm/prims/jvm.cpp, line 1275]
Event: 0.540 Thread 0x00007ffbd800c000 Exception <a 'java/security/PrivilegedActionException'> (0x00000000ec6f9c70) thrown at [/HUDSON/workspace/8-2-build-linux-amd64/jdk8u20/1074/hotspot/src/share/vm/prims/jvm.cpp, line 1275]
Event: 0.544 Thread 0x00007ffbd800c000 Exception <a 'java/security/PrivilegedActionException'> (0x00000000ec7071f8) thrown at [/HUDSON/workspace/8-2-build-linux-amd64/jdk8u20/1074/hotspot/src/share/vm/prims/jvm.cpp, line 1275]
Event: 0.544 Thread 0x00007ffbd800c000 Exception <a 'java/security/PrivilegedActionException'> (0x00000000ec7088b8) thrown at [/HUDSON/workspace/8-2-build-linux-amd64/jdk8u20/1074/hotspot/src/share/vm/prims/jvm.cpp, line 1275]
Event: 0.545 Thread 0x00007ffbd800c000 Exception <a 'java/security/PrivilegedActionException'> (0x00000000ec70af58) thrown at [/HUDSON/workspace/8-2-build-linux-amd64/jdk8u20/1074/hotspot/src/share/vm/prims/jvm.cpp, line 1275]
Event: 0.546 Thread 0x00007ffbd800c000 Exception <a 'java/security/PrivilegedActionException'> (0x00000000ec70c638) thrown at [/HUDSON/workspace/8-2-build-linux-amd64/jdk8u20/1074/hotspot/src/share/vm/prims/jvm.cpp, line 1275]
Event: 184.995 Thread 0x00007ffbd800c000 Exception <a 'java/security/PrivilegedActionException'> (0x00000000ec725650) thrown at [/HUDSON/workspace/8-2-build-linux-amd64/jdk8u20/1074/hotspot/src/share/vm/prims/jvm.cpp, line 1275]

Events (10 events):
Event: 2771.464 Executing VM operation: ChangeBreakpoints
Event: 2771.464 Executing VM operation: ChangeBreakpoints done
Event: 2771.468 Executing VM operation: ChangeBreakpoints
Event: 2771.468 Executing VM operation: ChangeBreakpoints done
Event: 2771.478 Executing VM operation: ChangeBreakpoints
Event: 2771.478 Executing VM operation: ChangeBreakpoints done
Event: 2771.478 Executing VM operation: ChangeBreakpoints
Event: 2771.478 Executing VM operation: ChangeBreakpoints done
Event: 3569.396 Executing VM operation: RedefineClasses
Event: 3569.399 Executing VM operation: RedefineClasses done


Dynamic libraries:
00400000-00401000 r-xp 00000000 08:08 2622385                            /home/hijj/software/javaAndroid/jdk/jdk8/bin/java
00600000-00601000 rw-p 00000000 08:08 2622385                            /home/hijj/software/javaAndroid/jdk/jdk8/bin/java
00bf3000-00c14000 rw-p 00000000 00:00 0                                  [heap]
c5000000-c7800000 rw-p 00000000 00:00 0 
c7800000-ec580000 ---p 00000000 00:00 0 
ec580000-ed980000 rw-p 00000000 00:00 0 
ed980000-100000000 ---p 00000000 00:00 0 
100000000-100080000 rw-p 00000000 00:00 0 
100080000-140000000 ---p 00000000 00:00 0 
7ffb7c000000-7ffb7c021000 rw-p 00000000 00:00 0 
7ffb7c021000-7ffb80000000 ---p 00000000 00:00 0 
7ffb84000000-7ffb84083000 rw-p 00000000 00:00 0 
7ffb84083000-7ffb88000000 ---p 00000000 00:00 0 
7ffb88000000-7ffb88021000 rw-p 00000000 00:00 0 
7ffb88021000-7ffb8c000000 ---p 00000000 00:00 0 
7ffb8c000000-7ffb8c04f000 rw-p 00000000 00:00 0 
7ffb8c04f000-7ffb90000000 ---p 00000000 00:00 0 
7ffb90000000-7ffb90021000 rw-p 00000000 00:00 0 
7ffb90021000-7ffb94000000 ---p 00000000 00:00 0 
7ffb94000000-7ffb94021000 rw-p 00000000 00:00 0 
7ffb94021000-7ffb98000000 ---p 00000000 00:00 0 
7ffb98000000-7ffb98021000 rw-p 00000000 00:00 0 
7ffb98021000-7ffb9c000000 ---p 00000000 00:00 0 
7ffb9c000000-7ffb9c021000 rw-p 00000000 00:00 0 
7ffb9c021000-7ffba0000000 ---p 00000000 00:00 0 
7ffba0000000-7ffba0028000 rw-p 00000000 00:00 0 
7ffba0028000-7ffba4000000 ---p 00000000 00:00 0 
7ffba4000000-7ffba4021000 rw-p 00000000 00:00 0 
7ffba4021000-7ffba8000000 ---p 00000000 00:00 0 
7ffba8000000-7ffba8021000 rw-p 00000000 00:00 0 
7ffba8021000-7ffbac000000 ---p 00000000 00:00 0 
7ffbac000000-7ffbac021000 rw-p 00000000 00:00 0 
7ffbac021000-7ffbb0000000 ---p 00000000 00:00 0 
7ffbb3886000-7ffbb3afb000 rw-p 00000000 00:00 0 
7ffbb3afb000-7ffbb3afc000 ---p 00000000 00:00 0 
7ffbb3afc000-7ffbb3bfc000 rw-p 00000000 00:00 0                          [stack:8858]
7ffbb3bfc000-7ffbb3bff000 ---p 00000000 00:00 0 
7ffbb3bff000-7ffbb3cfd000 rw-p 00000000 00:00 0                          [stack:8857]
7ffbb3cfd000-7ffbb3d00000 ---p 00000000 00:00 0 
7ffbb3d00000-7ffbb3dfe000 rw-p 00000000 00:00 0                          [stack:8856]
7ffbb3dfe000-7ffbb3e01000 ---p 00000000 00:00 0 
7ffbb3e01000-7ffbb3eff000 rw-p 00000000 00:00 0                          [stack:8855]
7ffbb3eff000-7ffbb3f02000 ---p 00000000 00:00 0 
7ffbb3f02000-7ffbb4000000 rw-p 00000000 00:00 0                          [stack:8854]
7ffbb4000000-7ffbb4021000 rw-p 00000000 00:00 0 
7ffbb4021000-7ffbb8000000 ---p 00000000 00:00 0 
7ffbb8000000-7ffbb8021000 rw-p 00000000 00:00 0 
7ffbb8021000-7ffbbc000000 ---p 00000000 00:00 0 
7ffbbc000000-7ffbbc021000 rw-p 00000000 00:00 0 
7ffbbc021000-7ffbc0000000 ---p 00000000 00:00 0 
7ffbc0090000-7ffbc0093000 ---p 00000000 00:00 0 
7ffbc0093000-7ffbc0191000 rw-p 00000000 00:00 0                          [stack:8811]
7ffbc0191000-7ffbc0194000 ---p 00000000 00:00 0 
7ffbc0194000-7ffbc0292000 rw-p 00000000 00:00 0                          [stack:8810]
7ffbc0292000-7ffbc0295000 ---p 00000000 00:00 0 
7ffbc0295000-7ffbc0393000 rw-p 00000000 00:00 0                          [stack:8809]
7ffbc0393000-7ffbc0397000 r-xp 00000000 08:08 2628974                    /home/hijj/software/javaAndroid/jdk/jdk8/jre/lib/amd64/libdt_socket.so
7ffbc0397000-7ffbc0596000 ---p 00004000 08:08 2628974                    /home/hijj/software/javaAndroid/jdk/jdk8/jre/lib/amd64/libdt_socket.so
7ffbc0596000-7ffbc0597000 rw-p 00003000 08:08 2628974                    /home/hijj/software/javaAndroid/jdk/jdk8/jre/lib/amd64/libdt_socket.so
7ffbc0597000-7ffbc059a000 ---p 00000000 00:00 0 
7ffbc059a000-7ffbc0698000 rw-p 00000000 00:00 0                          [stack:8805]
7ffbc0698000-7ffbc069b000 ---p 00000000 00:00 0 
7ffbc069b000-7ffbc0799000 rw-p 00000000 00:00 0                          [stack:8798]
7ffbc0799000-7ffbc079c000 ---p 00000000 00:00 0 
7ffbc079c000-7ffbc089a000 rw-p 00000000 00:00 0                          [stack:8797]
7ffbc089a000-7ffbc089b000 ---p 00000000 00:00 0 
7ffbc089b000-7ffbc18aa000 rw-p 00000000 00:00 0                          [stack:8796]
7ffbc18aa000-7ffbc1a80000 r--s 03ca8000 08:08 2628807                    /home/hijj/software/javaAndroid/jdk/jdk8/jre/lib/rt.jar
7ffbc1a80000-7ffbc1f40000 rw-p 00000000 00:00 0 
7ffbc1f40000-7ffbc2280000 ---p 00000000 00:00 0 
7ffbc2280000-7ffbc4000000 rw-p 00000000 00:00 0 
7ffbc4000000-7ffbc4021000 rw-p 00000000 00:00 0 
7ffbc4021000-7ffbc8000000 ---p 00000000 00:00 0 
7ffbc804e000-7ffbc8061000 r--s 00344000 08:08 2628842                    /home/hijj/software/javaAndroid/jdk/jdk8/jre/lib/resources.jar
7ffbc8061000-7ffbc807d000 r--s 00393000 08:08 2628860                    /home/hijj/software/javaAndroid/jdk/jdk8/jre/lib/ext/cldrdata.jar
7ffbc807d000-7ffbc830d000 rw-p 00000000 00:00 0 
7ffbc830d000-7ffbc830e000 ---p 00000000 00:00 0 
7ffbc830e000-7ffbc840e000 rw-p 00000000 00:00 0                          [stack:8794]
7ffbc840e000-7ffbc840f000 ---p 00000000 00:00 0 
7ffbc840f000-7ffbc850f000 rw-p 00000000 00:00 0                          [stack:8793]
7ffbc850f000-7ffbc8510000 ---p 00000000 00:00 0 
7ffbc8510000-7ffbc8610000 rw-p 00000000 00:00 0                          [stack:8791]
7ffbc8610000-7ffbc8611000 ---p 00000000 00:00 0 
7ffbc8611000-7ffbc8725000 rw-p 00000000 00:00 0                          [stack:8789]
7ffbc8725000-7ffbc884c000 ---p 00000000 00:00 0 
7ffbc884c000-7ffbc8860000 rw-p 00000000 00:00 0 
7ffbc8860000-7ffbc8986000 ---p 00000000 00:00 0 
7ffbc8986000-7ffbc8991000 rw-p 00000000 00:00 0 
7ffbc8991000-7ffbc8a24000 ---p 00000000 00:00 0 
7ffbc8a24000-7ffbc8a2f000 rw-p 00000000 00:00 0 
7ffbc8a2f000-7ffbc8de5000 ---p 00000000 00:00 0 
7ffbc8de5000-7ffbc9055000 rwxp 00000000 00:00 0 
7ffbc9055000-7ffbd7de5000 ---p 00000000 00:00 0 
7ffbd7de5000-7ffbd7dff000 r-xp 00000000 08:08 2629001                    /home/hijj/software/javaAndroid/jdk/jdk8/jre/lib/amd64/libzip.so
7ffbd7dff000-7ffbd7fff000 ---p 0001a000 08:08 2629001                    /home/hijj/software/javaAndroid/jdk/jdk8/jre/lib/amd64/libzip.so
7ffbd7fff000-7ffbd8000000 rw-p 0001a000 08:08 2629001                    /home/hijj/software/javaAndroid/jdk/jdk8/jre/lib/amd64/libzip.so
7ffbd8000000-7ffbd8138000 rw-p 00000000 00:00 0 
7ffbd8138000-7ffbdc000000 ---p 00000000 00:00 0 
7ffbdc005000-7ffbdc075000 rw-p 00000000 00:00 0 
7ffbdc075000-7ffbdc081000 r-xp 00000000 08:08 5771539                    /lib/x86_64-linux-gnu/libnss_files-2.21.so
7ffbdc081000-7ffbdc280000 ---p 0000c000 08:08 5771539                    /lib/x86_64-linux-gnu/libnss_files-2.21.so
7ffbdc280000-7ffbdc281000 r--p 0000b000 08:08 5771539                    /lib/x86_64-linux-gnu/libnss_files-2.21.so
7ffbdc281000-7ffbdc282000 rw-p 0000c000 08:08 5771539                    /lib/x86_64-linux-gnu/libnss_files-2.21.so
7ffbdc282000-7ffbdc28d000 r-xp 00000000 08:08 5771549                    /lib/x86_64-linux-gnu/libnss_nis-2.21.so
7ffbdc28d000-7ffbdc48c000 ---p 0000b000 08:08 5771549                    /lib/x86_64-linux-gnu/libnss_nis-2.21.so
7ffbdc48c000-7ffbdc48d000 r--p 0000a000 08:08 5771549                    /lib/x86_64-linux-gnu/libnss_nis-2.21.so
7ffbdc48d000-7ffbdc48e000 rw-p 0000b000 08:08 5771549                    /lib/x86_64-linux-gnu/libnss_nis-2.21.so
7ffbdc48e000-7ffbdc4a5000 r-xp 00000000 08:08 5771533                    /lib/x86_64-linux-gnu/libnsl-2.21.so
7ffbdc4a5000-7ffbdc6a4000 ---p 00017000 08:08 5771533                    /lib/x86_64-linux-gnu/libnsl-2.21.so
7ffbdc6a4000-7ffbdc6a5000 r--p 00016000 08:08 5771533                    /lib/x86_64-linux-gnu/libnsl-2.21.so
7ffbdc6a5000-7ffbdc6a6000 rw-p 00017000 08:08 5771533                    /lib/x86_64-linux-gnu/libnsl-2.21.so
7ffbdc6a6000-7ffbdc6a8000 rw-p 00000000 00:00 0 
7ffbdc6a8000-7ffbdc6b0000 r-xp 00000000 08:08 5771535                    /lib/x86_64-linux-gnu/libnss_compat-2.21.so
7ffbdc6b0000-7ffbdc8af000 ---p 00008000 08:08 5771535                    /lib/x86_64-linux-gnu/libnss_compat-2.21.so
7ffbdc8af000-7ffbdc8b0000 r--p 00007000 08:08 5771535                    /lib/x86_64-linux-gnu/libnss_compat-2.21.so
7ffbdc8b0000-7ffbdc8b1000 rw-p 00008000 08:08 5771535                    /lib/x86_64-linux-gnu/libnss_compat-2.21.so
7ffbdc8b1000-7ffbdcf93000 r--p 00000000 08:08 4070784                    /usr/lib/locale/locale-archive
7ffbdcf93000-7ffbdcf95000 r-xp 00000000 08:08 2628975                    /home/hijj/software/javaAndroid/jdk/jdk8/jre/lib/amd64/libnpt.so
7ffbdcf95000-7ffbdd195000 ---p 00002000 08:08 2628975                    /home/hijj/software/javaAndroid/jdk/jdk8/jre/lib/amd64/libnpt.so
7ffbdd195000-7ffbdd196000 rw-p 00002000 08:08 2628975                    /home/hijj/software/javaAndroid/jdk/jdk8/jre/lib/amd64/libnpt.so
7ffbdd196000-7ffbdd1cf000 r-xp 00000000 08:08 2628992                    /home/hijj/software/javaAndroid/jdk/jdk8/jre/lib/amd64/libjdwp.so
7ffbdd1cf000-7ffbdd3ce000 ---p 00039000 08:08 2628992                    /home/hijj/software/javaAndroid/jdk/jdk8/jre/lib/amd64/libjdwp.so
7ffbdd3ce000-7ffbdd3d0000 rw-p 00038000 08:08 2628992                    /home/hijj/software/javaAndroid/jdk/jdk8/jre/lib/amd64/libjdwp.so
7ffbdd3d0000-7ffbdd3fa000 r-xp 00000000 08:08 2628996                    /home/hijj/software/javaAndroid/jdk/jdk8/jre/lib/amd64/libjava.so
7ffbdd3fa000-7ffbdd5fa000 ---p 0002a000 08:08 2628996                    /home/hijj/software/javaAndroid/jdk/jdk8/jre/lib/amd64/libjava.so
7ffbdd5fa000-7ffbdd5fc000 rw-p 0002a000 08:08 2628996                    /home/hijj/software/javaAndroid/jdk/jdk8/jre/lib/amd64/libjava.so
7ffbdd5fc000-7ffbdd609000 r-xp 00000000 08:08 2629000                    /home/hijj/software/javaAndroid/jdk/jdk8/jre/lib/amd64/libverify.so
7ffbdd609000-7ffbdd809000 ---p 0000d000 08:08 2629000                    /home/hijj/software/javaAndroid/jdk/jdk8/jre/lib/amd64/libverify.so
7ffbdd809000-7ffbdd80b000 rw-p 0000d000 08:08 2629000                    /home/hijj/software/javaAndroid/jdk/jdk8/jre/lib/amd64/libverify.so
7ffbdd80b000-7ffbdd812000 r-xp 00000000 08:08 5771594                    /lib/x86_64-linux-gnu/librt-2.21.so
7ffbdd812000-7ffbdda11000 ---p 00007000 08:08 5771594                    /lib/x86_64-linux-gnu/librt-2.21.so
7ffbdda11000-7ffbdda12000 r--p 00006000 08:08 5771594                    /lib/x86_64-linux-gnu/librt-2.21.so
7ffbdda12000-7ffbdda13000 rw-p 00007000 08:08 5771594                    /lib/x86_64-linux-gnu/librt-2.21.so
7ffbdda13000-7ffbddb1a000 r-xp 00000000 08:08 5771512                    /lib/x86_64-linux-gnu/libm-2.21.so
7ffbddb1a000-7ffbddd19000 ---p 00107000 08:08 5771512                    /lib/x86_64-linux-gnu/libm-2.21.so
7ffbddd19000-7ffbddd1a000 r--p 00106000 08:08 5771512                    /lib/x86_64-linux-gnu/libm-2.21.so
7ffbddd1a000-7ffbddd1b000 rw-p 00107000 08:08 5771512                    /lib/x86_64-linux-gnu/libm-2.21.so
7ffbddd1b000-7ffbde985000 r-xp 00000000 08:08 2628982                    /home/hijj/software/javaAndroid/jdk/jdk8/jre/lib/amd64/server/libjvm.so
7ffbde985000-7ffbdeb84000 ---p 00c6a000 08:08 2628982                    /home/hijj/software/javaAndroid/jdk/jdk8/jre/lib/amd64/server/libjvm.so
7ffbdeb84000-7ffbdec5b000 rw-p 00c69000 08:08 2628982                    /home/hijj/software/javaAndroid/jdk/jdk8/jre/lib/amd64/server/libjvm.so
7ffbdec5b000-7ffbdec9d000 rw-p 00000000 00:00 0 
7ffbdec9d000-7ffbdee5d000 r-xp 00000000 08:08 5771453                    /lib/x86_64-linux-gnu/libc-2.21.so
7ffbdee5d000-7ffbdf05d000 ---p 001c0000 08:08 5771453                    /lib/x86_64-linux-gnu/libc-2.21.so
7ffbdf05d000-7ffbdf061000 r--p 001c0000 08:08 5771453                    /lib/x86_64-linux-gnu/libc-2.21.so
7ffbdf061000-7ffbdf063000 rw-p 001c4000 08:08 5771453                    /lib/x86_64-linux-gnu/libc-2.21.so
7ffbdf063000-7ffbdf067000 rw-p 00000000 00:00 0 
7ffbdf067000-7ffbdf06a000 r-xp 00000000 08:08 5771470                    /lib/x86_64-linux-gnu/libdl-2.21.so
7ffbdf06a000-7ffbdf269000 ---p 00003000 08:08 5771470                    /lib/x86_64-linux-gnu/libdl-2.21.so
7ffbdf269000-7ffbdf26a000 r--p 00002000 08:08 5771470                    /lib/x86_64-linux-gnu/libdl-2.21.so
7ffbdf26a000-7ffbdf26b000 rw-p 00003000 08:08 5771470                    /lib/x86_64-linux-gnu/libdl-2.21.so
7ffbdf26b000-7ffbdf280000 r-xp 00000000 08:08 2628623                    /home/hijj/software/javaAndroid/jdk/jdk8/lib/amd64/jli/libjli.so
7ffbdf280000-7ffbdf47f000 ---p 00015000 08:08 2628623                    /home/hijj/software/javaAndroid/jdk/jdk8/lib/amd64/jli/libjli.so
7ffbdf47f000-7ffbdf480000 rw-p 00014000 08:08 2628623                    /home/hijj/software/javaAndroid/jdk/jdk8/lib/amd64/jli/libjli.so
7ffbdf480000-7ffbdf498000 r-xp 00000000 08:08 5771586                    /lib/x86_64-linux-gnu/libpthread-2.21.so
7ffbdf498000-7ffbdf698000 ---p 00018000 08:08 5771586                    /lib/x86_64-linux-gnu/libpthread-2.21.so
7ffbdf698000-7ffbdf699000 r--p 00018000 08:08 5771586                    /lib/x86_64-linux-gnu/libpthread-2.21.so
7ffbdf699000-7ffbdf69a000 rw-p 00019000 08:08 5771586                    /lib/x86_64-linux-gnu/libpthread-2.21.so
7ffbdf69a000-7ffbdf69e000 rw-p 00000000 00:00 0 
7ffbdf69e000-7ffbdf6c2000 r-xp 00000000 08:08 5771425                    /lib/x86_64-linux-gnu/ld-2.21.so
7ffbdf6c8000-7ffbdf7a0000 rw-p 00000000 00:00 0 
7ffbdf7a0000-7ffbdf7a3000 ---p 00000000 00:00 0 
7ffbdf7a3000-7ffbdf8a5000 rw-p 00000000 00:00 0                          [stack:8786]
7ffbdf8a8000-7ffbdf8ab000 rw-p 00000000 00:00 0 
7ffbdf8ab000-7ffbdf8b5000 r--s 00116000 08:08 2628866                    /home/hijj/software/javaAndroid/jdk/jdk8/jre/lib/ext/localedata.jar
7ffbdf8b5000-7ffbdf8bd000 rw-s 00000000 08:08 1574287                    /tmp/hsperfdata_hijj/8784
7ffbdf8bd000-7ffbdf8be000 rw-p 00000000 00:00 0 
7ffbdf8be000-7ffbdf8bf000 r--p 00000000 00:00 0 
7ffbdf8bf000-7ffbdf8c1000 rw-p 00000000 00:00 0 
7ffbdf8c1000-7ffbdf8c2000 r--p 00023000 08:08 5771425                    /lib/x86_64-linux-gnu/ld-2.21.so
7ffbdf8c2000-7ffbdf8c3000 rw-p 00024000 08:08 5771425                    /lib/x86_64-linux-gnu/ld-2.21.so
7ffbdf8c3000-7ffbdf8c4000 rw-p 00000000 00:00 0 
7ffce004c000-7ffce006d000 rw-p 00000000 00:00 0                          [stack]
7ffce0108000-7ffce010a000 r--p 00000000 00:00 0                          [vvar]
7ffce010a000-7ffce010c000 r-xp 00000000 00:00 0                          [vdso]
ffffffffff600000-ffffffffff601000 r-xp 00000000 00:00 0                  [vsyscall]

VM Arguments:
jvm_args: -agentlib:jdwp=transport=dt_socket,suspend=y,address=localhost:33256 -Dfile.encoding=UTF-8 
java_command: learning.ks8.MainTest
java_class_path (initial): /media/hijj/娱乐/github/repositories/ACM/Java/bin
Launcher Type: SUN_STANDARD

Environment Variables:
JAVA_HOME=/home/hijj/software/javaAndroid/jdk/jdk8
JRE_HOME=/home/hijj/software/javaAndroid/jdk/jdk8/jre
CLASSPATH=.:/home/hijj/software/javaAndroid/jdk/jdk8/lib:/home/hijj/software/javaAndroid/jdk/jdk8/jre/lib:.:$JAVA_HOME/lib:$JAVA_HOME/jre/lib
PATH=/home/hijj/software/javaAndroid/sdk/android-sdk-linux/tools:/home/hijj/software/javaAndroid/sdk/android-sdk-linux/platform-tools:/home/hijj/software/javaAndroid/jdk/jdk8/bin:/home/hijj/software/javaAndroid/jdk/jdk8/jre/bin:/usr/local/sbin:/usr/local/bin:/usr/sbin:/usr/bin:/sbin:/bin:/usr/games:/usr/local/games:$JAVA_HOME/bin:$ANDROID_PATH/tools:$ANDROID_PATH/platform-tools
SHELL=/bin/bash
DISPLAY=:0

Signal Handlers:
SIGSEGV: [libjvm.so+0xa77530], sa_mask[0]=11111111011111111101111111111110, sa_flags=SA_RESTART|SA_SIGINFO
SIGBUS: [libjvm.so+0xa77530], sa_mask[0]=11111111011111111101111111111110, sa_flags=SA_RESTART|SA_SIGINFO
SIGFPE: [libjvm.so+0x8e1d90], sa_mask[0]=11111111011111111101111111111110, sa_flags=SA_RESTART|SA_SIGINFO
SIGPIPE: [libjvm.so+0x8e1d90], sa_mask[0]=11111111011111111101111111111110, sa_flags=SA_RESTART|SA_SIGINFO
SIGXFSZ: [libjvm.so+0x8e1d90], sa_mask[0]=11111111011111111101111111111110, sa_flags=SA_RESTART|SA_SIGINFO
SIGILL: [libjvm.so+0x8e1d90], sa_mask[0]=11111111011111111101111111111110, sa_flags=SA_RESTART|SA_SIGINFO
SIGUSR1: SIG_DFL, sa_mask[0]=00000000000000000000000000000000, sa_flags=none
SIGUSR2: [libjvm.so+0x8e35c0], sa_mask[0]=00100000000000000000000000000000, sa_flags=SA_RESTART|SA_SIGINFO
SIGHUP: [libjvm.so+0x8e4980], sa_mask[0]=11111111011111111101111111111110, sa_flags=SA_RESTART|SA_SIGINFO
SIGINT: [libjvm.so+0x8e4980], sa_mask[0]=11111111011111111101111111111110, sa_flags=SA_RESTART|SA_SIGINFO
SIGTERM: [libjvm.so+0x8e4980], sa_mask[0]=11111111011111111101111111111110, sa_flags=SA_RESTART|SA_SIGINFO
SIGQUIT: [libjvm.so+0x8e4980], sa_mask[0]=11111111011111111101111111111110, sa_flags=SA_RESTART|SA_SIGINFO


---------------  S Y S T E M  ---------------

OS:DISTRIB_ID=Ubuntu
DISTRIB_RELEASE=15.04
DISTRIB_CODENAME=vivid
DISTRIB_DESCRIPTION="Ubuntu 15.04"

uname:Linux 3.19.0-30-generic #34-Ubuntu SMP Fri Oct 2 22:08:41 UTC 2015 x86_64
libc:glibc 2.21 NPTL 2.21 
rlimit: STACK 8192k, CORE 0k, NPROC 15002, NOFILE 65536, AS infinity
load average:0.09 0.13 0.31

/proc/meminfo:
MemTotal:        3863036 kB
MemFree:          210068 kB
MemAvailable:     648520 kB
Buffers:           63172 kB
Cached:           779276 kB
SwapCached:        42520 kB
Active:          2040820 kB
Inactive:        1333380 kB
Active(anon):    1742192 kB
Inactive(anon):  1062960 kB
Active(file):     298628 kB
Inactive(file):   270420 kB
Unevictable:          48 kB
Mlocked:              48 kB
SwapTotal:       4005884 kB
SwapFree:        3440932 kB
Dirty:               904 kB
Writeback:             0 kB
AnonPages:       2506028 kB
Mapped:           218988 kB
Shmem:            273180 kB
Slab:             124752 kB
SReclaimable:      76692 kB
SUnreclaim:        48060 kB
KernelStack:       41888 kB
PageTables:        55764 kB
NFS_Unstable:          0 kB
Bounce:                0 kB
WritebackTmp:          0 kB
CommitLimit:     5937400 kB
Committed_AS:   16905560 kB
VmallocTotal:   34359738367 kB
VmallocUsed:      378088 kB
VmallocChunk:   34359320912 kB
HardwareCorrupted:     0 kB
AnonHugePages:   1415168 kB
CmaTotal:              0 kB
CmaFree:               0 kB
HugePages_Total:       0
HugePages_Free:        0
HugePages_Rsvd:        0
HugePages_Surp:        0
Hugepagesize:       2048 kB
DirectMap4k:      185084 kB
DirectMap2M:     3823616 kB


CPU:total 4 (2 cores per cpu, 2 threads per core) family 6 model 58 stepping 9, cmov, cx8, fxsr, mmx, sse, sse2, sse3, ssse3, sse4.1, sse4.2, popcnt, avx, aes, clmul, erms, ht, tsc, tscinvbit, tscinv

/proc/cpuinfo:
processor	: 0
vendor_id	: GenuineIntel
cpu family	: 6
model		: 58
model name	: Intel(R) Core(TM) i5-3230M CPU @ 2.60GHz
stepping	: 9
microcode	: 0x17
cpu MHz		: 2999.953
cache size	: 3072 KB
physical id	: 0
siblings	: 4
core id		: 0
cpu cores	: 2
apicid		: 0
initial apicid	: 0
fpu		: yes
fpu_exception	: yes
cpuid level	: 13
wp		: yes
flags		: fpu vme de pse tsc msr pae mce cx8 apic sep mtrr pge mca cmov pat pse36 clflush dts acpi mmx fxsr sse sse2 ss ht tm pbe syscall nx rdtscp lm constant_tsc arch_perfmon pebs bts rep_good nopl xtopology nonstop_tsc aperfmperf eagerfpu pni pclmulqdq dtes64 monitor ds_cpl vmx est tm2 ssse3 cx16 xtpr pdcm pcid sse4_1 sse4_2 x2apic popcnt tsc_deadline_timer aes xsave avx f16c rdrand lahf_lm ida arat epb pln pts dtherm tpr_shadow vnmi flexpriority ept vpid fsgsbase smep erms xsaveopt
bugs		:
bogomips	: 5188.00
clflush size	: 64
cache_alignment	: 64
address sizes	: 36 bits physical, 48 bits virtual
power management:

processor	: 1
vendor_id	: GenuineIntel
cpu family	: 6
model		: 58
model name	: Intel(R) Core(TM) i5-3230M CPU @ 2.60GHz
stepping	: 9
microcode	: 0x17
cpu MHz		: 2999.953
cache size	: 3072 KB
physical id	: 0
siblings	: 4
core id		: 0
cpu cores	: 2
apicid		: 1
initial apicid	: 1
fpu		: yes
fpu_exception	: yes
cpuid level	: 13
wp		: yes
flags		: fpu vme de pse tsc msr pae mce cx8 apic sep mtrr pge mca cmov pat pse36 clflush dts acpi mmx fxsr sse sse2 ss ht tm pbe syscall nx rdtscp lm constant_tsc arch_perfmon pebs bts rep_good nopl xtopology nonstop_tsc aperfmperf eagerfpu pni pclmulqdq dtes64 monitor ds_cpl vmx est tm2 ssse3 cx16 xtpr pdcm pcid sse4_1 sse4_2 x2apic popcnt tsc_deadline_timer aes xsave avx f16c rdrand lahf_lm ida arat epb pln pts dtherm tpr_shadow vnmi flexpriority ept vpid fsgsbase smep erms xsaveopt
bugs		:
bogomips	: 5188.00
clflush size	: 64
cache_alignment	: 64
address sizes	: 36 bits physical, 48 bits virtual
power management:

processor	: 2
vendor_id	: GenuineIntel
cpu family	: 6
model		: 58
model name	: Intel(R) Core(TM) i5-3230M CPU @ 2.60GHz
stepping	: 9
microcode	: 0x17
cpu MHz		: 2999.953
cache size	: 3072 KB
physical id	: 0
siblings	: 4
core id		: 1
cpu cores	: 2
apicid		: 2
initial apicid	: 2
fpu		: yes
fpu_exception	: yes
cpuid level	: 13
wp		: yes
flags		: fpu vme de pse tsc msr pae mce cx8 apic sep mtrr pge mca cmov pat pse36 clflush dts acpi mmx fxsr sse sse2 ss ht tm pbe syscall nx rdtscp lm constant_tsc arch_perfmon pebs bts rep_good nopl xtopology nonstop_tsc aperfmperf eagerfpu pni pclmulqdq dtes64 monitor ds_cpl vmx est tm2 ssse3 cx16 xtpr pdcm pcid sse4_1 sse4_2 x2apic popcnt tsc_deadline_timer aes xsave avx f16c rdrand lahf_lm ida arat epb pln pts dtherm tpr_shadow vnmi flexpriority ept vpid fsgsbase smep erms xsaveopt
bugs		:
bogomips	: 5188.00
clflush size	: 64
cache_alignment	: 64
address sizes	: 36 bits physical, 48 bits virtual
power management:

processor	: 3
vendor_id	: GenuineIntel
cpu family	: 6
model		: 58
model name	: Intel(R) Core(TM) i5-3230M CPU @ 2.60GHz
stepping	: 9
microcode	: 0x17
cpu MHz		: 2999.953
cache size	: 3072 KB
physical id	: 0
siblings	: 4
core id		: 1
cpu cores	: 2
apicid		: 3
initial apicid	: 3
fpu		: yes
fpu_exception	: yes
cpuid level	: 13
wp		: yes
flags		: fpu vme de pse tsc msr pae mce cx8 apic sep mtrr pge mca cmov pat pse36 clflush dts acpi mmx fxsr sse sse2 ss ht tm pbe syscall nx rdtscp lm constant_tsc arch_perfmon pebs bts rep_good nopl xtopology nonstop_tsc aperfmperf eagerfpu pni pclmulqdq dtes64 monitor ds_cpl vmx est tm2 ssse3 cx16 xtpr pdcm pcid sse4_1 sse4_2 x2apic popcnt tsc_deadline_timer aes xsave avx f16c rdrand lahf_lm ida arat epb pln pts dtherm tpr_shadow vnmi flexpriority ept vpid fsgsbase smep erms xsaveopt
bugs		:
bogomips	: 5188.00
clflush size	: 64
cache_alignment	: 64
address sizes	: 36 bits physical, 48 bits virtual
power management:



Memory: 4k page, physical 3863036k(210068k free), swap 4005884k(3440932k free)

vm_info: Java HotSpot(TM) 64-Bit Server VM (25.20-b23) for linux-amd64 JRE (1.8.0_20-b26), built on Jul 30 2014 13:13:52 by "java_re" with gcc 4.3.0 20080428 (Red Hat 4.3.0-8)

time: Thu Oct 22 00:10:18 2015
elapsed time: 3569 seconds (0d 0h 59m 29s)

