#
# A fatal error has been detected by the Java Runtime Environment:
#
#  SIGSEGV (0xb) at pc=0x00007f3fd8c6f190, pid=28959, tid=139911691532032
#
# JRE version: Java(TM) SE Runtime Environment (8.0_20-b26) (build 1.8.0_20-b26)
# Java VM: Java HotSpot(TM) 64-Bit Server VM (25.20-b23 mixed mode linux-amd64 compressed oops)
# Problematic frame:
# V  [libjvm.so+0x873190]  Method::checked_resolve_jmethod_id(_jmethodID*)+0x20
#
# Failed to write core dump. Core dumps have been disabled. To enable core dumping, try "ulimit -c unlimited" before starting Java again
#
# If you would like to submit a bug report, please visit:
#   http://bugreport.sun.com/bugreport/crash.jsp
#

---------------  T H R E A D  ---------------

Current thread (0x00007f3fd40ba800):  JavaThread "JDWP Transport Listener: dt_socket" daemon [_thread_in_vm, id=28978, stack(0x00007f3fba9c7000,0x00007f3fbaac8000)]

siginfo: si_signo: 11 (SIGSEGV), si_code: 1 (SEGV_MAPERR), si_addr: 0x0000000000000021

Registers:
RAX=0x0000000000000001, RBX=0x00007f3fd40036a0, RCX=0x00007f3fd9d7a340, RDX=0x00007f3fd9353fe0
RSP=0x00007f3fbaac66d0, RBP=0x00007f3fbaac66e0, RSI=0x00007f3fd40ba800, RDI=0x0000000000000021
R8 =0x00007f3f940060e0, R9 =0x0000000000000000, R10=0x0000000000000020, R11=0x00007f3fd9515230
R12=0x0000000000000017, R13=0x0000000000000021, R14=0x00007f3fd40ba800, R15=0x00007f3fbaac67e7
RIP=0x00007f3fd8c6f190, EFLAGS=0x0000000000010206, CSGSFS=0x0000000000000033, ERR=0x0000000000000004
  TRAPNO=0x000000000000000e

Top of Stack: (sp=0x00007f3fbaac66d0)
0x00007f3fbaac66d0:   0000000000000074 00007f3fd40036a0
0x00007f3fbaac66e0:   00007f3fbaac6750 00007f3fd8b0478e
0x00007f3fbaac66f0:   00007f3f940060e0 00007f3fbaac6700
0x00007f3fbaac6700:   00007f3fd40ba800 0000000000000000
0x00007f3fbaac6710:   00007f3f00000000 0000000000000000
0x00007f3fbaac6720:   00007f3fbaac6740 00007f3fd39bcd60
0x00007f3fbaac6730:   0000000000000021 00007f3fbaac67e7
0x00007f3fbaac6740:   0000000000000007 00007f3fbaac67e7
0x00007f3fbaac6750:   00007f3fbaac6780 00007f3fd37a8872
0x00007f3fbaac6760:   00007f3fbaac6780 0000000000000021
0x00007f3fbaac6770:   00007f3fbaac6850 0000000000000038
0x00007f3fbaac6780:   00007f3fbaac6810 00007f3fd3789a60
0x00007f3fbaac6790:   00007f3fbaac67c8 00007f3fbaac67c0
0x00007f3fbaac67a0:   00007f3fbaac67b8 00007f3fbaac67dc
0x00007f3fbaac67b0:   0000000194002ed0 0000000000000000
0x00007f3fbaac67c0:   0000000000000000 0000000000000000
0x00007f3fbaac67d0:   00007f3f940079e0 0000000abaac6850
0x00007f3fbaac67e0:   0000000000000008 0000000000000002
0x00007f3fbaac67f0:   000000000000000f 0000000000000002
0x00007f3fbaac6800:   00000000000f0200 000000000000000f
0x00007f3fbaac6810:   00007f3fbaac6a60 00007f3fd3794976
0x00007f3fbaac6820:   0001d8df00000013 00007f3fd80f0200
0x00007f3fbaac6830:   00007f3f8c000ba0 00007f3fd39bcd60
0x00007f3fbaac6840:   00007f3fbaac6850 00007f3fbaac69e0
0x00007f3fbaac6850:   00007f3f94006dc1 00007f3f00000237
0x00007f3fbaac6860:   00007f3f94003340 000000000000012c
0x00007f3fbaac6870:   00007f3fbaac68a0 00007f3f94003340
0x00007f3fbaac6880:   00007f0000000000 0001d8df0000001c
0x00007f3fbaac6890:   00007f3f0000cd80 00007f3fbaac68a0
0x00007f3fbaac68a0:   3f7f000008000000 0600000098600094
0x00007f3fbaac68b0:   00003e74696e693c 0000005629280300
0x00007f3fbaac68c0:   7f00000100000000 000000906000943f 

Instructions: (pc=0x00007f3fd8c6f190)
0x00007f3fd8c6f170:   55 48 89 e5 53 48 83 ec 08 48 85 ff 75 12 31 db
0x00007f3fd8c6f180:   48 89 d8 48 83 c4 08 5b c9 c3 66 0f 1f 44 00 00
0x00007f3fd8c6f190:   48 8b 1f 48 85 db 74 e6 48 83 fb 37 74 e0 48 8b
0x00007f3fd8c6f1a0:   03 48 89 df ff 50 10 84 c0 0f 1f 80 00 00 00 00 

Register to memory mapping:

RAX=0x0000000000000001 is an unknown value
RBX=0x00007f3fd40036a0 is an unknown value
RCX=0x00007f3fd9d7a340: <offset 0x219340> in /lib/x86_64-linux-gnu/libpthread.so.0 at 0x00007f3fd9b61000
RDX=0x00007f3fd9353fe0: <offset 0xf57fe0> in /home/hijj/software/javaAndroid/jdk/jdk8/jre/lib/amd64/server/libjvm.so at 0x00007f3fd83fc000
RSP=0x00007f3fbaac66d0 is pointing into the stack for thread: 0x00007f3fd40ba800
RBP=0x00007f3fbaac66e0 is pointing into the stack for thread: 0x00007f3fd40ba800
RSI=0x00007f3fd40ba800 is a thread
RDI=0x0000000000000021 is an unknown value
R8 =0x00007f3f940060e0 is an unknown value
R9 =0x0000000000000000 is an unknown value
R10=0x0000000000000020 is an unknown value
R11=0x00007f3fd9515230: <offset 0x197230> in /lib/x86_64-linux-gnu/libc.so.6 at 0x00007f3fd937e000
R12=0x0000000000000017 is an unknown value
R13=0x0000000000000021 is an unknown value
R14=0x00007f3fd40ba800 is a thread
R15=0x00007f3fbaac67e7 is pointing into the stack for thread: 0x00007f3fd40ba800


Stack: [0x00007f3fba9c7000,0x00007f3fbaac8000],  sp=0x00007f3fbaac66d0,  free space=1021k
Native frames: (J=compiled Java code, j=interpreted, Vv=VM code, C=native code)
V  [libjvm.so+0x873190]  Method::checked_resolve_jmethod_id(_jmethodID*)+0x20
V  [libjvm.so+0x70878e]  jvmti_IsMethodSynthetic+0x29e
C  [libjdwp.so+0x25872]  isMethodSynthetic+0x42
C  [libjdwp.so+0x6a60]  methods1+0x1b0
C  [libjdwp.so+0x11976]  debugLoop_run+0x2b6
C  [libjdwp.so+0x247af]  attachThread+0x2f
V  [libjvm.so+0x7744f2]  JvmtiAgentThread::call_start_function()+0xc2
V  [libjvm.so+0xa2990f]  JavaThread::thread_main_inner()+0xdf
V  [libjvm.so+0xa29a3c]  JavaThread::run()+0x11c
V  [libjvm.so+0x8e75f8]  java_start(Thread*)+0x108
C  [libpthread.so.0+0x76aa]  start_thread+0xca


---------------  P R O C E S S  ---------------

Java Threads: ( => current thread )
  0x00007f3fd40da800 JavaThread "Service Thread" daemon [_thread_blocked, id=28987, stack(0x00007f3fba3c1000,0x00007f3fba4c2000)]
  0x00007f3fd40c5000 JavaThread "C1 CompilerThread2" daemon [_thread_blocked, id=28986, stack(0x00007f3fba4c2000,0x00007f3fba5c3000)]
  0x00007f3fd40c3800 JavaThread "C2 CompilerThread1" daemon [_thread_blocked, id=28985, stack(0x00007f3fba5c3000,0x00007f3fba6c4000)]
  0x00007f3fd40c0800 JavaThread "C2 CompilerThread0" daemon [_thread_blocked, id=28983, stack(0x00007f3fba6c4000,0x00007f3fba7c5000)]
  0x00007f3f94001000 JavaThread "JDWP Command Reader" daemon [_thread_in_native, id=28980, stack(0x00007f3fba7c5000,0x00007f3fba8c6000)]
  0x00007f3fd40be000 JavaThread "JDWP Event Helper Thread" daemon [_thread_blocked, id=28979, stack(0x00007f3fba8c6000,0x00007f3fba9c7000)]
=>0x00007f3fd40ba800 JavaThread "JDWP Transport Listener: dt_socket" daemon [_thread_in_vm, id=28978, stack(0x00007f3fba9c7000,0x00007f3fbaac8000)]
  0x00007f3fd40ad000 JavaThread "Signal Dispatcher" daemon [_thread_blocked, id=28974, stack(0x00007f3fbaccc000,0x00007f3fbadcd000)]
  0x00007f3fd407f000 JavaThread "Finalizer" daemon [_thread_blocked, id=28973, stack(0x00007f3fbadcd000,0x00007f3fbaece000)]
  0x00007f3fd407d000 JavaThread "Reference Handler" daemon [_thread_blocked, id=28972, stack(0x00007f3fbaece000,0x00007f3fbafcf000)]
  0x00007f3fd400c000 JavaThread "main" [_thread_in_native, id=28963, stack(0x00007f3fd9e81000,0x00007f3fd9f82000)]

Other Threads:
  0x00007f3fd4075800 VMThread [stack: 0x00007f3fbafcf000,0x00007f3fbb0d0000] [id=28971]
  0x00007f3fd40e5000 WatcherThread [stack: 0x00007f3fba2c0000,0x00007f3fba3c1000] [id=28988]

VM state:not at safepoint (normal execution)

VM Mutex/Monitor currently owned by a thread: None

Heap:
 PSYoungGen      total 17920K, used 1844K [0x00000000ec580000, 0x00000000ed980000, 0x0000000100000000)
  eden space 15360K, 12% used [0x00000000ec580000,0x00000000ec74d128,0x00000000ed480000)
  from space 2560K, 0% used [0x00000000ed700000,0x00000000ed700000,0x00000000ed980000)
  to   space 2560K, 0% used [0x00000000ed480000,0x00000000ed480000,0x00000000ed700000)
 ParOldGen       total 40960K, used 0K [0x00000000c5000000, 0x00000000c7800000, 0x00000000ec580000)
  object space 40960K, 0% used [0x00000000c5000000,0x00000000c5000000,0x00000000c7800000)
 Metaspace       used 3791K, capacity 4906K, committed 5120K, reserved 1056768K
  class space    used 407K, capacity 466K, committed 512K, reserved 1048576K

Card table byte_map: [0x00007f3fc2eae000,0x00007f3fc3087000] byte_map_base: 0x00007f3fc2886000

Marking Bits: (ParMarkBitMap*) 0x00007f3fd9353ac0
 Begin Bits: [0x00007f3fc0bef000, 0x00007f3fc1aaf000)
 End Bits:   [0x00007f3fc1aaf000, 0x00007f3fc296f000)

Polling page: 0x00007f3fd9f9f000

CodeCache: size=245760Kb used=1219Kb max_used=1219Kb free=244540Kb
 bounds [0x00007f3fc3447000, 0x00007f3fc36b7000, 0x00007f3fd2447000]
 total_blobs=318 nmethods=81 adapters=160
 compilation: enabled

Compilation events (10 events):
Event: 0.250 Thread 0x00007f3fd40c5000   77       3       java.util.regex.Pattern::peek (26 bytes)
Event: 0.250 Thread 0x00007f3fd40c5000 nmethod 77 0x00007f3fc3576bd0 code [0x00007f3fc3576d60, 0x00007f3fc3577028]
Event: 0.250 Thread 0x00007f3fd40c5000   78       3       java.lang.Character::isBmpCodePoint (13 bytes)
Event: 0.250 Thread 0x00007f3fd40c5000 nmethod 78 0x00007f3fc3577150 code [0x00007f3fc35772c0, 0x00007f3fc3577450]
Event: 0.250 Thread 0x00007f3fd40c5000   79       3       java.util.regex.Pattern::next (33 bytes)
Event: 0.250 Thread 0x00007f3fd40c5000 nmethod 79 0x00007f3fc35774d0 code [0x00007f3fc3577660, 0x00007f3fc3577928]
Event: 0.250 Thread 0x00007f3fd40c5000   80       1       java.util.regex.Pattern::flags (5 bytes)
Event: 0.250 Thread 0x00007f3fd40c5000 nmethod 80 0x00007f3fc3577a50 code [0x00007f3fc3577ba0, 0x00007f3fc3577cb0]
Event: 1710.000 Thread 0x00007f3fd40c5000   81       3       java.util.concurrent.ConcurrentHashMap$Node::<init> (26 bytes)
Event: 1710.001 Thread 0x00007f3fd40c5000 nmethod 81 0x00007f3fc3577d10 code [0x00007f3fc3577e80, 0x00007f3fc3578070]

GC Heap History (0 events):
No events

Deoptimization events (0 events):
No events

Internal exceptions (10 events):
Event: 0.234 Thread 0x00007f3fd400c000 Exception <a 'java/security/PrivilegedActionException'> (0x00000000ec6dfb40) thrown at [/HUDSON/workspace/8-2-build-linux-amd64/jdk8u20/1074/hotspot/src/share/vm/prims/jvm.cpp, line 1275]
Event: 0.234 Thread 0x00007f3fd400c000 Exception <a 'java/security/PrivilegedActionException'> (0x00000000ec6e0cf8) thrown at [/HUDSON/workspace/8-2-build-linux-amd64/jdk8u20/1074/hotspot/src/share/vm/prims/jvm.cpp, line 1275]
Event: 0.235 Thread 0x00007f3fd400c000 Exception <a 'java/security/PrivilegedActionException'> (0x00000000ec6e3718) thrown at [/HUDSON/workspace/8-2-build-linux-amd64/jdk8u20/1074/hotspot/src/share/vm/prims/jvm.cpp, line 1275]
Event: 0.236 Thread 0x00007f3fd400c000 Exception <a 'java/security/PrivilegedActionException'> (0x00000000ec6e4ab8) thrown at [/HUDSON/workspace/8-2-build-linux-amd64/jdk8u20/1074/hotspot/src/share/vm/prims/jvm.cpp, line 1275]
Event: 0.242 Thread 0x00007f3fd400c000 Exception <a 'java/security/PrivilegedActionException'> (0x00000000ec6f8858) thrown at [/HUDSON/workspace/8-2-build-linux-amd64/jdk8u20/1074/hotspot/src/share/vm/prims/jvm.cpp, line 1275]
Event: 0.242 Thread 0x00007f3fd400c000 Exception <a 'java/security/PrivilegedActionException'> (0x00000000ec6f9cf0) thrown at [/HUDSON/workspace/8-2-build-linux-amd64/jdk8u20/1074/hotspot/src/share/vm/prims/jvm.cpp, line 1275]
Event: 0.244 Thread 0x00007f3fd400c000 Exception <a 'java/security/PrivilegedActionException'> (0x00000000ec7071f8) thrown at [/HUDSON/workspace/8-2-build-linux-amd64/jdk8u20/1074/hotspot/src/share/vm/prims/jvm.cpp, line 1275]
Event: 0.245 Thread 0x00007f3fd400c000 Exception <a 'java/security/PrivilegedActionException'> (0x00000000ec7088b8) thrown at [/HUDSON/workspace/8-2-build-linux-amd64/jdk8u20/1074/hotspot/src/share/vm/prims/jvm.cpp, line 1275]
Event: 0.245 Thread 0x00007f3fd400c000 Exception <a 'java/security/PrivilegedActionException'> (0x00000000ec70af58) thrown at [/HUDSON/workspace/8-2-build-linux-amd64/jdk8u20/1074/hotspot/src/share/vm/prims/jvm.cpp, line 1275]
Event: 0.245 Thread 0x00007f3fd400c000 Exception <a 'java/security/PrivilegedActionException'> (0x00000000ec70c638) thrown at [/HUDSON/workspace/8-2-build-linux-amd64/jdk8u20/1074/hotspot/src/share/vm/prims/jvm.cpp, line 1275]

Events (10 events):
Event: 908.078 Executing VM operation: ChangeBreakpoints
Event: 908.078 Executing VM operation: ChangeBreakpoints done
Event: 908.080 Executing VM operation: ChangeBreakpoints
Event: 908.080 Executing VM operation: ChangeBreakpoints done
Event: 908.083 Executing VM operation: ChangeBreakpoints
Event: 908.083 Executing VM operation: ChangeBreakpoints done
Event: 908.083 Executing VM operation: ChangeBreakpoints
Event: 908.083 Executing VM operation: ChangeBreakpoints done
Event: 1710.001 Executing VM operation: RedefineClasses
Event: 1710.002 Executing VM operation: RedefineClasses done


Dynamic libraries:
00400000-00401000 r-xp 00000000 08:08 2622385                            /home/hijj/software/javaAndroid/jdk/jdk8/bin/java
00600000-00601000 rw-p 00000000 08:08 2622385                            /home/hijj/software/javaAndroid/jdk/jdk8/bin/java
00c7d000-00c9e000 rw-p 00000000 00:00 0                                  [heap]
c5000000-c7800000 rw-p 00000000 00:00 0 
c7800000-ec580000 ---p 00000000 00:00 0 
ec580000-ed980000 rw-p 00000000 00:00 0 
ed980000-100000000 ---p 00000000 00:00 0 
100000000-100080000 rw-p 00000000 00:00 0 
100080000-140000000 ---p 00000000 00:00 0 
7f3f7c000000-7f3f7c021000 rw-p 00000000 00:00 0 
7f3f7c021000-7f3f80000000 ---p 00000000 00:00 0 
7f3f80000000-7f3f80021000 rw-p 00000000 00:00 0 
7f3f80021000-7f3f84000000 ---p 00000000 00:00 0 
7f3f84000000-7f3f84021000 rw-p 00000000 00:00 0 
7f3f84021000-7f3f88000000 ---p 00000000 00:00 0 
7f3f88000000-7f3f8806c000 rw-p 00000000 00:00 0 
7f3f8806c000-7f3f8c000000 ---p 00000000 00:00 0 
7f3f8c000000-7f3f8c021000 rw-p 00000000 00:00 0 
7f3f8c021000-7f3f90000000 ---p 00000000 00:00 0 
7f3f90000000-7f3f9004e000 rw-p 00000000 00:00 0 
7f3f9004e000-7f3f94000000 ---p 00000000 00:00 0 
7f3f94000000-7f3f94023000 rw-p 00000000 00:00 0 
7f3f94023000-7f3f98000000 ---p 00000000 00:00 0 
7f3f98000000-7f3f98021000 rw-p 00000000 00:00 0 
7f3f98021000-7f3f9c000000 ---p 00000000 00:00 0 
7f3f9c000000-7f3f9c021000 rw-p 00000000 00:00 0 
7f3f9c021000-7f3fa0000000 ---p 00000000 00:00 0 
7f3fa0000000-7f3fa0021000 rw-p 00000000 00:00 0 
7f3fa0021000-7f3fa4000000 ---p 00000000 00:00 0 
7f3fa4000000-7f3fa4021000 rw-p 00000000 00:00 0 
7f3fa4021000-7f3fa8000000 ---p 00000000 00:00 0 
7f3fa8000000-7f3fa8021000 rw-p 00000000 00:00 0 
7f3fa8021000-7f3fac000000 ---p 00000000 00:00 0 
7f3fac000000-7f3fac021000 rw-p 00000000 00:00 0 
7f3fac021000-7f3fb0000000 ---p 00000000 00:00 0 
7f3fb0000000-7f3fb0021000 rw-p 00000000 00:00 0 
7f3fb0021000-7f3fb4000000 ---p 00000000 00:00 0 
7f3fb4000000-7f3fb4021000 rw-p 00000000 00:00 0 
7f3fb4021000-7f3fb8000000 ---p 00000000 00:00 0 
7f3fba038000-7f3fba2ad000 rw-p 00000000 00:00 0 
7f3fba2ad000-7f3fba2c0000 r--s 00344000 08:08 2628842                    /home/hijj/software/javaAndroid/jdk/jdk8/jre/lib/resources.jar
7f3fba2c0000-7f3fba2c1000 ---p 00000000 00:00 0 
7f3fba2c1000-7f3fba3c1000 rw-p 00000000 00:00 0                          [stack:28988]
7f3fba3c1000-7f3fba3c4000 ---p 00000000 00:00 0 
7f3fba3c4000-7f3fba4c2000 rw-p 00000000 00:00 0                          [stack:28987]
7f3fba4c2000-7f3fba4c5000 ---p 00000000 00:00 0 
7f3fba4c5000-7f3fba5c3000 rw-p 00000000 00:00 0                          [stack:28986]
7f3fba5c3000-7f3fba5c6000 ---p 00000000 00:00 0 
7f3fba5c6000-7f3fba6c4000 rw-p 00000000 00:00 0                          [stack:28985]
7f3fba6c4000-7f3fba6c7000 ---p 00000000 00:00 0 
7f3fba6c7000-7f3fba7c5000 rw-p 00000000 00:00 0                          [stack:28983]
7f3fba7c5000-7f3fba7c8000 ---p 00000000 00:00 0 
7f3fba7c8000-7f3fba8c6000 rw-p 00000000 00:00 0                          [stack:28980]
7f3fba8c6000-7f3fba8c9000 ---p 00000000 00:00 0 
7f3fba8c9000-7f3fba9c7000 rw-p 00000000 00:00 0                          [stack:28979]
7f3fba9c7000-7f3fba9ca000 ---p 00000000 00:00 0 
7f3fba9ca000-7f3fbaac8000 rw-p 00000000 00:00 0                          [stack:28978]
7f3fbaac8000-7f3fbaacc000 r-xp 00000000 08:08 2628974                    /home/hijj/software/javaAndroid/jdk/jdk8/jre/lib/amd64/libdt_socket.so
7f3fbaacc000-7f3fbaccb000 ---p 00004000 08:08 2628974                    /home/hijj/software/javaAndroid/jdk/jdk8/jre/lib/amd64/libdt_socket.so
7f3fbaccb000-7f3fbaccc000 rw-p 00003000 08:08 2628974                    /home/hijj/software/javaAndroid/jdk/jdk8/jre/lib/amd64/libdt_socket.so
7f3fbaccc000-7f3fbaccf000 ---p 00000000 00:00 0 
7f3fbaccf000-7f3fbadcd000 rw-p 00000000 00:00 0                          [stack:28974]
7f3fbadcd000-7f3fbadd0000 ---p 00000000 00:00 0 
7f3fbadd0000-7f3fbaece000 rw-p 00000000 00:00 0                          [stack:28973]
7f3fbaece000-7f3fbaed1000 ---p 00000000 00:00 0 
7f3fbaed1000-7f3fbafcf000 rw-p 00000000 00:00 0                          [stack:28972]
7f3fbafcf000-7f3fbafd0000 ---p 00000000 00:00 0 
7f3fbafd0000-7f3fbc000000 rw-p 00000000 00:00 0                          [stack:28971]
7f3fbc000000-7f3fbc021000 rw-p 00000000 00:00 0 
7f3fbc021000-7f3fc0000000 ---p 00000000 00:00 0 
7f3fc0004000-7f3fc0020000 r--s 00393000 08:08 2628860                    /home/hijj/software/javaAndroid/jdk/jdk8/jre/lib/ext/cldrdata.jar
7f3fc0020000-7f3fc0041000 rw-p 00000000 00:00 0 
7f3fc0041000-7f3fc0217000 r--s 03ca8000 08:08 2628807                    /home/hijj/software/javaAndroid/jdk/jdk8/jre/lib/rt.jar
7f3fc0217000-7f3fc0697000 rw-p 00000000 00:00 0 
7f3fc0697000-7f3fc0a17000 ---p 00000000 00:00 0 
7f3fc0a17000-7f3fc296f000 rw-p 00000000 00:00 0 
7f3fc296f000-7f3fc2970000 ---p 00000000 00:00 0 
7f3fc2970000-7f3fc2a70000 rw-p 00000000 00:00 0                          [stack:28969]
7f3fc2a70000-7f3fc2a71000 ---p 00000000 00:00 0 
7f3fc2a71000-7f3fc2b71000 rw-p 00000000 00:00 0                          [stack:28968]
7f3fc2b71000-7f3fc2b72000 ---p 00000000 00:00 0 
7f3fc2b72000-7f3fc2c72000 rw-p 00000000 00:00 0                          [stack:28967]
7f3fc2c72000-7f3fc2c73000 ---p 00000000 00:00 0 
7f3fc2c73000-7f3fc2d87000 rw-p 00000000 00:00 0                          [stack:28966]
7f3fc2d87000-7f3fc2eae000 ---p 00000000 00:00 0 
7f3fc2eae000-7f3fc2ec2000 rw-p 00000000 00:00 0 
7f3fc2ec2000-7f3fc2fe8000 ---p 00000000 00:00 0 
7f3fc2fe8000-7f3fc2ff3000 rw-p 00000000 00:00 0 
7f3fc2ff3000-7f3fc3086000 ---p 00000000 00:00 0 
7f3fc3086000-7f3fc3091000 rw-p 00000000 00:00 0 
7f3fc3091000-7f3fc3447000 ---p 00000000 00:00 0 
7f3fc3447000-7f3fc36b7000 rwxp 00000000 00:00 0 
7f3fc36b7000-7f3fd2447000 ---p 00000000 00:00 0 
7f3fd2447000-7f3fd2461000 r-xp 00000000 08:08 2629001                    /home/hijj/software/javaAndroid/jdk/jdk8/jre/lib/amd64/libzip.so
7f3fd2461000-7f3fd2661000 ---p 0001a000 08:08 2629001                    /home/hijj/software/javaAndroid/jdk/jdk8/jre/lib/amd64/libzip.so
7f3fd2661000-7f3fd2662000 rw-p 0001a000 08:08 2629001                    /home/hijj/software/javaAndroid/jdk/jdk8/jre/lib/amd64/libzip.so
7f3fd2662000-7f3fd266e000 r-xp 00000000 08:08 5771539                    /lib/x86_64-linux-gnu/libnss_files-2.21.so
7f3fd266e000-7f3fd286d000 ---p 0000c000 08:08 5771539                    /lib/x86_64-linux-gnu/libnss_files-2.21.so
7f3fd286d000-7f3fd286e000 r--p 0000b000 08:08 5771539                    /lib/x86_64-linux-gnu/libnss_files-2.21.so
7f3fd286e000-7f3fd286f000 rw-p 0000c000 08:08 5771539                    /lib/x86_64-linux-gnu/libnss_files-2.21.so
7f3fd286f000-7f3fd287a000 r-xp 00000000 08:08 5771549                    /lib/x86_64-linux-gnu/libnss_nis-2.21.so
7f3fd287a000-7f3fd2a79000 ---p 0000b000 08:08 5771549                    /lib/x86_64-linux-gnu/libnss_nis-2.21.so
7f3fd2a79000-7f3fd2a7a000 r--p 0000a000 08:08 5771549                    /lib/x86_64-linux-gnu/libnss_nis-2.21.so
7f3fd2a7a000-7f3fd2a7b000 rw-p 0000b000 08:08 5771549                    /lib/x86_64-linux-gnu/libnss_nis-2.21.so
7f3fd2a7b000-7f3fd2a92000 r-xp 00000000 08:08 5771533                    /lib/x86_64-linux-gnu/libnsl-2.21.so
7f3fd2a92000-7f3fd2c91000 ---p 00017000 08:08 5771533                    /lib/x86_64-linux-gnu/libnsl-2.21.so
7f3fd2c91000-7f3fd2c92000 r--p 00016000 08:08 5771533                    /lib/x86_64-linux-gnu/libnsl-2.21.so
7f3fd2c92000-7f3fd2c93000 rw-p 00017000 08:08 5771533                    /lib/x86_64-linux-gnu/libnsl-2.21.so
7f3fd2c93000-7f3fd2c95000 rw-p 00000000 00:00 0 
7f3fd2c95000-7f3fd2c9d000 r-xp 00000000 08:08 5771535                    /lib/x86_64-linux-gnu/libnss_compat-2.21.so
7f3fd2c9d000-7f3fd2e9c000 ---p 00008000 08:08 5771535                    /lib/x86_64-linux-gnu/libnss_compat-2.21.so
7f3fd2e9c000-7f3fd2e9d000 r--p 00007000 08:08 5771535                    /lib/x86_64-linux-gnu/libnss_compat-2.21.so
7f3fd2e9d000-7f3fd2e9e000 rw-p 00008000 08:08 5771535                    /lib/x86_64-linux-gnu/libnss_compat-2.21.so
7f3fd2e9e000-7f3fd3580000 r--p 00000000 08:08 4070784                    /usr/lib/locale/locale-archive
7f3fd3580000-7f3fd3582000 r-xp 00000000 08:08 2628975                    /home/hijj/software/javaAndroid/jdk/jdk8/jre/lib/amd64/libnpt.so
7f3fd3582000-7f3fd3782000 ---p 00002000 08:08 2628975                    /home/hijj/software/javaAndroid/jdk/jdk8/jre/lib/amd64/libnpt.so
7f3fd3782000-7f3fd3783000 rw-p 00002000 08:08 2628975                    /home/hijj/software/javaAndroid/jdk/jdk8/jre/lib/amd64/libnpt.so
7f3fd3783000-7f3fd37bc000 r-xp 00000000 08:08 2628992                    /home/hijj/software/javaAndroid/jdk/jdk8/jre/lib/amd64/libjdwp.so
7f3fd37bc000-7f3fd39bb000 ---p 00039000 08:08 2628992                    /home/hijj/software/javaAndroid/jdk/jdk8/jre/lib/amd64/libjdwp.so
7f3fd39bb000-7f3fd39bd000 rw-p 00038000 08:08 2628992                    /home/hijj/software/javaAndroid/jdk/jdk8/jre/lib/amd64/libjdwp.so
7f3fd39bd000-7f3fd39e7000 r-xp 00000000 08:08 2628996                    /home/hijj/software/javaAndroid/jdk/jdk8/jre/lib/amd64/libjava.so
7f3fd39e7000-7f3fd3be7000 ---p 0002a000 08:08 2628996                    /home/hijj/software/javaAndroid/jdk/jdk8/jre/lib/amd64/libjava.so
7f3fd3be7000-7f3fd3be9000 rw-p 0002a000 08:08 2628996                    /home/hijj/software/javaAndroid/jdk/jdk8/jre/lib/amd64/libjava.so
7f3fd3be9000-7f3fd3bf6000 r-xp 00000000 08:08 2629000                    /home/hijj/software/javaAndroid/jdk/jdk8/jre/lib/amd64/libverify.so
7f3fd3bf6000-7f3fd3df6000 ---p 0000d000 08:08 2629000                    /home/hijj/software/javaAndroid/jdk/jdk8/jre/lib/amd64/libverify.so
7f3fd3df6000-7f3fd3df8000 rw-p 0000d000 08:08 2629000                    /home/hijj/software/javaAndroid/jdk/jdk8/jre/lib/amd64/libverify.so
7f3fd3df8000-7f3fd3dff000 r-xp 00000000 08:08 5771594                    /lib/x86_64-linux-gnu/librt-2.21.so
7f3fd3dff000-7f3fd3ffe000 ---p 00007000 08:08 5771594                    /lib/x86_64-linux-gnu/librt-2.21.so
7f3fd3ffe000-7f3fd3fff000 r--p 00006000 08:08 5771594                    /lib/x86_64-linux-gnu/librt-2.21.so
7f3fd3fff000-7f3fd4000000 rw-p 00007000 08:08 5771594                    /lib/x86_64-linux-gnu/librt-2.21.so
7f3fd4000000-7f3fd4158000 rw-p 00000000 00:00 0 
7f3fd4158000-7f3fd8000000 ---p 00000000 00:00 0 
7f3fd800e000-7f3fd80f4000 rw-p 00000000 00:00 0 
7f3fd80f4000-7f3fd81fb000 r-xp 00000000 08:08 5771512                    /lib/x86_64-linux-gnu/libm-2.21.so
7f3fd81fb000-7f3fd83fa000 ---p 00107000 08:08 5771512                    /lib/x86_64-linux-gnu/libm-2.21.so
7f3fd83fa000-7f3fd83fb000 r--p 00106000 08:08 5771512                    /lib/x86_64-linux-gnu/libm-2.21.so
7f3fd83fb000-7f3fd83fc000 rw-p 00107000 08:08 5771512                    /lib/x86_64-linux-gnu/libm-2.21.so
7f3fd83fc000-7f3fd9066000 r-xp 00000000 08:08 2628982                    /home/hijj/software/javaAndroid/jdk/jdk8/jre/lib/amd64/server/libjvm.so
7f3fd9066000-7f3fd9265000 ---p 00c6a000 08:08 2628982                    /home/hijj/software/javaAndroid/jdk/jdk8/jre/lib/amd64/server/libjvm.so
7f3fd9265000-7f3fd933c000 rw-p 00c69000 08:08 2628982                    /home/hijj/software/javaAndroid/jdk/jdk8/jre/lib/amd64/server/libjvm.so
7f3fd933c000-7f3fd937e000 rw-p 00000000 00:00 0 
7f3fd937e000-7f3fd953e000 r-xp 00000000 08:08 5771453                    /lib/x86_64-linux-gnu/libc-2.21.so
7f3fd953e000-7f3fd973e000 ---p 001c0000 08:08 5771453                    /lib/x86_64-linux-gnu/libc-2.21.so
7f3fd973e000-7f3fd9742000 r--p 001c0000 08:08 5771453                    /lib/x86_64-linux-gnu/libc-2.21.so
7f3fd9742000-7f3fd9744000 rw-p 001c4000 08:08 5771453                    /lib/x86_64-linux-gnu/libc-2.21.so
7f3fd9744000-7f3fd9748000 rw-p 00000000 00:00 0 
7f3fd9748000-7f3fd974b000 r-xp 00000000 08:08 5771470                    /lib/x86_64-linux-gnu/libdl-2.21.so
7f3fd974b000-7f3fd994a000 ---p 00003000 08:08 5771470                    /lib/x86_64-linux-gnu/libdl-2.21.so
7f3fd994a000-7f3fd994b000 r--p 00002000 08:08 5771470                    /lib/x86_64-linux-gnu/libdl-2.21.so
7f3fd994b000-7f3fd994c000 rw-p 00003000 08:08 5771470                    /lib/x86_64-linux-gnu/libdl-2.21.so
7f3fd994c000-7f3fd9961000 r-xp 00000000 08:08 2628623                    /home/hijj/software/javaAndroid/jdk/jdk8/lib/amd64/jli/libjli.so
7f3fd9961000-7f3fd9b60000 ---p 00015000 08:08 2628623                    /home/hijj/software/javaAndroid/jdk/jdk8/lib/amd64/jli/libjli.so
7f3fd9b60000-7f3fd9b61000 rw-p 00014000 08:08 2628623                    /home/hijj/software/javaAndroid/jdk/jdk8/lib/amd64/jli/libjli.so
7f3fd9b61000-7f3fd9b79000 r-xp 00000000 08:08 5771586                    /lib/x86_64-linux-gnu/libpthread-2.21.so
7f3fd9b79000-7f3fd9d79000 ---p 00018000 08:08 5771586                    /lib/x86_64-linux-gnu/libpthread-2.21.so
7f3fd9d79000-7f3fd9d7a000 r--p 00018000 08:08 5771586                    /lib/x86_64-linux-gnu/libpthread-2.21.so
7f3fd9d7a000-7f3fd9d7b000 rw-p 00019000 08:08 5771586                    /lib/x86_64-linux-gnu/libpthread-2.21.so
7f3fd9d7b000-7f3fd9d7f000 rw-p 00000000 00:00 0 
7f3fd9d7f000-7f3fd9da3000 r-xp 00000000 08:08 5771425                    /lib/x86_64-linux-gnu/ld-2.21.so
7f3fd9da9000-7f3fd9e81000 rw-p 00000000 00:00 0 
7f3fd9e81000-7f3fd9e84000 ---p 00000000 00:00 0 
7f3fd9e84000-7f3fd9f86000 rw-p 00000000 00:00 0                          [stack:28963]
7f3fd9f89000-7f3fd9f8c000 rw-p 00000000 00:00 0 
7f3fd9f8c000-7f3fd9f96000 r--s 00116000 08:08 2628866                    /home/hijj/software/javaAndroid/jdk/jdk8/jre/lib/ext/localedata.jar
7f3fd9f96000-7f3fd9f9e000 rw-s 00000000 08:08 1574407                    /tmp/hsperfdata_hijj/28959
7f3fd9f9e000-7f3fd9f9f000 rw-p 00000000 00:00 0 
7f3fd9f9f000-7f3fd9fa0000 r--p 00000000 00:00 0 
7f3fd9fa0000-7f3fd9fa2000 rw-p 00000000 00:00 0 
7f3fd9fa2000-7f3fd9fa3000 r--p 00023000 08:08 5771425                    /lib/x86_64-linux-gnu/ld-2.21.so
7f3fd9fa3000-7f3fd9fa4000 rw-p 00024000 08:08 5771425                    /lib/x86_64-linux-gnu/ld-2.21.so
7f3fd9fa4000-7f3fd9fa5000 rw-p 00000000 00:00 0 
7ffde86ab000-7ffde86cc000 rw-p 00000000 00:00 0                          [stack]
7ffde87e3000-7ffde87e5000 r--p 00000000 00:00 0                          [vvar]
7ffde87e5000-7ffde87e7000 r-xp 00000000 00:00 0                          [vdso]
ffffffffff600000-ffffffffff601000 r-xp 00000000 00:00 0                  [vsyscall]

VM Arguments:
jvm_args: -agentlib:jdwp=transport=dt_socket,suspend=y,address=localhost:43400 -Dfile.encoding=UTF-8 
java_command: learning.ks8.MainTest
java_class_path (initial): /media/hijj/娱乐/github/repositories/ACM/Java/bin
Launcher Type: SUN_STANDARD

Environment Variables:
JAVA_HOME=/home/hijj/software/javaAndroid/jdk/jdk8
JRE_HOME=/home/hijj/software/javaAndroid/jdk/jdk8/jre
CLASSPATH=.:/home/hijj/software/javaAndroid/jdk/jdk8/lib:/home/hijj/software/javaAndroid/jdk/jdk8/jre/lib:.:$JAVA_HOME/lib:$JAVA_HOME/jre/lib
PATH=/home/hijj/software/javaAndroid/sdk/android-sdk-linux/tools:/home/hijj/software/javaAndroid/sdk/android-sdk-linux/platform-tools:/home/hijj/software/javaAndroid/jdk/jdk8/bin:/home/hijj/software/javaAndroid/jdk/jdk8/jre/bin:/usr/local/sbin:/usr/local/bin:/usr/sbin:/usr/bin:/sbin:/bin:/usr/games:/usr/local/games:$JAVA_HOME/bin:$ANDROID_PATH/tools:$ANDROID_PATH/platform-tools
SHELL=/bin/bash
DISPLAY=:0

Signal Handlers:
SIGSEGV: [libjvm.so+0xa77530], sa_mask[0]=11111111011111111101111111111110, sa_flags=SA_RESTART|SA_SIGINFO
SIGBUS: [libjvm.so+0xa77530], sa_mask[0]=11111111011111111101111111111110, sa_flags=SA_RESTART|SA_SIGINFO
SIGFPE: [libjvm.so+0x8e1d90], sa_mask[0]=11111111011111111101111111111110, sa_flags=SA_RESTART|SA_SIGINFO
SIGPIPE: [libjvm.so+0x8e1d90], sa_mask[0]=11111111011111111101111111111110, sa_flags=SA_RESTART|SA_SIGINFO
SIGXFSZ: [libjvm.so+0x8e1d90], sa_mask[0]=11111111011111111101111111111110, sa_flags=SA_RESTART|SA_SIGINFO
SIGILL: [libjvm.so+0x8e1d90], sa_mask[0]=11111111011111111101111111111110, sa_flags=SA_RESTART|SA_SIGINFO
SIGUSR1: SIG_DFL, sa_mask[0]=00000000000000000000000000000000, sa_flags=none
SIGUSR2: [libjvm.so+0x8e35c0], sa_mask[0]=00100000000000000000000000000000, sa_flags=SA_RESTART|SA_SIGINFO
SIGHUP: [libjvm.so+0x8e4980], sa_mask[0]=11111111011111111101111111111110, sa_flags=SA_RESTART|SA_SIGINFO
SIGINT: [libjvm.so+0x8e4980], sa_mask[0]=11111111011111111101111111111110, sa_flags=SA_RESTART|SA_SIGINFO
SIGTERM: [libjvm.so+0x8e4980], sa_mask[0]=11111111011111111101111111111110, sa_flags=SA_RESTART|SA_SIGINFO
SIGQUIT: [libjvm.so+0x8e4980], sa_mask[0]=11111111011111111101111111111110, sa_flags=SA_RESTART|SA_SIGINFO


---------------  S Y S T E M  ---------------

OS:DISTRIB_ID=Ubuntu
DISTRIB_RELEASE=15.04
DISTRIB_CODENAME=vivid
DISTRIB_DESCRIPTION="Ubuntu 15.04"

uname:Linux 3.19.0-30-generic #34-Ubuntu SMP Fri Oct 2 22:08:41 UTC 2015 x86_64
libc:glibc 2.21 NPTL 2.21 
rlimit: STACK 8192k, CORE 0k, NPROC 15002, NOFILE 65536, AS infinity
load average:0.09 0.13 0.31

/proc/meminfo:
MemTotal:        3863036 kB
MemFree:          741748 kB
MemAvailable:    1178020 kB
Buffers:           64140 kB
Cached:           779256 kB
SwapCached:        42520 kB
Active:          1614896 kB
Inactive:        1252888 kB
Active(anon):    1312544 kB
Inactive(anon):   984420 kB
Active(file):     302352 kB
Inactive(file):   268468 kB
Unevictable:          48 kB
Mlocked:              48 kB
SwapTotal:       4005884 kB
SwapFree:        3440932 kB
Dirty:              1852 kB
Writeback:             0 kB
AnonPages:       1998808 kB
Mapped:           218628 kB
Shmem:            272520 kB
Slab:             116588 kB
SReclaimable:      68792 kB
SUnreclaim:        47796 kB
KernelStack:       32640 kB
PageTables:        48912 kB
NFS_Unstable:          0 kB
Bounce:                0 kB
WritebackTmp:          0 kB
CommitLimit:     5937400 kB
Committed_AS:   13716920 kB
VmallocTotal:   34359738367 kB
VmallocUsed:      378088 kB
VmallocChunk:   34359320912 kB
HardwareCorrupted:     0 kB
AnonHugePages:   1056768 kB
CmaTotal:              0 kB
CmaFree:               0 kB
HugePages_Total:       0
HugePages_Free:        0
HugePages_Rsvd:        0
HugePages_Surp:        0
Hugepagesize:       2048 kB
DirectMap4k:      185084 kB
DirectMap2M:     3823616 kB


CPU:total 4 (2 cores per cpu, 2 threads per core) family 6 model 58 stepping 9, cmov, cx8, fxsr, mmx, sse, sse2, sse3, ssse3, sse4.1, sse4.2, popcnt, avx, aes, clmul, erms, ht, tsc, tscinvbit, tscinv

/proc/cpuinfo:
processor	: 0
vendor_id	: GenuineIntel
cpu family	: 6
model		: 58
model name	: Intel(R) Core(TM) i5-3230M CPU @ 2.60GHz
stepping	: 9
microcode	: 0x17
cpu MHz		: 2999.953
cache size	: 3072 KB
physical id	: 0
siblings	: 4
core id		: 0
cpu cores	: 2
apicid		: 0
initial apicid	: 0
fpu		: yes
fpu_exception	: yes
cpuid level	: 13
wp		: yes
flags		: fpu vme de pse tsc msr pae mce cx8 apic sep mtrr pge mca cmov pat pse36 clflush dts acpi mmx fxsr sse sse2 ss ht tm pbe syscall nx rdtscp lm constant_tsc arch_perfmon pebs bts rep_good nopl xtopology nonstop_tsc aperfmperf eagerfpu pni pclmulqdq dtes64 monitor ds_cpl vmx est tm2 ssse3 cx16 xtpr pdcm pcid sse4_1 sse4_2 x2apic popcnt tsc_deadline_timer aes xsave avx f16c rdrand lahf_lm ida arat epb pln pts dtherm tpr_shadow vnmi flexpriority ept vpid fsgsbase smep erms xsaveopt
bugs		:
bogomips	: 5188.00
clflush size	: 64
cache_alignment	: 64
address sizes	: 36 bits physical, 48 bits virtual
power management:

processor	: 1
vendor_id	: GenuineIntel
cpu family	: 6
model		: 58
model name	: Intel(R) Core(TM) i5-3230M CPU @ 2.60GHz
stepping	: 9
microcode	: 0x17
cpu MHz		: 2999.953
cache size	: 3072 KB
physical id	: 0
siblings	: 4
core id		: 0
cpu cores	: 2
apicid		: 1
initial apicid	: 1
fpu		: yes
fpu_exception	: yes
cpuid level	: 13
wp		: yes
flags		: fpu vme de pse tsc msr pae mce cx8 apic sep mtrr pge mca cmov pat pse36 clflush dts acpi mmx fxsr sse sse2 ss ht tm pbe syscall nx rdtscp lm constant_tsc arch_perfmon pebs bts rep_good nopl xtopology nonstop_tsc aperfmperf eagerfpu pni pclmulqdq dtes64 monitor ds_cpl vmx est tm2 ssse3 cx16 xtpr pdcm pcid sse4_1 sse4_2 x2apic popcnt tsc_deadline_timer aes xsave avx f16c rdrand lahf_lm ida arat epb pln pts dtherm tpr_shadow vnmi flexpriority ept vpid fsgsbase smep erms xsaveopt
bugs		:
bogomips	: 5188.00
clflush size	: 64
cache_alignment	: 64
address sizes	: 36 bits physical, 48 bits virtual
power management:

processor	: 2
vendor_id	: GenuineIntel
cpu family	: 6
model		: 58
model name	: Intel(R) Core(TM) i5-3230M CPU @ 2.60GHz
stepping	: 9
microcode	: 0x17
cpu MHz		: 2999.953
cache size	: 3072 KB
physical id	: 0
siblings	: 4
core id		: 1
cpu cores	: 2
apicid		: 2
initial apicid	: 2
fpu		: yes
fpu_exception	: yes
cpuid level	: 13
wp		: yes
flags		: fpu vme de pse tsc msr pae mce cx8 apic sep mtrr pge mca cmov pat pse36 clflush dts acpi mmx fxsr sse sse2 ss ht tm pbe syscall nx rdtscp lm constant_tsc arch_perfmon pebs bts rep_good nopl xtopology nonstop_tsc aperfmperf eagerfpu pni pclmulqdq dtes64 monitor ds_cpl vmx est tm2 ssse3 cx16 xtpr pdcm pcid sse4_1 sse4_2 x2apic popcnt tsc_deadline_timer aes xsave avx f16c rdrand lahf_lm ida arat epb pln pts dtherm tpr_shadow vnmi flexpriority ept vpid fsgsbase smep erms xsaveopt
bugs		:
bogomips	: 5188.00
clflush size	: 64
cache_alignment	: 64
address sizes	: 36 bits physical, 48 bits virtual
power management:

processor	: 3
vendor_id	: GenuineIntel
cpu family	: 6
model		: 58
model name	: Intel(R) Core(TM) i5-3230M CPU @ 2.60GHz
stepping	: 9
microcode	: 0x17
cpu MHz		: 2999.953
cache size	: 3072 KB
physical id	: 0
siblings	: 4
core id		: 1
cpu cores	: 2
apicid		: 3
initial apicid	: 3
fpu		: yes
fpu_exception	: yes
cpuid level	: 13
wp		: yes
flags		: fpu vme de pse tsc msr pae mce cx8 apic sep mtrr pge mca cmov pat pse36 clflush dts acpi mmx fxsr sse sse2 ss ht tm pbe syscall nx rdtscp lm constant_tsc arch_perfmon pebs bts rep_good nopl xtopology nonstop_tsc aperfmperf eagerfpu pni pclmulqdq dtes64 monitor ds_cpl vmx est tm2 ssse3 cx16 xtpr pdcm pcid sse4_1 sse4_2 x2apic popcnt tsc_deadline_timer aes xsave avx f16c rdrand lahf_lm ida arat epb pln pts dtherm tpr_shadow vnmi flexpriority ept vpid fsgsbase smep erms xsaveopt
bugs		:
bogomips	: 5188.00
clflush size	: 64
cache_alignment	: 64
address sizes	: 36 bits physical, 48 bits virtual
power management:



Memory: 4k page, physical 3863036k(741748k free), swap 4005884k(3440932k free)

vm_info: Java HotSpot(TM) 64-Bit Server VM (25.20-b23) for linux-amd64 JRE (1.8.0_20-b26), built on Jul 30 2014 13:13:52 by "java_re" with gcc 4.3.0 20080428 (Red Hat 4.3.0-8)

time: Thu Oct 22 00:10:23 2015
elapsed time: 1710 seconds (0d 0h 28m 30s)

