#
# A fatal error has been detected by the Java Runtime Environment:
#
#  SIGSEGV (0xb) at pc=0x00007f77297c5190, pid=10883, tid=140149134407424
#
# JRE version: Java(TM) SE Runtime Environment (8.0_20-b26) (build 1.8.0_20-b26)
# Java VM: Java HotSpot(TM) 64-Bit Server VM (25.20-b23 mixed mode linux-amd64 compressed oops)
# Problematic frame:
# V  [libjvm.so+0x873190]  Method::checked_resolve_jmethod_id(_jmethodID*)+0x20
#
# Failed to write core dump. Core dumps have been disabled. To enable core dumping, try "ulimit -c unlimited" before starting Java again
#
# If you would like to submit a bug report, please visit:
#   http://bugreport.sun.com/bugreport/crash.jsp
#

---------------  T H R E A D  ---------------

Current thread (0x00007f77240ba800):  JavaThread "JDWP Transport Listener: dt_socket" daemon [_thread_in_vm, id=10901, stack(0x00007f77034f3000,0x00007f77035f4000)]

siginfo: si_signo: 11 (SIGSEGV), si_code: 128 (SI_KERNEL), si_addr: 0x0000000000000000

Registers:
RAX=0x0000000000000001, RBX=0x00007f77240036a0, RCX=0x00007f772a8d0340, RDX=0x00007f7729ea9fe0
RSP=0x00007f77035f28d0, RBP=0x00007f77035f28e0, RSI=0x00007f77240ba800, RDI=0x003b797274003b6e
R8 =0x00007f76ec005ee0, R9 =0x0000000000000000, R10=0x0000000000000020, R11=0x00007f772a06b230
R12=0x0000000000000017, R13=0x003b797274003b6e, R14=0x00007f77240ba800, R15=0x00007f77035f29e7
RIP=0x00007f77297c5190, EFLAGS=0x0000000000010202, CSGSFS=0x0000000000000033, ERR=0x0000000000000000
  TRAPNO=0x000000000000000d

Top of Stack: (sp=0x00007f77035f28d0)
0x00007f77035f28d0:   0000000000000074 00007f77240036a0
0x00007f77035f28e0:   00007f77035f2950 00007f772965a78e
0x00007f77035f28f0:   00007f76ec005ee0 00007f77035f2900
0x00007f77035f2900:   00007f77240ba800 0000000000000000
0x00007f77035f2910:   00007f7700000000 0000000000000000
0x00007f77035f2920:   00007f77035f2940 00007f7728606d60
0x00007f77035f2930:   003b797274003b6e 00007f77035f29e7
0x00007f77035f2940:   0000000000000007 00007f77035f29e7
0x00007f77035f2950:   00007f77035f2980 00007f77283f2872
0x00007f77035f2960:   00007f77035f2980 003b797274003b6e
0x00007f77035f2970:   00007f77035f2a50 0000000000000038
0x00007f77035f2980:   00007f77035f2a10 00007f77283d3a60
0x00007f77035f2990:   00007f77035f29c8 00007f77035f29c0
0x00007f77035f29a0:   00007f77035f29b8 00007f77035f29dc
0x00007f77035f29b0:   00000001ec00aac0 0000000000000000
0x00007f77035f29c0:   0000000000000000 0000000000000000
0x00007f77035f29d0:   00007f76ec0085f0 0000000a035f2a50
0x00007f77035f29e0:   0000000000000008 0000000000000002
0x00007f77035f29f0:   000000000000000f 0000000000000002
0x00007f77035f2a00:   00000000000f0200 000000000000000f
0x00007f77035f2a10:   00007f77035f2c60 00007f77283de976
0x00007f77035f2a20:   0001d7f200000013 00007f77290f0200
0x00007f77035f2a30:   00007f76e4000fb0 00007f7728606d60
0x00007f77035f2a40:   00007f77035f2a50 00007f77035f2be0
0x00007f77035f2a50:   00007f76ec00b3c1 00007f7700000237
0x00007f77035f2a60:   00007f76ec00b600 000000000000012c
0x00007f77035f2a70:   00007f77035f2aa0 00007f76ec00b600
0x00007f77035f2a80:   00007f0000000000 0001d7f20000001c
0x00007f77035f2a90:   00007f770000cd80 00007f77035f2aa0
0x00007f77035f2aa0:   767f000008000000 06000000985e00ec
0x00007f77035f2ab0:   00003e74696e693c 0000005629280300
0x00007f77035f2ac0:   7f00000100000000 000000905e00ec76 

Instructions: (pc=0x00007f77297c5190)
0x00007f77297c5170:   55 48 89 e5 53 48 83 ec 08 48 85 ff 75 12 31 db
0x00007f77297c5180:   48 89 d8 48 83 c4 08 5b c9 c3 66 0f 1f 44 00 00
0x00007f77297c5190:   48 8b 1f 48 85 db 74 e6 48 83 fb 37 74 e0 48 8b
0x00007f77297c51a0:   03 48 89 df ff 50 10 84 c0 0f 1f 80 00 00 00 00 

Register to memory mapping:

RAX=0x0000000000000001 is an unknown value
RBX=0x00007f77240036a0 is an unknown value
RCX=0x00007f772a8d0340: <offset 0x219340> in /lib/x86_64-linux-gnu/libpthread.so.0 at 0x00007f772a6b7000
RDX=0x00007f7729ea9fe0: <offset 0xf57fe0> in /home/hijj/software/javaAndroid/jdk/jdk8/jre/lib/amd64/server/libjvm.so at 0x00007f7728f52000
RSP=0x00007f77035f28d0 is pointing into the stack for thread: 0x00007f77240ba800
RBP=0x00007f77035f28e0 is pointing into the stack for thread: 0x00007f77240ba800
RSI=0x00007f77240ba800 is a thread
RDI=0x003b797274003b6e is an unknown value
R8 =0x00007f76ec005ee0 is an unknown value
R9 =0x0000000000000000 is an unknown value
R10=0x0000000000000020 is an unknown value
R11=0x00007f772a06b230: <offset 0x197230> in /lib/x86_64-linux-gnu/libc.so.6 at 0x00007f7729ed4000
R12=0x0000000000000017 is an unknown value
R13=0x003b797274003b6e is an unknown value
R14=0x00007f77240ba800 is a thread
R15=0x00007f77035f29e7 is pointing into the stack for thread: 0x00007f77240ba800


Stack: [0x00007f77034f3000,0x00007f77035f4000],  sp=0x00007f77035f28d0,  free space=1022k
Native frames: (J=compiled Java code, j=interpreted, Vv=VM code, C=native code)
V  [libjvm.so+0x873190]  Method::checked_resolve_jmethod_id(_jmethodID*)+0x20
V  [libjvm.so+0x70878e]  jvmti_IsMethodSynthetic+0x29e
C  [libjdwp.so+0x25872]  isMethodSynthetic+0x42
C  [libjdwp.so+0x6a60]  methods1+0x1b0
C  [libjdwp.so+0x11976]  debugLoop_run+0x2b6
C  [libjdwp.so+0x247af]  attachThread+0x2f
V  [libjvm.so+0x7744f2]  JvmtiAgentThread::call_start_function()+0xc2
V  [libjvm.so+0xa2990f]  JavaThread::thread_main_inner()+0xdf
V  [libjvm.so+0xa29a3c]  JavaThread::run()+0x11c
V  [libjvm.so+0x8e75f8]  java_start(Thread*)+0x108
C  [libpthread.so.0+0x76aa]  start_thread+0xca


---------------  P R O C E S S  ---------------

Java Threads: ( => current thread )
  0x00007f77240ca000 JavaThread "Service Thread" daemon [_thread_blocked, id=10911, stack(0x00007f7702eed000,0x00007f7702fee000)]
  0x00007f77240c5000 JavaThread "C1 CompilerThread2" daemon [_thread_blocked, id=10910, stack(0x00007f7702fee000,0x00007f77030ef000)]
  0x00007f77240c3000 JavaThread "C2 CompilerThread1" daemon [_thread_blocked, id=10909, stack(0x00007f77030ef000,0x00007f77031f0000)]
  0x00007f77240c0000 JavaThread "C2 CompilerThread0" daemon [_thread_blocked, id=10908, stack(0x00007f77031f0000,0x00007f77032f1000)]
  0x00007f76ec001000 JavaThread "JDWP Command Reader" daemon [_thread_in_native, id=10905, stack(0x00007f77032f1000,0x00007f77033f2000)]
  0x00007f77240be000 JavaThread "JDWP Event Helper Thread" daemon [_thread_blocked, id=10904, stack(0x00007f77033f2000,0x00007f77034f3000)]
=>0x00007f77240ba800 JavaThread "JDWP Transport Listener: dt_socket" daemon [_thread_in_vm, id=10901, stack(0x00007f77034f3000,0x00007f77035f4000)]
  0x00007f77240ad000 JavaThread "Signal Dispatcher" daemon [_thread_blocked, id=10899, stack(0x00007f77037f8000,0x00007f77038f9000)]
  0x00007f772407f000 JavaThread "Finalizer" daemon [_thread_blocked, id=10898, stack(0x00007f77038f9000,0x00007f77039fa000)]
  0x00007f772407d000 JavaThread "Reference Handler" daemon [_thread_blocked, id=10897, stack(0x00007f77039fa000,0x00007f7703afb000)]
  0x00007f772400c000 JavaThread "main" [_thread_in_native, id=10889, stack(0x00007f772a9d7000,0x00007f772aad8000)]

Other Threads:
  0x00007f7724075800 VMThread [stack: 0x00007f7703afb000,0x00007f7703bfc000] [id=10896]
  0x00007f77240cd000 WatcherThread [stack: 0x00007f7702dec000,0x00007f7702eed000] [id=10912]

VM state:not at safepoint (normal execution)

VM Mutex/Monitor currently owned by a thread: None

Heap:
 PSYoungGen      total 17920K, used 2152K [0x00000000ec580000, 0x00000000ed980000, 0x0000000100000000)
  eden space 15360K, 14% used [0x00000000ec580000,0x00000000ec79a000,0x00000000ed480000)
  from space 2560K, 0% used [0x00000000ed700000,0x00000000ed700000,0x00000000ed980000)
  to   space 2560K, 0% used [0x00000000ed480000,0x00000000ed480000,0x00000000ed700000)
 ParOldGen       total 40960K, used 0K [0x00000000c5000000, 0x00000000c7800000, 0x00000000ec580000)
  object space 40960K, 0% used [0x00000000c5000000,0x00000000c5000000,0x00000000c7800000)
 Metaspace       used 4065K, capacity 5162K, committed 5376K, reserved 1056768K
  class space    used 418K, capacity 466K, committed 512K, reserved 1048576K

Card table byte_map: [0x00007f771392e000,0x00007f7713b07000] byte_map_base: 0x00007f7713306000

Marking Bits: (ParMarkBitMap*) 0x00007f7729ea9ac0
 Begin Bits: [0x00007f77117aa000, 0x00007f771266a000)
 End Bits:   [0x00007f771266a000, 0x00007f771352a000)

Polling page: 0x00007f772aaf5000

CodeCache: size=245760Kb used=1206Kb max_used=1206Kb free=244553Kb
 bounds [0x00007f7713ec7000, 0x00007f7714137000, 0x00007f7722ec7000]
 total_blobs=314 nmethods=77 adapters=160
 compilation: enabled

Compilation events (10 events):
Event: 0.233 Thread 0x00007f77240c5000   73       3       java.util.regex.Pattern::peek (26 bytes)
Event: 0.233 Thread 0x00007f77240c5000 nmethod 73 0x00007f7713ff3710 code [0x00007f7713ff38a0, 0x00007f7713ff3b68]
Event: 0.233 Thread 0x00007f77240c5000   74       3       java.lang.Character::isBmpCodePoint (13 bytes)
Event: 0.233 Thread 0x00007f77240c5000 nmethod 74 0x00007f7713ff3c90 code [0x00007f7713ff3e00, 0x00007f7713ff3f90]
Event: 0.233 Thread 0x00007f77240c5000   75       3       java.util.regex.Pattern::next (33 bytes)
Event: 0.234 Thread 0x00007f77240c5000 nmethod 75 0x00007f7713ff4010 code [0x00007f7713ff41a0, 0x00007f7713ff4468]
Event: 0.234 Thread 0x00007f77240c5000   76       1       java.util.regex.Pattern::flags (5 bytes)
Event: 0.234 Thread 0x00007f77240c5000 nmethod 76 0x00007f7713ff4590 code [0x00007f7713ff46e0, 0x00007f7713ff47f0]
Event: 2942.637 Thread 0x00007f77240c5000   77       3       java.util.concurrent.ConcurrentHashMap$Node::<init> (26 bytes)
Event: 2942.640 Thread 0x00007f77240c5000 nmethod 77 0x00007f7713ff4850 code [0x00007f7713ff49c0, 0x00007f7713ff4bb0]

GC Heap History (0 events):
No events

Deoptimization events (0 events):
No events

Internal exceptions (10 events):
Event: 0.217 Thread 0x00007f772400c000 Exception <a 'java/security/PrivilegedActionException'> (0x00000000ec72c918) thrown at [/HUDSON/workspace/8-2-build-linux-amd64/jdk8u20/1074/hotspot/src/share/vm/prims/jvm.cpp, line 1275]
Event: 0.218 Thread 0x00007f772400c000 Exception <a 'java/security/PrivilegedActionException'> (0x00000000ec72dad0) thrown at [/HUDSON/workspace/8-2-build-linux-amd64/jdk8u20/1074/hotspot/src/share/vm/prims/jvm.cpp, line 1275]
Event: 0.218 Thread 0x00007f772400c000 Exception <a 'java/security/PrivilegedActionException'> (0x00000000ec7304f0) thrown at [/HUDSON/workspace/8-2-build-linux-amd64/jdk8u20/1074/hotspot/src/share/vm/prims/jvm.cpp, line 1275]
Event: 0.219 Thread 0x00007f772400c000 Exception <a 'java/security/PrivilegedActionException'> (0x00000000ec731890) thrown at [/HUDSON/workspace/8-2-build-linux-amd64/jdk8u20/1074/hotspot/src/share/vm/prims/jvm.cpp, line 1275]
Event: 0.223 Thread 0x00007f772400c000 Exception <a 'java/security/PrivilegedActionException'> (0x00000000ec745630) thrown at [/HUDSON/workspace/8-2-build-linux-amd64/jdk8u20/1074/hotspot/src/share/vm/prims/jvm.cpp, line 1275]
Event: 0.224 Thread 0x00007f772400c000 Exception <a 'java/security/PrivilegedActionException'> (0x00000000ec746ac8) thrown at [/HUDSON/workspace/8-2-build-linux-amd64/jdk8u20/1074/hotspot/src/share/vm/prims/jvm.cpp, line 1275]
Event: 0.225 Thread 0x00007f772400c000 Exception <a 'java/security/PrivilegedActionException'> (0x00000000ec7540d0) thrown at [/HUDSON/workspace/8-2-build-linux-amd64/jdk8u20/1074/hotspot/src/share/vm/prims/jvm.cpp, line 1275]
Event: 0.225 Thread 0x00007f772400c000 Exception <a 'java/security/PrivilegedActionException'> (0x00000000ec755790) thrown at [/HUDSON/workspace/8-2-build-linux-amd64/jdk8u20/1074/hotspot/src/share/vm/prims/jvm.cpp, line 1275]
Event: 0.226 Thread 0x00007f772400c000 Exception <a 'java/security/PrivilegedActionException'> (0x00000000ec757e30) thrown at [/HUDSON/workspace/8-2-build-linux-amd64/jdk8u20/1074/hotspot/src/share/vm/prims/jvm.cpp, line 1275]
Event: 0.226 Thread 0x00007f772400c000 Exception <a 'java/security/PrivilegedActionException'> (0x00000000ec759510) thrown at [/HUDSON/workspace/8-2-build-linux-amd64/jdk8u20/1074/hotspot/src/share/vm/prims/jvm.cpp, line 1275]

Events (10 events):
Event: 2143.276 Executing VM operation: ChangeBreakpoints
Event: 2143.276 Executing VM operation: ChangeBreakpoints done
Event: 2143.278 Executing VM operation: ChangeBreakpoints
Event: 2143.278 Executing VM operation: ChangeBreakpoints done
Event: 2143.280 Executing VM operation: ChangeBreakpoints
Event: 2143.280 Executing VM operation: ChangeBreakpoints done
Event: 2143.280 Executing VM operation: ChangeBreakpoints
Event: 2143.280 Executing VM operation: ChangeBreakpoints done
Event: 2942.638 Executing VM operation: RedefineClasses
Event: 2942.640 Executing VM operation: RedefineClasses done


Dynamic libraries:
00400000-00401000 r-xp 00000000 08:08 2622385                            /home/hijj/software/javaAndroid/jdk/jdk8/bin/java
00600000-00601000 rw-p 00000000 08:08 2622385                            /home/hijj/software/javaAndroid/jdk/jdk8/bin/java
011df000-01200000 rw-p 00000000 00:00 0                                  [heap]
c5000000-c7800000 rw-p 00000000 00:00 0 
c7800000-ec580000 ---p 00000000 00:00 0 
ec580000-ed980000 rw-p 00000000 00:00 0 
ed980000-100000000 ---p 00000000 00:00 0 
100000000-100080000 rw-p 00000000 00:00 0 
100080000-140000000 ---p 00000000 00:00 0 
7f76c8000000-7f76c8021000 rw-p 00000000 00:00 0 
7f76c8021000-7f76cc000000 ---p 00000000 00:00 0 
7f76d0000000-7f76d006b000 rw-p 00000000 00:00 0 
7f76d006b000-7f76d4000000 ---p 00000000 00:00 0 
7f76d4000000-7f76d4021000 rw-p 00000000 00:00 0 
7f76d4021000-7f76d8000000 ---p 00000000 00:00 0 
7f76d8000000-7f76d8056000 rw-p 00000000 00:00 0 
7f76d8056000-7f76dc000000 ---p 00000000 00:00 0 
7f76dc000000-7f76dc021000 rw-p 00000000 00:00 0 
7f76dc021000-7f76e0000000 ---p 00000000 00:00 0 
7f76e0000000-7f76e0021000 rw-p 00000000 00:00 0 
7f76e0021000-7f76e4000000 ---p 00000000 00:00 0 
7f76e4000000-7f76e4021000 rw-p 00000000 00:00 0 
7f76e4021000-7f76e8000000 ---p 00000000 00:00 0 
7f76e8000000-7f76e8021000 rw-p 00000000 00:00 0 
7f76e8021000-7f76ec000000 ---p 00000000 00:00 0 
7f76ec000000-7f76ec026000 rw-p 00000000 00:00 0 
7f76ec026000-7f76f0000000 ---p 00000000 00:00 0 
7f76f0000000-7f76f0021000 rw-p 00000000 00:00 0 
7f76f0021000-7f76f4000000 ---p 00000000 00:00 0 
7f76f4000000-7f76f4021000 rw-p 00000000 00:00 0 
7f76f4021000-7f76f8000000 ---p 00000000 00:00 0 
7f76f8000000-7f76f8021000 rw-p 00000000 00:00 0 
7f76f8021000-7f76fc000000 ---p 00000000 00:00 0 
7f76fc000000-7f76fc021000 rw-p 00000000 00:00 0 
7f76fc021000-7f7700000000 ---p 00000000 00:00 0 
7f7702b77000-7f7702dec000 rw-p 00000000 00:00 0 
7f7702dec000-7f7702ded000 ---p 00000000 00:00 0 
7f7702ded000-7f7702eed000 rw-p 00000000 00:00 0                          [stack:10912]
7f7702eed000-7f7702ef0000 ---p 00000000 00:00 0 
7f7702ef0000-7f7702fee000 rw-p 00000000 00:00 0                          [stack:10911]
7f7702fee000-7f7702ff1000 ---p 00000000 00:00 0 
7f7702ff1000-7f77030ef000 rw-p 00000000 00:00 0                          [stack:10910]
7f77030ef000-7f77030f2000 ---p 00000000 00:00 0 
7f77030f2000-7f77031f0000 rw-p 00000000 00:00 0                          [stack:10909]
7f77031f0000-7f77031f3000 ---p 00000000 00:00 0 
7f77031f3000-7f77032f1000 rw-p 00000000 00:00 0                          [stack:10908]
7f77032f1000-7f77032f4000 ---p 00000000 00:00 0 
7f77032f4000-7f77033f2000 rw-p 00000000 00:00 0                          [stack:10905]
7f77033f2000-7f77033f5000 ---p 00000000 00:00 0 
7f77033f5000-7f77034f3000 rw-p 00000000 00:00 0                          [stack:10904]
7f77034f3000-7f77034f6000 ---p 00000000 00:00 0 
7f77034f6000-7f77035f4000 rw-p 00000000 00:00 0                          [stack:10901]
7f77035f4000-7f77035f8000 r-xp 00000000 08:08 2628974                    /home/hijj/software/javaAndroid/jdk/jdk8/jre/lib/amd64/libdt_socket.so
7f77035f8000-7f77037f7000 ---p 00004000 08:08 2628974                    /home/hijj/software/javaAndroid/jdk/jdk8/jre/lib/amd64/libdt_socket.so
7f77037f7000-7f77037f8000 rw-p 00003000 08:08 2628974                    /home/hijj/software/javaAndroid/jdk/jdk8/jre/lib/amd64/libdt_socket.so
7f77037f8000-7f77037fb000 ---p 00000000 00:00 0 
7f77037fb000-7f77038f9000 rw-p 00000000 00:00 0                          [stack:10899]
7f77038f9000-7f77038fc000 ---p 00000000 00:00 0 
7f77038fc000-7f77039fa000 rw-p 00000000 00:00 0                          [stack:10898]
7f77039fa000-7f77039fd000 ---p 00000000 00:00 0 
7f77039fd000-7f7703afb000 rw-p 00000000 00:00 0                          [stack:10897]
7f7703afb000-7f7703afc000 ---p 00000000 00:00 0 
7f7703afc000-7f7704000000 rw-p 00000000 00:00 0                          [stack:10896]
7f7704000000-7f7704021000 rw-p 00000000 00:00 0 
7f7704021000-7f7708000000 ---p 00000000 00:00 0 
7f7708000000-7f7708021000 rw-p 00000000 00:00 0 
7f7708021000-7f770c000000 ---p 00000000 00:00 0 
7f770c000000-7f770c021000 rw-p 00000000 00:00 0 
7f770c021000-7f7710000000 ---p 00000000 00:00 0 
7f7710023000-7f771003f000 r--s 00393000 08:08 2628860                    /home/hijj/software/javaAndroid/jdk/jdk8/jre/lib/ext/cldrdata.jar
7f771003f000-7f7710bfc000 rw-p 00000000 00:00 0 
7f7710bfc000-7f7710dd2000 r--s 03ca8000 08:08 2628807                    /home/hijj/software/javaAndroid/jdk/jdk8/jre/lib/rt.jar
7f7710dd2000-7f7711292000 rw-p 00000000 00:00 0 
7f7711292000-7f77115d2000 ---p 00000000 00:00 0 
7f77115d2000-7f771352a000 rw-p 00000000 00:00 0 
7f771352a000-7f771352b000 ---p 00000000 00:00 0 
7f771352b000-7f771362b000 rw-p 00000000 00:00 0                          [stack:10893]
7f771362b000-7f771362c000 ---p 00000000 00:00 0 
7f771362c000-7f771372c000 rw-p 00000000 00:00 0                          [stack:10892]
7f771372c000-7f771372d000 ---p 00000000 00:00 0 
7f771372d000-7f771382d000 rw-p 00000000 00:00 0                          [stack:10891]
7f771382d000-7f771382e000 ---p 00000000 00:00 0 
7f771382e000-7f7713942000 rw-p 00000000 00:00 0                          [stack:10890]
7f7713942000-7f7713a68000 ---p 00000000 00:00 0 
7f7713a68000-7f7713a73000 rw-p 00000000 00:00 0 
7f7713a73000-7f7713b06000 ---p 00000000 00:00 0 
7f7713b06000-7f7713b11000 rw-p 00000000 00:00 0 
7f7713b11000-7f7713ec7000 ---p 00000000 00:00 0 
7f7713ec7000-7f7714137000 rwxp 00000000 00:00 0 
7f7714137000-7f7722ec7000 ---p 00000000 00:00 0 
7f7722ec7000-7f7722ee1000 r-xp 00000000 08:08 2629001                    /home/hijj/software/javaAndroid/jdk/jdk8/jre/lib/amd64/libzip.so
7f7722ee1000-7f77230e1000 ---p 0001a000 08:08 2629001                    /home/hijj/software/javaAndroid/jdk/jdk8/jre/lib/amd64/libzip.so
7f77230e1000-7f77230e2000 rw-p 0001a000 08:08 2629001                    /home/hijj/software/javaAndroid/jdk/jdk8/jre/lib/amd64/libzip.so
7f77230e2000-7f77230ee000 r-xp 00000000 08:08 5771539                    /lib/x86_64-linux-gnu/libnss_files-2.21.so
7f77230ee000-7f77232ed000 ---p 0000c000 08:08 5771539                    /lib/x86_64-linux-gnu/libnss_files-2.21.so
7f77232ed000-7f77232ee000 r--p 0000b000 08:08 5771539                    /lib/x86_64-linux-gnu/libnss_files-2.21.so
7f77232ee000-7f77232ef000 rw-p 0000c000 08:08 5771539                    /lib/x86_64-linux-gnu/libnss_files-2.21.so
7f77232ef000-7f77232fa000 r-xp 00000000 08:08 5771549                    /lib/x86_64-linux-gnu/libnss_nis-2.21.so
7f77232fa000-7f77234f9000 ---p 0000b000 08:08 5771549                    /lib/x86_64-linux-gnu/libnss_nis-2.21.so
7f77234f9000-7f77234fa000 r--p 0000a000 08:08 5771549                    /lib/x86_64-linux-gnu/libnss_nis-2.21.so
7f77234fa000-7f77234fb000 rw-p 0000b000 08:08 5771549                    /lib/x86_64-linux-gnu/libnss_nis-2.21.so
7f77234fb000-7f7723512000 r-xp 00000000 08:08 5771533                    /lib/x86_64-linux-gnu/libnsl-2.21.so
7f7723512000-7f7723711000 ---p 00017000 08:08 5771533                    /lib/x86_64-linux-gnu/libnsl-2.21.so
7f7723711000-7f7723712000 r--p 00016000 08:08 5771533                    /lib/x86_64-linux-gnu/libnsl-2.21.so
7f7723712000-7f7723713000 rw-p 00017000 08:08 5771533                    /lib/x86_64-linux-gnu/libnsl-2.21.so
7f7723713000-7f7723715000 rw-p 00000000 00:00 0 
7f7723715000-7f772371d000 r-xp 00000000 08:08 5771535                    /lib/x86_64-linux-gnu/libnss_compat-2.21.so
7f772371d000-7f772391c000 ---p 00008000 08:08 5771535                    /lib/x86_64-linux-gnu/libnss_compat-2.21.so
7f772391c000-7f772391d000 r--p 00007000 08:08 5771535                    /lib/x86_64-linux-gnu/libnss_compat-2.21.so
7f772391d000-7f772391e000 rw-p 00008000 08:08 5771535                    /lib/x86_64-linux-gnu/libnss_compat-2.21.so
7f772391e000-7f7724000000 r--p 00000000 08:08 4070784                    /usr/lib/locale/locale-archive
7f7724000000-7f7724150000 rw-p 00000000 00:00 0 
7f7724150000-7f7728000000 ---p 00000000 00:00 0 
7f7728006000-7f7728019000 r--s 00344000 08:08 2628842                    /home/hijj/software/javaAndroid/jdk/jdk8/jre/lib/resources.jar
7f7728019000-7f77280a3000 rw-p 00000000 00:00 0 
7f77280a3000-7f77281ca000 ---p 00000000 00:00 0 
7f77281ca000-7f77281cc000 r-xp 00000000 08:08 2628975                    /home/hijj/software/javaAndroid/jdk/jdk8/jre/lib/amd64/libnpt.so
7f77281cc000-7f77283cc000 ---p 00002000 08:08 2628975                    /home/hijj/software/javaAndroid/jdk/jdk8/jre/lib/amd64/libnpt.so
7f77283cc000-7f77283cd000 rw-p 00002000 08:08 2628975                    /home/hijj/software/javaAndroid/jdk/jdk8/jre/lib/amd64/libnpt.so
7f77283cd000-7f7728406000 r-xp 00000000 08:08 2628992                    /home/hijj/software/javaAndroid/jdk/jdk8/jre/lib/amd64/libjdwp.so
7f7728406000-7f7728605000 ---p 00039000 08:08 2628992                    /home/hijj/software/javaAndroid/jdk/jdk8/jre/lib/amd64/libjdwp.so
7f7728605000-7f7728607000 rw-p 00038000 08:08 2628992                    /home/hijj/software/javaAndroid/jdk/jdk8/jre/lib/amd64/libjdwp.so
7f7728607000-7f7728631000 r-xp 00000000 08:08 2628996                    /home/hijj/software/javaAndroid/jdk/jdk8/jre/lib/amd64/libjava.so
7f7728631000-7f7728831000 ---p 0002a000 08:08 2628996                    /home/hijj/software/javaAndroid/jdk/jdk8/jre/lib/amd64/libjava.so
7f7728831000-7f7728833000 rw-p 0002a000 08:08 2628996                    /home/hijj/software/javaAndroid/jdk/jdk8/jre/lib/amd64/libjava.so
7f7728833000-7f7728840000 r-xp 00000000 08:08 2629000                    /home/hijj/software/javaAndroid/jdk/jdk8/jre/lib/amd64/libverify.so
7f7728840000-7f7728a40000 ---p 0000d000 08:08 2629000                    /home/hijj/software/javaAndroid/jdk/jdk8/jre/lib/amd64/libverify.so
7f7728a40000-7f7728a42000 rw-p 0000d000 08:08 2629000                    /home/hijj/software/javaAndroid/jdk/jdk8/jre/lib/amd64/libverify.so
7f7728a42000-7f7728a49000 r-xp 00000000 08:08 5771594                    /lib/x86_64-linux-gnu/librt-2.21.so
7f7728a49000-7f7728c48000 ---p 00007000 08:08 5771594                    /lib/x86_64-linux-gnu/librt-2.21.so
7f7728c48000-7f7728c49000 r--p 00006000 08:08 5771594                    /lib/x86_64-linux-gnu/librt-2.21.so
7f7728c49000-7f7728c4a000 rw-p 00007000 08:08 5771594                    /lib/x86_64-linux-gnu/librt-2.21.so
7f7728c4a000-7f7728d51000 r-xp 00000000 08:08 5771512                    /lib/x86_64-linux-gnu/libm-2.21.so
7f7728d51000-7f7728f50000 ---p 00107000 08:08 5771512                    /lib/x86_64-linux-gnu/libm-2.21.so
7f7728f50000-7f7728f51000 r--p 00106000 08:08 5771512                    /lib/x86_64-linux-gnu/libm-2.21.so
7f7728f51000-7f7728f52000 rw-p 00107000 08:08 5771512                    /lib/x86_64-linux-gnu/libm-2.21.so
7f7728f52000-7f7729bbc000 r-xp 00000000 08:08 2628982                    /home/hijj/software/javaAndroid/jdk/jdk8/jre/lib/amd64/server/libjvm.so
7f7729bbc000-7f7729dbb000 ---p 00c6a000 08:08 2628982                    /home/hijj/software/javaAndroid/jdk/jdk8/jre/lib/amd64/server/libjvm.so
7f7729dbb000-7f7729e92000 rw-p 00c69000 08:08 2628982                    /home/hijj/software/javaAndroid/jdk/jdk8/jre/lib/amd64/server/libjvm.so
7f7729e92000-7f7729ed4000 rw-p 00000000 00:00 0 
7f7729ed4000-7f772a094000 r-xp 00000000 08:08 5771453                    /lib/x86_64-linux-gnu/libc-2.21.so
7f772a094000-7f772a294000 ---p 001c0000 08:08 5771453                    /lib/x86_64-linux-gnu/libc-2.21.so
7f772a294000-7f772a298000 r--p 001c0000 08:08 5771453                    /lib/x86_64-linux-gnu/libc-2.21.so
7f772a298000-7f772a29a000 rw-p 001c4000 08:08 5771453                    /lib/x86_64-linux-gnu/libc-2.21.so
7f772a29a000-7f772a29e000 rw-p 00000000 00:00 0 
7f772a29e000-7f772a2a1000 r-xp 00000000 08:08 5771470                    /lib/x86_64-linux-gnu/libdl-2.21.so
7f772a2a1000-7f772a4a0000 ---p 00003000 08:08 5771470                    /lib/x86_64-linux-gnu/libdl-2.21.so
7f772a4a0000-7f772a4a1000 r--p 00002000 08:08 5771470                    /lib/x86_64-linux-gnu/libdl-2.21.so
7f772a4a1000-7f772a4a2000 rw-p 00003000 08:08 5771470                    /lib/x86_64-linux-gnu/libdl-2.21.so
7f772a4a2000-7f772a4b7000 r-xp 00000000 08:08 2628623                    /home/hijj/software/javaAndroid/jdk/jdk8/lib/amd64/jli/libjli.so
7f772a4b7000-7f772a6b6000 ---p 00015000 08:08 2628623                    /home/hijj/software/javaAndroid/jdk/jdk8/lib/amd64/jli/libjli.so
7f772a6b6000-7f772a6b7000 rw-p 00014000 08:08 2628623                    /home/hijj/software/javaAndroid/jdk/jdk8/lib/amd64/jli/libjli.so
7f772a6b7000-7f772a6cf000 r-xp 00000000 08:08 5771586                    /lib/x86_64-linux-gnu/libpthread-2.21.so
7f772a6cf000-7f772a8cf000 ---p 00018000 08:08 5771586                    /lib/x86_64-linux-gnu/libpthread-2.21.so
7f772a8cf000-7f772a8d0000 r--p 00018000 08:08 5771586                    /lib/x86_64-linux-gnu/libpthread-2.21.so
7f772a8d0000-7f772a8d1000 rw-p 00019000 08:08 5771586                    /lib/x86_64-linux-gnu/libpthread-2.21.so
7f772a8d1000-7f772a8d5000 rw-p 00000000 00:00 0 
7f772a8d5000-7f772a8f9000 r-xp 00000000 08:08 5771425                    /lib/x86_64-linux-gnu/ld-2.21.so
7f772a8ff000-7f772a9d7000 rw-p 00000000 00:00 0 
7f772a9d7000-7f772a9da000 ---p 00000000 00:00 0 
7f772a9da000-7f772aadc000 rw-p 00000000 00:00 0                          [stack:10889]
7f772aadf000-7f772aae2000 rw-p 00000000 00:00 0 
7f772aae2000-7f772aaec000 r--s 00116000 08:08 2628866                    /home/hijj/software/javaAndroid/jdk/jdk8/jre/lib/ext/localedata.jar
7f772aaec000-7f772aaf4000 rw-s 00000000 08:08 1574298                    /tmp/hsperfdata_hijj/10883
7f772aaf4000-7f772aaf5000 rw-p 00000000 00:00 0 
7f772aaf5000-7f772aaf6000 r--p 00000000 00:00 0 
7f772aaf6000-7f772aaf8000 rw-p 00000000 00:00 0 
7f772aaf8000-7f772aaf9000 r--p 00023000 08:08 5771425                    /lib/x86_64-linux-gnu/ld-2.21.so
7f772aaf9000-7f772aafa000 rw-p 00024000 08:08 5771425                    /lib/x86_64-linux-gnu/ld-2.21.so
7f772aafa000-7f772aafb000 rw-p 00000000 00:00 0 
7ffd77f08000-7ffd77f29000 rw-p 00000000 00:00 0                          [stack]
7ffd77f3f000-7ffd77f41000 r--p 00000000 00:00 0                          [vvar]
7ffd77f41000-7ffd77f43000 r-xp 00000000 00:00 0                          [vdso]
ffffffffff600000-ffffffffff601000 r-xp 00000000 00:00 0                  [vsyscall]

VM Arguments:
jvm_args: -agentlib:jdwp=transport=dt_socket,suspend=y,address=localhost:58518 -Dfile.encoding=UTF-8 
java_command: learning.ks8.MainTest
java_class_path (initial): /media/hijj/娱乐/github/repositories/ACM/Java/bin
Launcher Type: SUN_STANDARD

Environment Variables:
JAVA_HOME=/home/hijj/software/javaAndroid/jdk/jdk8
JRE_HOME=/home/hijj/software/javaAndroid/jdk/jdk8/jre
CLASSPATH=.:/home/hijj/software/javaAndroid/jdk/jdk8/lib:/home/hijj/software/javaAndroid/jdk/jdk8/jre/lib:.:$JAVA_HOME/lib:$JAVA_HOME/jre/lib
PATH=/home/hijj/software/javaAndroid/sdk/android-sdk-linux/tools:/home/hijj/software/javaAndroid/sdk/android-sdk-linux/platform-tools:/home/hijj/software/javaAndroid/jdk/jdk8/bin:/home/hijj/software/javaAndroid/jdk/jdk8/jre/bin:/usr/local/sbin:/usr/local/bin:/usr/sbin:/usr/bin:/sbin:/bin:/usr/games:/usr/local/games:$JAVA_HOME/bin:$ANDROID_PATH/tools:$ANDROID_PATH/platform-tools
SHELL=/bin/bash
DISPLAY=:0

Signal Handlers:
SIGSEGV: [libjvm.so+0xa77530], sa_mask[0]=11111111011111111101111111111110, sa_flags=SA_RESTART|SA_SIGINFO
SIGBUS: [libjvm.so+0xa77530], sa_mask[0]=11111111011111111101111111111110, sa_flags=SA_RESTART|SA_SIGINFO
SIGFPE: [libjvm.so+0x8e1d90], sa_mask[0]=11111111011111111101111111111110, sa_flags=SA_RESTART|SA_SIGINFO
SIGPIPE: [libjvm.so+0x8e1d90], sa_mask[0]=11111111011111111101111111111110, sa_flags=SA_RESTART|SA_SIGINFO
SIGXFSZ: [libjvm.so+0x8e1d90], sa_mask[0]=11111111011111111101111111111110, sa_flags=SA_RESTART|SA_SIGINFO
SIGILL: [libjvm.so+0x8e1d90], sa_mask[0]=11111111011111111101111111111110, sa_flags=SA_RESTART|SA_SIGINFO
SIGUSR1: SIG_DFL, sa_mask[0]=00000000000000000000000000000000, sa_flags=none
SIGUSR2: [libjvm.so+0x8e35c0], sa_mask[0]=00100000000000000000000000000000, sa_flags=SA_RESTART|SA_SIGINFO
SIGHUP: [libjvm.so+0x8e4980], sa_mask[0]=11111111011111111101111111111110, sa_flags=SA_RESTART|SA_SIGINFO
SIGINT: [libjvm.so+0x8e4980], sa_mask[0]=11111111011111111101111111111110, sa_flags=SA_RESTART|SA_SIGINFO
SIGTERM: [libjvm.so+0x8e4980], sa_mask[0]=11111111011111111101111111111110, sa_flags=SA_RESTART|SA_SIGINFO
SIGQUIT: [libjvm.so+0x8e4980], sa_mask[0]=11111111011111111101111111111110, sa_flags=SA_RESTART|SA_SIGINFO


---------------  S Y S T E M  ---------------

OS:DISTRIB_ID=Ubuntu
DISTRIB_RELEASE=15.04
DISTRIB_CODENAME=vivid
DISTRIB_DESCRIPTION="Ubuntu 15.04"

uname:Linux 3.19.0-30-generic #34-Ubuntu SMP Fri Oct 2 22:08:41 UTC 2015 x86_64
libc:glibc 2.21 NPTL 2.21 
rlimit: STACK 8192k, CORE 0k, NPROC 15002, NOFILE 65536, AS infinity
load average:0.09 0.13 0.31

/proc/meminfo:
MemTotal:        3863036 kB
MemFree:          425160 kB
MemAvailable:     863104 kB
Buffers:           63492 kB
Cached:           779156 kB
SwapCached:        42520 kB
Active:          1896064 kB
Inactive:        1270980 kB
Active(anon):    1596256 kB
Inactive(anon):  1001240 kB
Active(file):     299808 kB
Inactive(file):   269740 kB
Unevictable:          48 kB
Mlocked:              48 kB
SwapTotal:       4005884 kB
SwapFree:        3440932 kB
Dirty:              1280 kB
Writeback:             0 kB
AnonPages:       2298456 kB
Mapped:           219292 kB
Shmem:            273072 kB
Slab:             122688 kB
SReclaimable:      74680 kB
SUnreclaim:        48008 kB
KernelStack:       38320 kB
PageTables:        53420 kB
NFS_Unstable:          0 kB
Bounce:                0 kB
WritebackTmp:          0 kB
CommitLimit:     5937400 kB
Committed_AS:   15759588 kB
VmallocTotal:   34359738367 kB
VmallocUsed:      378088 kB
VmallocChunk:   34359320912 kB
HardwareCorrupted:     0 kB
AnonHugePages:   1247232 kB
CmaTotal:              0 kB
CmaFree:               0 kB
HugePages_Total:       0
HugePages_Free:        0
HugePages_Rsvd:        0
HugePages_Surp:        0
Hugepagesize:       2048 kB
DirectMap4k:      185084 kB
DirectMap2M:     3823616 kB


CPU:total 4 (2 cores per cpu, 2 threads per core) family 6 model 58 stepping 9, cmov, cx8, fxsr, mmx, sse, sse2, sse3, ssse3, sse4.1, sse4.2, popcnt, avx, aes, clmul, erms, ht, tsc, tscinvbit, tscinv

/proc/cpuinfo:
processor	: 0
vendor_id	: GenuineIntel
cpu family	: 6
model		: 58
model name	: Intel(R) Core(TM) i5-3230M CPU @ 2.60GHz
stepping	: 9
microcode	: 0x17
cpu MHz		: 2999.953
cache size	: 3072 KB
physical id	: 0
siblings	: 4
core id		: 0
cpu cores	: 2
apicid		: 0
initial apicid	: 0
fpu		: yes
fpu_exception	: yes
cpuid level	: 13
wp		: yes
flags		: fpu vme de pse tsc msr pae mce cx8 apic sep mtrr pge mca cmov pat pse36 clflush dts acpi mmx fxsr sse sse2 ss ht tm pbe syscall nx rdtscp lm constant_tsc arch_perfmon pebs bts rep_good nopl xtopology nonstop_tsc aperfmperf eagerfpu pni pclmulqdq dtes64 monitor ds_cpl vmx est tm2 ssse3 cx16 xtpr pdcm pcid sse4_1 sse4_2 x2apic popcnt tsc_deadline_timer aes xsave avx f16c rdrand lahf_lm ida arat epb pln pts dtherm tpr_shadow vnmi flexpriority ept vpid fsgsbase smep erms xsaveopt
bugs		:
bogomips	: 5188.00
clflush size	: 64
cache_alignment	: 64
address sizes	: 36 bits physical, 48 bits virtual
power management:

processor	: 1
vendor_id	: GenuineIntel
cpu family	: 6
model		: 58
model name	: Intel(R) Core(TM) i5-3230M CPU @ 2.60GHz
stepping	: 9
microcode	: 0x17
cpu MHz		: 2999.953
cache size	: 3072 KB
physical id	: 0
siblings	: 4
core id		: 0
cpu cores	: 2
apicid		: 1
initial apicid	: 1
fpu		: yes
fpu_exception	: yes
cpuid level	: 13
wp		: yes
flags		: fpu vme de pse tsc msr pae mce cx8 apic sep mtrr pge mca cmov pat pse36 clflush dts acpi mmx fxsr sse sse2 ss ht tm pbe syscall nx rdtscp lm constant_tsc arch_perfmon pebs bts rep_good nopl xtopology nonstop_tsc aperfmperf eagerfpu pni pclmulqdq dtes64 monitor ds_cpl vmx est tm2 ssse3 cx16 xtpr pdcm pcid sse4_1 sse4_2 x2apic popcnt tsc_deadline_timer aes xsave avx f16c rdrand lahf_lm ida arat epb pln pts dtherm tpr_shadow vnmi flexpriority ept vpid fsgsbase smep erms xsaveopt
bugs		:
bogomips	: 5188.00
clflush size	: 64
cache_alignment	: 64
address sizes	: 36 bits physical, 48 bits virtual
power management:

processor	: 2
vendor_id	: GenuineIntel
cpu family	: 6
model		: 58
model name	: Intel(R) Core(TM) i5-3230M CPU @ 2.60GHz
stepping	: 9
microcode	: 0x17
cpu MHz		: 2999.953
cache size	: 3072 KB
physical id	: 0
siblings	: 4
core id		: 1
cpu cores	: 2
apicid		: 2
initial apicid	: 2
fpu		: yes
fpu_exception	: yes
cpuid level	: 13
wp		: yes
flags		: fpu vme de pse tsc msr pae mce cx8 apic sep mtrr pge mca cmov pat pse36 clflush dts acpi mmx fxsr sse sse2 ss ht tm pbe syscall nx rdtscp lm constant_tsc arch_perfmon pebs bts rep_good nopl xtopology nonstop_tsc aperfmperf eagerfpu pni pclmulqdq dtes64 monitor ds_cpl vmx est tm2 ssse3 cx16 xtpr pdcm pcid sse4_1 sse4_2 x2apic popcnt tsc_deadline_timer aes xsave avx f16c rdrand lahf_lm ida arat epb pln pts dtherm tpr_shadow vnmi flexpriority ept vpid fsgsbase smep erms xsaveopt
bugs		:
bogomips	: 5188.00
clflush size	: 64
cache_alignment	: 64
address sizes	: 36 bits physical, 48 bits virtual
power management:

processor	: 3
vendor_id	: GenuineIntel
cpu family	: 6
model		: 58
model name	: Intel(R) Core(TM) i5-3230M CPU @ 2.60GHz
stepping	: 9
microcode	: 0x17
cpu MHz		: 2999.953
cache size	: 3072 KB
physical id	: 0
siblings	: 4
core id		: 1
cpu cores	: 2
apicid		: 3
initial apicid	: 3
fpu		: yes
fpu_exception	: yes
cpuid level	: 13
wp		: yes
flags		: fpu vme de pse tsc msr pae mce cx8 apic sep mtrr pge mca cmov pat pse36 clflush dts acpi mmx fxsr sse sse2 ss ht tm pbe syscall nx rdtscp lm constant_tsc arch_perfmon pebs bts rep_good nopl xtopology nonstop_tsc aperfmperf eagerfpu pni pclmulqdq dtes64 monitor ds_cpl vmx est tm2 ssse3 cx16 xtpr pdcm pcid sse4_1 sse4_2 x2apic popcnt tsc_deadline_timer aes xsave avx f16c rdrand lahf_lm ida arat epb pln pts dtherm tpr_shadow vnmi flexpriority ept vpid fsgsbase smep erms xsaveopt
bugs		:
bogomips	: 5188.00
clflush size	: 64
cache_alignment	: 64
address sizes	: 36 bits physical, 48 bits virtual
power management:



Memory: 4k page, physical 3863036k(425160k free), swap 4005884k(3440932k free)

vm_info: Java HotSpot(TM) 64-Bit Server VM (25.20-b23) for linux-amd64 JRE (1.8.0_20-b26), built on Jul 30 2014 13:13:52 by "java_re" with gcc 4.3.0 20080428 (Red Hat 4.3.0-8)

time: Thu Oct 22 00:10:20 2015
elapsed time: 2942 seconds (0d 0h 49m 2s)

