#
# A fatal error has been detected by the Java Runtime Environment:
#
#  SIGSEGV (0xb) at pc=0x00007fd27f00f190, pid=4297, tid=140541545584384
#
# JRE version: Java(TM) SE Runtime Environment (8.0_20-b26) (build 1.8.0_20-b26)
# Java VM: Java HotSpot(TM) 64-Bit Server VM (25.20-b23 mixed mode linux-amd64 compressed oops)
# Problematic frame:
# V  [libjvm.so+0x873190]  Method::checked_resolve_jmethod_id(_jmethodID*)+0x20
#
# Failed to write core dump. Core dumps have been disabled. To enable core dumping, try "ulimit -c unlimited" before starting Java again
#
# If you would like to submit a bug report, please visit:
#   http://bugreport.sun.com/bugreport/crash.jsp
#

---------------  T H R E A D  ---------------

Current thread (0x00007fd2780ba800):  JavaThread "JDWP Transport Listener: dt_socket" daemon [_thread_in_vm, id=4314, stack(0x00007fd260d69000,0x00007fd260e6a000)]

siginfo: si_signo: 11 (SIGSEGV), si_code: 128 (SI_KERNEL), si_addr: 0x0000000000000000

Registers:
RAX=0x0000000000000001, RBX=0x00007fd2780036a0, RCX=0x00007fd28011a340, RDX=0x00007fd27f6f3fe0
RSP=0x00007fd260e689d0, RBP=0x00007fd260e689e0, RSI=0x00007fd2780ba800, RDI=0x4c003b00003b7200
R8 =0x00007fd240006cc0, R9 =0x0000000000000000, R10=0x0000000000000010, R11=0x00007fd27f8b4ff0
R12=0x0000000000000017, R13=0x4c003b00003b7200, R14=0x00007fd2780ba800, R15=0x00007fd260e68ae7
RIP=0x00007fd27f00f190, EFLAGS=0x0000000000010206, CSGSFS=0x0000000000000033, ERR=0x0000000000000000
  TRAPNO=0x000000000000000d

Top of Stack: (sp=0x00007fd260e689d0)
0x00007fd260e689d0:   0000000000000074 00007fd2780036a0
0x00007fd260e689e0:   00007fd260e68a50 00007fd27eea478e
0x00007fd260e689f0:   00007fd240006cc0 00007fd260e68a00
0x00007fd260e68a00:   00007fd2780ba800 0000000000000000
0x00007fd260e68a10:   00007fd200000000 0000000000000000
0x00007fd260e68a20:   00007fd260e68a40 00007fd27de50d60
0x00007fd260e68a30:   4c003b00003b7200 00007fd260e68ae7
0x00007fd260e68a40:   0000000000000005 00007fd260e68ae7
0x00007fd260e68a50:   00007fd260e68a80 00007fd27dc3c872
0x00007fd260e68a60:   00007fd260e68a80 4c003b00003b7200
0x00007fd260e68a70:   00007fd260e68b50 0000000000000028
0x00007fd260e68a80:   00007fd260e68b10 00007fd27dc1da60
0x00007fd260e68a90:   00007fd260e68ac8 00007fd260e68ac0
0x00007fd260e68aa0:   00007fd260e68ab8 00007fd260e68adc
0x00007fd260e68ab0:   0000000140002ed0 0000000000000000
0x00007fd260e68ac0:   0000000000000000 0000000000000000
0x00007fd260e68ad0:   00007fd240007c40 0000000960e68b50
0x00007fd260e68ae0:   0000000000000006 0000000000000002
0x00007fd260e68af0:   000000000000000f 0000000000000002
0x00007fd260e68b00:   00000000000f0200 000000000000000f
0x00007fd260e68b10:   00007fd260e68d60 00007fd27dc28976
0x00007fd260e68b20:   00005d5200000013 00007fd27e0f0200
0x00007fd260e68b30:   00007fd238000fb0 0000000000000000
0x00007fd260e68b40:   00007fd260e68b50 00007fd260e68ce0
0x00007fd260e68b50:   00007fd260e68c59 00007fd200000073
0x00007fd260e68b60:   00007fd260e68b68 00000000000000b9
0x00007fd260e68b70:   00007fd260e68ba0 0000000000000000
0x00007fd260e68b80:   00007f0000000000 00005d520000001c
0x00007fd260e68b90:   00007fd200008c80 00007fd260e68ba0
0x00007fd260e68ba0:   d27f000006000000 08000000606e0040
0x00007fd260e68bb0:   3e74696e696c633c 0056292803000000
0x00007fd260e68bc0:   0008000000000000 00586e0040d27f00 

Instructions: (pc=0x00007fd27f00f190)
0x00007fd27f00f170:   55 48 89 e5 53 48 83 ec 08 48 85 ff 75 12 31 db
0x00007fd27f00f180:   48 89 d8 48 83 c4 08 5b c9 c3 66 0f 1f 44 00 00
0x00007fd27f00f190:   48 8b 1f 48 85 db 74 e6 48 83 fb 37 74 e0 48 8b
0x00007fd27f00f1a0:   03 48 89 df ff 50 10 84 c0 0f 1f 80 00 00 00 00 

Register to memory mapping:

RAX=0x0000000000000001 is an unknown value
RBX=0x00007fd2780036a0 is an unknown value
RCX=0x00007fd28011a340: <offset 0x219340> in /lib/x86_64-linux-gnu/libpthread.so.0 at 0x00007fd27ff01000
RDX=0x00007fd27f6f3fe0: <offset 0xf57fe0> in /home/hijj/software/javaAndroid/jdk/jdk8/jre/lib/amd64/server/libjvm.so at 0x00007fd27e79c000
RSP=0x00007fd260e689d0 is pointing into the stack for thread: 0x00007fd2780ba800
RBP=0x00007fd260e689e0 is pointing into the stack for thread: 0x00007fd2780ba800
RSI=0x00007fd2780ba800 is a thread
RDI=0x4c003b00003b7200 is an unknown value
R8 =0x00007fd240006cc0 is an unknown value
R9 =0x0000000000000000 is an unknown value
R10=0x0000000000000010 is an unknown value
R11=0x00007fd27f8b4ff0: <offset 0x196ff0> in /lib/x86_64-linux-gnu/libc.so.6 at 0x00007fd27f71e000
R12=0x0000000000000017 is an unknown value
R13=0x4c003b00003b7200 is an unknown value
R14=0x00007fd2780ba800 is a thread
R15=0x00007fd260e68ae7 is pointing into the stack for thread: 0x00007fd2780ba800


Stack: [0x00007fd260d69000,0x00007fd260e6a000],  sp=0x00007fd260e689d0,  free space=1022k
Native frames: (J=compiled Java code, j=interpreted, Vv=VM code, C=native code)
V  [libjvm.so+0x873190]  Method::checked_resolve_jmethod_id(_jmethodID*)+0x20
V  [libjvm.so+0x70878e]  jvmti_IsMethodSynthetic+0x29e
C  [libjdwp.so+0x25872]  isMethodSynthetic+0x42
C  [libjdwp.so+0x6a60]  methods1+0x1b0
C  [libjdwp.so+0x11976]  debugLoop_run+0x2b6
C  [libjdwp.so+0x247af]  attachThread+0x2f
V  [libjvm.so+0x7744f2]  JvmtiAgentThread::call_start_function()+0xc2
V  [libjvm.so+0xa2990f]  JavaThread::thread_main_inner()+0xdf
V  [libjvm.so+0xa29a3c]  JavaThread::run()+0x11c
V  [libjvm.so+0x8e75f8]  java_start(Thread*)+0x108
C  [libpthread.so.0+0x76aa]  start_thread+0xca


---------------  P R O C E S S  ---------------

Java Threads: ( => current thread )
  0x00007fd2780da800 JavaThread "Service Thread" daemon [_thread_blocked, id=4326, stack(0x00007fd260763000,0x00007fd260864000)]
  0x00007fd2780c5000 JavaThread "C1 CompilerThread2" daemon [_thread_blocked, id=4325, stack(0x00007fd260864000,0x00007fd260965000)]
  0x00007fd2780c3800 JavaThread "C2 CompilerThread1" daemon [_thread_blocked, id=4324, stack(0x00007fd260965000,0x00007fd260a66000)]
  0x00007fd2780c0800 JavaThread "C2 CompilerThread0" daemon [_thread_blocked, id=4323, stack(0x00007fd260a66000,0x00007fd260b67000)]
  0x00007fd240001000 JavaThread "JDWP Command Reader" daemon [_thread_in_native, id=4318, stack(0x00007fd260b67000,0x00007fd260c68000)]
  0x00007fd2780be000 JavaThread "JDWP Event Helper Thread" daemon [_thread_blocked, id=4317, stack(0x00007fd260c68000,0x00007fd260d69000)]
=>0x00007fd2780ba800 JavaThread "JDWP Transport Listener: dt_socket" daemon [_thread_in_vm, id=4314, stack(0x00007fd260d69000,0x00007fd260e6a000)]
  0x00007fd2780ad000 JavaThread "Signal Dispatcher" daemon [_thread_blocked, id=4312, stack(0x00007fd26106e000,0x00007fd26116f000)]
  0x00007fd27807f000 JavaThread "Finalizer" daemon [_thread_blocked, id=4311, stack(0x00007fd26116f000,0x00007fd261270000)]
  0x00007fd27807d000 JavaThread "Reference Handler" daemon [_thread_blocked, id=4310, stack(0x00007fd261270000,0x00007fd261371000)]
  0x00007fd27800c000 JavaThread "main" [_thread_in_native, id=4299, stack(0x00007fd280221000,0x00007fd280322000)]

Other Threads:
  0x00007fd278075800 VMThread [stack: 0x00007fd261371000,0x00007fd261472000] [id=4309]
  0x00007fd2780dd000 WatcherThread [stack: 0x00007fd260662000,0x00007fd260763000] [id=4327]

VM state:not at safepoint (normal execution)

VM Mutex/Monitor currently owned by a thread: None

Heap:
 PSYoungGen      total 17920K, used 1844K [0x00000000ec580000, 0x00000000ed980000, 0x0000000100000000)
  eden space 15360K, 12% used [0x00000000ec580000,0x00000000ec74d128,0x00000000ed480000)
  from space 2560K, 0% used [0x00000000ed700000,0x00000000ed700000,0x00000000ed980000)
  to   space 2560K, 0% used [0x00000000ed480000,0x00000000ed480000,0x00000000ed700000)
 ParOldGen       total 40960K, used 0K [0x00000000c5000000, 0x00000000c7800000, 0x00000000ec580000)
  object space 40960K, 0% used [0x00000000c5000000,0x00000000c5000000,0x00000000c7800000)
 Metaspace       used 3562K, capacity 4644K, committed 4864K, reserved 1056768K
  class space    used 394K, capacity 396K, committed 512K, reserved 1048576K

Card table byte_map: [0x00007fd27c342000,0x00007fd27c51b000] byte_map_base: 0x00007fd27bd1a000

Marking Bits: (ParMarkBitMap*) 0x00007fd27f6f3ac0
 Begin Bits: [0x00007fd262280000, 0x00007fd263140000)
 End Bits:   [0x00007fd263140000, 0x00007fd264000000)

Polling page: 0x00007fd28033f000

CodeCache: size=245760Kb used=1192Kb max_used=1192Kb free=244567Kb
 bounds [0x00007fd269000000, 0x00007fd269270000, 0x00007fd278000000]
 total_blobs=301 nmethods=64 adapters=160
 compilation: enabled

Compilation events (10 events):
Event: 0.260 Thread 0x00007fd2780c5000   58       3       java.lang.StringBuilder::toString (17 bytes)
Event: 0.260 Thread 0x00007fd2780c5000 nmethod 58 0x00007fd2691258d0 code [0x00007fd269125a40, 0x00007fd269125c48]
Event: 0.260 Thread 0x00007fd2780c5000   59       3       java.lang.String::indexOf (166 bytes)
Event: 0.261 Thread 0x00007fd2780c5000 nmethod 59 0x00007fd269128510 code [0x00007fd2691286c0, 0x00007fd269128d10]
Event: 0.262 Thread 0x00007fd2780c5000   61       3       java.util.concurrent.ConcurrentHashMap::setTabAt (19 bytes)
Event: 0.262 Thread 0x00007fd2780c5000 nmethod 61 0x00007fd269129a90 code [0x00007fd269129be0, 0x00007fd269129d50]
Event: 0.262 Thread 0x00007fd2780c5000   63       3       java.util.concurrent.ConcurrentHashMap::casTabAt (20 bytes)
Event: 0.262 Thread 0x00007fd2780c5000 nmethod 63 0x00007fd269129dd0 code [0x00007fd269129f20, 0x00007fd26912a090]
Event: 396.489 Thread 0x00007fd2780c5000   64       3       java.util.concurrent.ConcurrentHashMap$Node::<init> (26 bytes)
Event: 396.489 Thread 0x00007fd2780c5000 nmethod 64 0x00007fd26912a110 code [0x00007fd26912a280, 0x00007fd26912a470]

GC Heap History (0 events):
No events

Deoptimization events (0 events):
No events

Internal exceptions (10 events):
Event: 0.249 Thread 0x00007fd27800c000 Exception <a 'java/security/PrivilegedActionException'> (0x00000000ec6df980) thrown at [/HUDSON/workspace/8-2-build-linux-amd64/jdk8u20/1074/hotspot/src/share/vm/prims/jvm.cpp, line 1275]
Event: 0.250 Thread 0x00007fd27800c000 Exception <a 'java/security/PrivilegedActionException'> (0x00000000ec6e0b38) thrown at [/HUDSON/workspace/8-2-build-linux-amd64/jdk8u20/1074/hotspot/src/share/vm/prims/jvm.cpp, line 1275]
Event: 0.250 Thread 0x00007fd27800c000 Exception <a 'java/security/PrivilegedActionException'> (0x00000000ec6e3558) thrown at [/HUDSON/workspace/8-2-build-linux-amd64/jdk8u20/1074/hotspot/src/share/vm/prims/jvm.cpp, line 1275]
Event: 0.251 Thread 0x00007fd27800c000 Exception <a 'java/security/PrivilegedActionException'> (0x00000000ec6e48f8) thrown at [/HUDSON/workspace/8-2-build-linux-amd64/jdk8u20/1074/hotspot/src/share/vm/prims/jvm.cpp, line 1275]
Event: 0.255 Thread 0x00007fd27800c000 Exception <a 'java/security/PrivilegedActionException'> (0x00000000ec6f8698) thrown at [/HUDSON/workspace/8-2-build-linux-amd64/jdk8u20/1074/hotspot/src/share/vm/prims/jvm.cpp, line 1275]
Event: 0.256 Thread 0x00007fd27800c000 Exception <a 'java/security/PrivilegedActionException'> (0x00000000ec6f9b30) thrown at [/HUDSON/workspace/8-2-build-linux-amd64/jdk8u20/1074/hotspot/src/share/vm/prims/jvm.cpp, line 1275]
Event: 0.258 Thread 0x00007fd27800c000 Exception <a 'java/security/PrivilegedActionException'> (0x00000000ec7071f8) thrown at [/HUDSON/workspace/8-2-build-linux-amd64/jdk8u20/1074/hotspot/src/share/vm/prims/jvm.cpp, line 1275]
Event: 0.259 Thread 0x00007fd27800c000 Exception <a 'java/security/PrivilegedActionException'> (0x00000000ec7088b8) thrown at [/HUDSON/workspace/8-2-build-linux-amd64/jdk8u20/1074/hotspot/src/share/vm/prims/jvm.cpp, line 1275]
Event: 0.260 Thread 0x00007fd27800c000 Exception <a 'java/security/PrivilegedActionException'> (0x00000000ec70af58) thrown at [/HUDSON/workspace/8-2-build-linux-amd64/jdk8u20/1074/hotspot/src/share/vm/prims/jvm.cpp, line 1275]
Event: 0.260 Thread 0x00007fd27800c000 Exception <a 'java/security/PrivilegedActionException'> (0x00000000ec70c638) thrown at [/HUDSON/workspace/8-2-build-linux-amd64/jdk8u20/1074/hotspot/src/share/vm/prims/jvm.cpp, line 1275]

Events (10 events):
Event: 396.577 Executing VM operation: ChangeBreakpoints
Event: 396.577 Executing VM operation: ChangeBreakpoints done
Event: 396.580 Executing VM operation: ChangeBreakpoints
Event: 396.581 Executing VM operation: ChangeBreakpoints done
Event: 396.581 Executing VM operation: ChangeBreakpoints
Event: 396.581 Executing VM operation: ChangeBreakpoints done
Event: 396.583 Executing VM operation: ChangeBreakpoints
Event: 396.583 Executing VM operation: ChangeBreakpoints done
Event: 409.935 Executing VM operation: RedefineClasses
Event: 409.936 Executing VM operation: RedefineClasses done


Dynamic libraries:
00400000-00401000 r-xp 00000000 08:08 2622385                            /home/hijj/software/javaAndroid/jdk/jdk8/bin/java
00600000-00601000 rw-p 00000000 08:08 2622385                            /home/hijj/software/javaAndroid/jdk/jdk8/bin/java
0084a000-0086b000 rw-p 00000000 00:00 0                                  [heap]
c5000000-c7800000 rw-p 00000000 00:00 0 
c7800000-ec580000 ---p 00000000 00:00 0 
ec580000-ed980000 rw-p 00000000 00:00 0 
ed980000-100000000 ---p 00000000 00:00 0 
100000000-100080000 rw-p 00000000 00:00 0 
100080000-140000000 ---p 00000000 00:00 0 
7fd224000000-7fd224021000 rw-p 00000000 00:00 0 
7fd224021000-7fd228000000 ---p 00000000 00:00 0 
7fd228000000-7fd228021000 rw-p 00000000 00:00 0 
7fd228021000-7fd22c000000 ---p 00000000 00:00 0 
7fd22c000000-7fd22c036000 rw-p 00000000 00:00 0 
7fd22c036000-7fd230000000 ---p 00000000 00:00 0 
7fd230000000-7fd230073000 rw-p 00000000 00:00 0 
7fd230073000-7fd234000000 ---p 00000000 00:00 0 
7fd234000000-7fd234021000 rw-p 00000000 00:00 0 
7fd234021000-7fd238000000 ---p 00000000 00:00 0 
7fd238000000-7fd238021000 rw-p 00000000 00:00 0 
7fd238021000-7fd23c000000 ---p 00000000 00:00 0 
7fd23c000000-7fd23c021000 rw-p 00000000 00:00 0 
7fd23c021000-7fd240000000 ---p 00000000 00:00 0 
7fd240000000-7fd240022000 rw-p 00000000 00:00 0 
7fd240022000-7fd244000000 ---p 00000000 00:00 0 
7fd244000000-7fd244021000 rw-p 00000000 00:00 0 
7fd244021000-7fd248000000 ---p 00000000 00:00 0 
7fd248000000-7fd248021000 rw-p 00000000 00:00 0 
7fd248021000-7fd24c000000 ---p 00000000 00:00 0 
7fd24c000000-7fd24c021000 rw-p 00000000 00:00 0 
7fd24c021000-7fd250000000 ---p 00000000 00:00 0 
7fd250000000-7fd250021000 rw-p 00000000 00:00 0 
7fd250021000-7fd254000000 ---p 00000000 00:00 0 
7fd254000000-7fd254021000 rw-p 00000000 00:00 0 
7fd254021000-7fd258000000 ---p 00000000 00:00 0 
7fd258000000-7fd258021000 rw-p 00000000 00:00 0 
7fd258021000-7fd25c000000 ---p 00000000 00:00 0 
7fd25c000000-7fd25c021000 rw-p 00000000 00:00 0 
7fd25c021000-7fd260000000 ---p 00000000 00:00 0 
7fd2603da000-7fd26064f000 rw-p 00000000 00:00 0 
7fd26064f000-7fd260662000 r--s 00344000 08:08 2628842                    /home/hijj/software/javaAndroid/jdk/jdk8/jre/lib/resources.jar
7fd260662000-7fd260663000 ---p 00000000 00:00 0 
7fd260663000-7fd260763000 rw-p 00000000 00:00 0                          [stack:4327]
7fd260763000-7fd260766000 ---p 00000000 00:00 0 
7fd260766000-7fd260864000 rw-p 00000000 00:00 0                          [stack:4326]
7fd260864000-7fd260867000 ---p 00000000 00:00 0 
7fd260867000-7fd260965000 rw-p 00000000 00:00 0                          [stack:4325]
7fd260965000-7fd260968000 ---p 00000000 00:00 0 
7fd260968000-7fd260a66000 rw-p 00000000 00:00 0                          [stack:4324]
7fd260a66000-7fd260a69000 ---p 00000000 00:00 0 
7fd260a69000-7fd260b67000 rw-p 00000000 00:00 0                          [stack:4323]
7fd260b67000-7fd260b6a000 ---p 00000000 00:00 0 
7fd260b6a000-7fd260c68000 rw-p 00000000 00:00 0                          [stack:4318]
7fd260c68000-7fd260c6b000 ---p 00000000 00:00 0 
7fd260c6b000-7fd260d69000 rw-p 00000000 00:00 0                          [stack:4317]
7fd260d69000-7fd260d6c000 ---p 00000000 00:00 0 
7fd260d6c000-7fd260e6a000 rw-p 00000000 00:00 0                          [stack:4314]
7fd260e6a000-7fd260e6e000 r-xp 00000000 08:08 2628974                    /home/hijj/software/javaAndroid/jdk/jdk8/jre/lib/amd64/libdt_socket.so
7fd260e6e000-7fd26106d000 ---p 00004000 08:08 2628974                    /home/hijj/software/javaAndroid/jdk/jdk8/jre/lib/amd64/libdt_socket.so
7fd26106d000-7fd26106e000 rw-p 00003000 08:08 2628974                    /home/hijj/software/javaAndroid/jdk/jdk8/jre/lib/amd64/libdt_socket.so
7fd26106e000-7fd261071000 ---p 00000000 00:00 0 
7fd261071000-7fd26116f000 rw-p 00000000 00:00 0                          [stack:4312]
7fd26116f000-7fd261172000 ---p 00000000 00:00 0 
7fd261172000-7fd261270000 rw-p 00000000 00:00 0                          [stack:4311]
7fd261270000-7fd261273000 ---p 00000000 00:00 0 
7fd261273000-7fd261371000 rw-p 00000000 00:00 0                          [stack:4310]
7fd261371000-7fd261372000 ---p 00000000 00:00 0 
7fd261372000-7fd264000000 rw-p 00000000 00:00 0                          [stack:4309]
7fd264000000-7fd264021000 rw-p 00000000 00:00 0 
7fd264021000-7fd268000000 ---p 00000000 00:00 0 
7fd26800b000-7fd268027000 r--s 00393000 08:08 2628860                    /home/hijj/software/javaAndroid/jdk/jdk8/jre/lib/ext/cldrdata.jar
7fd268027000-7fd2681da000 rw-p 00000000 00:00 0 
7fd2681da000-7fd2683b0000 r--s 03ca8000 08:08 2628807                    /home/hijj/software/javaAndroid/jdk/jdk8/jre/lib/rt.jar
7fd2683b0000-7fd268866000 rw-p 00000000 00:00 0 
7fd268866000-7fd268c26000 ---p 00000000 00:00 0 
7fd268c26000-7fd268dfe000 rw-p 00000000 00:00 0 
7fd268dfe000-7fd268dff000 ---p 00000000 00:00 0 
7fd268dff000-7fd268eff000 rw-p 00000000 00:00 0                          [stack:4307]
7fd268eff000-7fd268f00000 ---p 00000000 00:00 0 
7fd268f00000-7fd269000000 rw-p 00000000 00:00 0                          [stack:4305]
7fd269000000-7fd269270000 rwxp 00000000 00:00 0 
7fd269270000-7fd278000000 ---p 00000000 00:00 0 
7fd278000000-7fd278158000 rw-p 00000000 00:00 0 
7fd278158000-7fd27c000000 ---p 00000000 00:00 0 
7fd27c005000-7fd27c006000 ---p 00000000 00:00 0 
7fd27c006000-7fd27c106000 rw-p 00000000 00:00 0                          [stack:4303]
7fd27c106000-7fd27c107000 ---p 00000000 00:00 0 
7fd27c107000-7fd27c21b000 rw-p 00000000 00:00 0                          [stack:4302]
7fd27c21b000-7fd27c342000 ---p 00000000 00:00 0 
7fd27c342000-7fd27c356000 rw-p 00000000 00:00 0 
7fd27c356000-7fd27c47c000 ---p 00000000 00:00 0 
7fd27c47c000-7fd27c487000 rw-p 00000000 00:00 0 
7fd27c487000-7fd27c51a000 ---p 00000000 00:00 0 
7fd27c51a000-7fd27c525000 rw-p 00000000 00:00 0 
7fd27c525000-7fd27c8db000 ---p 00000000 00:00 0 
7fd27c8db000-7fd27c8f5000 r-xp 00000000 08:08 2629001                    /home/hijj/software/javaAndroid/jdk/jdk8/jre/lib/amd64/libzip.so
7fd27c8f5000-7fd27caf5000 ---p 0001a000 08:08 2629001                    /home/hijj/software/javaAndroid/jdk/jdk8/jre/lib/amd64/libzip.so
7fd27caf5000-7fd27caf6000 rw-p 0001a000 08:08 2629001                    /home/hijj/software/javaAndroid/jdk/jdk8/jre/lib/amd64/libzip.so
7fd27caf6000-7fd27cb02000 r-xp 00000000 08:08 5771539                    /lib/x86_64-linux-gnu/libnss_files-2.21.so
7fd27cb02000-7fd27cd01000 ---p 0000c000 08:08 5771539                    /lib/x86_64-linux-gnu/libnss_files-2.21.so
7fd27cd01000-7fd27cd02000 r--p 0000b000 08:08 5771539                    /lib/x86_64-linux-gnu/libnss_files-2.21.so
7fd27cd02000-7fd27cd03000 rw-p 0000c000 08:08 5771539                    /lib/x86_64-linux-gnu/libnss_files-2.21.so
7fd27cd03000-7fd27cd0e000 r-xp 00000000 08:08 5771549                    /lib/x86_64-linux-gnu/libnss_nis-2.21.so
7fd27cd0e000-7fd27cf0d000 ---p 0000b000 08:08 5771549                    /lib/x86_64-linux-gnu/libnss_nis-2.21.so
7fd27cf0d000-7fd27cf0e000 r--p 0000a000 08:08 5771549                    /lib/x86_64-linux-gnu/libnss_nis-2.21.so
7fd27cf0e000-7fd27cf0f000 rw-p 0000b000 08:08 5771549                    /lib/x86_64-linux-gnu/libnss_nis-2.21.so
7fd27cf0f000-7fd27cf26000 r-xp 00000000 08:08 5771533                    /lib/x86_64-linux-gnu/libnsl-2.21.so
7fd27cf26000-7fd27d125000 ---p 00017000 08:08 5771533                    /lib/x86_64-linux-gnu/libnsl-2.21.so
7fd27d125000-7fd27d126000 r--p 00016000 08:08 5771533                    /lib/x86_64-linux-gnu/libnsl-2.21.so
7fd27d126000-7fd27d127000 rw-p 00017000 08:08 5771533                    /lib/x86_64-linux-gnu/libnsl-2.21.so
7fd27d127000-7fd27d129000 rw-p 00000000 00:00 0 
7fd27d129000-7fd27d131000 r-xp 00000000 08:08 5771535                    /lib/x86_64-linux-gnu/libnss_compat-2.21.so
7fd27d131000-7fd27d330000 ---p 00008000 08:08 5771535                    /lib/x86_64-linux-gnu/libnss_compat-2.21.so
7fd27d330000-7fd27d331000 r--p 00007000 08:08 5771535                    /lib/x86_64-linux-gnu/libnss_compat-2.21.so
7fd27d331000-7fd27d332000 rw-p 00008000 08:08 5771535                    /lib/x86_64-linux-gnu/libnss_compat-2.21.so
7fd27d332000-7fd27da14000 r--p 00000000 08:08 4070784                    /usr/lib/locale/locale-archive
7fd27da14000-7fd27da16000 r-xp 00000000 08:08 2628975                    /home/hijj/software/javaAndroid/jdk/jdk8/jre/lib/amd64/libnpt.so
7fd27da16000-7fd27dc16000 ---p 00002000 08:08 2628975                    /home/hijj/software/javaAndroid/jdk/jdk8/jre/lib/amd64/libnpt.so
7fd27dc16000-7fd27dc17000 rw-p 00002000 08:08 2628975                    /home/hijj/software/javaAndroid/jdk/jdk8/jre/lib/amd64/libnpt.so
7fd27dc17000-7fd27dc50000 r-xp 00000000 08:08 2628992                    /home/hijj/software/javaAndroid/jdk/jdk8/jre/lib/amd64/libjdwp.so
7fd27dc50000-7fd27de4f000 ---p 00039000 08:08 2628992                    /home/hijj/software/javaAndroid/jdk/jdk8/jre/lib/amd64/libjdwp.so
7fd27de4f000-7fd27de51000 rw-p 00038000 08:08 2628992                    /home/hijj/software/javaAndroid/jdk/jdk8/jre/lib/amd64/libjdwp.so
7fd27de51000-7fd27de7b000 r-xp 00000000 08:08 2628996                    /home/hijj/software/javaAndroid/jdk/jdk8/jre/lib/amd64/libjava.so
7fd27de7b000-7fd27e07b000 ---p 0002a000 08:08 2628996                    /home/hijj/software/javaAndroid/jdk/jdk8/jre/lib/amd64/libjava.so
7fd27e07b000-7fd27e07d000 rw-p 0002a000 08:08 2628996                    /home/hijj/software/javaAndroid/jdk/jdk8/jre/lib/amd64/libjava.so
7fd27e07d000-7fd27e08a000 r-xp 00000000 08:08 2629000                    /home/hijj/software/javaAndroid/jdk/jdk8/jre/lib/amd64/libverify.so
7fd27e08a000-7fd27e28a000 ---p 0000d000 08:08 2629000                    /home/hijj/software/javaAndroid/jdk/jdk8/jre/lib/amd64/libverify.so
7fd27e28a000-7fd27e28c000 rw-p 0000d000 08:08 2629000                    /home/hijj/software/javaAndroid/jdk/jdk8/jre/lib/amd64/libverify.so
7fd27e28c000-7fd27e293000 r-xp 00000000 08:08 5771594                    /lib/x86_64-linux-gnu/librt-2.21.so
7fd27e293000-7fd27e492000 ---p 00007000 08:08 5771594                    /lib/x86_64-linux-gnu/librt-2.21.so
7fd27e492000-7fd27e493000 r--p 00006000 08:08 5771594                    /lib/x86_64-linux-gnu/librt-2.21.so
7fd27e493000-7fd27e494000 rw-p 00007000 08:08 5771594                    /lib/x86_64-linux-gnu/librt-2.21.so
7fd27e494000-7fd27e59b000 r-xp 00000000 08:08 5771512                    /lib/x86_64-linux-gnu/libm-2.21.so
7fd27e59b000-7fd27e79a000 ---p 00107000 08:08 5771512                    /lib/x86_64-linux-gnu/libm-2.21.so
7fd27e79a000-7fd27e79b000 r--p 00106000 08:08 5771512                    /lib/x86_64-linux-gnu/libm-2.21.so
7fd27e79b000-7fd27e79c000 rw-p 00107000 08:08 5771512                    /lib/x86_64-linux-gnu/libm-2.21.so
7fd27e79c000-7fd27f406000 r-xp 00000000 08:08 2628982                    /home/hijj/software/javaAndroid/jdk/jdk8/jre/lib/amd64/server/libjvm.so
7fd27f406000-7fd27f605000 ---p 00c6a000 08:08 2628982                    /home/hijj/software/javaAndroid/jdk/jdk8/jre/lib/amd64/server/libjvm.so
7fd27f605000-7fd27f6dc000 rw-p 00c69000 08:08 2628982                    /home/hijj/software/javaAndroid/jdk/jdk8/jre/lib/amd64/server/libjvm.so
7fd27f6dc000-7fd27f71e000 rw-p 00000000 00:00 0 
7fd27f71e000-7fd27f8de000 r-xp 00000000 08:08 5771453                    /lib/x86_64-linux-gnu/libc-2.21.so
7fd27f8de000-7fd27fade000 ---p 001c0000 08:08 5771453                    /lib/x86_64-linux-gnu/libc-2.21.so
7fd27fade000-7fd27fae2000 r--p 001c0000 08:08 5771453                    /lib/x86_64-linux-gnu/libc-2.21.so
7fd27fae2000-7fd27fae4000 rw-p 001c4000 08:08 5771453                    /lib/x86_64-linux-gnu/libc-2.21.so
7fd27fae4000-7fd27fae8000 rw-p 00000000 00:00 0 
7fd27fae8000-7fd27faeb000 r-xp 00000000 08:08 5771470                    /lib/x86_64-linux-gnu/libdl-2.21.so
7fd27faeb000-7fd27fcea000 ---p 00003000 08:08 5771470                    /lib/x86_64-linux-gnu/libdl-2.21.so
7fd27fcea000-7fd27fceb000 r--p 00002000 08:08 5771470                    /lib/x86_64-linux-gnu/libdl-2.21.so
7fd27fceb000-7fd27fcec000 rw-p 00003000 08:08 5771470                    /lib/x86_64-linux-gnu/libdl-2.21.so
7fd27fcec000-7fd27fd01000 r-xp 00000000 08:08 2628623                    /home/hijj/software/javaAndroid/jdk/jdk8/lib/amd64/jli/libjli.so
7fd27fd01000-7fd27ff00000 ---p 00015000 08:08 2628623                    /home/hijj/software/javaAndroid/jdk/jdk8/lib/amd64/jli/libjli.so
7fd27ff00000-7fd27ff01000 rw-p 00014000 08:08 2628623                    /home/hijj/software/javaAndroid/jdk/jdk8/lib/amd64/jli/libjli.so
7fd27ff01000-7fd27ff19000 r-xp 00000000 08:08 5771586                    /lib/x86_64-linux-gnu/libpthread-2.21.so
7fd27ff19000-7fd280119000 ---p 00018000 08:08 5771586                    /lib/x86_64-linux-gnu/libpthread-2.21.so
7fd280119000-7fd28011a000 r--p 00018000 08:08 5771586                    /lib/x86_64-linux-gnu/libpthread-2.21.so
7fd28011a000-7fd28011b000 rw-p 00019000 08:08 5771586                    /lib/x86_64-linux-gnu/libpthread-2.21.so
7fd28011b000-7fd28011f000 rw-p 00000000 00:00 0 
7fd28011f000-7fd280143000 r-xp 00000000 08:08 5771425                    /lib/x86_64-linux-gnu/ld-2.21.so
7fd280149000-7fd280221000 rw-p 00000000 00:00 0 
7fd280221000-7fd280224000 ---p 00000000 00:00 0 
7fd280224000-7fd280326000 rw-p 00000000 00:00 0                          [stack:4299]
7fd280329000-7fd28032c000 rw-p 00000000 00:00 0 
7fd28032c000-7fd280336000 r--s 00116000 08:08 2628866                    /home/hijj/software/javaAndroid/jdk/jdk8/jre/lib/ext/localedata.jar
7fd280336000-7fd28033e000 rw-s 00000000 08:08 5265891                    /tmp/hsperfdata_hijj/4297
7fd28033e000-7fd28033f000 rw-p 00000000 00:00 0 
7fd28033f000-7fd280340000 r--p 00000000 00:00 0 
7fd280340000-7fd280342000 rw-p 00000000 00:00 0 
7fd280342000-7fd280343000 r--p 00023000 08:08 5771425                    /lib/x86_64-linux-gnu/ld-2.21.so
7fd280343000-7fd280344000 rw-p 00024000 08:08 5771425                    /lib/x86_64-linux-gnu/ld-2.21.so
7fd280344000-7fd280345000 rw-p 00000000 00:00 0 
7ffd7bb83000-7ffd7bba4000 rw-p 00000000 00:00 0                          [stack]
7ffd7bbbf000-7ffd7bbc1000 r--p 00000000 00:00 0                          [vvar]
7ffd7bbc1000-7ffd7bbc3000 r-xp 00000000 00:00 0                          [vdso]
ffffffffff600000-ffffffffff601000 r-xp 00000000 00:00 0                  [vsyscall]

VM Arguments:
jvm_args: -agentlib:jdwp=transport=dt_socket,suspend=y,address=localhost:45877 -Dfile.encoding=UTF-8 
java_command: learning.rzh1.rzh1
java_class_path (initial): /media/hijj/娱乐/github/repositories/ACM/Java/bin
Launcher Type: SUN_STANDARD

Environment Variables:
JAVA_HOME=/home/hijj/software/javaAndroid/jdk/jdk8
JRE_HOME=/home/hijj/software/javaAndroid/jdk/jdk8/jre
CLASSPATH=.:/home/hijj/software/javaAndroid/jdk/jdk8/lib:/home/hijj/software/javaAndroid/jdk/jdk8/jre/lib:.:$JAVA_HOME/lib:$JAVA_HOME/jre/lib
PATH=/home/hijj/software/javaAndroid/jdk/jdk8/bin:/home/hijj/software/javaAndroid/jdk/jdk8/jre/bin:/usr/local/sbin:/usr/local/bin:/usr/sbin:/usr/bin:/sbin:/bin:/usr/games:/usr/local/games:$JAVA_HOME/bin
SHELL=/bin/bash
DISPLAY=:0

Signal Handlers:
SIGSEGV: [libjvm.so+0xa77530], sa_mask[0]=11111111011111111101111111111110, sa_flags=SA_RESTART|SA_SIGINFO
SIGBUS: [libjvm.so+0xa77530], sa_mask[0]=11111111011111111101111111111110, sa_flags=SA_RESTART|SA_SIGINFO
SIGFPE: [libjvm.so+0x8e1d90], sa_mask[0]=11111111011111111101111111111110, sa_flags=SA_RESTART|SA_SIGINFO
SIGPIPE: [libjvm.so+0x8e1d90], sa_mask[0]=11111111011111111101111111111110, sa_flags=SA_RESTART|SA_SIGINFO
SIGXFSZ: [libjvm.so+0x8e1d90], sa_mask[0]=11111111011111111101111111111110, sa_flags=SA_RESTART|SA_SIGINFO
SIGILL: [libjvm.so+0x8e1d90], sa_mask[0]=11111111011111111101111111111110, sa_flags=SA_RESTART|SA_SIGINFO
SIGUSR1: SIG_DFL, sa_mask[0]=00000000000000000000000000000000, sa_flags=none
SIGUSR2: [libjvm.so+0x8e35c0], sa_mask[0]=00100000000000000000000000000000, sa_flags=SA_RESTART|SA_SIGINFO
SIGHUP: [libjvm.so+0x8e4980], sa_mask[0]=11111111011111111101111111111110, sa_flags=SA_RESTART|SA_SIGINFO
SIGINT: [libjvm.so+0x8e4980], sa_mask[0]=11111111011111111101111111111110, sa_flags=SA_RESTART|SA_SIGINFO
SIGTERM: [libjvm.so+0x8e4980], sa_mask[0]=11111111011111111101111111111110, sa_flags=SA_RESTART|SA_SIGINFO
SIGQUIT: [libjvm.so+0x8e4980], sa_mask[0]=11111111011111111101111111111110, sa_flags=SA_RESTART|SA_SIGINFO


---------------  S Y S T E M  ---------------

OS:DISTRIB_ID=Ubuntu
DISTRIB_RELEASE=15.04
DISTRIB_CODENAME=vivid
DISTRIB_DESCRIPTION="Ubuntu 15.04"

uname:Linux 3.19.0-32-generic #37-Ubuntu SMP Wed Oct 21 10:23:06 UTC 2015 x86_64
libc:glibc 2.21 NPTL 2.21 
rlimit: STACK 8192k, CORE 0k, NPROC 15002, NOFILE 65536, AS infinity
load average:1.65 0.49 0.35

/proc/meminfo:
MemTotal:        3863036 kB
MemFree:          678428 kB
MemAvailable:    1319168 kB
Buffers:          113132 kB
Cached:          1038280 kB
SwapCached:            0 kB
Active:          2153244 kB
Inactive:         817364 kB
Active(anon):    1822676 kB
Inactive(anon):   365720 kB
Active(file):     330568 kB
Inactive(file):   451644 kB
Unevictable:          48 kB
Mlocked:              48 kB
SwapTotal:       4005884 kB
SwapFree:        4005884 kB
Dirty:              1080 kB
Writeback:             0 kB
AnonPages:       1819316 kB
Mapped:           338188 kB
Shmem:            369164 kB
Slab:              95340 kB
SReclaimable:      54944 kB
SUnreclaim:        40396 kB
KernelStack:       21408 kB
PageTables:        40960 kB
NFS_Unstable:          0 kB
Bounce:                0 kB
WritebackTmp:          0 kB
CommitLimit:     5937400 kB
Committed_AS:    9880744 kB
VmallocTotal:   34359738367 kB
VmallocUsed:      378056 kB
VmallocChunk:   34359349592 kB
HardwareCorrupted:     0 kB
AnonHugePages:    864256 kB
CmaTotal:              0 kB
CmaFree:               0 kB
HugePages_Total:       0
HugePages_Free:        0
HugePages_Rsvd:        0
HugePages_Surp:        0
Hugepagesize:       2048 kB
DirectMap4k:      142076 kB
DirectMap2M:     3866624 kB


CPU:total 4 (2 cores per cpu, 2 threads per core) family 6 model 58 stepping 9, cmov, cx8, fxsr, mmx, sse, sse2, sse3, ssse3, sse4.1, sse4.2, popcnt, avx, aes, clmul, erms, ht, tsc, tscinvbit, tscinv

/proc/cpuinfo:
processor	: 0
vendor_id	: GenuineIntel
cpu family	: 6
model		: 58
model name	: Intel(R) Core(TM) i5-3230M CPU @ 2.60GHz
stepping	: 9
microcode	: 0x17
cpu MHz		: 2999.953
cache size	: 3072 KB
physical id	: 0
siblings	: 4
core id		: 0
cpu cores	: 2
apicid		: 0
initial apicid	: 0
fpu		: yes
fpu_exception	: yes
cpuid level	: 13
wp		: yes
flags		: fpu vme de pse tsc msr pae mce cx8 apic sep mtrr pge mca cmov pat pse36 clflush dts acpi mmx fxsr sse sse2 ss ht tm pbe syscall nx rdtscp lm constant_tsc arch_perfmon pebs bts rep_good nopl xtopology nonstop_tsc aperfmperf eagerfpu pni pclmulqdq dtes64 monitor ds_cpl vmx est tm2 ssse3 cx16 xtpr pdcm pcid sse4_1 sse4_2 x2apic popcnt tsc_deadline_timer aes xsave avx f16c rdrand lahf_lm ida arat epb pln pts dtherm tpr_shadow vnmi flexpriority ept vpid fsgsbase smep erms xsaveopt
bugs		:
bogomips	: 5188.01
clflush size	: 64
cache_alignment	: 64
address sizes	: 36 bits physical, 48 bits virtual
power management:

processor	: 1
vendor_id	: GenuineIntel
cpu family	: 6
model		: 58
model name	: Intel(R) Core(TM) i5-3230M CPU @ 2.60GHz
stepping	: 9
microcode	: 0x17
cpu MHz		: 2999.953
cache size	: 3072 KB
physical id	: 0
siblings	: 4
core id		: 0
cpu cores	: 2
apicid		: 1
initial apicid	: 1
fpu		: yes
fpu_exception	: yes
cpuid level	: 13
wp		: yes
flags		: fpu vme de pse tsc msr pae mce cx8 apic sep mtrr pge mca cmov pat pse36 clflush dts acpi mmx fxsr sse sse2 ss ht tm pbe syscall nx rdtscp lm constant_tsc arch_perfmon pebs bts rep_good nopl xtopology nonstop_tsc aperfmperf eagerfpu pni pclmulqdq dtes64 monitor ds_cpl vmx est tm2 ssse3 cx16 xtpr pdcm pcid sse4_1 sse4_2 x2apic popcnt tsc_deadline_timer aes xsave avx f16c rdrand lahf_lm ida arat epb pln pts dtherm tpr_shadow vnmi flexpriority ept vpid fsgsbase smep erms xsaveopt
bugs		:
bogomips	: 5188.01
clflush size	: 64
cache_alignment	: 64
address sizes	: 36 bits physical, 48 bits virtual
power management:

processor	: 2
vendor_id	: GenuineIntel
cpu family	: 6
model		: 58
model name	: Intel(R) Core(TM) i5-3230M CPU @ 2.60GHz
stepping	: 9
microcode	: 0x17
cpu MHz		: 2999.953
cache size	: 3072 KB
physical id	: 0
siblings	: 4
core id		: 1
cpu cores	: 2
apicid		: 2
initial apicid	: 2
fpu		: yes
fpu_exception	: yes
cpuid level	: 13
wp		: yes
flags		: fpu vme de pse tsc msr pae mce cx8 apic sep mtrr pge mca cmov pat pse36 clflush dts acpi mmx fxsr sse sse2 ss ht tm pbe syscall nx rdtscp lm constant_tsc arch_perfmon pebs bts rep_good nopl xtopology nonstop_tsc aperfmperf eagerfpu pni pclmulqdq dtes64 monitor ds_cpl vmx est tm2 ssse3 cx16 xtpr pdcm pcid sse4_1 sse4_2 x2apic popcnt tsc_deadline_timer aes xsave avx f16c rdrand lahf_lm ida arat epb pln pts dtherm tpr_shadow vnmi flexpriority ept vpid fsgsbase smep erms xsaveopt
bugs		:
bogomips	: 5188.01
clflush size	: 64
cache_alignment	: 64
address sizes	: 36 bits physical, 48 bits virtual
power management:

processor	: 3
vendor_id	: GenuineIntel
cpu family	: 6
model		: 58
model name	: Intel(R) Core(TM) i5-3230M CPU @ 2.60GHz
stepping	: 9
microcode	: 0x17
cpu MHz		: 2999.953
cache size	: 3072 KB
physical id	: 0
siblings	: 4
core id		: 1
cpu cores	: 2
apicid		: 3
initial apicid	: 3
fpu		: yes
fpu_exception	: yes
cpuid level	: 13
wp		: yes
flags		: fpu vme de pse tsc msr pae mce cx8 apic sep mtrr pge mca cmov pat pse36 clflush dts acpi mmx fxsr sse sse2 ss ht tm pbe syscall nx rdtscp lm constant_tsc arch_perfmon pebs bts rep_good nopl xtopology nonstop_tsc aperfmperf eagerfpu pni pclmulqdq dtes64 monitor ds_cpl vmx est tm2 ssse3 cx16 xtpr pdcm pcid sse4_1 sse4_2 x2apic popcnt tsc_deadline_timer aes xsave avx f16c rdrand lahf_lm ida arat epb pln pts dtherm tpr_shadow vnmi flexpriority ept vpid fsgsbase smep erms xsaveopt
bugs		:
bogomips	: 5188.01
clflush size	: 64
cache_alignment	: 64
address sizes	: 36 bits physical, 48 bits virtual
power management:



Memory: 4k page, physical 3863036k(678164k free), swap 4005884k(4005884k free)

vm_info: Java HotSpot(TM) 64-Bit Server VM (25.20-b23) for linux-amd64 JRE (1.8.0_20-b26), built on Jul 30 2014 13:13:52 by "java_re" with gcc 4.3.0 20080428 (Red Hat 4.3.0-8)

time: Mon Nov  9 17:44:37 2015
elapsed time: 410 seconds (0d 0h 6m 50s)

