#
# A fatal error has been detected by the Java Runtime Environment:
#
#  SIGSEGV (0xb) at pc=0x00007f88d91b3190, pid=7451, tid=140225028216576
#
# JRE version: Java(TM) SE Runtime Environment (8.0_20-b26) (build 1.8.0_20-b26)
# Java VM: Java HotSpot(TM) 64-Bit Server VM (25.20-b23 mixed mode linux-amd64 compressed oops)
# Problematic frame:
# V  [libjvm.so+0x873190]  Method::checked_resolve_jmethod_id(_jmethodID*)+0x20
#
# Failed to write core dump. Core dumps have been disabled. To enable core dumping, try "ulimit -c unlimited" before starting Java again
#
# If you would like to submit a bug report, please visit:
#   http://bugreport.sun.com/bugreport/crash.jsp
#

---------------  T H R E A D  ---------------

Current thread (0x00007f88d40ba800):  JavaThread "JDWP Transport Listener: dt_socket" daemon [_thread_in_vm, id=7468, stack(0x00007f88aeeed000,0x00007f88aefee000)]

siginfo: si_signo: 11 (SIGSEGV), si_code: 128 (SI_KERNEL), si_addr: 0x0000000000000000

Registers:
RAX=0x0000000000000001, RBX=0x00007f88d40036a0, RCX=0x00007f88da2be340, RDX=0x00007f88d9897fe0
RSP=0x00007f88aefec8d0, RBP=0x00007f88aefec8e0, RSI=0x00007f88d40ba800, RDI=0x003b797274003b6e
R8 =0x00007f889c0241b0, R9 =0x0000000000000000, R10=0x0000000000000020, R11=0x00007f88d9a59230
R12=0x0000000000000017, R13=0x003b797274003b6e, R14=0x00007f88d40ba800, R15=0x00007f88aefec9e7
RIP=0x00007f88d91b3190, EFLAGS=0x0000000000010202, CSGSFS=0x0000000000000033, ERR=0x0000000000000000
  TRAPNO=0x000000000000000d

Top of Stack: (sp=0x00007f88aefec8d0)
0x00007f88aefec8d0:   0000000000000074 00007f88d40036a0
0x00007f88aefec8e0:   00007f88aefec950 00007f88d904878e
0x00007f88aefec8f0:   00007f889c0241b0 00007f88aefec900
0x00007f88aefec900:   00007f88d40ba800 0000000000000000
0x00007f88aefec910:   00007f8800000000 0000000000000000
0x00007f88aefec920:   00007f88aefec940 00007f88d3dd3d60
0x00007f88aefec930:   003b797274003b6e 00007f88aefec9e7
0x00007f88aefec940:   0000000000000007 00007f88aefec9e7
0x00007f88aefec950:   00007f88aefec980 00007f88d3bbf872
0x00007f88aefec960:   00007f88aefec980 003b797274003b6e
0x00007f88aefec970:   00007f88aefeca50 0000000000000038
0x00007f88aefec980:   00007f88aefeca10 00007f88d3ba0a60
0x00007f88aefec990:   00007f88aefec9c8 00007f88aefec9c0
0x00007f88aefec9a0:   00007f88aefec9b8 00007f88aefec9dc
0x00007f88aefec9b0:   000000019c00f740 0000000000000000
0x00007f88aefec9c0:   0000000000000000 0000000000000000
0x00007f88aefec9d0:   00007f889c0072e0 0000000aaefeca50
0x00007f88aefec9e0:   0000000000000008 0000000000000002
0x00007f88aefec9f0:   000000000000000f 0000000000000002
0x00007f88aefeca00:   00000000000f0200 000000000000000f
0x00007f88aefeca10:   00007f88aefecc60 00007f88d3bab976
0x00007f88aefeca20:   0001d74900000013 00007f88d90f0200
0x00007f88aefeca30:   00007f8894000ba0 0000000000000000
0x00007f88aefeca40:   00007f88aefeca50 00007f88aefecbe0
0x00007f88aefeca50:   00007f889c020f01 00007f8800000237
0x00007f88aefeca60:   00007f889c0060e0 000000000000012c
0x00007f88aefeca70:   00007f88aefecaa0 00007f889c0060e0
0x00007f88aefeca80:   00007f0000000000 0001d7490000001c
0x00007f88aefeca90:   00007f880000cb80 00007f88aefecaa0
0x00007f88aefecaa0:   887f000008000000 060000009860009c
0x00007f88aefecab0:   00003e74696e693c 0000005629280300
0x00007f88aefecac0:   7f00000100000000 0000009060009c88 

Instructions: (pc=0x00007f88d91b3190)
0x00007f88d91b3170:   55 48 89 e5 53 48 83 ec 08 48 85 ff 75 12 31 db
0x00007f88d91b3180:   48 89 d8 48 83 c4 08 5b c9 c3 66 0f 1f 44 00 00
0x00007f88d91b3190:   48 8b 1f 48 85 db 74 e6 48 83 fb 37 74 e0 48 8b
0x00007f88d91b31a0:   03 48 89 df ff 50 10 84 c0 0f 1f 80 00 00 00 00 

Register to memory mapping:

RAX=0x0000000000000001 is an unknown value
RBX=0x00007f88d40036a0 is an unknown value
RCX=0x00007f88da2be340: <offset 0x219340> in /lib/x86_64-linux-gnu/libpthread.so.0 at 0x00007f88da0a5000
RDX=0x00007f88d9897fe0: <offset 0xf57fe0> in /home/hijj/software/javaAndroid/jdk/jdk8/jre/lib/amd64/server/libjvm.so at 0x00007f88d8940000
RSP=0x00007f88aefec8d0 is pointing into the stack for thread: 0x00007f88d40ba800
RBP=0x00007f88aefec8e0 is pointing into the stack for thread: 0x00007f88d40ba800
RSI=0x00007f88d40ba800 is a thread
RDI=0x003b797274003b6e is an unknown value
R8 =0x00007f889c0241b0 is an unknown value
R9 =0x0000000000000000 is an unknown value
R10=0x0000000000000020 is an unknown value
R11=0x00007f88d9a59230: <offset 0x197230> in /lib/x86_64-linux-gnu/libc.so.6 at 0x00007f88d98c2000
R12=0x0000000000000017 is an unknown value
R13=0x003b797274003b6e is an unknown value
R14=0x00007f88d40ba800 is a thread
R15=0x00007f88aefec9e7 is pointing into the stack for thread: 0x00007f88d40ba800


Stack: [0x00007f88aeeed000,0x00007f88aefee000],  sp=0x00007f88aefec8d0,  free space=1022k
Native frames: (J=compiled Java code, j=interpreted, Vv=VM code, C=native code)
V  [libjvm.so+0x873190]  Method::checked_resolve_jmethod_id(_jmethodID*)+0x20
V  [libjvm.so+0x70878e]  jvmti_IsMethodSynthetic+0x29e
C  [libjdwp.so+0x25872]  isMethodSynthetic+0x42
C  [libjdwp.so+0x6a60]  methods1+0x1b0
C  [libjdwp.so+0x11976]  debugLoop_run+0x2b6
C  [libjdwp.so+0x247af]  attachThread+0x2f
V  [libjvm.so+0x7744f2]  JvmtiAgentThread::call_start_function()+0xc2
V  [libjvm.so+0xa2990f]  JavaThread::thread_main_inner()+0xdf
V  [libjvm.so+0xa29a3c]  JavaThread::run()+0x11c
V  [libjvm.so+0x8e75f8]  java_start(Thread*)+0x108
C  [libpthread.so.0+0x76aa]  start_thread+0xca


---------------  P R O C E S S  ---------------

Java Threads: ( => current thread )
  0x00007f88d40ca800 JavaThread "Service Thread" daemon [_thread_blocked, id=7477, stack(0x00007f88ae8e7000,0x00007f88ae9e8000)]
  0x00007f88d40c5000 JavaThread "C1 CompilerThread2" daemon [_thread_blocked, id=7476, stack(0x00007f88ae9e8000,0x00007f88aeae9000)]
  0x00007f88d40c3000 JavaThread "C2 CompilerThread1" daemon [_thread_blocked, id=7475, stack(0x00007f88aeae9000,0x00007f88aebea000)]
  0x00007f88d40c0800 JavaThread "C2 CompilerThread0" daemon [_thread_blocked, id=7474, stack(0x00007f88aebea000,0x00007f88aeceb000)]
  0x00007f889c001000 JavaThread "JDWP Command Reader" daemon [_thread_in_native, id=7470, stack(0x00007f88aeceb000,0x00007f88aedec000)]
  0x00007f88d40be000 JavaThread "JDWP Event Helper Thread" daemon [_thread_blocked, id=7469, stack(0x00007f88aedec000,0x00007f88aeeed000)]
=>0x00007f88d40ba800 JavaThread "JDWP Transport Listener: dt_socket" daemon [_thread_in_vm, id=7468, stack(0x00007f88aeeed000,0x00007f88aefee000)]
  0x00007f88d40ad000 JavaThread "Signal Dispatcher" daemon [_thread_blocked, id=7465, stack(0x00007f88af1f2000,0x00007f88af2f3000)]
  0x00007f88d407f000 JavaThread "Finalizer" daemon [_thread_blocked, id=7464, stack(0x00007f88af2f3000,0x00007f88af3f4000)]
  0x00007f88d407d000 JavaThread "Reference Handler" daemon [_thread_blocked, id=7463, stack(0x00007f88af3f4000,0x00007f88af4f5000)]
  0x00007f88d400c000 JavaThread "main" [_thread_in_native, id=7453, stack(0x00007f88da3c5000,0x00007f88da4c6000)]

Other Threads:
  0x00007f88d4075800 VMThread [stack: 0x00007f88af4f5000,0x00007f88af5f6000] [id=7461]
  0x00007f88d40cd000 WatcherThread [stack: 0x00007f88ae7e6000,0x00007f88ae8e7000] [id=7478]

VM state:not at safepoint (normal execution)

VM Mutex/Monitor currently owned by a thread: None

Heap:
 PSYoungGen      total 17920K, used 2153K [0x00000000ec580000, 0x00000000ed980000, 0x0000000100000000)
  eden space 15360K, 14% used [0x00000000ec580000,0x00000000ec79a7e8,0x00000000ed480000)
  from space 2560K, 0% used [0x00000000ed700000,0x00000000ed700000,0x00000000ed980000)
  to   space 2560K, 0% used [0x00000000ed480000,0x00000000ed480000,0x00000000ed700000)
 ParOldGen       total 40960K, used 0K [0x00000000c5000000, 0x00000000c7800000, 0x00000000ec580000)
  object space 40960K, 0% used [0x00000000c5000000,0x00000000c5000000,0x00000000c7800000)
 Metaspace       used 4269K, capacity 5354K, committed 5632K, reserved 1056768K
  class space    used 428K, capacity 466K, committed 512K, reserved 1048576K

Card table byte_map: [0x00007f88c34c8000,0x00007f88c36a1000] byte_map_base: 0x00007f88c2ea0000

Marking Bits: (ParMarkBitMap*) 0x00007f88d9897ac0
 Begin Bits: [0x00007f88c1209000, 0x00007f88c20c9000)
 End Bits:   [0x00007f88c20c9000, 0x00007f88c2f89000)

Polling page: 0x00007f88da4e3000

CodeCache: size=245760Kb used=1220Kb max_used=1220Kb free=244539Kb
 bounds [0x00007f88c3a61000, 0x00007f88c3cd1000, 0x00007f88d2a61000]
 total_blobs=318 nmethods=81 adapters=160
 compilation: enabled

Compilation events (10 events):
Event: 0.544 Thread 0x00007f88d40c5000   77       1       java.util.regex.Pattern::flags (5 bytes)
Event: 0.544 Thread 0x00007f88d40c5000 nmethod 77 0x00007f88c3b90850 code [0x00007f88c3b909a0, 0x00007f88c3b90ab0]
Event: 14.686 Thread 0x00007f88d40c5000   79       3       java.util.concurrent.ConcurrentHashMap$Node::<init> (26 bytes)
Event: 14.687 Thread 0x00007f88d40c5000 nmethod 79 0x00007f88c3b90b10 code [0x00007f88c3b90c80, 0x00007f88c3b90e70]
Event: 14.687 Thread 0x00007f88d40c5000   78       1       java.nio.Buffer::position (5 bytes)
Event: 14.687 Thread 0x00007f88d40c5000 nmethod 78 0x00007f88c3b90f50 code [0x00007f88c3b910a0, 0x00007f88c3b911b0]
Event: 2353.761 Thread 0x00007f88d40c5000   80       1       java.nio.Buffer::limit (5 bytes)
Event: 2353.761 Thread 0x00007f88d40c5000 nmethod 80 0x00007f88c3b91210 code [0x00007f88c3b91360, 0x00007f88c3b91470]
Event: 2413.656 Thread 0x00007f88d40c5000   81       3       java.util.HashMap::getNode (148 bytes)
Event: 2413.657 Thread 0x00007f88d40c5000 nmethod 81 0x00007f88c3b914d0 code [0x00007f88c3b916a0, 0x00007f88c3b92068]

GC Heap History (0 events):
No events

Deoptimization events (0 events):
No events

Internal exceptions (10 events):
Event: 0.525 Thread 0x00007f88d400c000 Exception <a 'java/security/PrivilegedActionException'> (0x00000000ec72d978) thrown at [/HUDSON/workspace/8-2-build-linux-amd64/jdk8u20/1074/hotspot/src/share/vm/prims/jvm.cpp, line 1275]
Event: 0.526 Thread 0x00007f88d400c000 Exception <a 'java/security/PrivilegedActionException'> (0x00000000ec730398) thrown at [/HUDSON/workspace/8-2-build-linux-amd64/jdk8u20/1074/hotspot/src/share/vm/prims/jvm.cpp, line 1275]
Event: 0.526 Thread 0x00007f88d400c000 Exception <a 'java/security/PrivilegedActionException'> (0x00000000ec731738) thrown at [/HUDSON/workspace/8-2-build-linux-amd64/jdk8u20/1074/hotspot/src/share/vm/prims/jvm.cpp, line 1275]
Event: 0.533 Thread 0x00007f88d400c000 Exception <a 'java/security/PrivilegedActionException'> (0x00000000ec7454d8) thrown at [/HUDSON/workspace/8-2-build-linux-amd64/jdk8u20/1074/hotspot/src/share/vm/prims/jvm.cpp, line 1275]
Event: 0.533 Thread 0x00007f88d400c000 Exception <a 'java/security/PrivilegedActionException'> (0x00000000ec746970) thrown at [/HUDSON/workspace/8-2-build-linux-amd64/jdk8u20/1074/hotspot/src/share/vm/prims/jvm.cpp, line 1275]
Event: 0.536 Thread 0x00007f88d400c000 Exception <a 'java/security/PrivilegedActionException'> (0x00000000ec753ca8) thrown at [/HUDSON/workspace/8-2-build-linux-amd64/jdk8u20/1074/hotspot/src/share/vm/prims/jvm.cpp, line 1275]
Event: 0.536 Thread 0x00007f88d400c000 Exception <a 'java/security/PrivilegedActionException'> (0x00000000ec755368) thrown at [/HUDSON/workspace/8-2-build-linux-amd64/jdk8u20/1074/hotspot/src/share/vm/prims/jvm.cpp, line 1275]
Event: 0.536 Thread 0x00007f88d400c000 Exception <a 'java/security/PrivilegedActionException'> (0x00000000ec757a08) thrown at [/HUDSON/workspace/8-2-build-linux-amd64/jdk8u20/1074/hotspot/src/share/vm/prims/jvm.cpp, line 1275]
Event: 0.537 Thread 0x00007f88d400c000 Exception <a 'java/security/PrivilegedActionException'> (0x00000000ec7590e8) thrown at [/HUDSON/workspace/8-2-build-linux-amd64/jdk8u20/1074/hotspot/src/share/vm/prims/jvm.cpp, line 1275]
Event: 14.687 Thread 0x00007f88d400c000 Exception <a 'java/security/PrivilegedActionException'> (0x00000000ec772160) thrown at [/HUDSON/workspace/8-2-build-linux-amd64/jdk8u20/1074/hotspot/src/share/vm/prims/jvm.cpp, line 1275]

Events (10 events):
Event: 4936.228 Executing VM operation: ChangeBreakpoints
Event: 4936.228 Executing VM operation: ChangeBreakpoints done
Event: 4936.230 Executing VM operation: ChangeBreakpoints
Event: 4936.230 Executing VM operation: ChangeBreakpoints done
Event: 4936.234 Executing VM operation: ChangeBreakpoints
Event: 4936.234 Executing VM operation: ChangeBreakpoints done
Event: 4936.234 Executing VM operation: ChangeBreakpoints
Event: 4936.234 Executing VM operation: ChangeBreakpoints done
Event: 5733.675 Executing VM operation: RedefineClasses
Event: 5733.676 Executing VM operation: RedefineClasses done


Dynamic libraries:
00400000-00401000 r-xp 00000000 08:08 2622385                            /home/hijj/software/javaAndroid/jdk/jdk8/bin/java
00600000-00601000 rw-p 00000000 08:08 2622385                            /home/hijj/software/javaAndroid/jdk/jdk8/bin/java
01034000-01055000 rw-p 00000000 00:00 0                                  [heap]
c5000000-c7800000 rw-p 00000000 00:00 0 
c7800000-ec580000 ---p 00000000 00:00 0 
ec580000-ed980000 rw-p 00000000 00:00 0 
ed980000-100000000 ---p 00000000 00:00 0 
100000000-100080000 rw-p 00000000 00:00 0 
100080000-140000000 ---p 00000000 00:00 0 
7f8878000000-7f8878021000 rw-p 00000000 00:00 0 
7f8878021000-7f887c000000 ---p 00000000 00:00 0 
7f8880000000-7f88800a3000 rw-p 00000000 00:00 0 
7f88800a3000-7f8884000000 ---p 00000000 00:00 0 
7f8884000000-7f8884021000 rw-p 00000000 00:00 0 
7f8884021000-7f8888000000 ---p 00000000 00:00 0 
7f8888000000-7f888804e000 rw-p 00000000 00:00 0 
7f888804e000-7f888c000000 ---p 00000000 00:00 0 
7f888c000000-7f888c021000 rw-p 00000000 00:00 0 
7f888c021000-7f8890000000 ---p 00000000 00:00 0 
7f8890000000-7f8890021000 rw-p 00000000 00:00 0 
7f8890021000-7f8894000000 ---p 00000000 00:00 0 
7f8894000000-7f8894021000 rw-p 00000000 00:00 0 
7f8894021000-7f8898000000 ---p 00000000 00:00 0 
7f8898000000-7f8898021000 rw-p 00000000 00:00 0 
7f8898021000-7f889c000000 ---p 00000000 00:00 0 
7f889c000000-7f889c038000 rw-p 00000000 00:00 0 
7f889c038000-7f88a0000000 ---p 00000000 00:00 0 
7f88a0000000-7f88a0021000 rw-p 00000000 00:00 0 
7f88a0021000-7f88a4000000 ---p 00000000 00:00 0 
7f88a4000000-7f88a4021000 rw-p 00000000 00:00 0 
7f88a4021000-7f88a8000000 ---p 00000000 00:00 0 
7f88a8000000-7f88a8021000 rw-p 00000000 00:00 0 
7f88a8021000-7f88ac000000 ---p 00000000 00:00 0 
7f88ae571000-7f88ae7e6000 rw-p 00000000 00:00 0 
7f88ae7e6000-7f88ae7e7000 ---p 00000000 00:00 0 
7f88ae7e7000-7f88ae8e7000 rw-p 00000000 00:00 0                          [stack:7478]
7f88ae8e7000-7f88ae8ea000 ---p 00000000 00:00 0 
7f88ae8ea000-7f88ae9e8000 rw-p 00000000 00:00 0                          [stack:7477]
7f88ae9e8000-7f88ae9eb000 ---p 00000000 00:00 0 
7f88ae9eb000-7f88aeae9000 rw-p 00000000 00:00 0                          [stack:7476]
7f88aeae9000-7f88aeaec000 ---p 00000000 00:00 0 
7f88aeaec000-7f88aebea000 rw-p 00000000 00:00 0                          [stack:7475]
7f88aebea000-7f88aebed000 ---p 00000000 00:00 0 
7f88aebed000-7f88aeceb000 rw-p 00000000 00:00 0                          [stack:7474]
7f88aeceb000-7f88aecee000 ---p 00000000 00:00 0 
7f88aecee000-7f88aedec000 rw-p 00000000 00:00 0                          [stack:7470]
7f88aedec000-7f88aedef000 ---p 00000000 00:00 0 
7f88aedef000-7f88aeeed000 rw-p 00000000 00:00 0                          [stack:7469]
7f88aeeed000-7f88aeef0000 ---p 00000000 00:00 0 
7f88aeef0000-7f88aefee000 rw-p 00000000 00:00 0                          [stack:7468]
7f88aefee000-7f88aeff2000 r-xp 00000000 08:08 2628974                    /home/hijj/software/javaAndroid/jdk/jdk8/jre/lib/amd64/libdt_socket.so
7f88aeff2000-7f88af1f1000 ---p 00004000 08:08 2628974                    /home/hijj/software/javaAndroid/jdk/jdk8/jre/lib/amd64/libdt_socket.so
7f88af1f1000-7f88af1f2000 rw-p 00003000 08:08 2628974                    /home/hijj/software/javaAndroid/jdk/jdk8/jre/lib/amd64/libdt_socket.so
7f88af1f2000-7f88af1f5000 ---p 00000000 00:00 0 
7f88af1f5000-7f88af2f3000 rw-p 00000000 00:00 0                          [stack:7465]
7f88af2f3000-7f88af2f6000 ---p 00000000 00:00 0 
7f88af2f6000-7f88af3f4000 rw-p 00000000 00:00 0                          [stack:7464]
7f88af3f4000-7f88af3f7000 ---p 00000000 00:00 0 
7f88af3f7000-7f88af4f5000 rw-p 00000000 00:00 0                          [stack:7463]
7f88af4f5000-7f88af4f6000 ---p 00000000 00:00 0 
7f88af4f6000-7f88b0000000 rw-p 00000000 00:00 0                          [stack:7461]
7f88b0000000-7f88b0021000 rw-p 00000000 00:00 0 
7f88b0021000-7f88b4000000 ---p 00000000 00:00 0 
7f88b4000000-7f88b4021000 rw-p 00000000 00:00 0 
7f88b4021000-7f88b8000000 ---p 00000000 00:00 0 
7f88b8000000-7f88b8021000 rw-p 00000000 00:00 0 
7f88b8021000-7f88bc000000 ---p 00000000 00:00 0 
7f88bc000000-7f88bc021000 rw-p 00000000 00:00 0 
7f88bc021000-7f88c0000000 ---p 00000000 00:00 0 
7f88c001b000-7f88c002e000 r--s 00344000 08:08 2628842                    /home/hijj/software/javaAndroid/jdk/jdk8/jre/lib/resources.jar
7f88c002e000-7f88c05e5000 rw-p 00000000 00:00 0 
7f88c05e5000-7f88c07bb000 r--s 03ca8000 08:08 2628807                    /home/hijj/software/javaAndroid/jdk/jdk8/jre/lib/rt.jar
7f88c07bb000-7f88c0d31000 rw-p 00000000 00:00 0 
7f88c0d31000-7f88c1031000 ---p 00000000 00:00 0 
7f88c1031000-7f88c2f89000 rw-p 00000000 00:00 0 
7f88c2f89000-7f88c2f8a000 ---p 00000000 00:00 0 
7f88c2f8a000-7f88c308a000 rw-p 00000000 00:00 0                          [stack:7457]
7f88c308a000-7f88c308b000 ---p 00000000 00:00 0 
7f88c308b000-7f88c318b000 rw-p 00000000 00:00 0                          [stack:7456]
7f88c318b000-7f88c318c000 ---p 00000000 00:00 0 
7f88c318c000-7f88c328c000 rw-p 00000000 00:00 0                          [stack:7455]
7f88c328c000-7f88c328d000 ---p 00000000 00:00 0 
7f88c328d000-7f88c33a1000 rw-p 00000000 00:00 0                          [stack:7454]
7f88c33a1000-7f88c34c8000 ---p 00000000 00:00 0 
7f88c34c8000-7f88c34dc000 rw-p 00000000 00:00 0 
7f88c34dc000-7f88c3602000 ---p 00000000 00:00 0 
7f88c3602000-7f88c360d000 rw-p 00000000 00:00 0 
7f88c360d000-7f88c36a0000 ---p 00000000 00:00 0 
7f88c36a0000-7f88c36ab000 rw-p 00000000 00:00 0 
7f88c36ab000-7f88c3a61000 ---p 00000000 00:00 0 
7f88c3a61000-7f88c3cd1000 rwxp 00000000 00:00 0 
7f88c3cd1000-7f88d2a61000 ---p 00000000 00:00 0 
7f88d2a61000-7f88d2a7b000 r-xp 00000000 08:08 2629001                    /home/hijj/software/javaAndroid/jdk/jdk8/jre/lib/amd64/libzip.so
7f88d2a7b000-7f88d2c7b000 ---p 0001a000 08:08 2629001                    /home/hijj/software/javaAndroid/jdk/jdk8/jre/lib/amd64/libzip.so
7f88d2c7b000-7f88d2c7c000 rw-p 0001a000 08:08 2629001                    /home/hijj/software/javaAndroid/jdk/jdk8/jre/lib/amd64/libzip.so
7f88d2c7c000-7f88d2c88000 r-xp 00000000 08:08 5771539                    /lib/x86_64-linux-gnu/libnss_files-2.21.so
7f88d2c88000-7f88d2e87000 ---p 0000c000 08:08 5771539                    /lib/x86_64-linux-gnu/libnss_files-2.21.so
7f88d2e87000-7f88d2e88000 r--p 0000b000 08:08 5771539                    /lib/x86_64-linux-gnu/libnss_files-2.21.so
7f88d2e88000-7f88d2e89000 rw-p 0000c000 08:08 5771539                    /lib/x86_64-linux-gnu/libnss_files-2.21.so
7f88d2e89000-7f88d2e94000 r-xp 00000000 08:08 5771549                    /lib/x86_64-linux-gnu/libnss_nis-2.21.so
7f88d2e94000-7f88d3093000 ---p 0000b000 08:08 5771549                    /lib/x86_64-linux-gnu/libnss_nis-2.21.so
7f88d3093000-7f88d3094000 r--p 0000a000 08:08 5771549                    /lib/x86_64-linux-gnu/libnss_nis-2.21.so
7f88d3094000-7f88d3095000 rw-p 0000b000 08:08 5771549                    /lib/x86_64-linux-gnu/libnss_nis-2.21.so
7f88d3095000-7f88d30ac000 r-xp 00000000 08:08 5771533                    /lib/x86_64-linux-gnu/libnsl-2.21.so
7f88d30ac000-7f88d32ab000 ---p 00017000 08:08 5771533                    /lib/x86_64-linux-gnu/libnsl-2.21.so
7f88d32ab000-7f88d32ac000 r--p 00016000 08:08 5771533                    /lib/x86_64-linux-gnu/libnsl-2.21.so
7f88d32ac000-7f88d32ad000 rw-p 00017000 08:08 5771533                    /lib/x86_64-linux-gnu/libnsl-2.21.so
7f88d32ad000-7f88d32af000 rw-p 00000000 00:00 0 
7f88d32af000-7f88d32b7000 r-xp 00000000 08:08 5771535                    /lib/x86_64-linux-gnu/libnss_compat-2.21.so
7f88d32b7000-7f88d34b6000 ---p 00008000 08:08 5771535                    /lib/x86_64-linux-gnu/libnss_compat-2.21.so
7f88d34b6000-7f88d34b7000 r--p 00007000 08:08 5771535                    /lib/x86_64-linux-gnu/libnss_compat-2.21.so
7f88d34b7000-7f88d34b8000 rw-p 00008000 08:08 5771535                    /lib/x86_64-linux-gnu/libnss_compat-2.21.so
7f88d34b8000-7f88d3b9a000 r--p 00000000 08:08 4070784                    /usr/lib/locale/locale-archive
7f88d3b9a000-7f88d3bd3000 r-xp 00000000 08:08 2628992                    /home/hijj/software/javaAndroid/jdk/jdk8/jre/lib/amd64/libjdwp.so
7f88d3bd3000-7f88d3dd2000 ---p 00039000 08:08 2628992                    /home/hijj/software/javaAndroid/jdk/jdk8/jre/lib/amd64/libjdwp.so
7f88d3dd2000-7f88d3dd4000 rw-p 00038000 08:08 2628992                    /home/hijj/software/javaAndroid/jdk/jdk8/jre/lib/amd64/libjdwp.so
7f88d3dd4000-7f88d3dfe000 r-xp 00000000 08:08 2628996                    /home/hijj/software/javaAndroid/jdk/jdk8/jre/lib/amd64/libjava.so
7f88d3dfe000-7f88d3ffe000 ---p 0002a000 08:08 2628996                    /home/hijj/software/javaAndroid/jdk/jdk8/jre/lib/amd64/libjava.so
7f88d3ffe000-7f88d4000000 rw-p 0002a000 08:08 2628996                    /home/hijj/software/javaAndroid/jdk/jdk8/jre/lib/amd64/libjava.so
7f88d4000000-7f88d4148000 rw-p 00000000 00:00 0 
7f88d4148000-7f88d8000000 ---p 00000000 00:00 0 
7f88d8002000-7f88d801e000 r--s 00393000 08:08 2628860                    /home/hijj/software/javaAndroid/jdk/jdk8/jre/lib/ext/cldrdata.jar
7f88d801e000-7f88d8020000 r-xp 00000000 08:08 2628975                    /home/hijj/software/javaAndroid/jdk/jdk8/jre/lib/amd64/libnpt.so
7f88d8020000-7f88d8220000 ---p 00002000 08:08 2628975                    /home/hijj/software/javaAndroid/jdk/jdk8/jre/lib/amd64/libnpt.so
7f88d8220000-7f88d8221000 rw-p 00002000 08:08 2628975                    /home/hijj/software/javaAndroid/jdk/jdk8/jre/lib/amd64/libnpt.so
7f88d8221000-7f88d822e000 r-xp 00000000 08:08 2629000                    /home/hijj/software/javaAndroid/jdk/jdk8/jre/lib/amd64/libverify.so
7f88d822e000-7f88d842e000 ---p 0000d000 08:08 2629000                    /home/hijj/software/javaAndroid/jdk/jdk8/jre/lib/amd64/libverify.so
7f88d842e000-7f88d8430000 rw-p 0000d000 08:08 2629000                    /home/hijj/software/javaAndroid/jdk/jdk8/jre/lib/amd64/libverify.so
7f88d8430000-7f88d8437000 r-xp 00000000 08:08 5771594                    /lib/x86_64-linux-gnu/librt-2.21.so
7f88d8437000-7f88d8636000 ---p 00007000 08:08 5771594                    /lib/x86_64-linux-gnu/librt-2.21.so
7f88d8636000-7f88d8637000 r--p 00006000 08:08 5771594                    /lib/x86_64-linux-gnu/librt-2.21.so
7f88d8637000-7f88d8638000 rw-p 00007000 08:08 5771594                    /lib/x86_64-linux-gnu/librt-2.21.so
7f88d8638000-7f88d873f000 r-xp 00000000 08:08 5771512                    /lib/x86_64-linux-gnu/libm-2.21.so
7f88d873f000-7f88d893e000 ---p 00107000 08:08 5771512                    /lib/x86_64-linux-gnu/libm-2.21.so
7f88d893e000-7f88d893f000 r--p 00106000 08:08 5771512                    /lib/x86_64-linux-gnu/libm-2.21.so
7f88d893f000-7f88d8940000 rw-p 00107000 08:08 5771512                    /lib/x86_64-linux-gnu/libm-2.21.so
7f88d8940000-7f88d95aa000 r-xp 00000000 08:08 2628982                    /home/hijj/software/javaAndroid/jdk/jdk8/jre/lib/amd64/server/libjvm.so
7f88d95aa000-7f88d97a9000 ---p 00c6a000 08:08 2628982                    /home/hijj/software/javaAndroid/jdk/jdk8/jre/lib/amd64/server/libjvm.so
7f88d97a9000-7f88d9880000 rw-p 00c69000 08:08 2628982                    /home/hijj/software/javaAndroid/jdk/jdk8/jre/lib/amd64/server/libjvm.so
7f88d9880000-7f88d98c2000 rw-p 00000000 00:00 0 
7f88d98c2000-7f88d9a82000 r-xp 00000000 08:08 5771453                    /lib/x86_64-linux-gnu/libc-2.21.so
7f88d9a82000-7f88d9c82000 ---p 001c0000 08:08 5771453                    /lib/x86_64-linux-gnu/libc-2.21.so
7f88d9c82000-7f88d9c86000 r--p 001c0000 08:08 5771453                    /lib/x86_64-linux-gnu/libc-2.21.so
7f88d9c86000-7f88d9c88000 rw-p 001c4000 08:08 5771453                    /lib/x86_64-linux-gnu/libc-2.21.so
7f88d9c88000-7f88d9c8c000 rw-p 00000000 00:00 0 
7f88d9c8c000-7f88d9c8f000 r-xp 00000000 08:08 5771470                    /lib/x86_64-linux-gnu/libdl-2.21.so
7f88d9c8f000-7f88d9e8e000 ---p 00003000 08:08 5771470                    /lib/x86_64-linux-gnu/libdl-2.21.so
7f88d9e8e000-7f88d9e8f000 r--p 00002000 08:08 5771470                    /lib/x86_64-linux-gnu/libdl-2.21.so
7f88d9e8f000-7f88d9e90000 rw-p 00003000 08:08 5771470                    /lib/x86_64-linux-gnu/libdl-2.21.so
7f88d9e90000-7f88d9ea5000 r-xp 00000000 08:08 2628623                    /home/hijj/software/javaAndroid/jdk/jdk8/lib/amd64/jli/libjli.so
7f88d9ea5000-7f88da0a4000 ---p 00015000 08:08 2628623                    /home/hijj/software/javaAndroid/jdk/jdk8/lib/amd64/jli/libjli.so
7f88da0a4000-7f88da0a5000 rw-p 00014000 08:08 2628623                    /home/hijj/software/javaAndroid/jdk/jdk8/lib/amd64/jli/libjli.so
7f88da0a5000-7f88da0bd000 r-xp 00000000 08:08 5771586                    /lib/x86_64-linux-gnu/libpthread-2.21.so
7f88da0bd000-7f88da2bd000 ---p 00018000 08:08 5771586                    /lib/x86_64-linux-gnu/libpthread-2.21.so
7f88da2bd000-7f88da2be000 r--p 00018000 08:08 5771586                    /lib/x86_64-linux-gnu/libpthread-2.21.so
7f88da2be000-7f88da2bf000 rw-p 00019000 08:08 5771586                    /lib/x86_64-linux-gnu/libpthread-2.21.so
7f88da2bf000-7f88da2c3000 rw-p 00000000 00:00 0 
7f88da2c3000-7f88da2e7000 r-xp 00000000 08:08 5771425                    /lib/x86_64-linux-gnu/ld-2.21.so
7f88da2ed000-7f88da3c5000 rw-p 00000000 00:00 0 
7f88da3c5000-7f88da3c8000 ---p 00000000 00:00 0 
7f88da3c8000-7f88da4ca000 rw-p 00000000 00:00 0                          [stack:7453]
7f88da4cd000-7f88da4d0000 rw-p 00000000 00:00 0 
7f88da4d0000-7f88da4da000 r--s 00116000 08:08 2628866                    /home/hijj/software/javaAndroid/jdk/jdk8/jre/lib/ext/localedata.jar
7f88da4da000-7f88da4e2000 rw-s 00000000 08:08 1574163                    /tmp/hsperfdata_hijj/7451
7f88da4e2000-7f88da4e3000 rw-p 00000000 00:00 0 
7f88da4e3000-7f88da4e4000 r--p 00000000 00:00 0 
7f88da4e4000-7f88da4e6000 rw-p 00000000 00:00 0 
7f88da4e6000-7f88da4e7000 r--p 00023000 08:08 5771425                    /lib/x86_64-linux-gnu/ld-2.21.so
7f88da4e7000-7f88da4e8000 rw-p 00024000 08:08 5771425                    /lib/x86_64-linux-gnu/ld-2.21.so
7f88da4e8000-7f88da4e9000 rw-p 00000000 00:00 0 
7ffc27a7e000-7ffc27a9f000 rw-p 00000000 00:00 0                          [stack]
7ffc27af2000-7ffc27af4000 r--p 00000000 00:00 0                          [vvar]
7ffc27af4000-7ffc27af6000 r-xp 00000000 00:00 0                          [vdso]
ffffffffff600000-ffffffffff601000 r-xp 00000000 00:00 0                  [vsyscall]

VM Arguments:
jvm_args: -agentlib:jdwp=transport=dt_socket,suspend=y,address=localhost:47775 -Dfile.encoding=UTF-8 
java_command: learning.ks8.MainTest
java_class_path (initial): /media/hijj/娱乐/github/repositories/ACM/Java/bin
Launcher Type: SUN_STANDARD

Environment Variables:
JAVA_HOME=/home/hijj/software/javaAndroid/jdk/jdk8
JRE_HOME=/home/hijj/software/javaAndroid/jdk/jdk8/jre
CLASSPATH=.:/home/hijj/software/javaAndroid/jdk/jdk8/lib:/home/hijj/software/javaAndroid/jdk/jdk8/jre/lib:.:$JAVA_HOME/lib:$JAVA_HOME/jre/lib
PATH=/home/hijj/software/javaAndroid/sdk/android-sdk-linux/tools:/home/hijj/software/javaAndroid/sdk/android-sdk-linux/platform-tools:/home/hijj/software/javaAndroid/jdk/jdk8/bin:/home/hijj/software/javaAndroid/jdk/jdk8/jre/bin:/usr/local/sbin:/usr/local/bin:/usr/sbin:/usr/bin:/sbin:/bin:/usr/games:/usr/local/games:$JAVA_HOME/bin:$ANDROID_PATH/tools:$ANDROID_PATH/platform-tools
SHELL=/bin/bash
DISPLAY=:0

Signal Handlers:
SIGSEGV: [libjvm.so+0xa77530], sa_mask[0]=11111111011111111101111111111110, sa_flags=SA_RESTART|SA_SIGINFO
SIGBUS: [libjvm.so+0xa77530], sa_mask[0]=11111111011111111101111111111110, sa_flags=SA_RESTART|SA_SIGINFO
SIGFPE: [libjvm.so+0x8e1d90], sa_mask[0]=11111111011111111101111111111110, sa_flags=SA_RESTART|SA_SIGINFO
SIGPIPE: [libjvm.so+0x8e1d90], sa_mask[0]=11111111011111111101111111111110, sa_flags=SA_RESTART|SA_SIGINFO
SIGXFSZ: [libjvm.so+0x8e1d90], sa_mask[0]=11111111011111111101111111111110, sa_flags=SA_RESTART|SA_SIGINFO
SIGILL: [libjvm.so+0x8e1d90], sa_mask[0]=11111111011111111101111111111110, sa_flags=SA_RESTART|SA_SIGINFO
SIGUSR1: SIG_DFL, sa_mask[0]=00000000000000000000000000000000, sa_flags=none
SIGUSR2: [libjvm.so+0x8e35c0], sa_mask[0]=00100000000000000000000000000000, sa_flags=SA_RESTART|SA_SIGINFO
SIGHUP: [libjvm.so+0x8e4980], sa_mask[0]=11111111011111111101111111111110, sa_flags=SA_RESTART|SA_SIGINFO
SIGINT: [libjvm.so+0x8e4980], sa_mask[0]=11111111011111111101111111111110, sa_flags=SA_RESTART|SA_SIGINFO
SIGTERM: [libjvm.so+0x8e4980], sa_mask[0]=11111111011111111101111111111110, sa_flags=SA_RESTART|SA_SIGINFO
SIGQUIT: [libjvm.so+0x8e4980], sa_mask[0]=11111111011111111101111111111110, sa_flags=SA_RESTART|SA_SIGINFO


---------------  S Y S T E M  ---------------

OS:DISTRIB_ID=Ubuntu
DISTRIB_RELEASE=15.04
DISTRIB_CODENAME=vivid
DISTRIB_DESCRIPTION="Ubuntu 15.04"

uname:Linux 3.19.0-30-generic #34-Ubuntu SMP Fri Oct 2 22:08:41 UTC 2015 x86_64
libc:glibc 2.21 NPTL 2.21 
rlimit: STACK 8192k, CORE 0k, NPROC 15002, NOFILE 65536, AS infinity
load average:0.01 0.11 0.31

/proc/meminfo:
MemTotal:        3863036 kB
MemFree:          129104 kB
MemAvailable:     567396 kB
Buffers:           63032 kB
Cached:           776300 kB
SwapCached:        42520 kB
Active:          2093004 kB
Inactive:        1358840 kB
Active(anon):    1797520 kB
Inactive(anon):  1085632 kB
Active(file):     295484 kB
Inactive(file):   273208 kB
Unevictable:          48 kB
Mlocked:              48 kB
SwapTotal:       4005884 kB
SwapFree:        3440932 kB
Dirty:               724 kB
Writeback:             0 kB
AnonPages:       2586772 kB
Mapped:           218136 kB
Shmem:            270788 kB
Slab:             125148 kB
SReclaimable:      77088 kB
SUnreclaim:        48060 kB
KernelStack:       41872 kB
PageTables:        56476 kB
NFS_Unstable:          0 kB
Bounce:                0 kB
WritebackTmp:          0 kB
CommitLimit:     5937400 kB
Committed_AS:   17330220 kB
VmallocTotal:   34359738367 kB
VmallocUsed:      378088 kB
VmallocChunk:   34359320912 kB
HardwareCorrupted:     0 kB
AnonHugePages:   1415168 kB
CmaTotal:              0 kB
CmaFree:               0 kB
HugePages_Total:       0
HugePages_Free:        0
HugePages_Rsvd:        0
HugePages_Surp:        0
Hugepagesize:       2048 kB
DirectMap4k:      185084 kB
DirectMap2M:     3823616 kB


CPU:total 4 (2 cores per cpu, 2 threads per core) family 6 model 58 stepping 9, cmov, cx8, fxsr, mmx, sse, sse2, sse3, ssse3, sse4.1, sse4.2, popcnt, avx, aes, clmul, erms, ht, tsc, tscinvbit, tscinv

/proc/cpuinfo:
processor	: 0
vendor_id	: GenuineIntel
cpu family	: 6
model		: 58
model name	: Intel(R) Core(TM) i5-3230M CPU @ 2.60GHz
stepping	: 9
microcode	: 0x17
cpu MHz		: 2999.953
cache size	: 3072 KB
physical id	: 0
siblings	: 4
core id		: 0
cpu cores	: 2
apicid		: 0
initial apicid	: 0
fpu		: yes
fpu_exception	: yes
cpuid level	: 13
wp		: yes
flags		: fpu vme de pse tsc msr pae mce cx8 apic sep mtrr pge mca cmov pat pse36 clflush dts acpi mmx fxsr sse sse2 ss ht tm pbe syscall nx rdtscp lm constant_tsc arch_perfmon pebs bts rep_good nopl xtopology nonstop_tsc aperfmperf eagerfpu pni pclmulqdq dtes64 monitor ds_cpl vmx est tm2 ssse3 cx16 xtpr pdcm pcid sse4_1 sse4_2 x2apic popcnt tsc_deadline_timer aes xsave avx f16c rdrand lahf_lm ida arat epb pln pts dtherm tpr_shadow vnmi flexpriority ept vpid fsgsbase smep erms xsaveopt
bugs		:
bogomips	: 5188.00
clflush size	: 64
cache_alignment	: 64
address sizes	: 36 bits physical, 48 bits virtual
power management:

processor	: 1
vendor_id	: GenuineIntel
cpu family	: 6
model		: 58
model name	: Intel(R) Core(TM) i5-3230M CPU @ 2.60GHz
stepping	: 9
microcode	: 0x17
cpu MHz		: 2999.953
cache size	: 3072 KB
physical id	: 0
siblings	: 4
core id		: 0
cpu cores	: 2
apicid		: 1
initial apicid	: 1
fpu		: yes
fpu_exception	: yes
cpuid level	: 13
wp		: yes
flags		: fpu vme de pse tsc msr pae mce cx8 apic sep mtrr pge mca cmov pat pse36 clflush dts acpi mmx fxsr sse sse2 ss ht tm pbe syscall nx rdtscp lm constant_tsc arch_perfmon pebs bts rep_good nopl xtopology nonstop_tsc aperfmperf eagerfpu pni pclmulqdq dtes64 monitor ds_cpl vmx est tm2 ssse3 cx16 xtpr pdcm pcid sse4_1 sse4_2 x2apic popcnt tsc_deadline_timer aes xsave avx f16c rdrand lahf_lm ida arat epb pln pts dtherm tpr_shadow vnmi flexpriority ept vpid fsgsbase smep erms xsaveopt
bugs		:
bogomips	: 5188.00
clflush size	: 64
cache_alignment	: 64
address sizes	: 36 bits physical, 48 bits virtual
power management:

processor	: 2
vendor_id	: GenuineIntel
cpu family	: 6
model		: 58
model name	: Intel(R) Core(TM) i5-3230M CPU @ 2.60GHz
stepping	: 9
microcode	: 0x17
cpu MHz		: 2999.953
cache size	: 3072 KB
physical id	: 0
siblings	: 4
core id		: 1
cpu cores	: 2
apicid		: 2
initial apicid	: 2
fpu		: yes
fpu_exception	: yes
cpuid level	: 13
wp		: yes
flags		: fpu vme de pse tsc msr pae mce cx8 apic sep mtrr pge mca cmov pat pse36 clflush dts acpi mmx fxsr sse sse2 ss ht tm pbe syscall nx rdtscp lm constant_tsc arch_perfmon pebs bts rep_good nopl xtopology nonstop_tsc aperfmperf eagerfpu pni pclmulqdq dtes64 monitor ds_cpl vmx est tm2 ssse3 cx16 xtpr pdcm pcid sse4_1 sse4_2 x2apic popcnt tsc_deadline_timer aes xsave avx f16c rdrand lahf_lm ida arat epb pln pts dtherm tpr_shadow vnmi flexpriority ept vpid fsgsbase smep erms xsaveopt
bugs		:
bogomips	: 5188.00
clflush size	: 64
cache_alignment	: 64
address sizes	: 36 bits physical, 48 bits virtual
power management:

processor	: 3
vendor_id	: GenuineIntel
cpu family	: 6
model		: 58
model name	: Intel(R) Core(TM) i5-3230M CPU @ 2.60GHz
stepping	: 9
microcode	: 0x17
cpu MHz		: 2999.953
cache size	: 3072 KB
physical id	: 0
siblings	: 4
core id		: 1
cpu cores	: 2
apicid		: 3
initial apicid	: 3
fpu		: yes
fpu_exception	: yes
cpuid level	: 13
wp		: yes
flags		: fpu vme de pse tsc msr pae mce cx8 apic sep mtrr pge mca cmov pat pse36 clflush dts acpi mmx fxsr sse sse2 ss ht tm pbe syscall nx rdtscp lm constant_tsc arch_perfmon pebs bts rep_good nopl xtopology nonstop_tsc aperfmperf eagerfpu pni pclmulqdq dtes64 monitor ds_cpl vmx est tm2 ssse3 cx16 xtpr pdcm pcid sse4_1 sse4_2 x2apic popcnt tsc_deadline_timer aes xsave avx f16c rdrand lahf_lm ida arat epb pln pts dtherm tpr_shadow vnmi flexpriority ept vpid fsgsbase smep erms xsaveopt
bugs		:
bogomips	: 5188.00
clflush size	: 64
cache_alignment	: 64
address sizes	: 36 bits physical, 48 bits virtual
power management:



Memory: 4k page, physical 3863036k(129104k free), swap 4005884k(3440932k free)

vm_info: Java HotSpot(TM) 64-Bit Server VM (25.20-b23) for linux-amd64 JRE (1.8.0_20-b26), built on Jul 30 2014 13:13:52 by "java_re" with gcc 4.3.0 20080428 (Red Hat 4.3.0-8)

time: Thu Oct 22 00:10:17 2015
elapsed time: 5733 seconds (0d 1h 35m 33s)

