#
# A fatal error has been detected by the Java Runtime Environment:
#
#  SIGSEGV (0xb) at pc=0x00007f3182a76190, pid=3410, tid=139850184324864
#
# JRE version: Java(TM) SE Runtime Environment (8.0_20-b26) (build 1.8.0_20-b26)
# Java VM: Java HotSpot(TM) 64-Bit Server VM (25.20-b23 mixed mode linux-amd64 compressed oops)
# Problematic frame:
# V  [libjvm.so+0x873190]  Method::checked_resolve_jmethod_id(_jmethodID*)+0x20
#
# Failed to write core dump. Core dumps have been disabled. To enable core dumping, try "ulimit -c unlimited" before starting Java again
#
# If you would like to submit a bug report, please visit:
#   http://bugreport.sun.com/bugreport/crash.jsp
#

---------------  T H R E A D  ---------------

Current thread (0x00007f317c0ba800):  JavaThread "JDWP Transport Listener: dt_socket" daemon [_thread_in_vm, id=3427, stack(0x00007f31687ef000,0x00007f31688f0000)]

siginfo: si_signo: 11 (SIGSEGV), si_code: 1 (SEGV_MAPERR), si_addr: 0x0000000000000031

Registers:
RAX=0x0000000000000001, RBX=0x00007f317c0036a0, RCX=0x00007f3183b81340, RDX=0x00007f318315afe0
RSP=0x00007f31688ee950, RBP=0x00007f31688ee960, RSI=0x00007f317c0ba800, RDI=0x0000000000000031
R8 =0x00007f3148007b40, R9 =0x0000000000000000, R10=0x0000000000000010, R11=0x00007f318331bff0
R12=0x0000000000000017, R13=0x0000000000000031, R14=0x00007f317c0ba800, R15=0x00007f31688eea67
RIP=0x00007f3182a76190, EFLAGS=0x0000000000010202, CSGSFS=0x0000000000000033, ERR=0x0000000000000004
  TRAPNO=0x000000000000000e

Top of Stack: (sp=0x00007f31688ee950)
0x00007f31688ee950:   0000000000000074 00007f317c0036a0
0x00007f31688ee960:   00007f31688ee9d0 00007f318290b78e
0x00007f31688ee970:   00007f3148007b40 00007f31688ee980
0x00007f31688ee980:   00007f317c0ba800 0000000000000000
0x00007f31688ee990:   00007f3100000000 0000000000000000
0x00007f31688ee9a0:   00007f31688ee9c0 00007f31818b7d60
0x00007f31688ee9b0:   0000000000000031 00007f31688eea67
0x00007f31688ee9c0:   0000000000000005 00007f31688eea67
0x00007f31688ee9d0:   00007f31688eea00 00007f31816a3872
0x00007f31688ee9e0:   00007f31688eea00 0000000000000031
0x00007f31688ee9f0:   00007f31688eead0 0000000000000028
0x00007f31688eea00:   00007f31688eea90 00007f3181684a60
0x00007f31688eea10:   00007f31688eea48 00007f31688eea40
0x00007f31688eea20:   00007f31688eea38 00007f31688eea5c
0x00007f31688eea30:   0000000148002ed0 0000000000000000
0x00007f31688eea40:   0000000000000000 0000000000000000
0x00007f31688eea50:   00007f3148007c40 00000009688eead0
0x00007f31688eea60:   0000000000000006 0000000000000002
0x00007f31688eea70:   000000000000000f 0000000000000002
0x00007f31688eea80:   00000000000f0200 000000000000000f
0x00007f31688eea90:   00007f31688eece0 00007f318168f976
0x00007f31688eeaa0:   00005ce500000013 00007f31820f0200
0x00007f31688eeab0:   00007f3140000ba0 0000000000000000
0x00007f31688eeac0:   00007f31688eead0 00007f31688eec60
0x00007f31688eead0:   00007f31688eebd9 00007f3100000073
0x00007f31688eeae0:   00007f31688eeae8 00000000000000b9
0x00007f31688eeaf0:   00007f31688eeb20 0000000000000000
0x00007f31688eeb00:   00007f0000000000 00005ce50000001c
0x00007f31688eeb10:   00007f310000ec80 00007f31688eeb20
0x00007f31688eeb20:   317f000006000000 08000000606e0048
0x00007f31688eeb30:   3e74696e696c633c 0056292803000000
0x00007f31688eeb40:   0008000000000000 00586e0048317f00 

Instructions: (pc=0x00007f3182a76190)
0x00007f3182a76170:   55 48 89 e5 53 48 83 ec 08 48 85 ff 75 12 31 db
0x00007f3182a76180:   48 89 d8 48 83 c4 08 5b c9 c3 66 0f 1f 44 00 00
0x00007f3182a76190:   48 8b 1f 48 85 db 74 e6 48 83 fb 37 74 e0 48 8b
0x00007f3182a761a0:   03 48 89 df ff 50 10 84 c0 0f 1f 80 00 00 00 00 

Register to memory mapping:

RAX=0x0000000000000001 is an unknown value
RBX=0x00007f317c0036a0 is an unknown value
RCX=0x00007f3183b81340: <offset 0x219340> in /lib/x86_64-linux-gnu/libpthread.so.0 at 0x00007f3183968000
RDX=0x00007f318315afe0: <offset 0xf57fe0> in /home/hijj/software/javaAndroid/jdk/jdk8/jre/lib/amd64/server/libjvm.so at 0x00007f3182203000
RSP=0x00007f31688ee950 is pointing into the stack for thread: 0x00007f317c0ba800
RBP=0x00007f31688ee960 is pointing into the stack for thread: 0x00007f317c0ba800
RSI=0x00007f317c0ba800 is a thread
RDI=0x0000000000000031 is an unknown value
R8 =0x00007f3148007b40 is an unknown value
R9 =0x0000000000000000 is an unknown value
R10=0x0000000000000010 is an unknown value
R11=0x00007f318331bff0: <offset 0x196ff0> in /lib/x86_64-linux-gnu/libc.so.6 at 0x00007f3183185000
R12=0x0000000000000017 is an unknown value
R13=0x0000000000000031 is an unknown value
R14=0x00007f317c0ba800 is a thread
R15=0x00007f31688eea67 is pointing into the stack for thread: 0x00007f317c0ba800


Stack: [0x00007f31687ef000,0x00007f31688f0000],  sp=0x00007f31688ee950,  free space=1022k
Native frames: (J=compiled Java code, j=interpreted, Vv=VM code, C=native code)
V  [libjvm.so+0x873190]  Method::checked_resolve_jmethod_id(_jmethodID*)+0x20
V  [libjvm.so+0x70878e]  jvmti_IsMethodSynthetic+0x29e
C  [libjdwp.so+0x25872]  isMethodSynthetic+0x42
C  [libjdwp.so+0x6a60]  methods1+0x1b0
C  [libjdwp.so+0x11976]  debugLoop_run+0x2b6
C  [libjdwp.so+0x247af]  attachThread+0x2f
V  [libjvm.so+0x7744f2]  JvmtiAgentThread::call_start_function()+0xc2
V  [libjvm.so+0xa2990f]  JavaThread::thread_main_inner()+0xdf
V  [libjvm.so+0xa29a3c]  JavaThread::run()+0x11c
V  [libjvm.so+0x8e75f8]  java_start(Thread*)+0x108
C  [libpthread.so.0+0x76aa]  start_thread+0xca


---------------  P R O C E S S  ---------------

Java Threads: ( => current thread )
  0x00007f317c0ca800 JavaThread "Service Thread" daemon [_thread_blocked, id=3438, stack(0x00007f31681e9000,0x00007f31682ea000)]
  0x00007f317c0c5000 JavaThread "C1 CompilerThread2" daemon [_thread_blocked, id=3437, stack(0x00007f31682ea000,0x00007f31683eb000)]
  0x00007f317c0c3800 JavaThread "C2 CompilerThread1" daemon [_thread_blocked, id=3436, stack(0x00007f31683eb000,0x00007f31684ec000)]
  0x00007f317c0c0800 JavaThread "C2 CompilerThread0" daemon [_thread_blocked, id=3435, stack(0x00007f31684ec000,0x00007f31685ed000)]
  0x00007f3148001000 JavaThread "JDWP Command Reader" daemon [_thread_in_native, id=3430, stack(0x00007f31685ed000,0x00007f31686ee000)]
  0x00007f317c0be000 JavaThread "JDWP Event Helper Thread" daemon [_thread_blocked, id=3428, stack(0x00007f31686ee000,0x00007f31687ef000)]
=>0x00007f317c0ba800 JavaThread "JDWP Transport Listener: dt_socket" daemon [_thread_in_vm, id=3427, stack(0x00007f31687ef000,0x00007f31688f0000)]
  0x00007f317c0ad000 JavaThread "Signal Dispatcher" daemon [_thread_blocked, id=3425, stack(0x00007f3168af4000,0x00007f3168bf5000)]
  0x00007f317c07f000 JavaThread "Finalizer" daemon [_thread_blocked, id=3424, stack(0x00007f3168bf5000,0x00007f3168cf6000)]
  0x00007f317c07d000 JavaThread "Reference Handler" daemon [_thread_blocked, id=3423, stack(0x00007f3168cf6000,0x00007f3168df7000)]
  0x00007f317c00c000 JavaThread "main" [_thread_in_native, id=3412, stack(0x00007f3183c88000,0x00007f3183d89000)]

Other Threads:
  0x00007f317c075800 VMThread [stack: 0x00007f3168df7000,0x00007f3168ef8000] [id=3422]
  0x00007f317c0cd000 WatcherThread [stack: 0x00007f31680e8000,0x00007f31681e9000] [id=3439]

VM state:not at safepoint (normal execution)

VM Mutex/Monitor currently owned by a thread: None

Heap:
 PSYoungGen      total 17920K, used 1844K [0x00000000ec580000, 0x00000000ed980000, 0x0000000100000000)
  eden space 15360K, 12% used [0x00000000ec580000,0x00000000ec74d128,0x00000000ed480000)
  from space 2560K, 0% used [0x00000000ed700000,0x00000000ed700000,0x00000000ed980000)
  to   space 2560K, 0% used [0x00000000ed480000,0x00000000ed480000,0x00000000ed700000)
 ParOldGen       total 40960K, used 0K [0x00000000c5000000, 0x00000000c7800000, 0x00000000ec580000)
  object space 40960K, 0% used [0x00000000c5000000,0x00000000c5000000,0x00000000c7800000)
 Metaspace       used 3567K, capacity 4644K, committed 4864K, reserved 1056768K
  class space    used 394K, capacity 396K, committed 512K, reserved 1048576K

Card table byte_map: [0x00007f3180169000,0x00007f3180342000] byte_map_base: 0x00007f317fb41000

Marking Bits: (ParMarkBitMap*) 0x00007f318315aac0
 Begin Bits: [0x00007f316aabc000, 0x00007f316b97c000)
 End Bits:   [0x00007f316b97c000, 0x00007f316c83c000)

Polling page: 0x00007f3183da6000

CodeCache: size=245760Kb used=1212Kb max_used=1212Kb free=244547Kb
 bounds [0x00007f316d000000, 0x00007f316d270000, 0x00007f317c000000]
 total_blobs=308 nmethods=71 adapters=160
 compilation: enabled

Compilation events (10 events):
Event: 0.302 Thread 0x00007f317c0c5000   65       3       java.lang.String::indexOf (166 bytes)
Event: 0.304 Thread 0x00007f317c0c5000 nmethod 65 0x00007f316d12c3d0 code [0x00007f316d12c580, 0x00007f316d12cbd0]
Event: 0.305 Thread 0x00007f317c0c5000   66       3       java.lang.StringBuilder::toString (17 bytes)
Event: 0.306 Thread 0x00007f317c0c5000 nmethod 66 0x00007f316d12d010 code [0x00007f316d12d180, 0x00007f316d12d388]
Event: 0.309 Thread 0x00007f317c0c5000   68       3       java.util.concurrent.ConcurrentHashMap::setTabAt (19 bytes)
Event: 0.309 Thread 0x00007f317c0c5000 nmethod 68 0x00007f316d12e490 code [0x00007f316d12e5e0, 0x00007f316d12e750]
Event: 0.309 Thread 0x00007f317c0c5000   70       3       java.util.concurrent.ConcurrentHashMap::casTabAt (20 bytes)
Event: 0.310 Thread 0x00007f317c0c5000 nmethod 70 0x00007f316d12eb50 code [0x00007f316d12eca0, 0x00007f316d12ee10]
Event: 779.143 Thread 0x00007f317c0c5000   71       3       java.util.concurrent.ConcurrentHashMap$Node::<init> (26 bytes)
Event: 779.144 Thread 0x00007f317c0c5000 nmethod 71 0x00007f316d12ee90 code [0x00007f316d12f000, 0x00007f316d12f1f0]

GC Heap History (0 events):
No events

Deoptimization events (0 events):
No events

Internal exceptions (10 events):
Event: 0.277 Thread 0x00007f317c00c000 Exception <a 'java/security/PrivilegedActionException'> (0x00000000ec6df980) thrown at [/HUDSON/workspace/8-2-build-linux-amd64/jdk8u20/1074/hotspot/src/share/vm/prims/jvm.cpp, line 1275]
Event: 0.277 Thread 0x00007f317c00c000 Exception <a 'java/security/PrivilegedActionException'> (0x00000000ec6e0b38) thrown at [/HUDSON/workspace/8-2-build-linux-amd64/jdk8u20/1074/hotspot/src/share/vm/prims/jvm.cpp, line 1275]
Event: 0.278 Thread 0x00007f317c00c000 Exception <a 'java/security/PrivilegedActionException'> (0x00000000ec6e3558) thrown at [/HUDSON/workspace/8-2-build-linux-amd64/jdk8u20/1074/hotspot/src/share/vm/prims/jvm.cpp, line 1275]
Event: 0.280 Thread 0x00007f317c00c000 Exception <a 'java/security/PrivilegedActionException'> (0x00000000ec6e48f8) thrown at [/HUDSON/workspace/8-2-build-linux-amd64/jdk8u20/1074/hotspot/src/share/vm/prims/jvm.cpp, line 1275]
Event: 0.297 Thread 0x00007f317c00c000 Exception <a 'java/security/PrivilegedActionException'> (0x00000000ec6f8698) thrown at [/HUDSON/workspace/8-2-build-linux-amd64/jdk8u20/1074/hotspot/src/share/vm/prims/jvm.cpp, line 1275]
Event: 0.297 Thread 0x00007f317c00c000 Exception <a 'java/security/PrivilegedActionException'> (0x00000000ec6f9b30) thrown at [/HUDSON/workspace/8-2-build-linux-amd64/jdk8u20/1074/hotspot/src/share/vm/prims/jvm.cpp, line 1275]
Event: 0.300 Thread 0x00007f317c00c000 Exception <a 'java/security/PrivilegedActionException'> (0x00000000ec7071f8) thrown at [/HUDSON/workspace/8-2-build-linux-amd64/jdk8u20/1074/hotspot/src/share/vm/prims/jvm.cpp, line 1275]
Event: 0.301 Thread 0x00007f317c00c000 Exception <a 'java/security/PrivilegedActionException'> (0x00000000ec7088b8) thrown at [/HUDSON/workspace/8-2-build-linux-amd64/jdk8u20/1074/hotspot/src/share/vm/prims/jvm.cpp, line 1275]
Event: 0.302 Thread 0x00007f317c00c000 Exception <a 'java/security/PrivilegedActionException'> (0x00000000ec70af58) thrown at [/HUDSON/workspace/8-2-build-linux-amd64/jdk8u20/1074/hotspot/src/share/vm/prims/jvm.cpp, line 1275]
Event: 0.302 Thread 0x00007f317c00c000 Exception <a 'java/security/PrivilegedActionException'> (0x00000000ec70c638) thrown at [/HUDSON/workspace/8-2-build-linux-amd64/jdk8u20/1074/hotspot/src/share/vm/prims/jvm.cpp, line 1275]

Events (10 events):
Event: 779.205 Executing VM operation: ChangeBreakpoints
Event: 779.205 Executing VM operation: ChangeBreakpoints done
Event: 779.229 Executing VM operation: ChangeBreakpoints
Event: 779.229 Executing VM operation: ChangeBreakpoints done
Event: 779.230 Executing VM operation: ChangeBreakpoints
Event: 779.230 Executing VM operation: ChangeBreakpoints done
Event: 779.241 Executing VM operation: ChangeBreakpoints
Event: 779.241 Executing VM operation: ChangeBreakpoints done
Event: 791.215 Executing VM operation: RedefineClasses
Event: 791.216 Executing VM operation: RedefineClasses done


Dynamic libraries:
00400000-00401000 r-xp 00000000 08:08 2622385                            /home/hijj/software/javaAndroid/jdk/jdk8/bin/java
00600000-00601000 rw-p 00000000 08:08 2622385                            /home/hijj/software/javaAndroid/jdk/jdk8/bin/java
0073d000-0075e000 rw-p 00000000 00:00 0                                  [heap]
c5000000-c7800000 rw-p 00000000 00:00 0 
c7800000-ec580000 ---p 00000000 00:00 0 
ec580000-ed980000 rw-p 00000000 00:00 0 
ed980000-100000000 ---p 00000000 00:00 0 
100000000-100080000 rw-p 00000000 00:00 0 
100080000-140000000 ---p 00000000 00:00 0 
7f3124000000-7f3124021000 rw-p 00000000 00:00 0 
7f3124021000-7f3128000000 ---p 00000000 00:00 0 
7f312bd8b000-7f312c000000 rw-p 00000000 00:00 0 
7f312c000000-7f312c083000 rw-p 00000000 00:00 0 
7f312c083000-7f3130000000 ---p 00000000 00:00 0 
7f3130000000-7f3130021000 rw-p 00000000 00:00 0 
7f3130021000-7f3134000000 ---p 00000000 00:00 0 
7f3134000000-7f313404f000 rw-p 00000000 00:00 0 
7f313404f000-7f3138000000 ---p 00000000 00:00 0 
7f3138000000-7f3138021000 rw-p 00000000 00:00 0 
7f3138021000-7f313c000000 ---p 00000000 00:00 0 
7f313c000000-7f313c021000 rw-p 00000000 00:00 0 
7f313c021000-7f3140000000 ---p 00000000 00:00 0 
7f3140000000-7f3140021000 rw-p 00000000 00:00 0 
7f3140021000-7f3144000000 ---p 00000000 00:00 0 
7f3144000000-7f3144021000 rw-p 00000000 00:00 0 
7f3144021000-7f3148000000 ---p 00000000 00:00 0 
7f3148000000-7f3148022000 rw-p 00000000 00:00 0 
7f3148022000-7f314c000000 ---p 00000000 00:00 0 
7f314c000000-7f314c021000 rw-p 00000000 00:00 0 
7f314c021000-7f3150000000 ---p 00000000 00:00 0 
7f3150000000-7f3150021000 rw-p 00000000 00:00 0 
7f3150021000-7f3154000000 ---p 00000000 00:00 0 
7f3154000000-7f3154021000 rw-p 00000000 00:00 0 
7f3154021000-7f3158000000 ---p 00000000 00:00 0 
7f3158000000-7f3158021000 rw-p 00000000 00:00 0 
7f3158021000-7f315c000000 ---p 00000000 00:00 0 
7f315c000000-7f315c021000 rw-p 00000000 00:00 0 
7f315c021000-7f3160000000 ---p 00000000 00:00 0 
7f3160000000-7f3160021000 rw-p 00000000 00:00 0 
7f3160021000-7f3164000000 ---p 00000000 00:00 0 
7f3164000000-7f3164021000 rw-p 00000000 00:00 0 
7f3164021000-7f3168000000 ---p 00000000 00:00 0 
7f31680b9000-7f31680cc000 r--s 00344000 08:08 2628842                    /home/hijj/software/javaAndroid/jdk/jdk8/jre/lib/resources.jar
7f31680cc000-7f31680e8000 r--s 00393000 08:08 2628860                    /home/hijj/software/javaAndroid/jdk/jdk8/jre/lib/ext/cldrdata.jar
7f31680e8000-7f31680e9000 ---p 00000000 00:00 0 
7f31680e9000-7f31681e9000 rw-p 00000000 00:00 0                          [stack:3439]
7f31681e9000-7f31681ec000 ---p 00000000 00:00 0 
7f31681ec000-7f31682ea000 rw-p 00000000 00:00 0                          [stack:3438]
7f31682ea000-7f31682ed000 ---p 00000000 00:00 0 
7f31682ed000-7f31683eb000 rw-p 00000000 00:00 0                          [stack:3437]
7f31683eb000-7f31683ee000 ---p 00000000 00:00 0 
7f31683ee000-7f31684ec000 rw-p 00000000 00:00 0                          [stack:3436]
7f31684ec000-7f31684ef000 ---p 00000000 00:00 0 
7f31684ef000-7f31685ed000 rw-p 00000000 00:00 0                          [stack:3435]
7f31685ed000-7f31685f0000 ---p 00000000 00:00 0 
7f31685f0000-7f31686ee000 rw-p 00000000 00:00 0                          [stack:3430]
7f31686ee000-7f31686f1000 ---p 00000000 00:00 0 
7f31686f1000-7f31687ef000 rw-p 00000000 00:00 0                          [stack:3428]
7f31687ef000-7f31687f2000 ---p 00000000 00:00 0 
7f31687f2000-7f31688f0000 rw-p 00000000 00:00 0                          [stack:3427]
7f31688f0000-7f31688f4000 r-xp 00000000 08:08 2628974                    /home/hijj/software/javaAndroid/jdk/jdk8/jre/lib/amd64/libdt_socket.so
7f31688f4000-7f3168af3000 ---p 00004000 08:08 2628974                    /home/hijj/software/javaAndroid/jdk/jdk8/jre/lib/amd64/libdt_socket.so
7f3168af3000-7f3168af4000 rw-p 00003000 08:08 2628974                    /home/hijj/software/javaAndroid/jdk/jdk8/jre/lib/amd64/libdt_socket.so
7f3168af4000-7f3168af7000 ---p 00000000 00:00 0 
7f3168af7000-7f3168bf5000 rw-p 00000000 00:00 0                          [stack:3425]
7f3168bf5000-7f3168bf8000 ---p 00000000 00:00 0 
7f3168bf8000-7f3168cf6000 rw-p 00000000 00:00 0                          [stack:3424]
7f3168cf6000-7f3168cf9000 ---p 00000000 00:00 0 
7f3168cf9000-7f3168df7000 rw-p 00000000 00:00 0                          [stack:3423]
7f3168df7000-7f3168df8000 ---p 00000000 00:00 0 
7f3168df8000-7f3169e98000 rw-p 00000000 00:00 0                          [stack:3422]
7f3169e98000-7f316a06e000 r--s 03ca8000 08:08 2628807                    /home/hijj/software/javaAndroid/jdk/jdk8/jre/lib/rt.jar
7f316a06e000-7f316a524000 rw-p 00000000 00:00 0 
7f316a524000-7f316a8e4000 ---p 00000000 00:00 0 
7f316a8e4000-7f316c83c000 rw-p 00000000 00:00 0 
7f316c83c000-7f316c83d000 ---p 00000000 00:00 0 
7f316c83d000-7f316c93d000 rw-p 00000000 00:00 0                          [stack:3421]
7f316c93d000-7f316c93e000 ---p 00000000 00:00 0 
7f316c93e000-7f316ca3e000 rw-p 00000000 00:00 0                          [stack:3420]
7f316ca3e000-7f316ca3f000 ---p 00000000 00:00 0 
7f316ca3f000-7f316cb3f000 rw-p 00000000 00:00 0                          [stack:3419]
7f316cb3f000-7f316cb40000 ---p 00000000 00:00 0 
7f316cb40000-7f316cc4a000 rw-p 00000000 00:00 0                          [stack:3415]
7f316cc4a000-7f316d000000 ---p 00000000 00:00 0 
7f316d000000-7f316d270000 rwxp 00000000 00:00 0 
7f316d270000-7f317c000000 ---p 00000000 00:00 0 
7f317c000000-7f317c130000 rw-p 00000000 00:00 0 
7f317c130000-7f3180000000 ---p 00000000 00:00 0 
7f318000d000-7f3180042000 rw-p 00000000 00:00 0 
7f3180042000-7f3180169000 ---p 00000000 00:00 0 
7f3180169000-7f318017d000 rw-p 00000000 00:00 0 
7f318017d000-7f31802a3000 ---p 00000000 00:00 0 
7f31802a3000-7f31802ae000 rw-p 00000000 00:00 0 
7f31802ae000-7f3180341000 ---p 00000000 00:00 0 
7f3180341000-7f3180342000 rw-p 00000000 00:00 0 
7f3180342000-7f318035c000 r-xp 00000000 08:08 2629001                    /home/hijj/software/javaAndroid/jdk/jdk8/jre/lib/amd64/libzip.so
7f318035c000-7f318055c000 ---p 0001a000 08:08 2629001                    /home/hijj/software/javaAndroid/jdk/jdk8/jre/lib/amd64/libzip.so
7f318055c000-7f318055d000 rw-p 0001a000 08:08 2629001                    /home/hijj/software/javaAndroid/jdk/jdk8/jre/lib/amd64/libzip.so
7f318055d000-7f3180569000 r-xp 00000000 08:08 5771539                    /lib/x86_64-linux-gnu/libnss_files-2.21.so
7f3180569000-7f3180768000 ---p 0000c000 08:08 5771539                    /lib/x86_64-linux-gnu/libnss_files-2.21.so
7f3180768000-7f3180769000 r--p 0000b000 08:08 5771539                    /lib/x86_64-linux-gnu/libnss_files-2.21.so
7f3180769000-7f318076a000 rw-p 0000c000 08:08 5771539                    /lib/x86_64-linux-gnu/libnss_files-2.21.so
7f318076a000-7f3180775000 r-xp 00000000 08:08 5771549                    /lib/x86_64-linux-gnu/libnss_nis-2.21.so
7f3180775000-7f3180974000 ---p 0000b000 08:08 5771549                    /lib/x86_64-linux-gnu/libnss_nis-2.21.so
7f3180974000-7f3180975000 r--p 0000a000 08:08 5771549                    /lib/x86_64-linux-gnu/libnss_nis-2.21.so
7f3180975000-7f3180976000 rw-p 0000b000 08:08 5771549                    /lib/x86_64-linux-gnu/libnss_nis-2.21.so
7f3180976000-7f318098d000 r-xp 00000000 08:08 5771533                    /lib/x86_64-linux-gnu/libnsl-2.21.so
7f318098d000-7f3180b8c000 ---p 00017000 08:08 5771533                    /lib/x86_64-linux-gnu/libnsl-2.21.so
7f3180b8c000-7f3180b8d000 r--p 00016000 08:08 5771533                    /lib/x86_64-linux-gnu/libnsl-2.21.so
7f3180b8d000-7f3180b8e000 rw-p 00017000 08:08 5771533                    /lib/x86_64-linux-gnu/libnsl-2.21.so
7f3180b8e000-7f3180b90000 rw-p 00000000 00:00 0 
7f3180b90000-7f3180b98000 r-xp 00000000 08:08 5771535                    /lib/x86_64-linux-gnu/libnss_compat-2.21.so
7f3180b98000-7f3180d97000 ---p 00008000 08:08 5771535                    /lib/x86_64-linux-gnu/libnss_compat-2.21.so
7f3180d97000-7f3180d98000 r--p 00007000 08:08 5771535                    /lib/x86_64-linux-gnu/libnss_compat-2.21.so
7f3180d98000-7f3180d99000 rw-p 00008000 08:08 5771535                    /lib/x86_64-linux-gnu/libnss_compat-2.21.so
7f3180d99000-7f318147b000 r--p 00000000 08:08 4070784                    /usr/lib/locale/locale-archive
7f318147b000-7f318147d000 r-xp 00000000 08:08 2628975                    /home/hijj/software/javaAndroid/jdk/jdk8/jre/lib/amd64/libnpt.so
7f318147d000-7f318167d000 ---p 00002000 08:08 2628975                    /home/hijj/software/javaAndroid/jdk/jdk8/jre/lib/amd64/libnpt.so
7f318167d000-7f318167e000 rw-p 00002000 08:08 2628975                    /home/hijj/software/javaAndroid/jdk/jdk8/jre/lib/amd64/libnpt.so
7f318167e000-7f31816b7000 r-xp 00000000 08:08 2628992                    /home/hijj/software/javaAndroid/jdk/jdk8/jre/lib/amd64/libjdwp.so
7f31816b7000-7f31818b6000 ---p 00039000 08:08 2628992                    /home/hijj/software/javaAndroid/jdk/jdk8/jre/lib/amd64/libjdwp.so
7f31818b6000-7f31818b8000 rw-p 00038000 08:08 2628992                    /home/hijj/software/javaAndroid/jdk/jdk8/jre/lib/amd64/libjdwp.so
7f31818b8000-7f31818e2000 r-xp 00000000 08:08 2628996                    /home/hijj/software/javaAndroid/jdk/jdk8/jre/lib/amd64/libjava.so
7f31818e2000-7f3181ae2000 ---p 0002a000 08:08 2628996                    /home/hijj/software/javaAndroid/jdk/jdk8/jre/lib/amd64/libjava.so
7f3181ae2000-7f3181ae4000 rw-p 0002a000 08:08 2628996                    /home/hijj/software/javaAndroid/jdk/jdk8/jre/lib/amd64/libjava.so
7f3181ae4000-7f3181af1000 r-xp 00000000 08:08 2629000                    /home/hijj/software/javaAndroid/jdk/jdk8/jre/lib/amd64/libverify.so
7f3181af1000-7f3181cf1000 ---p 0000d000 08:08 2629000                    /home/hijj/software/javaAndroid/jdk/jdk8/jre/lib/amd64/libverify.so
7f3181cf1000-7f3181cf3000 rw-p 0000d000 08:08 2629000                    /home/hijj/software/javaAndroid/jdk/jdk8/jre/lib/amd64/libverify.so
7f3181cf3000-7f3181cfa000 r-xp 00000000 08:08 5771594                    /lib/x86_64-linux-gnu/librt-2.21.so
7f3181cfa000-7f3181ef9000 ---p 00007000 08:08 5771594                    /lib/x86_64-linux-gnu/librt-2.21.so
7f3181ef9000-7f3181efa000 r--p 00006000 08:08 5771594                    /lib/x86_64-linux-gnu/librt-2.21.so
7f3181efa000-7f3181efb000 rw-p 00007000 08:08 5771594                    /lib/x86_64-linux-gnu/librt-2.21.so
7f3181efb000-7f3182002000 r-xp 00000000 08:08 5771512                    /lib/x86_64-linux-gnu/libm-2.21.so
7f3182002000-7f3182201000 ---p 00107000 08:08 5771512                    /lib/x86_64-linux-gnu/libm-2.21.so
7f3182201000-7f3182202000 r--p 00106000 08:08 5771512                    /lib/x86_64-linux-gnu/libm-2.21.so
7f3182202000-7f3182203000 rw-p 00107000 08:08 5771512                    /lib/x86_64-linux-gnu/libm-2.21.so
7f3182203000-7f3182e6d000 r-xp 00000000 08:08 2628982                    /home/hijj/software/javaAndroid/jdk/jdk8/jre/lib/amd64/server/libjvm.so
7f3182e6d000-7f318306c000 ---p 00c6a000 08:08 2628982                    /home/hijj/software/javaAndroid/jdk/jdk8/jre/lib/amd64/server/libjvm.so
7f318306c000-7f3183143000 rw-p 00c69000 08:08 2628982                    /home/hijj/software/javaAndroid/jdk/jdk8/jre/lib/amd64/server/libjvm.so
7f3183143000-7f3183185000 rw-p 00000000 00:00 0 
7f3183185000-7f3183345000 r-xp 00000000 08:08 5771453                    /lib/x86_64-linux-gnu/libc-2.21.so
7f3183345000-7f3183545000 ---p 001c0000 08:08 5771453                    /lib/x86_64-linux-gnu/libc-2.21.so
7f3183545000-7f3183549000 r--p 001c0000 08:08 5771453                    /lib/x86_64-linux-gnu/libc-2.21.so
7f3183549000-7f318354b000 rw-p 001c4000 08:08 5771453                    /lib/x86_64-linux-gnu/libc-2.21.so
7f318354b000-7f318354f000 rw-p 00000000 00:00 0 
7f318354f000-7f3183552000 r-xp 00000000 08:08 5771470                    /lib/x86_64-linux-gnu/libdl-2.21.so
7f3183552000-7f3183751000 ---p 00003000 08:08 5771470                    /lib/x86_64-linux-gnu/libdl-2.21.so
7f3183751000-7f3183752000 r--p 00002000 08:08 5771470                    /lib/x86_64-linux-gnu/libdl-2.21.so
7f3183752000-7f3183753000 rw-p 00003000 08:08 5771470                    /lib/x86_64-linux-gnu/libdl-2.21.so
7f3183753000-7f3183768000 r-xp 00000000 08:08 2628623                    /home/hijj/software/javaAndroid/jdk/jdk8/lib/amd64/jli/libjli.so
7f3183768000-7f3183967000 ---p 00015000 08:08 2628623                    /home/hijj/software/javaAndroid/jdk/jdk8/lib/amd64/jli/libjli.so
7f3183967000-7f3183968000 rw-p 00014000 08:08 2628623                    /home/hijj/software/javaAndroid/jdk/jdk8/lib/amd64/jli/libjli.so
7f3183968000-7f3183980000 r-xp 00000000 08:08 5771586                    /lib/x86_64-linux-gnu/libpthread-2.21.so
7f3183980000-7f3183b80000 ---p 00018000 08:08 5771586                    /lib/x86_64-linux-gnu/libpthread-2.21.so
7f3183b80000-7f3183b81000 r--p 00018000 08:08 5771586                    /lib/x86_64-linux-gnu/libpthread-2.21.so
7f3183b81000-7f3183b82000 rw-p 00019000 08:08 5771586                    /lib/x86_64-linux-gnu/libpthread-2.21.so
7f3183b82000-7f3183b86000 rw-p 00000000 00:00 0 
7f3183b86000-7f3183baa000 r-xp 00000000 08:08 5771425                    /lib/x86_64-linux-gnu/ld-2.21.so
7f3183bb0000-7f3183c88000 rw-p 00000000 00:00 0 
7f3183c88000-7f3183c8b000 ---p 00000000 00:00 0 
7f3183c8b000-7f3183d8d000 rw-p 00000000 00:00 0                          [stack:3412]
7f3183d90000-7f3183d93000 rw-p 00000000 00:00 0 
7f3183d93000-7f3183d9d000 r--s 00116000 08:08 2628866                    /home/hijj/software/javaAndroid/jdk/jdk8/jre/lib/ext/localedata.jar
7f3183d9d000-7f3183da5000 rw-s 00000000 08:08 5265870                    /tmp/hsperfdata_hijj/3410
7f3183da5000-7f3183da6000 rw-p 00000000 00:00 0 
7f3183da6000-7f3183da7000 r--p 00000000 00:00 0 
7f3183da7000-7f3183da9000 rw-p 00000000 00:00 0 
7f3183da9000-7f3183daa000 r--p 00023000 08:08 5771425                    /lib/x86_64-linux-gnu/ld-2.21.so
7f3183daa000-7f3183dab000 rw-p 00024000 08:08 5771425                    /lib/x86_64-linux-gnu/ld-2.21.so
7f3183dab000-7f3183dac000 rw-p 00000000 00:00 0 
7fff6ad1c000-7fff6ad3d000 rw-p 00000000 00:00 0                          [stack]
7fff6ad8e000-7fff6ad90000 r--p 00000000 00:00 0                          [vvar]
7fff6ad90000-7fff6ad92000 r-xp 00000000 00:00 0                          [vdso]
ffffffffff600000-ffffffffff601000 r-xp 00000000 00:00 0                  [vsyscall]

VM Arguments:
jvm_args: -agentlib:jdwp=transport=dt_socket,suspend=y,address=localhost:59718 -Dfile.encoding=UTF-8 
java_command: learning.rzh1.rzh1
java_class_path (initial): /media/hijj/娱乐/github/repositories/ACM/Java/bin
Launcher Type: SUN_STANDARD

Environment Variables:
JAVA_HOME=/home/hijj/software/javaAndroid/jdk/jdk8
JRE_HOME=/home/hijj/software/javaAndroid/jdk/jdk8/jre
CLASSPATH=.:/home/hijj/software/javaAndroid/jdk/jdk8/lib:/home/hijj/software/javaAndroid/jdk/jdk8/jre/lib:.:$JAVA_HOME/lib:$JAVA_HOME/jre/lib
PATH=/home/hijj/software/javaAndroid/jdk/jdk8/bin:/home/hijj/software/javaAndroid/jdk/jdk8/jre/bin:/usr/local/sbin:/usr/local/bin:/usr/sbin:/usr/bin:/sbin:/bin:/usr/games:/usr/local/games:$JAVA_HOME/bin
SHELL=/bin/bash
DISPLAY=:0

Signal Handlers:
SIGSEGV: [libjvm.so+0xa77530], sa_mask[0]=11111111011111111101111111111110, sa_flags=SA_RESTART|SA_SIGINFO
SIGBUS: [libjvm.so+0xa77530], sa_mask[0]=11111111011111111101111111111110, sa_flags=SA_RESTART|SA_SIGINFO
SIGFPE: [libjvm.so+0x8e1d90], sa_mask[0]=11111111011111111101111111111110, sa_flags=SA_RESTART|SA_SIGINFO
SIGPIPE: [libjvm.so+0x8e1d90], sa_mask[0]=11111111011111111101111111111110, sa_flags=SA_RESTART|SA_SIGINFO
SIGXFSZ: [libjvm.so+0x8e1d90], sa_mask[0]=11111111011111111101111111111110, sa_flags=SA_RESTART|SA_SIGINFO
SIGILL: [libjvm.so+0x8e1d90], sa_mask[0]=11111111011111111101111111111110, sa_flags=SA_RESTART|SA_SIGINFO
SIGUSR1: SIG_DFL, sa_mask[0]=00000000000000000000000000000000, sa_flags=none
SIGUSR2: [libjvm.so+0x8e35c0], sa_mask[0]=00100000000000000000000000000000, sa_flags=SA_RESTART|SA_SIGINFO
SIGHUP: [libjvm.so+0x8e4980], sa_mask[0]=11111111011111111101111111111110, sa_flags=SA_RESTART|SA_SIGINFO
SIGINT: [libjvm.so+0x8e4980], sa_mask[0]=11111111011111111101111111111110, sa_flags=SA_RESTART|SA_SIGINFO
SIGTERM: [libjvm.so+0x8e4980], sa_mask[0]=11111111011111111101111111111110, sa_flags=SA_RESTART|SA_SIGINFO
SIGQUIT: [libjvm.so+0x8e4980], sa_mask[0]=11111111011111111101111111111110, sa_flags=SA_RESTART|SA_SIGINFO


---------------  S Y S T E M  ---------------

OS:DISTRIB_ID=Ubuntu
DISTRIB_RELEASE=15.04
DISTRIB_CODENAME=vivid
DISTRIB_DESCRIPTION="Ubuntu 15.04"

uname:Linux 3.19.0-32-generic #37-Ubuntu SMP Wed Oct 21 10:23:06 UTC 2015 x86_64
libc:glibc 2.21 NPTL 2.21 
rlimit: STACK 8192k, CORE 0k, NPROC 15002, NOFILE 65536, AS infinity
load average:0.13 0.17 0.25

/proc/meminfo:
MemTotal:        3863036 kB
MemFree:          557144 kB
MemAvailable:    1198828 kB
Buffers:          112832 kB
Cached:          1039056 kB
SwapCached:            0 kB
Active:          2264836 kB
Inactive:         818496 kB
Active(anon):    1934888 kB
Inactive(anon):   366528 kB
Active(file):     329948 kB
Inactive(file):   451968 kB
Unevictable:          48 kB
Mlocked:              48 kB
SwapTotal:       4005884 kB
SwapFree:        4005884 kB
Dirty:               816 kB
Writeback:             0 kB
AnonPages:       1931260 kB
Mapped:           338980 kB
Shmem:            369972 kB
Slab:              98068 kB
SReclaimable:      57420 kB
SUnreclaim:        40648 kB
KernelStack:       24640 kB
PageTables:        43460 kB
NFS_Unstable:          0 kB
Bounce:                0 kB
WritebackTmp:          0 kB
CommitLimit:     5937400 kB
Committed_AS:   10916200 kB
VmallocTotal:   34359738367 kB
VmallocUsed:      378056 kB
VmallocChunk:   34359349592 kB
HardwareCorrupted:     0 kB
AnonHugePages:    919552 kB
CmaTotal:              0 kB
CmaFree:               0 kB
HugePages_Total:       0
HugePages_Free:        0
HugePages_Rsvd:        0
HugePages_Surp:        0
Hugepagesize:       2048 kB
DirectMap4k:      142076 kB
DirectMap2M:     3866624 kB


CPU:total 4 (2 cores per cpu, 2 threads per core) family 6 model 58 stepping 9, cmov, cx8, fxsr, mmx, sse, sse2, sse3, ssse3, sse4.1, sse4.2, popcnt, avx, aes, clmul, erms, ht, tsc, tscinvbit, tscinv

/proc/cpuinfo:
processor	: 0
vendor_id	: GenuineIntel
cpu family	: 6
model		: 58
model name	: Intel(R) Core(TM) i5-3230M CPU @ 2.60GHz
stepping	: 9
microcode	: 0x17
cpu MHz		: 2999.953
cache size	: 3072 KB
physical id	: 0
siblings	: 4
core id		: 0
cpu cores	: 2
apicid		: 0
initial apicid	: 0
fpu		: yes
fpu_exception	: yes
cpuid level	: 13
wp		: yes
flags		: fpu vme de pse tsc msr pae mce cx8 apic sep mtrr pge mca cmov pat pse36 clflush dts acpi mmx fxsr sse sse2 ss ht tm pbe syscall nx rdtscp lm constant_tsc arch_perfmon pebs bts rep_good nopl xtopology nonstop_tsc aperfmperf eagerfpu pni pclmulqdq dtes64 monitor ds_cpl vmx est tm2 ssse3 cx16 xtpr pdcm pcid sse4_1 sse4_2 x2apic popcnt tsc_deadline_timer aes xsave avx f16c rdrand lahf_lm ida arat epb pln pts dtherm tpr_shadow vnmi flexpriority ept vpid fsgsbase smep erms xsaveopt
bugs		:
bogomips	: 5188.01
clflush size	: 64
cache_alignment	: 64
address sizes	: 36 bits physical, 48 bits virtual
power management:

processor	: 1
vendor_id	: GenuineIntel
cpu family	: 6
model		: 58
model name	: Intel(R) Core(TM) i5-3230M CPU @ 2.60GHz
stepping	: 9
microcode	: 0x17
cpu MHz		: 2999.953
cache size	: 3072 KB
physical id	: 0
siblings	: 4
core id		: 0
cpu cores	: 2
apicid		: 1
initial apicid	: 1
fpu		: yes
fpu_exception	: yes
cpuid level	: 13
wp		: yes
flags		: fpu vme de pse tsc msr pae mce cx8 apic sep mtrr pge mca cmov pat pse36 clflush dts acpi mmx fxsr sse sse2 ss ht tm pbe syscall nx rdtscp lm constant_tsc arch_perfmon pebs bts rep_good nopl xtopology nonstop_tsc aperfmperf eagerfpu pni pclmulqdq dtes64 monitor ds_cpl vmx est tm2 ssse3 cx16 xtpr pdcm pcid sse4_1 sse4_2 x2apic popcnt tsc_deadline_timer aes xsave avx f16c rdrand lahf_lm ida arat epb pln pts dtherm tpr_shadow vnmi flexpriority ept vpid fsgsbase smep erms xsaveopt
bugs		:
bogomips	: 5188.01
clflush size	: 64
cache_alignment	: 64
address sizes	: 36 bits physical, 48 bits virtual
power management:

processor	: 2
vendor_id	: GenuineIntel
cpu family	: 6
model		: 58
model name	: Intel(R) Core(TM) i5-3230M CPU @ 2.60GHz
stepping	: 9
microcode	: 0x17
cpu MHz		: 2999.953
cache size	: 3072 KB
physical id	: 0
siblings	: 4
core id		: 1
cpu cores	: 2
apicid		: 2
initial apicid	: 2
fpu		: yes
fpu_exception	: yes
cpuid level	: 13
wp		: yes
flags		: fpu vme de pse tsc msr pae mce cx8 apic sep mtrr pge mca cmov pat pse36 clflush dts acpi mmx fxsr sse sse2 ss ht tm pbe syscall nx rdtscp lm constant_tsc arch_perfmon pebs bts rep_good nopl xtopology nonstop_tsc aperfmperf eagerfpu pni pclmulqdq dtes64 monitor ds_cpl vmx est tm2 ssse3 cx16 xtpr pdcm pcid sse4_1 sse4_2 x2apic popcnt tsc_deadline_timer aes xsave avx f16c rdrand lahf_lm ida arat epb pln pts dtherm tpr_shadow vnmi flexpriority ept vpid fsgsbase smep erms xsaveopt
bugs		:
bogomips	: 5188.01
clflush size	: 64
cache_alignment	: 64
address sizes	: 36 bits physical, 48 bits virtual
power management:

processor	: 3
vendor_id	: GenuineIntel
cpu family	: 6
model		: 58
model name	: Intel(R) Core(TM) i5-3230M CPU @ 2.60GHz
stepping	: 9
microcode	: 0x17
cpu MHz		: 2999.953
cache size	: 3072 KB
physical id	: 0
siblings	: 4
core id		: 1
cpu cores	: 2
apicid		: 3
initial apicid	: 3
fpu		: yes
fpu_exception	: yes
cpuid level	: 13
wp		: yes
flags		: fpu vme de pse tsc msr pae mce cx8 apic sep mtrr pge mca cmov pat pse36 clflush dts acpi mmx fxsr sse sse2 ss ht tm pbe syscall nx rdtscp lm constant_tsc arch_perfmon pebs bts rep_good nopl xtopology nonstop_tsc aperfmperf eagerfpu pni pclmulqdq dtes64 monitor ds_cpl vmx est tm2 ssse3 cx16 xtpr pdcm pcid sse4_1 sse4_2 x2apic popcnt tsc_deadline_timer aes xsave avx f16c rdrand lahf_lm ida arat epb pln pts dtherm tpr_shadow vnmi flexpriority ept vpid fsgsbase smep erms xsaveopt
bugs		:
bogomips	: 5188.01
clflush size	: 64
cache_alignment	: 64
address sizes	: 36 bits physical, 48 bits virtual
power management:



Memory: 4k page, physical 3863036k(553040k free), swap 4005884k(4005884k free)

vm_info: Java HotSpot(TM) 64-Bit Server VM (25.20-b23) for linux-amd64 JRE (1.8.0_20-b26), built on Jul 30 2014 13:13:52 by "java_re" with gcc 4.3.0 20080428 (Red Hat 4.3.0-8)

time: Mon Nov  9 17:44:35 2015
elapsed time: 791 seconds (0d 0h 13m 11s)

