#
# A fatal error has been detected by the Java Runtime Environment:
#
#  SIGSEGV (0xb) at pc=0x00007f9a6c000078, pid=10154, tid=140301775087360
#
# JRE version: Java(TM) SE Runtime Environment (8.0_20-b26) (build 1.8.0_20-b26)
# Java VM: Java HotSpot(TM) 64-Bit Server VM (25.20-b23 mixed mode linux-amd64 compressed oops)
# Problematic frame:
# C  0x00007f9a6c000078
#
# Failed to write core dump. Core dumps have been disabled. To enable core dumping, try "ulimit -c unlimited" before starting Java again
#
# If you would like to submit a bug report, please visit:
#   http://bugreport.sun.com/bugreport/crash.jsp
#

---------------  T H R E A D  ---------------

Current thread (0x00007f9aa40ba800):  JavaThread "JDWP Transport Listener: dt_socket" daemon [_thread_in_vm, id=10171, stack(0x00007f9a8d672000,0x00007f9a8d773000)]

siginfo: si_signo: 11 (SIGSEGV), si_code: 2 (SEGV_ACCERR), si_addr: 0x00007f9a6c000078

Registers:
RAX=0x00007f9a6c00ca50, RBX=0x00007f9a6c000088, RCX=0x00007f9aacaa7340, RDX=0x00007f9aac080fe0
RSP=0x00007f9a8d771948, RBP=0x00007f9a8d771960, RSI=0x00007f9aa40ba800, RDI=0x00007f9a6c000088
R8 =0x00007f9a6c002ed0, R9 =0x0000000000000000, R10=0x0000000000000020, R11=0x00007f9aac242230
R12=0x0000000000000017, R13=0x00007f9a6c000098, R14=0x00007f9aa40ba800, R15=0x00007f9a8d771a67
RIP=0x00007f9a6c000078, EFLAGS=0x0000000000010202, CSGSFS=0x0000000000000033, ERR=0x0000000000000015
  TRAPNO=0x000000000000000e

Top of Stack: (sp=0x00007f9a8d771948)
0x00007f9a8d771948:   00007f9aab99c1a7 0000000000000074
0x00007f9a8d771958:   00007f9aa40036a0 00007f9a8d7719d0
0x00007f9a8d771968:   00007f9aab83178e 00007f9a6c002ed0
0x00007f9a8d771978:   00007f9a8d771980 00007f9aa40ba800
0x00007f9a8d771988:   0000000000000000 00007f9a00000000
0x00007f9a8d771998:   0000000000000000 00007f9a8d7719c0
0x00007f9a8d7719a8:   00007f9aaa7ddd60 00007f9a6c000098
0x00007f9a8d7719b8:   00007f9a8d771a67 0000000000000007
0x00007f9a8d7719c8:   00007f9a8d771a67 00007f9a8d771a00
0x00007f9a8d7719d8:   00007f9aaa5c9872 00007f9a8d771a00
0x00007f9a8d7719e8:   00007f9a6c000098 00007f9a8d771ad0
0x00007f9a8d7719f8:   0000000000000038 00007f9a8d771a90
0x00007f9a8d771a08:   00007f9aaa5aaa60 00007f9a8d771a48
0x00007f9a8d771a18:   00007f9a8d771a40 00007f9a8d771a38
0x00007f9a8d771a28:   00007f9a8d771a5c 000000016c0030c0
0x00007f9a8d771a38:   0000000000000000 0000000000000000
0x00007f9a8d771a48:   0000000000000000 00007f9a6c00a5f0
0x00007f9a8d771a58:   0000000a8d771ad0 0000000000000008
0x00007f9a8d771a68:   0000000000000002 000000000000000f
0x00007f9a8d771a78:   0000000000000002 00000000000f0200
0x00007f9a8d771a88:   000000000000000f 00007f9a8d771ce0
0x00007f9a8d771a98:   00007f9aaa5b5976 0001d7c500000013
0x00007f9a8d771aa8:   00007f9aab0f0200 00007f9a64000fb0
0x00007f9a8d771ab8:   00007f9aaa7ddd60 00007f9a8d771ad0
0x00007f9a8d771ac8:   00007f9a8d771c60 00007f9a6c00c821
0x00007f9a8d771ad8:   00007f9a00000237 00007f9a6c002ef0
0x00007f9a8d771ae8:   000000000000012c 00007f9a8d771b20
0x00007f9a8d771af8:   00007f9a6c002ef0 00007f0000000000
0x00007f9a8d771b08:   0001d7c50000001c 00007f9a00001c80
0x00007f9a8d771b18:   00007f9a8d771b20 9a7f000008000000
0x00007f9a8d771b28:   06000000985e006c 00003e74696e693c
0x00007f9a8d771b38:   0000005629280300 7f00000100000000 

Instructions: (pc=0x00007f9a6c000078)
0x00007f9a6c000058:   00 00 00 00 00 00 00 00 00 00 00 00 00 00 00 00
0x00007f9a6c000068:   00 00 00 00 00 00 00 00 00 00 00 00 00 00 00 00
0x00007f9a6c000078:   10 d8 00 6c 9a 7f 00 00 50 ca 00 6c 9a 7f 00 00
0x00007f9a6c000088:   50 ca 00 6c 9a 7f 00 00 50 ca 00 6c 9a 7f 00 00 

Register to memory mapping:

RAX=0x00007f9a6c00ca50 is an unknown value
RBX=0x00007f9a6c000088 is an unknown value
RCX=0x00007f9aacaa7340: <offset 0x219340> in /lib/x86_64-linux-gnu/libpthread.so.0 at 0x00007f9aac88e000
RDX=0x00007f9aac080fe0: <offset 0xf57fe0> in /home/hijj/software/javaAndroid/jdk/jdk8/jre/lib/amd64/server/libjvm.so at 0x00007f9aab129000
RSP=0x00007f9a8d771948 is pointing into the stack for thread: 0x00007f9aa40ba800
RBP=0x00007f9a8d771960 is pointing into the stack for thread: 0x00007f9aa40ba800
RSI=0x00007f9aa40ba800 is a thread
RDI=0x00007f9a6c000088 is an unknown value
R8 =0x00007f9a6c002ed0 is an unknown value
R9 =0x0000000000000000 is an unknown value
R10=0x0000000000000020 is an unknown value
R11=0x00007f9aac242230: <offset 0x197230> in /lib/x86_64-linux-gnu/libc.so.6 at 0x00007f9aac0ab000
R12=0x0000000000000017 is an unknown value
R13=0x00007f9a6c000098 is an unknown value
R14=0x00007f9aa40ba800 is a thread
R15=0x00007f9a8d771a67 is pointing into the stack for thread: 0x00007f9aa40ba800


Stack: [0x00007f9a8d672000,0x00007f9a8d773000],  sp=0x00007f9a8d771948,  free space=1022k
Native frames: (J=compiled Java code, j=interpreted, Vv=VM code, C=native code)
C  0x00007f9a6c000078
V  [libjvm.so+0x70878e]  jvmti_IsMethodSynthetic+0x29e
C  [libjdwp.so+0x25872]  isMethodSynthetic+0x42
C  [libjdwp.so+0x6a60]  methods1+0x1b0
C  [libjdwp.so+0x11976]  debugLoop_run+0x2b6
C  [libjdwp.so+0x247af]  attachThread+0x2f
V  [libjvm.so+0x7744f2]  JvmtiAgentThread::call_start_function()+0xc2
V  [libjvm.so+0xa2990f]  JavaThread::thread_main_inner()+0xdf
V  [libjvm.so+0xa29a3c]  JavaThread::run()+0x11c
V  [libjvm.so+0x8e75f8]  java_start(Thread*)+0x108
C  [libpthread.so.0+0x76aa]  start_thread+0xca


---------------  P R O C E S S  ---------------

Java Threads: ( => current thread )
  0x00007f9aa40d2800 JavaThread "Service Thread" daemon [_thread_blocked, id=10182, stack(0x00007f9a8d06c000,0x00007f9a8d16d000)]
  0x00007f9aa40c5000 JavaThread "C1 CompilerThread2" daemon [_thread_blocked, id=10181, stack(0x00007f9a8d16d000,0x00007f9a8d26e000)]
  0x00007f9aa40c3000 JavaThread "C2 CompilerThread1" daemon [_thread_blocked, id=10180, stack(0x00007f9a8d26e000,0x00007f9a8d36f000)]
  0x00007f9aa40c0000 JavaThread "C2 CompilerThread0" daemon [_thread_blocked, id=10179, stack(0x00007f9a8d36f000,0x00007f9a8d470000)]
  0x00007f9a6c001000 JavaThread "JDWP Command Reader" daemon [_thread_in_native, id=10175, stack(0x00007f9a8d470000,0x00007f9a8d571000)]
  0x00007f9aa40be000 JavaThread "JDWP Event Helper Thread" daemon [_thread_blocked, id=10174, stack(0x00007f9a8d571000,0x00007f9a8d672000)]
=>0x00007f9aa40ba800 JavaThread "JDWP Transport Listener: dt_socket" daemon [_thread_in_vm, id=10171, stack(0x00007f9a8d672000,0x00007f9a8d773000)]
  0x00007f9aa40ad000 JavaThread "Signal Dispatcher" daemon [_thread_blocked, id=10169, stack(0x00007f9a8d977000,0x00007f9a8da78000)]
  0x00007f9aa407f000 JavaThread "Finalizer" daemon [_thread_blocked, id=10168, stack(0x00007f9a8da78000,0x00007f9a8db79000)]
  0x00007f9aa407d000 JavaThread "Reference Handler" daemon [_thread_blocked, id=10167, stack(0x00007f9a8db79000,0x00007f9a8dc7a000)]
  0x00007f9aa400c000 JavaThread "main" [_thread_blocked, id=10160, stack(0x00007f9aacbae000,0x00007f9aaccaf000)]

Other Threads:
  0x00007f9aa4075800 VMThread [stack: 0x00007f9a8dc7a000,0x00007f9a8dd7b000] [id=10166]
  0x00007f9aa40d5000 WatcherThread [stack: 0x00007f9a8cf6b000,0x00007f9a8d06c000] [id=10183]

VM state:not at safepoint (normal execution)

VM Mutex/Monitor currently owned by a thread: None

Heap:
 PSYoungGen      total 17920K, used 2153K [0x00000000ec580000, 0x00000000ed980000, 0x0000000100000000)
  eden space 15360K, 14% used [0x00000000ec580000,0x00000000ec79a7e8,0x00000000ed480000)
  from space 2560K, 0% used [0x00000000ed700000,0x00000000ed700000,0x00000000ed980000)
  to   space 2560K, 0% used [0x00000000ed480000,0x00000000ed480000,0x00000000ed700000)
 ParOldGen       total 40960K, used 0K [0x00000000c5000000, 0x00000000c7800000, 0x00000000ec580000)
  object space 40960K, 0% used [0x00000000c5000000,0x00000000c5000000,0x00000000c7800000)
 Metaspace       used 4105K, capacity 5162K, committed 5376K, reserved 1056768K
  class space    used 421K, capacity 466K, committed 512K, reserved 1048576K

Card table byte_map: [0x00007f9aa8ccf000,0x00007f9aa8ea8000] byte_map_base: 0x00007f9aa86a7000

Marking Bits: (ParMarkBitMap*) 0x00007f9aac080ac0
 Begin Bits: [0x00007f9a8e280000, 0x00007f9a8f140000)
 End Bits:   [0x00007f9a8f140000, 0x00007f9a90000000)

Polling page: 0x00007f9aacccc000

CodeCache: size=245760Kb used=1215Kb max_used=1215Kb free=244545Kb
 bounds [0x00007f9a95000000, 0x00007f9a95270000, 0x00007f9aa4000000]
 total_blobs=316 nmethods=79 adapters=160
 compilation: enabled

Compilation events (10 events):
Event: 0.229 Thread 0x00007f9aa40c5000   75       3       java.lang.Character::isBmpCodePoint (13 bytes)
Event: 0.229 Thread 0x00007f9aa40c5000 nmethod 75 0x00007f9a9512eb50 code [0x00007f9a9512ecc0, 0x00007f9a9512ee50]
Event: 0.229 Thread 0x00007f9aa40c5000   76       3       java.util.regex.Pattern::next (33 bytes)
Event: 0.229 Thread 0x00007f9aa40c5000 nmethod 76 0x00007f9a9512eed0 code [0x00007f9a9512f060, 0x00007f9a9512f328]
Event: 0.229 Thread 0x00007f9aa40c5000   77       1       java.util.regex.Pattern::flags (5 bytes)
Event: 0.230 Thread 0x00007f9aa40c5000 nmethod 77 0x00007f9a9512f450 code [0x00007f9a9512f5a0, 0x00007f9a9512f6b0]
Event: 6.920 Thread 0x00007f9aa40c5000   78       1       java.nio.Buffer::position (5 bytes)
Event: 6.920 Thread 0x00007f9aa40c5000 nmethod 78 0x00007f9a9512f710 code [0x00007f9a9512f860, 0x00007f9a9512f970]
Event: 6.920 Thread 0x00007f9aa40c5000   79       3       java.util.concurrent.ConcurrentHashMap$Node::<init> (26 bytes)
Event: 6.920 Thread 0x00007f9aa40c5000 nmethod 79 0x00007f9a9512f9d0 code [0x00007f9a9512fb40, 0x00007f9a9512fd30]

GC Heap History (0 events):
No events

Deoptimization events (0 events):
No events

Internal exceptions (10 events):
Event: 0.216 Thread 0x00007f9aa400c000 Exception <a 'java/security/PrivilegedActionException'> (0x00000000ec72d900) thrown at [/HUDSON/workspace/8-2-build-linux-amd64/jdk8u20/1074/hotspot/src/share/vm/prims/jvm.cpp, line 1275]
Event: 0.217 Thread 0x00007f9aa400c000 Exception <a 'java/security/PrivilegedActionException'> (0x00000000ec730320) thrown at [/HUDSON/workspace/8-2-build-linux-amd64/jdk8u20/1074/hotspot/src/share/vm/prims/jvm.cpp, line 1275]
Event: 0.217 Thread 0x00007f9aa400c000 Exception <a 'java/security/PrivilegedActionException'> (0x00000000ec7316c0) thrown at [/HUDSON/workspace/8-2-build-linux-amd64/jdk8u20/1074/hotspot/src/share/vm/prims/jvm.cpp, line 1275]
Event: 0.222 Thread 0x00007f9aa400c000 Exception <a 'java/security/PrivilegedActionException'> (0x00000000ec745460) thrown at [/HUDSON/workspace/8-2-build-linux-amd64/jdk8u20/1074/hotspot/src/share/vm/prims/jvm.cpp, line 1275]
Event: 0.223 Thread 0x00007f9aa400c000 Exception <a 'java/security/PrivilegedActionException'> (0x00000000ec7468f8) thrown at [/HUDSON/workspace/8-2-build-linux-amd64/jdk8u20/1074/hotspot/src/share/vm/prims/jvm.cpp, line 1275]
Event: 0.224 Thread 0x00007f9aa400c000 Exception <a 'java/security/PrivilegedActionException'> (0x00000000ec753ca8) thrown at [/HUDSON/workspace/8-2-build-linux-amd64/jdk8u20/1074/hotspot/src/share/vm/prims/jvm.cpp, line 1275]
Event: 0.224 Thread 0x00007f9aa400c000 Exception <a 'java/security/PrivilegedActionException'> (0x00000000ec755368) thrown at [/HUDSON/workspace/8-2-build-linux-amd64/jdk8u20/1074/hotspot/src/share/vm/prims/jvm.cpp, line 1275]
Event: 0.224 Thread 0x00007f9aa400c000 Exception <a 'java/security/PrivilegedActionException'> (0x00000000ec757a08) thrown at [/HUDSON/workspace/8-2-build-linux-amd64/jdk8u20/1074/hotspot/src/share/vm/prims/jvm.cpp, line 1275]
Event: 0.225 Thread 0x00007f9aa400c000 Exception <a 'java/security/PrivilegedActionException'> (0x00000000ec7590e8) thrown at [/HUDSON/workspace/8-2-build-linux-amd64/jdk8u20/1074/hotspot/src/share/vm/prims/jvm.cpp, line 1275]
Event: 6.920 Thread 0x00007f9aa400c000 Exception <a 'java/security/PrivilegedActionException'> (0x00000000ec772100) thrown at [/HUDSON/workspace/8-2-build-linux-amd64/jdk8u20/1074/hotspot/src/share/vm/prims/jvm.cpp, line 1275]

Events (10 events):
Event: 2282.015 Executing VM operation: ChangeBreakpoints
Event: 2282.016 Executing VM operation: ChangeBreakpoints done
Event: 2282.028 Executing VM operation: ChangeBreakpoints
Event: 2282.028 Executing VM operation: ChangeBreakpoints done
Event: 2282.031 Executing VM operation: ChangeBreakpoints
Event: 2282.031 Executing VM operation: ChangeBreakpoints done
Event: 2282.031 Executing VM operation: ChangeBreakpoints
Event: 2282.031 Executing VM operation: ChangeBreakpoints done
Event: 3080.834 Executing VM operation: RedefineClasses
Event: 3080.835 Executing VM operation: RedefineClasses done


Dynamic libraries:
00400000-00401000 r-xp 00000000 08:08 2622385                            /home/hijj/software/javaAndroid/jdk/jdk8/bin/java
00600000-00601000 rw-p 00000000 08:08 2622385                            /home/hijj/software/javaAndroid/jdk/jdk8/bin/java
01e23000-01e44000 rw-p 00000000 00:00 0                                  [heap]
c5000000-c7800000 rw-p 00000000 00:00 0 
c7800000-ec580000 ---p 00000000 00:00 0 
ec580000-ed980000 rw-p 00000000 00:00 0 
ed980000-100000000 ---p 00000000 00:00 0 
100000000-100080000 rw-p 00000000 00:00 0 
100080000-140000000 ---p 00000000 00:00 0 
7f9a48000000-7f9a48021000 rw-p 00000000 00:00 0 
7f9a48021000-7f9a4c000000 ---p 00000000 00:00 0 
7f9a50000000-7f9a50074000 rw-p 00000000 00:00 0 
7f9a50074000-7f9a54000000 ---p 00000000 00:00 0 
7f9a54000000-7f9a54021000 rw-p 00000000 00:00 0 
7f9a54021000-7f9a58000000 ---p 00000000 00:00 0 
7f9a58000000-7f9a58021000 rw-p 00000000 00:00 0 
7f9a58021000-7f9a5c000000 ---p 00000000 00:00 0 
7f9a5c000000-7f9a5c066000 rw-p 00000000 00:00 0 
7f9a5c066000-7f9a60000000 ---p 00000000 00:00 0 
7f9a60000000-7f9a60021000 rw-p 00000000 00:00 0 
7f9a60021000-7f9a64000000 ---p 00000000 00:00 0 
7f9a64000000-7f9a64021000 rw-p 00000000 00:00 0 
7f9a64021000-7f9a68000000 ---p 00000000 00:00 0 
7f9a68000000-7f9a68021000 rw-p 00000000 00:00 0 
7f9a68021000-7f9a6c000000 ---p 00000000 00:00 0 
7f9a6c000000-7f9a6c027000 rw-p 00000000 00:00 0 
7f9a6c027000-7f9a70000000 ---p 00000000 00:00 0 
7f9a70000000-7f9a70021000 rw-p 00000000 00:00 0 
7f9a70021000-7f9a74000000 ---p 00000000 00:00 0 
7f9a74000000-7f9a74021000 rw-p 00000000 00:00 0 
7f9a74021000-7f9a78000000 ---p 00000000 00:00 0 
7f9a78000000-7f9a78021000 rw-p 00000000 00:00 0 
7f9a78021000-7f9a7c000000 ---p 00000000 00:00 0 
7f9a7c000000-7f9a7c021000 rw-p 00000000 00:00 0 
7f9a7c021000-7f9a80000000 ---p 00000000 00:00 0 
7f9a80000000-7f9a80021000 rw-p 00000000 00:00 0 
7f9a80021000-7f9a84000000 ---p 00000000 00:00 0 
7f9a88000000-7f9a88021000 rw-p 00000000 00:00 0 
7f9a88021000-7f9a8c000000 ---p 00000000 00:00 0 
7f9a8ccf6000-7f9a8cf6b000 rw-p 00000000 00:00 0 
7f9a8cf6b000-7f9a8cf6c000 ---p 00000000 00:00 0 
7f9a8cf6c000-7f9a8d06c000 rw-p 00000000 00:00 0                          [stack:10183]
7f9a8d06c000-7f9a8d06f000 ---p 00000000 00:00 0 
7f9a8d06f000-7f9a8d16d000 rw-p 00000000 00:00 0                          [stack:10182]
7f9a8d16d000-7f9a8d170000 ---p 00000000 00:00 0 
7f9a8d170000-7f9a8d26e000 rw-p 00000000 00:00 0                          [stack:10181]
7f9a8d26e000-7f9a8d271000 ---p 00000000 00:00 0 
7f9a8d271000-7f9a8d36f000 rw-p 00000000 00:00 0                          [stack:10180]
7f9a8d36f000-7f9a8d372000 ---p 00000000 00:00 0 
7f9a8d372000-7f9a8d470000 rw-p 00000000 00:00 0                          [stack:10179]
7f9a8d470000-7f9a8d473000 ---p 00000000 00:00 0 
7f9a8d473000-7f9a8d571000 rw-p 00000000 00:00 0                          [stack:10175]
7f9a8d571000-7f9a8d574000 ---p 00000000 00:00 0 
7f9a8d574000-7f9a8d672000 rw-p 00000000 00:00 0                          [stack:10174]
7f9a8d672000-7f9a8d675000 ---p 00000000 00:00 0 
7f9a8d675000-7f9a8d773000 rw-p 00000000 00:00 0                          [stack:10171]
7f9a8d773000-7f9a8d777000 r-xp 00000000 08:08 2628974                    /home/hijj/software/javaAndroid/jdk/jdk8/jre/lib/amd64/libdt_socket.so
7f9a8d777000-7f9a8d976000 ---p 00004000 08:08 2628974                    /home/hijj/software/javaAndroid/jdk/jdk8/jre/lib/amd64/libdt_socket.so
7f9a8d976000-7f9a8d977000 rw-p 00003000 08:08 2628974                    /home/hijj/software/javaAndroid/jdk/jdk8/jre/lib/amd64/libdt_socket.so
7f9a8d977000-7f9a8d97a000 ---p 00000000 00:00 0 
7f9a8d97a000-7f9a8da78000 rw-p 00000000 00:00 0                          [stack:10169]
7f9a8da78000-7f9a8da7b000 ---p 00000000 00:00 0 
7f9a8da7b000-7f9a8db79000 rw-p 00000000 00:00 0                          [stack:10168]
7f9a8db79000-7f9a8db7c000 ---p 00000000 00:00 0 
7f9a8db7c000-7f9a8dc7a000 rw-p 00000000 00:00 0                          [stack:10167]
7f9a8dc7a000-7f9a8dc7b000 ---p 00000000 00:00 0 
7f9a8dc7b000-7f9a90000000 rw-p 00000000 00:00 0                          [stack:10166]
7f9a90000000-7f9a90021000 rw-p 00000000 00:00 0 
7f9a90021000-7f9a94000000 ---p 00000000 00:00 0 
7f9a9407a000-7f9a94096000 r--s 00393000 08:08 2628860                    /home/hijj/software/javaAndroid/jdk/jdk8/jre/lib/ext/cldrdata.jar
7f9a94096000-7f9a94cc0000 rw-p 00000000 00:00 0 
7f9a94cc0000-7f9a95000000 ---p 00000000 00:00 0 
7f9a95000000-7f9a95270000 rwxp 00000000 00:00 0 
7f9a95270000-7f9aa4000000 ---p 00000000 00:00 0 
7f9aa4000000-7f9aa4179000 rw-p 00000000 00:00 0 
7f9aa4179000-7f9aa8000000 ---p 00000000 00:00 0 
7f9aa8007000-7f9aa801a000 r--s 00344000 08:08 2628842                    /home/hijj/software/javaAndroid/jdk/jdk8/jre/lib/resources.jar
7f9aa801a000-7f9aa836c000 rw-p 00000000 00:00 0 
7f9aa836c000-7f9aa8542000 r--s 03ca8000 08:08 2628807                    /home/hijj/software/javaAndroid/jdk/jdk8/jre/lib/rt.jar
7f9aa8542000-7f9aa8790000 rw-p 00000000 00:00 0 
7f9aa8790000-7f9aa8791000 ---p 00000000 00:00 0 
7f9aa8791000-7f9aa8891000 rw-p 00000000 00:00 0                          [stack:10164]
7f9aa8891000-7f9aa8892000 ---p 00000000 00:00 0 
7f9aa8892000-7f9aa8992000 rw-p 00000000 00:00 0                          [stack:10163]
7f9aa8992000-7f9aa8993000 ---p 00000000 00:00 0 
7f9aa8993000-7f9aa8a93000 rw-p 00000000 00:00 0                          [stack:10162]
7f9aa8a93000-7f9aa8a94000 ---p 00000000 00:00 0 
7f9aa8a94000-7f9aa8ba8000 rw-p 00000000 00:00 0                          [stack:10161]
7f9aa8ba8000-7f9aa8ccf000 ---p 00000000 00:00 0 
7f9aa8ccf000-7f9aa8ce3000 rw-p 00000000 00:00 0 
7f9aa8ce3000-7f9aa8e09000 ---p 00000000 00:00 0 
7f9aa8e09000-7f9aa8e14000 rw-p 00000000 00:00 0 
7f9aa8e14000-7f9aa8ea7000 ---p 00000000 00:00 0 
7f9aa8ea7000-7f9aa8eb2000 rw-p 00000000 00:00 0 
7f9aa8eb2000-7f9aa9268000 ---p 00000000 00:00 0 
7f9aa9268000-7f9aa9282000 r-xp 00000000 08:08 2629001                    /home/hijj/software/javaAndroid/jdk/jdk8/jre/lib/amd64/libzip.so
7f9aa9282000-7f9aa9482000 ---p 0001a000 08:08 2629001                    /home/hijj/software/javaAndroid/jdk/jdk8/jre/lib/amd64/libzip.so
7f9aa9482000-7f9aa9483000 rw-p 0001a000 08:08 2629001                    /home/hijj/software/javaAndroid/jdk/jdk8/jre/lib/amd64/libzip.so
7f9aa9483000-7f9aa948f000 r-xp 00000000 08:08 5771539                    /lib/x86_64-linux-gnu/libnss_files-2.21.so
7f9aa948f000-7f9aa968e000 ---p 0000c000 08:08 5771539                    /lib/x86_64-linux-gnu/libnss_files-2.21.so
7f9aa968e000-7f9aa968f000 r--p 0000b000 08:08 5771539                    /lib/x86_64-linux-gnu/libnss_files-2.21.so
7f9aa968f000-7f9aa9690000 rw-p 0000c000 08:08 5771539                    /lib/x86_64-linux-gnu/libnss_files-2.21.so
7f9aa9690000-7f9aa969b000 r-xp 00000000 08:08 5771549                    /lib/x86_64-linux-gnu/libnss_nis-2.21.so
7f9aa969b000-7f9aa989a000 ---p 0000b000 08:08 5771549                    /lib/x86_64-linux-gnu/libnss_nis-2.21.so
7f9aa989a000-7f9aa989b000 r--p 0000a000 08:08 5771549                    /lib/x86_64-linux-gnu/libnss_nis-2.21.so
7f9aa989b000-7f9aa989c000 rw-p 0000b000 08:08 5771549                    /lib/x86_64-linux-gnu/libnss_nis-2.21.so
7f9aa989c000-7f9aa98b3000 r-xp 00000000 08:08 5771533                    /lib/x86_64-linux-gnu/libnsl-2.21.so
7f9aa98b3000-7f9aa9ab2000 ---p 00017000 08:08 5771533                    /lib/x86_64-linux-gnu/libnsl-2.21.so
7f9aa9ab2000-7f9aa9ab3000 r--p 00016000 08:08 5771533                    /lib/x86_64-linux-gnu/libnsl-2.21.so
7f9aa9ab3000-7f9aa9ab4000 rw-p 00017000 08:08 5771533                    /lib/x86_64-linux-gnu/libnsl-2.21.so
7f9aa9ab4000-7f9aa9ab6000 rw-p 00000000 00:00 0 
7f9aa9ab6000-7f9aa9abe000 r-xp 00000000 08:08 5771535                    /lib/x86_64-linux-gnu/libnss_compat-2.21.so
7f9aa9abe000-7f9aa9cbd000 ---p 00008000 08:08 5771535                    /lib/x86_64-linux-gnu/libnss_compat-2.21.so
7f9aa9cbd000-7f9aa9cbe000 r--p 00007000 08:08 5771535                    /lib/x86_64-linux-gnu/libnss_compat-2.21.so
7f9aa9cbe000-7f9aa9cbf000 rw-p 00008000 08:08 5771535                    /lib/x86_64-linux-gnu/libnss_compat-2.21.so
7f9aa9cbf000-7f9aaa3a1000 r--p 00000000 08:08 4070784                    /usr/lib/locale/locale-archive
7f9aaa3a1000-7f9aaa3a3000 r-xp 00000000 08:08 2628975                    /home/hijj/software/javaAndroid/jdk/jdk8/jre/lib/amd64/libnpt.so
7f9aaa3a3000-7f9aaa5a3000 ---p 00002000 08:08 2628975                    /home/hijj/software/javaAndroid/jdk/jdk8/jre/lib/amd64/libnpt.so
7f9aaa5a3000-7f9aaa5a4000 rw-p 00002000 08:08 2628975                    /home/hijj/software/javaAndroid/jdk/jdk8/jre/lib/amd64/libnpt.so
7f9aaa5a4000-7f9aaa5dd000 r-xp 00000000 08:08 2628992                    /home/hijj/software/javaAndroid/jdk/jdk8/jre/lib/amd64/libjdwp.so
7f9aaa5dd000-7f9aaa7dc000 ---p 00039000 08:08 2628992                    /home/hijj/software/javaAndroid/jdk/jdk8/jre/lib/amd64/libjdwp.so
7f9aaa7dc000-7f9aaa7de000 rw-p 00038000 08:08 2628992                    /home/hijj/software/javaAndroid/jdk/jdk8/jre/lib/amd64/libjdwp.so
7f9aaa7de000-7f9aaa808000 r-xp 00000000 08:08 2628996                    /home/hijj/software/javaAndroid/jdk/jdk8/jre/lib/amd64/libjava.so
7f9aaa808000-7f9aaaa08000 ---p 0002a000 08:08 2628996                    /home/hijj/software/javaAndroid/jdk/jdk8/jre/lib/amd64/libjava.so
7f9aaaa08000-7f9aaaa0a000 rw-p 0002a000 08:08 2628996                    /home/hijj/software/javaAndroid/jdk/jdk8/jre/lib/amd64/libjava.so
7f9aaaa0a000-7f9aaaa17000 r-xp 00000000 08:08 2629000                    /home/hijj/software/javaAndroid/jdk/jdk8/jre/lib/amd64/libverify.so
7f9aaaa17000-7f9aaac17000 ---p 0000d000 08:08 2629000                    /home/hijj/software/javaAndroid/jdk/jdk8/jre/lib/amd64/libverify.so
7f9aaac17000-7f9aaac19000 rw-p 0000d000 08:08 2629000                    /home/hijj/software/javaAndroid/jdk/jdk8/jre/lib/amd64/libverify.so
7f9aaac19000-7f9aaac20000 r-xp 00000000 08:08 5771594                    /lib/x86_64-linux-gnu/librt-2.21.so
7f9aaac20000-7f9aaae1f000 ---p 00007000 08:08 5771594                    /lib/x86_64-linux-gnu/librt-2.21.so
7f9aaae1f000-7f9aaae20000 r--p 00006000 08:08 5771594                    /lib/x86_64-linux-gnu/librt-2.21.so
7f9aaae20000-7f9aaae21000 rw-p 00007000 08:08 5771594                    /lib/x86_64-linux-gnu/librt-2.21.so
7f9aaae21000-7f9aaaf28000 r-xp 00000000 08:08 5771512                    /lib/x86_64-linux-gnu/libm-2.21.so
7f9aaaf28000-7f9aab127000 ---p 00107000 08:08 5771512                    /lib/x86_64-linux-gnu/libm-2.21.so
7f9aab127000-7f9aab128000 r--p 00106000 08:08 5771512                    /lib/x86_64-linux-gnu/libm-2.21.so
7f9aab128000-7f9aab129000 rw-p 00107000 08:08 5771512                    /lib/x86_64-linux-gnu/libm-2.21.so
7f9aab129000-7f9aabd93000 r-xp 00000000 08:08 2628982                    /home/hijj/software/javaAndroid/jdk/jdk8/jre/lib/amd64/server/libjvm.so
7f9aabd93000-7f9aabf92000 ---p 00c6a000 08:08 2628982                    /home/hijj/software/javaAndroid/jdk/jdk8/jre/lib/amd64/server/libjvm.so
7f9aabf92000-7f9aac069000 rw-p 00c69000 08:08 2628982                    /home/hijj/software/javaAndroid/jdk/jdk8/jre/lib/amd64/server/libjvm.so
7f9aac069000-7f9aac0ab000 rw-p 00000000 00:00 0 
7f9aac0ab000-7f9aac26b000 r-xp 00000000 08:08 5771453                    /lib/x86_64-linux-gnu/libc-2.21.so
7f9aac26b000-7f9aac46b000 ---p 001c0000 08:08 5771453                    /lib/x86_64-linux-gnu/libc-2.21.so
7f9aac46b000-7f9aac46f000 r--p 001c0000 08:08 5771453                    /lib/x86_64-linux-gnu/libc-2.21.so
7f9aac46f000-7f9aac471000 rw-p 001c4000 08:08 5771453                    /lib/x86_64-linux-gnu/libc-2.21.so
7f9aac471000-7f9aac475000 rw-p 00000000 00:00 0 
7f9aac475000-7f9aac478000 r-xp 00000000 08:08 5771470                    /lib/x86_64-linux-gnu/libdl-2.21.so
7f9aac478000-7f9aac677000 ---p 00003000 08:08 5771470                    /lib/x86_64-linux-gnu/libdl-2.21.so
7f9aac677000-7f9aac678000 r--p 00002000 08:08 5771470                    /lib/x86_64-linux-gnu/libdl-2.21.so
7f9aac678000-7f9aac679000 rw-p 00003000 08:08 5771470                    /lib/x86_64-linux-gnu/libdl-2.21.so
7f9aac679000-7f9aac68e000 r-xp 00000000 08:08 2628623                    /home/hijj/software/javaAndroid/jdk/jdk8/lib/amd64/jli/libjli.so
7f9aac68e000-7f9aac88d000 ---p 00015000 08:08 2628623                    /home/hijj/software/javaAndroid/jdk/jdk8/lib/amd64/jli/libjli.so
7f9aac88d000-7f9aac88e000 rw-p 00014000 08:08 2628623                    /home/hijj/software/javaAndroid/jdk/jdk8/lib/amd64/jli/libjli.so
7f9aac88e000-7f9aac8a6000 r-xp 00000000 08:08 5771586                    /lib/x86_64-linux-gnu/libpthread-2.21.so
7f9aac8a6000-7f9aacaa6000 ---p 00018000 08:08 5771586                    /lib/x86_64-linux-gnu/libpthread-2.21.so
7f9aacaa6000-7f9aacaa7000 r--p 00018000 08:08 5771586                    /lib/x86_64-linux-gnu/libpthread-2.21.so
7f9aacaa7000-7f9aacaa8000 rw-p 00019000 08:08 5771586                    /lib/x86_64-linux-gnu/libpthread-2.21.so
7f9aacaa8000-7f9aacaac000 rw-p 00000000 00:00 0 
7f9aacaac000-7f9aacad0000 r-xp 00000000 08:08 5771425                    /lib/x86_64-linux-gnu/ld-2.21.so
7f9aacad6000-7f9aacbae000 rw-p 00000000 00:00 0 
7f9aacbae000-7f9aacbb1000 ---p 00000000 00:00 0 
7f9aacbb1000-7f9aaccb3000 rw-p 00000000 00:00 0                          [stack:10160]
7f9aaccb6000-7f9aaccb9000 rw-p 00000000 00:00 0 
7f9aaccb9000-7f9aaccc3000 r--s 00116000 08:08 2628866                    /home/hijj/software/javaAndroid/jdk/jdk8/jre/lib/ext/localedata.jar
7f9aaccc3000-7f9aacccb000 rw-s 00000000 08:08 1574295                    /tmp/hsperfdata_hijj/10154
7f9aacccb000-7f9aacccc000 rw-p 00000000 00:00 0 
7f9aacccc000-7f9aacccd000 r--p 00000000 00:00 0 
7f9aacccd000-7f9aacccf000 rw-p 00000000 00:00 0 
7f9aacccf000-7f9aaccd0000 r--p 00023000 08:08 5771425                    /lib/x86_64-linux-gnu/ld-2.21.so
7f9aaccd0000-7f9aaccd1000 rw-p 00024000 08:08 5771425                    /lib/x86_64-linux-gnu/ld-2.21.so
7f9aaccd1000-7f9aaccd2000 rw-p 00000000 00:00 0 
7ffe091e1000-7ffe09202000 rw-p 00000000 00:00 0                          [stack]
7ffe093b3000-7ffe093b5000 r--p 00000000 00:00 0                          [vvar]
7ffe093b5000-7ffe093b7000 r-xp 00000000 00:00 0                          [vdso]
ffffffffff600000-ffffffffff601000 r-xp 00000000 00:00 0                  [vsyscall]

VM Arguments:
jvm_args: -agentlib:jdwp=transport=dt_socket,suspend=y,address=localhost:35063 -Dfile.encoding=UTF-8 
java_command: learning.ks8.MainTest
java_class_path (initial): /media/hijj/娱乐/github/repositories/ACM/Java/bin
Launcher Type: SUN_STANDARD

Environment Variables:
JAVA_HOME=/home/hijj/software/javaAndroid/jdk/jdk8
JRE_HOME=/home/hijj/software/javaAndroid/jdk/jdk8/jre
CLASSPATH=.:/home/hijj/software/javaAndroid/jdk/jdk8/lib:/home/hijj/software/javaAndroid/jdk/jdk8/jre/lib:.:$JAVA_HOME/lib:$JAVA_HOME/jre/lib
PATH=/home/hijj/software/javaAndroid/sdk/android-sdk-linux/tools:/home/hijj/software/javaAndroid/sdk/android-sdk-linux/platform-tools:/home/hijj/software/javaAndroid/jdk/jdk8/bin:/home/hijj/software/javaAndroid/jdk/jdk8/jre/bin:/usr/local/sbin:/usr/local/bin:/usr/sbin:/usr/bin:/sbin:/bin:/usr/games:/usr/local/games:$JAVA_HOME/bin:$ANDROID_PATH/tools:$ANDROID_PATH/platform-tools
SHELL=/bin/bash
DISPLAY=:0

Signal Handlers:
SIGSEGV: [libjvm.so+0xa77530], sa_mask[0]=11111111011111111101111111111110, sa_flags=SA_RESTART|SA_SIGINFO
SIGBUS: [libjvm.so+0xa77530], sa_mask[0]=11111111011111111101111111111110, sa_flags=SA_RESTART|SA_SIGINFO
SIGFPE: [libjvm.so+0x8e1d90], sa_mask[0]=11111111011111111101111111111110, sa_flags=SA_RESTART|SA_SIGINFO
SIGPIPE: [libjvm.so+0x8e1d90], sa_mask[0]=11111111011111111101111111111110, sa_flags=SA_RESTART|SA_SIGINFO
SIGXFSZ: [libjvm.so+0x8e1d90], sa_mask[0]=11111111011111111101111111111110, sa_flags=SA_RESTART|SA_SIGINFO
SIGILL: [libjvm.so+0x8e1d90], sa_mask[0]=11111111011111111101111111111110, sa_flags=SA_RESTART|SA_SIGINFO
SIGUSR1: SIG_DFL, sa_mask[0]=00000000000000000000000000000000, sa_flags=none
SIGUSR2: [libjvm.so+0x8e35c0], sa_mask[0]=00100000000000000000000000000000, sa_flags=SA_RESTART|SA_SIGINFO
SIGHUP: [libjvm.so+0x8e4980], sa_mask[0]=11111111011111111101111111111110, sa_flags=SA_RESTART|SA_SIGINFO
SIGINT: [libjvm.so+0x8e4980], sa_mask[0]=11111111011111111101111111111110, sa_flags=SA_RESTART|SA_SIGINFO
SIGTERM: [libjvm.so+0x8e4980], sa_mask[0]=11111111011111111101111111111110, sa_flags=SA_RESTART|SA_SIGINFO
SIGQUIT: [libjvm.so+0x8e4980], sa_mask[0]=11111111011111111101111111111110, sa_flags=SA_RESTART|SA_SIGINFO


---------------  S Y S T E M  ---------------

OS:DISTRIB_ID=Ubuntu
DISTRIB_RELEASE=15.04
DISTRIB_CODENAME=vivid
DISTRIB_DESCRIPTION="Ubuntu 15.04"

uname:Linux 3.19.0-30-generic #34-Ubuntu SMP Fri Oct 2 22:08:41 UTC 2015 x86_64
libc:glibc 2.21 NPTL 2.21 
rlimit: STACK 8192k, CORE 0k, NPROC 15002, NOFILE 65536, AS infinity
load average:0.09 0.13 0.31

/proc/meminfo:
MemTotal:        3863036 kB
MemFree:          353460 kB
MemAvailable:     791632 kB
Buffers:           63368 kB
Cached:           779248 kB
SwapCached:        42520 kB
Active:          1942904 kB
Inactive:        1293552 kB
Active(anon):    1643540 kB
Inactive(anon):  1023572 kB
Active(file):     299364 kB
Inactive(file):   269980 kB
Unevictable:          48 kB
Mlocked:              48 kB
SwapTotal:       4005884 kB
SwapFree:        3440932 kB
Dirty:              1116 kB
Writeback:             0 kB
AnonPages:       2367972 kB
Mapped:           219304 kB
Shmem:            273264 kB
Slab:             123556 kB
SReclaimable:      75540 kB
SUnreclaim:        48016 kB
KernelStack:       40320 kB
PageTables:        54564 kB
NFS_Unstable:          0 kB
Bounce:                0 kB
WritebackTmp:          0 kB
CommitLimit:     5937400 kB
Committed_AS:   16193952 kB
VmallocTotal:   34359738367 kB
VmallocUsed:      378088 kB
VmallocChunk:   34359320912 kB
HardwareCorrupted:     0 kB
AnonHugePages:   1339392 kB
CmaTotal:              0 kB
CmaFree:               0 kB
HugePages_Total:       0
HugePages_Free:        0
HugePages_Rsvd:        0
HugePages_Surp:        0
Hugepagesize:       2048 kB
DirectMap4k:      185084 kB
DirectMap2M:     3823616 kB


CPU:total 4 (2 cores per cpu, 2 threads per core) family 6 model 58 stepping 9, cmov, cx8, fxsr, mmx, sse, sse2, sse3, ssse3, sse4.1, sse4.2, popcnt, avx, aes, clmul, erms, ht, tsc, tscinvbit, tscinv

/proc/cpuinfo:
processor	: 0
vendor_id	: GenuineIntel
cpu family	: 6
model		: 58
model name	: Intel(R) Core(TM) i5-3230M CPU @ 2.60GHz
stepping	: 9
microcode	: 0x17
cpu MHz		: 2999.953
cache size	: 3072 KB
physical id	: 0
siblings	: 4
core id		: 0
cpu cores	: 2
apicid		: 0
initial apicid	: 0
fpu		: yes
fpu_exception	: yes
cpuid level	: 13
wp		: yes
flags		: fpu vme de pse tsc msr pae mce cx8 apic sep mtrr pge mca cmov pat pse36 clflush dts acpi mmx fxsr sse sse2 ss ht tm pbe syscall nx rdtscp lm constant_tsc arch_perfmon pebs bts rep_good nopl xtopology nonstop_tsc aperfmperf eagerfpu pni pclmulqdq dtes64 monitor ds_cpl vmx est tm2 ssse3 cx16 xtpr pdcm pcid sse4_1 sse4_2 x2apic popcnt tsc_deadline_timer aes xsave avx f16c rdrand lahf_lm ida arat epb pln pts dtherm tpr_shadow vnmi flexpriority ept vpid fsgsbase smep erms xsaveopt
bugs		:
bogomips	: 5188.00
clflush size	: 64
cache_alignment	: 64
address sizes	: 36 bits physical, 48 bits virtual
power management:

processor	: 1
vendor_id	: GenuineIntel
cpu family	: 6
model		: 58
model name	: Intel(R) Core(TM) i5-3230M CPU @ 2.60GHz
stepping	: 9
microcode	: 0x17
cpu MHz		: 2999.953
cache size	: 3072 KB
physical id	: 0
siblings	: 4
core id		: 0
cpu cores	: 2
apicid		: 1
initial apicid	: 1
fpu		: yes
fpu_exception	: yes
cpuid level	: 13
wp		: yes
flags		: fpu vme de pse tsc msr pae mce cx8 apic sep mtrr pge mca cmov pat pse36 clflush dts acpi mmx fxsr sse sse2 ss ht tm pbe syscall nx rdtscp lm constant_tsc arch_perfmon pebs bts rep_good nopl xtopology nonstop_tsc aperfmperf eagerfpu pni pclmulqdq dtes64 monitor ds_cpl vmx est tm2 ssse3 cx16 xtpr pdcm pcid sse4_1 sse4_2 x2apic popcnt tsc_deadline_timer aes xsave avx f16c rdrand lahf_lm ida arat epb pln pts dtherm tpr_shadow vnmi flexpriority ept vpid fsgsbase smep erms xsaveopt
bugs		:
bogomips	: 5188.00
clflush size	: 64
cache_alignment	: 64
address sizes	: 36 bits physical, 48 bits virtual
power management:

processor	: 2
vendor_id	: GenuineIntel
cpu family	: 6
model		: 58
model name	: Intel(R) Core(TM) i5-3230M CPU @ 2.60GHz
stepping	: 9
microcode	: 0x17
cpu MHz		: 2999.953
cache size	: 3072 KB
physical id	: 0
siblings	: 4
core id		: 1
cpu cores	: 2
apicid		: 2
initial apicid	: 2
fpu		: yes
fpu_exception	: yes
cpuid level	: 13
wp		: yes
flags		: fpu vme de pse tsc msr pae mce cx8 apic sep mtrr pge mca cmov pat pse36 clflush dts acpi mmx fxsr sse sse2 ss ht tm pbe syscall nx rdtscp lm constant_tsc arch_perfmon pebs bts rep_good nopl xtopology nonstop_tsc aperfmperf eagerfpu pni pclmulqdq dtes64 monitor ds_cpl vmx est tm2 ssse3 cx16 xtpr pdcm pcid sse4_1 sse4_2 x2apic popcnt tsc_deadline_timer aes xsave avx f16c rdrand lahf_lm ida arat epb pln pts dtherm tpr_shadow vnmi flexpriority ept vpid fsgsbase smep erms xsaveopt
bugs		:
bogomips	: 5188.00
clflush size	: 64
cache_alignment	: 64
address sizes	: 36 bits physical, 48 bits virtual
power management:

processor	: 3
vendor_id	: GenuineIntel
cpu family	: 6
model		: 58
model name	: Intel(R) Core(TM) i5-3230M CPU @ 2.60GHz
stepping	: 9
microcode	: 0x17
cpu MHz		: 2999.953
cache size	: 3072 KB
physical id	: 0
siblings	: 4
core id		: 1
cpu cores	: 2
apicid		: 3
initial apicid	: 3
fpu		: yes
fpu_exception	: yes
cpuid level	: 13
wp		: yes
flags		: fpu vme de pse tsc msr pae mce cx8 apic sep mtrr pge mca cmov pat pse36 clflush dts acpi mmx fxsr sse sse2 ss ht tm pbe syscall nx rdtscp lm constant_tsc arch_perfmon pebs bts rep_good nopl xtopology nonstop_tsc aperfmperf eagerfpu pni pclmulqdq dtes64 monitor ds_cpl vmx est tm2 ssse3 cx16 xtpr pdcm pcid sse4_1 sse4_2 x2apic popcnt tsc_deadline_timer aes xsave avx f16c rdrand lahf_lm ida arat epb pln pts dtherm tpr_shadow vnmi flexpriority ept vpid fsgsbase smep erms xsaveopt
bugs		:
bogomips	: 5188.00
clflush size	: 64
cache_alignment	: 64
address sizes	: 36 bits physical, 48 bits virtual
power management:



Memory: 4k page, physical 3863036k(353460k free), swap 4005884k(3440932k free)

vm_info: Java HotSpot(TM) 64-Bit Server VM (25.20-b23) for linux-amd64 JRE (1.8.0_20-b26), built on Jul 30 2014 13:13:52 by "java_re" with gcc 4.3.0 20080428 (Red Hat 4.3.0-8)

time: Thu Oct 22 00:10:19 2015
elapsed time: 3080 seconds (0d 0h 51m 20s)

