#
# A fatal error has been detected by the Java Runtime Environment:
#
#  SIGSEGV (0xb) at pc=0x00007f4da8000078, pid=9344, tid=139972111759104
#
# JRE version: Java(TM) SE Runtime Environment (8.0_20-b26) (build 1.8.0_20-b26)
# Java VM: Java HotSpot(TM) 64-Bit Server VM (25.20-b23 mixed mode linux-amd64 compressed oops)
# Problematic frame:
# C  0x00007f4da8000078
#
# Failed to write core dump. Core dumps have been disabled. To enable core dumping, try "ulimit -c unlimited" before starting Java again
#
# If you would like to submit a bug report, please visit:
#   http://bugreport.sun.com/bugreport/crash.jsp
#

---------------  T H R E A D  ---------------

Current thread (0x00007f4de00ba800):  JavaThread "JDWP Transport Listener: dt_socket" daemon [_thread_in_vm, id=9387, stack(0x00007f4dcbeff000,0x00007f4dcc000000)]

siginfo: si_signo: 11 (SIGSEGV), si_code: 2 (SEGV_ACCERR), si_addr: 0x00007f4da8000078

Registers:
RAX=0x00007f4da800bfb0, RBX=0x00007f4da8000088, RCX=0x00007f4de95c7340, RDX=0x00007f4de8ba0fe0
RSP=0x00007f4dcbffea48, RBP=0x00007f4dcbffea60, RSI=0x00007f4de00ba800, RDI=0x00007f4da8000088
R8 =0x00007f4da800d160, R9 =0x0000000000000000, R10=0x0000000000000020, R11=0x00007f4de8d62230
R12=0x0000000000000017, R13=0x00007f4da8000098, R14=0x00007f4de00ba800, R15=0x00007f4dcbffeb67
RIP=0x00007f4da8000078, EFLAGS=0x0000000000010202, CSGSFS=0x0000000000000033, ERR=0x0000000000000015
  TRAPNO=0x000000000000000e

Top of Stack: (sp=0x00007f4dcbffea48)
0x00007f4dcbffea48:   00007f4de84bc1a7 0000000000000074
0x00007f4dcbffea58:   00007f4de00036a0 00007f4dcbffead0
0x00007f4dcbffea68:   00007f4de835178e 00007f4da800d160
0x00007f4dcbffea78:   00007f4dcbffea80 00007f4de00ba800
0x00007f4dcbffea88:   0000000000000000 00007f4d00000000
0x00007f4dcbffea98:   0000000000000000 00007f4dcbffeac0
0x00007f4dcbffeaa8:   00007f4de72fdd60 00007f4da8000098
0x00007f4dcbffeab8:   00007f4dcbffeb67 0000000000000007
0x00007f4dcbffeac8:   00007f4dcbffeb67 00007f4dcbffeb00
0x00007f4dcbffead8:   00007f4de70e9872 00007f4dcbffeb00
0x00007f4dcbffeae8:   00007f4da8000098 00007f4dcbffebd0
0x00007f4dcbffeaf8:   0000000000000038 00007f4dcbffeb90
0x00007f4dcbffeb08:   00007f4de70caa60 00007f4dcbffeb48
0x00007f4dcbffeb18:   00007f4dcbffeb40 00007f4dcbffeb38
0x00007f4dcbffeb28:   00007f4dcbffeb5c 00000001a8002ed0
0x00007f4dcbffeb38:   0000000000000000 0000000000000000
0x00007f4dcbffeb48:   0000000000000000 00007f4da80099e0
0x00007f4dcbffeb58:   0000000acbffebd0 0000000000000008
0x00007f4dcbffeb68:   0000000000000002 000000000000000f
0x00007f4dcbffeb78:   0000000000000002 00000000000f0200
0x00007f4dcbffeb88:   000000000000000f 00007f4dcbffede0
0x00007f4dcbffeb98:   00007f4de70d5976 0001d7a300000013
0x00007f4dcbffeba8:   00007f4de80f0200 00007f4da0000ba0
0x00007f4dcbffebb8:   0000000000000000 00007f4dcbffebd0
0x00007f4dcbffebc8:   00007f4dcbffed60 00007f4da800bd81
0x00007f4dcbffebd8:   00007f4d00000237 00007f4da800d180
0x00007f4dcbffebe8:   000000000000012c 00007f4dcbffec20
0x00007f4dcbffebf8:   00007f4da800d180 00007f0000000000
0x00007f4dcbffec08:   0001d7a30000001c 00007f4d0000ed80
0x00007f4dcbffec18:   00007f4dcbffec20 4d7f000008000000
0x00007f4dcbffec28:   06000000985e00a8 00003e74696e693c
0x00007f4dcbffec38:   0000005629280300 7f00000100000000 

Instructions: (pc=0x00007f4da8000078)
0x00007f4da8000058:   00 00 00 00 00 00 00 00 00 00 00 00 00 00 00 00
0x00007f4da8000068:   00 00 00 00 00 00 00 00 00 00 00 00 00 00 00 00
0x00007f4da8000078:   30 da 00 a8 4d 7f 00 00 b0 bf 00 a8 4d 7f 00 00
0x00007f4da8000088:   b0 bf 00 a8 4d 7f 00 00 b0 bf 00 a8 4d 7f 00 00 

Register to memory mapping:

RAX=0x00007f4da800bfb0 is an unknown value
RBX=0x00007f4da8000088 is an unknown value
RCX=0x00007f4de95c7340: <offset 0x219340> in /lib/x86_64-linux-gnu/libpthread.so.0 at 0x00007f4de93ae000
RDX=0x00007f4de8ba0fe0: <offset 0xf57fe0> in /home/hijj/software/javaAndroid/jdk/jdk8/jre/lib/amd64/server/libjvm.so at 0x00007f4de7c49000
RSP=0x00007f4dcbffea48 is pointing into the stack for thread: 0x00007f4de00ba800
RBP=0x00007f4dcbffea60 is pointing into the stack for thread: 0x00007f4de00ba800
RSI=0x00007f4de00ba800 is a thread
RDI=0x00007f4da8000088 is an unknown value
R8 =0x00007f4da800d160 is an unknown value
R9 =0x0000000000000000 is an unknown value
R10=0x0000000000000020 is an unknown value
R11=0x00007f4de8d62230: <offset 0x197230> in /lib/x86_64-linux-gnu/libc.so.6 at 0x00007f4de8bcb000
R12=0x0000000000000017 is an unknown value
R13=0x00007f4da8000098 is an unknown value
R14=0x00007f4de00ba800 is a thread
R15=0x00007f4dcbffeb67 is pointing into the stack for thread: 0x00007f4de00ba800


Stack: [0x00007f4dcbeff000,0x00007f4dcc000000],  sp=0x00007f4dcbffea48,  free space=1022k
Native frames: (J=compiled Java code, j=interpreted, Vv=VM code, C=native code)
C  0x00007f4da8000078
V  [libjvm.so+0x70878e]  jvmti_IsMethodSynthetic+0x29e
C  [libjdwp.so+0x25872]  isMethodSynthetic+0x42
C  [libjdwp.so+0x6a60]  methods1+0x1b0
C  [libjdwp.so+0x11976]  debugLoop_run+0x2b6
C  [libjdwp.so+0x247af]  attachThread+0x2f
V  [libjvm.so+0x7744f2]  JvmtiAgentThread::call_start_function()+0xc2
V  [libjvm.so+0xa2990f]  JavaThread::thread_main_inner()+0xdf
V  [libjvm.so+0xa29a3c]  JavaThread::run()+0x11c
V  [libjvm.so+0x8e75f8]  java_start(Thread*)+0x108
C  [libpthread.so.0+0x76aa]  start_thread+0xca


---------------  P R O C E S S  ---------------

Java Threads: ( => current thread )
  0x00007f4de00da800 JavaThread "Service Thread" daemon [_thread_blocked, id=9521, stack(0x00007f4dcb8f9000,0x00007f4dcb9fa000)]
  0x00007f4de00c5000 JavaThread "C1 CompilerThread2" daemon [_thread_blocked, id=9520, stack(0x00007f4dcb9fa000,0x00007f4dcbafb000)]
  0x00007f4de00c3000 JavaThread "C2 CompilerThread1" daemon [_thread_blocked, id=9519, stack(0x00007f4dcbafb000,0x00007f4dcbbfc000)]
  0x00007f4de00c0800 JavaThread "C2 CompilerThread0" daemon [_thread_blocked, id=9518, stack(0x00007f4dcbbfc000,0x00007f4dcbcfd000)]
  0x00007f4da8001000 JavaThread "JDWP Command Reader" daemon [_thread_in_native, id=9389, stack(0x00007f4dcbcfd000,0x00007f4dcbdfe000)]
  0x00007f4de00be000 JavaThread "JDWP Event Helper Thread" daemon [_thread_blocked, id=9388, stack(0x00007f4dcbdfe000,0x00007f4dcbeff000)]
=>0x00007f4de00ba800 JavaThread "JDWP Transport Listener: dt_socket" daemon [_thread_in_vm, id=9387, stack(0x00007f4dcbeff000,0x00007f4dcc000000)]
  0x00007f4de00ad000 JavaThread "Signal Dispatcher" daemon [_thread_blocked, id=9383, stack(0x00007f4dd02b1000,0x00007f4dd03b2000)]
  0x00007f4de007f000 JavaThread "Finalizer" daemon [_thread_blocked, id=9369, stack(0x00007f4dd03b2000,0x00007f4dd04b3000)]
  0x00007f4de007d000 JavaThread "Reference Handler" daemon [_thread_blocked, id=9366, stack(0x00007f4dd04b3000,0x00007f4dd05b4000)]
  0x00007f4de000c000 JavaThread "main" [_thread_blocked, id=9349, stack(0x00007f4de96ce000,0x00007f4de97cf000)]

Other Threads:
  0x00007f4de0075800 VMThread [stack: 0x00007f4dd05b4000,0x00007f4dd06b5000] [id=9365]
  0x00007f4de00dd000 WatcherThread [stack: 0x00007f4dcb7f8000,0x00007f4dcb8f9000] [id=9522]

VM state:not at safepoint (normal execution)

VM Mutex/Monitor currently owned by a thread: None

Heap:
 PSYoungGen      total 17920K, used 2151K [0x00000000ec580000, 0x00000000ed980000, 0x0000000100000000)
  eden space 15360K, 14% used [0x00000000ec580000,0x00000000ec799fe8,0x00000000ed480000)
  from space 2560K, 0% used [0x00000000ed700000,0x00000000ed700000,0x00000000ed980000)
  to   space 2560K, 0% used [0x00000000ed480000,0x00000000ed480000,0x00000000ed700000)
 ParOldGen       total 40960K, used 0K [0x00000000c5000000, 0x00000000c7800000, 0x00000000ec580000)
  object space 40960K, 0% used [0x00000000c5000000,0x00000000c5000000,0x00000000c7800000)
 Metaspace       used 4129K, capacity 5226K, committed 5376K, reserved 1056768K
  class space    used 421K, capacity 466K, committed 512K, reserved 1048576K

Card table byte_map: [0x00007f4de57ef000,0x00007f4de59c8000] byte_map_base: 0x00007f4de51c7000

Marking Bits: (ParMarkBitMap*) 0x00007f4de8ba0ac0
 Begin Bits: [0x00007f4dc2280000, 0x00007f4dc3140000)
 End Bits:   [0x00007f4dc3140000, 0x00007f4dc4000000)

Polling page: 0x00007f4de97ec000

CodeCache: size=245760Kb used=1210Kb max_used=1210Kb free=244549Kb
 bounds [0x00007f4dd1000000, 0x00007f4dd1270000, 0x00007f4de0000000]
 total_blobs=317 nmethods=80 adapters=160
 compilation: enabled

Compilation events (10 events):
Event: 0.675 Thread 0x00007f4de00c5000   76       3       java.lang.Character::isBmpCodePoint (13 bytes)
Event: 0.675 Thread 0x00007f4de00c5000 nmethod 76 0x00007f4dd112dad0 code [0x00007f4dd112dc40, 0x00007f4dd112ddd0]
Event: 0.675 Thread 0x00007f4de00c5000   77       3       java.util.regex.Pattern::next (33 bytes)
Event: 0.675 Thread 0x00007f4de00c5000 nmethod 77 0x00007f4dd112de50 code [0x00007f4dd112dfe0, 0x00007f4dd112e2a8]
Event: 0.675 Thread 0x00007f4de00c5000   78       1       java.util.regex.Pattern::flags (5 bytes)
Event: 0.675 Thread 0x00007f4de00c5000 nmethod 78 0x00007f4dd112e3d0 code [0x00007f4dd112e520, 0x00007f4dd112e630]
Event: 5.931 Thread 0x00007f4de00c5000   79       1       java.nio.Buffer::position (5 bytes)
Event: 5.932 Thread 0x00007f4de00c5000 nmethod 79 0x00007f4dd112e690 code [0x00007f4dd112e7e0, 0x00007f4dd112e8f0]
Event: 5.932 Thread 0x00007f4de00c5000   80       3       java.util.concurrent.ConcurrentHashMap$Node::<init> (26 bytes)
Event: 5.932 Thread 0x00007f4de00c5000 nmethod 80 0x00007f4dd112e950 code [0x00007f4dd112eac0, 0x00007f4dd112ecb0]

GC Heap History (0 events):
No events

Deoptimization events (0 events):
No events

Internal exceptions (10 events):
Event: 0.654 Thread 0x00007f4de000c000 Exception <a 'java/security/PrivilegedActionException'> (0x00000000ec72dab8) thrown at [/HUDSON/workspace/8-2-build-linux-amd64/jdk8u20/1074/hotspot/src/share/vm/prims/jvm.cpp, line 1275]
Event: 0.655 Thread 0x00007f4de000c000 Exception <a 'java/security/PrivilegedActionException'> (0x00000000ec7304d8) thrown at [/HUDSON/workspace/8-2-build-linux-amd64/jdk8u20/1074/hotspot/src/share/vm/prims/jvm.cpp, line 1275]
Event: 0.656 Thread 0x00007f4de000c000 Exception <a 'java/security/PrivilegedActionException'> (0x00000000ec731878) thrown at [/HUDSON/workspace/8-2-build-linux-amd64/jdk8u20/1074/hotspot/src/share/vm/prims/jvm.cpp, line 1275]
Event: 0.664 Thread 0x00007f4de000c000 Exception <a 'java/security/PrivilegedActionException'> (0x00000000ec745618) thrown at [/HUDSON/workspace/8-2-build-linux-amd64/jdk8u20/1074/hotspot/src/share/vm/prims/jvm.cpp, line 1275]
Event: 0.664 Thread 0x00007f4de000c000 Exception <a 'java/security/PrivilegedActionException'> (0x00000000ec746ab0) thrown at [/HUDSON/workspace/8-2-build-linux-amd64/jdk8u20/1074/hotspot/src/share/vm/prims/jvm.cpp, line 1275]
Event: 0.667 Thread 0x00007f4de000c000 Exception <a 'java/security/PrivilegedActionException'> (0x00000000ec7540b8) thrown at [/HUDSON/workspace/8-2-build-linux-amd64/jdk8u20/1074/hotspot/src/share/vm/prims/jvm.cpp, line 1275]
Event: 0.667 Thread 0x00007f4de000c000 Exception <a 'java/security/PrivilegedActionException'> (0x00000000ec755778) thrown at [/HUDSON/workspace/8-2-build-linux-amd64/jdk8u20/1074/hotspot/src/share/vm/prims/jvm.cpp, line 1275]
Event: 0.668 Thread 0x00007f4de000c000 Exception <a 'java/security/PrivilegedActionException'> (0x00000000ec757e18) thrown at [/HUDSON/workspace/8-2-build-linux-amd64/jdk8u20/1074/hotspot/src/share/vm/prims/jvm.cpp, line 1275]
Event: 0.668 Thread 0x00007f4de000c000 Exception <a 'java/security/PrivilegedActionException'> (0x00000000ec7594f8) thrown at [/HUDSON/workspace/8-2-build-linux-amd64/jdk8u20/1074/hotspot/src/share/vm/prims/jvm.cpp, line 1275]
Event: 5.932 Thread 0x00007f4de000c000 Exception <a 'java/security/PrivilegedActionException'> (0x00000000ec772510) thrown at [/HUDSON/workspace/8-2-build-linux-amd64/jdk8u20/1074/hotspot/src/share/vm/prims/jvm.cpp, line 1275]

Events (10 events):
Event: 2414.902 Executing VM operation: ChangeBreakpoints
Event: 2414.903 Executing VM operation: ChangeBreakpoints done
Event: 2414.905 Executing VM operation: ChangeBreakpoints
Event: 2414.905 Executing VM operation: ChangeBreakpoints done
Event: 2414.907 Executing VM operation: ChangeBreakpoints
Event: 2414.907 Executing VM operation: ChangeBreakpoints done
Event: 2414.907 Executing VM operation: ChangeBreakpoints
Event: 2414.907 Executing VM operation: ChangeBreakpoints done
Event: 3213.367 Executing VM operation: RedefineClasses
Event: 3213.368 Executing VM operation: RedefineClasses done


Dynamic libraries:
00400000-00401000 r-xp 00000000 08:08 2622385                            /home/hijj/software/javaAndroid/jdk/jdk8/bin/java
00600000-00601000 rw-p 00000000 08:08 2622385                            /home/hijj/software/javaAndroid/jdk/jdk8/bin/java
01804000-01825000 rw-p 00000000 00:00 0                                  [heap]
c5000000-c7800000 rw-p 00000000 00:00 0 
c7800000-ec580000 ---p 00000000 00:00 0 
ec580000-ed980000 rw-p 00000000 00:00 0 
ed980000-100000000 ---p 00000000 00:00 0 
100000000-100080000 rw-p 00000000 00:00 0 
100080000-140000000 ---p 00000000 00:00 0 
7f4d84000000-7f4d84021000 rw-p 00000000 00:00 0 
7f4d84021000-7f4d88000000 ---p 00000000 00:00 0 
7f4d8c000000-7f4d8c084000 rw-p 00000000 00:00 0 
7f4d8c084000-7f4d90000000 ---p 00000000 00:00 0 
7f4d90000000-7f4d90021000 rw-p 00000000 00:00 0 
7f4d90021000-7f4d94000000 ---p 00000000 00:00 0 
7f4d94000000-7f4d94046000 rw-p 00000000 00:00 0 
7f4d94046000-7f4d98000000 ---p 00000000 00:00 0 
7f4d98000000-7f4d98021000 rw-p 00000000 00:00 0 
7f4d98021000-7f4d9c000000 ---p 00000000 00:00 0 
7f4d9c000000-7f4d9c021000 rw-p 00000000 00:00 0 
7f4d9c021000-7f4da0000000 ---p 00000000 00:00 0 
7f4da0000000-7f4da0021000 rw-p 00000000 00:00 0 
7f4da0021000-7f4da4000000 ---p 00000000 00:00 0 
7f4da4000000-7f4da4021000 rw-p 00000000 00:00 0 
7f4da4021000-7f4da8000000 ---p 00000000 00:00 0 
7f4da8000000-7f4da8027000 rw-p 00000000 00:00 0 
7f4da8027000-7f4dac000000 ---p 00000000 00:00 0 
7f4dac000000-7f4dac021000 rw-p 00000000 00:00 0 
7f4dac021000-7f4db0000000 ---p 00000000 00:00 0 
7f4db0000000-7f4db0021000 rw-p 00000000 00:00 0 
7f4db0021000-7f4db4000000 ---p 00000000 00:00 0 
7f4db4000000-7f4db4021000 rw-p 00000000 00:00 0 
7f4db4021000-7f4db8000000 ---p 00000000 00:00 0 
7f4db8000000-7f4db8021000 rw-p 00000000 00:00 0 
7f4db8021000-7f4dbc000000 ---p 00000000 00:00 0 
7f4dbc000000-7f4dbc021000 rw-p 00000000 00:00 0 
7f4dbc021000-7f4dc0000000 ---p 00000000 00:00 0 
7f4dc2280000-7f4dc4000000 rw-p 00000000 00:00 0 
7f4dc4000000-7f4dc4021000 rw-p 00000000 00:00 0 
7f4dc4021000-7f4dc8000000 ---p 00000000 00:00 0 
7f4dcb583000-7f4dcb7f8000 rw-p 00000000 00:00 0 
7f4dcb7f8000-7f4dcb7f9000 ---p 00000000 00:00 0 
7f4dcb7f9000-7f4dcb8f9000 rw-p 00000000 00:00 0                          [stack:9522]
7f4dcb8f9000-7f4dcb8fc000 ---p 00000000 00:00 0 
7f4dcb8fc000-7f4dcb9fa000 rw-p 00000000 00:00 0                          [stack:9521]
7f4dcb9fa000-7f4dcb9fd000 ---p 00000000 00:00 0 
7f4dcb9fd000-7f4dcbafb000 rw-p 00000000 00:00 0                          [stack:9520]
7f4dcbafb000-7f4dcbafe000 ---p 00000000 00:00 0 
7f4dcbafe000-7f4dcbbfc000 rw-p 00000000 00:00 0                          [stack:9519]
7f4dcbbfc000-7f4dcbbff000 ---p 00000000 00:00 0 
7f4dcbbff000-7f4dcbcfd000 rw-p 00000000 00:00 0                          [stack:9518]
7f4dcbcfd000-7f4dcbd00000 ---p 00000000 00:00 0 
7f4dcbd00000-7f4dcbdfe000 rw-p 00000000 00:00 0                          [stack:9389]
7f4dcbdfe000-7f4dcbe01000 ---p 00000000 00:00 0 
7f4dcbe01000-7f4dcbeff000 rw-p 00000000 00:00 0                          [stack:9388]
7f4dcbeff000-7f4dcbf02000 ---p 00000000 00:00 0 
7f4dcbf02000-7f4dcc000000 rw-p 00000000 00:00 0                          [stack:9387]
7f4dcc000000-7f4dcc021000 rw-p 00000000 00:00 0 
7f4dcc021000-7f4dd0000000 ---p 00000000 00:00 0 
7f4dd0091000-7f4dd00ad000 r--s 00393000 08:08 2628860                    /home/hijj/software/javaAndroid/jdk/jdk8/jre/lib/ext/cldrdata.jar
7f4dd00ad000-7f4dd00b1000 r-xp 00000000 08:08 2628974                    /home/hijj/software/javaAndroid/jdk/jdk8/jre/lib/amd64/libdt_socket.so
7f4dd00b1000-7f4dd02b0000 ---p 00004000 08:08 2628974                    /home/hijj/software/javaAndroid/jdk/jdk8/jre/lib/amd64/libdt_socket.so
7f4dd02b0000-7f4dd02b1000 rw-p 00003000 08:08 2628974                    /home/hijj/software/javaAndroid/jdk/jdk8/jre/lib/amd64/libdt_socket.so
7f4dd02b1000-7f4dd02b4000 ---p 00000000 00:00 0 
7f4dd02b4000-7f4dd03b2000 rw-p 00000000 00:00 0                          [stack:9383]
7f4dd03b2000-7f4dd03b5000 ---p 00000000 00:00 0 
7f4dd03b5000-7f4dd04b3000 rw-p 00000000 00:00 0                          [stack:9369]
7f4dd04b3000-7f4dd04b6000 ---p 00000000 00:00 0 
7f4dd04b6000-7f4dd05b4000 rw-p 00000000 00:00 0                          [stack:9366]
7f4dd05b4000-7f4dd05b5000 ---p 00000000 00:00 0 
7f4dd05b5000-7f4dd1000000 rw-p 00000000 00:00 0                          [stack:9365]
7f4dd1000000-7f4dd1270000 rwxp 00000000 00:00 0 
7f4dd1270000-7f4de0000000 ---p 00000000 00:00 0 
7f4de0000000-7f4de0140000 rw-p 00000000 00:00 0 
7f4de0140000-7f4de4000000 ---p 00000000 00:00 0 
7f4de4003000-7f4de4016000 r--s 00344000 08:08 2628842                    /home/hijj/software/javaAndroid/jdk/jdk8/jre/lib/resources.jar
7f4de4016000-7f4de468c000 rw-p 00000000 00:00 0 
7f4de468c000-7f4de4862000 r--s 03ca8000 08:08 2628807                    /home/hijj/software/javaAndroid/jdk/jdk8/jre/lib/rt.jar
7f4de4862000-7f4de4d98000 rw-p 00000000 00:00 0 
7f4de4d98000-7f4de50d8000 ---p 00000000 00:00 0 
7f4de50d8000-7f4de52b0000 rw-p 00000000 00:00 0 
7f4de52b0000-7f4de52b1000 ---p 00000000 00:00 0 
7f4de52b1000-7f4de53b1000 rw-p 00000000 00:00 0                          [stack:9358]
7f4de53b1000-7f4de53b2000 ---p 00000000 00:00 0 
7f4de53b2000-7f4de54b2000 rw-p 00000000 00:00 0                          [stack:9357]
7f4de54b2000-7f4de54b3000 ---p 00000000 00:00 0 
7f4de54b3000-7f4de55b3000 rw-p 00000000 00:00 0                          [stack:9356]
7f4de55b3000-7f4de55b4000 ---p 00000000 00:00 0 
7f4de55b4000-7f4de56c8000 rw-p 00000000 00:00 0                          [stack:9355]
7f4de56c8000-7f4de57ef000 ---p 00000000 00:00 0 
7f4de57ef000-7f4de5803000 rw-p 00000000 00:00 0 
7f4de5803000-7f4de5929000 ---p 00000000 00:00 0 
7f4de5929000-7f4de5934000 rw-p 00000000 00:00 0 
7f4de5934000-7f4de59c7000 ---p 00000000 00:00 0 
7f4de59c7000-7f4de59d2000 rw-p 00000000 00:00 0 
7f4de59d2000-7f4de5d88000 ---p 00000000 00:00 0 
7f4de5d88000-7f4de5da2000 r-xp 00000000 08:08 2629001                    /home/hijj/software/javaAndroid/jdk/jdk8/jre/lib/amd64/libzip.so
7f4de5da2000-7f4de5fa2000 ---p 0001a000 08:08 2629001                    /home/hijj/software/javaAndroid/jdk/jdk8/jre/lib/amd64/libzip.so
7f4de5fa2000-7f4de5fa3000 rw-p 0001a000 08:08 2629001                    /home/hijj/software/javaAndroid/jdk/jdk8/jre/lib/amd64/libzip.so
7f4de5fa3000-7f4de5faf000 r-xp 00000000 08:08 5771539                    /lib/x86_64-linux-gnu/libnss_files-2.21.so
7f4de5faf000-7f4de61ae000 ---p 0000c000 08:08 5771539                    /lib/x86_64-linux-gnu/libnss_files-2.21.so
7f4de61ae000-7f4de61af000 r--p 0000b000 08:08 5771539                    /lib/x86_64-linux-gnu/libnss_files-2.21.so
7f4de61af000-7f4de61b0000 rw-p 0000c000 08:08 5771539                    /lib/x86_64-linux-gnu/libnss_files-2.21.so
7f4de61b0000-7f4de61bb000 r-xp 00000000 08:08 5771549                    /lib/x86_64-linux-gnu/libnss_nis-2.21.so
7f4de61bb000-7f4de63ba000 ---p 0000b000 08:08 5771549                    /lib/x86_64-linux-gnu/libnss_nis-2.21.so
7f4de63ba000-7f4de63bb000 r--p 0000a000 08:08 5771549                    /lib/x86_64-linux-gnu/libnss_nis-2.21.so
7f4de63bb000-7f4de63bc000 rw-p 0000b000 08:08 5771549                    /lib/x86_64-linux-gnu/libnss_nis-2.21.so
7f4de63bc000-7f4de63d3000 r-xp 00000000 08:08 5771533                    /lib/x86_64-linux-gnu/libnsl-2.21.so
7f4de63d3000-7f4de65d2000 ---p 00017000 08:08 5771533                    /lib/x86_64-linux-gnu/libnsl-2.21.so
7f4de65d2000-7f4de65d3000 r--p 00016000 08:08 5771533                    /lib/x86_64-linux-gnu/libnsl-2.21.so
7f4de65d3000-7f4de65d4000 rw-p 00017000 08:08 5771533                    /lib/x86_64-linux-gnu/libnsl-2.21.so
7f4de65d4000-7f4de65d6000 rw-p 00000000 00:00 0 
7f4de65d6000-7f4de65de000 r-xp 00000000 08:08 5771535                    /lib/x86_64-linux-gnu/libnss_compat-2.21.so
7f4de65de000-7f4de67dd000 ---p 00008000 08:08 5771535                    /lib/x86_64-linux-gnu/libnss_compat-2.21.so
7f4de67dd000-7f4de67de000 r--p 00007000 08:08 5771535                    /lib/x86_64-linux-gnu/libnss_compat-2.21.so
7f4de67de000-7f4de67df000 rw-p 00008000 08:08 5771535                    /lib/x86_64-linux-gnu/libnss_compat-2.21.so
7f4de67df000-7f4de6ec1000 r--p 00000000 08:08 4070784                    /usr/lib/locale/locale-archive
7f4de6ec1000-7f4de6ec3000 r-xp 00000000 08:08 2628975                    /home/hijj/software/javaAndroid/jdk/jdk8/jre/lib/amd64/libnpt.so
7f4de6ec3000-7f4de70c3000 ---p 00002000 08:08 2628975                    /home/hijj/software/javaAndroid/jdk/jdk8/jre/lib/amd64/libnpt.so
7f4de70c3000-7f4de70c4000 rw-p 00002000 08:08 2628975                    /home/hijj/software/javaAndroid/jdk/jdk8/jre/lib/amd64/libnpt.so
7f4de70c4000-7f4de70fd000 r-xp 00000000 08:08 2628992                    /home/hijj/software/javaAndroid/jdk/jdk8/jre/lib/amd64/libjdwp.so
7f4de70fd000-7f4de72fc000 ---p 00039000 08:08 2628992                    /home/hijj/software/javaAndroid/jdk/jdk8/jre/lib/amd64/libjdwp.so
7f4de72fc000-7f4de72fe000 rw-p 00038000 08:08 2628992                    /home/hijj/software/javaAndroid/jdk/jdk8/jre/lib/amd64/libjdwp.so
7f4de72fe000-7f4de7328000 r-xp 00000000 08:08 2628996                    /home/hijj/software/javaAndroid/jdk/jdk8/jre/lib/amd64/libjava.so
7f4de7328000-7f4de7528000 ---p 0002a000 08:08 2628996                    /home/hijj/software/javaAndroid/jdk/jdk8/jre/lib/amd64/libjava.so
7f4de7528000-7f4de752a000 rw-p 0002a000 08:08 2628996                    /home/hijj/software/javaAndroid/jdk/jdk8/jre/lib/amd64/libjava.so
7f4de752a000-7f4de7537000 r-xp 00000000 08:08 2629000                    /home/hijj/software/javaAndroid/jdk/jdk8/jre/lib/amd64/libverify.so
7f4de7537000-7f4de7737000 ---p 0000d000 08:08 2629000                    /home/hijj/software/javaAndroid/jdk/jdk8/jre/lib/amd64/libverify.so
7f4de7737000-7f4de7739000 rw-p 0000d000 08:08 2629000                    /home/hijj/software/javaAndroid/jdk/jdk8/jre/lib/amd64/libverify.so
7f4de7739000-7f4de7740000 r-xp 00000000 08:08 5771594                    /lib/x86_64-linux-gnu/librt-2.21.so
7f4de7740000-7f4de793f000 ---p 00007000 08:08 5771594                    /lib/x86_64-linux-gnu/librt-2.21.so
7f4de793f000-7f4de7940000 r--p 00006000 08:08 5771594                    /lib/x86_64-linux-gnu/librt-2.21.so
7f4de7940000-7f4de7941000 rw-p 00007000 08:08 5771594                    /lib/x86_64-linux-gnu/librt-2.21.so
7f4de7941000-7f4de7a48000 r-xp 00000000 08:08 5771512                    /lib/x86_64-linux-gnu/libm-2.21.so
7f4de7a48000-7f4de7c47000 ---p 00107000 08:08 5771512                    /lib/x86_64-linux-gnu/libm-2.21.so
7f4de7c47000-7f4de7c48000 r--p 00106000 08:08 5771512                    /lib/x86_64-linux-gnu/libm-2.21.so
7f4de7c48000-7f4de7c49000 rw-p 00107000 08:08 5771512                    /lib/x86_64-linux-gnu/libm-2.21.so
7f4de7c49000-7f4de88b3000 r-xp 00000000 08:08 2628982                    /home/hijj/software/javaAndroid/jdk/jdk8/jre/lib/amd64/server/libjvm.so
7f4de88b3000-7f4de8ab2000 ---p 00c6a000 08:08 2628982                    /home/hijj/software/javaAndroid/jdk/jdk8/jre/lib/amd64/server/libjvm.so
7f4de8ab2000-7f4de8b89000 rw-p 00c69000 08:08 2628982                    /home/hijj/software/javaAndroid/jdk/jdk8/jre/lib/amd64/server/libjvm.so
7f4de8b89000-7f4de8bcb000 rw-p 00000000 00:00 0 
7f4de8bcb000-7f4de8d8b000 r-xp 00000000 08:08 5771453                    /lib/x86_64-linux-gnu/libc-2.21.so
7f4de8d8b000-7f4de8f8b000 ---p 001c0000 08:08 5771453                    /lib/x86_64-linux-gnu/libc-2.21.so
7f4de8f8b000-7f4de8f8f000 r--p 001c0000 08:08 5771453                    /lib/x86_64-linux-gnu/libc-2.21.so
7f4de8f8f000-7f4de8f91000 rw-p 001c4000 08:08 5771453                    /lib/x86_64-linux-gnu/libc-2.21.so
7f4de8f91000-7f4de8f95000 rw-p 00000000 00:00 0 
7f4de8f95000-7f4de8f98000 r-xp 00000000 08:08 5771470                    /lib/x86_64-linux-gnu/libdl-2.21.so
7f4de8f98000-7f4de9197000 ---p 00003000 08:08 5771470                    /lib/x86_64-linux-gnu/libdl-2.21.so
7f4de9197000-7f4de9198000 r--p 00002000 08:08 5771470                    /lib/x86_64-linux-gnu/libdl-2.21.so
7f4de9198000-7f4de9199000 rw-p 00003000 08:08 5771470                    /lib/x86_64-linux-gnu/libdl-2.21.so
7f4de9199000-7f4de91ae000 r-xp 00000000 08:08 2628623                    /home/hijj/software/javaAndroid/jdk/jdk8/lib/amd64/jli/libjli.so
7f4de91ae000-7f4de93ad000 ---p 00015000 08:08 2628623                    /home/hijj/software/javaAndroid/jdk/jdk8/lib/amd64/jli/libjli.so
7f4de93ad000-7f4de93ae000 rw-p 00014000 08:08 2628623                    /home/hijj/software/javaAndroid/jdk/jdk8/lib/amd64/jli/libjli.so
7f4de93ae000-7f4de93c6000 r-xp 00000000 08:08 5771586                    /lib/x86_64-linux-gnu/libpthread-2.21.so
7f4de93c6000-7f4de95c6000 ---p 00018000 08:08 5771586                    /lib/x86_64-linux-gnu/libpthread-2.21.so
7f4de95c6000-7f4de95c7000 r--p 00018000 08:08 5771586                    /lib/x86_64-linux-gnu/libpthread-2.21.so
7f4de95c7000-7f4de95c8000 rw-p 00019000 08:08 5771586                    /lib/x86_64-linux-gnu/libpthread-2.21.so
7f4de95c8000-7f4de95cc000 rw-p 00000000 00:00 0 
7f4de95cc000-7f4de95f0000 r-xp 00000000 08:08 5771425                    /lib/x86_64-linux-gnu/ld-2.21.so
7f4de95f6000-7f4de96ce000 rw-p 00000000 00:00 0 
7f4de96ce000-7f4de96d1000 ---p 00000000 00:00 0 
7f4de96d1000-7f4de97d3000 rw-p 00000000 00:00 0                          [stack:9349]
7f4de97d6000-7f4de97d9000 rw-p 00000000 00:00 0 
7f4de97d9000-7f4de97e3000 r--s 00116000 08:08 2628866                    /home/hijj/software/javaAndroid/jdk/jdk8/jre/lib/ext/localedata.jar
7f4de97e3000-7f4de97eb000 rw-s 00000000 08:08 1574290                    /tmp/hsperfdata_hijj/9344
7f4de97eb000-7f4de97ec000 rw-p 00000000 00:00 0 
7f4de97ec000-7f4de97ed000 r--p 00000000 00:00 0 
7f4de97ed000-7f4de97ef000 rw-p 00000000 00:00 0 
7f4de97ef000-7f4de97f0000 r--p 00023000 08:08 5771425                    /lib/x86_64-linux-gnu/ld-2.21.so
7f4de97f0000-7f4de97f1000 rw-p 00024000 08:08 5771425                    /lib/x86_64-linux-gnu/ld-2.21.so
7f4de97f1000-7f4de97f2000 rw-p 00000000 00:00 0 
7ffe63ac4000-7ffe63ae5000 rw-p 00000000 00:00 0                          [stack]
7ffe63aeb000-7ffe63aed000 r--p 00000000 00:00 0                          [vvar]
7ffe63aed000-7ffe63aef000 r-xp 00000000 00:00 0                          [vdso]
ffffffffff600000-ffffffffff601000 r-xp 00000000 00:00 0                  [vsyscall]

VM Arguments:
jvm_args: -agentlib:jdwp=transport=dt_socket,suspend=y,address=localhost:52877 -Dfile.encoding=UTF-8 
java_command: learning.ks8.MainTest
java_class_path (initial): /media/hijj/娱乐/github/repositories/ACM/Java/bin
Launcher Type: SUN_STANDARD

Environment Variables:
JAVA_HOME=/home/hijj/software/javaAndroid/jdk/jdk8
JRE_HOME=/home/hijj/software/javaAndroid/jdk/jdk8/jre
CLASSPATH=.:/home/hijj/software/javaAndroid/jdk/jdk8/lib:/home/hijj/software/javaAndroid/jdk/jdk8/jre/lib:.:$JAVA_HOME/lib:$JAVA_HOME/jre/lib
PATH=/home/hijj/software/javaAndroid/sdk/android-sdk-linux/tools:/home/hijj/software/javaAndroid/sdk/android-sdk-linux/platform-tools:/home/hijj/software/javaAndroid/jdk/jdk8/bin:/home/hijj/software/javaAndroid/jdk/jdk8/jre/bin:/usr/local/sbin:/usr/local/bin:/usr/sbin:/usr/bin:/sbin:/bin:/usr/games:/usr/local/games:$JAVA_HOME/bin:$ANDROID_PATH/tools:$ANDROID_PATH/platform-tools
SHELL=/bin/bash
DISPLAY=:0

Signal Handlers:
SIGSEGV: [libjvm.so+0xa77530], sa_mask[0]=11111111011111111101111111111110, sa_flags=SA_RESTART|SA_SIGINFO
SIGBUS: [libjvm.so+0xa77530], sa_mask[0]=11111111011111111101111111111110, sa_flags=SA_RESTART|SA_SIGINFO
SIGFPE: [libjvm.so+0x8e1d90], sa_mask[0]=11111111011111111101111111111110, sa_flags=SA_RESTART|SA_SIGINFO
SIGPIPE: [libjvm.so+0x8e1d90], sa_mask[0]=11111111011111111101111111111110, sa_flags=SA_RESTART|SA_SIGINFO
SIGXFSZ: [libjvm.so+0x8e1d90], sa_mask[0]=11111111011111111101111111111110, sa_flags=SA_RESTART|SA_SIGINFO
SIGILL: [libjvm.so+0x8e1d90], sa_mask[0]=11111111011111111101111111111110, sa_flags=SA_RESTART|SA_SIGINFO
SIGUSR1: SIG_DFL, sa_mask[0]=00000000000000000000000000000000, sa_flags=none
SIGUSR2: [libjvm.so+0x8e35c0], sa_mask[0]=00100000000000000000000000000000, sa_flags=SA_RESTART|SA_SIGINFO
SIGHUP: [libjvm.so+0x8e4980], sa_mask[0]=11111111011111111101111111111110, sa_flags=SA_RESTART|SA_SIGINFO
SIGINT: [libjvm.so+0x8e4980], sa_mask[0]=11111111011111111101111111111110, sa_flags=SA_RESTART|SA_SIGINFO
SIGTERM: [libjvm.so+0x8e4980], sa_mask[0]=11111111011111111101111111111110, sa_flags=SA_RESTART|SA_SIGINFO
SIGQUIT: [libjvm.so+0x8e4980], sa_mask[0]=11111111011111111101111111111110, sa_flags=SA_RESTART|SA_SIGINFO


---------------  S Y S T E M  ---------------

OS:DISTRIB_ID=Ubuntu
DISTRIB_RELEASE=15.04
DISTRIB_CODENAME=vivid
DISTRIB_DESCRIPTION="Ubuntu 15.04"

uname:Linux 3.19.0-30-generic #34-Ubuntu SMP Fri Oct 2 22:08:41 UTC 2015 x86_64
libc:glibc 2.21 NPTL 2.21 
rlimit: STACK 8192k, CORE 0k, NPROC 15002, NOFILE 65536, AS infinity
load average:0.09 0.13 0.31

/proc/meminfo:
MemTotal:        3863036 kB
MemFree:          295072 kB
MemAvailable:     733372 kB
Buffers:           63288 kB
Cached:           779328 kB
SwapCached:        42520 kB
Active:          1982244 kB
Inactive:        1309740 kB
Active(anon):    1682880 kB
Inactive(anon):  1039760 kB
Active(file):     299364 kB
Inactive(file):   269980 kB
Unevictable:          48 kB
Mlocked:              48 kB
SwapTotal:       4005884 kB
SwapFree:        3440932 kB
Dirty:              1116 kB
Writeback:             0 kB
AnonPages:       2423412 kB
Mapped:           219084 kB
Shmem:            273264 kB
Slab:             123812 kB
SReclaimable:      75796 kB
SUnreclaim:        48016 kB
KernelStack:       40320 kB
PageTables:        54968 kB
NFS_Unstable:          0 kB
Bounce:                0 kB
WritebackTmp:          0 kB
CommitLimit:     5937400 kB
Committed_AS:   16484332 kB
VmallocTotal:   34359738367 kB
VmallocUsed:      378088 kB
VmallocChunk:   34359320912 kB
HardwareCorrupted:     0 kB
AnonHugePages:   1339392 kB
CmaTotal:              0 kB
CmaFree:               0 kB
HugePages_Total:       0
HugePages_Free:        0
HugePages_Rsvd:        0
HugePages_Surp:        0
Hugepagesize:       2048 kB
DirectMap4k:      185084 kB
DirectMap2M:     3823616 kB


CPU:total 4 (2 cores per cpu, 2 threads per core) family 6 model 58 stepping 9, cmov, cx8, fxsr, mmx, sse, sse2, sse3, ssse3, sse4.1, sse4.2, popcnt, avx, aes, clmul, erms, ht, tsc, tscinvbit, tscinv

/proc/cpuinfo:
processor	: 0
vendor_id	: GenuineIntel
cpu family	: 6
model		: 58
model name	: Intel(R) Core(TM) i5-3230M CPU @ 2.60GHz
stepping	: 9
microcode	: 0x17
cpu MHz		: 2999.953
cache size	: 3072 KB
physical id	: 0
siblings	: 4
core id		: 0
cpu cores	: 2
apicid		: 0
initial apicid	: 0
fpu		: yes
fpu_exception	: yes
cpuid level	: 13
wp		: yes
flags		: fpu vme de pse tsc msr pae mce cx8 apic sep mtrr pge mca cmov pat pse36 clflush dts acpi mmx fxsr sse sse2 ss ht tm pbe syscall nx rdtscp lm constant_tsc arch_perfmon pebs bts rep_good nopl xtopology nonstop_tsc aperfmperf eagerfpu pni pclmulqdq dtes64 monitor ds_cpl vmx est tm2 ssse3 cx16 xtpr pdcm pcid sse4_1 sse4_2 x2apic popcnt tsc_deadline_timer aes xsave avx f16c rdrand lahf_lm ida arat epb pln pts dtherm tpr_shadow vnmi flexpriority ept vpid fsgsbase smep erms xsaveopt
bugs		:
bogomips	: 5188.00
clflush size	: 64
cache_alignment	: 64
address sizes	: 36 bits physical, 48 bits virtual
power management:

processor	: 1
vendor_id	: GenuineIntel
cpu family	: 6
model		: 58
model name	: Intel(R) Core(TM) i5-3230M CPU @ 2.60GHz
stepping	: 9
microcode	: 0x17
cpu MHz		: 2999.953
cache size	: 3072 KB
physical id	: 0
siblings	: 4
core id		: 0
cpu cores	: 2
apicid		: 1
initial apicid	: 1
fpu		: yes
fpu_exception	: yes
cpuid level	: 13
wp		: yes
flags		: fpu vme de pse tsc msr pae mce cx8 apic sep mtrr pge mca cmov pat pse36 clflush dts acpi mmx fxsr sse sse2 ss ht tm pbe syscall nx rdtscp lm constant_tsc arch_perfmon pebs bts rep_good nopl xtopology nonstop_tsc aperfmperf eagerfpu pni pclmulqdq dtes64 monitor ds_cpl vmx est tm2 ssse3 cx16 xtpr pdcm pcid sse4_1 sse4_2 x2apic popcnt tsc_deadline_timer aes xsave avx f16c rdrand lahf_lm ida arat epb pln pts dtherm tpr_shadow vnmi flexpriority ept vpid fsgsbase smep erms xsaveopt
bugs		:
bogomips	: 5188.00
clflush size	: 64
cache_alignment	: 64
address sizes	: 36 bits physical, 48 bits virtual
power management:

processor	: 2
vendor_id	: GenuineIntel
cpu family	: 6
model		: 58
model name	: Intel(R) Core(TM) i5-3230M CPU @ 2.60GHz
stepping	: 9
microcode	: 0x17
cpu MHz		: 3005.742
cache size	: 3072 KB
physical id	: 0
siblings	: 4
core id		: 1
cpu cores	: 2
apicid		: 2
initial apicid	: 2
fpu		: yes
fpu_exception	: yes
cpuid level	: 13
wp		: yes
flags		: fpu vme de pse tsc msr pae mce cx8 apic sep mtrr pge mca cmov pat pse36 clflush dts acpi mmx fxsr sse sse2 ss ht tm pbe syscall nx rdtscp lm constant_tsc arch_perfmon pebs bts rep_good nopl xtopology nonstop_tsc aperfmperf eagerfpu pni pclmulqdq dtes64 monitor ds_cpl vmx est tm2 ssse3 cx16 xtpr pdcm pcid sse4_1 sse4_2 x2apic popcnt tsc_deadline_timer aes xsave avx f16c rdrand lahf_lm ida arat epb pln pts dtherm tpr_shadow vnmi flexpriority ept vpid fsgsbase smep erms xsaveopt
bugs		:
bogomips	: 5188.00
clflush size	: 64
cache_alignment	: 64
address sizes	: 36 bits physical, 48 bits virtual
power management:

processor	: 3
vendor_id	: GenuineIntel
cpu family	: 6
model		: 58
model name	: Intel(R) Core(TM) i5-3230M CPU @ 2.60GHz
stepping	: 9
microcode	: 0x17
cpu MHz		: 2999.953
cache size	: 3072 KB
physical id	: 0
siblings	: 4
core id		: 1
cpu cores	: 2
apicid		: 3
initial apicid	: 3
fpu		: yes
fpu_exception	: yes
cpuid level	: 13
wp		: yes
flags		: fpu vme de pse tsc msr pae mce cx8 apic sep mtrr pge mca cmov pat pse36 clflush dts acpi mmx fxsr sse sse2 ss ht tm pbe syscall nx rdtscp lm constant_tsc arch_perfmon pebs bts rep_good nopl xtopology nonstop_tsc aperfmperf eagerfpu pni pclmulqdq dtes64 monitor ds_cpl vmx est tm2 ssse3 cx16 xtpr pdcm pcid sse4_1 sse4_2 x2apic popcnt tsc_deadline_timer aes xsave avx f16c rdrand lahf_lm ida arat epb pln pts dtherm tpr_shadow vnmi flexpriority ept vpid fsgsbase smep erms xsaveopt
bugs		:
bogomips	: 5188.00
clflush size	: 64
cache_alignment	: 64
address sizes	: 36 bits physical, 48 bits virtual
power management:



Memory: 4k page, physical 3863036k(295072k free), swap 4005884k(3440932k free)

vm_info: Java HotSpot(TM) 64-Bit Server VM (25.20-b23) for linux-amd64 JRE (1.8.0_20-b26), built on Jul 30 2014 13:13:52 by "java_re" with gcc 4.3.0 20080428 (Red Hat 4.3.0-8)

time: Thu Oct 22 00:10:19 2015
elapsed time: 3213 seconds (0d 0h 53m 33s)

