#
# A fatal error has been detected by the Java Runtime Environment:
#
#  SIGSEGV (0xb) at pc=0x00007fa41940c190, pid=3143, tid=140342269507328
#
# JRE version: Java(TM) SE Runtime Environment (8.0_20-b26) (build 1.8.0_20-b26)
# Java VM: Java HotSpot(TM) 64-Bit Server VM (25.20-b23 mixed mode linux-amd64 compressed oops)
# Problematic frame:
# V  [libjvm.so+0x873190]  Method::checked_resolve_jmethod_id(_jmethodID*)+0x20
#
# Failed to write core dump. Core dumps have been disabled. To enable core dumping, try "ulimit -c unlimited" before starting Java again
#
# If you would like to submit a bug report, please visit:
#   http://bugreport.sun.com/bugreport/crash.jsp
#

---------------  T H R E A D  ---------------

Current thread (0x00007fa4140ba800):  JavaThread "JDWP Transport Listener: dt_socket" daemon [_thread_in_vm, id=3161, stack(0x00007fa3fb0ef000,0x00007fa3fb1f0000)]

siginfo: si_signo: 11 (SIGSEGV), si_code: 1 (SEGV_MAPERR), si_addr: 0x0000000000000031

Registers:
RAX=0x0000000000000001, RBX=0x00007fa4140036a0, RCX=0x00007fa41a517340, RDX=0x00007fa419af0fe0
RSP=0x00007fa3fb1ee6d0, RBP=0x00007fa3fb1ee6e0, RSI=0x00007fa4140ba800, RDI=0x0000000000000031
R8 =0x00007fa3d0007b40, R9 =0x0000000000000000, R10=0x0000000000000010, R11=0x00007fa419cb1ff0
R12=0x0000000000000017, R13=0x0000000000000031, R14=0x00007fa4140ba800, R15=0x00007fa3fb1ee7e7
RIP=0x00007fa41940c190, EFLAGS=0x0000000000010202, CSGSFS=0x0000000000000033, ERR=0x0000000000000004
  TRAPNO=0x000000000000000e

Top of Stack: (sp=0x00007fa3fb1ee6d0)
0x00007fa3fb1ee6d0:   0000000000000074 00007fa4140036a0
0x00007fa3fb1ee6e0:   00007fa3fb1ee750 00007fa4192a178e
0x00007fa3fb1ee6f0:   00007fa3d0007b40 00007fa3fb1ee700
0x00007fa3fb1ee700:   00007fa4140ba800 0000000000000000
0x00007fa3fb1ee710:   00007fa300000000 0000000000000000
0x00007fa3fb1ee720:   00007fa3fb1ee740 00007fa41824dd60
0x00007fa3fb1ee730:   0000000000000031 00007fa3fb1ee7e7
0x00007fa3fb1ee740:   0000000000000005 00007fa3fb1ee7e7
0x00007fa3fb1ee750:   00007fa3fb1ee780 00007fa418039872
0x00007fa3fb1ee760:   00007fa3fb1ee780 0000000000000031
0x00007fa3fb1ee770:   00007fa3fb1ee850 0000000000000028
0x00007fa3fb1ee780:   00007fa3fb1ee810 00007fa41801aa60
0x00007fa3fb1ee790:   00007fa3fb1ee7c8 00007fa3fb1ee7c0
0x00007fa3fb1ee7a0:   00007fa3fb1ee7b8 00007fa3fb1ee7dc
0x00007fa3fb1ee7b0:   00000001d0002ed0 0000000000000000
0x00007fa3fb1ee7c0:   0000000000000000 0000000000000000
0x00007fa3fb1ee7d0:   00007fa3d0007c40 00000009fb1ee850
0x00007fa3fb1ee7e0:   0000000000000006 0000000000000002
0x00007fa3fb1ee7f0:   000000000000000f 0000000000000002
0x00007fa3fb1ee800:   00000000000f0200 000000000000000f
0x00007fa3fb1ee810:   00007fa3fb1eea60 00007fa418025976
0x00007fa3fb1ee820:   00005cae00000013 00007fa4190f0200
0x00007fa3fb1ee830:   00007fa3c8000fb0 0000000000000000
0x00007fa3fb1ee840:   00007fa3fb1ee850 00007fa3fb1ee9e0
0x00007fa3fb1ee850:   00007fa3fb1ee959 00007fa400000073
0x00007fa3fb1ee860:   00007fa3fb1ee868 00000000000000b9
0x00007fa3fb1ee870:   00007fa3fb1ee8a0 0000000000000000
0x00007fa3fb1ee880:   00007f0000000000 00005cae0000001c
0x00007fa3fb1ee890:   00007fa30000e980 00007fa3fb1ee8a0
0x00007fa3fb1ee8a0:   a37f000006000000 08000000606e00d0
0x00007fa3fb1ee8b0:   3e74696e696c633c 0056292803000000
0x00007fa3fb1ee8c0:   0008000000000000 00586e00d0a37f00 

Instructions: (pc=0x00007fa41940c190)
0x00007fa41940c170:   55 48 89 e5 53 48 83 ec 08 48 85 ff 75 12 31 db
0x00007fa41940c180:   48 89 d8 48 83 c4 08 5b c9 c3 66 0f 1f 44 00 00
0x00007fa41940c190:   48 8b 1f 48 85 db 74 e6 48 83 fb 37 74 e0 48 8b
0x00007fa41940c1a0:   03 48 89 df ff 50 10 84 c0 0f 1f 80 00 00 00 00 

Register to memory mapping:

RAX=0x0000000000000001 is an unknown value
RBX=0x00007fa4140036a0 is an unknown value
RCX=0x00007fa41a517340: <offset 0x219340> in /lib/x86_64-linux-gnu/libpthread.so.0 at 0x00007fa41a2fe000
RDX=0x00007fa419af0fe0: <offset 0xf57fe0> in /home/hijj/software/javaAndroid/jdk/jdk8/jre/lib/amd64/server/libjvm.so at 0x00007fa418b99000
RSP=0x00007fa3fb1ee6d0 is pointing into the stack for thread: 0x00007fa4140ba800
RBP=0x00007fa3fb1ee6e0 is pointing into the stack for thread: 0x00007fa4140ba800
RSI=0x00007fa4140ba800 is a thread
RDI=0x0000000000000031 is an unknown value
R8 =0x00007fa3d0007b40 is an unknown value
R9 =0x0000000000000000 is an unknown value
R10=0x0000000000000010 is an unknown value
R11=0x00007fa419cb1ff0: <offset 0x196ff0> in /lib/x86_64-linux-gnu/libc.so.6 at 0x00007fa419b1b000
R12=0x0000000000000017 is an unknown value
R13=0x0000000000000031 is an unknown value
R14=0x00007fa4140ba800 is a thread
R15=0x00007fa3fb1ee7e7 is pointing into the stack for thread: 0x00007fa4140ba800


Stack: [0x00007fa3fb0ef000,0x00007fa3fb1f0000],  sp=0x00007fa3fb1ee6d0,  free space=1021k
Native frames: (J=compiled Java code, j=interpreted, Vv=VM code, C=native code)
V  [libjvm.so+0x873190]  Method::checked_resolve_jmethod_id(_jmethodID*)+0x20
V  [libjvm.so+0x70878e]  jvmti_IsMethodSynthetic+0x29e
C  [libjdwp.so+0x25872]  isMethodSynthetic+0x42
C  [libjdwp.so+0x6a60]  methods1+0x1b0
C  [libjdwp.so+0x11976]  debugLoop_run+0x2b6
C  [libjdwp.so+0x247af]  attachThread+0x2f
V  [libjvm.so+0x7744f2]  JvmtiAgentThread::call_start_function()+0xc2
V  [libjvm.so+0xa2990f]  JavaThread::thread_main_inner()+0xdf
V  [libjvm.so+0xa29a3c]  JavaThread::run()+0x11c
V  [libjvm.so+0x8e75f8]  java_start(Thread*)+0x108
C  [libpthread.so.0+0x76aa]  start_thread+0xca


---------------  P R O C E S S  ---------------

Java Threads: ( => current thread )
  0x00007fa4140ca800 JavaThread "Service Thread" daemon [_thread_blocked, id=3172, stack(0x00007fa3faae9000,0x00007fa3fabea000)]
  0x00007fa4140c5000 JavaThread "C1 CompilerThread2" daemon [_thread_blocked, id=3171, stack(0x00007fa3fabea000,0x00007fa3faceb000)]
  0x00007fa4140c3000 JavaThread "C2 CompilerThread1" daemon [_thread_blocked, id=3170, stack(0x00007fa3faceb000,0x00007fa3fadec000)]
  0x00007fa4140c0000 JavaThread "C2 CompilerThread0" daemon [_thread_blocked, id=3169, stack(0x00007fa3fadec000,0x00007fa3faeed000)]
  0x00007fa3d0001000 JavaThread "JDWP Command Reader" daemon [_thread_in_native, id=3165, stack(0x00007fa3faeed000,0x00007fa3fafee000)]
  0x00007fa4140be000 JavaThread "JDWP Event Helper Thread" daemon [_thread_blocked, id=3163, stack(0x00007fa3fafee000,0x00007fa3fb0ef000)]
=>0x00007fa4140ba800 JavaThread "JDWP Transport Listener: dt_socket" daemon [_thread_in_vm, id=3161, stack(0x00007fa3fb0ef000,0x00007fa3fb1f0000)]
  0x00007fa4140ad000 JavaThread "Signal Dispatcher" daemon [_thread_blocked, id=3159, stack(0x00007fa3fb3f4000,0x00007fa3fb4f5000)]
  0x00007fa41407f000 JavaThread "Finalizer" daemon [_thread_blocked, id=3158, stack(0x00007fa3fb4f5000,0x00007fa3fb5f6000)]
  0x00007fa41407d000 JavaThread "Reference Handler" daemon [_thread_blocked, id=3157, stack(0x00007fa3fb5f6000,0x00007fa3fb6f7000)]
  0x00007fa41400c000 JavaThread "main" [_thread_in_native, id=3149, stack(0x00007fa41a61e000,0x00007fa41a71f000)]

Other Threads:
  0x00007fa414075800 VMThread [stack: 0x00007fa3fb6f7000,0x00007fa3fb7f8000] [id=3156]
  0x00007fa4140cd000 WatcherThread [stack: 0x00007fa3fa9e8000,0x00007fa3faae9000] [id=3173]

VM state:not at safepoint (normal execution)

VM Mutex/Monitor currently owned by a thread: None

Heap:
 PSYoungGen      total 17920K, used 2153K [0x00000000ec580000, 0x00000000ed980000, 0x0000000100000000)
  eden space 15360K, 14% used [0x00000000ec580000,0x00000000ec79a6a8,0x00000000ed480000)
  from space 2560K, 0% used [0x00000000ed700000,0x00000000ed700000,0x00000000ed980000)
  to   space 2560K, 0% used [0x00000000ed480000,0x00000000ed480000,0x00000000ed700000)
 ParOldGen       total 40960K, used 0K [0x00000000c5000000, 0x00000000c7800000, 0x00000000ec580000)
  object space 40960K, 0% used [0x00000000c5000000,0x00000000c5000000,0x00000000c7800000)
 Metaspace       used 3565K, capacity 4644K, committed 4864K, reserved 1056768K
  class space    used 394K, capacity 396K, committed 512K, reserved 1048576K

Card table byte_map: [0x00007fa40372b000,0x00007fa403904000] byte_map_base: 0x00007fa403103000

Marking Bits: (ParMarkBitMap*) 0x00007fa419af0ac0
 Begin Bits: [0x00007fa40146c000, 0x00007fa40232c000)
 End Bits:   [0x00007fa40232c000, 0x00007fa4031ec000)

Polling page: 0x00007fa41a73c000

CodeCache: size=245760Kb used=1203Kb max_used=1203Kb free=244556Kb
 bounds [0x00007fa403cc4000, 0x00007fa403f34000, 0x00007fa412cc4000]
 total_blobs=304 nmethods=67 adapters=160
 compilation: enabled

Compilation events (10 events):
Event: 0.341 Thread 0x00007fa4140c5000   61       3       java.lang.StringBuilder::toString (17 bytes)
Event: 0.343 Thread 0x00007fa4140c5000 nmethod 61 0x00007fa403dee050 code [0x00007fa403dee1c0, 0x00007fa403dee3c8]
Event: 0.344 Thread 0x00007fa4140c5000   62       3       java.lang.String::indexOf (166 bytes)
Event: 0.345 Thread 0x00007fa4140c5000 nmethod 62 0x00007fa403deed10 code [0x00007fa403deeec0, 0x00007fa403def510]
Event: 0.345 Thread 0x00007fa4140c5000   64       3       java.util.concurrent.ConcurrentHashMap::setTabAt (19 bytes)
Event: 0.345 Thread 0x00007fa4140c5000 nmethod 64 0x00007fa403df0490 code [0x00007fa403df05e0, 0x00007fa403df0750]
Event: 0.345 Thread 0x00007fa4140c5000   66       3       java.util.concurrent.ConcurrentHashMap::casTabAt (20 bytes)
Event: 0.345 Thread 0x00007fa4140c5000 nmethod 66 0x00007fa403df07d0 code [0x00007fa403df0920, 0x00007fa403df0a90]
Event: 793.184 Thread 0x00007fa4140c5000   67       3       java.util.concurrent.ConcurrentHashMap$Node::<init> (26 bytes)
Event: 793.184 Thread 0x00007fa4140c5000 nmethod 67 0x00007fa403df0b10 code [0x00007fa403df0c80, 0x00007fa403df0e70]

GC Heap History (0 events):
No events

Deoptimization events (0 events):
No events

Internal exceptions (10 events):
Event: 0.330 Thread 0x00007fa41400c000 Exception <a 'java/security/PrivilegedActionException'> (0x00000000ec72c4e8) thrown at [/HUDSON/workspace/8-2-build-linux-amd64/jdk8u20/1074/hotspot/src/share/vm/prims/jvm.cpp, line 1275]
Event: 0.330 Thread 0x00007fa41400c000 Exception <a 'java/security/PrivilegedActionException'> (0x00000000ec72d6a0) thrown at [/HUDSON/workspace/8-2-build-linux-amd64/jdk8u20/1074/hotspot/src/share/vm/prims/jvm.cpp, line 1275]
Event: 0.331 Thread 0x00007fa41400c000 Exception <a 'java/security/PrivilegedActionException'> (0x00000000ec7300c0) thrown at [/HUDSON/workspace/8-2-build-linux-amd64/jdk8u20/1074/hotspot/src/share/vm/prims/jvm.cpp, line 1275]
Event: 0.331 Thread 0x00007fa41400c000 Exception <a 'java/security/PrivilegedActionException'> (0x00000000ec731460) thrown at [/HUDSON/workspace/8-2-build-linux-amd64/jdk8u20/1074/hotspot/src/share/vm/prims/jvm.cpp, line 1275]
Event: 0.339 Thread 0x00007fa41400c000 Exception <a 'java/security/PrivilegedActionException'> (0x00000000ec745200) thrown at [/HUDSON/workspace/8-2-build-linux-amd64/jdk8u20/1074/hotspot/src/share/vm/prims/jvm.cpp, line 1275]
Event: 0.339 Thread 0x00007fa41400c000 Exception <a 'java/security/PrivilegedActionException'> (0x00000000ec746698) thrown at [/HUDSON/workspace/8-2-build-linux-amd64/jdk8u20/1074/hotspot/src/share/vm/prims/jvm.cpp, line 1275]
Event: 0.340 Thread 0x00007fa41400c000 Exception <a 'java/security/PrivilegedActionException'> (0x00000000ec753b68) thrown at [/HUDSON/workspace/8-2-build-linux-amd64/jdk8u20/1074/hotspot/src/share/vm/prims/jvm.cpp, line 1275]
Event: 0.341 Thread 0x00007fa41400c000 Exception <a 'java/security/PrivilegedActionException'> (0x00000000ec755228) thrown at [/HUDSON/workspace/8-2-build-linux-amd64/jdk8u20/1074/hotspot/src/share/vm/prims/jvm.cpp, line 1275]
Event: 0.341 Thread 0x00007fa41400c000 Exception <a 'java/security/PrivilegedActionException'> (0x00000000ec7578c8) thrown at [/HUDSON/workspace/8-2-build-linux-amd64/jdk8u20/1074/hotspot/src/share/vm/prims/jvm.cpp, line 1275]
Event: 0.341 Thread 0x00007fa41400c000 Exception <a 'java/security/PrivilegedActionException'> (0x00000000ec758fa8) thrown at [/HUDSON/workspace/8-2-build-linux-amd64/jdk8u20/1074/hotspot/src/share/vm/prims/jvm.cpp, line 1275]

Events (10 events):
Event: 793.242 Executing VM operation: ChangeBreakpoints
Event: 793.242 Executing VM operation: ChangeBreakpoints done
Event: 793.247 Executing VM operation: ChangeBreakpoints
Event: 793.247 Executing VM operation: ChangeBreakpoints done
Event: 793.247 Executing VM operation: ChangeBreakpoints
Event: 793.247 Executing VM operation: ChangeBreakpoints done
Event: 793.251 Executing VM operation: ChangeBreakpoints
Event: 793.251 Executing VM operation: ChangeBreakpoints done
Event: 804.433 Executing VM operation: RedefineClasses
Event: 804.433 Executing VM operation: RedefineClasses done


Dynamic libraries:
00400000-00401000 r-xp 00000000 08:08 2622385                            /home/hijj/software/javaAndroid/jdk/jdk8/bin/java
00600000-00601000 rw-p 00000000 08:08 2622385                            /home/hijj/software/javaAndroid/jdk/jdk8/bin/java
02096000-020b7000 rw-p 00000000 00:00 0                                  [heap]
c5000000-c7800000 rw-p 00000000 00:00 0 
c7800000-ec580000 ---p 00000000 00:00 0 
ec580000-ed980000 rw-p 00000000 00:00 0 
ed980000-100000000 ---p 00000000 00:00 0 
100000000-100080000 rw-p 00000000 00:00 0 
100080000-140000000 ---p 00000000 00:00 0 
7fa3b0000000-7fa3b0063000 rw-p 00000000 00:00 0 
7fa3b0063000-7fa3b4000000 ---p 00000000 00:00 0 
7fa3b8000000-7fa3b8021000 rw-p 00000000 00:00 0 
7fa3b8021000-7fa3bc000000 ---p 00000000 00:00 0 
7fa3c0000000-7fa3c0021000 rw-p 00000000 00:00 0 
7fa3c0021000-7fa3c4000000 ---p 00000000 00:00 0 
7fa3c4000000-7fa3c4021000 rw-p 00000000 00:00 0 
7fa3c4021000-7fa3c8000000 ---p 00000000 00:00 0 
7fa3c8000000-7fa3c8021000 rw-p 00000000 00:00 0 
7fa3c8021000-7fa3cc000000 ---p 00000000 00:00 0 
7fa3cc000000-7fa3cc056000 rw-p 00000000 00:00 0 
7fa3cc056000-7fa3d0000000 ---p 00000000 00:00 0 
7fa3d0000000-7fa3d0022000 rw-p 00000000 00:00 0 
7fa3d0022000-7fa3d4000000 ---p 00000000 00:00 0 
7fa3d4000000-7fa3d4021000 rw-p 00000000 00:00 0 
7fa3d4021000-7fa3d8000000 ---p 00000000 00:00 0 
7fa3d8000000-7fa3d8021000 rw-p 00000000 00:00 0 
7fa3d8021000-7fa3dc000000 ---p 00000000 00:00 0 
7fa3dc000000-7fa3dc021000 rw-p 00000000 00:00 0 
7fa3dc021000-7fa3e0000000 ---p 00000000 00:00 0 
7fa3e0000000-7fa3e0021000 rw-p 00000000 00:00 0 
7fa3e0021000-7fa3e4000000 ---p 00000000 00:00 0 
7fa3e4000000-7fa3e4021000 rw-p 00000000 00:00 0 
7fa3e4021000-7fa3e8000000 ---p 00000000 00:00 0 
7fa3e8000000-7fa3e8021000 rw-p 00000000 00:00 0 
7fa3e8021000-7fa3ec000000 ---p 00000000 00:00 0 
7fa3f0000000-7fa3f0021000 rw-p 00000000 00:00 0 
7fa3f0021000-7fa3f4000000 ---p 00000000 00:00 0 
7fa3f4000000-7fa3f4021000 rw-p 00000000 00:00 0 
7fa3f4021000-7fa3f8000000 ---p 00000000 00:00 0 
7fa3fa773000-7fa3fa9e8000 rw-p 00000000 00:00 0 
7fa3fa9e8000-7fa3fa9e9000 ---p 00000000 00:00 0 
7fa3fa9e9000-7fa3faae9000 rw-p 00000000 00:00 0                          [stack:3173]
7fa3faae9000-7fa3faaec000 ---p 00000000 00:00 0 
7fa3faaec000-7fa3fabea000 rw-p 00000000 00:00 0                          [stack:3172]
7fa3fabea000-7fa3fabed000 ---p 00000000 00:00 0 
7fa3fabed000-7fa3faceb000 rw-p 00000000 00:00 0                          [stack:3171]
7fa3faceb000-7fa3facee000 ---p 00000000 00:00 0 
7fa3facee000-7fa3fadec000 rw-p 00000000 00:00 0                          [stack:3170]
7fa3fadec000-7fa3fadef000 ---p 00000000 00:00 0 
7fa3fadef000-7fa3faeed000 rw-p 00000000 00:00 0                          [stack:3169]
7fa3faeed000-7fa3faef0000 ---p 00000000 00:00 0 
7fa3faef0000-7fa3fafee000 rw-p 00000000 00:00 0                          [stack:3165]
7fa3fafee000-7fa3faff1000 ---p 00000000 00:00 0 
7fa3faff1000-7fa3fb0ef000 rw-p 00000000 00:00 0                          [stack:3163]
7fa3fb0ef000-7fa3fb0f2000 ---p 00000000 00:00 0 
7fa3fb0f2000-7fa3fb1f0000 rw-p 00000000 00:00 0                          [stack:3161]
7fa3fb1f0000-7fa3fb1f4000 r-xp 00000000 08:08 2628974                    /home/hijj/software/javaAndroid/jdk/jdk8/jre/lib/amd64/libdt_socket.so
7fa3fb1f4000-7fa3fb3f3000 ---p 00004000 08:08 2628974                    /home/hijj/software/javaAndroid/jdk/jdk8/jre/lib/amd64/libdt_socket.so
7fa3fb3f3000-7fa3fb3f4000 rw-p 00003000 08:08 2628974                    /home/hijj/software/javaAndroid/jdk/jdk8/jre/lib/amd64/libdt_socket.so
7fa3fb3f4000-7fa3fb3f7000 ---p 00000000 00:00 0 
7fa3fb3f7000-7fa3fb4f5000 rw-p 00000000 00:00 0                          [stack:3159]
7fa3fb4f5000-7fa3fb4f8000 ---p 00000000 00:00 0 
7fa3fb4f8000-7fa3fb5f6000 rw-p 00000000 00:00 0                          [stack:3158]
7fa3fb5f6000-7fa3fb5f9000 ---p 00000000 00:00 0 
7fa3fb5f9000-7fa3fb6f7000 rw-p 00000000 00:00 0                          [stack:3157]
7fa3fb6f7000-7fa3fb6f8000 ---p 00000000 00:00 0 
7fa3fb6f8000-7fa3fc000000 rw-p 00000000 00:00 0                          [stack:3156]
7fa3fc000000-7fa3fc021000 rw-p 00000000 00:00 0 
7fa3fc021000-7fa400000000 ---p 00000000 00:00 0 
7fa400073000-7fa40008f000 r--s 00393000 08:08 2628860                    /home/hijj/software/javaAndroid/jdk/jdk8/jre/lib/ext/cldrdata.jar
7fa40008f000-7fa400848000 rw-p 00000000 00:00 0 
7fa400848000-7fa400a1e000 r--s 03ca8000 08:08 2628807                    /home/hijj/software/javaAndroid/jdk/jdk8/jre/lib/rt.jar
7fa400a1e000-7fa400ed4000 rw-p 00000000 00:00 0 
7fa400ed4000-7fa401294000 ---p 00000000 00:00 0 
7fa401294000-7fa4031ec000 rw-p 00000000 00:00 0 
7fa4031ec000-7fa4031ed000 ---p 00000000 00:00 0 
7fa4031ed000-7fa4032ed000 rw-p 00000000 00:00 0                          [stack:3155]
7fa4032ed000-7fa4032ee000 ---p 00000000 00:00 0 
7fa4032ee000-7fa4033ee000 rw-p 00000000 00:00 0                          [stack:3154]
7fa4033ee000-7fa4033ef000 ---p 00000000 00:00 0 
7fa4033ef000-7fa4034ef000 rw-p 00000000 00:00 0                          [stack:3153]
7fa4034ef000-7fa4034f0000 ---p 00000000 00:00 0 
7fa4034f0000-7fa403604000 rw-p 00000000 00:00 0                          [stack:3152]
7fa403604000-7fa40372b000 ---p 00000000 00:00 0 
7fa40372b000-7fa40373f000 rw-p 00000000 00:00 0 
7fa40373f000-7fa403865000 ---p 00000000 00:00 0 
7fa403865000-7fa403870000 rw-p 00000000 00:00 0 
7fa403870000-7fa403903000 ---p 00000000 00:00 0 
7fa403903000-7fa40390e000 rw-p 00000000 00:00 0 
7fa40390e000-7fa403cc4000 ---p 00000000 00:00 0 
7fa403cc4000-7fa403f34000 rwxp 00000000 00:00 0 
7fa403f34000-7fa412cc4000 ---p 00000000 00:00 0 
7fa412cc4000-7fa412cde000 r-xp 00000000 08:08 2629001                    /home/hijj/software/javaAndroid/jdk/jdk8/jre/lib/amd64/libzip.so
7fa412cde000-7fa412ede000 ---p 0001a000 08:08 2629001                    /home/hijj/software/javaAndroid/jdk/jdk8/jre/lib/amd64/libzip.so
7fa412ede000-7fa412edf000 rw-p 0001a000 08:08 2629001                    /home/hijj/software/javaAndroid/jdk/jdk8/jre/lib/amd64/libzip.so
7fa412edf000-7fa412eeb000 r-xp 00000000 08:08 5771539                    /lib/x86_64-linux-gnu/libnss_files-2.21.so
7fa412eeb000-7fa4130ea000 ---p 0000c000 08:08 5771539                    /lib/x86_64-linux-gnu/libnss_files-2.21.so
7fa4130ea000-7fa4130eb000 r--p 0000b000 08:08 5771539                    /lib/x86_64-linux-gnu/libnss_files-2.21.so
7fa4130eb000-7fa4130ec000 rw-p 0000c000 08:08 5771539                    /lib/x86_64-linux-gnu/libnss_files-2.21.so
7fa4130ec000-7fa4130f7000 r-xp 00000000 08:08 5771549                    /lib/x86_64-linux-gnu/libnss_nis-2.21.so
7fa4130f7000-7fa4132f6000 ---p 0000b000 08:08 5771549                    /lib/x86_64-linux-gnu/libnss_nis-2.21.so
7fa4132f6000-7fa4132f7000 r--p 0000a000 08:08 5771549                    /lib/x86_64-linux-gnu/libnss_nis-2.21.so
7fa4132f7000-7fa4132f8000 rw-p 0000b000 08:08 5771549                    /lib/x86_64-linux-gnu/libnss_nis-2.21.so
7fa4132f8000-7fa41330f000 r-xp 00000000 08:08 5771533                    /lib/x86_64-linux-gnu/libnsl-2.21.so
7fa41330f000-7fa41350e000 ---p 00017000 08:08 5771533                    /lib/x86_64-linux-gnu/libnsl-2.21.so
7fa41350e000-7fa41350f000 r--p 00016000 08:08 5771533                    /lib/x86_64-linux-gnu/libnsl-2.21.so
7fa41350f000-7fa413510000 rw-p 00017000 08:08 5771533                    /lib/x86_64-linux-gnu/libnsl-2.21.so
7fa413510000-7fa413512000 rw-p 00000000 00:00 0 
7fa413512000-7fa41351a000 r-xp 00000000 08:08 5771535                    /lib/x86_64-linux-gnu/libnss_compat-2.21.so
7fa41351a000-7fa413719000 ---p 00008000 08:08 5771535                    /lib/x86_64-linux-gnu/libnss_compat-2.21.so
7fa413719000-7fa41371a000 r--p 00007000 08:08 5771535                    /lib/x86_64-linux-gnu/libnss_compat-2.21.so
7fa41371a000-7fa41371b000 rw-p 00008000 08:08 5771535                    /lib/x86_64-linux-gnu/libnss_compat-2.21.so
7fa41371b000-7fa413dfd000 r--p 00000000 08:08 4070784                    /usr/lib/locale/locale-archive
7fa413dfd000-7fa413dff000 r-xp 00000000 08:08 2628975                    /home/hijj/software/javaAndroid/jdk/jdk8/jre/lib/amd64/libnpt.so
7fa413dff000-7fa413fff000 ---p 00002000 08:08 2628975                    /home/hijj/software/javaAndroid/jdk/jdk8/jre/lib/amd64/libnpt.so
7fa413fff000-7fa414000000 rw-p 00002000 08:08 2628975                    /home/hijj/software/javaAndroid/jdk/jdk8/jre/lib/amd64/libnpt.so
7fa414000000-7fa414168000 rw-p 00000000 00:00 0 
7fa414168000-7fa418000000 ---p 00000000 00:00 0 
7fa418001000-7fa418014000 r--s 00344000 08:08 2628842                    /home/hijj/software/javaAndroid/jdk/jdk8/jre/lib/resources.jar
7fa418014000-7fa41804d000 r-xp 00000000 08:08 2628992                    /home/hijj/software/javaAndroid/jdk/jdk8/jre/lib/amd64/libjdwp.so
7fa41804d000-7fa41824c000 ---p 00039000 08:08 2628992                    /home/hijj/software/javaAndroid/jdk/jdk8/jre/lib/amd64/libjdwp.so
7fa41824c000-7fa41824e000 rw-p 00038000 08:08 2628992                    /home/hijj/software/javaAndroid/jdk/jdk8/jre/lib/amd64/libjdwp.so
7fa41824e000-7fa418278000 r-xp 00000000 08:08 2628996                    /home/hijj/software/javaAndroid/jdk/jdk8/jre/lib/amd64/libjava.so
7fa418278000-7fa418478000 ---p 0002a000 08:08 2628996                    /home/hijj/software/javaAndroid/jdk/jdk8/jre/lib/amd64/libjava.so
7fa418478000-7fa41847a000 rw-p 0002a000 08:08 2628996                    /home/hijj/software/javaAndroid/jdk/jdk8/jre/lib/amd64/libjava.so
7fa41847a000-7fa418487000 r-xp 00000000 08:08 2629000                    /home/hijj/software/javaAndroid/jdk/jdk8/jre/lib/amd64/libverify.so
7fa418487000-7fa418687000 ---p 0000d000 08:08 2629000                    /home/hijj/software/javaAndroid/jdk/jdk8/jre/lib/amd64/libverify.so
7fa418687000-7fa418689000 rw-p 0000d000 08:08 2629000                    /home/hijj/software/javaAndroid/jdk/jdk8/jre/lib/amd64/libverify.so
7fa418689000-7fa418690000 r-xp 00000000 08:08 5771594                    /lib/x86_64-linux-gnu/librt-2.21.so
7fa418690000-7fa41888f000 ---p 00007000 08:08 5771594                    /lib/x86_64-linux-gnu/librt-2.21.so
7fa41888f000-7fa418890000 r--p 00006000 08:08 5771594                    /lib/x86_64-linux-gnu/librt-2.21.so
7fa418890000-7fa418891000 rw-p 00007000 08:08 5771594                    /lib/x86_64-linux-gnu/librt-2.21.so
7fa418891000-7fa418998000 r-xp 00000000 08:08 5771512                    /lib/x86_64-linux-gnu/libm-2.21.so
7fa418998000-7fa418b97000 ---p 00107000 08:08 5771512                    /lib/x86_64-linux-gnu/libm-2.21.so
7fa418b97000-7fa418b98000 r--p 00106000 08:08 5771512                    /lib/x86_64-linux-gnu/libm-2.21.so
7fa418b98000-7fa418b99000 rw-p 00107000 08:08 5771512                    /lib/x86_64-linux-gnu/libm-2.21.so
7fa418b99000-7fa419803000 r-xp 00000000 08:08 2628982                    /home/hijj/software/javaAndroid/jdk/jdk8/jre/lib/amd64/server/libjvm.so
7fa419803000-7fa419a02000 ---p 00c6a000 08:08 2628982                    /home/hijj/software/javaAndroid/jdk/jdk8/jre/lib/amd64/server/libjvm.so
7fa419a02000-7fa419ad9000 rw-p 00c69000 08:08 2628982                    /home/hijj/software/javaAndroid/jdk/jdk8/jre/lib/amd64/server/libjvm.so
7fa419ad9000-7fa419b1b000 rw-p 00000000 00:00 0 
7fa419b1b000-7fa419cdb000 r-xp 00000000 08:08 5771453                    /lib/x86_64-linux-gnu/libc-2.21.so
7fa419cdb000-7fa419edb000 ---p 001c0000 08:08 5771453                    /lib/x86_64-linux-gnu/libc-2.21.so
7fa419edb000-7fa419edf000 r--p 001c0000 08:08 5771453                    /lib/x86_64-linux-gnu/libc-2.21.so
7fa419edf000-7fa419ee1000 rw-p 001c4000 08:08 5771453                    /lib/x86_64-linux-gnu/libc-2.21.so
7fa419ee1000-7fa419ee5000 rw-p 00000000 00:00 0 
7fa419ee5000-7fa419ee8000 r-xp 00000000 08:08 5771470                    /lib/x86_64-linux-gnu/libdl-2.21.so
7fa419ee8000-7fa41a0e7000 ---p 00003000 08:08 5771470                    /lib/x86_64-linux-gnu/libdl-2.21.so
7fa41a0e7000-7fa41a0e8000 r--p 00002000 08:08 5771470                    /lib/x86_64-linux-gnu/libdl-2.21.so
7fa41a0e8000-7fa41a0e9000 rw-p 00003000 08:08 5771470                    /lib/x86_64-linux-gnu/libdl-2.21.so
7fa41a0e9000-7fa41a0fe000 r-xp 00000000 08:08 2628623                    /home/hijj/software/javaAndroid/jdk/jdk8/lib/amd64/jli/libjli.so
7fa41a0fe000-7fa41a2fd000 ---p 00015000 08:08 2628623                    /home/hijj/software/javaAndroid/jdk/jdk8/lib/amd64/jli/libjli.so
7fa41a2fd000-7fa41a2fe000 rw-p 00014000 08:08 2628623                    /home/hijj/software/javaAndroid/jdk/jdk8/lib/amd64/jli/libjli.so
7fa41a2fe000-7fa41a316000 r-xp 00000000 08:08 5771586                    /lib/x86_64-linux-gnu/libpthread-2.21.so
7fa41a316000-7fa41a516000 ---p 00018000 08:08 5771586                    /lib/x86_64-linux-gnu/libpthread-2.21.so
7fa41a516000-7fa41a517000 r--p 00018000 08:08 5771586                    /lib/x86_64-linux-gnu/libpthread-2.21.so
7fa41a517000-7fa41a518000 rw-p 00019000 08:08 5771586                    /lib/x86_64-linux-gnu/libpthread-2.21.so
7fa41a518000-7fa41a51c000 rw-p 00000000 00:00 0 
7fa41a51c000-7fa41a540000 r-xp 00000000 08:08 5771425                    /lib/x86_64-linux-gnu/ld-2.21.so
7fa41a546000-7fa41a61e000 rw-p 00000000 00:00 0 
7fa41a61e000-7fa41a621000 ---p 00000000 00:00 0 
7fa41a621000-7fa41a723000 rw-p 00000000 00:00 0                          [stack:3149]
7fa41a726000-7fa41a729000 rw-p 00000000 00:00 0 
7fa41a729000-7fa41a733000 r--s 00116000 08:08 2628866                    /home/hijj/software/javaAndroid/jdk/jdk8/jre/lib/ext/localedata.jar
7fa41a733000-7fa41a73b000 rw-s 00000000 08:08 5265860                    /tmp/hsperfdata_hijj/3143
7fa41a73b000-7fa41a73c000 rw-p 00000000 00:00 0 
7fa41a73c000-7fa41a73d000 r--p 00000000 00:00 0 
7fa41a73d000-7fa41a73f000 rw-p 00000000 00:00 0 
7fa41a73f000-7fa41a740000 r--p 00023000 08:08 5771425                    /lib/x86_64-linux-gnu/ld-2.21.so
7fa41a740000-7fa41a741000 rw-p 00024000 08:08 5771425                    /lib/x86_64-linux-gnu/ld-2.21.so
7fa41a741000-7fa41a742000 rw-p 00000000 00:00 0 
7ffc93092000-7ffc930b3000 rw-p 00000000 00:00 0                          [stack]
7ffc930f5000-7ffc930f7000 r--p 00000000 00:00 0                          [vvar]
7ffc930f7000-7ffc930f9000 r-xp 00000000 00:00 0                          [vdso]
ffffffffff600000-ffffffffff601000 r-xp 00000000 00:00 0                  [vsyscall]

VM Arguments:
jvm_args: -agentlib:jdwp=transport=dt_socket,suspend=y,address=localhost:52519 -Dfile.encoding=UTF-8 
java_command: learning.rzh1.rzh1
java_class_path (initial): /media/hijj/娱乐/github/repositories/ACM/Java/bin
Launcher Type: SUN_STANDARD

Environment Variables:
JAVA_HOME=/home/hijj/software/javaAndroid/jdk/jdk8
JRE_HOME=/home/hijj/software/javaAndroid/jdk/jdk8/jre
CLASSPATH=.:/home/hijj/software/javaAndroid/jdk/jdk8/lib:/home/hijj/software/javaAndroid/jdk/jdk8/jre/lib:.:$JAVA_HOME/lib:$JAVA_HOME/jre/lib
PATH=/home/hijj/software/javaAndroid/jdk/jdk8/bin:/home/hijj/software/javaAndroid/jdk/jdk8/jre/bin:/usr/local/sbin:/usr/local/bin:/usr/sbin:/usr/bin:/sbin:/bin:/usr/games:/usr/local/games:$JAVA_HOME/bin
SHELL=/bin/bash
DISPLAY=:0

Signal Handlers:
SIGSEGV: [libjvm.so+0xa77530], sa_mask[0]=11111111011111111101111111111110, sa_flags=SA_RESTART|SA_SIGINFO
SIGBUS: [libjvm.so+0xa77530], sa_mask[0]=11111111011111111101111111111110, sa_flags=SA_RESTART|SA_SIGINFO
SIGFPE: [libjvm.so+0x8e1d90], sa_mask[0]=11111111011111111101111111111110, sa_flags=SA_RESTART|SA_SIGINFO
SIGPIPE: [libjvm.so+0x8e1d90], sa_mask[0]=11111111011111111101111111111110, sa_flags=SA_RESTART|SA_SIGINFO
SIGXFSZ: [libjvm.so+0x8e1d90], sa_mask[0]=11111111011111111101111111111110, sa_flags=SA_RESTART|SA_SIGINFO
SIGILL: [libjvm.so+0x8e1d90], sa_mask[0]=11111111011111111101111111111110, sa_flags=SA_RESTART|SA_SIGINFO
SIGUSR1: SIG_DFL, sa_mask[0]=00000000000000000000000000000000, sa_flags=none
SIGUSR2: [libjvm.so+0x8e35c0], sa_mask[0]=00100000000000000000000000000000, sa_flags=SA_RESTART|SA_SIGINFO
SIGHUP: [libjvm.so+0x8e4980], sa_mask[0]=11111111011111111101111111111110, sa_flags=SA_RESTART|SA_SIGINFO
SIGINT: [libjvm.so+0x8e4980], sa_mask[0]=11111111011111111101111111111110, sa_flags=SA_RESTART|SA_SIGINFO
SIGTERM: [libjvm.so+0x8e4980], sa_mask[0]=11111111011111111101111111111110, sa_flags=SA_RESTART|SA_SIGINFO
SIGQUIT: [libjvm.so+0x8e4980], sa_mask[0]=11111111011111111101111111111110, sa_flags=SA_RESTART|SA_SIGINFO


---------------  S Y S T E M  ---------------

OS:DISTRIB_ID=Ubuntu
DISTRIB_RELEASE=15.04
DISTRIB_CODENAME=vivid
DISTRIB_DESCRIPTION="Ubuntu 15.04"

uname:Linux 3.19.0-32-generic #37-Ubuntu SMP Wed Oct 21 10:23:06 UTC 2015 x86_64
libc:glibc 2.21 NPTL 2.21 
rlimit: STACK 8192k, CORE 0k, NPROC 15002, NOFILE 65536, AS infinity
load average:0.13 0.17 0.25

/proc/meminfo:
MemTotal:        3863036 kB
MemFree:          479692 kB
MemAvailable:    1121412 kB
Buffers:          112600 kB
Cached:          1037624 kB
SwapCached:            0 kB
Active:          2336408 kB
Inactive:         817832 kB
Active(anon):    2007536 kB
Inactive(anon):   365372 kB
Active(file):     328872 kB
Inactive(file):   452460 kB
Unevictable:          48 kB
Mlocked:              48 kB
SwapTotal:       4005884 kB
SwapFree:        4005884 kB
Dirty:               440 kB
Writeback:             0 kB
AnonPages:       2004268 kB
Mapped:           338064 kB
Shmem:            368836 kB
Slab:              99492 kB
SReclaimable:      58660 kB
SUnreclaim:        40832 kB
KernelStack:       27040 kB
PageTables:        45156 kB
NFS_Unstable:          0 kB
Bounce:                0 kB
WritebackTmp:          0 kB
CommitLimit:     5937400 kB
Committed_AS:   11632620 kB
VmallocTotal:   34359738367 kB
VmallocUsed:      378056 kB
VmallocChunk:   34359349592 kB
HardwareCorrupted:     0 kB
AnonHugePages:    960512 kB
CmaTotal:              0 kB
CmaFree:               0 kB
HugePages_Total:       0
HugePages_Free:        0
HugePages_Rsvd:        0
HugePages_Surp:        0
Hugepagesize:       2048 kB
DirectMap4k:      142076 kB
DirectMap2M:     3866624 kB


CPU:total 4 (2 cores per cpu, 2 threads per core) family 6 model 58 stepping 9, cmov, cx8, fxsr, mmx, sse, sse2, sse3, ssse3, sse4.1, sse4.2, popcnt, avx, aes, clmul, erms, ht, tsc, tscinvbit, tscinv

/proc/cpuinfo:
processor	: 0
vendor_id	: GenuineIntel
cpu family	: 6
model		: 58
model name	: Intel(R) Core(TM) i5-3230M CPU @ 2.60GHz
stepping	: 9
microcode	: 0x17
cpu MHz		: 2999.953
cache size	: 3072 KB
physical id	: 0
siblings	: 4
core id		: 0
cpu cores	: 2
apicid		: 0
initial apicid	: 0
fpu		: yes
fpu_exception	: yes
cpuid level	: 13
wp		: yes
flags		: fpu vme de pse tsc msr pae mce cx8 apic sep mtrr pge mca cmov pat pse36 clflush dts acpi mmx fxsr sse sse2 ss ht tm pbe syscall nx rdtscp lm constant_tsc arch_perfmon pebs bts rep_good nopl xtopology nonstop_tsc aperfmperf eagerfpu pni pclmulqdq dtes64 monitor ds_cpl vmx est tm2 ssse3 cx16 xtpr pdcm pcid sse4_1 sse4_2 x2apic popcnt tsc_deadline_timer aes xsave avx f16c rdrand lahf_lm ida arat epb pln pts dtherm tpr_shadow vnmi flexpriority ept vpid fsgsbase smep erms xsaveopt
bugs		:
bogomips	: 5188.01
clflush size	: 64
cache_alignment	: 64
address sizes	: 36 bits physical, 48 bits virtual
power management:

processor	: 1
vendor_id	: GenuineIntel
cpu family	: 6
model		: 58
model name	: Intel(R) Core(TM) i5-3230M CPU @ 2.60GHz
stepping	: 9
microcode	: 0x17
cpu MHz		: 2999.953
cache size	: 3072 KB
physical id	: 0
siblings	: 4
core id		: 0
cpu cores	: 2
apicid		: 1
initial apicid	: 1
fpu		: yes
fpu_exception	: yes
cpuid level	: 13
wp		: yes
flags		: fpu vme de pse tsc msr pae mce cx8 apic sep mtrr pge mca cmov pat pse36 clflush dts acpi mmx fxsr sse sse2 ss ht tm pbe syscall nx rdtscp lm constant_tsc arch_perfmon pebs bts rep_good nopl xtopology nonstop_tsc aperfmperf eagerfpu pni pclmulqdq dtes64 monitor ds_cpl vmx est tm2 ssse3 cx16 xtpr pdcm pcid sse4_1 sse4_2 x2apic popcnt tsc_deadline_timer aes xsave avx f16c rdrand lahf_lm ida arat epb pln pts dtherm tpr_shadow vnmi flexpriority ept vpid fsgsbase smep erms xsaveopt
bugs		:
bogomips	: 5188.01
clflush size	: 64
cache_alignment	: 64
address sizes	: 36 bits physical, 48 bits virtual
power management:

processor	: 2
vendor_id	: GenuineIntel
cpu family	: 6
model		: 58
model name	: Intel(R) Core(TM) i5-3230M CPU @ 2.60GHz
stepping	: 9
microcode	: 0x17
cpu MHz		: 2999.953
cache size	: 3072 KB
physical id	: 0
siblings	: 4
core id		: 1
cpu cores	: 2
apicid		: 2
initial apicid	: 2
fpu		: yes
fpu_exception	: yes
cpuid level	: 13
wp		: yes
flags		: fpu vme de pse tsc msr pae mce cx8 apic sep mtrr pge mca cmov pat pse36 clflush dts acpi mmx fxsr sse sse2 ss ht tm pbe syscall nx rdtscp lm constant_tsc arch_perfmon pebs bts rep_good nopl xtopology nonstop_tsc aperfmperf eagerfpu pni pclmulqdq dtes64 monitor ds_cpl vmx est tm2 ssse3 cx16 xtpr pdcm pcid sse4_1 sse4_2 x2apic popcnt tsc_deadline_timer aes xsave avx f16c rdrand lahf_lm ida arat epb pln pts dtherm tpr_shadow vnmi flexpriority ept vpid fsgsbase smep erms xsaveopt
bugs		:
bogomips	: 5188.01
clflush size	: 64
cache_alignment	: 64
address sizes	: 36 bits physical, 48 bits virtual
power management:

processor	: 3
vendor_id	: GenuineIntel
cpu family	: 6
model		: 58
model name	: Intel(R) Core(TM) i5-3230M CPU @ 2.60GHz
stepping	: 9
microcode	: 0x17
cpu MHz		: 2999.953
cache size	: 3072 KB
physical id	: 0
siblings	: 4
core id		: 1
cpu cores	: 2
apicid		: 3
initial apicid	: 3
fpu		: yes
fpu_exception	: yes
cpuid level	: 13
wp		: yes
flags		: fpu vme de pse tsc msr pae mce cx8 apic sep mtrr pge mca cmov pat pse36 clflush dts acpi mmx fxsr sse sse2 ss ht tm pbe syscall nx rdtscp lm constant_tsc arch_perfmon pebs bts rep_good nopl xtopology nonstop_tsc aperfmperf eagerfpu pni pclmulqdq dtes64 monitor ds_cpl vmx est tm2 ssse3 cx16 xtpr pdcm pcid sse4_1 sse4_2 x2apic popcnt tsc_deadline_timer aes xsave avx f16c rdrand lahf_lm ida arat epb pln pts dtherm tpr_shadow vnmi flexpriority ept vpid fsgsbase smep erms xsaveopt
bugs		:
bogomips	: 5188.01
clflush size	: 64
cache_alignment	: 64
address sizes	: 36 bits physical, 48 bits virtual
power management:



Memory: 4k page, physical 3863036k(479776k free), swap 4005884k(4005884k free)

vm_info: Java HotSpot(TM) 64-Bit Server VM (25.20-b23) for linux-amd64 JRE (1.8.0_20-b26), built on Jul 30 2014 13:13:52 by "java_re" with gcc 4.3.0 20080428 (Red Hat 4.3.0-8)

time: Mon Nov  9 17:44:33 2015
elapsed time: 804 seconds (0d 0h 13m 24s)

