#
# A fatal error has been detected by the Java Runtime Environment:
#
#  SIGSEGV (0xb) at pc=0x00007fbfbf7da190, pid=3570, tid=140461022316288
#
# JRE version: Java(TM) SE Runtime Environment (8.0_20-b26) (build 1.8.0_20-b26)
# Java VM: Java HotSpot(TM) 64-Bit Server VM (25.20-b23 mixed mode linux-amd64 compressed oops)
# Problematic frame:
# V  [libjvm.so+0x873190]  Method::checked_resolve_jmethod_id(_jmethodID*)+0x20
#
# Failed to write core dump. Core dumps have been disabled. To enable core dumping, try "ulimit -c unlimited" before starting Java again
#
# If you would like to submit a bug report, please visit:
#   http://bugreport.sun.com/bugreport/crash.jsp
#

---------------  T H R E A D  ---------------

Current thread (0x00007fbfb80ba800):  JavaThread "JDWP Transport Listener: dt_socket" daemon [_thread_in_vm, id=3589, stack(0x00007fbfa1470000,0x00007fbfa1571000)]

siginfo: si_signo: 11 (SIGSEGV), si_code: 1 (SEGV_MAPERR), si_addr: 0x0000000000000031

Registers:
RAX=0x0000000000000001, RBX=0x00007fbfb80036a0, RCX=0x00007fbfc08e5340, RDX=0x00007fbfbfebefe0
RSP=0x00007fbfa156f950, RBP=0x00007fbfa156f960, RSI=0x00007fbfb80ba800, RDI=0x0000000000000031
R8 =0x00007fbf80007b40, R9 =0x0000000000000000, R10=0x0000000000000010, R11=0x00007fbfc007fff0
R12=0x0000000000000017, R13=0x0000000000000031, R14=0x00007fbfb80ba800, R15=0x00007fbfa156fa67
RIP=0x00007fbfbf7da190, EFLAGS=0x0000000000010202, CSGSFS=0x0000000000000033, ERR=0x0000000000000004
  TRAPNO=0x000000000000000e

Top of Stack: (sp=0x00007fbfa156f950)
0x00007fbfa156f950:   0000000000000074 00007fbfb80036a0
0x00007fbfa156f960:   00007fbfa156f9d0 00007fbfbf66f78e
0x00007fbfa156f970:   00007fbf80007b40 00007fbfa156f980
0x00007fbfa156f980:   00007fbfb80ba800 0000000000000000
0x00007fbfa156f990:   00007fbf00000000 0000000000000000
0x00007fbfa156f9a0:   00007fbfa156f9c0 00007fbfbe61bd60
0x00007fbfa156f9b0:   0000000000000031 00007fbfa156fa67
0x00007fbfa156f9c0:   0000000000000005 00007fbfa156fa67
0x00007fbfa156f9d0:   00007fbfa156fa00 00007fbfbe407872
0x00007fbfa156f9e0:   00007fbfa156fa00 0000000000000031
0x00007fbfa156f9f0:   00007fbfa156fad0 0000000000000028
0x00007fbfa156fa00:   00007fbfa156fa90 00007fbfbe3e8a60
0x00007fbfa156fa10:   00007fbfa156fa48 00007fbfa156fa40
0x00007fbfa156fa20:   00007fbfa156fa38 00007fbfa156fa5c
0x00007fbfa156fa30:   0000000180002ed0 0000000000000000
0x00007fbfa156fa40:   0000000000000000 0000000000000000
0x00007fbfa156fa50:   00007fbf80007c40 00000009a156fad0
0x00007fbfa156fa60:   0000000000000006 0000000000000002
0x00007fbfa156fa70:   000000000000000f 0000000000000002
0x00007fbfa156fa80:   00000000000f0200 000000000000000f
0x00007fbfa156fa90:   00007fbfa156fce0 00007fbfbe3f3976
0x00007fbfa156faa0:   00005d0600000013 00007fbfbf0f0200
0x00007fbfa156fab0:   00007fbf78000fb0 0000000000000000
0x00007fbfa156fac0:   00007fbfa156fad0 00007fbfa156fc60
0x00007fbfa156fad0:   00007fbfa156fbd9 00007fbf00000073
0x00007fbfa156fae0:   00007fbfa156fae8 00000000000000b9
0x00007fbfa156faf0:   00007fbfa156fb20 0000000000000000
0x00007fbfa156fb00:   00007f0000000000 00005d060000001c
0x00007fbfa156fb10:   00007fbf0000fc80 00007fbfa156fb20
0x00007fbfa156fb20:   bf7f000006000000 08000000606e0080
0x00007fbfa156fb30:   3e74696e696c633c 0056292803000000
0x00007fbfa156fb40:   0008000000000000 00586e0080bf7f00 

Instructions: (pc=0x00007fbfbf7da190)
0x00007fbfbf7da170:   55 48 89 e5 53 48 83 ec 08 48 85 ff 75 12 31 db
0x00007fbfbf7da180:   48 89 d8 48 83 c4 08 5b c9 c3 66 0f 1f 44 00 00
0x00007fbfbf7da190:   48 8b 1f 48 85 db 74 e6 48 83 fb 37 74 e0 48 8b
0x00007fbfbf7da1a0:   03 48 89 df ff 50 10 84 c0 0f 1f 80 00 00 00 00 

Register to memory mapping:

RAX=0x0000000000000001 is an unknown value
RBX=0x00007fbfb80036a0 is an unknown value
RCX=0x00007fbfc08e5340: <offset 0x219340> in /lib/x86_64-linux-gnu/libpthread.so.0 at 0x00007fbfc06cc000
RDX=0x00007fbfbfebefe0: <offset 0xf57fe0> in /home/hijj/software/javaAndroid/jdk/jdk8/jre/lib/amd64/server/libjvm.so at 0x00007fbfbef67000
RSP=0x00007fbfa156f950 is pointing into the stack for thread: 0x00007fbfb80ba800
RBP=0x00007fbfa156f960 is pointing into the stack for thread: 0x00007fbfb80ba800
RSI=0x00007fbfb80ba800 is a thread
RDI=0x0000000000000031 is an unknown value
R8 =0x00007fbf80007b40 is an unknown value
R9 =0x0000000000000000 is an unknown value
R10=0x0000000000000010 is an unknown value
R11=0x00007fbfc007fff0: <offset 0x196ff0> in /lib/x86_64-linux-gnu/libc.so.6 at 0x00007fbfbfee9000
R12=0x0000000000000017 is an unknown value
R13=0x0000000000000031 is an unknown value
R14=0x00007fbfb80ba800 is a thread
R15=0x00007fbfa156fa67 is pointing into the stack for thread: 0x00007fbfb80ba800


Stack: [0x00007fbfa1470000,0x00007fbfa1571000],  sp=0x00007fbfa156f950,  free space=1022k
Native frames: (J=compiled Java code, j=interpreted, Vv=VM code, C=native code)
V  [libjvm.so+0x873190]  Method::checked_resolve_jmethod_id(_jmethodID*)+0x20
V  [libjvm.so+0x70878e]  jvmti_IsMethodSynthetic+0x29e
C  [libjdwp.so+0x25872]  isMethodSynthetic+0x42
C  [libjdwp.so+0x6a60]  methods1+0x1b0
C  [libjdwp.so+0x11976]  debugLoop_run+0x2b6
C  [libjdwp.so+0x247af]  attachThread+0x2f
V  [libjvm.so+0x7744f2]  JvmtiAgentThread::call_start_function()+0xc2
V  [libjvm.so+0xa2990f]  JavaThread::thread_main_inner()+0xdf
V  [libjvm.so+0xa29a3c]  JavaThread::run()+0x11c
V  [libjvm.so+0x8e75f8]  java_start(Thread*)+0x108
C  [libpthread.so.0+0x76aa]  start_thread+0xca


---------------  P R O C E S S  ---------------

Java Threads: ( => current thread )
  0x00007fbfb80ca000 JavaThread "Service Thread" daemon [_thread_blocked, id=3599, stack(0x00007fbfa0e6a000,0x00007fbfa0f6b000)]
  0x00007fbfb80c5000 JavaThread "C1 CompilerThread2" daemon [_thread_blocked, id=3598, stack(0x00007fbfa0f6b000,0x00007fbfa106c000)]
  0x00007fbfb80c3000 JavaThread "C2 CompilerThread1" daemon [_thread_blocked, id=3597, stack(0x00007fbfa106c000,0x00007fbfa116d000)]
  0x00007fbfb80c0000 JavaThread "C2 CompilerThread0" daemon [_thread_blocked, id=3596, stack(0x00007fbfa116d000,0x00007fbfa126e000)]
  0x00007fbf80001000 JavaThread "JDWP Command Reader" daemon [_thread_in_native, id=3593, stack(0x00007fbfa126e000,0x00007fbfa136f000)]
  0x00007fbfb80be000 JavaThread "JDWP Event Helper Thread" daemon [_thread_blocked, id=3592, stack(0x00007fbfa136f000,0x00007fbfa1470000)]
=>0x00007fbfb80ba800 JavaThread "JDWP Transport Listener: dt_socket" daemon [_thread_in_vm, id=3589, stack(0x00007fbfa1470000,0x00007fbfa1571000)]
  0x00007fbfb80ad000 JavaThread "Signal Dispatcher" daemon [_thread_blocked, id=3587, stack(0x00007fbfa1775000,0x00007fbfa1876000)]
  0x00007fbfb807f000 JavaThread "Finalizer" daemon [_thread_blocked, id=3584, stack(0x00007fbfa1876000,0x00007fbfa1977000)]
  0x00007fbfb807d000 JavaThread "Reference Handler" daemon [_thread_blocked, id=3583, stack(0x00007fbfa1977000,0x00007fbfa1a78000)]
  0x00007fbfb800c000 JavaThread "main" [_thread_in_native, id=3573, stack(0x00007fbfc09ec000,0x00007fbfc0aed000)]

Other Threads:
  0x00007fbfb8075800 VMThread [stack: 0x00007fbfa1a78000,0x00007fbfa1b79000] [id=3582]
  0x00007fbfb80cc800 WatcherThread [stack: 0x00007fbfa0d69000,0x00007fbfa0e6a000] [id=3600]

VM state:not at safepoint (normal execution)

VM Mutex/Monitor currently owned by a thread: None

Heap:
 PSYoungGen      total 17920K, used 2154K [0x00000000ec580000, 0x00000000ed980000, 0x0000000100000000)
  eden space 15360K, 14% used [0x00000000ec580000,0x00000000ec79a800,0x00000000ed480000)
  from space 2560K, 0% used [0x00000000ed700000,0x00000000ed700000,0x00000000ed980000)
  to   space 2560K, 0% used [0x00000000ed480000,0x00000000ed480000,0x00000000ed700000)
 ParOldGen       total 40960K, used 0K [0x00000000c5000000, 0x00000000c7800000, 0x00000000ec580000)
  object space 40960K, 0% used [0x00000000c5000000,0x00000000c5000000,0x00000000c7800000)
 Metaspace       used 3561K, capacity 4644K, committed 4864K, reserved 1056768K
  class space    used 394K, capacity 396K, committed 512K, reserved 1048576K

Card table byte_map: [0x00007fbfbcb0d000,0x00007fbfbcce6000] byte_map_base: 0x00007fbfbc4e5000

Marking Bits: (ParMarkBitMap*) 0x00007fbfbfebeac0
 Begin Bits: [0x00007fbfa2280000, 0x00007fbfa3140000)
 End Bits:   [0x00007fbfa3140000, 0x00007fbfa4000000)

Polling page: 0x00007fbfc0b0a000

CodeCache: size=245760Kb used=1191Kb max_used=1191Kb free=244568Kb
 bounds [0x00007fbfa9000000, 0x00007fbfa9270000, 0x00007fbfb8000000]
 total_blobs=301 nmethods=64 adapters=160
 compilation: enabled

Compilation events (10 events):
Event: 0.291 Thread 0x00007fbfb80c5000   58       3       java.lang.StringBuilder::toString (17 bytes)
Event: 0.291 Thread 0x00007fbfb80c5000 nmethod 58 0x00007fbfa9124f90 code [0x00007fbfa9125100, 0x00007fbfa9125308]
Event: 0.291 Thread 0x00007fbfb80c5000   59       3       java.lang.String::indexOf (166 bytes)
Event: 0.291 Thread 0x00007fbfb80c5000 nmethod 59 0x00007fbfa9127dd0 code [0x00007fbfa9127f80, 0x00007fbfa91285d0]
Event: 0.293 Thread 0x00007fbfb80c5000   61       3       java.util.concurrent.ConcurrentHashMap::setTabAt (19 bytes)
Event: 0.293 Thread 0x00007fbfb80c5000 nmethod 61 0x00007fbfa9129550 code [0x00007fbfa91296a0, 0x00007fbfa9129810]
Event: 0.293 Thread 0x00007fbfb80c5000   63       3       java.util.concurrent.ConcurrentHashMap::casTabAt (20 bytes)
Event: 0.294 Thread 0x00007fbfb80c5000 nmethod 63 0x00007fbfa9129890 code [0x00007fbfa91299e0, 0x00007fbfa9129b50]
Event: 752.396 Thread 0x00007fbfb80c5000   64       3       java.util.concurrent.ConcurrentHashMap$Node::<init> (26 bytes)
Event: 752.396 Thread 0x00007fbfb80c5000 nmethod 64 0x00007fbfa9129bd0 code [0x00007fbfa9129d40, 0x00007fbfa9129f30]

GC Heap History (0 events):
No events

Deoptimization events (0 events):
No events

Internal exceptions (10 events):
Event: 0.282 Thread 0x00007fbfb800c000 Exception <a 'java/security/PrivilegedActionException'> (0x00000000ec72c520) thrown at [/HUDSON/workspace/8-2-build-linux-amd64/jdk8u20/1074/hotspot/src/share/vm/prims/jvm.cpp, line 1275]
Event: 0.282 Thread 0x00007fbfb800c000 Exception <a 'java/security/PrivilegedActionException'> (0x00000000ec72d6d8) thrown at [/HUDSON/workspace/8-2-build-linux-amd64/jdk8u20/1074/hotspot/src/share/vm/prims/jvm.cpp, line 1275]
Event: 0.283 Thread 0x00007fbfb800c000 Exception <a 'java/security/PrivilegedActionException'> (0x00000000ec7300f8) thrown at [/HUDSON/workspace/8-2-build-linux-amd64/jdk8u20/1074/hotspot/src/share/vm/prims/jvm.cpp, line 1275]
Event: 0.283 Thread 0x00007fbfb800c000 Exception <a 'java/security/PrivilegedActionException'> (0x00000000ec731498) thrown at [/HUDSON/workspace/8-2-build-linux-amd64/jdk8u20/1074/hotspot/src/share/vm/prims/jvm.cpp, line 1275]
Event: 0.288 Thread 0x00007fbfb800c000 Exception <a 'java/security/PrivilegedActionException'> (0x00000000ec745190) thrown at [/HUDSON/workspace/8-2-build-linux-amd64/jdk8u20/1074/hotspot/src/share/vm/prims/jvm.cpp, line 1275]
Event: 0.288 Thread 0x00007fbfb800c000 Exception <a 'java/security/PrivilegedActionException'> (0x00000000ec746628) thrown at [/HUDSON/workspace/8-2-build-linux-amd64/jdk8u20/1074/hotspot/src/share/vm/prims/jvm.cpp, line 1275]
Event: 0.289 Thread 0x00007fbfb800c000 Exception <a 'java/security/PrivilegedActionException'> (0x00000000ec753cc0) thrown at [/HUDSON/workspace/8-2-build-linux-amd64/jdk8u20/1074/hotspot/src/share/vm/prims/jvm.cpp, line 1275]
Event: 0.290 Thread 0x00007fbfb800c000 Exception <a 'java/security/PrivilegedActionException'> (0x00000000ec755380) thrown at [/HUDSON/workspace/8-2-build-linux-amd64/jdk8u20/1074/hotspot/src/share/vm/prims/jvm.cpp, line 1275]
Event: 0.290 Thread 0x00007fbfb800c000 Exception <a 'java/security/PrivilegedActionException'> (0x00000000ec757a20) thrown at [/HUDSON/workspace/8-2-build-linux-amd64/jdk8u20/1074/hotspot/src/share/vm/prims/jvm.cpp, line 1275]
Event: 0.290 Thread 0x00007fbfb800c000 Exception <a 'java/security/PrivilegedActionException'> (0x00000000ec759100) thrown at [/HUDSON/workspace/8-2-build-linux-amd64/jdk8u20/1074/hotspot/src/share/vm/prims/jvm.cpp, line 1275]

Events (10 events):
Event: 752.430 Executing VM operation: ChangeBreakpoints
Event: 752.430 Executing VM operation: ChangeBreakpoints done
Event: 752.438 Executing VM operation: ChangeBreakpoints
Event: 752.438 Executing VM operation: ChangeBreakpoints done
Event: 752.438 Executing VM operation: ChangeBreakpoints
Event: 752.438 Executing VM operation: ChangeBreakpoints done
Event: 752.442 Executing VM operation: ChangeBreakpoints
Event: 752.442 Executing VM operation: ChangeBreakpoints done
Event: 764.929 Executing VM operation: RedefineClasses
Event: 764.929 Executing VM operation: RedefineClasses done


Dynamic libraries:
00400000-00401000 r-xp 00000000 08:08 2622385                            /home/hijj/software/javaAndroid/jdk/jdk8/bin/java
00600000-00601000 rw-p 00000000 08:08 2622385                            /home/hijj/software/javaAndroid/jdk/jdk8/bin/java
00e23000-00e44000 rw-p 00000000 00:00 0                                  [heap]
c5000000-c7800000 rw-p 00000000 00:00 0 
c7800000-ec580000 ---p 00000000 00:00 0 
ec580000-ed980000 rw-p 00000000 00:00 0 
ed980000-100000000 ---p 00000000 00:00 0 
100000000-100080000 rw-p 00000000 00:00 0 
100080000-140000000 ---p 00000000 00:00 0 
7fbf5c000000-7fbf5c021000 rw-p 00000000 00:00 0 
7fbf5c021000-7fbf60000000 ---p 00000000 00:00 0 
7fbf64000000-7fbf6405a000 rw-p 00000000 00:00 0 
7fbf6405a000-7fbf68000000 ---p 00000000 00:00 0 
7fbf68000000-7fbf68021000 rw-p 00000000 00:00 0 
7fbf68021000-7fbf6c000000 ---p 00000000 00:00 0 
7fbf6c000000-7fbf6c04e000 rw-p 00000000 00:00 0 
7fbf6c04e000-7fbf70000000 ---p 00000000 00:00 0 
7fbf70000000-7fbf70021000 rw-p 00000000 00:00 0 
7fbf70021000-7fbf74000000 ---p 00000000 00:00 0 
7fbf74000000-7fbf74021000 rw-p 00000000 00:00 0 
7fbf74021000-7fbf78000000 ---p 00000000 00:00 0 
7fbf78000000-7fbf78021000 rw-p 00000000 00:00 0 
7fbf78021000-7fbf7c000000 ---p 00000000 00:00 0 
7fbf7c000000-7fbf7c021000 rw-p 00000000 00:00 0 
7fbf7c021000-7fbf80000000 ---p 00000000 00:00 0 
7fbf80000000-7fbf80022000 rw-p 00000000 00:00 0 
7fbf80022000-7fbf84000000 ---p 00000000 00:00 0 
7fbf84000000-7fbf84021000 rw-p 00000000 00:00 0 
7fbf84021000-7fbf88000000 ---p 00000000 00:00 0 
7fbf88000000-7fbf88021000 rw-p 00000000 00:00 0 
7fbf88021000-7fbf8c000000 ---p 00000000 00:00 0 
7fbf8c000000-7fbf8c021000 rw-p 00000000 00:00 0 
7fbf8c021000-7fbf90000000 ---p 00000000 00:00 0 
7fbf90000000-7fbf90021000 rw-p 00000000 00:00 0 
7fbf90021000-7fbf94000000 ---p 00000000 00:00 0 
7fbf94000000-7fbf94021000 rw-p 00000000 00:00 0 
7fbf94021000-7fbf98000000 ---p 00000000 00:00 0 
7fbf9c000000-7fbf9c021000 rw-p 00000000 00:00 0 
7fbf9c021000-7fbfa0000000 ---p 00000000 00:00 0 
7fbfa0af4000-7fbfa0d69000 rw-p 00000000 00:00 0 
7fbfa0d69000-7fbfa0d6a000 ---p 00000000 00:00 0 
7fbfa0d6a000-7fbfa0e6a000 rw-p 00000000 00:00 0                          [stack:3600]
7fbfa0e6a000-7fbfa0e6d000 ---p 00000000 00:00 0 
7fbfa0e6d000-7fbfa0f6b000 rw-p 00000000 00:00 0                          [stack:3599]
7fbfa0f6b000-7fbfa0f6e000 ---p 00000000 00:00 0 
7fbfa0f6e000-7fbfa106c000 rw-p 00000000 00:00 0                          [stack:3598]
7fbfa106c000-7fbfa106f000 ---p 00000000 00:00 0 
7fbfa106f000-7fbfa116d000 rw-p 00000000 00:00 0                          [stack:3597]
7fbfa116d000-7fbfa1170000 ---p 00000000 00:00 0 
7fbfa1170000-7fbfa126e000 rw-p 00000000 00:00 0                          [stack:3596]
7fbfa126e000-7fbfa1271000 ---p 00000000 00:00 0 
7fbfa1271000-7fbfa136f000 rw-p 00000000 00:00 0                          [stack:3593]
7fbfa136f000-7fbfa1372000 ---p 00000000 00:00 0 
7fbfa1372000-7fbfa1470000 rw-p 00000000 00:00 0                          [stack:3592]
7fbfa1470000-7fbfa1473000 ---p 00000000 00:00 0 
7fbfa1473000-7fbfa1571000 rw-p 00000000 00:00 0                          [stack:3589]
7fbfa1571000-7fbfa1575000 r-xp 00000000 08:08 2628974                    /home/hijj/software/javaAndroid/jdk/jdk8/jre/lib/amd64/libdt_socket.so
7fbfa1575000-7fbfa1774000 ---p 00004000 08:08 2628974                    /home/hijj/software/javaAndroid/jdk/jdk8/jre/lib/amd64/libdt_socket.so
7fbfa1774000-7fbfa1775000 rw-p 00003000 08:08 2628974                    /home/hijj/software/javaAndroid/jdk/jdk8/jre/lib/amd64/libdt_socket.so
7fbfa1775000-7fbfa1778000 ---p 00000000 00:00 0 
7fbfa1778000-7fbfa1876000 rw-p 00000000 00:00 0                          [stack:3587]
7fbfa1876000-7fbfa1879000 ---p 00000000 00:00 0 
7fbfa1879000-7fbfa1977000 rw-p 00000000 00:00 0                          [stack:3584]
7fbfa1977000-7fbfa197a000 ---p 00000000 00:00 0 
7fbfa197a000-7fbfa1a78000 rw-p 00000000 00:00 0                          [stack:3583]
7fbfa1a78000-7fbfa1a79000 ---p 00000000 00:00 0 
7fbfa1a79000-7fbfa4000000 rw-p 00000000 00:00 0                          [stack:3582]
7fbfa4000000-7fbfa4021000 rw-p 00000000 00:00 0 
7fbfa4021000-7fbfa8000000 ---p 00000000 00:00 0 
7fbfa80bc000-7fbfa80d8000 r--s 00393000 08:08 2628860                    /home/hijj/software/javaAndroid/jdk/jdk8/jre/lib/ext/cldrdata.jar
7fbfa80d8000-7fbfa8c40000 rw-p 00000000 00:00 0 
7fbfa8c40000-7fbfa9000000 ---p 00000000 00:00 0 
7fbfa9000000-7fbfa9270000 rwxp 00000000 00:00 0 
7fbfa9270000-7fbfb8000000 ---p 00000000 00:00 0 
7fbfb8000000-7fbfb8160000 rw-p 00000000 00:00 0 
7fbfb8160000-7fbfbc000000 ---p 00000000 00:00 0 
7fbfbc005000-7fbfbc018000 r--s 00344000 08:08 2628842                    /home/hijj/software/javaAndroid/jdk/jdk8/jre/lib/resources.jar
7fbfbc018000-7fbfbc1aa000 rw-p 00000000 00:00 0 
7fbfbc1aa000-7fbfbc380000 r--s 03ca8000 08:08 2628807                    /home/hijj/software/javaAndroid/jdk/jdk8/jre/lib/rt.jar
7fbfbc380000-7fbfbc5ce000 rw-p 00000000 00:00 0 
7fbfbc5ce000-7fbfbc5cf000 ---p 00000000 00:00 0 
7fbfbc5cf000-7fbfbc6cf000 rw-p 00000000 00:00 0                          [stack:3581]
7fbfbc6cf000-7fbfbc6d0000 ---p 00000000 00:00 0 
7fbfbc6d0000-7fbfbc7d0000 rw-p 00000000 00:00 0                          [stack:3580]
7fbfbc7d0000-7fbfbc7d1000 ---p 00000000 00:00 0 
7fbfbc7d1000-7fbfbc8d1000 rw-p 00000000 00:00 0                          [stack:3579]
7fbfbc8d1000-7fbfbc8d2000 ---p 00000000 00:00 0 
7fbfbc8d2000-7fbfbc9e6000 rw-p 00000000 00:00 0                          [stack:3577]
7fbfbc9e6000-7fbfbcb0d000 ---p 00000000 00:00 0 
7fbfbcb0d000-7fbfbcb21000 rw-p 00000000 00:00 0 
7fbfbcb21000-7fbfbcc47000 ---p 00000000 00:00 0 
7fbfbcc47000-7fbfbcc52000 rw-p 00000000 00:00 0 
7fbfbcc52000-7fbfbcce5000 ---p 00000000 00:00 0 
7fbfbcce5000-7fbfbccf0000 rw-p 00000000 00:00 0 
7fbfbccf0000-7fbfbd0a6000 ---p 00000000 00:00 0 
7fbfbd0a6000-7fbfbd0c0000 r-xp 00000000 08:08 2629001                    /home/hijj/software/javaAndroid/jdk/jdk8/jre/lib/amd64/libzip.so
7fbfbd0c0000-7fbfbd2c0000 ---p 0001a000 08:08 2629001                    /home/hijj/software/javaAndroid/jdk/jdk8/jre/lib/amd64/libzip.so
7fbfbd2c0000-7fbfbd2c1000 rw-p 0001a000 08:08 2629001                    /home/hijj/software/javaAndroid/jdk/jdk8/jre/lib/amd64/libzip.so
7fbfbd2c1000-7fbfbd2cd000 r-xp 00000000 08:08 5771539                    /lib/x86_64-linux-gnu/libnss_files-2.21.so
7fbfbd2cd000-7fbfbd4cc000 ---p 0000c000 08:08 5771539                    /lib/x86_64-linux-gnu/libnss_files-2.21.so
7fbfbd4cc000-7fbfbd4cd000 r--p 0000b000 08:08 5771539                    /lib/x86_64-linux-gnu/libnss_files-2.21.so
7fbfbd4cd000-7fbfbd4ce000 rw-p 0000c000 08:08 5771539                    /lib/x86_64-linux-gnu/libnss_files-2.21.so
7fbfbd4ce000-7fbfbd4d9000 r-xp 00000000 08:08 5771549                    /lib/x86_64-linux-gnu/libnss_nis-2.21.so
7fbfbd4d9000-7fbfbd6d8000 ---p 0000b000 08:08 5771549                    /lib/x86_64-linux-gnu/libnss_nis-2.21.so
7fbfbd6d8000-7fbfbd6d9000 r--p 0000a000 08:08 5771549                    /lib/x86_64-linux-gnu/libnss_nis-2.21.so
7fbfbd6d9000-7fbfbd6da000 rw-p 0000b000 08:08 5771549                    /lib/x86_64-linux-gnu/libnss_nis-2.21.so
7fbfbd6da000-7fbfbd6f1000 r-xp 00000000 08:08 5771533                    /lib/x86_64-linux-gnu/libnsl-2.21.so
7fbfbd6f1000-7fbfbd8f0000 ---p 00017000 08:08 5771533                    /lib/x86_64-linux-gnu/libnsl-2.21.so
7fbfbd8f0000-7fbfbd8f1000 r--p 00016000 08:08 5771533                    /lib/x86_64-linux-gnu/libnsl-2.21.so
7fbfbd8f1000-7fbfbd8f2000 rw-p 00017000 08:08 5771533                    /lib/x86_64-linux-gnu/libnsl-2.21.so
7fbfbd8f2000-7fbfbd8f4000 rw-p 00000000 00:00 0 
7fbfbd8f4000-7fbfbd8fc000 r-xp 00000000 08:08 5771535                    /lib/x86_64-linux-gnu/libnss_compat-2.21.so
7fbfbd8fc000-7fbfbdafb000 ---p 00008000 08:08 5771535                    /lib/x86_64-linux-gnu/libnss_compat-2.21.so
7fbfbdafb000-7fbfbdafc000 r--p 00007000 08:08 5771535                    /lib/x86_64-linux-gnu/libnss_compat-2.21.so
7fbfbdafc000-7fbfbdafd000 rw-p 00008000 08:08 5771535                    /lib/x86_64-linux-gnu/libnss_compat-2.21.so
7fbfbdafd000-7fbfbe1df000 r--p 00000000 08:08 4070784                    /usr/lib/locale/locale-archive
7fbfbe1df000-7fbfbe1e1000 r-xp 00000000 08:08 2628975                    /home/hijj/software/javaAndroid/jdk/jdk8/jre/lib/amd64/libnpt.so
7fbfbe1e1000-7fbfbe3e1000 ---p 00002000 08:08 2628975                    /home/hijj/software/javaAndroid/jdk/jdk8/jre/lib/amd64/libnpt.so
7fbfbe3e1000-7fbfbe3e2000 rw-p 00002000 08:08 2628975                    /home/hijj/software/javaAndroid/jdk/jdk8/jre/lib/amd64/libnpt.so
7fbfbe3e2000-7fbfbe41b000 r-xp 00000000 08:08 2628992                    /home/hijj/software/javaAndroid/jdk/jdk8/jre/lib/amd64/libjdwp.so
7fbfbe41b000-7fbfbe61a000 ---p 00039000 08:08 2628992                    /home/hijj/software/javaAndroid/jdk/jdk8/jre/lib/amd64/libjdwp.so
7fbfbe61a000-7fbfbe61c000 rw-p 00038000 08:08 2628992                    /home/hijj/software/javaAndroid/jdk/jdk8/jre/lib/amd64/libjdwp.so
7fbfbe61c000-7fbfbe646000 r-xp 00000000 08:08 2628996                    /home/hijj/software/javaAndroid/jdk/jdk8/jre/lib/amd64/libjava.so
7fbfbe646000-7fbfbe846000 ---p 0002a000 08:08 2628996                    /home/hijj/software/javaAndroid/jdk/jdk8/jre/lib/amd64/libjava.so
7fbfbe846000-7fbfbe848000 rw-p 0002a000 08:08 2628996                    /home/hijj/software/javaAndroid/jdk/jdk8/jre/lib/amd64/libjava.so
7fbfbe848000-7fbfbe855000 r-xp 00000000 08:08 2629000                    /home/hijj/software/javaAndroid/jdk/jdk8/jre/lib/amd64/libverify.so
7fbfbe855000-7fbfbea55000 ---p 0000d000 08:08 2629000                    /home/hijj/software/javaAndroid/jdk/jdk8/jre/lib/amd64/libverify.so
7fbfbea55000-7fbfbea57000 rw-p 0000d000 08:08 2629000                    /home/hijj/software/javaAndroid/jdk/jdk8/jre/lib/amd64/libverify.so
7fbfbea57000-7fbfbea5e000 r-xp 00000000 08:08 5771594                    /lib/x86_64-linux-gnu/librt-2.21.so
7fbfbea5e000-7fbfbec5d000 ---p 00007000 08:08 5771594                    /lib/x86_64-linux-gnu/librt-2.21.so
7fbfbec5d000-7fbfbec5e000 r--p 00006000 08:08 5771594                    /lib/x86_64-linux-gnu/librt-2.21.so
7fbfbec5e000-7fbfbec5f000 rw-p 00007000 08:08 5771594                    /lib/x86_64-linux-gnu/librt-2.21.so
7fbfbec5f000-7fbfbed66000 r-xp 00000000 08:08 5771512                    /lib/x86_64-linux-gnu/libm-2.21.so
7fbfbed66000-7fbfbef65000 ---p 00107000 08:08 5771512                    /lib/x86_64-linux-gnu/libm-2.21.so
7fbfbef65000-7fbfbef66000 r--p 00106000 08:08 5771512                    /lib/x86_64-linux-gnu/libm-2.21.so
7fbfbef66000-7fbfbef67000 rw-p 00107000 08:08 5771512                    /lib/x86_64-linux-gnu/libm-2.21.so
7fbfbef67000-7fbfbfbd1000 r-xp 00000000 08:08 2628982                    /home/hijj/software/javaAndroid/jdk/jdk8/jre/lib/amd64/server/libjvm.so
7fbfbfbd1000-7fbfbfdd0000 ---p 00c6a000 08:08 2628982                    /home/hijj/software/javaAndroid/jdk/jdk8/jre/lib/amd64/server/libjvm.so
7fbfbfdd0000-7fbfbfea7000 rw-p 00c69000 08:08 2628982                    /home/hijj/software/javaAndroid/jdk/jdk8/jre/lib/amd64/server/libjvm.so
7fbfbfea7000-7fbfbfee9000 rw-p 00000000 00:00 0 
7fbfbfee9000-7fbfc00a9000 r-xp 00000000 08:08 5771453                    /lib/x86_64-linux-gnu/libc-2.21.so
7fbfc00a9000-7fbfc02a9000 ---p 001c0000 08:08 5771453                    /lib/x86_64-linux-gnu/libc-2.21.so
7fbfc02a9000-7fbfc02ad000 r--p 001c0000 08:08 5771453                    /lib/x86_64-linux-gnu/libc-2.21.so
7fbfc02ad000-7fbfc02af000 rw-p 001c4000 08:08 5771453                    /lib/x86_64-linux-gnu/libc-2.21.so
7fbfc02af000-7fbfc02b3000 rw-p 00000000 00:00 0 
7fbfc02b3000-7fbfc02b6000 r-xp 00000000 08:08 5771470                    /lib/x86_64-linux-gnu/libdl-2.21.so
7fbfc02b6000-7fbfc04b5000 ---p 00003000 08:08 5771470                    /lib/x86_64-linux-gnu/libdl-2.21.so
7fbfc04b5000-7fbfc04b6000 r--p 00002000 08:08 5771470                    /lib/x86_64-linux-gnu/libdl-2.21.so
7fbfc04b6000-7fbfc04b7000 rw-p 00003000 08:08 5771470                    /lib/x86_64-linux-gnu/libdl-2.21.so
7fbfc04b7000-7fbfc04cc000 r-xp 00000000 08:08 2628623                    /home/hijj/software/javaAndroid/jdk/jdk8/lib/amd64/jli/libjli.so
7fbfc04cc000-7fbfc06cb000 ---p 00015000 08:08 2628623                    /home/hijj/software/javaAndroid/jdk/jdk8/lib/amd64/jli/libjli.so
7fbfc06cb000-7fbfc06cc000 rw-p 00014000 08:08 2628623                    /home/hijj/software/javaAndroid/jdk/jdk8/lib/amd64/jli/libjli.so
7fbfc06cc000-7fbfc06e4000 r-xp 00000000 08:08 5771586                    /lib/x86_64-linux-gnu/libpthread-2.21.so
7fbfc06e4000-7fbfc08e4000 ---p 00018000 08:08 5771586                    /lib/x86_64-linux-gnu/libpthread-2.21.so
7fbfc08e4000-7fbfc08e5000 r--p 00018000 08:08 5771586                    /lib/x86_64-linux-gnu/libpthread-2.21.so
7fbfc08e5000-7fbfc08e6000 rw-p 00019000 08:08 5771586                    /lib/x86_64-linux-gnu/libpthread-2.21.so
7fbfc08e6000-7fbfc08ea000 rw-p 00000000 00:00 0 
7fbfc08ea000-7fbfc090e000 r-xp 00000000 08:08 5771425                    /lib/x86_64-linux-gnu/ld-2.21.so
7fbfc0914000-7fbfc09ec000 rw-p 00000000 00:00 0 
7fbfc09ec000-7fbfc09ef000 ---p 00000000 00:00 0 
7fbfc09ef000-7fbfc0af1000 rw-p 00000000 00:00 0                          [stack:3573]
7fbfc0af4000-7fbfc0af7000 rw-p 00000000 00:00 0 
7fbfc0af7000-7fbfc0b01000 r--s 00116000 08:08 2628866                    /home/hijj/software/javaAndroid/jdk/jdk8/jre/lib/ext/localedata.jar
7fbfc0b01000-7fbfc0b09000 rw-s 00000000 08:08 5265878                    /tmp/hsperfdata_hijj/3570
7fbfc0b09000-7fbfc0b0a000 rw-p 00000000 00:00 0 
7fbfc0b0a000-7fbfc0b0b000 r--p 00000000 00:00 0 
7fbfc0b0b000-7fbfc0b0d000 rw-p 00000000 00:00 0 
7fbfc0b0d000-7fbfc0b0e000 r--p 00023000 08:08 5771425                    /lib/x86_64-linux-gnu/ld-2.21.so
7fbfc0b0e000-7fbfc0b0f000 rw-p 00024000 08:08 5771425                    /lib/x86_64-linux-gnu/ld-2.21.so
7fbfc0b0f000-7fbfc0b10000 rw-p 00000000 00:00 0 
7ffd29832000-7ffd29853000 rw-p 00000000 00:00 0                          [stack]
7ffd299dd000-7ffd299df000 r--p 00000000 00:00 0                          [vvar]
7ffd299df000-7ffd299e1000 r-xp 00000000 00:00 0                          [vdso]
ffffffffff600000-ffffffffff601000 r-xp 00000000 00:00 0                  [vsyscall]

VM Arguments:
jvm_args: -agentlib:jdwp=transport=dt_socket,suspend=y,address=localhost:45700 -Dfile.encoding=UTF-8 
java_command: learning.rzh1.rzh1
java_class_path (initial): /media/hijj/娱乐/github/repositories/ACM/Java/bin
Launcher Type: SUN_STANDARD

Environment Variables:
JAVA_HOME=/home/hijj/software/javaAndroid/jdk/jdk8
JRE_HOME=/home/hijj/software/javaAndroid/jdk/jdk8/jre
CLASSPATH=.:/home/hijj/software/javaAndroid/jdk/jdk8/lib:/home/hijj/software/javaAndroid/jdk/jdk8/jre/lib:.:$JAVA_HOME/lib:$JAVA_HOME/jre/lib
PATH=/home/hijj/software/javaAndroid/jdk/jdk8/bin:/home/hijj/software/javaAndroid/jdk/jdk8/jre/bin:/usr/local/sbin:/usr/local/bin:/usr/sbin:/usr/bin:/sbin:/bin:/usr/games:/usr/local/games:$JAVA_HOME/bin
SHELL=/bin/bash
DISPLAY=:0

Signal Handlers:
SIGSEGV: [libjvm.so+0xa77530], sa_mask[0]=11111111011111111101111111111110, sa_flags=SA_RESTART|SA_SIGINFO
SIGBUS: [libjvm.so+0xa77530], sa_mask[0]=11111111011111111101111111111110, sa_flags=SA_RESTART|SA_SIGINFO
SIGFPE: [libjvm.so+0x8e1d90], sa_mask[0]=11111111011111111101111111111110, sa_flags=SA_RESTART|SA_SIGINFO
SIGPIPE: [libjvm.so+0x8e1d90], sa_mask[0]=11111111011111111101111111111110, sa_flags=SA_RESTART|SA_SIGINFO
SIGXFSZ: [libjvm.so+0x8e1d90], sa_mask[0]=11111111011111111101111111111110, sa_flags=SA_RESTART|SA_SIGINFO
SIGILL: [libjvm.so+0x8e1d90], sa_mask[0]=11111111011111111101111111111110, sa_flags=SA_RESTART|SA_SIGINFO
SIGUSR1: SIG_DFL, sa_mask[0]=00000000000000000000000000000000, sa_flags=none
SIGUSR2: [libjvm.so+0x8e35c0], sa_mask[0]=00100000000000000000000000000000, sa_flags=SA_RESTART|SA_SIGINFO
SIGHUP: [libjvm.so+0x8e4980], sa_mask[0]=11111111011111111101111111111110, sa_flags=SA_RESTART|SA_SIGINFO
SIGINT: [libjvm.so+0x8e4980], sa_mask[0]=11111111011111111101111111111110, sa_flags=SA_RESTART|SA_SIGINFO
SIGTERM: [libjvm.so+0x8e4980], sa_mask[0]=11111111011111111101111111111110, sa_flags=SA_RESTART|SA_SIGINFO
SIGQUIT: [libjvm.so+0x8e4980], sa_mask[0]=11111111011111111101111111111110, sa_flags=SA_RESTART|SA_SIGINFO


---------------  S Y S T E M  ---------------

OS:DISTRIB_ID=Ubuntu
DISTRIB_RELEASE=15.04
DISTRIB_CODENAME=vivid
DISTRIB_DESCRIPTION="Ubuntu 15.04"

uname:Linux 3.19.0-32-generic #37-Ubuntu SMP Wed Oct 21 10:23:06 UTC 2015 x86_64
libc:glibc 2.21 NPTL 2.21 
rlimit: STACK 8192k, CORE 0k, NPROC 15002, NOFILE 65536, AS infinity
load average:0.13 0.17 0.25

/proc/meminfo:
MemTotal:        3863036 kB
MemFree:          604184 kB
MemAvailable:    1245528 kB
Buffers:          112940 kB
Cached:          1038288 kB
SwapCached:            0 kB
Active:          2221456 kB
Inactive:         817756 kB
Active(anon):    1891508 kB
Inactive(anon):   365788 kB
Active(file):     329948 kB
Inactive(file):   451968 kB
Unevictable:          48 kB
Mlocked:              48 kB
SwapTotal:       4005884 kB
SwapFree:        4005884 kB
Dirty:               816 kB
Writeback:             0 kB
AnonPages:       1887960 kB
Mapped:           338320 kB
Shmem:            369092 kB
Slab:              97392 kB
SReclaimable:      56744 kB
SUnreclaim:        40648 kB
KernelStack:       24144 kB
PageTables:        42688 kB
NFS_Unstable:          0 kB
Bounce:                0 kB
WritebackTmp:          0 kB
CommitLimit:     5937400 kB
Committed_AS:   10488220 kB
VmallocTotal:   34359738367 kB
VmallocUsed:      378056 kB
VmallocChunk:   34359349592 kB
HardwareCorrupted:     0 kB
AnonHugePages:    919552 kB
CmaTotal:              0 kB
CmaFree:               0 kB
HugePages_Total:       0
HugePages_Free:        0
HugePages_Rsvd:        0
HugePages_Surp:        0
Hugepagesize:       2048 kB
DirectMap4k:      142076 kB
DirectMap2M:     3866624 kB


CPU:total 4 (2 cores per cpu, 2 threads per core) family 6 model 58 stepping 9, cmov, cx8, fxsr, mmx, sse, sse2, sse3, ssse3, sse4.1, sse4.2, popcnt, avx, aes, clmul, erms, ht, tsc, tscinvbit, tscinv

/proc/cpuinfo:
processor	: 0
vendor_id	: GenuineIntel
cpu family	: 6
model		: 58
model name	: Intel(R) Core(TM) i5-3230M CPU @ 2.60GHz
stepping	: 9
microcode	: 0x17
cpu MHz		: 2999.953
cache size	: 3072 KB
physical id	: 0
siblings	: 4
core id		: 0
cpu cores	: 2
apicid		: 0
initial apicid	: 0
fpu		: yes
fpu_exception	: yes
cpuid level	: 13
wp		: yes
flags		: fpu vme de pse tsc msr pae mce cx8 apic sep mtrr pge mca cmov pat pse36 clflush dts acpi mmx fxsr sse sse2 ss ht tm pbe syscall nx rdtscp lm constant_tsc arch_perfmon pebs bts rep_good nopl xtopology nonstop_tsc aperfmperf eagerfpu pni pclmulqdq dtes64 monitor ds_cpl vmx est tm2 ssse3 cx16 xtpr pdcm pcid sse4_1 sse4_2 x2apic popcnt tsc_deadline_timer aes xsave avx f16c rdrand lahf_lm ida arat epb pln pts dtherm tpr_shadow vnmi flexpriority ept vpid fsgsbase smep erms xsaveopt
bugs		:
bogomips	: 5188.01
clflush size	: 64
cache_alignment	: 64
address sizes	: 36 bits physical, 48 bits virtual
power management:

processor	: 1
vendor_id	: GenuineIntel
cpu family	: 6
model		: 58
model name	: Intel(R) Core(TM) i5-3230M CPU @ 2.60GHz
stepping	: 9
microcode	: 0x17
cpu MHz		: 2999.953
cache size	: 3072 KB
physical id	: 0
siblings	: 4
core id		: 0
cpu cores	: 2
apicid		: 1
initial apicid	: 1
fpu		: yes
fpu_exception	: yes
cpuid level	: 13
wp		: yes
flags		: fpu vme de pse tsc msr pae mce cx8 apic sep mtrr pge mca cmov pat pse36 clflush dts acpi mmx fxsr sse sse2 ss ht tm pbe syscall nx rdtscp lm constant_tsc arch_perfmon pebs bts rep_good nopl xtopology nonstop_tsc aperfmperf eagerfpu pni pclmulqdq dtes64 monitor ds_cpl vmx est tm2 ssse3 cx16 xtpr pdcm pcid sse4_1 sse4_2 x2apic popcnt tsc_deadline_timer aes xsave avx f16c rdrand lahf_lm ida arat epb pln pts dtherm tpr_shadow vnmi flexpriority ept vpid fsgsbase smep erms xsaveopt
bugs		:
bogomips	: 5188.01
clflush size	: 64
cache_alignment	: 64
address sizes	: 36 bits physical, 48 bits virtual
power management:

processor	: 2
vendor_id	: GenuineIntel
cpu family	: 6
model		: 58
model name	: Intel(R) Core(TM) i5-3230M CPU @ 2.60GHz
stepping	: 9
microcode	: 0x17
cpu MHz		: 2999.953
cache size	: 3072 KB
physical id	: 0
siblings	: 4
core id		: 1
cpu cores	: 2
apicid		: 2
initial apicid	: 2
fpu		: yes
fpu_exception	: yes
cpuid level	: 13
wp		: yes
flags		: fpu vme de pse tsc msr pae mce cx8 apic sep mtrr pge mca cmov pat pse36 clflush dts acpi mmx fxsr sse sse2 ss ht tm pbe syscall nx rdtscp lm constant_tsc arch_perfmon pebs bts rep_good nopl xtopology nonstop_tsc aperfmperf eagerfpu pni pclmulqdq dtes64 monitor ds_cpl vmx est tm2 ssse3 cx16 xtpr pdcm pcid sse4_1 sse4_2 x2apic popcnt tsc_deadline_timer aes xsave avx f16c rdrand lahf_lm ida arat epb pln pts dtherm tpr_shadow vnmi flexpriority ept vpid fsgsbase smep erms xsaveopt
bugs		:
bogomips	: 5188.01
clflush size	: 64
cache_alignment	: 64
address sizes	: 36 bits physical, 48 bits virtual
power management:

processor	: 3
vendor_id	: GenuineIntel
cpu family	: 6
model		: 58
model name	: Intel(R) Core(TM) i5-3230M CPU @ 2.60GHz
stepping	: 9
microcode	: 0x17
cpu MHz		: 2999.953
cache size	: 3072 KB
physical id	: 0
siblings	: 4
core id		: 1
cpu cores	: 2
apicid		: 3
initial apicid	: 3
fpu		: yes
fpu_exception	: yes
cpuid level	: 13
wp		: yes
flags		: fpu vme de pse tsc msr pae mce cx8 apic sep mtrr pge mca cmov pat pse36 clflush dts acpi mmx fxsr sse sse2 ss ht tm pbe syscall nx rdtscp lm constant_tsc arch_perfmon pebs bts rep_good nopl xtopology nonstop_tsc aperfmperf eagerfpu pni pclmulqdq dtes64 monitor ds_cpl vmx est tm2 ssse3 cx16 xtpr pdcm pcid sse4_1 sse4_2 x2apic popcnt tsc_deadline_timer aes xsave avx f16c rdrand lahf_lm ida arat epb pln pts dtherm tpr_shadow vnmi flexpriority ept vpid fsgsbase smep erms xsaveopt
bugs		:
bogomips	: 5188.01
clflush size	: 64
cache_alignment	: 64
address sizes	: 36 bits physical, 48 bits virtual
power management:



Memory: 4k page, physical 3863036k(604332k free), swap 4005884k(4005884k free)

vm_info: Java HotSpot(TM) 64-Bit Server VM (25.20-b23) for linux-amd64 JRE (1.8.0_20-b26), built on Jul 30 2014 13:13:52 by "java_re" with gcc 4.3.0 20080428 (Red Hat 4.3.0-8)

time: Mon Nov  9 17:44:36 2015
elapsed time: 764 seconds (0d 0h 12m 44s)

