#
# A fatal error has been detected by the Java Runtime Environment:
#
#  SIGSEGV (0xb) at pc=0x00007f82af790190, pid=3365, tid=140198626658048
#
# JRE version: Java(TM) SE Runtime Environment (8.0_20-b26) (build 1.8.0_20-b26)
# Java VM: Java HotSpot(TM) 64-Bit Server VM (25.20-b23 mixed mode linux-amd64 compressed oops)
# Problematic frame:
# V  [libjvm.so+0x873190]  Method::checked_resolve_jmethod_id(_jmethodID*)+0x20
#
# Failed to write core dump. Core dumps have been disabled. To enable core dumping, try "ulimit -c unlimited" before starting Java again
#
# If you would like to submit a bug report, please visit:
#   http://bugreport.sun.com/bugreport/crash.jsp
#

---------------  T H R E A D  ---------------

Current thread (0x00007f82a80ba000):  JavaThread "JDWP Transport Listener: dt_socket" daemon [_thread_in_vm, id=3385, stack(0x00007f8289470000,0x00007f8289571000)]

siginfo: si_signo: 11 (SIGSEGV), si_code: 1 (SEGV_MAPERR), si_addr: 0x0000000000000031

Registers:
RAX=0x0000000000000001, RBX=0x00007f82a80036a0, RCX=0x00007f82b089b340, RDX=0x00007f82afe74fe0
RSP=0x00007f828956f7d0, RBP=0x00007f828956f7e0, RSI=0x00007f82a80ba000, RDI=0x0000000000000031
R8 =0x00007f826c007b40, R9 =0x0000000000000000, R10=0x0000000000000010, R11=0x00007f82b0035ff0
R12=0x0000000000000017, R13=0x0000000000000031, R14=0x00007f82a80ba000, R15=0x00007f828956f8e7
RIP=0x00007f82af790190, EFLAGS=0x0000000000010202, CSGSFS=0x0000000000000033, ERR=0x0000000000000004
  TRAPNO=0x000000000000000e

Top of Stack: (sp=0x00007f828956f7d0)
0x00007f828956f7d0:   0000000000000074 00007f82a80036a0
0x00007f828956f7e0:   00007f828956f850 00007f82af62578e
0x00007f828956f7f0:   00007f826c007b40 00007f828956f800
0x00007f828956f800:   00007f82a80ba000 0000000000000000
0x00007f828956f810:   00007f8200000000 0000000000000000
0x00007f828956f820:   00007f828956f840 00007f82ae5d1d60
0x00007f828956f830:   0000000000000031 00007f828956f8e7
0x00007f828956f840:   0000000000000005 00007f828956f8e7
0x00007f828956f850:   00007f828956f880 00007f82ae3bd872
0x00007f828956f860:   00007f828956f880 0000000000000031
0x00007f828956f870:   00007f828956f950 0000000000000028
0x00007f828956f880:   00007f828956f910 00007f82ae39ea60
0x00007f828956f890:   00007f828956f8c8 00007f828956f8c0
0x00007f828956f8a0:   00007f828956f8b8 00007f828956f8dc
0x00007f828956f8b0:   000000016c002ed0 0000000000000000
0x00007f828956f8c0:   0000000000000000 0000000000000000
0x00007f828956f8d0:   00007f826c007c40 000000098956f950
0x00007f828956f8e0:   0000000000000006 0000000000000002
0x00007f828956f8f0:   000000000000000f 0000000000000002
0x00007f828956f900:   00000000000f0200 000000000000000f
0x00007f828956f910:   00007f828956fb60 00007f82ae3a9976
0x00007f828956f920:   00005cda00000013 00007f82af0f0200
0x00007f828956f930:   00007f8264000fb0 00007f82af7fd80a
0x00007f828956f940:   00007f828956f950 00007f828956fae0
0x00007f828956f950:   00007f828956fa59 00007f8200000073
0x00007f828956f960:   00007f828956f968 00007f82000000b9
0x00007f828956f970:   00007f828956f9a0 0000000000000000
0x00007f828956f980:   0000000000000000 00005cda0000001c
0x00007f828956f990:   00007f820000a080 00007f828956f9a0
0x00007f828956f9a0:   827f000006000000 08000000606e006c
0x00007f828956f9b0:   3e74696e696c633c 0056292803000000
0x00007f828956f9c0:   0008000000000000 00586e006c827f00 

Instructions: (pc=0x00007f82af790190)
0x00007f82af790170:   55 48 89 e5 53 48 83 ec 08 48 85 ff 75 12 31 db
0x00007f82af790180:   48 89 d8 48 83 c4 08 5b c9 c3 66 0f 1f 44 00 00
0x00007f82af790190:   48 8b 1f 48 85 db 74 e6 48 83 fb 37 74 e0 48 8b
0x00007f82af7901a0:   03 48 89 df ff 50 10 84 c0 0f 1f 80 00 00 00 00 

Register to memory mapping:

RAX=0x0000000000000001 is an unknown value
RBX=0x00007f82a80036a0 is an unknown value
RCX=0x00007f82b089b340: <offset 0x219340> in /lib/x86_64-linux-gnu/libpthread.so.0 at 0x00007f82b0682000
RDX=0x00007f82afe74fe0: <offset 0xf57fe0> in /home/hijj/software/javaAndroid/jdk/jdk8/jre/lib/amd64/server/libjvm.so at 0x00007f82aef1d000
RSP=0x00007f828956f7d0 is pointing into the stack for thread: 0x00007f82a80ba000
RBP=0x00007f828956f7e0 is pointing into the stack for thread: 0x00007f82a80ba000
RSI=0x00007f82a80ba000 is a thread
RDI=0x0000000000000031 is an unknown value
R8 =0x00007f826c007b40 is an unknown value
R9 =0x0000000000000000 is an unknown value
R10=0x0000000000000010 is an unknown value
R11=0x00007f82b0035ff0: <offset 0x196ff0> in /lib/x86_64-linux-gnu/libc.so.6 at 0x00007f82afe9f000
R12=0x0000000000000017 is an unknown value
R13=0x0000000000000031 is an unknown value
R14=0x00007f82a80ba000 is a thread
R15=0x00007f828956f8e7 is pointing into the stack for thread: 0x00007f82a80ba000


Stack: [0x00007f8289470000,0x00007f8289571000],  sp=0x00007f828956f7d0,  free space=1021k
Native frames: (J=compiled Java code, j=interpreted, Vv=VM code, C=native code)
V  [libjvm.so+0x873190]  Method::checked_resolve_jmethod_id(_jmethodID*)+0x20
V  [libjvm.so+0x70878e]  jvmti_IsMethodSynthetic+0x29e
C  [libjdwp.so+0x25872]  isMethodSynthetic+0x42
C  [libjdwp.so+0x6a60]  methods1+0x1b0
C  [libjdwp.so+0x11976]  debugLoop_run+0x2b6
C  [libjdwp.so+0x247af]  attachThread+0x2f
V  [libjvm.so+0x7744f2]  JvmtiAgentThread::call_start_function()+0xc2
V  [libjvm.so+0xa2990f]  JavaThread::thread_main_inner()+0xdf
V  [libjvm.so+0xa29a3c]  JavaThread::run()+0x11c
V  [libjvm.so+0x8e75f8]  java_start(Thread*)+0x108
C  [libpthread.so.0+0x76aa]  start_thread+0xca


---------------  P R O C E S S  ---------------

Java Threads: ( => current thread )
  0x00007f82a80e2800 JavaThread "Service Thread" daemon [_thread_blocked, id=3394, stack(0x00007f8288e6a000,0x00007f8288f6b000)]
  0x00007f82a80c5000 JavaThread "C1 CompilerThread2" daemon [_thread_blocked, id=3393, stack(0x00007f8288f6b000,0x00007f828906c000)]
  0x00007f82a80c3000 JavaThread "C2 CompilerThread1" daemon [_thread_blocked, id=3392, stack(0x00007f828906c000,0x00007f828916d000)]
  0x00007f82a80c0000 JavaThread "C2 CompilerThread0" daemon [_thread_blocked, id=3391, stack(0x00007f828916d000,0x00007f828926e000)]
  0x00007f826c001000 JavaThread "JDWP Command Reader" daemon [_thread_in_native, id=3387, stack(0x00007f828926e000,0x00007f828936f000)]
  0x00007f82a80be000 JavaThread "JDWP Event Helper Thread" daemon [_thread_blocked, id=3386, stack(0x00007f828936f000,0x00007f8289470000)]
=>0x00007f82a80ba000 JavaThread "JDWP Transport Listener: dt_socket" daemon [_thread_in_vm, id=3385, stack(0x00007f8289470000,0x00007f8289571000)]
  0x00007f82a80ad000 JavaThread "Signal Dispatcher" daemon [_thread_blocked, id=3381, stack(0x00007f8289775000,0x00007f8289876000)]
  0x00007f82a807f000 JavaThread "Finalizer" daemon [_thread_blocked, id=3380, stack(0x00007f8289876000,0x00007f8289977000)]
  0x00007f82a807d000 JavaThread "Reference Handler" daemon [_thread_blocked, id=3379, stack(0x00007f8289977000,0x00007f8289a78000)]
  0x00007f82a800c000 JavaThread "main" [_thread_in_native, id=3367, stack(0x00007f82b09a2000,0x00007f82b0aa3000)]

Other Threads:
  0x00007f82a8075800 VMThread [stack: 0x00007f8289a78000,0x00007f8289b79000] [id=3378]
  0x00007f82a80e5000 WatcherThread [stack: 0x00007f8288d69000,0x00007f8288e6a000] [id=3395]

VM state:not at safepoint (normal execution)

VM Mutex/Monitor currently owned by a thread: None

Heap:
 PSYoungGen      total 17920K, used 2153K [0x00000000ec580000, 0x00000000ed980000, 0x0000000100000000)
  eden space 15360K, 14% used [0x00000000ec580000,0x00000000ec79a7e8,0x00000000ed480000)
  from space 2560K, 0% used [0x00000000ed700000,0x00000000ed700000,0x00000000ed980000)
  to   space 2560K, 0% used [0x00000000ed480000,0x00000000ed480000,0x00000000ed700000)
 ParOldGen       total 40960K, used 0K [0x00000000c5000000, 0x00000000c7800000, 0x00000000ec580000)
  object space 40960K, 0% used [0x00000000c5000000,0x00000000c5000000,0x00000000c7800000)
 Metaspace       used 3565K, capacity 4644K, committed 4864K, reserved 1056768K
  class space    used 394K, capacity 396K, committed 512K, reserved 1048576K

Card table byte_map: [0x00007f82acac3000,0x00007f82acc9c000] byte_map_base: 0x00007f82ac49b000

Marking Bits: (ParMarkBitMap*) 0x00007f82afe74ac0
 Begin Bits: [0x00007f828a280000, 0x00007f828b140000)
 End Bits:   [0x00007f828b140000, 0x00007f828c000000)

Polling page: 0x00007f82b0ac0000

CodeCache: size=245760Kb used=1204Kb max_used=1204Kb free=244555Kb
 bounds [0x00007f8299000000, 0x00007f8299270000, 0x00007f82a8000000]
 total_blobs=305 nmethods=68 adapters=160
 compilation: enabled

Compilation events (10 events):
Event: 0.339 Thread 0x00007f82a80c5000   62       3       java.lang.StringBuilder::toString (17 bytes)
Event: 0.339 Thread 0x00007f82a80c5000 nmethod 62 0x00007f8299125510 code [0x00007f8299125680, 0x00007f8299125888]
Event: 0.339 Thread 0x00007f82a80c5000   63       3       java.lang.String::indexOf (166 bytes)
Event: 0.340 Thread 0x00007f82a80c5000 nmethod 63 0x00007f829912a790 code [0x00007f829912a940, 0x00007f829912af90]
Event: 0.341 Thread 0x00007f82a80c5000   65       3       java.util.concurrent.ConcurrentHashMap::setTabAt (19 bytes)
Event: 0.341 Thread 0x00007f82a80c5000 nmethod 65 0x00007f829912c590 code [0x00007f829912c6e0, 0x00007f829912c850]
Event: 0.341 Thread 0x00007f82a80c5000   67       3       java.util.concurrent.ConcurrentHashMap::casTabAt (20 bytes)
Event: 0.342 Thread 0x00007f82a80c5000 nmethod 67 0x00007f829912c8d0 code [0x00007f829912ca20, 0x00007f829912cb90]
Event: 780.225 Thread 0x00007f82a80c5000   68       3       java.util.concurrent.ConcurrentHashMap$Node::<init> (26 bytes)
Event: 780.225 Thread 0x00007f82a80c5000 nmethod 68 0x00007f829912cc10 code [0x00007f829912cd80, 0x00007f829912cf70]

GC Heap History (0 events):
No events

Deoptimization events (0 events):
No events

Internal exceptions (10 events):
Event: 0.319 Thread 0x00007f82a800c000 Exception <a 'java/security/PrivilegedActionException'> (0x00000000ec72c478) thrown at [/HUDSON/workspace/8-2-build-linux-amd64/jdk8u20/1074/hotspot/src/share/vm/prims/jvm.cpp, line 1275]
Event: 0.319 Thread 0x00007f82a800c000 Exception <a 'java/security/PrivilegedActionException'> (0x00000000ec72d630) thrown at [/HUDSON/workspace/8-2-build-linux-amd64/jdk8u20/1074/hotspot/src/share/vm/prims/jvm.cpp, line 1275]
Event: 0.320 Thread 0x00007f82a800c000 Exception <a 'java/security/PrivilegedActionException'> (0x00000000ec730050) thrown at [/HUDSON/workspace/8-2-build-linux-amd64/jdk8u20/1074/hotspot/src/share/vm/prims/jvm.cpp, line 1275]
Event: 0.322 Thread 0x00007f82a800c000 Exception <a 'java/security/PrivilegedActionException'> (0x00000000ec7313f0) thrown at [/HUDSON/workspace/8-2-build-linux-amd64/jdk8u20/1074/hotspot/src/share/vm/prims/jvm.cpp, line 1275]
Event: 0.336 Thread 0x00007f82a800c000 Exception <a 'java/security/PrivilegedActionException'> (0x00000000ec745190) thrown at [/HUDSON/workspace/8-2-build-linux-amd64/jdk8u20/1074/hotspot/src/share/vm/prims/jvm.cpp, line 1275]
Event: 0.336 Thread 0x00007f82a800c000 Exception <a 'java/security/PrivilegedActionException'> (0x00000000ec746628) thrown at [/HUDSON/workspace/8-2-build-linux-amd64/jdk8u20/1074/hotspot/src/share/vm/prims/jvm.cpp, line 1275]
Event: 0.338 Thread 0x00007f82a800c000 Exception <a 'java/security/PrivilegedActionException'> (0x00000000ec753ca8) thrown at [/HUDSON/workspace/8-2-build-linux-amd64/jdk8u20/1074/hotspot/src/share/vm/prims/jvm.cpp, line 1275]
Event: 0.338 Thread 0x00007f82a800c000 Exception <a 'java/security/PrivilegedActionException'> (0x00000000ec755368) thrown at [/HUDSON/workspace/8-2-build-linux-amd64/jdk8u20/1074/hotspot/src/share/vm/prims/jvm.cpp, line 1275]
Event: 0.339 Thread 0x00007f82a800c000 Exception <a 'java/security/PrivilegedActionException'> (0x00000000ec757a08) thrown at [/HUDSON/workspace/8-2-build-linux-amd64/jdk8u20/1074/hotspot/src/share/vm/prims/jvm.cpp, line 1275]
Event: 0.339 Thread 0x00007f82a800c000 Exception <a 'java/security/PrivilegedActionException'> (0x00000000ec7590e8) thrown at [/HUDSON/workspace/8-2-build-linux-amd64/jdk8u20/1074/hotspot/src/share/vm/prims/jvm.cpp, line 1275]

Events (10 events):
Event: 780.302 Executing VM operation: ChangeBreakpoints
Event: 780.302 Executing VM operation: ChangeBreakpoints done
Event: 780.306 Executing VM operation: ChangeBreakpoints
Event: 780.306 Executing VM operation: ChangeBreakpoints done
Event: 780.306 Executing VM operation: ChangeBreakpoints
Event: 780.307 Executing VM operation: ChangeBreakpoints done
Event: 780.311 Executing VM operation: ChangeBreakpoints
Event: 780.312 Executing VM operation: ChangeBreakpoints done
Event: 792.156 Executing VM operation: RedefineClasses
Event: 792.156 Executing VM operation: RedefineClasses done


Dynamic libraries:
00400000-00401000 r-xp 00000000 08:08 2622385                            /home/hijj/software/javaAndroid/jdk/jdk8/bin/java
00600000-00601000 rw-p 00000000 08:08 2622385                            /home/hijj/software/javaAndroid/jdk/jdk8/bin/java
015dc000-015fd000 rw-p 00000000 00:00 0                                  [heap]
c5000000-c7800000 rw-p 00000000 00:00 0 
c7800000-ec580000 ---p 00000000 00:00 0 
ec580000-ed980000 rw-p 00000000 00:00 0 
ed980000-100000000 ---p 00000000 00:00 0 
100000000-100080000 rw-p 00000000 00:00 0 
100080000-140000000 ---p 00000000 00:00 0 
7f8250000000-7f8250021000 rw-p 00000000 00:00 0 
7f8250021000-7f8254000000 ---p 00000000 00:00 0 
7f8258000000-7f8258021000 rw-p 00000000 00:00 0 
7f8258021000-7f825c000000 ---p 00000000 00:00 0 
7f825c000000-7f825c021000 rw-p 00000000 00:00 0 
7f825c021000-7f8260000000 ---p 00000000 00:00 0 
7f8260000000-7f8260073000 rw-p 00000000 00:00 0 
7f8260073000-7f8264000000 ---p 00000000 00:00 0 
7f8264000000-7f8264021000 rw-p 00000000 00:00 0 
7f8264021000-7f8268000000 ---p 00000000 00:00 0 
7f8268000000-7f826804f000 rw-p 00000000 00:00 0 
7f826804f000-7f826c000000 ---p 00000000 00:00 0 
7f826c000000-7f826c022000 rw-p 00000000 00:00 0 
7f826c022000-7f8270000000 ---p 00000000 00:00 0 
7f8270000000-7f8270021000 rw-p 00000000 00:00 0 
7f8270021000-7f8274000000 ---p 00000000 00:00 0 
7f8274000000-7f8274021000 rw-p 00000000 00:00 0 
7f8274021000-7f8278000000 ---p 00000000 00:00 0 
7f8278000000-7f8278021000 rw-p 00000000 00:00 0 
7f8278021000-7f827c000000 ---p 00000000 00:00 0 
7f827c000000-7f827c021000 rw-p 00000000 00:00 0 
7f827c021000-7f8280000000 ---p 00000000 00:00 0 
7f8280000000-7f8280021000 rw-p 00000000 00:00 0 
7f8280021000-7f8284000000 ---p 00000000 00:00 0 
7f8284000000-7f8284021000 rw-p 00000000 00:00 0 
7f8284021000-7f8288000000 ---p 00000000 00:00 0 
7f8288af4000-7f8288d69000 rw-p 00000000 00:00 0 
7f8288d69000-7f8288d6a000 ---p 00000000 00:00 0 
7f8288d6a000-7f8288e6a000 rw-p 00000000 00:00 0                          [stack:3395]
7f8288e6a000-7f8288e6d000 ---p 00000000 00:00 0 
7f8288e6d000-7f8288f6b000 rw-p 00000000 00:00 0                          [stack:3394]
7f8288f6b000-7f8288f6e000 ---p 00000000 00:00 0 
7f8288f6e000-7f828906c000 rw-p 00000000 00:00 0                          [stack:3393]
7f828906c000-7f828906f000 ---p 00000000 00:00 0 
7f828906f000-7f828916d000 rw-p 00000000 00:00 0                          [stack:3392]
7f828916d000-7f8289170000 ---p 00000000 00:00 0 
7f8289170000-7f828926e000 rw-p 00000000 00:00 0                          [stack:3391]
7f828926e000-7f8289271000 ---p 00000000 00:00 0 
7f8289271000-7f828936f000 rw-p 00000000 00:00 0                          [stack:3387]
7f828936f000-7f8289372000 ---p 00000000 00:00 0 
7f8289372000-7f8289470000 rw-p 00000000 00:00 0                          [stack:3386]
7f8289470000-7f8289473000 ---p 00000000 00:00 0 
7f8289473000-7f8289571000 rw-p 00000000 00:00 0                          [stack:3385]
7f8289571000-7f8289575000 r-xp 00000000 08:08 2628974                    /home/hijj/software/javaAndroid/jdk/jdk8/jre/lib/amd64/libdt_socket.so
7f8289575000-7f8289774000 ---p 00004000 08:08 2628974                    /home/hijj/software/javaAndroid/jdk/jdk8/jre/lib/amd64/libdt_socket.so
7f8289774000-7f8289775000 rw-p 00003000 08:08 2628974                    /home/hijj/software/javaAndroid/jdk/jdk8/jre/lib/amd64/libdt_socket.so
7f8289775000-7f8289778000 ---p 00000000 00:00 0 
7f8289778000-7f8289876000 rw-p 00000000 00:00 0                          [stack:3381]
7f8289876000-7f8289879000 ---p 00000000 00:00 0 
7f8289879000-7f8289977000 rw-p 00000000 00:00 0                          [stack:3380]
7f8289977000-7f828997a000 ---p 00000000 00:00 0 
7f828997a000-7f8289a78000 rw-p 00000000 00:00 0                          [stack:3379]
7f8289a78000-7f8289a79000 ---p 00000000 00:00 0 
7f8289a79000-7f828c000000 rw-p 00000000 00:00 0                          [stack:3378]
7f828c000000-7f828c021000 rw-p 00000000 00:00 0 
7f828c021000-7f8290000000 ---p 00000000 00:00 0 
7f8290000000-7f8290021000 rw-p 00000000 00:00 0 
7f8290021000-7f8294000000 ---p 00000000 00:00 0 
7f8294000000-7f8294021000 rw-p 00000000 00:00 0 
7f8294021000-7f8298000000 ---p 00000000 00:00 0 
7f8298067000-7f829807a000 r--s 00344000 08:08 2628842                    /home/hijj/software/javaAndroid/jdk/jdk8/jre/lib/resources.jar
7f829807a000-7f8298096000 r--s 00393000 08:08 2628860                    /home/hijj/software/javaAndroid/jdk/jdk8/jre/lib/ext/cldrdata.jar
7f8298096000-7f8298c40000 rw-p 00000000 00:00 0 
7f8298c40000-7f8299000000 ---p 00000000 00:00 0 
7f8299000000-7f8299270000 rwxp 00000000 00:00 0 
7f8299270000-7f82a8000000 ---p 00000000 00:00 0 
7f82a8000000-7f82a8148000 rw-p 00000000 00:00 0 
7f82a8148000-7f82ac000000 ---p 00000000 00:00 0 
7f82ac010000-7f82ac160000 rw-p 00000000 00:00 0 
7f82ac160000-7f82ac336000 r--s 03ca8000 08:08 2628807                    /home/hijj/software/javaAndroid/jdk/jdk8/jre/lib/rt.jar
7f82ac336000-7f82ac584000 rw-p 00000000 00:00 0 
7f82ac584000-7f82ac585000 ---p 00000000 00:00 0 
7f82ac585000-7f82ac685000 rw-p 00000000 00:00 0                          [stack:3375]
7f82ac685000-7f82ac686000 ---p 00000000 00:00 0 
7f82ac686000-7f82ac786000 rw-p 00000000 00:00 0                          [stack:3374]
7f82ac786000-7f82ac787000 ---p 00000000 00:00 0 
7f82ac787000-7f82ac887000 rw-p 00000000 00:00 0                          [stack:3373]
7f82ac887000-7f82ac888000 ---p 00000000 00:00 0 
7f82ac888000-7f82ac99c000 rw-p 00000000 00:00 0                          [stack:3372]
7f82ac99c000-7f82acac3000 ---p 00000000 00:00 0 
7f82acac3000-7f82acad7000 rw-p 00000000 00:00 0 
7f82acad7000-7f82acbfd000 ---p 00000000 00:00 0 
7f82acbfd000-7f82acc08000 rw-p 00000000 00:00 0 
7f82acc08000-7f82acc9b000 ---p 00000000 00:00 0 
7f82acc9b000-7f82acca6000 rw-p 00000000 00:00 0 
7f82acca6000-7f82ad05c000 ---p 00000000 00:00 0 
7f82ad05c000-7f82ad076000 r-xp 00000000 08:08 2629001                    /home/hijj/software/javaAndroid/jdk/jdk8/jre/lib/amd64/libzip.so
7f82ad076000-7f82ad276000 ---p 0001a000 08:08 2629001                    /home/hijj/software/javaAndroid/jdk/jdk8/jre/lib/amd64/libzip.so
7f82ad276000-7f82ad277000 rw-p 0001a000 08:08 2629001                    /home/hijj/software/javaAndroid/jdk/jdk8/jre/lib/amd64/libzip.so
7f82ad277000-7f82ad283000 r-xp 00000000 08:08 5771539                    /lib/x86_64-linux-gnu/libnss_files-2.21.so
7f82ad283000-7f82ad482000 ---p 0000c000 08:08 5771539                    /lib/x86_64-linux-gnu/libnss_files-2.21.so
7f82ad482000-7f82ad483000 r--p 0000b000 08:08 5771539                    /lib/x86_64-linux-gnu/libnss_files-2.21.so
7f82ad483000-7f82ad484000 rw-p 0000c000 08:08 5771539                    /lib/x86_64-linux-gnu/libnss_files-2.21.so
7f82ad484000-7f82ad48f000 r-xp 00000000 08:08 5771549                    /lib/x86_64-linux-gnu/libnss_nis-2.21.so
7f82ad48f000-7f82ad68e000 ---p 0000b000 08:08 5771549                    /lib/x86_64-linux-gnu/libnss_nis-2.21.so
7f82ad68e000-7f82ad68f000 r--p 0000a000 08:08 5771549                    /lib/x86_64-linux-gnu/libnss_nis-2.21.so
7f82ad68f000-7f82ad690000 rw-p 0000b000 08:08 5771549                    /lib/x86_64-linux-gnu/libnss_nis-2.21.so
7f82ad690000-7f82ad6a7000 r-xp 00000000 08:08 5771533                    /lib/x86_64-linux-gnu/libnsl-2.21.so
7f82ad6a7000-7f82ad8a6000 ---p 00017000 08:08 5771533                    /lib/x86_64-linux-gnu/libnsl-2.21.so
7f82ad8a6000-7f82ad8a7000 r--p 00016000 08:08 5771533                    /lib/x86_64-linux-gnu/libnsl-2.21.so
7f82ad8a7000-7f82ad8a8000 rw-p 00017000 08:08 5771533                    /lib/x86_64-linux-gnu/libnsl-2.21.so
7f82ad8a8000-7f82ad8aa000 rw-p 00000000 00:00 0 
7f82ad8aa000-7f82ad8b2000 r-xp 00000000 08:08 5771535                    /lib/x86_64-linux-gnu/libnss_compat-2.21.so
7f82ad8b2000-7f82adab1000 ---p 00008000 08:08 5771535                    /lib/x86_64-linux-gnu/libnss_compat-2.21.so
7f82adab1000-7f82adab2000 r--p 00007000 08:08 5771535                    /lib/x86_64-linux-gnu/libnss_compat-2.21.so
7f82adab2000-7f82adab3000 rw-p 00008000 08:08 5771535                    /lib/x86_64-linux-gnu/libnss_compat-2.21.so
7f82adab3000-7f82ae195000 r--p 00000000 08:08 4070784                    /usr/lib/locale/locale-archive
7f82ae195000-7f82ae197000 r-xp 00000000 08:08 2628975                    /home/hijj/software/javaAndroid/jdk/jdk8/jre/lib/amd64/libnpt.so
7f82ae197000-7f82ae397000 ---p 00002000 08:08 2628975                    /home/hijj/software/javaAndroid/jdk/jdk8/jre/lib/amd64/libnpt.so
7f82ae397000-7f82ae398000 rw-p 00002000 08:08 2628975                    /home/hijj/software/javaAndroid/jdk/jdk8/jre/lib/amd64/libnpt.so
7f82ae398000-7f82ae3d1000 r-xp 00000000 08:08 2628992                    /home/hijj/software/javaAndroid/jdk/jdk8/jre/lib/amd64/libjdwp.so
7f82ae3d1000-7f82ae5d0000 ---p 00039000 08:08 2628992                    /home/hijj/software/javaAndroid/jdk/jdk8/jre/lib/amd64/libjdwp.so
7f82ae5d0000-7f82ae5d2000 rw-p 00038000 08:08 2628992                    /home/hijj/software/javaAndroid/jdk/jdk8/jre/lib/amd64/libjdwp.so
7f82ae5d2000-7f82ae5fc000 r-xp 00000000 08:08 2628996                    /home/hijj/software/javaAndroid/jdk/jdk8/jre/lib/amd64/libjava.so
7f82ae5fc000-7f82ae7fc000 ---p 0002a000 08:08 2628996                    /home/hijj/software/javaAndroid/jdk/jdk8/jre/lib/amd64/libjava.so
7f82ae7fc000-7f82ae7fe000 rw-p 0002a000 08:08 2628996                    /home/hijj/software/javaAndroid/jdk/jdk8/jre/lib/amd64/libjava.so
7f82ae7fe000-7f82ae80b000 r-xp 00000000 08:08 2629000                    /home/hijj/software/javaAndroid/jdk/jdk8/jre/lib/amd64/libverify.so
7f82ae80b000-7f82aea0b000 ---p 0000d000 08:08 2629000                    /home/hijj/software/javaAndroid/jdk/jdk8/jre/lib/amd64/libverify.so
7f82aea0b000-7f82aea0d000 rw-p 0000d000 08:08 2629000                    /home/hijj/software/javaAndroid/jdk/jdk8/jre/lib/amd64/libverify.so
7f82aea0d000-7f82aea14000 r-xp 00000000 08:08 5771594                    /lib/x86_64-linux-gnu/librt-2.21.so
7f82aea14000-7f82aec13000 ---p 00007000 08:08 5771594                    /lib/x86_64-linux-gnu/librt-2.21.so
7f82aec13000-7f82aec14000 r--p 00006000 08:08 5771594                    /lib/x86_64-linux-gnu/librt-2.21.so
7f82aec14000-7f82aec15000 rw-p 00007000 08:08 5771594                    /lib/x86_64-linux-gnu/librt-2.21.so
7f82aec15000-7f82aed1c000 r-xp 00000000 08:08 5771512                    /lib/x86_64-linux-gnu/libm-2.21.so
7f82aed1c000-7f82aef1b000 ---p 00107000 08:08 5771512                    /lib/x86_64-linux-gnu/libm-2.21.so
7f82aef1b000-7f82aef1c000 r--p 00106000 08:08 5771512                    /lib/x86_64-linux-gnu/libm-2.21.so
7f82aef1c000-7f82aef1d000 rw-p 00107000 08:08 5771512                    /lib/x86_64-linux-gnu/libm-2.21.so
7f82aef1d000-7f82afb87000 r-xp 00000000 08:08 2628982                    /home/hijj/software/javaAndroid/jdk/jdk8/jre/lib/amd64/server/libjvm.so
7f82afb87000-7f82afd86000 ---p 00c6a000 08:08 2628982                    /home/hijj/software/javaAndroid/jdk/jdk8/jre/lib/amd64/server/libjvm.so
7f82afd86000-7f82afe5d000 rw-p 00c69000 08:08 2628982                    /home/hijj/software/javaAndroid/jdk/jdk8/jre/lib/amd64/server/libjvm.so
7f82afe5d000-7f82afe9f000 rw-p 00000000 00:00 0 
7f82afe9f000-7f82b005f000 r-xp 00000000 08:08 5771453                    /lib/x86_64-linux-gnu/libc-2.21.so
7f82b005f000-7f82b025f000 ---p 001c0000 08:08 5771453                    /lib/x86_64-linux-gnu/libc-2.21.so
7f82b025f000-7f82b0263000 r--p 001c0000 08:08 5771453                    /lib/x86_64-linux-gnu/libc-2.21.so
7f82b0263000-7f82b0265000 rw-p 001c4000 08:08 5771453                    /lib/x86_64-linux-gnu/libc-2.21.so
7f82b0265000-7f82b0269000 rw-p 00000000 00:00 0 
7f82b0269000-7f82b026c000 r-xp 00000000 08:08 5771470                    /lib/x86_64-linux-gnu/libdl-2.21.so
7f82b026c000-7f82b046b000 ---p 00003000 08:08 5771470                    /lib/x86_64-linux-gnu/libdl-2.21.so
7f82b046b000-7f82b046c000 r--p 00002000 08:08 5771470                    /lib/x86_64-linux-gnu/libdl-2.21.so
7f82b046c000-7f82b046d000 rw-p 00003000 08:08 5771470                    /lib/x86_64-linux-gnu/libdl-2.21.so
7f82b046d000-7f82b0482000 r-xp 00000000 08:08 2628623                    /home/hijj/software/javaAndroid/jdk/jdk8/lib/amd64/jli/libjli.so
7f82b0482000-7f82b0681000 ---p 00015000 08:08 2628623                    /home/hijj/software/javaAndroid/jdk/jdk8/lib/amd64/jli/libjli.so
7f82b0681000-7f82b0682000 rw-p 00014000 08:08 2628623                    /home/hijj/software/javaAndroid/jdk/jdk8/lib/amd64/jli/libjli.so
7f82b0682000-7f82b069a000 r-xp 00000000 08:08 5771586                    /lib/x86_64-linux-gnu/libpthread-2.21.so
7f82b069a000-7f82b089a000 ---p 00018000 08:08 5771586                    /lib/x86_64-linux-gnu/libpthread-2.21.so
7f82b089a000-7f82b089b000 r--p 00018000 08:08 5771586                    /lib/x86_64-linux-gnu/libpthread-2.21.so
7f82b089b000-7f82b089c000 rw-p 00019000 08:08 5771586                    /lib/x86_64-linux-gnu/libpthread-2.21.so
7f82b089c000-7f82b08a0000 rw-p 00000000 00:00 0 
7f82b08a0000-7f82b08c4000 r-xp 00000000 08:08 5771425                    /lib/x86_64-linux-gnu/ld-2.21.so
7f82b08ca000-7f82b09a2000 rw-p 00000000 00:00 0 
7f82b09a2000-7f82b09a5000 ---p 00000000 00:00 0 
7f82b09a5000-7f82b0aa7000 rw-p 00000000 00:00 0                          [stack:3367]
7f82b0aaa000-7f82b0aad000 rw-p 00000000 00:00 0 
7f82b0aad000-7f82b0ab7000 r--s 00116000 08:08 2628866                    /home/hijj/software/javaAndroid/jdk/jdk8/jre/lib/ext/localedata.jar
7f82b0ab7000-7f82b0abf000 rw-s 00000000 08:08 5265869                    /tmp/hsperfdata_hijj/3365
7f82b0abf000-7f82b0ac0000 rw-p 00000000 00:00 0 
7f82b0ac0000-7f82b0ac1000 r--p 00000000 00:00 0 
7f82b0ac1000-7f82b0ac3000 rw-p 00000000 00:00 0 
7f82b0ac3000-7f82b0ac4000 r--p 00023000 08:08 5771425                    /lib/x86_64-linux-gnu/ld-2.21.so
7f82b0ac4000-7f82b0ac5000 rw-p 00024000 08:08 5771425                    /lib/x86_64-linux-gnu/ld-2.21.so
7f82b0ac5000-7f82b0ac6000 rw-p 00000000 00:00 0 
7ffd0b349000-7ffd0b36a000 rw-p 00000000 00:00 0                          [stack]
7ffd0b385000-7ffd0b387000 r--p 00000000 00:00 0                          [vvar]
7ffd0b387000-7ffd0b389000 r-xp 00000000 00:00 0                          [vdso]
ffffffffff600000-ffffffffff601000 r-xp 00000000 00:00 0                  [vsyscall]

VM Arguments:
jvm_args: -agentlib:jdwp=transport=dt_socket,suspend=y,address=localhost:55750 -Dfile.encoding=UTF-8 
java_command: learning.rzh1.rzh1
java_class_path (initial): /media/hijj/娱乐/github/repositories/ACM/Java/bin
Launcher Type: SUN_STANDARD

Environment Variables:
JAVA_HOME=/home/hijj/software/javaAndroid/jdk/jdk8
JRE_HOME=/home/hijj/software/javaAndroid/jdk/jdk8/jre
CLASSPATH=.:/home/hijj/software/javaAndroid/jdk/jdk8/lib:/home/hijj/software/javaAndroid/jdk/jdk8/jre/lib:.:$JAVA_HOME/lib:$JAVA_HOME/jre/lib
PATH=/home/hijj/software/javaAndroid/jdk/jdk8/bin:/home/hijj/software/javaAndroid/jdk/jdk8/jre/bin:/usr/local/sbin:/usr/local/bin:/usr/sbin:/usr/bin:/sbin:/bin:/usr/games:/usr/local/games:$JAVA_HOME/bin
SHELL=/bin/bash
DISPLAY=:0

Signal Handlers:
SIGSEGV: [libjvm.so+0xa77530], sa_mask[0]=11111111011111111101111111111110, sa_flags=SA_RESTART|SA_SIGINFO
SIGBUS: [libjvm.so+0xa77530], sa_mask[0]=11111111011111111101111111111110, sa_flags=SA_RESTART|SA_SIGINFO
SIGFPE: [libjvm.so+0x8e1d90], sa_mask[0]=11111111011111111101111111111110, sa_flags=SA_RESTART|SA_SIGINFO
SIGPIPE: [libjvm.so+0x8e1d90], sa_mask[0]=11111111011111111101111111111110, sa_flags=SA_RESTART|SA_SIGINFO
SIGXFSZ: [libjvm.so+0x8e1d90], sa_mask[0]=11111111011111111101111111111110, sa_flags=SA_RESTART|SA_SIGINFO
SIGILL: [libjvm.so+0x8e1d90], sa_mask[0]=11111111011111111101111111111110, sa_flags=SA_RESTART|SA_SIGINFO
SIGUSR1: SIG_DFL, sa_mask[0]=00000000000000000000000000000000, sa_flags=none
SIGUSR2: [libjvm.so+0x8e35c0], sa_mask[0]=00100000000000000000000000000000, sa_flags=SA_RESTART|SA_SIGINFO
SIGHUP: [libjvm.so+0x8e4980], sa_mask[0]=11111111011111111101111111111110, sa_flags=SA_RESTART|SA_SIGINFO
SIGINT: [libjvm.so+0x8e4980], sa_mask[0]=11111111011111111101111111111110, sa_flags=SA_RESTART|SA_SIGINFO
SIGTERM: [libjvm.so+0x8e4980], sa_mask[0]=11111111011111111101111111111110, sa_flags=SA_RESTART|SA_SIGINFO
SIGQUIT: [libjvm.so+0x8e4980], sa_mask[0]=11111111011111111101111111111110, sa_flags=SA_RESTART|SA_SIGINFO


---------------  S Y S T E M  ---------------

OS:DISTRIB_ID=Ubuntu
DISTRIB_RELEASE=15.04
DISTRIB_CODENAME=vivid
DISTRIB_DESCRIPTION="Ubuntu 15.04"

uname:Linux 3.19.0-32-generic #37-Ubuntu SMP Wed Oct 21 10:23:06 UTC 2015 x86_64
libc:glibc 2.21 NPTL 2.21 
rlimit: STACK 8192k, CORE 0k, NPROC 15002, NOFILE 65536, AS infinity
load average:0.13 0.17 0.25

/proc/meminfo:
MemTotal:        3863036 kB
MemFree:          539908 kB
MemAvailable:    1181700 kB
Buffers:          112792 kB
Cached:          1039036 kB
SwapCached:            0 kB
Active:          2280356 kB
Inactive:         818608 kB
Active(anon):    1950672 kB
Inactive(anon):   366408 kB
Active(file):     329684 kB
Inactive(file):   452200 kB
Unevictable:          48 kB
Mlocked:              48 kB
SwapTotal:       4005884 kB
SwapFree:        4005884 kB
Dirty:               788 kB
Writeback:             0 kB
AnonPages:       1947364 kB
Mapped:           338876 kB
Shmem:            369924 kB
Slab:              98496 kB
SReclaimable:      57704 kB
SUnreclaim:        40792 kB
KernelStack:       24704 kB
PageTables:        43856 kB
NFS_Unstable:          0 kB
Bounce:                0 kB
WritebackTmp:          0 kB
CommitLimit:     5937400 kB
Committed_AS:   11066892 kB
VmallocTotal:   34359738367 kB
VmallocUsed:      378056 kB
VmallocChunk:   34359349592 kB
HardwareCorrupted:     0 kB
AnonHugePages:    944128 kB
CmaTotal:              0 kB
CmaFree:               0 kB
HugePages_Total:       0
HugePages_Free:        0
HugePages_Rsvd:        0
HugePages_Surp:        0
Hugepagesize:       2048 kB
DirectMap4k:      142076 kB
DirectMap2M:     3866624 kB


CPU:total 4 (2 cores per cpu, 2 threads per core) family 6 model 58 stepping 9, cmov, cx8, fxsr, mmx, sse, sse2, sse3, ssse3, sse4.1, sse4.2, popcnt, avx, aes, clmul, erms, ht, tsc, tscinvbit, tscinv

/proc/cpuinfo:
processor	: 0
vendor_id	: GenuineIntel
cpu family	: 6
model		: 58
model name	: Intel(R) Core(TM) i5-3230M CPU @ 2.60GHz
stepping	: 9
microcode	: 0x17
cpu MHz		: 2999.953
cache size	: 3072 KB
physical id	: 0
siblings	: 4
core id		: 0
cpu cores	: 2
apicid		: 0
initial apicid	: 0
fpu		: yes
fpu_exception	: yes
cpuid level	: 13
wp		: yes
flags		: fpu vme de pse tsc msr pae mce cx8 apic sep mtrr pge mca cmov pat pse36 clflush dts acpi mmx fxsr sse sse2 ss ht tm pbe syscall nx rdtscp lm constant_tsc arch_perfmon pebs bts rep_good nopl xtopology nonstop_tsc aperfmperf eagerfpu pni pclmulqdq dtes64 monitor ds_cpl vmx est tm2 ssse3 cx16 xtpr pdcm pcid sse4_1 sse4_2 x2apic popcnt tsc_deadline_timer aes xsave avx f16c rdrand lahf_lm ida arat epb pln pts dtherm tpr_shadow vnmi flexpriority ept vpid fsgsbase smep erms xsaveopt
bugs		:
bogomips	: 5188.01
clflush size	: 64
cache_alignment	: 64
address sizes	: 36 bits physical, 48 bits virtual
power management:

processor	: 1
vendor_id	: GenuineIntel
cpu family	: 6
model		: 58
model name	: Intel(R) Core(TM) i5-3230M CPU @ 2.60GHz
stepping	: 9
microcode	: 0x17
cpu MHz		: 2999.953
cache size	: 3072 KB
physical id	: 0
siblings	: 4
core id		: 0
cpu cores	: 2
apicid		: 1
initial apicid	: 1
fpu		: yes
fpu_exception	: yes
cpuid level	: 13
wp		: yes
flags		: fpu vme de pse tsc msr pae mce cx8 apic sep mtrr pge mca cmov pat pse36 clflush dts acpi mmx fxsr sse sse2 ss ht tm pbe syscall nx rdtscp lm constant_tsc arch_perfmon pebs bts rep_good nopl xtopology nonstop_tsc aperfmperf eagerfpu pni pclmulqdq dtes64 monitor ds_cpl vmx est tm2 ssse3 cx16 xtpr pdcm pcid sse4_1 sse4_2 x2apic popcnt tsc_deadline_timer aes xsave avx f16c rdrand lahf_lm ida arat epb pln pts dtherm tpr_shadow vnmi flexpriority ept vpid fsgsbase smep erms xsaveopt
bugs		:
bogomips	: 5188.01
clflush size	: 64
cache_alignment	: 64
address sizes	: 36 bits physical, 48 bits virtual
power management:

processor	: 2
vendor_id	: GenuineIntel
cpu family	: 6
model		: 58
model name	: Intel(R) Core(TM) i5-3230M CPU @ 2.60GHz
stepping	: 9
microcode	: 0x17
cpu MHz		: 2999.953
cache size	: 3072 KB
physical id	: 0
siblings	: 4
core id		: 1
cpu cores	: 2
apicid		: 2
initial apicid	: 2
fpu		: yes
fpu_exception	: yes
cpuid level	: 13
wp		: yes
flags		: fpu vme de pse tsc msr pae mce cx8 apic sep mtrr pge mca cmov pat pse36 clflush dts acpi mmx fxsr sse sse2 ss ht tm pbe syscall nx rdtscp lm constant_tsc arch_perfmon pebs bts rep_good nopl xtopology nonstop_tsc aperfmperf eagerfpu pni pclmulqdq dtes64 monitor ds_cpl vmx est tm2 ssse3 cx16 xtpr pdcm pcid sse4_1 sse4_2 x2apic popcnt tsc_deadline_timer aes xsave avx f16c rdrand lahf_lm ida arat epb pln pts dtherm tpr_shadow vnmi flexpriority ept vpid fsgsbase smep erms xsaveopt
bugs		:
bogomips	: 5188.01
clflush size	: 64
cache_alignment	: 64
address sizes	: 36 bits physical, 48 bits virtual
power management:

processor	: 3
vendor_id	: GenuineIntel
cpu family	: 6
model		: 58
model name	: Intel(R) Core(TM) i5-3230M CPU @ 2.60GHz
stepping	: 9
microcode	: 0x17
cpu MHz		: 2999.953
cache size	: 3072 KB
physical id	: 0
siblings	: 4
core id		: 1
cpu cores	: 2
apicid		: 3
initial apicid	: 3
fpu		: yes
fpu_exception	: yes
cpuid level	: 13
wp		: yes
flags		: fpu vme de pse tsc msr pae mce cx8 apic sep mtrr pge mca cmov pat pse36 clflush dts acpi mmx fxsr sse sse2 ss ht tm pbe syscall nx rdtscp lm constant_tsc arch_perfmon pebs bts rep_good nopl xtopology nonstop_tsc aperfmperf eagerfpu pni pclmulqdq dtes64 monitor ds_cpl vmx est tm2 ssse3 cx16 xtpr pdcm pcid sse4_1 sse4_2 x2apic popcnt tsc_deadline_timer aes xsave avx f16c rdrand lahf_lm ida arat epb pln pts dtherm tpr_shadow vnmi flexpriority ept vpid fsgsbase smep erms xsaveopt
bugs		:
bogomips	: 5188.01
clflush size	: 64
cache_alignment	: 64
address sizes	: 36 bits physical, 48 bits virtual
power management:



Memory: 4k page, physical 3863036k(539892k free), swap 4005884k(4005884k free)

vm_info: Java HotSpot(TM) 64-Bit Server VM (25.20-b23) for linux-amd64 JRE (1.8.0_20-b26), built on Jul 30 2014 13:13:52 by "java_re" with gcc 4.3.0 20080428 (Red Hat 4.3.0-8)

time: Mon Nov  9 17:44:35 2015
elapsed time: 792 seconds (0d 0h 13m 12s)

