#
# A fatal error has been detected by the Java Runtime Environment:
#
#  SIGSEGV (0xb) at pc=0x00007f834c000078, pid=12264, tid=140202550957824
#
# JRE version: Java(TM) SE Runtime Environment (8.0_20-b26) (build 1.8.0_20-b26)
# Java VM: Java HotSpot(TM) 64-Bit Server VM (25.20-b23 mixed mode linux-amd64 compressed oops)
# Problematic frame:
# C  0x00007f834c000078
#
# Failed to write core dump. Core dumps have been disabled. To enable core dumping, try "ulimit -c unlimited" before starting Java again
#
# If you would like to submit a bug report, please visit:
#   http://bugreport.sun.com/bugreport/crash.jsp
#

---------------  T H R E A D  ---------------

Current thread (0x00007f838c0ba800):  JavaThread "JDWP Transport Listener: dt_socket" daemon [_thread_in_vm, id=12281, stack(0x00007f83732f1000,0x00007f83733f2000)]

siginfo: si_signo: 11 (SIGSEGV), si_code: 2 (SEGV_ACCERR), si_addr: 0x00007f834c000078

Registers:
RAX=0x00007f834c00c060, RBX=0x00007f834c000088, RCX=0x00007f8392690340, RDX=0x00007f8391c69fe0
RSP=0x00007f83733f0a48, RBP=0x00007f83733f0a60, RSI=0x00007f838c0ba800, RDI=0x00007f834c000088
R8 =0x00007f834c00ab60, R9 =0x0000000000000000, R10=0x0000000000000020, R11=0x00007f8391e2b230
R12=0x0000000000000017, R13=0x00007f834c000098, R14=0x00007f838c0ba800, R15=0x00007f83733f0b67
RIP=0x00007f834c000078, EFLAGS=0x0000000000010202, CSGSFS=0x0000000000000033, ERR=0x0000000000000015
  TRAPNO=0x000000000000000e

Top of Stack: (sp=0x00007f83733f0a48)
0x00007f83733f0a48:   00007f83915851a7 0000000000000074
0x00007f83733f0a58:   00007f838c0036a0 00007f83733f0ad0
0x00007f83733f0a68:   00007f839141a78e 00007f834c00ab60
0x00007f83733f0a78:   00007f83733f0a80 00007f838c0ba800
0x00007f83733f0a88:   0000000000000000 00007f8300000000
0x00007f83733f0a98:   0000000000000000 00007f83733f0ac0
0x00007f83733f0aa8:   00007f83903c6d60 00007f834c000098
0x00007f83733f0ab8:   00007f83733f0b67 0000000000000007
0x00007f83733f0ac8:   00007f83733f0b67 00007f83733f0b00
0x00007f83733f0ad8:   00007f83901b2872 00007f83733f0b00
0x00007f83733f0ae8:   00007f834c000098 00007f83733f0bd0
0x00007f83733f0af8:   0000000000000038 00007f83733f0b90
0x00007f83733f0b08:   00007f8390193a60 00007f83733f0b48
0x00007f83733f0b18:   00007f83733f0b40 00007f83733f0b38
0x00007f83733f0b28:   00007f83733f0b5c 000000014c008570
0x00007f83733f0b38:   0000000000000000 0000000000000000
0x00007f83733f0b48:   0000000000000000 00007f834c007740
0x00007f83733f0b58:   0000000a733f0bd0 0000000000000008
0x00007f83733f0b68:   0000000000000002 000000000000000f
0x00007f83733f0b78:   0000000000000002 00000000000f0200
0x00007f83733f0b88:   000000000000000f 00007f83733f0de0
0x00007f83733f0b98:   00007f839019e976 0001d83600000013
0x00007f83733f0ba8:   00007f83910f0200 00007f8344000fb0
0x00007f83733f0bb8:   0000000000000000 00007f83733f0bd0
0x00007f83733f0bc8:   00007f83733f0d60 00007f834c00be31
0x00007f83733f0bd8:   00007f8300000237 00007f834c00ab80
0x00007f83733f0be8:   000000000000012c 00007f83733f0c20
0x00007f83733f0bf8:   00007f834c00ab80 00007f0000000000
0x00007f83733f0c08:   0001d8360000001c 00007f8300000d80
0x00007f83733f0c18:   00007f83733f0c20 837f000008000000
0x00007f83733f0c28:   06000000985e004c 00003e74696e693c
0x00007f83733f0c38:   0000005629280300 7f00000100000000 

Instructions: (pc=0x00007f834c000078)
0x00007f834c000058:   00 00 00 00 00 00 00 00 00 00 00 00 00 00 00 00
0x00007f834c000068:   00 00 00 00 00 00 00 00 00 00 00 00 00 00 00 00
0x00007f834c000078:   60 d6 00 4c 83 7f 00 00 60 c0 00 4c 83 7f 00 00
0x00007f834c000088:   60 c0 00 4c 83 7f 00 00 60 c0 00 4c 83 7f 00 00 

Register to memory mapping:

RAX=0x00007f834c00c060 is an unknown value
RBX=0x00007f834c000088 is an unknown value
RCX=0x00007f8392690340: <offset 0x219340> in /lib/x86_64-linux-gnu/libpthread.so.0 at 0x00007f8392477000
RDX=0x00007f8391c69fe0: <offset 0xf57fe0> in /home/hijj/software/javaAndroid/jdk/jdk8/jre/lib/amd64/server/libjvm.so at 0x00007f8390d12000
RSP=0x00007f83733f0a48 is pointing into the stack for thread: 0x00007f838c0ba800
RBP=0x00007f83733f0a60 is pointing into the stack for thread: 0x00007f838c0ba800
RSI=0x00007f838c0ba800 is a thread
RDI=0x00007f834c000088 is an unknown value
R8 =0x00007f834c00ab60 is an unknown value
R9 =0x0000000000000000 is an unknown value
R10=0x0000000000000020 is an unknown value
R11=0x00007f8391e2b230: <offset 0x197230> in /lib/x86_64-linux-gnu/libc.so.6 at 0x00007f8391c94000
R12=0x0000000000000017 is an unknown value
R13=0x00007f834c000098 is an unknown value
R14=0x00007f838c0ba800 is a thread
R15=0x00007f83733f0b67 is pointing into the stack for thread: 0x00007f838c0ba800


Stack: [0x00007f83732f1000,0x00007f83733f2000],  sp=0x00007f83733f0a48,  free space=1022k
Native frames: (J=compiled Java code, j=interpreted, Vv=VM code, C=native code)
C  0x00007f834c000078
V  [libjvm.so+0x70878e]  jvmti_IsMethodSynthetic+0x29e
C  [libjdwp.so+0x25872]  isMethodSynthetic+0x42
C  [libjdwp.so+0x6a60]  methods1+0x1b0
C  [libjdwp.so+0x11976]  debugLoop_run+0x2b6
C  [libjdwp.so+0x247af]  attachThread+0x2f
V  [libjvm.so+0x7744f2]  JvmtiAgentThread::call_start_function()+0xc2
V  [libjvm.so+0xa2990f]  JavaThread::thread_main_inner()+0xdf
V  [libjvm.so+0xa29a3c]  JavaThread::run()+0x11c
V  [libjvm.so+0x8e75f8]  java_start(Thread*)+0x108
C  [libpthread.so.0+0x76aa]  start_thread+0xca


---------------  P R O C E S S  ---------------

Java Threads: ( => current thread )
  0x00007f838c0d2800 JavaThread "Service Thread" daemon [_thread_blocked, id=12291, stack(0x00007f8372ceb000,0x00007f8372dec000)]
  0x00007f838c0c5000 JavaThread "C1 CompilerThread2" daemon [_thread_blocked, id=12290, stack(0x00007f8372dec000,0x00007f8372eed000)]
  0x00007f838c0c3000 JavaThread "C2 CompilerThread1" daemon [_thread_blocked, id=12289, stack(0x00007f8372eed000,0x00007f8372fee000)]
  0x00007f838c0c0800 JavaThread "C2 CompilerThread0" daemon [_thread_blocked, id=12288, stack(0x00007f8372fee000,0x00007f83730ef000)]
  0x00007f834c001000 JavaThread "JDWP Command Reader" daemon [_thread_in_native, id=12285, stack(0x00007f83730ef000,0x00007f83731f0000)]
  0x00007f838c0be000 JavaThread "JDWP Event Helper Thread" daemon [_thread_blocked, id=12283, stack(0x00007f83731f0000,0x00007f83732f1000)]
=>0x00007f838c0ba800 JavaThread "JDWP Transport Listener: dt_socket" daemon [_thread_in_vm, id=12281, stack(0x00007f83732f1000,0x00007f83733f2000)]
  0x00007f838c0ad000 JavaThread "Signal Dispatcher" daemon [_thread_blocked, id=12279, stack(0x00007f83735f6000,0x00007f83736f7000)]
  0x00007f838c07f000 JavaThread "Finalizer" daemon [_thread_blocked, id=12278, stack(0x00007f83736f7000,0x00007f83737f8000)]
  0x00007f838c07d000 JavaThread "Reference Handler" daemon [_thread_blocked, id=12277, stack(0x00007f83737f8000,0x00007f83738f9000)]
  0x00007f838c00c000 JavaThread "main" [_thread_blocked, id=12270, stack(0x00007f8392797000,0x00007f8392898000)]

Other Threads:
  0x00007f838c075800 VMThread [stack: 0x00007f83738f9000,0x00007f83739fa000] [id=12276]
  0x00007f838c0d5000 WatcherThread [stack: 0x00007f8372bea000,0x00007f8372ceb000] [id=12292]

VM state:not at safepoint (normal execution)

VM Mutex/Monitor currently owned by a thread: None

Heap:
 PSYoungGen      total 17920K, used 2151K [0x00000000ec580000, 0x00000000ed980000, 0x0000000100000000)
  eden space 15360K, 14% used [0x00000000ec580000,0x00000000ec799fe8,0x00000000ed480000)
  from space 2560K, 0% used [0x00000000ed700000,0x00000000ed700000,0x00000000ed980000)
  to   space 2560K, 0% used [0x00000000ed480000,0x00000000ed480000,0x00000000ed700000)
 ParOldGen       total 40960K, used 0K [0x00000000c5000000, 0x00000000c7800000, 0x00000000ec580000)
  object space 40960K, 0% used [0x00000000c5000000,0x00000000c5000000,0x00000000c7800000)
 Metaspace       used 4046K, capacity 5098K, committed 5376K, reserved 1056768K
  class space    used 418K, capacity 466K, committed 512K, reserved 1048576K

Card table byte_map: [0x00007f837b72b000,0x00007f837b904000] byte_map_base: 0x00007f837b103000

Marking Bits: (ParMarkBitMap*) 0x00007f8391c69ac0
 Begin Bits: [0x00007f83795a7000, 0x00007f837a467000)
 End Bits:   [0x00007f837a467000, 0x00007f837b327000)

Polling page: 0x00007f83928b5000

CodeCache: size=245760Kb used=1218Kb max_used=1218Kb free=244541Kb
 bounds [0x00007f837bcc4000, 0x00007f837bf34000, 0x00007f838acc4000]
 total_blobs=317 nmethods=80 adapters=160
 compilation: enabled

Compilation events (10 events):
Event: 0.221 Thread 0x00007f838c0c5000   76       3       java.util.regex.Pattern::next (33 bytes)
Event: 0.221 Thread 0x00007f838c0c5000 nmethod 76 0x00007f837bdf3890 code [0x00007f837bdf3a20, 0x00007f837bdf3ce8]
Event: 0.221 Thread 0x00007f838c0c5000   78       3       java.util.regex.ASCII::isAscii (13 bytes)
Event: 0.221 Thread 0x00007f838c0c5000 nmethod 78 0x00007f837bdf3e10 code [0x00007f837bdf3f80, 0x00007f837bdf4110]
Event: 0.221 Thread 0x00007f838c0c5000   77       1       java.util.regex.Pattern::flags (5 bytes)
Event: 0.221 Thread 0x00007f838c0c5000 nmethod 77 0x00007f837bdf4190 code [0x00007f837bdf42e0, 0x00007f837bdf43f0]
Event: 4.853 Thread 0x00007f838c0c5000   80       3       java.util.concurrent.ConcurrentHashMap$Node::<init> (26 bytes)
Event: 4.854 Thread 0x00007f838c0c5000 nmethod 80 0x00007f837bdf4450 code [0x00007f837bdf45c0, 0x00007f837bdf47b0]
Event: 4.854 Thread 0x00007f838c0c5000   79       1       java.nio.Buffer::position (5 bytes)
Event: 4.854 Thread 0x00007f838c0c5000 nmethod 79 0x00007f837bdf4890 code [0x00007f837bdf49e0, 0x00007f837bdf4af0]

GC Heap History (0 events):
No events

Deoptimization events (0 events):
No events

Internal exceptions (10 events):
Event: 0.206 Thread 0x00007f838c00c000 Exception <a 'java/security/PrivilegedActionException'> (0x00000000ec72db38) thrown at [/HUDSON/workspace/8-2-build-linux-amd64/jdk8u20/1074/hotspot/src/share/vm/prims/jvm.cpp, line 1275]
Event: 0.207 Thread 0x00007f838c00c000 Exception <a 'java/security/PrivilegedActionException'> (0x00000000ec730558) thrown at [/HUDSON/workspace/8-2-build-linux-amd64/jdk8u20/1074/hotspot/src/share/vm/prims/jvm.cpp, line 1275]
Event: 0.207 Thread 0x00007f838c00c000 Exception <a 'java/security/PrivilegedActionException'> (0x00000000ec7318f8) thrown at [/HUDSON/workspace/8-2-build-linux-amd64/jdk8u20/1074/hotspot/src/share/vm/prims/jvm.cpp, line 1275]
Event: 0.213 Thread 0x00007f838c00c000 Exception <a 'java/security/PrivilegedActionException'> (0x00000000ec745698) thrown at [/HUDSON/workspace/8-2-build-linux-amd64/jdk8u20/1074/hotspot/src/share/vm/prims/jvm.cpp, line 1275]
Event: 0.213 Thread 0x00007f838c00c000 Exception <a 'java/security/PrivilegedActionException'> (0x00000000ec746b30) thrown at [/HUDSON/workspace/8-2-build-linux-amd64/jdk8u20/1074/hotspot/src/share/vm/prims/jvm.cpp, line 1275]
Event: 0.214 Thread 0x00007f838c00c000 Exception <a 'java/security/PrivilegedActionException'> (0x00000000ec7540b8) thrown at [/HUDSON/workspace/8-2-build-linux-amd64/jdk8u20/1074/hotspot/src/share/vm/prims/jvm.cpp, line 1275]
Event: 0.214 Thread 0x00007f838c00c000 Exception <a 'java/security/PrivilegedActionException'> (0x00000000ec755778) thrown at [/HUDSON/workspace/8-2-build-linux-amd64/jdk8u20/1074/hotspot/src/share/vm/prims/jvm.cpp, line 1275]
Event: 0.215 Thread 0x00007f838c00c000 Exception <a 'java/security/PrivilegedActionException'> (0x00000000ec757e18) thrown at [/HUDSON/workspace/8-2-build-linux-amd64/jdk8u20/1074/hotspot/src/share/vm/prims/jvm.cpp, line 1275]
Event: 0.215 Thread 0x00007f838c00c000 Exception <a 'java/security/PrivilegedActionException'> (0x00000000ec7594f8) thrown at [/HUDSON/workspace/8-2-build-linux-amd64/jdk8u20/1074/hotspot/src/share/vm/prims/jvm.cpp, line 1275]
Event: 4.853 Thread 0x00007f838c00c000 Exception <a 'java/security/PrivilegedActionException'> (0x00000000ec772510) thrown at [/HUDSON/workspace/8-2-build-linux-amd64/jdk8u20/1074/hotspot/src/share/vm/prims/jvm.cpp, line 1275]

Events (10 events):
Event: 1964.173 Executing VM operation: ChangeBreakpoints
Event: 1964.173 Executing VM operation: ChangeBreakpoints done
Event: 1964.175 Executing VM operation: ChangeBreakpoints
Event: 1964.175 Executing VM operation: ChangeBreakpoints done
Event: 1964.177 Executing VM operation: ChangeBreakpoints
Event: 1964.177 Executing VM operation: ChangeBreakpoints done
Event: 1964.177 Executing VM operation: ChangeBreakpoints
Event: 1964.177 Executing VM operation: ChangeBreakpoints done
Event: 2764.107 Executing VM operation: RedefineClasses
Event: 2764.108 Executing VM operation: RedefineClasses done


Dynamic libraries:
00400000-00401000 r-xp 00000000 08:08 2622385                            /home/hijj/software/javaAndroid/jdk/jdk8/bin/java
00600000-00601000 rw-p 00000000 08:08 2622385                            /home/hijj/software/javaAndroid/jdk/jdk8/bin/java
00ef0000-00f11000 rw-p 00000000 00:00 0                                  [heap]
c5000000-c7800000 rw-p 00000000 00:00 0 
c7800000-ec580000 ---p 00000000 00:00 0 
ec580000-ed980000 rw-p 00000000 00:00 0 
ed980000-100000000 ---p 00000000 00:00 0 
100000000-100080000 rw-p 00000000 00:00 0 
100080000-140000000 ---p 00000000 00:00 0 
7f8334000000-7f8334021000 rw-p 00000000 00:00 0 
7f8334021000-7f8338000000 ---p 00000000 00:00 0 
7f8338000000-7f8338021000 rw-p 00000000 00:00 0 
7f8338021000-7f833c000000 ---p 00000000 00:00 0 
7f833c000000-7f833c021000 rw-p 00000000 00:00 0 
7f833c021000-7f8340000000 ---p 00000000 00:00 0 
7f8340000000-7f834007c000 rw-p 00000000 00:00 0 
7f834007c000-7f8344000000 ---p 00000000 00:00 0 
7f8344000000-7f8344021000 rw-p 00000000 00:00 0 
7f8344021000-7f8348000000 ---p 00000000 00:00 0 
7f8348000000-7f8348076000 rw-p 00000000 00:00 0 
7f8348076000-7f834c000000 ---p 00000000 00:00 0 
7f834c000000-7f834c026000 rw-p 00000000 00:00 0 
7f834c026000-7f8350000000 ---p 00000000 00:00 0 
7f8350000000-7f8350021000 rw-p 00000000 00:00 0 
7f8350021000-7f8354000000 ---p 00000000 00:00 0 
7f8354000000-7f8354021000 rw-p 00000000 00:00 0 
7f8354021000-7f8358000000 ---p 00000000 00:00 0 
7f8358000000-7f8358021000 rw-p 00000000 00:00 0 
7f8358021000-7f835c000000 ---p 00000000 00:00 0 
7f835c000000-7f835c021000 rw-p 00000000 00:00 0 
7f835c021000-7f8360000000 ---p 00000000 00:00 0 
7f8360000000-7f8360021000 rw-p 00000000 00:00 0 
7f8360021000-7f8364000000 ---p 00000000 00:00 0 
7f8364000000-7f8364021000 rw-p 00000000 00:00 0 
7f8364021000-7f8368000000 ---p 00000000 00:00 0 
7f8368000000-7f8368021000 rw-p 00000000 00:00 0 
7f8368021000-7f836c000000 ---p 00000000 00:00 0 
7f836c000000-7f836c021000 rw-p 00000000 00:00 0 
7f836c021000-7f8370000000 ---p 00000000 00:00 0 
7f8372959000-7f8372bce000 rw-p 00000000 00:00 0 
7f8372bce000-7f8372bea000 r--s 00393000 08:08 2628860                    /home/hijj/software/javaAndroid/jdk/jdk8/jre/lib/ext/cldrdata.jar
7f8372bea000-7f8372beb000 ---p 00000000 00:00 0 
7f8372beb000-7f8372ceb000 rw-p 00000000 00:00 0                          [stack:12292]
7f8372ceb000-7f8372cee000 ---p 00000000 00:00 0 
7f8372cee000-7f8372dec000 rw-p 00000000 00:00 0                          [stack:12291]
7f8372dec000-7f8372def000 ---p 00000000 00:00 0 
7f8372def000-7f8372eed000 rw-p 00000000 00:00 0                          [stack:12290]
7f8372eed000-7f8372ef0000 ---p 00000000 00:00 0 
7f8372ef0000-7f8372fee000 rw-p 00000000 00:00 0                          [stack:12289]
7f8372fee000-7f8372ff1000 ---p 00000000 00:00 0 
7f8372ff1000-7f83730ef000 rw-p 00000000 00:00 0                          [stack:12288]
7f83730ef000-7f83730f2000 ---p 00000000 00:00 0 
7f83730f2000-7f83731f0000 rw-p 00000000 00:00 0                          [stack:12285]
7f83731f0000-7f83731f3000 ---p 00000000 00:00 0 
7f83731f3000-7f83732f1000 rw-p 00000000 00:00 0                          [stack:12283]
7f83732f1000-7f83732f4000 ---p 00000000 00:00 0 
7f83732f4000-7f83733f2000 rw-p 00000000 00:00 0                          [stack:12281]
7f83733f2000-7f83733f6000 r-xp 00000000 08:08 2628974                    /home/hijj/software/javaAndroid/jdk/jdk8/jre/lib/amd64/libdt_socket.so
7f83733f6000-7f83735f5000 ---p 00004000 08:08 2628974                    /home/hijj/software/javaAndroid/jdk/jdk8/jre/lib/amd64/libdt_socket.so
7f83735f5000-7f83735f6000 rw-p 00003000 08:08 2628974                    /home/hijj/software/javaAndroid/jdk/jdk8/jre/lib/amd64/libdt_socket.so
7f83735f6000-7f83735f9000 ---p 00000000 00:00 0 
7f83735f9000-7f83736f7000 rw-p 00000000 00:00 0                          [stack:12279]
7f83736f7000-7f83736fa000 ---p 00000000 00:00 0 
7f83736fa000-7f83737f8000 rw-p 00000000 00:00 0                          [stack:12278]
7f83737f8000-7f83737fb000 ---p 00000000 00:00 0 
7f83737fb000-7f83738f9000 rw-p 00000000 00:00 0                          [stack:12277]
7f83738f9000-7f83738fa000 ---p 00000000 00:00 0 
7f83738fa000-7f8374000000 rw-p 00000000 00:00 0                          [stack:12276]
7f8374000000-7f8374021000 rw-p 00000000 00:00 0 
7f8374021000-7f8378000000 ---p 00000000 00:00 0 
7f8378004000-7f8378017000 r--s 00344000 08:08 2628842                    /home/hijj/software/javaAndroid/jdk/jdk8/jre/lib/resources.jar
7f8378017000-7f8378983000 rw-p 00000000 00:00 0 
7f8378983000-7f8378b59000 r--s 03ca8000 08:08 2628807                    /home/hijj/software/javaAndroid/jdk/jdk8/jre/lib/rt.jar
7f8378b59000-7f837908f000 rw-p 00000000 00:00 0 
7f837908f000-7f83793cf000 ---p 00000000 00:00 0 
7f83793cf000-7f837b327000 rw-p 00000000 00:00 0 
7f837b327000-7f837b328000 ---p 00000000 00:00 0 
7f837b328000-7f837b428000 rw-p 00000000 00:00 0                          [stack:12274]
7f837b428000-7f837b429000 ---p 00000000 00:00 0 
7f837b429000-7f837b529000 rw-p 00000000 00:00 0                          [stack:12273]
7f837b529000-7f837b52a000 ---p 00000000 00:00 0 
7f837b52a000-7f837b62a000 rw-p 00000000 00:00 0                          [stack:12272]
7f837b62a000-7f837b62b000 ---p 00000000 00:00 0 
7f837b62b000-7f837b73f000 rw-p 00000000 00:00 0                          [stack:12271]
7f837b73f000-7f837b865000 ---p 00000000 00:00 0 
7f837b865000-7f837b870000 rw-p 00000000 00:00 0 
7f837b870000-7f837b903000 ---p 00000000 00:00 0 
7f837b903000-7f837b90e000 rw-p 00000000 00:00 0 
7f837b90e000-7f837bcc4000 ---p 00000000 00:00 0 
7f837bcc4000-7f837bf34000 rwxp 00000000 00:00 0 
7f837bf34000-7f838acc4000 ---p 00000000 00:00 0 
7f838acc4000-7f838acde000 r-xp 00000000 08:08 2629001                    /home/hijj/software/javaAndroid/jdk/jdk8/jre/lib/amd64/libzip.so
7f838acde000-7f838aede000 ---p 0001a000 08:08 2629001                    /home/hijj/software/javaAndroid/jdk/jdk8/jre/lib/amd64/libzip.so
7f838aede000-7f838aedf000 rw-p 0001a000 08:08 2629001                    /home/hijj/software/javaAndroid/jdk/jdk8/jre/lib/amd64/libzip.so
7f838aedf000-7f838aeeb000 r-xp 00000000 08:08 5771539                    /lib/x86_64-linux-gnu/libnss_files-2.21.so
7f838aeeb000-7f838b0ea000 ---p 0000c000 08:08 5771539                    /lib/x86_64-linux-gnu/libnss_files-2.21.so
7f838b0ea000-7f838b0eb000 r--p 0000b000 08:08 5771539                    /lib/x86_64-linux-gnu/libnss_files-2.21.so
7f838b0eb000-7f838b0ec000 rw-p 0000c000 08:08 5771539                    /lib/x86_64-linux-gnu/libnss_files-2.21.so
7f838b0ec000-7f838b0f7000 r-xp 00000000 08:08 5771549                    /lib/x86_64-linux-gnu/libnss_nis-2.21.so
7f838b0f7000-7f838b2f6000 ---p 0000b000 08:08 5771549                    /lib/x86_64-linux-gnu/libnss_nis-2.21.so
7f838b2f6000-7f838b2f7000 r--p 0000a000 08:08 5771549                    /lib/x86_64-linux-gnu/libnss_nis-2.21.so
7f838b2f7000-7f838b2f8000 rw-p 0000b000 08:08 5771549                    /lib/x86_64-linux-gnu/libnss_nis-2.21.so
7f838b2f8000-7f838b30f000 r-xp 00000000 08:08 5771533                    /lib/x86_64-linux-gnu/libnsl-2.21.so
7f838b30f000-7f838b50e000 ---p 00017000 08:08 5771533                    /lib/x86_64-linux-gnu/libnsl-2.21.so
7f838b50e000-7f838b50f000 r--p 00016000 08:08 5771533                    /lib/x86_64-linux-gnu/libnsl-2.21.so
7f838b50f000-7f838b510000 rw-p 00017000 08:08 5771533                    /lib/x86_64-linux-gnu/libnsl-2.21.so
7f838b510000-7f838b512000 rw-p 00000000 00:00 0 
7f838b512000-7f838b51a000 r-xp 00000000 08:08 5771535                    /lib/x86_64-linux-gnu/libnss_compat-2.21.so
7f838b51a000-7f838b719000 ---p 00008000 08:08 5771535                    /lib/x86_64-linux-gnu/libnss_compat-2.21.so
7f838b719000-7f838b71a000 r--p 00007000 08:08 5771535                    /lib/x86_64-linux-gnu/libnss_compat-2.21.so
7f838b71a000-7f838b71b000 rw-p 00008000 08:08 5771535                    /lib/x86_64-linux-gnu/libnss_compat-2.21.so
7f838b71b000-7f838bdfd000 r--p 00000000 08:08 4070784                    /usr/lib/locale/locale-archive
7f838bdfd000-7f838bdff000 r-xp 00000000 08:08 2628975                    /home/hijj/software/javaAndroid/jdk/jdk8/jre/lib/amd64/libnpt.so
7f838bdff000-7f838bfff000 ---p 00002000 08:08 2628975                    /home/hijj/software/javaAndroid/jdk/jdk8/jre/lib/amd64/libnpt.so
7f838bfff000-7f838c000000 rw-p 00002000 08:08 2628975                    /home/hijj/software/javaAndroid/jdk/jdk8/jre/lib/amd64/libnpt.so
7f838c000000-7f838c178000 rw-p 00000000 00:00 0 
7f838c178000-7f8390000000 ---p 00000000 00:00 0 
7f8390003000-7f8390066000 rw-p 00000000 00:00 0 
7f8390066000-7f839018d000 ---p 00000000 00:00 0 
7f839018d000-7f83901c6000 r-xp 00000000 08:08 2628992                    /home/hijj/software/javaAndroid/jdk/jdk8/jre/lib/amd64/libjdwp.so
7f83901c6000-7f83903c5000 ---p 00039000 08:08 2628992                    /home/hijj/software/javaAndroid/jdk/jdk8/jre/lib/amd64/libjdwp.so
7f83903c5000-7f83903c7000 rw-p 00038000 08:08 2628992                    /home/hijj/software/javaAndroid/jdk/jdk8/jre/lib/amd64/libjdwp.so
7f83903c7000-7f83903f1000 r-xp 00000000 08:08 2628996                    /home/hijj/software/javaAndroid/jdk/jdk8/jre/lib/amd64/libjava.so
7f83903f1000-7f83905f1000 ---p 0002a000 08:08 2628996                    /home/hijj/software/javaAndroid/jdk/jdk8/jre/lib/amd64/libjava.so
7f83905f1000-7f83905f3000 rw-p 0002a000 08:08 2628996                    /home/hijj/software/javaAndroid/jdk/jdk8/jre/lib/amd64/libjava.so
7f83905f3000-7f8390600000 r-xp 00000000 08:08 2629000                    /home/hijj/software/javaAndroid/jdk/jdk8/jre/lib/amd64/libverify.so
7f8390600000-7f8390800000 ---p 0000d000 08:08 2629000                    /home/hijj/software/javaAndroid/jdk/jdk8/jre/lib/amd64/libverify.so
7f8390800000-7f8390802000 rw-p 0000d000 08:08 2629000                    /home/hijj/software/javaAndroid/jdk/jdk8/jre/lib/amd64/libverify.so
7f8390802000-7f8390809000 r-xp 00000000 08:08 5771594                    /lib/x86_64-linux-gnu/librt-2.21.so
7f8390809000-7f8390a08000 ---p 00007000 08:08 5771594                    /lib/x86_64-linux-gnu/librt-2.21.so
7f8390a08000-7f8390a09000 r--p 00006000 08:08 5771594                    /lib/x86_64-linux-gnu/librt-2.21.so
7f8390a09000-7f8390a0a000 rw-p 00007000 08:08 5771594                    /lib/x86_64-linux-gnu/librt-2.21.so
7f8390a0a000-7f8390b11000 r-xp 00000000 08:08 5771512                    /lib/x86_64-linux-gnu/libm-2.21.so
7f8390b11000-7f8390d10000 ---p 00107000 08:08 5771512                    /lib/x86_64-linux-gnu/libm-2.21.so
7f8390d10000-7f8390d11000 r--p 00106000 08:08 5771512                    /lib/x86_64-linux-gnu/libm-2.21.so
7f8390d11000-7f8390d12000 rw-p 00107000 08:08 5771512                    /lib/x86_64-linux-gnu/libm-2.21.so
7f8390d12000-7f839197c000 r-xp 00000000 08:08 2628982                    /home/hijj/software/javaAndroid/jdk/jdk8/jre/lib/amd64/server/libjvm.so
7f839197c000-7f8391b7b000 ---p 00c6a000 08:08 2628982                    /home/hijj/software/javaAndroid/jdk/jdk8/jre/lib/amd64/server/libjvm.so
7f8391b7b000-7f8391c52000 rw-p 00c69000 08:08 2628982                    /home/hijj/software/javaAndroid/jdk/jdk8/jre/lib/amd64/server/libjvm.so
7f8391c52000-7f8391c94000 rw-p 00000000 00:00 0 
7f8391c94000-7f8391e54000 r-xp 00000000 08:08 5771453                    /lib/x86_64-linux-gnu/libc-2.21.so
7f8391e54000-7f8392054000 ---p 001c0000 08:08 5771453                    /lib/x86_64-linux-gnu/libc-2.21.so
7f8392054000-7f8392058000 r--p 001c0000 08:08 5771453                    /lib/x86_64-linux-gnu/libc-2.21.so
7f8392058000-7f839205a000 rw-p 001c4000 08:08 5771453                    /lib/x86_64-linux-gnu/libc-2.21.so
7f839205a000-7f839205e000 rw-p 00000000 00:00 0 
7f839205e000-7f8392061000 r-xp 00000000 08:08 5771470                    /lib/x86_64-linux-gnu/libdl-2.21.so
7f8392061000-7f8392260000 ---p 00003000 08:08 5771470                    /lib/x86_64-linux-gnu/libdl-2.21.so
7f8392260000-7f8392261000 r--p 00002000 08:08 5771470                    /lib/x86_64-linux-gnu/libdl-2.21.so
7f8392261000-7f8392262000 rw-p 00003000 08:08 5771470                    /lib/x86_64-linux-gnu/libdl-2.21.so
7f8392262000-7f8392277000 r-xp 00000000 08:08 2628623                    /home/hijj/software/javaAndroid/jdk/jdk8/lib/amd64/jli/libjli.so
7f8392277000-7f8392476000 ---p 00015000 08:08 2628623                    /home/hijj/software/javaAndroid/jdk/jdk8/lib/amd64/jli/libjli.so
7f8392476000-7f8392477000 rw-p 00014000 08:08 2628623                    /home/hijj/software/javaAndroid/jdk/jdk8/lib/amd64/jli/libjli.so
7f8392477000-7f839248f000 r-xp 00000000 08:08 5771586                    /lib/x86_64-linux-gnu/libpthread-2.21.so
7f839248f000-7f839268f000 ---p 00018000 08:08 5771586                    /lib/x86_64-linux-gnu/libpthread-2.21.so
7f839268f000-7f8392690000 r--p 00018000 08:08 5771586                    /lib/x86_64-linux-gnu/libpthread-2.21.so
7f8392690000-7f8392691000 rw-p 00019000 08:08 5771586                    /lib/x86_64-linux-gnu/libpthread-2.21.so
7f8392691000-7f8392695000 rw-p 00000000 00:00 0 
7f8392695000-7f83926b9000 r-xp 00000000 08:08 5771425                    /lib/x86_64-linux-gnu/ld-2.21.so
7f83926bf000-7f8392797000 rw-p 00000000 00:00 0 
7f8392797000-7f839279a000 ---p 00000000 00:00 0 
7f839279a000-7f839289c000 rw-p 00000000 00:00 0                          [stack:12270]
7f839289f000-7f83928a2000 rw-p 00000000 00:00 0 
7f83928a2000-7f83928ac000 r--s 00116000 08:08 2628866                    /home/hijj/software/javaAndroid/jdk/jdk8/jre/lib/ext/localedata.jar
7f83928ac000-7f83928b4000 rw-s 00000000 08:08 1574303                    /tmp/hsperfdata_hijj/12264
7f83928b4000-7f83928b5000 rw-p 00000000 00:00 0 
7f83928b5000-7f83928b6000 r--p 00000000 00:00 0 
7f83928b6000-7f83928b8000 rw-p 00000000 00:00 0 
7f83928b8000-7f83928b9000 r--p 00023000 08:08 5771425                    /lib/x86_64-linux-gnu/ld-2.21.so
7f83928b9000-7f83928ba000 rw-p 00024000 08:08 5771425                    /lib/x86_64-linux-gnu/ld-2.21.so
7f83928ba000-7f83928bb000 rw-p 00000000 00:00 0 
7fff3c088000-7fff3c0a9000 rw-p 00000000 00:00 0                          [stack]
7fff3c1d4000-7fff3c1d6000 r--p 00000000 00:00 0                          [vvar]
7fff3c1d6000-7fff3c1d8000 r-xp 00000000 00:00 0                          [vdso]
ffffffffff600000-ffffffffff601000 r-xp 00000000 00:00 0                  [vsyscall]

VM Arguments:
jvm_args: -agentlib:jdwp=transport=dt_socket,suspend=y,address=localhost:52768 -Dfile.encoding=UTF-8 
java_command: learning.ks8.MainTest
java_class_path (initial): /media/hijj/娱乐/github/repositories/ACM/Java/bin
Launcher Type: SUN_STANDARD

Environment Variables:
JAVA_HOME=/home/hijj/software/javaAndroid/jdk/jdk8
JRE_HOME=/home/hijj/software/javaAndroid/jdk/jdk8/jre
CLASSPATH=.:/home/hijj/software/javaAndroid/jdk/jdk8/lib:/home/hijj/software/javaAndroid/jdk/jdk8/jre/lib:.:$JAVA_HOME/lib:$JAVA_HOME/jre/lib
PATH=/home/hijj/software/javaAndroid/sdk/android-sdk-linux/tools:/home/hijj/software/javaAndroid/sdk/android-sdk-linux/platform-tools:/home/hijj/software/javaAndroid/jdk/jdk8/bin:/home/hijj/software/javaAndroid/jdk/jdk8/jre/bin:/usr/local/sbin:/usr/local/bin:/usr/sbin:/usr/bin:/sbin:/bin:/usr/games:/usr/local/games:$JAVA_HOME/bin:$ANDROID_PATH/tools:$ANDROID_PATH/platform-tools
SHELL=/bin/bash
DISPLAY=:0

Signal Handlers:
SIGSEGV: [libjvm.so+0xa77530], sa_mask[0]=11111111011111111101111111111110, sa_flags=SA_RESTART|SA_SIGINFO
SIGBUS: [libjvm.so+0xa77530], sa_mask[0]=11111111011111111101111111111110, sa_flags=SA_RESTART|SA_SIGINFO
SIGFPE: [libjvm.so+0x8e1d90], sa_mask[0]=11111111011111111101111111111110, sa_flags=SA_RESTART|SA_SIGINFO
SIGPIPE: [libjvm.so+0x8e1d90], sa_mask[0]=11111111011111111101111111111110, sa_flags=SA_RESTART|SA_SIGINFO
SIGXFSZ: [libjvm.so+0x8e1d90], sa_mask[0]=11111111011111111101111111111110, sa_flags=SA_RESTART|SA_SIGINFO
SIGILL: [libjvm.so+0x8e1d90], sa_mask[0]=11111111011111111101111111111110, sa_flags=SA_RESTART|SA_SIGINFO
SIGUSR1: SIG_DFL, sa_mask[0]=00000000000000000000000000000000, sa_flags=none
SIGUSR2: [libjvm.so+0x8e35c0], sa_mask[0]=00100000000000000000000000000000, sa_flags=SA_RESTART|SA_SIGINFO
SIGHUP: [libjvm.so+0x8e4980], sa_mask[0]=11111111011111111101111111111110, sa_flags=SA_RESTART|SA_SIGINFO
SIGINT: [libjvm.so+0x8e4980], sa_mask[0]=11111111011111111101111111111110, sa_flags=SA_RESTART|SA_SIGINFO
SIGTERM: [libjvm.so+0x8e4980], sa_mask[0]=11111111011111111101111111111110, sa_flags=SA_RESTART|SA_SIGINFO
SIGQUIT: [libjvm.so+0x8e4980], sa_mask[0]=11111111011111111101111111111110, sa_flags=SA_RESTART|SA_SIGINFO


---------------  S Y S T E M  ---------------

OS:DISTRIB_ID=Ubuntu
DISTRIB_RELEASE=15.04
DISTRIB_CODENAME=vivid
DISTRIB_DESCRIPTION="Ubuntu 15.04"

uname:Linux 3.19.0-30-generic #34-Ubuntu SMP Fri Oct 2 22:08:41 UTC 2015 x86_64
libc:glibc 2.21 NPTL 2.21 
rlimit: STACK 8192k, CORE 0k, NPROC 15002, NOFILE 65536, AS infinity
load average:0.09 0.13 0.31

/proc/meminfo:
MemTotal:        3863036 kB
MemFree:          540916 kB
MemAvailable:     978380 kB
Buffers:           63640 kB
Cached:           779240 kB
SwapCached:        42520 kB
Active:          1801088 kB
Inactive:        1254984 kB
Active(anon):    1500892 kB
Inactive(anon):   985420 kB
Active(file):     300196 kB
Inactive(file):   269564 kB
Unevictable:          48 kB
Mlocked:              48 kB
SwapTotal:       4005884 kB
SwapFree:        3440932 kB
Dirty:              1448 kB
Writeback:             0 kB
AnonPages:       2187460 kB
Mapped:           219016 kB
Shmem:            273072 kB
Slab:             121232 kB
SReclaimable:      73292 kB
SUnreclaim:        47940 kB
KernelStack:       36320 kB
PageTables:        52056 kB
NFS_Unstable:          0 kB
Bounce:                0 kB
WritebackTmp:          0 kB
CommitLimit:     5937400 kB
Committed_AS:   15177168 kB
VmallocTotal:   34359738367 kB
VmallocUsed:      378088 kB
VmallocChunk:   34359320912 kB
HardwareCorrupted:     0 kB
AnonHugePages:   1155072 kB
CmaTotal:              0 kB
CmaFree:               0 kB
HugePages_Total:       0
HugePages_Free:        0
HugePages_Rsvd:        0
HugePages_Surp:        0
Hugepagesize:       2048 kB
DirectMap4k:      185084 kB
DirectMap2M:     3823616 kB


CPU:total 4 (2 cores per cpu, 2 threads per core) family 6 model 58 stepping 9, cmov, cx8, fxsr, mmx, sse, sse2, sse3, ssse3, sse4.1, sse4.2, popcnt, avx, aes, clmul, erms, ht, tsc, tscinvbit, tscinv

/proc/cpuinfo:
processor	: 0
vendor_id	: GenuineIntel
cpu family	: 6
model		: 58
model name	: Intel(R) Core(TM) i5-3230M CPU @ 2.60GHz
stepping	: 9
microcode	: 0x17
cpu MHz		: 2999.953
cache size	: 3072 KB
physical id	: 0
siblings	: 4
core id		: 0
cpu cores	: 2
apicid		: 0
initial apicid	: 0
fpu		: yes
fpu_exception	: yes
cpuid level	: 13
wp		: yes
flags		: fpu vme de pse tsc msr pae mce cx8 apic sep mtrr pge mca cmov pat pse36 clflush dts acpi mmx fxsr sse sse2 ss ht tm pbe syscall nx rdtscp lm constant_tsc arch_perfmon pebs bts rep_good nopl xtopology nonstop_tsc aperfmperf eagerfpu pni pclmulqdq dtes64 monitor ds_cpl vmx est tm2 ssse3 cx16 xtpr pdcm pcid sse4_1 sse4_2 x2apic popcnt tsc_deadline_timer aes xsave avx f16c rdrand lahf_lm ida arat epb pln pts dtherm tpr_shadow vnmi flexpriority ept vpid fsgsbase smep erms xsaveopt
bugs		:
bogomips	: 5188.00
clflush size	: 64
cache_alignment	: 64
address sizes	: 36 bits physical, 48 bits virtual
power management:

processor	: 1
vendor_id	: GenuineIntel
cpu family	: 6
model		: 58
model name	: Intel(R) Core(TM) i5-3230M CPU @ 2.60GHz
stepping	: 9
microcode	: 0x17
cpu MHz		: 2999.953
cache size	: 3072 KB
physical id	: 0
siblings	: 4
core id		: 0
cpu cores	: 2
apicid		: 1
initial apicid	: 1
fpu		: yes
fpu_exception	: yes
cpuid level	: 13
wp		: yes
flags		: fpu vme de pse tsc msr pae mce cx8 apic sep mtrr pge mca cmov pat pse36 clflush dts acpi mmx fxsr sse sse2 ss ht tm pbe syscall nx rdtscp lm constant_tsc arch_perfmon pebs bts rep_good nopl xtopology nonstop_tsc aperfmperf eagerfpu pni pclmulqdq dtes64 monitor ds_cpl vmx est tm2 ssse3 cx16 xtpr pdcm pcid sse4_1 sse4_2 x2apic popcnt tsc_deadline_timer aes xsave avx f16c rdrand lahf_lm ida arat epb pln pts dtherm tpr_shadow vnmi flexpriority ept vpid fsgsbase smep erms xsaveopt
bugs		:
bogomips	: 5188.00
clflush size	: 64
cache_alignment	: 64
address sizes	: 36 bits physical, 48 bits virtual
power management:

processor	: 2
vendor_id	: GenuineIntel
cpu family	: 6
model		: 58
model name	: Intel(R) Core(TM) i5-3230M CPU @ 2.60GHz
stepping	: 9
microcode	: 0x17
cpu MHz		: 2999.953
cache size	: 3072 KB
physical id	: 0
siblings	: 4
core id		: 1
cpu cores	: 2
apicid		: 2
initial apicid	: 2
fpu		: yes
fpu_exception	: yes
cpuid level	: 13
wp		: yes
flags		: fpu vme de pse tsc msr pae mce cx8 apic sep mtrr pge mca cmov pat pse36 clflush dts acpi mmx fxsr sse sse2 ss ht tm pbe syscall nx rdtscp lm constant_tsc arch_perfmon pebs bts rep_good nopl xtopology nonstop_tsc aperfmperf eagerfpu pni pclmulqdq dtes64 monitor ds_cpl vmx est tm2 ssse3 cx16 xtpr pdcm pcid sse4_1 sse4_2 x2apic popcnt tsc_deadline_timer aes xsave avx f16c rdrand lahf_lm ida arat epb pln pts dtherm tpr_shadow vnmi flexpriority ept vpid fsgsbase smep erms xsaveopt
bugs		:
bogomips	: 5188.00
clflush size	: 64
cache_alignment	: 64
address sizes	: 36 bits physical, 48 bits virtual
power management:

processor	: 3
vendor_id	: GenuineIntel
cpu family	: 6
model		: 58
model name	: Intel(R) Core(TM) i5-3230M CPU @ 2.60GHz
stepping	: 9
microcode	: 0x17
cpu MHz		: 3042.101
cache size	: 3072 KB
physical id	: 0
siblings	: 4
core id		: 1
cpu cores	: 2
apicid		: 3
initial apicid	: 3
fpu		: yes
fpu_exception	: yes
cpuid level	: 13
wp		: yes
flags		: fpu vme de pse tsc msr pae mce cx8 apic sep mtrr pge mca cmov pat pse36 clflush dts acpi mmx fxsr sse sse2 ss ht tm pbe syscall nx rdtscp lm constant_tsc arch_perfmon pebs bts rep_good nopl xtopology nonstop_tsc aperfmperf eagerfpu pni pclmulqdq dtes64 monitor ds_cpl vmx est tm2 ssse3 cx16 xtpr pdcm pcid sse4_1 sse4_2 x2apic popcnt tsc_deadline_timer aes xsave avx f16c rdrand lahf_lm ida arat epb pln pts dtherm tpr_shadow vnmi flexpriority ept vpid fsgsbase smep erms xsaveopt
bugs		:
bogomips	: 5188.00
clflush size	: 64
cache_alignment	: 64
address sizes	: 36 bits physical, 48 bits virtual
power management:



Memory: 4k page, physical 3863036k(540916k free), swap 4005884k(3440932k free)

vm_info: Java HotSpot(TM) 64-Bit Server VM (25.20-b23) for linux-amd64 JRE (1.8.0_20-b26), built on Jul 30 2014 13:13:52 by "java_re" with gcc 4.3.0 20080428 (Red Hat 4.3.0-8)

time: Thu Oct 22 00:10:21 2015
elapsed time: 2764 seconds (0d 0h 46m 4s)

